ARM GAS  C:\Users\Reza\AppData\Local\Temp\ccRg6zzu.s 			page 1


   1              		.syntax unified
   2              		.cpu cortex-m3
   3              		.fpu softvfp
   4              		.eabi_attribute 20, 1
   5              		.eabi_attribute 21, 1
   6              		.eabi_attribute 23, 3
   7              		.eabi_attribute 24, 1
   8              		.eabi_attribute 25, 1
   9              		.eabi_attribute 26, 1
  10              		.eabi_attribute 30, 1
  11              		.eabi_attribute 34, 1
  12              		.eabi_attribute 18, 4
  13              		.thumb
  14              		.syntax unified
  15              		.file	"blinker.c"
  16              		.text
  17              	.Ltext0:
  18              		.cfi_sections	.debug_frame
  19              		.section	.text.BLINKER_Init,"ax",%progbits
  20              		.align	2
  21              		.global	BLINKER_Init
  22              		.thumb
  23              		.thumb_func
  24              		.type	BLINKER_Init, %function
  25              	BLINKER_Init:
  26              	.LFB110:
  27              		.file 1 "source\\asw\\blinker.c"
   1:source\asw/blinker.c **** /**
   2:source\asw/blinker.c **** * \file <filename>
   3:source\asw/blinker.c **** * \author <author-name>
   4:source\asw/blinker.c **** * \date <date>
   5:source\asw/blinker.c **** *
   6:source\asw/blinker.c **** * \brief <Symbolic File name>
   7:source\asw/blinker.c **** *
   8:source\asw/blinker.c **** * \copyright Copyright ©2016
   9:source\asw/blinker.c **** * Department of electrical engineering and information technology, Hochschule Darmstadt - Universit
  10:source\asw/blinker.c **** * Permission to use, copy, modify, and distribute this software and its documentation for education
  11:source\asw/blinker.c **** * (unless permitted by h_da) and official h_da projects, is hereby granted for enrolled students of
  12:source\asw/blinker.c **** * this paragraph and the following paragraph appear in all copies, modifications, and distributions
  13:source\asw/blinker.c **** * Contact Prof.Dr.-Ing. Peter Fromm, peter.fromm@h-da.de, Birkenweg 8 64295 Darmstadt - GERMANY for
  14:source\asw/blinker.c **** *
  15:source\asw/blinker.c **** * \warning This software is a PROTOTYPE version and is not designed or intended for use in producti
  16:source\asw/blinker.c **** * The user represents and warrants that it will NOT use or redistribute the Software for such purpo
  17:source\asw/blinker.c **** * This prototype is for research purposes only. This software is provided "AS IS," without a warran
  18:source\asw/blinker.c **** */
  19:source\asw/blinker.c **** 
  20:source\asw/blinker.c **** /*****************************************************************************/
  21:source\asw/blinker.c **** /* Include files                                                             */
  22:source\asw/blinker.c **** /*****************************************************************************/
  23:source\asw/blinker.c **** #include "blinker.h"
  24:source\asw/blinker.c **** 
  25:source\asw/blinker.c **** #include "seven.h"
  26:source\asw/blinker.c **** #include "led.h"
  27:source\asw/blinker.c **** 
  28:source\asw/blinker.c **** /*****************************************************************************/
  29:source\asw/blinker.c **** /* Local pre-processor symbols/macros ('#define')                            */
  30:source\asw/blinker.c **** /*****************************************************************************/
ARM GAS  C:\Users\Reza\AppData\Local\Temp\ccRg6zzu.s 			page 2


  31:source\asw/blinker.c **** 
  32:source\asw/blinker.c **** /*****************************************************************************/
  33:source\asw/blinker.c **** /* Global variable definitions (declared in header file with 'extern')       */
  34:source\asw/blinker.c **** /*****************************************************************************/
  35:source\asw/blinker.c **** 
  36:source\asw/blinker.c **** BLINKER_t BLINKER_left = {BLINKER_LEFT, 0};
  37:source\asw/blinker.c **** BLINKER_t BLINKER_right = {BLINKER_RIGHT, 0};
  38:source\asw/blinker.c **** 
  39:source\asw/blinker.c **** /*****************************************************************************/
  40:source\asw/blinker.c **** /* Local type definitions ('typedef')                                        */
  41:source\asw/blinker.c **** /*****************************************************************************/
  42:source\asw/blinker.c **** 
  43:source\asw/blinker.c **** /*****************************************************************************/
  44:source\asw/blinker.c **** /* Local variable definitions ('static')                                     */
  45:source\asw/blinker.c **** /*****************************************************************************/
  46:source\asw/blinker.c **** 
  47:source\asw/blinker.c **** 
  48:source\asw/blinker.c **** 
  49:source\asw/blinker.c **** /*****************************************************************************/
  50:source\asw/blinker.c **** /* Local function prototypes ('static')                                      */
  51:source\asw/blinker.c **** /*****************************************************************************/
  52:source\asw/blinker.c **** 
  53:source\asw/blinker.c **** 
  54:source\asw/blinker.c **** /*****************************************************************************/
  55:source\asw/blinker.c **** /* Function implementation - global ('extern') and local ('static')          */
  56:source\asw/blinker.c **** /*****************************************************************************/
  57:source\asw/blinker.c **** 
  58:source\asw/blinker.c **** /**
  59:source\asw/blinker.c ****  * Blinker Initialisation
  60:source\asw/blinker.c ****  * @param BLINKER_t *const me   - blinker object
  61:source\asw/blinker.c ****  * @param BLINKER_Id_t led      - left/right blinker
  62:source\asw/blinker.c ****  * @return RC_SUCCESS
  63:source\asw/blinker.c ****  */
  64:source\asw/blinker.c **** RC_t BLINKER_Init(BLINKER_t *const me, BLINKER_Id_t led)
  65:source\asw/blinker.c **** {
  28              		.loc 1 65 0
  29              		.cfi_startproc
  30              		@ args = 0, pretend = 0, frame = 0
  31              		@ frame_needed = 0, uses_anonymous_args = 0
  32              		@ link register save eliminated.
  33              	.LVL0:
  66:source\asw/blinker.c ****     
  67:source\asw/blinker.c ****     me->led = led;
  34              		.loc 1 67 0
  35 0000 0170     		strb	r1, [r0]
  68:source\asw/blinker.c ****     me->remainingBlinks = 0;
  36              		.loc 1 68 0
  37 0002 0023     		movs	r3, #0
  38 0004 4370     		strb	r3, [r0, #1]
  69:source\asw/blinker.c ****     me->emergency = FALSE;
  39              		.loc 1 69 0
  40 0006 8370     		strb	r3, [r0, #2]
  70:source\asw/blinker.c ****     
  71:source\asw/blinker.c ****     return RC_SUCCESS;
  72:source\asw/blinker.c **** }
  41              		.loc 1 72 0
  42 0008 1846     		mov	r0, r3
ARM GAS  C:\Users\Reza\AppData\Local\Temp\ccRg6zzu.s 			page 3


  43              	.LVL1:
  44 000a 7047     		bx	lr
  45              		.cfi_endproc
  46              	.LFE110:
  47              		.size	BLINKER_Init, .-BLINKER_Init
  48              		.section	.text.BLINKER_Set,"ax",%progbits
  49              		.align	2
  50              		.global	BLINKER_Set
  51              		.thumb
  52              		.thumb_func
  53              		.type	BLINKER_Set, %function
  54              	BLINKER_Set:
  55              	.LFB111:
  73:source\asw/blinker.c ****     
  74:source\asw/blinker.c **** 
  75:source\asw/blinker.c **** /**
  76:source\asw/blinker.c ****  * Set Blinker depending on button press
  77:source\asw/blinker.c ****  * @param BLINKER_t *const me   - blinker object
  78:source\asw/blinker.c ****  * @param uint8_t noBlinks      - number of blinks to go
  79:source\asw/blinker.c ****  * @return RC_SUCCESS
  80:source\asw/blinker.c ****  */
  81:source\asw/blinker.c **** RC_t BLINKER_Set(BLINKER_t *const me, uint8_t noBlinks)
  82:source\asw/blinker.c **** {
  56              		.loc 1 82 0
  57              		.cfi_startproc
  58              		@ args = 0, pretend = 0, frame = 0
  59              		@ frame_needed = 0, uses_anonymous_args = 0
  60              		@ link register save eliminated.
  61              	.LVL2:
  83:source\asw/blinker.c ****     if (me->remainingBlinks < noBlinks)
  62              		.loc 1 83 0
  63 0000 4378     		ldrb	r3, [r0, #1]	@ zero_extendqisi2
  64 0002 8B42     		cmp	r3, r1
  65 0004 00D2     		bcs	.L3
  84:source\asw/blinker.c ****     {
  85:source\asw/blinker.c ****         me->remainingBlinks = noBlinks;
  66              		.loc 1 85 0
  67 0006 4170     		strb	r1, [r0, #1]
  68              	.L3:
  86:source\asw/blinker.c ****     }
  87:source\asw/blinker.c ****     
  88:source\asw/blinker.c ****     return RC_SUCCESS;
  89:source\asw/blinker.c **** }
  69              		.loc 1 89 0
  70 0008 0020     		movs	r0, #0
  71              	.LVL3:
  72 000a 7047     		bx	lr
  73              		.cfi_endproc
  74              	.LFE111:
  75              		.size	BLINKER_Set, .-BLINKER_Set
  76              		.section	.text.BLINKER_Blink,"ax",%progbits
  77              		.align	2
  78              		.global	BLINKER_Blink
  79              		.thumb
  80              		.thumb_func
  81              		.type	BLINKER_Blink, %function
  82              	BLINKER_Blink:
ARM GAS  C:\Users\Reza\AppData\Local\Temp\ccRg6zzu.s 			page 4


  83              	.LFB112:
  90:source\asw/blinker.c **** 
  91:source\asw/blinker.c **** 
  92:source\asw/blinker.c **** /**
  93:source\asw/blinker.c ****  * Perform a blink and decrement blink counter
  94:source\asw/blinker.c ****  * @param BLINKER_t *const me   - blinker object
  95:source\asw/blinker.c ****  * @return RC_SUCCESS
  96:source\asw/blinker.c ****  */
  97:source\asw/blinker.c **** RC_t BLINKER_Blink(BLINKER_t *const me)
  98:source\asw/blinker.c **** {
  84              		.loc 1 98 0
  85              		.cfi_startproc
  86              		@ args = 0, pretend = 0, frame = 0
  87              		@ frame_needed = 0, uses_anonymous_args = 0
  88              	.LVL4:
  89 0000 70B5     		push	{r4, r5, r6, lr}
  90              		.cfi_def_cfa_offset 16
  91              		.cfi_offset 4, -16
  92              		.cfi_offset 5, -12
  93              		.cfi_offset 6, -8
  94              		.cfi_offset 14, -4
  95 0002 0446     		mov	r4, r0
  96              	.LVL5:
  99:source\asw/blinker.c ****     LED_id_t led = LED_ALL;
 100:source\asw/blinker.c ****     SEVEN_id_t seven = SEVEN_0;
 101:source\asw/blinker.c ****     
 102:source\asw/blinker.c ****     switch (me->led)
  97              		.loc 1 102 0
  98 0004 0378     		ldrb	r3, [r0]	@ zero_extendqisi2
  99 0006 23B1     		cbz	r3, .L6
 100 0008 012B     		cmp	r3, #1
 101 000a 05D0     		beq	.L11
 100:source\asw/blinker.c ****     
 102              		.loc 1 100 0
 103 000c 0025     		movs	r5, #0
  99:source\asw/blinker.c ****     LED_id_t led = LED_ALL;
 104              		.loc 1 99 0
 105 000e 0326     		movs	r6, #3
 106 0010 04E0     		b	.L7
 107              	.L6:
 108              	.LVL6:
 103:source\asw/blinker.c ****     {
 104:source\asw/blinker.c ****         case BLINKER_LEFT : 
 105:source\asw/blinker.c ****             led = LED_GREEN;
 106:source\asw/blinker.c ****             seven = SEVEN_1;
 107:source\asw/blinker.c ****             break;
 108:source\asw/blinker.c ****         case BLINKER_RIGHT : 
 109:source\asw/blinker.c ****             led = LED_RED;
 110:source\asw/blinker.c ****             seven = SEVEN_0;
 109              		.loc 1 110 0
 110 0012 0025     		movs	r5, #0
 109:source\asw/blinker.c ****             seven = SEVEN_0;
 111              		.loc 1 109 0
 112 0014 2E46     		mov	r6, r5
 111:source\asw/blinker.c ****             break;
 113              		.loc 1 111 0
 114 0016 01E0     		b	.L7
ARM GAS  C:\Users\Reza\AppData\Local\Temp\ccRg6zzu.s 			page 5


 115              	.LVL7:
 116              	.L11:
 106:source\asw/blinker.c ****             break;
 117              		.loc 1 106 0
 118 0018 0125     		movs	r5, #1
 105:source\asw/blinker.c ****             seven = SEVEN_1;
 119              		.loc 1 105 0
 120 001a 0226     		movs	r6, #2
 121              	.LVL8:
 122              	.L7:
 112:source\asw/blinker.c ****     }
 113:source\asw/blinker.c ****     
 114:source\asw/blinker.c ****     //normal operation
 115:source\asw/blinker.c ****     if (FALSE == me->emergency)
 123              		.loc 1 115 0
 124 001c A378     		ldrb	r3, [r4, #2]	@ zero_extendqisi2
 125 001e 9BB9     		cbnz	r3, .L8
 116:source\asw/blinker.c ****     {
 117:source\asw/blinker.c ****         if (me->remainingBlinks > 0)
 126              		.loc 1 117 0
 127 0020 6378     		ldrb	r3, [r4, #1]	@ zero_extendqisi2
 128 0022 53B1     		cbz	r3, .L9
 118:source\asw/blinker.c ****         {
 119:source\asw/blinker.c ****             LED_Toggle(led); 
 129              		.loc 1 119 0
 130 0024 3046     		mov	r0, r6
 131              	.LVL9:
 132 0026 FFF7FEFF 		bl	LED_Toggle
 133              	.LVL10:
 120:source\asw/blinker.c ****             SEVEN_Set(seven, me->remainingBlinks);
 134              		.loc 1 120 0
 135 002a 6178     		ldrb	r1, [r4, #1]	@ zero_extendqisi2
 136 002c 2846     		mov	r0, r5
 137 002e FFF7FEFF 		bl	SEVEN_Set
 138              	.LVL11:
 121:source\asw/blinker.c ****             
 122:source\asw/blinker.c ****             me->remainingBlinks--;    
 139              		.loc 1 122 0
 140 0032 6378     		ldrb	r3, [r4, #1]	@ zero_extendqisi2
 141 0034 013B     		subs	r3, r3, #1
 142 0036 6370     		strb	r3, [r4, #1]
 143 0038 06E0     		b	.L8
 144              	.LVL12:
 145              	.L9:
 123:source\asw/blinker.c **** 
 124:source\asw/blinker.c ****         }
 125:source\asw/blinker.c ****         else    
 126:source\asw/blinker.c ****         {
 127:source\asw/blinker.c ****             //Robustness code, to make sure everything is turned off at the end of the sequence
 128:source\asw/blinker.c ****             SEVEN_Clear(seven);
 146              		.loc 1 128 0
 147 003a 2846     		mov	r0, r5
 148              	.LVL13:
 149 003c FFF7FEFF 		bl	SEVEN_Clear
 150              	.LVL14:
 129:source\asw/blinker.c ****             LED_Set(led, LED_OFF);
 151              		.loc 1 129 0
ARM GAS  C:\Users\Reza\AppData\Local\Temp\ccRg6zzu.s 			page 6


 152 0040 0021     		movs	r1, #0
 153 0042 3046     		mov	r0, r6
 154 0044 FFF7FEFF 		bl	LED_Set
 155              	.LVL15:
 156              	.L8:
 130:source\asw/blinker.c ****         }
 131:source\asw/blinker.c ****     }
 132:source\asw/blinker.c ****     
 133:source\asw/blinker.c ****     
 134:source\asw/blinker.c ****     //Emergency
 135:source\asw/blinker.c ****     if (TRUE == me->emergency)
 157              		.loc 1 135 0
 158 0048 A378     		ldrb	r3, [r4, #2]	@ zero_extendqisi2
 159 004a 012B     		cmp	r3, #1
 160 004c 06D1     		bne	.L10
 136:source\asw/blinker.c ****     {
 137:source\asw/blinker.c ****         LED_Toggle(led); 
 161              		.loc 1 137 0
 162 004e 3046     		mov	r0, r6
 163 0050 FFF7FEFF 		bl	LED_Toggle
 164              	.LVL16:
 138:source\asw/blinker.c ****         SEVEN_Set(seven, 14); //E
 165              		.loc 1 138 0
 166 0054 0E21     		movs	r1, #14
 167 0056 2846     		mov	r0, r5
 168 0058 FFF7FEFF 		bl	SEVEN_Set
 169              	.LVL17:
 170              	.L10:
 139:source\asw/blinker.c ****     }
 140:source\asw/blinker.c **** }
 171              		.loc 1 140 0
 172 005c 70BD     		pop	{r4, r5, r6, pc}
 173              		.cfi_endproc
 174              	.LFE112:
 175              		.size	BLINKER_Blink, .-BLINKER_Blink
 176 005e 00BF     		.section	.text.BLINKER_Emergency,"ax",%progbits
 177              		.align	2
 178              		.global	BLINKER_Emergency
 179              		.thumb
 180              		.thumb_func
 181              		.type	BLINKER_Emergency, %function
 182              	BLINKER_Emergency:
 183              	.LFB113:
 141:source\asw/blinker.c ****     
 142:source\asw/blinker.c **** /**
 143:source\asw/blinker.c ****  * Perform a blink and decrement blink counter
 144:source\asw/blinker.c ****  * @param BLINKER_t *const me   - blinker object
 145:source\asw/blinker.c ****  * @return RC_SUCCESS
 146:source\asw/blinker.c ****  */
 147:source\asw/blinker.c **** RC_t BLINKER_Emergency(BLINKER_t *const left, BLINKER_t *const right)
 148:source\asw/blinker.c **** {
 184              		.loc 1 148 0
 185              		.cfi_startproc
 186              		@ args = 0, pretend = 0, frame = 0
 187              		@ frame_needed = 0, uses_anonymous_args = 0
 188              		@ link register save eliminated.
 189              	.LVL18:
ARM GAS  C:\Users\Reza\AppData\Local\Temp\ccRg6zzu.s 			page 7


 149:source\asw/blinker.c ****     left->emergency = TRUE;
 190              		.loc 1 149 0
 191 0000 0123     		movs	r3, #1
 192 0002 8370     		strb	r3, [r0, #2]
 150:source\asw/blinker.c ****     right->emergency = TRUE;
 193              		.loc 1 150 0
 194 0004 8B70     		strb	r3, [r1, #2]
 195              	.LVL19:
 151:source\asw/blinker.c **** }
 196              		.loc 1 151 0
 197 0006 7047     		bx	lr
 198              		.cfi_endproc
 199              	.LFE113:
 200              		.size	BLINKER_Emergency, .-BLINKER_Emergency
 201              		.global	BLINKER_right
 202              		.global	BLINKER_left
 203              		.data
 204              		.align	2
 205              		.type	BLINKER_left, %object
 206              		.size	BLINKER_left, 3
 207              	BLINKER_left:
 208 0000 01       		.byte	1
 209 0001 00       		.byte	0
 210 0002 00       		.space	1
 211              		.bss
 212              		.align	2
 213              		.type	BLINKER_right, %object
 214              		.size	BLINKER_right, 3
 215              	BLINKER_right:
 216 0000 000000   		.space	3
 217              		.text
 218              	.Letext0:
 219              		.file 2 "c:\\program files (x86)\\cypress\\psoc creator\\4.2\\psoc creator\\import\\gnu\\arm\\5.4.
 220              		.file 3 "c:\\program files (x86)\\cypress\\psoc creator\\4.2\\psoc creator\\import\\gnu\\arm\\5.4.
 221              		.file 4 "Generated_Source\\PSoC5/ErikaOS_1_common_ee_types.inc"
 222              		.file 5 "Generated_Source\\PSoC5/ErikaOS_1_cortex_mx_ee_cpu.inc"
 223              		.file 6 ".\\source\\bsw/global.h"
 224              		.file 7 "source\\asw\\blinker.h"
 225              		.file 8 ".\\source\\bsw/seven.h"
 226              		.file 9 ".\\source\\bsw/led.h"
 227              		.file 10 "Generated_Source\\PSoC5/ErikaOS_1_ee_oo_intfunc.inc"
 228              		.file 11 "Generated_Source\\PSoC5/ErikaOS_1_cortex_mx_ee_context.inc"
 229              		.file 12 "Generated_Source\\PSoC5/ErikaOS_1_common_ee_primitives.inc"
 230              		.file 13 "Generated_Source\\PSoC5/core_cm3.h"
 231              		.section	.debug_info,"",%progbits
 232              	.Ldebug_info0:
 233 0000 89040000 		.4byte	0x489
 234 0004 0400     		.2byte	0x4
 235 0006 00000000 		.4byte	.Ldebug_abbrev0
 236 000a 04       		.byte	0x4
 237 000b 01       		.uleb128 0x1
 238 000c D6030000 		.4byte	.LASF89
 239 0010 0C       		.byte	0xc
 240 0011 75040000 		.4byte	.LASF90
 241 0015 1A010000 		.4byte	.LASF91
 242 0019 00000000 		.4byte	.Ldebug_ranges0+0
 243 001d 00000000 		.4byte	0
ARM GAS  C:\Users\Reza\AppData\Local\Temp\ccRg6zzu.s 			page 8


 244 0021 00000000 		.4byte	.Ldebug_line0
 245 0025 02       		.uleb128 0x2
 246 0026 01       		.byte	0x1
 247 0027 06       		.byte	0x6
 248 0028 29000000 		.4byte	.LASF0
 249 002c 03       		.uleb128 0x3
 250 002d 9A020000 		.4byte	.LASF4
 251 0031 02       		.byte	0x2
 252 0032 1D       		.byte	0x1d
 253 0033 37000000 		.4byte	0x37
 254 0037 02       		.uleb128 0x2
 255 0038 01       		.byte	0x1
 256 0039 08       		.byte	0x8
 257 003a 09030000 		.4byte	.LASF1
 258 003e 02       		.uleb128 0x2
 259 003f 02       		.byte	0x2
 260 0040 05       		.byte	0x5
 261 0041 90020000 		.4byte	.LASF2
 262 0045 02       		.uleb128 0x2
 263 0046 02       		.byte	0x2
 264 0047 07       		.byte	0x7
 265 0048 C3030000 		.4byte	.LASF3
 266 004c 03       		.uleb128 0x3
 267 004d 47050000 		.4byte	.LASF5
 268 0051 02       		.byte	0x2
 269 0052 3F       		.byte	0x3f
 270 0053 57000000 		.4byte	0x57
 271 0057 02       		.uleb128 0x2
 272 0058 04       		.byte	0x4
 273 0059 05       		.byte	0x5
 274 005a 60020000 		.4byte	.LASF6
 275 005e 02       		.uleb128 0x2
 276 005f 04       		.byte	0x4
 277 0060 07       		.byte	0x7
 278 0061 EC040000 		.4byte	.LASF7
 279 0065 02       		.uleb128 0x2
 280 0066 08       		.byte	0x8
 281 0067 05       		.byte	0x5
 282 0068 0D020000 		.4byte	.LASF8
 283 006c 02       		.uleb128 0x2
 284 006d 08       		.byte	0x8
 285 006e 07       		.byte	0x7
 286 006f 39030000 		.4byte	.LASF9
 287 0073 04       		.uleb128 0x4
 288 0074 04       		.byte	0x4
 289 0075 05       		.byte	0x5
 290 0076 696E7400 		.ascii	"int\000"
 291 007a 02       		.uleb128 0x2
 292 007b 04       		.byte	0x4
 293 007c 07       		.byte	0x7
 294 007d 60030000 		.4byte	.LASF10
 295 0081 03       		.uleb128 0x3
 296 0082 FB000000 		.4byte	.LASF11
 297 0086 03       		.byte	0x3
 298 0087 18       		.byte	0x18
 299 0088 2C000000 		.4byte	0x2c
 300 008c 03       		.uleb128 0x3
ARM GAS  C:\Users\Reza\AppData\Local\Temp\ccRg6zzu.s 			page 9


 301 008d 31030000 		.4byte	.LASF12
 302 0091 03       		.byte	0x3
 303 0092 2C       		.byte	0x2c
 304 0093 4C000000 		.4byte	0x4c
 305 0097 02       		.uleb128 0x2
 306 0098 04       		.byte	0x4
 307 0099 04       		.byte	0x4
 308 009a FD010000 		.4byte	.LASF13
 309 009e 02       		.uleb128 0x2
 310 009f 08       		.byte	0x8
 311 00a0 04       		.byte	0x4
 312 00a1 FE040000 		.4byte	.LASF14
 313 00a5 02       		.uleb128 0x2
 314 00a6 01       		.byte	0x1
 315 00a7 08       		.byte	0x8
 316 00a8 64040000 		.4byte	.LASF15
 317 00ac 02       		.uleb128 0x2
 318 00ad 08       		.byte	0x8
 319 00ae 04       		.byte	0x4
 320 00af F0020000 		.4byte	.LASF16
 321 00b3 02       		.uleb128 0x2
 322 00b4 04       		.byte	0x4
 323 00b5 07       		.byte	0x7
 324 00b6 78000000 		.4byte	.LASF17
 325 00ba 03       		.uleb128 0x3
 326 00bb BA030000 		.4byte	.LASF18
 327 00bf 04       		.byte	0x4
 328 00c0 53       		.byte	0x53
 329 00c1 73000000 		.4byte	0x73
 330 00c5 03       		.uleb128 0x3
 331 00c6 CA000000 		.4byte	.LASF19
 332 00ca 04       		.byte	0x4
 333 00cb 54       		.byte	0x54
 334 00cc 7A000000 		.4byte	0x7a
 335 00d0 03       		.uleb128 0x3
 336 00d1 22050000 		.4byte	.LASF20
 337 00d5 05       		.byte	0x5
 338 00d6 4D       		.byte	0x4d
 339 00d7 C5000000 		.4byte	0xc5
 340 00db 03       		.uleb128 0x3
 341 00dc A0000000 		.4byte	.LASF21
 342 00e0 05       		.byte	0x5
 343 00e1 4F       		.byte	0x4f
 344 00e2 C5000000 		.4byte	0xc5
 345 00e6 03       		.uleb128 0x3
 346 00e7 7B020000 		.4byte	.LASF22
 347 00eb 05       		.byte	0x5
 348 00ec 78       		.byte	0x78
 349 00ed BA000000 		.4byte	0xba
 350 00f1 03       		.uleb128 0x3
 351 00f2 C7020000 		.4byte	.LASF23
 352 00f6 06       		.byte	0x6
 353 00f7 82       		.byte	0x82
 354 00f8 37000000 		.4byte	0x37
 355 00fc 05       		.uleb128 0x5
 356 00fd 65524300 		.ascii	"eRC\000"
 357 0101 01       		.byte	0x1
ARM GAS  C:\Users\Reza\AppData\Local\Temp\ccRg6zzu.s 			page 10


 358 0102 25000000 		.4byte	0x25
 359 0106 06       		.byte	0x6
 360 0107 AC       		.byte	0xac
 361 0108 A3010000 		.4byte	0x1a3
 362 010c 06       		.uleb128 0x6
 363 010d 18000000 		.4byte	.LASF24
 364 0111 00       		.byte	0
 365 0112 07       		.uleb128 0x7
 366 0113 75050000 		.4byte	.LASF25
 367 0117 7F       		.sleb128 -1
 368 0118 07       		.uleb128 0x7
 369 0119 96030000 		.4byte	.LASF26
 370 011d 7E       		.sleb128 -2
 371 011e 07       		.uleb128 0x7
 372 011f 92000000 		.4byte	.LASF27
 373 0123 7D       		.sleb128 -3
 374 0124 07       		.uleb128 0x7
 375 0125 86050000 		.4byte	.LASF28
 376 0129 7C       		.sleb128 -4
 377 012a 07       		.uleb128 0x7
 378 012b 38050000 		.4byte	.LASF29
 379 012f 7B       		.sleb128 -5
 380 0130 07       		.uleb128 0x7
 381 0131 52000000 		.4byte	.LASF30
 382 0135 7A       		.sleb128 -6
 383 0136 07       		.uleb128 0x7
 384 0137 69020000 		.4byte	.LASF31
 385 013b 79       		.sleb128 -7
 386 013c 07       		.uleb128 0x7
 387 013d 8A040000 		.4byte	.LASF32
 388 0141 78       		.sleb128 -8
 389 0142 07       		.uleb128 0x7
 390 0143 A4030000 		.4byte	.LASF33
 391 0147 77       		.sleb128 -9
 392 0148 07       		.uleb128 0x7
 393 0149 82020000 		.4byte	.LASF34
 394 014d 76       		.sleb128 -10
 395 014e 07       		.uleb128 0x7
 396 014f D0050000 		.4byte	.LASF35
 397 0153 75       		.sleb128 -11
 398 0154 07       		.uleb128 0x7
 399 0155 6D030000 		.4byte	.LASF36
 400 0159 74       		.sleb128 -12
 401 015a 07       		.uleb128 0x7
 402 015b 10050000 		.4byte	.LASF37
 403 015f 73       		.sleb128 -13
 404 0160 07       		.uleb128 0x7
 405 0161 D1020000 		.4byte	.LASF38
 406 0165 72       		.sleb128 -14
 407 0166 07       		.uleb128 0x7
 408 0167 35000000 		.4byte	.LASF39
 409 016b 71       		.sleb128 -15
 410 016c 07       		.uleb128 0x7
 411 016d A4020000 		.4byte	.LASF40
 412 0171 70       		.sleb128 -16
 413 0172 07       		.uleb128 0x7
 414 0173 A8000000 		.4byte	.LASF41
ARM GAS  C:\Users\Reza\AppData\Local\Temp\ccRg6zzu.s 			page 11


 415 0177 6F       		.sleb128 -17
 416 0178 07       		.uleb128 0x7
 417 0179 63000000 		.4byte	.LASF42
 418 017d 6E       		.sleb128 -18
 419 017e 07       		.uleb128 0x7
 420 017f 3C020000 		.4byte	.LASF43
 421 0183 6D       		.sleb128 -19
 422 0184 07       		.uleb128 0x7
 423 0185 B2040000 		.4byte	.LASF44
 424 0189 6C       		.sleb128 -20
 425 018a 07       		.uleb128 0x7
 426 018b B5020000 		.4byte	.LASF45
 427 018f 6B       		.sleb128 -21
 428 0190 07       		.uleb128 0x7
 429 0191 17030000 		.4byte	.LASF46
 430 0195 6A       		.sleb128 -22
 431 0196 07       		.uleb128 0x7
 432 0197 03010000 		.4byte	.LASF47
 433 019b 69       		.sleb128 -23
 434 019c 07       		.uleb128 0x7
 435 019d 4F020000 		.4byte	.LASF48
 436 01a1 68       		.sleb128 -24
 437 01a2 00       		.byte	0
 438 01a3 03       		.uleb128 0x3
 439 01a4 BE050000 		.4byte	.LASF49
 440 01a8 06       		.byte	0x6
 441 01a9 C8       		.byte	0xc8
 442 01aa FC000000 		.4byte	0xfc
 443 01ae 08       		.uleb128 0x8
 444 01af 49000000 		.4byte	.LASF50
 445 01b3 01       		.byte	0x1
 446 01b4 37000000 		.4byte	0x37
 447 01b8 07       		.byte	0x7
 448 01b9 5A       		.byte	0x5a
 449 01ba CB010000 		.4byte	0x1cb
 450 01be 06       		.uleb128 0x6
 451 01bf A4040000 		.4byte	.LASF51
 452 01c3 00       		.byte	0
 453 01c4 06       		.uleb128 0x6
 454 01c5 0B000000 		.4byte	.LASF52
 455 01c9 01       		.byte	0x1
 456 01ca 00       		.byte	0
 457 01cb 03       		.uleb128 0x3
 458 01cc FC020000 		.4byte	.LASF53
 459 01d0 07       		.byte	0x7
 460 01d1 5E       		.byte	0x5e
 461 01d2 AE010000 		.4byte	0x1ae
 462 01d6 09       		.uleb128 0x9
 463 01d7 81000000 		.4byte	.LASF92
 464 01db 03       		.byte	0x3
 465 01dc 07       		.byte	0x7
 466 01dd 66       		.byte	0x66
 467 01de 07020000 		.4byte	0x207
 468 01e2 0A       		.uleb128 0xa
 469 01e3 6C656400 		.ascii	"led\000"
 470 01e7 07       		.byte	0x7
 471 01e8 67       		.byte	0x67
ARM GAS  C:\Users\Reza\AppData\Local\Temp\ccRg6zzu.s 			page 12


 472 01e9 CB010000 		.4byte	0x1cb
 473 01ed 00       		.byte	0
 474 01ee 0B       		.uleb128 0xb
 475 01ef AE050000 		.4byte	.LASF54
 476 01f3 07       		.byte	0x7
 477 01f4 68       		.byte	0x68
 478 01f5 81000000 		.4byte	0x81
 479 01f9 01       		.byte	0x1
 480 01fa 0B       		.uleb128 0xb
 481 01fb CF040000 		.4byte	.LASF55
 482 01ff 07       		.byte	0x7
 483 0200 69       		.byte	0x69
 484 0201 F1000000 		.4byte	0xf1
 485 0205 02       		.byte	0x2
 486 0206 00       		.byte	0
 487 0207 03       		.uleb128 0x3
 488 0208 E6000000 		.4byte	.LASF56
 489 020c 07       		.byte	0x7
 490 020d 6B       		.byte	0x6b
 491 020e D6010000 		.4byte	0x1d6
 492 0212 0C       		.uleb128 0xc
 493 0213 01       		.byte	0x1
 494 0214 37000000 		.4byte	0x37
 495 0218 08       		.byte	0x8
 496 0219 5F       		.byte	0x5f
 497 021a 2B020000 		.4byte	0x22b
 498 021e 06       		.uleb128 0x6
 499 021f 8A000000 		.4byte	.LASF57
 500 0223 00       		.byte	0
 501 0224 06       		.uleb128 0x6
 502 0225 29030000 		.4byte	.LASF58
 503 0229 01       		.byte	0x1
 504 022a 00       		.byte	0
 505 022b 03       		.uleb128 0x3
 506 022c 05050000 		.4byte	.LASF59
 507 0230 08       		.byte	0x8
 508 0231 62       		.byte	0x62
 509 0232 12020000 		.4byte	0x212
 510 0236 08       		.uleb128 0x8
 511 0237 1B020000 		.4byte	.LASF60
 512 023b 01       		.byte	0x1
 513 023c 37000000 		.4byte	0x37
 514 0240 09       		.byte	0x9
 515 0241 5A       		.byte	0x5a
 516 0242 5F020000 		.4byte	0x25f
 517 0246 06       		.uleb128 0x6
 518 0247 7E050000 		.4byte	.LASF61
 519 024b 00       		.byte	0
 520 024c 06       		.uleb128 0x6
 521 024d 8B030000 		.4byte	.LASF62
 522 0251 01       		.byte	0x1
 523 0252 06       		.uleb128 0x6
 524 0253 C5040000 		.4byte	.LASF63
 525 0257 02       		.byte	0x2
 526 0258 06       		.uleb128 0x6
 527 0259 30050000 		.4byte	.LASF64
 528 025d 03       		.byte	0x3
ARM GAS  C:\Users\Reza\AppData\Local\Temp\ccRg6zzu.s 			page 13


 529 025e 00       		.byte	0
 530 025f 03       		.uleb128 0x3
 531 0260 57030000 		.4byte	.LASF65
 532 0264 09       		.byte	0x9
 533 0265 60       		.byte	0x60
 534 0266 36020000 		.4byte	0x236
 535 026a 08       		.uleb128 0x8
 536 026b F0000000 		.4byte	.LASF66
 537 026f 01       		.byte	0x1
 538 0270 37000000 		.4byte	0x37
 539 0274 09       		.byte	0x9
 540 0275 62       		.byte	0x62
 541 0276 87020000 		.4byte	0x287
 542 027a 06       		.uleb128 0x6
 543 027b 83030000 		.4byte	.LASF67
 544 027f 00       		.byte	0
 545 0280 06       		.uleb128 0x6
 546 0281 50030000 		.4byte	.LASF68
 547 0285 01       		.byte	0x1
 548 0286 00       		.byte	0
 549 0287 0D       		.uleb128 0xd
 550 0288 C3050000 		.4byte	.LASF69
 551 028c 01       		.byte	0x1
 552 028d 40       		.byte	0x40
 553 028e A3010000 		.4byte	0x1a3
 554 0292 00000000 		.4byte	.LFB110
 555 0296 0C000000 		.4byte	.LFE110-.LFB110
 556 029a 01       		.uleb128 0x1
 557 029b 9C       		.byte	0x9c
 558 029c BC020000 		.4byte	0x2bc
 559 02a0 0E       		.uleb128 0xe
 560 02a1 6D6500   		.ascii	"me\000"
 561 02a4 01       		.byte	0x1
 562 02a5 40       		.byte	0x40
 563 02a6 C2020000 		.4byte	0x2c2
 564 02aa 00000000 		.4byte	.LLST0
 565 02ae 0F       		.uleb128 0xf
 566 02af 6C656400 		.ascii	"led\000"
 567 02b3 01       		.byte	0x1
 568 02b4 40       		.byte	0x40
 569 02b5 CB010000 		.4byte	0x1cb
 570 02b9 01       		.uleb128 0x1
 571 02ba 51       		.byte	0x51
 572 02bb 00       		.byte	0
 573 02bc 10       		.uleb128 0x10
 574 02bd 04       		.byte	0x4
 575 02be 07020000 		.4byte	0x207
 576 02c2 11       		.uleb128 0x11
 577 02c3 BC020000 		.4byte	0x2bc
 578 02c7 0D       		.uleb128 0xd
 579 02c8 69040000 		.4byte	.LASF70
 580 02cc 01       		.byte	0x1
 581 02cd 51       		.byte	0x51
 582 02ce A3010000 		.4byte	0x1a3
 583 02d2 00000000 		.4byte	.LFB111
 584 02d6 0C000000 		.4byte	.LFE111-.LFB111
 585 02da 01       		.uleb128 0x1
ARM GAS  C:\Users\Reza\AppData\Local\Temp\ccRg6zzu.s 			page 14


 586 02db 9C       		.byte	0x9c
 587 02dc FC020000 		.4byte	0x2fc
 588 02e0 0E       		.uleb128 0xe
 589 02e1 6D6500   		.ascii	"me\000"
 590 02e4 01       		.byte	0x1
 591 02e5 51       		.byte	0x51
 592 02e6 C2020000 		.4byte	0x2c2
 593 02ea 21000000 		.4byte	.LLST1
 594 02ee 12       		.uleb128 0x12
 595 02ef 51050000 		.4byte	.LASF71
 596 02f3 01       		.byte	0x1
 597 02f4 51       		.byte	0x51
 598 02f5 81000000 		.4byte	0x81
 599 02f9 01       		.uleb128 0x1
 600 02fa 51       		.byte	0x51
 601 02fb 00       		.byte	0
 602 02fc 0D       		.uleb128 0xd
 603 02fd BC000000 		.4byte	.LASF72
 604 0301 01       		.byte	0x1
 605 0302 61       		.byte	0x61
 606 0303 A3010000 		.4byte	0x1a3
 607 0307 00000000 		.4byte	.LFB112
 608 030b 5E000000 		.4byte	.LFE112-.LFB112
 609 030f 01       		.uleb128 0x1
 610 0310 9C       		.byte	0x9c
 611 0311 C0030000 		.4byte	0x3c0
 612 0315 0E       		.uleb128 0xe
 613 0316 6D6500   		.ascii	"me\000"
 614 0319 01       		.byte	0x1
 615 031a 61       		.byte	0x61
 616 031b C2020000 		.4byte	0x2c2
 617 031f 42000000 		.4byte	.LLST2
 618 0323 13       		.uleb128 0x13
 619 0324 6C656400 		.ascii	"led\000"
 620 0328 01       		.byte	0x1
 621 0329 63       		.byte	0x63
 622 032a 5F020000 		.4byte	0x25f
 623 032e 76000000 		.4byte	.LLST3
 624 0332 14       		.uleb128 0x14
 625 0333 2A050000 		.4byte	.LASF73
 626 0337 01       		.byte	0x1
 627 0338 64       		.byte	0x64
 628 0339 2B020000 		.4byte	0x22b
 629 033d AD000000 		.4byte	.LLST4
 630 0341 15       		.uleb128 0x15
 631 0342 2A000000 		.4byte	.LVL10
 632 0346 60040000 		.4byte	0x460
 633 034a 55030000 		.4byte	0x355
 634 034e 16       		.uleb128 0x16
 635 034f 01       		.uleb128 0x1
 636 0350 50       		.byte	0x50
 637 0351 02       		.uleb128 0x2
 638 0352 76       		.byte	0x76
 639 0353 00       		.sleb128 0
 640 0354 00       		.byte	0
 641 0355 15       		.uleb128 0x15
 642 0356 32000000 		.4byte	.LVL11
ARM GAS  C:\Users\Reza\AppData\Local\Temp\ccRg6zzu.s 			page 15


 643 035a 6B040000 		.4byte	0x46b
 644 035e 69030000 		.4byte	0x369
 645 0362 16       		.uleb128 0x16
 646 0363 01       		.uleb128 0x1
 647 0364 50       		.byte	0x50
 648 0365 02       		.uleb128 0x2
 649 0366 75       		.byte	0x75
 650 0367 00       		.sleb128 0
 651 0368 00       		.byte	0
 652 0369 15       		.uleb128 0x15
 653 036a 40000000 		.4byte	.LVL14
 654 036e 76040000 		.4byte	0x476
 655 0372 7D030000 		.4byte	0x37d
 656 0376 16       		.uleb128 0x16
 657 0377 01       		.uleb128 0x1
 658 0378 50       		.byte	0x50
 659 0379 02       		.uleb128 0x2
 660 037a 75       		.byte	0x75
 661 037b 00       		.sleb128 0
 662 037c 00       		.byte	0
 663 037d 15       		.uleb128 0x15
 664 037e 48000000 		.4byte	.LVL15
 665 0382 81040000 		.4byte	0x481
 666 0386 96030000 		.4byte	0x396
 667 038a 16       		.uleb128 0x16
 668 038b 01       		.uleb128 0x1
 669 038c 50       		.byte	0x50
 670 038d 02       		.uleb128 0x2
 671 038e 76       		.byte	0x76
 672 038f 00       		.sleb128 0
 673 0390 16       		.uleb128 0x16
 674 0391 01       		.uleb128 0x1
 675 0392 51       		.byte	0x51
 676 0393 01       		.uleb128 0x1
 677 0394 30       		.byte	0x30
 678 0395 00       		.byte	0
 679 0396 15       		.uleb128 0x15
 680 0397 54000000 		.4byte	.LVL16
 681 039b 60040000 		.4byte	0x460
 682 039f AA030000 		.4byte	0x3aa
 683 03a3 16       		.uleb128 0x16
 684 03a4 01       		.uleb128 0x1
 685 03a5 50       		.byte	0x50
 686 03a6 02       		.uleb128 0x2
 687 03a7 76       		.byte	0x76
 688 03a8 00       		.sleb128 0
 689 03a9 00       		.byte	0
 690 03aa 17       		.uleb128 0x17
 691 03ab 5C000000 		.4byte	.LVL17
 692 03af 6B040000 		.4byte	0x46b
 693 03b3 16       		.uleb128 0x16
 694 03b4 01       		.uleb128 0x1
 695 03b5 50       		.byte	0x50
 696 03b6 02       		.uleb128 0x2
 697 03b7 75       		.byte	0x75
 698 03b8 00       		.sleb128 0
 699 03b9 16       		.uleb128 0x16
ARM GAS  C:\Users\Reza\AppData\Local\Temp\ccRg6zzu.s 			page 16


 700 03ba 01       		.uleb128 0x1
 701 03bb 51       		.byte	0x51
 702 03bc 01       		.uleb128 0x1
 703 03bd 3E       		.byte	0x3e
 704 03be 00       		.byte	0
 705 03bf 00       		.byte	0
 706 03c0 0D       		.uleb128 0xd
 707 03c1 D4000000 		.4byte	.LASF74
 708 03c5 01       		.byte	0x1
 709 03c6 93       		.byte	0x93
 710 03c7 A3010000 		.4byte	0x1a3
 711 03cb 00000000 		.4byte	.LFB113
 712 03cf 08000000 		.4byte	.LFE113-.LFB113
 713 03d3 01       		.uleb128 0x1
 714 03d4 9C       		.byte	0x9c
 715 03d5 F6030000 		.4byte	0x3f6
 716 03d9 18       		.uleb128 0x18
 717 03da 9F040000 		.4byte	.LASF75
 718 03de 01       		.byte	0x1
 719 03df 93       		.byte	0x93
 720 03e0 C2020000 		.4byte	0x2c2
 721 03e4 CC000000 		.4byte	.LLST5
 722 03e8 12       		.uleb128 0x12
 723 03e9 23000000 		.4byte	.LASF76
 724 03ed 01       		.byte	0x1
 725 03ee 93       		.byte	0x93
 726 03ef C2020000 		.4byte	0x2c2
 727 03f3 01       		.uleb128 0x1
 728 03f4 51       		.byte	0x51
 729 03f5 00       		.byte	0
 730 03f6 19       		.uleb128 0x19
 731 03f7 96050000 		.4byte	.LASF77
 732 03fb 0A       		.byte	0xa
 733 03fc 40       		.byte	0x40
 734 03fd D0000000 		.4byte	0xd0
 735 0401 19       		.uleb128 0x19
 736 0402 23020000 		.4byte	.LASF78
 737 0406 0A       		.byte	0xa
 738 0407 47       		.byte	0x47
 739 0408 DB000000 		.4byte	0xdb
 740 040c 19       		.uleb128 0x19
 741 040d D9040000 		.4byte	.LASF79
 742 0411 0A       		.byte	0xa
 743 0412 4A       		.byte	0x4a
 744 0413 D0000000 		.4byte	0xd0
 745 0417 19       		.uleb128 0x19
 746 0418 D7010000 		.4byte	.LASF80
 747 041c 0B       		.byte	0xb
 748 041d 48       		.byte	0x48
 749 041e E6000000 		.4byte	0xe6
 750 0422 19       		.uleb128 0x19
 751 0423 C2010000 		.4byte	.LASF81
 752 0427 0C       		.byte	0xc
 753 0428 44       		.byte	0x44
 754 0429 D0000000 		.4byte	0xd0
 755 042d 1A       		.uleb128 0x1a
 756 042e 68050000 		.4byte	.LASF82
ARM GAS  C:\Users\Reza\AppData\Local\Temp\ccRg6zzu.s 			page 17


 757 0432 0D       		.byte	0xd
 758 0433 1207     		.2byte	0x712
 759 0435 39040000 		.4byte	0x439
 760 0439 1B       		.uleb128 0x1b
 761 043a 8C000000 		.4byte	0x8c
 762 043e 1C       		.uleb128 0x1c
 763 043f F0010000 		.4byte	.LASF83
 764 0443 01       		.byte	0x1
 765 0444 24       		.byte	0x24
 766 0445 07020000 		.4byte	0x207
 767 0449 05       		.uleb128 0x5
 768 044a 03       		.byte	0x3
 769 044b 00000000 		.4byte	BLINKER_left
 770 044f 1C       		.uleb128 0x1c
 771 0450 5A050000 		.4byte	.LASF84
 772 0454 01       		.byte	0x1
 773 0455 25       		.byte	0x25
 774 0456 07020000 		.4byte	0x207
 775 045a 05       		.uleb128 0x5
 776 045b 03       		.byte	0x3
 777 045c 00000000 		.4byte	BLINKER_right
 778 0460 1D       		.uleb128 0x1d
 779 0461 00000000 		.4byte	.LASF85
 780 0465 00000000 		.4byte	.LASF85
 781 0469 09       		.byte	0x9
 782 046a 9C       		.byte	0x9c
 783 046b 1D       		.uleb128 0x1d
 784 046c 03020000 		.4byte	.LASF86
 785 0470 03020000 		.4byte	.LASF86
 786 0474 08       		.byte	0x8
 787 0475 82       		.byte	0x82
 788 0476 1D       		.uleb128 0x1d
 789 0477 E4020000 		.4byte	.LASF87
 790 047b E4020000 		.4byte	.LASF87
 791 047f 08       		.byte	0x8
 792 0480 A0       		.byte	0xa0
 793 0481 1D       		.uleb128 0x1d
 794 0482 7B030000 		.4byte	.LASF88
 795 0486 7B030000 		.4byte	.LASF88
 796 048a 09       		.byte	0x9
 797 048b 95       		.byte	0x95
 798 048c 00       		.byte	0
 799              		.section	.debug_abbrev,"",%progbits
 800              	.Ldebug_abbrev0:
 801 0000 01       		.uleb128 0x1
 802 0001 11       		.uleb128 0x11
 803 0002 01       		.byte	0x1
 804 0003 25       		.uleb128 0x25
 805 0004 0E       		.uleb128 0xe
 806 0005 13       		.uleb128 0x13
 807 0006 0B       		.uleb128 0xb
 808 0007 03       		.uleb128 0x3
 809 0008 0E       		.uleb128 0xe
 810 0009 1B       		.uleb128 0x1b
 811 000a 0E       		.uleb128 0xe
 812 000b 55       		.uleb128 0x55
 813 000c 17       		.uleb128 0x17
ARM GAS  C:\Users\Reza\AppData\Local\Temp\ccRg6zzu.s 			page 18


 814 000d 11       		.uleb128 0x11
 815 000e 01       		.uleb128 0x1
 816 000f 10       		.uleb128 0x10
 817 0010 17       		.uleb128 0x17
 818 0011 00       		.byte	0
 819 0012 00       		.byte	0
 820 0013 02       		.uleb128 0x2
 821 0014 24       		.uleb128 0x24
 822 0015 00       		.byte	0
 823 0016 0B       		.uleb128 0xb
 824 0017 0B       		.uleb128 0xb
 825 0018 3E       		.uleb128 0x3e
 826 0019 0B       		.uleb128 0xb
 827 001a 03       		.uleb128 0x3
 828 001b 0E       		.uleb128 0xe
 829 001c 00       		.byte	0
 830 001d 00       		.byte	0
 831 001e 03       		.uleb128 0x3
 832 001f 16       		.uleb128 0x16
 833 0020 00       		.byte	0
 834 0021 03       		.uleb128 0x3
 835 0022 0E       		.uleb128 0xe
 836 0023 3A       		.uleb128 0x3a
 837 0024 0B       		.uleb128 0xb
 838 0025 3B       		.uleb128 0x3b
 839 0026 0B       		.uleb128 0xb
 840 0027 49       		.uleb128 0x49
 841 0028 13       		.uleb128 0x13
 842 0029 00       		.byte	0
 843 002a 00       		.byte	0
 844 002b 04       		.uleb128 0x4
 845 002c 24       		.uleb128 0x24
 846 002d 00       		.byte	0
 847 002e 0B       		.uleb128 0xb
 848 002f 0B       		.uleb128 0xb
 849 0030 3E       		.uleb128 0x3e
 850 0031 0B       		.uleb128 0xb
 851 0032 03       		.uleb128 0x3
 852 0033 08       		.uleb128 0x8
 853 0034 00       		.byte	0
 854 0035 00       		.byte	0
 855 0036 05       		.uleb128 0x5
 856 0037 04       		.uleb128 0x4
 857 0038 01       		.byte	0x1
 858 0039 03       		.uleb128 0x3
 859 003a 08       		.uleb128 0x8
 860 003b 0B       		.uleb128 0xb
 861 003c 0B       		.uleb128 0xb
 862 003d 49       		.uleb128 0x49
 863 003e 13       		.uleb128 0x13
 864 003f 3A       		.uleb128 0x3a
 865 0040 0B       		.uleb128 0xb
 866 0041 3B       		.uleb128 0x3b
 867 0042 0B       		.uleb128 0xb
 868 0043 01       		.uleb128 0x1
 869 0044 13       		.uleb128 0x13
 870 0045 00       		.byte	0
ARM GAS  C:\Users\Reza\AppData\Local\Temp\ccRg6zzu.s 			page 19


 871 0046 00       		.byte	0
 872 0047 06       		.uleb128 0x6
 873 0048 28       		.uleb128 0x28
 874 0049 00       		.byte	0
 875 004a 03       		.uleb128 0x3
 876 004b 0E       		.uleb128 0xe
 877 004c 1C       		.uleb128 0x1c
 878 004d 0B       		.uleb128 0xb
 879 004e 00       		.byte	0
 880 004f 00       		.byte	0
 881 0050 07       		.uleb128 0x7
 882 0051 28       		.uleb128 0x28
 883 0052 00       		.byte	0
 884 0053 03       		.uleb128 0x3
 885 0054 0E       		.uleb128 0xe
 886 0055 1C       		.uleb128 0x1c
 887 0056 0D       		.uleb128 0xd
 888 0057 00       		.byte	0
 889 0058 00       		.byte	0
 890 0059 08       		.uleb128 0x8
 891 005a 04       		.uleb128 0x4
 892 005b 01       		.byte	0x1
 893 005c 03       		.uleb128 0x3
 894 005d 0E       		.uleb128 0xe
 895 005e 0B       		.uleb128 0xb
 896 005f 0B       		.uleb128 0xb
 897 0060 49       		.uleb128 0x49
 898 0061 13       		.uleb128 0x13
 899 0062 3A       		.uleb128 0x3a
 900 0063 0B       		.uleb128 0xb
 901 0064 3B       		.uleb128 0x3b
 902 0065 0B       		.uleb128 0xb
 903 0066 01       		.uleb128 0x1
 904 0067 13       		.uleb128 0x13
 905 0068 00       		.byte	0
 906 0069 00       		.byte	0
 907 006a 09       		.uleb128 0x9
 908 006b 13       		.uleb128 0x13
 909 006c 01       		.byte	0x1
 910 006d 03       		.uleb128 0x3
 911 006e 0E       		.uleb128 0xe
 912 006f 0B       		.uleb128 0xb
 913 0070 0B       		.uleb128 0xb
 914 0071 3A       		.uleb128 0x3a
 915 0072 0B       		.uleb128 0xb
 916 0073 3B       		.uleb128 0x3b
 917 0074 0B       		.uleb128 0xb
 918 0075 01       		.uleb128 0x1
 919 0076 13       		.uleb128 0x13
 920 0077 00       		.byte	0
 921 0078 00       		.byte	0
 922 0079 0A       		.uleb128 0xa
 923 007a 0D       		.uleb128 0xd
 924 007b 00       		.byte	0
 925 007c 03       		.uleb128 0x3
 926 007d 08       		.uleb128 0x8
 927 007e 3A       		.uleb128 0x3a
ARM GAS  C:\Users\Reza\AppData\Local\Temp\ccRg6zzu.s 			page 20


 928 007f 0B       		.uleb128 0xb
 929 0080 3B       		.uleb128 0x3b
 930 0081 0B       		.uleb128 0xb
 931 0082 49       		.uleb128 0x49
 932 0083 13       		.uleb128 0x13
 933 0084 38       		.uleb128 0x38
 934 0085 0B       		.uleb128 0xb
 935 0086 00       		.byte	0
 936 0087 00       		.byte	0
 937 0088 0B       		.uleb128 0xb
 938 0089 0D       		.uleb128 0xd
 939 008a 00       		.byte	0
 940 008b 03       		.uleb128 0x3
 941 008c 0E       		.uleb128 0xe
 942 008d 3A       		.uleb128 0x3a
 943 008e 0B       		.uleb128 0xb
 944 008f 3B       		.uleb128 0x3b
 945 0090 0B       		.uleb128 0xb
 946 0091 49       		.uleb128 0x49
 947 0092 13       		.uleb128 0x13
 948 0093 38       		.uleb128 0x38
 949 0094 0B       		.uleb128 0xb
 950 0095 00       		.byte	0
 951 0096 00       		.byte	0
 952 0097 0C       		.uleb128 0xc
 953 0098 04       		.uleb128 0x4
 954 0099 01       		.byte	0x1
 955 009a 0B       		.uleb128 0xb
 956 009b 0B       		.uleb128 0xb
 957 009c 49       		.uleb128 0x49
 958 009d 13       		.uleb128 0x13
 959 009e 3A       		.uleb128 0x3a
 960 009f 0B       		.uleb128 0xb
 961 00a0 3B       		.uleb128 0x3b
 962 00a1 0B       		.uleb128 0xb
 963 00a2 01       		.uleb128 0x1
 964 00a3 13       		.uleb128 0x13
 965 00a4 00       		.byte	0
 966 00a5 00       		.byte	0
 967 00a6 0D       		.uleb128 0xd
 968 00a7 2E       		.uleb128 0x2e
 969 00a8 01       		.byte	0x1
 970 00a9 3F       		.uleb128 0x3f
 971 00aa 19       		.uleb128 0x19
 972 00ab 03       		.uleb128 0x3
 973 00ac 0E       		.uleb128 0xe
 974 00ad 3A       		.uleb128 0x3a
 975 00ae 0B       		.uleb128 0xb
 976 00af 3B       		.uleb128 0x3b
 977 00b0 0B       		.uleb128 0xb
 978 00b1 27       		.uleb128 0x27
 979 00b2 19       		.uleb128 0x19
 980 00b3 49       		.uleb128 0x49
 981 00b4 13       		.uleb128 0x13
 982 00b5 11       		.uleb128 0x11
 983 00b6 01       		.uleb128 0x1
 984 00b7 12       		.uleb128 0x12
ARM GAS  C:\Users\Reza\AppData\Local\Temp\ccRg6zzu.s 			page 21


 985 00b8 06       		.uleb128 0x6
 986 00b9 40       		.uleb128 0x40
 987 00ba 18       		.uleb128 0x18
 988 00bb 9742     		.uleb128 0x2117
 989 00bd 19       		.uleb128 0x19
 990 00be 01       		.uleb128 0x1
 991 00bf 13       		.uleb128 0x13
 992 00c0 00       		.byte	0
 993 00c1 00       		.byte	0
 994 00c2 0E       		.uleb128 0xe
 995 00c3 05       		.uleb128 0x5
 996 00c4 00       		.byte	0
 997 00c5 03       		.uleb128 0x3
 998 00c6 08       		.uleb128 0x8
 999 00c7 3A       		.uleb128 0x3a
 1000 00c8 0B       		.uleb128 0xb
 1001 00c9 3B       		.uleb128 0x3b
 1002 00ca 0B       		.uleb128 0xb
 1003 00cb 49       		.uleb128 0x49
 1004 00cc 13       		.uleb128 0x13
 1005 00cd 02       		.uleb128 0x2
 1006 00ce 17       		.uleb128 0x17
 1007 00cf 00       		.byte	0
 1008 00d0 00       		.byte	0
 1009 00d1 0F       		.uleb128 0xf
 1010 00d2 05       		.uleb128 0x5
 1011 00d3 00       		.byte	0
 1012 00d4 03       		.uleb128 0x3
 1013 00d5 08       		.uleb128 0x8
 1014 00d6 3A       		.uleb128 0x3a
 1015 00d7 0B       		.uleb128 0xb
 1016 00d8 3B       		.uleb128 0x3b
 1017 00d9 0B       		.uleb128 0xb
 1018 00da 49       		.uleb128 0x49
 1019 00db 13       		.uleb128 0x13
 1020 00dc 02       		.uleb128 0x2
 1021 00dd 18       		.uleb128 0x18
 1022 00de 00       		.byte	0
 1023 00df 00       		.byte	0
 1024 00e0 10       		.uleb128 0x10
 1025 00e1 0F       		.uleb128 0xf
 1026 00e2 00       		.byte	0
 1027 00e3 0B       		.uleb128 0xb
 1028 00e4 0B       		.uleb128 0xb
 1029 00e5 49       		.uleb128 0x49
 1030 00e6 13       		.uleb128 0x13
 1031 00e7 00       		.byte	0
 1032 00e8 00       		.byte	0
 1033 00e9 11       		.uleb128 0x11
 1034 00ea 26       		.uleb128 0x26
 1035 00eb 00       		.byte	0
 1036 00ec 49       		.uleb128 0x49
 1037 00ed 13       		.uleb128 0x13
 1038 00ee 00       		.byte	0
 1039 00ef 00       		.byte	0
 1040 00f0 12       		.uleb128 0x12
 1041 00f1 05       		.uleb128 0x5
ARM GAS  C:\Users\Reza\AppData\Local\Temp\ccRg6zzu.s 			page 22


 1042 00f2 00       		.byte	0
 1043 00f3 03       		.uleb128 0x3
 1044 00f4 0E       		.uleb128 0xe
 1045 00f5 3A       		.uleb128 0x3a
 1046 00f6 0B       		.uleb128 0xb
 1047 00f7 3B       		.uleb128 0x3b
 1048 00f8 0B       		.uleb128 0xb
 1049 00f9 49       		.uleb128 0x49
 1050 00fa 13       		.uleb128 0x13
 1051 00fb 02       		.uleb128 0x2
 1052 00fc 18       		.uleb128 0x18
 1053 00fd 00       		.byte	0
 1054 00fe 00       		.byte	0
 1055 00ff 13       		.uleb128 0x13
 1056 0100 34       		.uleb128 0x34
 1057 0101 00       		.byte	0
 1058 0102 03       		.uleb128 0x3
 1059 0103 08       		.uleb128 0x8
 1060 0104 3A       		.uleb128 0x3a
 1061 0105 0B       		.uleb128 0xb
 1062 0106 3B       		.uleb128 0x3b
 1063 0107 0B       		.uleb128 0xb
 1064 0108 49       		.uleb128 0x49
 1065 0109 13       		.uleb128 0x13
 1066 010a 02       		.uleb128 0x2
 1067 010b 17       		.uleb128 0x17
 1068 010c 00       		.byte	0
 1069 010d 00       		.byte	0
 1070 010e 14       		.uleb128 0x14
 1071 010f 34       		.uleb128 0x34
 1072 0110 00       		.byte	0
 1073 0111 03       		.uleb128 0x3
 1074 0112 0E       		.uleb128 0xe
 1075 0113 3A       		.uleb128 0x3a
 1076 0114 0B       		.uleb128 0xb
 1077 0115 3B       		.uleb128 0x3b
 1078 0116 0B       		.uleb128 0xb
 1079 0117 49       		.uleb128 0x49
 1080 0118 13       		.uleb128 0x13
 1081 0119 02       		.uleb128 0x2
 1082 011a 17       		.uleb128 0x17
 1083 011b 00       		.byte	0
 1084 011c 00       		.byte	0
 1085 011d 15       		.uleb128 0x15
 1086 011e 898201   		.uleb128 0x4109
 1087 0121 01       		.byte	0x1
 1088 0122 11       		.uleb128 0x11
 1089 0123 01       		.uleb128 0x1
 1090 0124 31       		.uleb128 0x31
 1091 0125 13       		.uleb128 0x13
 1092 0126 01       		.uleb128 0x1
 1093 0127 13       		.uleb128 0x13
 1094 0128 00       		.byte	0
 1095 0129 00       		.byte	0
 1096 012a 16       		.uleb128 0x16
 1097 012b 8A8201   		.uleb128 0x410a
 1098 012e 00       		.byte	0
ARM GAS  C:\Users\Reza\AppData\Local\Temp\ccRg6zzu.s 			page 23


 1099 012f 02       		.uleb128 0x2
 1100 0130 18       		.uleb128 0x18
 1101 0131 9142     		.uleb128 0x2111
 1102 0133 18       		.uleb128 0x18
 1103 0134 00       		.byte	0
 1104 0135 00       		.byte	0
 1105 0136 17       		.uleb128 0x17
 1106 0137 898201   		.uleb128 0x4109
 1107 013a 01       		.byte	0x1
 1108 013b 11       		.uleb128 0x11
 1109 013c 01       		.uleb128 0x1
 1110 013d 31       		.uleb128 0x31
 1111 013e 13       		.uleb128 0x13
 1112 013f 00       		.byte	0
 1113 0140 00       		.byte	0
 1114 0141 18       		.uleb128 0x18
 1115 0142 05       		.uleb128 0x5
 1116 0143 00       		.byte	0
 1117 0144 03       		.uleb128 0x3
 1118 0145 0E       		.uleb128 0xe
 1119 0146 3A       		.uleb128 0x3a
 1120 0147 0B       		.uleb128 0xb
 1121 0148 3B       		.uleb128 0x3b
 1122 0149 0B       		.uleb128 0xb
 1123 014a 49       		.uleb128 0x49
 1124 014b 13       		.uleb128 0x13
 1125 014c 02       		.uleb128 0x2
 1126 014d 17       		.uleb128 0x17
 1127 014e 00       		.byte	0
 1128 014f 00       		.byte	0
 1129 0150 19       		.uleb128 0x19
 1130 0151 34       		.uleb128 0x34
 1131 0152 00       		.byte	0
 1132 0153 03       		.uleb128 0x3
 1133 0154 0E       		.uleb128 0xe
 1134 0155 3A       		.uleb128 0x3a
 1135 0156 0B       		.uleb128 0xb
 1136 0157 3B       		.uleb128 0x3b
 1137 0158 0B       		.uleb128 0xb
 1138 0159 49       		.uleb128 0x49
 1139 015a 13       		.uleb128 0x13
 1140 015b 3F       		.uleb128 0x3f
 1141 015c 19       		.uleb128 0x19
 1142 015d 3C       		.uleb128 0x3c
 1143 015e 19       		.uleb128 0x19
 1144 015f 00       		.byte	0
 1145 0160 00       		.byte	0
 1146 0161 1A       		.uleb128 0x1a
 1147 0162 34       		.uleb128 0x34
 1148 0163 00       		.byte	0
 1149 0164 03       		.uleb128 0x3
 1150 0165 0E       		.uleb128 0xe
 1151 0166 3A       		.uleb128 0x3a
 1152 0167 0B       		.uleb128 0xb
 1153 0168 3B       		.uleb128 0x3b
 1154 0169 05       		.uleb128 0x5
 1155 016a 49       		.uleb128 0x49
ARM GAS  C:\Users\Reza\AppData\Local\Temp\ccRg6zzu.s 			page 24


 1156 016b 13       		.uleb128 0x13
 1157 016c 3F       		.uleb128 0x3f
 1158 016d 19       		.uleb128 0x19
 1159 016e 3C       		.uleb128 0x3c
 1160 016f 19       		.uleb128 0x19
 1161 0170 00       		.byte	0
 1162 0171 00       		.byte	0
 1163 0172 1B       		.uleb128 0x1b
 1164 0173 35       		.uleb128 0x35
 1165 0174 00       		.byte	0
 1166 0175 49       		.uleb128 0x49
 1167 0176 13       		.uleb128 0x13
 1168 0177 00       		.byte	0
 1169 0178 00       		.byte	0
 1170 0179 1C       		.uleb128 0x1c
 1171 017a 34       		.uleb128 0x34
 1172 017b 00       		.byte	0
 1173 017c 03       		.uleb128 0x3
 1174 017d 0E       		.uleb128 0xe
 1175 017e 3A       		.uleb128 0x3a
 1176 017f 0B       		.uleb128 0xb
 1177 0180 3B       		.uleb128 0x3b
 1178 0181 0B       		.uleb128 0xb
 1179 0182 49       		.uleb128 0x49
 1180 0183 13       		.uleb128 0x13
 1181 0184 3F       		.uleb128 0x3f
 1182 0185 19       		.uleb128 0x19
 1183 0186 02       		.uleb128 0x2
 1184 0187 18       		.uleb128 0x18
 1185 0188 00       		.byte	0
 1186 0189 00       		.byte	0
 1187 018a 1D       		.uleb128 0x1d
 1188 018b 2E       		.uleb128 0x2e
 1189 018c 00       		.byte	0
 1190 018d 3F       		.uleb128 0x3f
 1191 018e 19       		.uleb128 0x19
 1192 018f 3C       		.uleb128 0x3c
 1193 0190 19       		.uleb128 0x19
 1194 0191 6E       		.uleb128 0x6e
 1195 0192 0E       		.uleb128 0xe
 1196 0193 03       		.uleb128 0x3
 1197 0194 0E       		.uleb128 0xe
 1198 0195 3A       		.uleb128 0x3a
 1199 0196 0B       		.uleb128 0xb
 1200 0197 3B       		.uleb128 0x3b
 1201 0198 0B       		.uleb128 0xb
 1202 0199 00       		.byte	0
 1203 019a 00       		.byte	0
 1204 019b 00       		.byte	0
 1205              		.section	.debug_loc,"",%progbits
 1206              	.Ldebug_loc0:
 1207              	.LLST0:
 1208 0000 00000000 		.4byte	.LVL0
 1209 0004 0A000000 		.4byte	.LVL1
 1210 0008 0100     		.2byte	0x1
 1211 000a 50       		.byte	0x50
 1212 000b 0A000000 		.4byte	.LVL1
ARM GAS  C:\Users\Reza\AppData\Local\Temp\ccRg6zzu.s 			page 25


 1213 000f 0C000000 		.4byte	.LFE110
 1214 0013 0400     		.2byte	0x4
 1215 0015 F3       		.byte	0xf3
 1216 0016 01       		.uleb128 0x1
 1217 0017 50       		.byte	0x50
 1218 0018 9F       		.byte	0x9f
 1219 0019 00000000 		.4byte	0
 1220 001d 00000000 		.4byte	0
 1221              	.LLST1:
 1222 0021 00000000 		.4byte	.LVL2
 1223 0025 0A000000 		.4byte	.LVL3
 1224 0029 0100     		.2byte	0x1
 1225 002b 50       		.byte	0x50
 1226 002c 0A000000 		.4byte	.LVL3
 1227 0030 0C000000 		.4byte	.LFE111
 1228 0034 0400     		.2byte	0x4
 1229 0036 F3       		.byte	0xf3
 1230 0037 01       		.uleb128 0x1
 1231 0038 50       		.byte	0x50
 1232 0039 9F       		.byte	0x9f
 1233 003a 00000000 		.4byte	0
 1234 003e 00000000 		.4byte	0
 1235              	.LLST2:
 1236 0042 00000000 		.4byte	.LVL4
 1237 0046 26000000 		.4byte	.LVL9
 1238 004a 0100     		.2byte	0x1
 1239 004c 50       		.byte	0x50
 1240 004d 26000000 		.4byte	.LVL9
 1241 0051 3A000000 		.4byte	.LVL12
 1242 0055 0100     		.2byte	0x1
 1243 0057 54       		.byte	0x54
 1244 0058 3A000000 		.4byte	.LVL12
 1245 005c 3C000000 		.4byte	.LVL13
 1246 0060 0100     		.2byte	0x1
 1247 0062 50       		.byte	0x50
 1248 0063 3C000000 		.4byte	.LVL13
 1249 0067 5E000000 		.4byte	.LFE112
 1250 006b 0100     		.2byte	0x1
 1251 006d 54       		.byte	0x54
 1252 006e 00000000 		.4byte	0
 1253 0072 00000000 		.4byte	0
 1254              	.LLST3:
 1255 0076 04000000 		.4byte	.LVL5
 1256 007a 12000000 		.4byte	.LVL6
 1257 007e 0200     		.2byte	0x2
 1258 0080 33       		.byte	0x33
 1259 0081 9F       		.byte	0x9f
 1260 0082 12000000 		.4byte	.LVL6
 1261 0086 18000000 		.4byte	.LVL7
 1262 008a 0200     		.2byte	0x2
 1263 008c 30       		.byte	0x30
 1264 008d 9F       		.byte	0x9f
 1265 008e 18000000 		.4byte	.LVL7
 1266 0092 1C000000 		.4byte	.LVL8
 1267 0096 0200     		.2byte	0x2
 1268 0098 33       		.byte	0x33
 1269 0099 9F       		.byte	0x9f
ARM GAS  C:\Users\Reza\AppData\Local\Temp\ccRg6zzu.s 			page 26


 1270 009a 1C000000 		.4byte	.LVL8
 1271 009e 5E000000 		.4byte	.LFE112
 1272 00a2 0100     		.2byte	0x1
 1273 00a4 56       		.byte	0x56
 1274 00a5 00000000 		.4byte	0
 1275 00a9 00000000 		.4byte	0
 1276              	.LLST4:
 1277 00ad 04000000 		.4byte	.LVL5
 1278 00b1 1C000000 		.4byte	.LVL8
 1279 00b5 0200     		.2byte	0x2
 1280 00b7 30       		.byte	0x30
 1281 00b8 9F       		.byte	0x9f
 1282 00b9 1C000000 		.4byte	.LVL8
 1283 00bd 5E000000 		.4byte	.LFE112
 1284 00c1 0100     		.2byte	0x1
 1285 00c3 55       		.byte	0x55
 1286 00c4 00000000 		.4byte	0
 1287 00c8 00000000 		.4byte	0
 1288              	.LLST5:
 1289 00cc 00000000 		.4byte	.LVL18
 1290 00d0 06000000 		.4byte	.LVL19
 1291 00d4 0100     		.2byte	0x1
 1292 00d6 50       		.byte	0x50
 1293 00d7 06000000 		.4byte	.LVL19
 1294 00db 08000000 		.4byte	.LFE113
 1295 00df 0400     		.2byte	0x4
 1296 00e1 F3       		.byte	0xf3
 1297 00e2 01       		.uleb128 0x1
 1298 00e3 50       		.byte	0x50
 1299 00e4 9F       		.byte	0x9f
 1300 00e5 00000000 		.4byte	0
 1301 00e9 00000000 		.4byte	0
 1302              		.section	.debug_aranges,"",%progbits
 1303 0000 34000000 		.4byte	0x34
 1304 0004 0200     		.2byte	0x2
 1305 0006 00000000 		.4byte	.Ldebug_info0
 1306 000a 04       		.byte	0x4
 1307 000b 00       		.byte	0
 1308 000c 0000     		.2byte	0
 1309 000e 0000     		.2byte	0
 1310 0010 00000000 		.4byte	.LFB110
 1311 0014 0C000000 		.4byte	.LFE110-.LFB110
 1312 0018 00000000 		.4byte	.LFB111
 1313 001c 0C000000 		.4byte	.LFE111-.LFB111
 1314 0020 00000000 		.4byte	.LFB112
 1315 0024 5E000000 		.4byte	.LFE112-.LFB112
 1316 0028 00000000 		.4byte	.LFB113
 1317 002c 08000000 		.4byte	.LFE113-.LFB113
 1318 0030 00000000 		.4byte	0
 1319 0034 00000000 		.4byte	0
 1320              		.section	.debug_ranges,"",%progbits
 1321              	.Ldebug_ranges0:
 1322 0000 00000000 		.4byte	.LFB110
 1323 0004 0C000000 		.4byte	.LFE110
 1324 0008 00000000 		.4byte	.LFB111
 1325 000c 0C000000 		.4byte	.LFE111
 1326 0010 00000000 		.4byte	.LFB112
ARM GAS  C:\Users\Reza\AppData\Local\Temp\ccRg6zzu.s 			page 27


 1327 0014 5E000000 		.4byte	.LFE112
 1328 0018 00000000 		.4byte	.LFB113
 1329 001c 08000000 		.4byte	.LFE113
 1330 0020 00000000 		.4byte	0
 1331 0024 00000000 		.4byte	0
 1332              		.section	.debug_line,"",%progbits
 1333              	.Ldebug_line0:
 1334 0000 9C020000 		.section	.debug_str,"MS",%progbits,1
 1334      02003502 
 1334      00000201 
 1334      FB0E0D00 
 1334      01010101 
 1335              	.LASF85:
 1336 0000 4C45445F 		.ascii	"LED_Toggle\000"
 1336      546F6767 
 1336      6C6500
 1337              	.LASF52:
 1338 000b 424C494E 		.ascii	"BLINKER_LEFT\000"
 1338      4B45525F 
 1338      4C454654 
 1338      00
 1339              	.LASF24:
 1340 0018 52435F53 		.ascii	"RC_SUCCESS\000"
 1340      55434345 
 1340      535300
 1341              	.LASF76:
 1342 0023 72696768 		.ascii	"right\000"
 1342      7400
 1343              	.LASF0:
 1344 0029 7369676E 		.ascii	"signed char\000"
 1344      65642063 
 1344      68617200 
 1345              	.LASF39:
 1346 0035 52435F45 		.ascii	"RC_ERROR_WRITE_ONLY\000"
 1346      52524F52 
 1346      5F575249 
 1346      54455F4F 
 1346      4E4C5900 
 1347              	.LASF50:
 1348 0049 65426C69 		.ascii	"eBlinker\000"
 1348      6E6B6572 
 1348      00
 1349              	.LASF30:
 1350 0052 52435F45 		.ascii	"RC_ERROR_OVERRUN\000"
 1350      52524F52 
 1350      5F4F5645 
 1350      5252554E 
 1350      00
 1351              	.LASF42:
 1352 0063 52435F45 		.ascii	"RC_ERROR_WRITE_FAILS\000"
 1352      52524F52 
 1352      5F575249 
 1352      54455F46 
 1352      41494C53 
 1353              	.LASF17:
 1354 0078 73697A65 		.ascii	"sizetype\000"
 1354      74797065 
ARM GAS  C:\Users\Reza\AppData\Local\Temp\ccRg6zzu.s 			page 28


 1354      00
 1355              	.LASF92:
 1356 0081 73426C69 		.ascii	"sBlinker\000"
 1356      6E6B6572 
 1356      00
 1357              	.LASF57:
 1358 008a 53455645 		.ascii	"SEVEN_0\000"
 1358      4E5F3000 
 1359              	.LASF27:
 1360 0092 52435F45 		.ascii	"RC_ERROR_ZERO\000"
 1360      52524F52 
 1360      5F5A4552 
 1360      4F00
 1361              	.LASF21:
 1362 00a0 45455F46 		.ascii	"EE_FREG\000"
 1362      52454700 
 1363              	.LASF41:
 1364 00a8 52435F45 		.ascii	"RC_ERROR_READ_FAILS\000"
 1364      52524F52 
 1364      5F524541 
 1364      445F4641 
 1364      494C5300 
 1365              	.LASF72:
 1366 00bc 424C494E 		.ascii	"BLINKER_Blink\000"
 1366      4B45525F 
 1366      426C696E 
 1366      6B00
 1367              	.LASF19:
 1368 00ca 45455F55 		.ascii	"EE_UINT32\000"
 1368      494E5433 
 1368      3200
 1369              	.LASF74:
 1370 00d4 424C494E 		.ascii	"BLINKER_Emergency\000"
 1370      4B45525F 
 1370      456D6572 
 1370      67656E63 
 1370      7900
 1371              	.LASF56:
 1372 00e6 424C494E 		.ascii	"BLINKER_t\000"
 1372      4B45525F 
 1372      7400
 1373              	.LASF66:
 1374 00f0 654C4544 		.ascii	"eLED_ONOFF\000"
 1374      5F4F4E4F 
 1374      464600
 1375              	.LASF11:
 1376 00fb 75696E74 		.ascii	"uint8_t\000"
 1376      385F7400 
 1377              	.LASF47:
 1378 0103 52435F45 		.ascii	"RC_ERROR_INVALID_STATE\000"
 1378      52524F52 
 1378      5F494E56 
 1378      414C4944 
 1378      5F535441 
 1379              	.LASF91:
 1380 011a 443A5C48 		.ascii	"D:\\H_da\\Winter Semester\\MM03 Advanced Microcontr"
 1380      5F64615C 
ARM GAS  C:\Users\Reza\AppData\Local\Temp\ccRg6zzu.s 			page 29


 1380      57696E74 
 1380      65722053 
 1380      656D6573 
 1381 014a 6F6C6C65 		.ascii	"oller Systems and Embedded Operating Systems\\Lectu"
 1381      72205379 
 1381      7374656D 
 1381      7320616E 
 1381      6420456D 
 1382 017c 72652050 		.ascii	"re Prof. Fromm\\workspace\\workspace_psoc\\Reaction"
 1382      726F662E 
 1382      2046726F 
 1382      6D6D5C77 
 1382      6F726B73 
 1383 01ac 47616D65 		.ascii	"Game_with erika.cydsn\000"
 1383      5F776974 
 1383      68206572 
 1383      696B612E 
 1383      63796473 
 1384              	.LASF81:
 1385 01c2 45455F49 		.ascii	"EE_IRQ_nesting_level\000"
 1385      52515F6E 
 1385      65737469 
 1385      6E675F6C 
 1385      6576656C 
 1386              	.LASF80:
 1387 01d7 45455F73 		.ascii	"EE_std_endcycle_next_tid\000"
 1387      74645F65 
 1387      6E646379 
 1387      636C655F 
 1387      6E657874 
 1388              	.LASF83:
 1389 01f0 424C494E 		.ascii	"BLINKER_left\000"
 1389      4B45525F 
 1389      6C656674 
 1389      00
 1390              	.LASF13:
 1391 01fd 666C6F61 		.ascii	"float\000"
 1391      7400
 1392              	.LASF86:
 1393 0203 53455645 		.ascii	"SEVEN_Set\000"
 1393      4E5F5365 
 1393      7400
 1394              	.LASF8:
 1395 020d 6C6F6E67 		.ascii	"long long int\000"
 1395      206C6F6E 
 1395      6720696E 
 1395      7400
 1396              	.LASF60:
 1397 021b 654C4544 		.ascii	"eLED_id\000"
 1397      5F696400 
 1398              	.LASF78:
 1399 0223 45455F6F 		.ascii	"EE_oo_IRQ_suspend_status\000"
 1399      6F5F4952 
 1399      515F7375 
 1399      7370656E 
 1399      645F7374 
 1400              	.LASF43:
ARM GAS  C:\Users\Reza\AppData\Local\Temp\ccRg6zzu.s 			page 30


 1401 023c 52435F45 		.ascii	"RC_ERROR_NOT_MATCH\000"
 1401      52524F52 
 1401      5F4E4F54 
 1401      5F4D4154 
 1401      434800
 1402              	.LASF48:
 1403 024f 52435F45 		.ascii	"RC_ERROR_UNKNOWN\000"
 1403      52524F52 
 1403      5F554E4B 
 1403      4E4F574E 
 1403      00
 1404              	.LASF6:
 1405 0260 6C6F6E67 		.ascii	"long int\000"
 1405      20696E74 
 1405      00
 1406              	.LASF31:
 1407 0269 52435F45 		.ascii	"RC_ERROR_UNDERRUN\000"
 1407      52524F52 
 1407      5F554E44 
 1407      45525255 
 1407      4E00
 1408              	.LASF22:
 1409 027b 45455F54 		.ascii	"EE_TID\000"
 1409      494400
 1410              	.LASF34:
 1411 0282 52435F45 		.ascii	"RC_ERROR_BUSY\000"
 1411      52524F52 
 1411      5F425553 
 1411      5900
 1412              	.LASF2:
 1413 0290 73686F72 		.ascii	"short int\000"
 1413      7420696E 
 1413      7400
 1414              	.LASF4:
 1415 029a 5F5F7569 		.ascii	"__uint8_t\000"
 1415      6E74385F 
 1415      7400
 1416              	.LASF40:
 1417 02a4 52435F45 		.ascii	"RC_ERROR_INVALID\000"
 1417      52524F52 
 1417      5F494E56 
 1417      414C4944 
 1417      00
 1418              	.LASF45:
 1419 02b5 52435F45 		.ascii	"RC_ERROR_BAD_DATA\000"
 1419      52524F52 
 1419      5F424144 
 1419      5F444154 
 1419      4100
 1420              	.LASF23:
 1421 02c7 626F6F6C 		.ascii	"boolean_t\000"
 1421      65616E5F 
 1421      7400
 1422              	.LASF38:
 1423 02d1 52435F45 		.ascii	"RC_ERROR_READ_ONLY\000"
 1423      52524F52 
 1423      5F524541 
ARM GAS  C:\Users\Reza\AppData\Local\Temp\ccRg6zzu.s 			page 31


 1423      445F4F4E 
 1423      4C5900
 1424              	.LASF87:
 1425 02e4 53455645 		.ascii	"SEVEN_Clear\000"
 1425      4E5F436C 
 1425      65617200 
 1426              	.LASF16:
 1427 02f0 6C6F6E67 		.ascii	"long double\000"
 1427      20646F75 
 1427      626C6500 
 1428              	.LASF53:
 1429 02fc 424C494E 		.ascii	"BLINKER_Id_t\000"
 1429      4B45525F 
 1429      49645F74 
 1429      00
 1430              	.LASF1:
 1431 0309 756E7369 		.ascii	"unsigned char\000"
 1431      676E6564 
 1431      20636861 
 1431      7200
 1432              	.LASF46:
 1433 0317 52435F45 		.ascii	"RC_ERROR_CANCELED\000"
 1433      52524F52 
 1433      5F43414E 
 1433      43454C45 
 1433      4400
 1434              	.LASF58:
 1435 0329 53455645 		.ascii	"SEVEN_1\000"
 1435      4E5F3100 
 1436              	.LASF12:
 1437 0331 696E7433 		.ascii	"int32_t\000"
 1437      325F7400 
 1438              	.LASF9:
 1439 0339 6C6F6E67 		.ascii	"long long unsigned int\000"
 1439      206C6F6E 
 1439      6720756E 
 1439      7369676E 
 1439      65642069 
 1440              	.LASF68:
 1441 0350 4C45445F 		.ascii	"LED_ON\000"
 1441      4F4E00
 1442              	.LASF65:
 1443 0357 4C45445F 		.ascii	"LED_id_t\000"
 1443      69645F74 
 1443      00
 1444              	.LASF10:
 1445 0360 756E7369 		.ascii	"unsigned int\000"
 1445      676E6564 
 1445      20696E74 
 1445      00
 1446              	.LASF36:
 1447 036d 52435F45 		.ascii	"RC_ERROR_OPEN\000"
 1447      52524F52 
 1447      5F4F5045 
 1447      4E00
 1448              	.LASF88:
 1449 037b 4C45445F 		.ascii	"LED_Set\000"
ARM GAS  C:\Users\Reza\AppData\Local\Temp\ccRg6zzu.s 			page 32


 1449      53657400 
 1450              	.LASF67:
 1451 0383 4C45445F 		.ascii	"LED_OFF\000"
 1451      4F464600 
 1452              	.LASF62:
 1453 038b 4C45445F 		.ascii	"LED_YELLOW\000"
 1453      59454C4C 
 1453      4F5700
 1454              	.LASF26:
 1455 0396 52435F45 		.ascii	"RC_ERROR_NULL\000"
 1455      52524F52 
 1455      5F4E554C 
 1455      4C00
 1456              	.LASF33:
 1457 03a4 52435F45 		.ascii	"RC_ERROR_BUFFER_EMTPY\000"
 1457      52524F52 
 1457      5F425546 
 1457      4645525F 
 1457      454D5450 
 1458              	.LASF18:
 1459 03ba 45455F49 		.ascii	"EE_INT32\000"
 1459      4E543332 
 1459      00
 1460              	.LASF3:
 1461 03c3 73686F72 		.ascii	"short unsigned int\000"
 1461      7420756E 
 1461      7369676E 
 1461      65642069 
 1461      6E7400
 1462              	.LASF89:
 1463 03d6 474E5520 		.ascii	"GNU C11 5.4.1 20160609 (release) [ARM/embedded-5-br"
 1463      43313120 
 1463      352E342E 
 1463      31203230 
 1463      31363036 
 1464 0409 616E6368 		.ascii	"anch revision 237715] -mcpu=cortex-m3 -mthumb -g -O"
 1464      20726576 
 1464      6973696F 
 1464      6E203233 
 1464      37373135 
 1465 043c 67202D66 		.ascii	"g -ffunction-sections -ffat-lto-objects\000"
 1465      66756E63 
 1465      74696F6E 
 1465      2D736563 
 1465      74696F6E 
 1466              	.LASF15:
 1467 0464 63686172 		.ascii	"char\000"
 1467      00
 1468              	.LASF70:
 1469 0469 424C494E 		.ascii	"BLINKER_Set\000"
 1469      4B45525F 
 1469      53657400 
 1470              	.LASF90:
 1471 0475 736F7572 		.ascii	"source\\asw\\blinker.c\000"
 1471      63655C61 
 1471      73775C62 
 1471      6C696E6B 
ARM GAS  C:\Users\Reza\AppData\Local\Temp\ccRg6zzu.s 			page 33


 1471      65722E63 
 1472              	.LASF32:
 1473 048a 52435F45 		.ascii	"RC_ERROR_BUFFER_FULL\000"
 1473      52524F52 
 1473      5F425546 
 1473      4645525F 
 1473      46554C4C 
 1474              	.LASF75:
 1475 049f 6C656674 		.ascii	"left\000"
 1475      00
 1476              	.LASF51:
 1477 04a4 424C494E 		.ascii	"BLINKER_RIGHT\000"
 1477      4B45525F 
 1477      52494748 
 1477      5400
 1478              	.LASF44:
 1479 04b2 52435F45 		.ascii	"RC_ERROR_BAD_PARAM\000"
 1479      52524F52 
 1479      5F424144 
 1479      5F504152 
 1479      414D00
 1480              	.LASF63:
 1481 04c5 4C45445F 		.ascii	"LED_GREEN\000"
 1481      47524545 
 1481      4E00
 1482              	.LASF55:
 1483 04cf 656D6572 		.ascii	"emergency\000"
 1483      67656E63 
 1483      7900
 1484              	.LASF79:
 1485 04d9 45455F41 		.ascii	"EE_ApplicationMode\000"
 1485      70706C69 
 1485      63617469 
 1485      6F6E4D6F 
 1485      646500
 1486              	.LASF7:
 1487 04ec 6C6F6E67 		.ascii	"long unsigned int\000"
 1487      20756E73 
 1487      69676E65 
 1487      6420696E 
 1487      7400
 1488              	.LASF14:
 1489 04fe 646F7562 		.ascii	"double\000"
 1489      6C6500
 1490              	.LASF59:
 1491 0505 53455645 		.ascii	"SEVEN_id_t\000"
 1491      4E5F6964 
 1491      5F7400
 1492              	.LASF37:
 1493 0510 52435F45 		.ascii	"RC_ERROR_CHECKSUM\000"
 1493      52524F52 
 1493      5F434845 
 1493      434B5355 
 1493      4D00
 1494              	.LASF20:
 1495 0522 45455F55 		.ascii	"EE_UREG\000"
 1495      52454700 
ARM GAS  C:\Users\Reza\AppData\Local\Temp\ccRg6zzu.s 			page 34


 1496              	.LASF73:
 1497 052a 73657665 		.ascii	"seven\000"
 1497      6E00
 1498              	.LASF64:
 1499 0530 4C45445F 		.ascii	"LED_ALL\000"
 1499      414C4C00 
 1500              	.LASF29:
 1501 0538 52435F45 		.ascii	"RC_ERROR_RANGE\000"
 1501      52524F52 
 1501      5F52414E 
 1501      474500
 1502              	.LASF5:
 1503 0547 5F5F696E 		.ascii	"__int32_t\000"
 1503      7433325F 
 1503      7400
 1504              	.LASF71:
 1505 0551 6E6F426C 		.ascii	"noBlinks\000"
 1505      696E6B73 
 1505      00
 1506              	.LASF84:
 1507 055a 424C494E 		.ascii	"BLINKER_right\000"
 1507      4B45525F 
 1507      72696768 
 1507      7400
 1508              	.LASF82:
 1509 0568 49544D5F 		.ascii	"ITM_RxBuffer\000"
 1509      52784275 
 1509      66666572 
 1509      00
 1510              	.LASF25:
 1511 0575 52435F45 		.ascii	"RC_ERROR\000"
 1511      52524F52 
 1511      00
 1512              	.LASF61:
 1513 057e 4C45445F 		.ascii	"LED_RED\000"
 1513      52454400 
 1514              	.LASF28:
 1515 0586 52435F45 		.ascii	"RC_ERROR_MEMORY\000"
 1515      52524F52 
 1515      5F4D454D 
 1515      4F525900 
 1516              	.LASF77:
 1517 0596 45455F6F 		.ascii	"EE_oo_IRQ_disable_count\000"
 1517      6F5F4952 
 1517      515F6469 
 1517      7361626C 
 1517      655F636F 
 1518              	.LASF54:
 1519 05ae 72656D61 		.ascii	"remainingBlinks\000"
 1519      696E696E 
 1519      67426C69 
 1519      6E6B7300 
 1520              	.LASF49:
 1521 05be 52435F74 		.ascii	"RC_t\000"
 1521      00
 1522              	.LASF69:
 1523 05c3 424C494E 		.ascii	"BLINKER_Init\000"
ARM GAS  C:\Users\Reza\AppData\Local\Temp\ccRg6zzu.s 			page 35


 1523      4B45525F 
 1523      496E6974 
 1523      00
 1524              	.LASF35:
 1525 05d0 52435F45 		.ascii	"RC_ERROR_TIME_OUT\000"
 1525      52524F52 
 1525      5F54494D 
 1525      455F4F55 
 1525      5400
 1526              		.ident	"GCC: (GNU Tools for ARM Embedded Processors) 5.4.1 20160609 (release) [ARM/embedded-5-bran
