ARM GAS  C:\Users\Reza\AppData\Local\Temp\ccUArXPl.s 			page 1


   1              		.syntax unified
   2              		.cpu cortex-m3
   3              		.fpu softvfp
   4              		.eabi_attribute 20, 1
   5              		.eabi_attribute 21, 1
   6              		.eabi_attribute 23, 3
   7              		.eabi_attribute 24, 1
   8              		.eabi_attribute 25, 1
   9              		.eabi_attribute 26, 1
  10              		.eabi_attribute 30, 1
  11              		.eabi_attribute 34, 1
  12              		.eabi_attribute 18, 4
  13              		.thumb
  14              		.syntax unified
  15              		.file	"cymetadata.c"
  16              		.text
  17              	.Ltext0:
  18              		.cfi_sections	.debug_frame
  19              		.global	cy_metadata
  20              		.global	cy_meta_flashprotect
  21              		.global	cy_meta_wonvl
  22              		.global	cy_meta_custnvl
  23              		.global	cy_meta_configecc
  24              		.section	.cyconfigecc,"a",%progbits
  25              		.align	2
  26              		.type	cy_meta_configecc, %object
  27              		.size	cy_meta_configecc, 1912
  28              	cy_meta_configecc:
  29 0000 08       		.byte	8
  30 0001 52       		.byte	82
  31 0002 00       		.byte	0
  32 0003 40       		.byte	64
  33 0004 01       		.byte	1
  34 0005 64       		.byte	100
  35 0006 00       		.byte	0
  36 0007 40       		.byte	64
  37 0008 02       		.byte	2
  38 0009 65       		.byte	101
  39 000a 00       		.byte	0
  40 000b 40       		.byte	64
  41 000c 42       		.byte	66
  42 000d 02       		.byte	2
  43 000e 01       		.byte	1
  44 000f 40       		.byte	64
  45 0010 20       		.byte	32
  46 0011 03       		.byte	3
  47 0012 01       		.byte	1
  48 0013 40       		.byte	64
  49 0014 3F       		.byte	63
  50 0015 04       		.byte	4
  51 0016 01       		.byte	1
  52 0017 40       		.byte	64
  53 0018 22       		.byte	34
  54 0019 05       		.byte	5
  55 001a 01       		.byte	1
  56 001b 40       		.byte	64
  57 001c 04       		.byte	4
ARM GAS  C:\Users\Reza\AppData\Local\Temp\ccUArXPl.s 			page 2


  58 001d 07       		.byte	7
  59 001e 01       		.byte	1
  60 001f 40       		.byte	64
  61 0020 3E       		.byte	62
  62 0021 08       		.byte	8
  63 0022 01       		.byte	1
  64 0023 40       		.byte	64
  65 0024 31       		.byte	49
  66 0025 09       		.byte	9
  67 0026 01       		.byte	1
  68 0027 40       		.byte	64
  69 0028 01       		.byte	1
  70 0029 0B       		.byte	11
  71 002a 01       		.byte	1
  72 002b 40       		.byte	64
  73 002c 01       		.byte	1
  74 002d 0D       		.byte	13
  75 002e 01       		.byte	1
  76 002f 40       		.byte	64
  77 0030 09       		.byte	9
  78 0031 15       		.byte	21
  79 0032 01       		.byte	1
  80 0033 40       		.byte	64
  81 0034 49       		.byte	73
  82 0035 16       		.byte	22
  83 0036 01       		.byte	1
  84 0037 40       		.byte	64
  85 0038 2C       		.byte	44
  86 0039 17       		.byte	23
  87 003a 01       		.byte	1
  88 003b 40       		.byte	64
  89 003c 58       		.byte	88
  90 003d 18       		.byte	24
  91 003e 01       		.byte	1
  92 003f 40       		.byte	64
  93 0040 4A       		.byte	74
  94 0041 19       		.byte	25
  95 0042 01       		.byte	1
  96 0043 40       		.byte	64
  97 0044 5F       		.byte	95
  98 0045 1A       		.byte	26
  99 0046 01       		.byte	1
 100 0047 40       		.byte	64
 101 0048 50       		.byte	80
 102 0049 1B       		.byte	27
 103 004a 01       		.byte	1
 104 004b 40       		.byte	64
 105 004c 02       		.byte	2
 106 004d 40       		.byte	64
 107 004e 01       		.byte	1
 108 004f 40       		.byte	64
 109 0050 0E       		.byte	14
 110 0051 41       		.byte	65
 111 0052 01       		.byte	1
 112 0053 40       		.byte	64
 113 0054 08       		.byte	8
 114 0055 42       		.byte	66
ARM GAS  C:\Users\Reza\AppData\Local\Temp\ccUArXPl.s 			page 3


 115 0056 01       		.byte	1
 116 0057 40       		.byte	64
 117 0058 03       		.byte	3
 118 0059 43       		.byte	67
 119 005a 01       		.byte	1
 120 005b 40       		.byte	64
 121 005c 09       		.byte	9
 122 005d 45       		.byte	69
 123 005e 01       		.byte	1
 124 005f 40       		.byte	64
 125 0060 03       		.byte	3
 126 0061 46       		.byte	70
 127 0062 01       		.byte	1
 128 0063 40       		.byte	64
 129 0064 03       		.byte	3
 130 0065 47       		.byte	71
 131 0066 01       		.byte	1
 132 0067 40       		.byte	64
 133 0068 01       		.byte	1
 134 0069 48       		.byte	72
 135 006a 01       		.byte	1
 136 006b 40       		.byte	64
 137 006c 03       		.byte	3
 138 006d 49       		.byte	73
 139 006e 01       		.byte	1
 140 006f 40       		.byte	64
 141 0070 11       		.byte	17
 142 0071 4C       		.byte	76
 143 0072 01       		.byte	1
 144 0073 40       		.byte	64
 145 0074 0D       		.byte	13
 146 0075 4D       		.byte	77
 147 0076 01       		.byte	1
 148 0077 40       		.byte	64
 149 0078 07       		.byte	7
 150 0079 50       		.byte	80
 151 007a 01       		.byte	1
 152 007b 40       		.byte	64
 153 007c 01       		.byte	1
 154 007d 51       		.byte	81
 155 007e 01       		.byte	1
 156 007f 40       		.byte	64
 157 0080 00       		.byte	0
 158 0081 80       		.byte	-128
 159 0082 01       		.byte	1
 160 0083 40       		.byte	64
 161 0084 08       		.byte	8
 162 0085 A9       		.byte	-87
 163 0086 09       		.byte	9
 164 0087 95       		.byte	-107
 165 0088 10       		.byte	16
 166 0089 11       		.byte	17
 167 008a 11       		.byte	17
 168 008b 31       		.byte	49
 169 008c 61       		.byte	97
 170 008d 80       		.byte	-128
 171 008e 64       		.byte	100
ARM GAS  C:\Users\Reza\AppData\Local\Temp\ccUArXPl.s 			page 4


 172 008f 40       		.byte	64
 173 0090 88       		.byte	-120
 174 0091 72       		.byte	114
 175 0092 89       		.byte	-119
 176 0093 38       		.byte	56
 177 0094 8A       		.byte	-118
 178 0095 0F       		.byte	15
 179 0096 07       		.byte	7
 180 0097 01       		.byte	1
 181 0098 08       		.byte	8
 182 0099 01       		.byte	1
 183 009a 18       		.byte	24
 184 009b 01       		.byte	1
 185 009c 22       		.byte	34
 186 009d 02       		.byte	2
 187 009e 23       		.byte	35
 188 009f 01       		.byte	1
 189 00a0 24       		.byte	36
 190 00a1 01       		.byte	1
 191 00a2 2C       		.byte	44
 192 00a3 01       		.byte	1
 193 00a4 33       		.byte	51
 194 00a5 01       		.byte	1
 195 00a6 34       		.byte	52
 196 00a7 01       		.byte	1
 197 00a8 36       		.byte	54
 198 00a9 02       		.byte	2
 199 00aa 38       		.byte	56
 200 00ab 20       		.byte	32
 201 00ac 3E       		.byte	62
 202 00ad 10       		.byte	16
 203 00ae 40       		.byte	64
 204 00af 10       		.byte	16
 205 00b0 41       		.byte	65
 206 00b1 06       		.byte	6
 207 00b2 45       		.byte	69
 208 00b3 01       		.byte	1
 209 00b4 46       		.byte	70
 210 00b5 20       		.byte	32
 211 00b6 48       		.byte	72
 212 00b7 09       		.byte	9
 213 00b8 49       		.byte	73
 214 00b9 FF       		.byte	-1
 215 00ba 4A       		.byte	74
 216 00bb FF       		.byte	-1
 217 00bc 4B       		.byte	75
 218 00bd FF       		.byte	-1
 219 00be 4D       		.byte	77
 220 00bf A0       		.byte	-96
 221 00c0 4F       		.byte	79
 222 00c1 04       		.byte	4
 223 00c2 50       		.byte	80
 224 00c3 18       		.byte	24
 225 00c4 52       		.byte	82
 226 00c5 80       		.byte	-128
 227 00c6 58       		.byte	88
 228 00c7 04       		.byte	4
ARM GAS  C:\Users\Reza\AppData\Local\Temp\ccUArXPl.s 			page 5


 229 00c8 59       		.byte	89
 230 00c9 04       		.byte	4
 231 00ca 5A       		.byte	90
 232 00cb 04       		.byte	4
 233 00cc 5B       		.byte	91
 234 00cd 04       		.byte	4
 235 00ce 5F       		.byte	95
 236 00cf 01       		.byte	1
 237 00d0 60       		.byte	96
 238 00d1 40       		.byte	64
 239 00d2 62       		.byte	98
 240 00d3 C0       		.byte	-64
 241 00d4 64       		.byte	100
 242 00d5 40       		.byte	64
 243 00d6 65       		.byte	101
 244 00d7 40       		.byte	64
 245 00d8 66       		.byte	102
 246 00d9 C0       		.byte	-64
 247 00da 68       		.byte	104
 248 00db C0       		.byte	-64
 249 00dc 6A       		.byte	106
 250 00dd C0       		.byte	-64
 251 00de 6C       		.byte	108
 252 00df C0       		.byte	-64
 253 00e0 6E       		.byte	110
 254 00e1 C0       		.byte	-64
 255 00e2 86       		.byte	-122
 256 00e3 01       		.byte	1
 257 00e4 A6       		.byte	-90
 258 00e5 01       		.byte	1
 259 00e6 B6       		.byte	-74
 260 00e7 01       		.byte	1
 261 00e8 C0       		.byte	-64
 262 00e9 20       		.byte	32
 263 00ea C1       		.byte	-63
 264 00eb 06       		.byte	6
 265 00ec C5       		.byte	-59
 266 00ed 01       		.byte	1
 267 00ee C7       		.byte	-57
 268 00ef 02       		.byte	2
 269 00f0 C8       		.byte	-56
 270 00f1 11       		.byte	17
 271 00f2 C9       		.byte	-55
 272 00f3 FF       		.byte	-1
 273 00f4 CA       		.byte	-54
 274 00f5 FF       		.byte	-1
 275 00f6 CB       		.byte	-53
 276 00f7 FF       		.byte	-1
 277 00f8 CD       		.byte	-51
 278 00f9 A0       		.byte	-96
 279 00fa CF       		.byte	-49
 280 00fb 04       		.byte	4
 281 00fc D0       		.byte	-48
 282 00fd 18       		.byte	24
 283 00fe D8       		.byte	-40
 284 00ff 04       		.byte	4
 285 0100 DA       		.byte	-38
ARM GAS  C:\Users\Reza\AppData\Local\Temp\ccUArXPl.s 			page 6


 286 0101 04       		.byte	4
 287 0102 DC       		.byte	-36
 288 0103 01       		.byte	1
 289 0104 DD       		.byte	-35
 290 0105 01       		.byte	1
 291 0106 DF       		.byte	-33
 292 0107 01       		.byte	1
 293 0108 E0       		.byte	-32
 294 0109 40       		.byte	64
 295 010a E2       		.byte	-30
 296 010b C0       		.byte	-64
 297 010c E4       		.byte	-28
 298 010d 40       		.byte	64
 299 010e E5       		.byte	-27
 300 010f 40       		.byte	64
 301 0110 E6       		.byte	-26
 302 0111 C0       		.byte	-64
 303 0112 E8       		.byte	-24
 304 0113 C0       		.byte	-64
 305 0114 EA       		.byte	-22
 306 0115 C0       		.byte	-64
 307 0116 EC       		.byte	-20
 308 0117 C0       		.byte	-64
 309 0118 EE       		.byte	-18
 310 0119 C0       		.byte	-64
 311 011a 00       		.byte	0
 312 011b 04       		.byte	4
 313 011c 07       		.byte	7
 314 011d 08       		.byte	8
 315 011e 0D       		.byte	13
 316 011f 20       		.byte	32
 317 0120 10       		.byte	16
 318 0121 20       		.byte	32
 319 0122 14       		.byte	20
 320 0123 02       		.byte	2
 321 0124 16       		.byte	22
 322 0125 A0       		.byte	-96
 323 0126 1A       		.byte	26
 324 0127 02       		.byte	2
 325 0128 1D       		.byte	29
 326 0129 80       		.byte	-128
 327 012a 1F       		.byte	31
 328 012b A0       		.byte	-96
 329 012c 27       		.byte	39
 330 012d 20       		.byte	32
 331 012e 2F       		.byte	47
 332 012f 80       		.byte	-128
 333 0130 3F       		.byte	63
 334 0131 08       		.byte	8
 335 0132 40       		.byte	64
 336 0133 04       		.byte	4
 337 0134 45       		.byte	69
 338 0135 80       		.byte	-128
 339 0136 48       		.byte	72
 340 0137 28       		.byte	40
 341 0138 4F       		.byte	79
 342 0139 28       		.byte	40
ARM GAS  C:\Users\Reza\AppData\Local\Temp\ccUArXPl.s 			page 7


 343 013a 50       		.byte	80
 344 013b 08       		.byte	8
 345 013c 57       		.byte	87
 346 013d 10       		.byte	16
 347 013e 5C       		.byte	92
 348 013f 10       		.byte	16
 349 0140 5E       		.byte	94
 350 0141 40       		.byte	64
 351 0142 76       		.byte	118
 352 0143 80       		.byte	-128
 353 0144 87       		.byte	-121
 354 0145 28       		.byte	40
 355 0146 8A       		.byte	-118
 356 0147 01       		.byte	1
 357 0148 8C       		.byte	-116
 358 0149 12       		.byte	18
 359 014a C0       		.byte	-64
 360 014b 44       		.byte	68
 361 014c C2       		.byte	-62
 362 014d 40       		.byte	64
 363 014e C4       		.byte	-60
 364 014f B4       		.byte	-76
 365 0150 CA       		.byte	-54
 366 0151 80       		.byte	-128
 367 0152 CE       		.byte	-50
 368 0153 40       		.byte	64
 369 0154 D0       		.byte	-48
 370 0155 14       		.byte	20
 371 0156 D2       		.byte	-46
 372 0157 24       		.byte	36
 373 0158 D6       		.byte	-42
 374 0159 30       		.byte	48
 375 015a 02       		.byte	2
 376 015b 01       		.byte	1
 377 015c 03       		.byte	3
 378 015d 01       		.byte	1
 379 015e 12       		.byte	18
 380 015f 02       		.byte	2
 381 0160 22       		.byte	34
 382 0161 01       		.byte	1
 383 0162 30       		.byte	48
 384 0163 01       		.byte	1
 385 0164 34       		.byte	52
 386 0165 02       		.byte	2
 387 0166 37       		.byte	55
 388 0167 01       		.byte	1
 389 0168 40       		.byte	64
 390 0169 30       		.byte	48
 391 016a 41       		.byte	65
 392 016b 02       		.byte	2
 393 016c 49       		.byte	73
 394 016d FF       		.byte	-1
 395 016e 4A       		.byte	74
 396 016f FF       		.byte	-1
 397 0170 4B       		.byte	75
 398 0171 FF       		.byte	-1
 399 0172 4D       		.byte	77
ARM GAS  C:\Users\Reza\AppData\Local\Temp\ccUArXPl.s 			page 8


 400 0173 A0       		.byte	-96
 401 0174 4F       		.byte	79
 402 0175 04       		.byte	4
 403 0176 50       		.byte	80
 404 0177 18       		.byte	24
 405 0178 52       		.byte	82
 406 0179 80       		.byte	-128
 407 017a 58       		.byte	88
 408 017b 04       		.byte	4
 409 017c 59       		.byte	89
 410 017d 04       		.byte	4
 411 017e 5A       		.byte	90
 412 017f 04       		.byte	4
 413 0180 5B       		.byte	91
 414 0181 04       		.byte	4
 415 0182 5C       		.byte	92
 416 0183 11       		.byte	17
 417 0184 5D       		.byte	93
 418 0185 10       		.byte	16
 419 0186 5F       		.byte	95
 420 0187 01       		.byte	1
 421 0188 60       		.byte	96
 422 0189 40       		.byte	64
 423 018a 62       		.byte	98
 424 018b C0       		.byte	-64
 425 018c 64       		.byte	100
 426 018d 40       		.byte	64
 427 018e 65       		.byte	101
 428 018f 40       		.byte	64
 429 0190 66       		.byte	102
 430 0191 C0       		.byte	-64
 431 0192 68       		.byte	104
 432 0193 C0       		.byte	-64
 433 0194 6A       		.byte	106
 434 0195 C0       		.byte	-64
 435 0196 6C       		.byte	108
 436 0197 C0       		.byte	-64
 437 0198 6E       		.byte	110
 438 0199 C0       		.byte	-64
 439 019a 96       		.byte	-106
 440 019b 02       		.byte	2
 441 019c 9A       		.byte	-102
 442 019d 02       		.byte	2
 443 019e AE       		.byte	-82
 444 019f 01       		.byte	1
 445 01a0 B0       		.byte	-80
 446 01a1 02       		.byte	2
 447 01a2 B2       		.byte	-78
 448 01a3 01       		.byte	1
 449 01a4 C0       		.byte	-64
 450 01a5 30       		.byte	48
 451 01a6 C1       		.byte	-63
 452 01a7 02       		.byte	2
 453 01a8 C5       		.byte	-59
 454 01a9 01       		.byte	1
 455 01aa C6       		.byte	-58
 456 01ab 20       		.byte	32
ARM GAS  C:\Users\Reza\AppData\Local\Temp\ccUArXPl.s 			page 9


 457 01ac C8       		.byte	-56
 458 01ad 09       		.byte	9
 459 01ae C9       		.byte	-55
 460 01af FF       		.byte	-1
 461 01b0 CA       		.byte	-54
 462 01b1 FF       		.byte	-1
 463 01b2 CB       		.byte	-53
 464 01b3 FF       		.byte	-1
 465 01b4 CD       		.byte	-51
 466 01b5 AF       		.byte	-81
 467 01b6 CE       		.byte	-50
 468 01b7 0F       		.byte	15
 469 01b8 CF       		.byte	-49
 470 01b9 04       		.byte	4
 471 01ba D0       		.byte	-48
 472 01bb 18       		.byte	24
 473 01bc D2       		.byte	-46
 474 01bd 80       		.byte	-128
 475 01be D8       		.byte	-40
 476 01bf 04       		.byte	4
 477 01c0 DA       		.byte	-38
 478 01c1 04       		.byte	4
 479 01c2 DB       		.byte	-37
 480 01c3 04       		.byte	4
 481 01c4 DF       		.byte	-33
 482 01c5 01       		.byte	1
 483 01c6 E0       		.byte	-32
 484 01c7 40       		.byte	64
 485 01c8 E2       		.byte	-30
 486 01c9 C0       		.byte	-64
 487 01ca E4       		.byte	-28
 488 01cb 40       		.byte	64
 489 01cc E5       		.byte	-27
 490 01cd 40       		.byte	64
 491 01ce E6       		.byte	-26
 492 01cf C0       		.byte	-64
 493 01d0 E8       		.byte	-24
 494 01d1 C0       		.byte	-64
 495 01d2 EA       		.byte	-22
 496 01d3 C0       		.byte	-64
 497 01d4 EC       		.byte	-20
 498 01d5 C0       		.byte	-64
 499 01d6 EE       		.byte	-18
 500 01d7 C0       		.byte	-64
 501 01d8 01       		.byte	1
 502 01d9 02       		.byte	2
 503 01da 0A       		.byte	10
 504 01db 40       		.byte	64
 505 01dc 0D       		.byte	13
 506 01dd 08       		.byte	8
 507 01de 0F       		.byte	15
 508 01df 08       		.byte	8
 509 01e0 13       		.byte	19
 510 01e1 02       		.byte	2
 511 01e2 17       		.byte	23
 512 01e3 80       		.byte	-128
 513 01e4 18       		.byte	24
ARM GAS  C:\Users\Reza\AppData\Local\Temp\ccUArXPl.s 			page 10


 514 01e5 04       		.byte	4
 515 01e6 1B       		.byte	27
 516 01e7 02       		.byte	2
 517 01e8 1C       		.byte	28
 518 01e9 10       		.byte	16
 519 01ea 1D       		.byte	29
 520 01eb 08       		.byte	8
 521 01ec 1E       		.byte	30
 522 01ed 80       		.byte	-128
 523 01ee 23       		.byte	35
 524 01ef 02       		.byte	2
 525 01f0 38       		.byte	56
 526 01f1 02       		.byte	2
 527 01f2 40       		.byte	64
 528 01f3 10       		.byte	16
 529 01f4 41       		.byte	65
 530 01f5 20       		.byte	32
 531 01f6 45       		.byte	69
 532 01f7 28       		.byte	40
 533 01f8 4F       		.byte	79
 534 01f9 08       		.byte	8
 535 01fa 55       		.byte	85
 536 01fb 20       		.byte	32
 537 01fc 70       		.byte	112
 538 01fd 01       		.byte	1
 539 01fe 77       		.byte	119
 540 01ff 80       		.byte	-128
 541 0200 94       		.byte	-108
 542 0201 04       		.byte	4
 543 0202 A7       		.byte	-89
 544 0203 02       		.byte	2
 545 0204 A9       		.byte	-87
 546 0205 20       		.byte	32
 547 0206 AA       		.byte	-86
 548 0207 40       		.byte	64
 549 0208 AC       		.byte	-84
 550 0209 02       		.byte	2
 551 020a AF       		.byte	-81
 552 020b 22       		.byte	34
 553 020c B2       		.byte	-78
 554 020d 20       		.byte	32
 555 020e C0       		.byte	-64
 556 020f 08       		.byte	8
 557 0210 C2       		.byte	-62
 558 0211 68       		.byte	104
 559 0212 C4       		.byte	-60
 560 0213 88       		.byte	-120
 561 0214 CE       		.byte	-50
 562 0215 01       		.byte	1
 563 0216 D0       		.byte	-48
 564 0217 66       		.byte	102
 565 0218 E8       		.byte	-24
 566 0219 08       		.byte	8
 567 021a EC       		.byte	-20
 568 021b 80       		.byte	-128
 569 021c 96       		.byte	-106
 570 021d 40       		.byte	64
ARM GAS  C:\Users\Reza\AppData\Local\Temp\ccUArXPl.s 			page 11


 571 021e 9B       		.byte	-101
 572 021f 02       		.byte	2
 573 0220 9D       		.byte	-99
 574 0221 02       		.byte	2
 575 0222 AE       		.byte	-82
 576 0223 40       		.byte	64
 577 0224 01       		.byte	1
 578 0225 08       		.byte	8
 579 0226 02       		.byte	2
 580 0227 05       		.byte	5
 581 0228 04       		.byte	4
 582 0229 06       		.byte	6
 583 022a 05       		.byte	5
 584 022b 04       		.byte	4
 585 022c 06       		.byte	6
 586 022d 01       		.byte	1
 587 022e 09       		.byte	9
 588 022f 0C       		.byte	12
 589 0230 0C       		.byte	12
 590 0231 08       		.byte	8
 591 0232 0D       		.byte	13
 592 0233 1F       		.byte	31
 593 0234 11       		.byte	17
 594 0235 13       		.byte	19
 595 0236 12       		.byte	18
 596 0237 06       		.byte	6
 597 0238 13       		.byte	19
 598 0239 0C       		.byte	12
 599 023a 15       		.byte	21
 600 023b 03       		.byte	3
 601 023c 18       		.byte	24
 602 023d 08       		.byte	8
 603 023e 1B       		.byte	27
 604 023f 13       		.byte	19
 605 0240 1E       		.byte	30
 606 0241 02       		.byte	2
 607 0242 21       		.byte	33
 608 0243 0F       		.byte	15
 609 0244 22       		.byte	34
 610 0245 01       		.byte	1
 611 0246 23       		.byte	35
 612 0247 10       		.byte	16
 613 0248 24       		.byte	36
 614 0249 08       		.byte	8
 615 024a 25       		.byte	37
 616 024b 02       		.byte	2
 617 024c 29       		.byte	41
 618 024d 01       		.byte	1
 619 024e 2A       		.byte	42
 620 024f 03       		.byte	3
 621 0250 2D       		.byte	45
 622 0251 0C       		.byte	12
 623 0252 2F       		.byte	47
 624 0253 13       		.byte	19
 625 0254 32       		.byte	50
 626 0255 08       		.byte	8
 627 0256 34       		.byte	52
ARM GAS  C:\Users\Reza\AppData\Local\Temp\ccUArXPl.s 			page 12


 628 0257 07       		.byte	7
 629 0258 35       		.byte	53
 630 0259 1C       		.byte	28
 631 025a 37       		.byte	55
 632 025b 0F       		.byte	15
 633 025c 3A       		.byte	58
 634 025d 20       		.byte	32
 635 025e 3B       		.byte	59
 636 025f A0       		.byte	-96
 637 0260 56       		.byte	86
 638 0261 02       		.byte	2
 639 0262 57       		.byte	87
 640 0263 10       		.byte	16
 641 0264 58       		.byte	88
 642 0265 04       		.byte	4
 643 0266 59       		.byte	89
 644 0267 04       		.byte	4
 645 0268 5B       		.byte	91
 646 0269 04       		.byte	4
 647 026a 5C       		.byte	92
 648 026b 22       		.byte	34
 649 026c 5D       		.byte	93
 650 026d 20       		.byte	32
 651 026e 5F       		.byte	95
 652 026f 01       		.byte	1
 653 0270 88       		.byte	-120
 654 0271 03       		.byte	3
 655 0272 8A       		.byte	-118
 656 0273 04       		.byte	4
 657 0274 8D       		.byte	-115
 658 0275 01       		.byte	1
 659 0276 8E       		.byte	-114
 660 0277 08       		.byte	8
 661 0278 90       		.byte	-112
 662 0279 03       		.byte	3
 663 027a 92       		.byte	-110
 664 027b 0C       		.byte	12
 665 027c 97       		.byte	-105
 666 027d 01       		.byte	1
 667 027e 98       		.byte	-104
 668 027f 03       		.byte	3
 669 0280 99       		.byte	-103
 670 0281 01       		.byte	1
 671 0282 9A       		.byte	-102
 672 0283 04       		.byte	4
 673 0284 A2       		.byte	-94
 674 0285 05       		.byte	5
 675 0286 A8       		.byte	-88
 676 0287 0A       		.byte	10
 677 0288 AA       		.byte	-86
 678 0289 04       		.byte	4
 679 028a AD       		.byte	-83
 680 028b 02       		.byte	2
 681 028c B0       		.byte	-80
 682 028d 0F       		.byte	15
 683 028e B1       		.byte	-79
 684 028f 03       		.byte	3
ARM GAS  C:\Users\Reza\AppData\Local\Temp\ccUArXPl.s 			page 13


 685 0290 B9       		.byte	-71
 686 0291 02       		.byte	2
 687 0292 BA       		.byte	-70
 688 0293 02       		.byte	2
 689 0294 D2       		.byte	-46
 690 0295 80       		.byte	-128
 691 0296 D8       		.byte	-40
 692 0297 04       		.byte	4
 693 0298 D9       		.byte	-39
 694 0299 04       		.byte	4
 695 029a DB       		.byte	-37
 696 029b 04       		.byte	4
 697 029c DC       		.byte	-36
 698 029d 22       		.byte	34
 699 029e DF       		.byte	-33
 700 029f 01       		.byte	1
 701 02a0 02       		.byte	2
 702 02a1 06       		.byte	6
 703 02a2 04       		.byte	4
 704 02a3 10       		.byte	16
 705 02a4 05       		.byte	5
 706 02a5 25       		.byte	37
 707 02a6 07       		.byte	7
 708 02a7 01       		.byte	1
 709 02a8 09       		.byte	9
 710 02a9 20       		.byte	32
 711 02aa 0A       		.byte	10
 712 02ab 40       		.byte	64
 713 02ac 0D       		.byte	13
 714 02ad 01       		.byte	1
 715 02ae 0E       		.byte	14
 716 02af 04       		.byte	4
 717 02b0 0F       		.byte	15
 718 02b1 02       		.byte	2
 719 02b2 10       		.byte	16
 720 02b3 04       		.byte	4
 721 02b4 12       		.byte	18
 722 02b5 40       		.byte	64
 723 02b6 16       		.byte	22
 724 02b7 40       		.byte	64
 725 02b8 17       		.byte	23
 726 02b9 14       		.byte	20
 727 02ba 18       		.byte	24
 728 02bb 80       		.byte	-128
 729 02bc 19       		.byte	25
 730 02bd 01       		.byte	1
 731 02be 1A       		.byte	26
 732 02bf 40       		.byte	64
 733 02c0 1C       		.byte	28
 734 02c1 10       		.byte	16
 735 02c2 1D       		.byte	29
 736 02c3 20       		.byte	32
 737 02c4 1E       		.byte	30
 738 02c5 08       		.byte	8
 739 02c6 21       		.byte	33
 740 02c7 01       		.byte	1
 741 02c8 22       		.byte	34
ARM GAS  C:\Users\Reza\AppData\Local\Temp\ccUArXPl.s 			page 14


 742 02c9 02       		.byte	2
 743 02ca 26       		.byte	38
 744 02cb 50       		.byte	80
 745 02cc 27       		.byte	39
 746 02cd 02       		.byte	2
 747 02ce 2A       		.byte	42
 748 02cf 40       		.byte	64
 749 02d0 2F       		.byte	47
 750 02d1 A6       		.byte	-90
 751 02d2 30       		.byte	48
 752 02d3 04       		.byte	4
 753 02d4 31       		.byte	49
 754 02d5 24       		.byte	36
 755 02d6 33       		.byte	51
 756 02d7 10       		.byte	16
 757 02d8 35       		.byte	53
 758 02d9 20       		.byte	32
 759 02da 36       		.byte	54
 760 02db 08       		.byte	8
 761 02dc 37       		.byte	55
 762 02dd 02       		.byte	2
 763 02de 38       		.byte	56
 764 02df 80       		.byte	-128
 765 02e0 3D       		.byte	61
 766 02e1 40       		.byte	64
 767 02e2 3E       		.byte	62
 768 02e3 2A       		.byte	42
 769 02e4 5F       		.byte	95
 770 02e5 40       		.byte	64
 771 02e6 6D       		.byte	109
 772 02e7 20       		.byte	32
 773 02e8 6E       		.byte	110
 774 02e9 04       		.byte	4
 775 02ea 6F       		.byte	111
 776 02eb 05       		.byte	5
 777 02ec 71       		.byte	113
 778 02ed 02       		.byte	2
 779 02ee 76       		.byte	118
 780 02ef 2A       		.byte	42
 781 02f0 86       		.byte	-122
 782 02f1 01       		.byte	1
 783 02f2 C0       		.byte	-64
 784 02f3 B3       		.byte	-77
 785 02f4 C2       		.byte	-62
 786 02f5 DA       		.byte	-38
 787 02f6 C4       		.byte	-60
 788 02f7 7A       		.byte	122
 789 02f8 CA       		.byte	-54
 790 02f9 F8       		.byte	-8
 791 02fa CC       		.byte	-52
 792 02fb E6       		.byte	-26
 793 02fc CE       		.byte	-50
 794 02fd F8       		.byte	-8
 795 02fe D6       		.byte	-42
 796 02ff 10       		.byte	16
 797 0300 E4       		.byte	-28
 798 0301 02       		.byte	2
ARM GAS  C:\Users\Reza\AppData\Local\Temp\ccUArXPl.s 			page 15


 799 0302 E8       		.byte	-24
 800 0303 08       		.byte	8
 801 0304 E0       		.byte	-32
 802 0305 20       		.byte	32
 803 0306 89       		.byte	-119
 804 0307 08       		.byte	8
 805 0308 A5       		.byte	-91
 806 0309 08       		.byte	8
 807 030a A9       		.byte	-87
 808 030b A0       		.byte	-96
 809 030c AB       		.byte	-85
 810 030d 20       		.byte	32
 811 030e AC       		.byte	-84
 812 030f 04       		.byte	4
 813 0310 E8       		.byte	-24
 814 0311 01       		.byte	1
 815 0312 EA       		.byte	-22
 816 0313 04       		.byte	4
 817 0314 EC       		.byte	-20
 818 0315 02       		.byte	2
 819 0316 EE       		.byte	-18
 820 0317 01       		.byte	1
 821 0318 40       		.byte	64
 822 0319 40       		.byte	64
 823 031a 41       		.byte	65
 824 031b 06       		.byte	6
 825 031c 45       		.byte	69
 826 031d 10       		.byte	16
 827 031e 46       		.byte	70
 828 031f 20       		.byte	32
 829 0320 48       		.byte	72
 830 0321 0A       		.byte	10
 831 0322 49       		.byte	73
 832 0323 FF       		.byte	-1
 833 0324 4A       		.byte	74
 834 0325 FF       		.byte	-1
 835 0326 4B       		.byte	75
 836 0327 FF       		.byte	-1
 837 0328 4D       		.byte	77
 838 0329 A0       		.byte	-96
 839 032a 4F       		.byte	79
 840 032b 04       		.byte	4
 841 032c 50       		.byte	80
 842 032d 18       		.byte	24
 843 032e 5A       		.byte	90
 844 032f 04       		.byte	4
 845 0330 5D       		.byte	93
 846 0331 01       		.byte	1
 847 0332 5F       		.byte	95
 848 0333 01       		.byte	1
 849 0334 60       		.byte	96
 850 0335 40       		.byte	64
 851 0336 62       		.byte	98
 852 0337 C0       		.byte	-64
 853 0338 64       		.byte	100
 854 0339 40       		.byte	64
 855 033a 65       		.byte	101
ARM GAS  C:\Users\Reza\AppData\Local\Temp\ccUArXPl.s 			page 16


 856 033b 40       		.byte	64
 857 033c 66       		.byte	102
 858 033d C0       		.byte	-64
 859 033e 68       		.byte	104
 860 033f C0       		.byte	-64
 861 0340 6A       		.byte	106
 862 0341 C0       		.byte	-64
 863 0342 6C       		.byte	108
 864 0343 C0       		.byte	-64
 865 0344 6E       		.byte	110
 866 0345 C0       		.byte	-64
 867 0346 84       		.byte	-124
 868 0347 01       		.byte	1
 869 0348 85       		.byte	-123
 870 0349 04       		.byte	4
 871 034a 8B       		.byte	-117
 872 034b 01       		.byte	1
 873 034c 8E       		.byte	-114
 874 034d 01       		.byte	1
 875 034e 93       		.byte	-109
 876 034f 01       		.byte	1
 877 0350 95       		.byte	-107
 878 0351 04       		.byte	4
 879 0352 96       		.byte	-106
 880 0353 02       		.byte	2
 881 0354 99       		.byte	-103
 882 0355 04       		.byte	4
 883 0356 9A       		.byte	-102
 884 0357 01       		.byte	1
 885 0358 9E       		.byte	-98
 886 0359 02       		.byte	2
 887 035a A4       		.byte	-92
 888 035b 01       		.byte	1
 889 035c AB       		.byte	-85
 890 035d 02       		.byte	2
 891 035e AD       		.byte	-83
 892 035f 04       		.byte	4
 893 0360 B0       		.byte	-80
 894 0361 02       		.byte	2
 895 0362 B1       		.byte	-79
 896 0363 02       		.byte	2
 897 0364 B3       		.byte	-77
 898 0365 01       		.byte	1
 899 0366 B5       		.byte	-75
 900 0367 04       		.byte	4
 901 0368 B6       		.byte	-74
 902 0369 01       		.byte	1
 903 036a B8       		.byte	-72
 904 036b 80       		.byte	-128
 905 036c BA       		.byte	-70
 906 036d 20       		.byte	32
 907 036e BE       		.byte	-66
 908 036f 01       		.byte	1
 909 0370 BF       		.byte	-65
 910 0371 10       		.byte	16
 911 0372 C0       		.byte	-64
 912 0373 40       		.byte	64
ARM GAS  C:\Users\Reza\AppData\Local\Temp\ccUArXPl.s 			page 17


 913 0374 C1       		.byte	-63
 914 0375 06       		.byte	6
 915 0376 C6       		.byte	-58
 916 0377 10       		.byte	16
 917 0378 C7       		.byte	-57
 918 0379 02       		.byte	2
 919 037a C8       		.byte	-56
 920 037b 18       		.byte	24
 921 037c C9       		.byte	-55
 922 037d FF       		.byte	-1
 923 037e CA       		.byte	-54
 924 037f FF       		.byte	-1
 925 0380 CB       		.byte	-53
 926 0381 FF       		.byte	-1
 927 0382 CD       		.byte	-51
 928 0383 A0       		.byte	-96
 929 0384 CF       		.byte	-49
 930 0385 04       		.byte	4
 931 0386 D0       		.byte	-48
 932 0387 18       		.byte	24
 933 0388 D2       		.byte	-46
 934 0389 80       		.byte	-128
 935 038a D8       		.byte	-40
 936 038b 04       		.byte	4
 937 038c D9       		.byte	-39
 938 038d 04       		.byte	4
 939 038e DA       		.byte	-38
 940 038f 04       		.byte	4
 941 0390 DB       		.byte	-37
 942 0391 04       		.byte	4
 943 0392 DC       		.byte	-36
 944 0393 12       		.byte	18
 945 0394 DD       		.byte	-35
 946 0395 11       		.byte	17
 947 0396 DF       		.byte	-33
 948 0397 01       		.byte	1
 949 0398 E0       		.byte	-32
 950 0399 40       		.byte	64
 951 039a E2       		.byte	-30
 952 039b C0       		.byte	-64
 953 039c E4       		.byte	-28
 954 039d 40       		.byte	64
 955 039e E5       		.byte	-27
 956 039f 40       		.byte	64
 957 03a0 E6       		.byte	-26
 958 03a1 C0       		.byte	-64
 959 03a2 E8       		.byte	-24
 960 03a3 C0       		.byte	-64
 961 03a4 EA       		.byte	-22
 962 03a5 C0       		.byte	-64
 963 03a6 EC       		.byte	-20
 964 03a7 C0       		.byte	-64
 965 03a8 EE       		.byte	-18
 966 03a9 C0       		.byte	-64
 967 03aa 00       		.byte	0
 968 03ab 04       		.byte	4
 969 03ac 01       		.byte	1
ARM GAS  C:\Users\Reza\AppData\Local\Temp\ccUArXPl.s 			page 18


 970 03ad 80       		.byte	-128
 971 03ae 09       		.byte	9
 972 03af 08       		.byte	8
 973 03b0 0A       		.byte	10
 974 03b1 09       		.byte	9
 975 03b2 11       		.byte	17
 976 03b3 04       		.byte	4
 977 03b4 18       		.byte	24
 978 03b5 04       		.byte	4
 979 03b6 19       		.byte	25
 980 03b7 10       		.byte	16
 981 03b8 1A       		.byte	26
 982 03b9 81       		.byte	-127
 983 03ba 20       		.byte	32
 984 03bb 08       		.byte	8
 985 03bc 21       		.byte	33
 986 03bd 01       		.byte	1
 987 03be 22       		.byte	34
 988 03bf 01       		.byte	1
 989 03c0 23       		.byte	35
 990 03c1 20       		.byte	32
 991 03c2 29       		.byte	41
 992 03c3 A0       		.byte	-96
 993 03c4 31       		.byte	49
 994 03c5 10       		.byte	16
 995 03c6 32       		.byte	50
 996 03c7 05       		.byte	5
 997 03c8 38       		.byte	56
 998 03c9 20       		.byte	32
 999 03ca 39       		.byte	57
 1000 03cb 04       		.byte	4
 1001 03cc 41       		.byte	65
 1002 03cd 01       		.byte	1
 1003 03ce 47       		.byte	71
 1004 03cf 02       		.byte	2
 1005 03d0 48       		.byte	72
 1006 03d1 08       		.byte	8
 1007 03d2 4D       		.byte	77
 1008 03d3 02       		.byte	2
 1009 03d4 4F       		.byte	79
 1010 03d5 20       		.byte	32
 1011 03d6 50       		.byte	80
 1012 03d7 18       		.byte	24
 1013 03d8 57       		.byte	87
 1014 03d9 10       		.byte	16
 1015 03da 72       		.byte	114
 1016 03db 40       		.byte	64
 1017 03dc 81       		.byte	-127
 1018 03dd 10       		.byte	16
 1019 03de 8E       		.byte	-114
 1020 03df 40       		.byte	64
 1021 03e0 91       		.byte	-111
 1022 03e1 04       		.byte	4
 1023 03e2 92       		.byte	-110
 1024 03e3 08       		.byte	8
 1025 03e4 96       		.byte	-106
 1026 03e5 40       		.byte	64
ARM GAS  C:\Users\Reza\AppData\Local\Temp\ccUArXPl.s 			page 19


 1027 03e6 9B       		.byte	-101
 1028 03e7 02       		.byte	2
 1029 03e8 9D       		.byte	-99
 1030 03e9 02       		.byte	2
 1031 03ea AD       		.byte	-83
 1032 03eb 04       		.byte	4
 1033 03ec AE       		.byte	-82
 1034 03ed 04       		.byte	4
 1035 03ee C0       		.byte	-64
 1036 03ef 05       		.byte	5
 1037 03f0 C2       		.byte	-62
 1038 03f1 07       		.byte	7
 1039 03f2 C4       		.byte	-60
 1040 03f3 04       		.byte	4
 1041 03f4 CA       		.byte	-54
 1042 03f5 0C       		.byte	12
 1043 03f6 CC       		.byte	-52
 1044 03f7 07       		.byte	7
 1045 03f8 CE       		.byte	-50
 1046 03f9 06       		.byte	6
 1047 03fa D0       		.byte	-48
 1048 03fb 81       		.byte	-127
 1049 03fc D2       		.byte	-46
 1050 03fd 24       		.byte	36
 1051 03fe E4       		.byte	-28
 1052 03ff 04       		.byte	4
 1053 0400 EE       		.byte	-18
 1054 0401 0A       		.byte	10
 1055 0402 01       		.byte	1
 1056 0403 10       		.byte	16
 1057 0404 02       		.byte	2
 1058 0405 18       		.byte	24
 1059 0406 04       		.byte	4
 1060 0407 18       		.byte	24
 1061 0408 05       		.byte	5
 1062 0409 08       		.byte	8
 1063 040a 06       		.byte	6
 1064 040b 06       		.byte	6
 1065 040c 09       		.byte	9
 1066 040d 18       		.byte	24
 1067 040e 0A       		.byte	10
 1068 040f 01       		.byte	1
 1069 0410 0C       		.byte	12
 1070 0411 02       		.byte	2
 1071 0412 0E       		.byte	14
 1072 0413 0C       		.byte	12
 1073 0414 0F       		.byte	15
 1074 0415 80       		.byte	-128
 1075 0416 11       		.byte	17
 1076 0417 9C       		.byte	-100
 1077 0418 13       		.byte	19
 1078 0419 43       		.byte	67
 1079 041a 15       		.byte	21
 1080 041b 03       		.byte	3
 1081 041c 16       		.byte	22
 1082 041d 01       		.byte	1
 1083 041e 18       		.byte	24
ARM GAS  C:\Users\Reza\AppData\Local\Temp\ccUArXPl.s 			page 20


 1084 041f 02       		.byte	2
 1085 0420 19       		.byte	25
 1086 0421 98       		.byte	-104
 1087 0422 1A       		.byte	26
 1088 0423 1C       		.byte	28
 1089 0424 1B       		.byte	27
 1090 0425 27       		.byte	39
 1091 0426 1D       		.byte	29
 1092 0427 E7       		.byte	-25
 1093 0428 1E       		.byte	30
 1094 0429 10       		.byte	16
 1095 042a 1F       		.byte	31
 1096 042b 18       		.byte	24
 1097 042c 21       		.byte	33
 1098 042d 81       		.byte	-127
 1099 042e 22       		.byte	34
 1100 042f 06       		.byte	6
 1101 0430 25       		.byte	37
 1102 0431 02       		.byte	2
 1103 0432 2B       		.byte	43
 1104 0433 67       		.byte	103
 1105 0434 2D       		.byte	45
 1106 0435 FF       		.byte	-1
 1107 0436 32       		.byte	50
 1108 0437 1E       		.byte	30
 1109 0438 33       		.byte	51
 1110 0439 F8       		.byte	-8
 1111 043a 35       		.byte	53
 1112 043b 1C       		.byte	28
 1113 043c 36       		.byte	54
 1114 043d 01       		.byte	1
 1115 043e 37       		.byte	55
 1116 043f 03       		.byte	3
 1117 0440 3A       		.byte	58
 1118 0441 08       		.byte	8
 1119 0442 3B       		.byte	59
 1120 0443 08       		.byte	8
 1121 0444 3E       		.byte	62
 1122 0445 40       		.byte	64
 1123 0446 40       		.byte	64
 1124 0447 03       		.byte	3
 1125 0448 47       		.byte	71
 1126 0449 40       		.byte	64
 1127 044a 49       		.byte	73
 1128 044b FF       		.byte	-1
 1129 044c 4A       		.byte	74
 1130 044d 07       		.byte	7
 1131 044e 4B       		.byte	75
 1132 044f FF       		.byte	-1
 1133 0450 4C       		.byte	76
 1134 0451 40       		.byte	64
 1135 0452 4D       		.byte	77
 1136 0453 20       		.byte	32
 1137 0454 4E       		.byte	78
 1138 0455 F0       		.byte	-16
 1139 0456 4F       		.byte	79
 1140 0457 05       		.byte	5
ARM GAS  C:\Users\Reza\AppData\Local\Temp\ccUArXPl.s 			page 21


 1141 0458 50       		.byte	80
 1142 0459 08       		.byte	8
 1143 045a 52       		.byte	82
 1144 045b 80       		.byte	-128
 1145 045c 58       		.byte	88
 1146 045d 04       		.byte	4
 1147 045e 59       		.byte	89
 1148 045f 04       		.byte	4
 1149 0460 5A       		.byte	90
 1150 0461 04       		.byte	4
 1151 0462 5B       		.byte	91
 1152 0463 04       		.byte	4
 1153 0464 5C       		.byte	92
 1154 0465 22       		.byte	34
 1155 0466 5D       		.byte	93
 1156 0467 12       		.byte	18
 1157 0468 5F       		.byte	95
 1158 0469 01       		.byte	1
 1159 046a 60       		.byte	96
 1160 046b 40       		.byte	64
 1161 046c 61       		.byte	97
 1162 046d A8       		.byte	-88
 1163 046e 62       		.byte	98
 1164 046f 40       		.byte	64
 1165 0470 63       		.byte	99
 1166 0471 20       		.byte	32
 1167 0472 87       		.byte	-121
 1168 0473 01       		.byte	1
 1169 0474 8B       		.byte	-117
 1170 0475 01       		.byte	1
 1171 0476 92       		.byte	-110
 1172 0477 01       		.byte	1
 1173 0478 B1       		.byte	-79
 1174 0479 01       		.byte	1
 1175 047a B4       		.byte	-76
 1176 047b 01       		.byte	1
 1177 047c C0       		.byte	-64
 1178 047d 20       		.byte	32
 1179 047e C1       		.byte	-63
 1180 047f 06       		.byte	6
 1181 0480 C6       		.byte	-58
 1182 0481 10       		.byte	16
 1183 0482 C7       		.byte	-57
 1184 0483 02       		.byte	2
 1185 0484 C8       		.byte	-56
 1186 0485 18       		.byte	24
 1187 0486 C9       		.byte	-55
 1188 0487 FF       		.byte	-1
 1189 0488 CA       		.byte	-54
 1190 0489 FF       		.byte	-1
 1191 048a CB       		.byte	-53
 1192 048b FF       		.byte	-1
 1193 048c CD       		.byte	-51
 1194 048d A0       		.byte	-96
 1195 048e CF       		.byte	-49
 1196 048f 04       		.byte	4
 1197 0490 D0       		.byte	-48
ARM GAS  C:\Users\Reza\AppData\Local\Temp\ccUArXPl.s 			page 22


 1198 0491 18       		.byte	24
 1199 0492 D4       		.byte	-44
 1200 0493 18       		.byte	24
 1201 0494 D8       		.byte	-40
 1202 0495 04       		.byte	4
 1203 0496 D9       		.byte	-39
 1204 0497 04       		.byte	4
 1205 0498 DA       		.byte	-38
 1206 0499 04       		.byte	4
 1207 049a DB       		.byte	-37
 1208 049b 04       		.byte	4
 1209 049c DD       		.byte	-35
 1210 049d 20       		.byte	32
 1211 049e DF       		.byte	-33
 1212 049f 01       		.byte	1
 1213 04a0 E0       		.byte	-32
 1214 04a1 40       		.byte	64
 1215 04a2 E2       		.byte	-30
 1216 04a3 C0       		.byte	-64
 1217 04a4 E4       		.byte	-28
 1218 04a5 40       		.byte	64
 1219 04a6 E5       		.byte	-27
 1220 04a7 40       		.byte	64
 1221 04a8 E6       		.byte	-26
 1222 04a9 C0       		.byte	-64
 1223 04aa E8       		.byte	-24
 1224 04ab C0       		.byte	-64
 1225 04ac EA       		.byte	-22
 1226 04ad C0       		.byte	-64
 1227 04ae EC       		.byte	-20
 1228 04af C0       		.byte	-64
 1229 04b0 EE       		.byte	-18
 1230 04b1 C0       		.byte	-64
 1231 04b2 04       		.byte	4
 1232 04b3 82       		.byte	-126
 1233 04b4 05       		.byte	5
 1234 04b5 04       		.byte	4
 1235 04b6 07       		.byte	7
 1236 04b7 08       		.byte	8
 1237 04b8 09       		.byte	9
 1238 04b9 02       		.byte	2
 1239 04ba 0E       		.byte	14
 1240 04bb 08       		.byte	8
 1241 04bc 0F       		.byte	15
 1242 04bd 22       		.byte	34
 1243 04be 16       		.byte	22
 1244 04bf 40       		.byte	64
 1245 04c0 18       		.byte	24
 1246 04c1 04       		.byte	4
 1247 04c2 1D       		.byte	29
 1248 04c3 44       		.byte	68
 1249 04c4 22       		.byte	34
 1250 04c5 01       		.byte	1
 1251 04c6 27       		.byte	39
 1252 04c7 1A       		.byte	26
 1253 04c8 2D       		.byte	45
 1254 04c9 60       		.byte	96
ARM GAS  C:\Users\Reza\AppData\Local\Temp\ccUArXPl.s 			page 23


 1255 04ca 2F       		.byte	47
 1256 04cb A0       		.byte	-96
 1257 04cc 34       		.byte	52
 1258 04cd 80       		.byte	-128
 1259 04ce 35       		.byte	53
 1260 04cf 01       		.byte	1
 1261 04d0 36       		.byte	54
 1262 04d1 18       		.byte	24
 1263 04d2 38       		.byte	56
 1264 04d3 24       		.byte	36
 1265 04d4 3D       		.byte	61
 1266 04d5 80       		.byte	-128
 1267 04d6 3E       		.byte	62
 1268 04d7 2A       		.byte	42
 1269 04d8 40       		.byte	64
 1270 04d9 04       		.byte	4
 1271 04da 45       		.byte	69
 1272 04db 08       		.byte	8
 1273 04dc 48       		.byte	72
 1274 04dd 08       		.byte	8
 1275 04de 4C       		.byte	76
 1276 04df 01       		.byte	1
 1277 04e0 4E       		.byte	78
 1278 04e1 02       		.byte	2
 1279 04e2 50       		.byte	80
 1280 04e3 18       		.byte	24
 1281 04e4 55       		.byte	85
 1282 04e5 01       		.byte	1
 1283 04e6 56       		.byte	86
 1284 04e7 40       		.byte	64
 1285 04e8 57       		.byte	87
 1286 04e9 01       		.byte	1
 1287 04ea 5B       		.byte	91
 1288 04eb 02       		.byte	2
 1289 04ec 61       		.byte	97
 1290 04ed 40       		.byte	64
 1291 04ee 62       		.byte	98
 1292 04ef 20       		.byte	32
 1293 04f0 68       		.byte	104
 1294 04f1 04       		.byte	4
 1295 04f2 69       		.byte	105
 1296 04f3 06       		.byte	6
 1297 04f4 6A       		.byte	106
 1298 04f5 80       		.byte	-128
 1299 04f6 70       		.byte	112
 1300 04f7 02       		.byte	2
 1301 04f8 72       		.byte	114
 1302 04f9 01       		.byte	1
 1303 04fa 73       		.byte	115
 1304 04fb 24       		.byte	36
 1305 04fc 77       		.byte	119
 1306 04fd 40       		.byte	64
 1307 04fe 81       		.byte	-127
 1308 04ff 40       		.byte	64
 1309 0500 82       		.byte	-126
 1310 0501 40       		.byte	64
 1311 0502 83       		.byte	-125
ARM GAS  C:\Users\Reza\AppData\Local\Temp\ccUArXPl.s 			page 24


 1312 0503 20       		.byte	32
 1313 0504 84       		.byte	-124
 1314 0505 04       		.byte	4
 1315 0506 86       		.byte	-122
 1316 0507 01       		.byte	1
 1317 0508 89       		.byte	-119
 1318 0509 04       		.byte	4
 1319 050a 8E       		.byte	-114
 1320 050b 20       		.byte	32
 1321 050c 90       		.byte	-112
 1322 050d 80       		.byte	-128
 1323 050e 92       		.byte	-110
 1324 050f 04       		.byte	4
 1325 0510 95       		.byte	-107
 1326 0511 40       		.byte	64
 1327 0512 96       		.byte	-106
 1328 0513 02       		.byte	2
 1329 0514 97       		.byte	-105
 1330 0515 48       		.byte	72
 1331 0516 98       		.byte	-104
 1332 0517 80       		.byte	-128
 1333 0518 99       		.byte	-103
 1334 0519 20       		.byte	32
 1335 051a 9A       		.byte	-102
 1336 051b 2A       		.byte	42
 1337 051c 9D       		.byte	-99
 1338 051d 04       		.byte	4
 1339 051e 9E       		.byte	-98
 1340 051f 44       		.byte	68
 1341 0520 A1       		.byte	-95
 1342 0521 12       		.byte	18
 1343 0522 A2       		.byte	-94
 1344 0523 16       		.byte	22
 1345 0524 A6       		.byte	-90
 1346 0525 08       		.byte	8
 1347 0526 A7       		.byte	-89
 1348 0527 23       		.byte	35
 1349 0528 AC       		.byte	-84
 1350 0529 80       		.byte	-128
 1351 052a AE       		.byte	-82
 1352 052b 50       		.byte	80
 1353 052c AF       		.byte	-81
 1354 052d 80       		.byte	-128
 1355 052e C0       		.byte	-64
 1356 052f F0       		.byte	-16
 1357 0530 C2       		.byte	-62
 1358 0531 E8       		.byte	-24
 1359 0532 C4       		.byte	-60
 1360 0533 10       		.byte	16
 1361 0534 CA       		.byte	-54
 1362 0535 F0       		.byte	-16
 1363 0536 CC       		.byte	-52
 1364 0537 F0       		.byte	-16
 1365 0538 CE       		.byte	-50
 1366 0539 F6       		.byte	-10
 1367 053a D0       		.byte	-48
 1368 053b 44       		.byte	68
ARM GAS  C:\Users\Reza\AppData\Local\Temp\ccUArXPl.s 			page 25


 1369 053c D2       		.byte	-46
 1370 053d 04       		.byte	4
 1371 053e D6       		.byte	-42
 1372 053f 01       		.byte	1
 1373 0540 D8       		.byte	-40
 1374 0541 0C       		.byte	12
 1375 0542 E0       		.byte	-32
 1376 0543 19       		.byte	25
 1377 0544 E4       		.byte	-28
 1378 0545 03       		.byte	3
 1379 0546 00       		.byte	0
 1380 0547 28       		.byte	40
 1381 0548 04       		.byte	4
 1382 0549 38       		.byte	56
 1383 054a 06       		.byte	6
 1384 054b 04       		.byte	4
 1385 054c 07       		.byte	7
 1386 054d 01       		.byte	1
 1387 054e 09       		.byte	9
 1388 054f 02       		.byte	2
 1389 0550 0C       		.byte	12
 1390 0551 20       		.byte	32
 1391 0552 0E       		.byte	14
 1392 0553 18       		.byte	24
 1393 0554 0F       		.byte	15
 1394 0555 01       		.byte	1
 1395 0556 14       		.byte	20
 1396 0557 01       		.byte	1
 1397 0558 16       		.byte	22
 1398 0559 06       		.byte	6
 1399 055a 19       		.byte	25
 1400 055b 01       		.byte	1
 1401 055c 20       		.byte	32
 1402 055d 20       		.byte	32
 1403 055e 24       		.byte	36
 1404 055f 18       		.byte	24
 1405 0560 26       		.byte	38
 1406 0561 22       		.byte	34
 1407 0562 27       		.byte	39
 1408 0563 01       		.byte	1
 1409 0564 2C       		.byte	44
 1410 0565 12       		.byte	18
 1411 0566 2D       		.byte	45
 1412 0567 01       		.byte	1
 1413 0568 2E       		.byte	46
 1414 0569 20       		.byte	32
 1415 056a 30       		.byte	48
 1416 056b 01       		.byte	1
 1417 056c 32       		.byte	50
 1418 056d 3E       		.byte	62
 1419 056e 33       		.byte	51
 1420 056f 02       		.byte	2
 1421 0570 37       		.byte	55
 1422 0571 01       		.byte	1
 1423 0572 3E       		.byte	62
 1424 0573 01       		.byte	1
 1425 0574 3F       		.byte	63
ARM GAS  C:\Users\Reza\AppData\Local\Temp\ccUArXPl.s 			page 26


 1426 0575 44       		.byte	68
 1427 0576 40       		.byte	64
 1428 0577 51       		.byte	81
 1429 0578 41       		.byte	65
 1430 0579 06       		.byte	6
 1431 057a 46       		.byte	70
 1432 057b EB       		.byte	-21
 1433 057c 47       		.byte	71
 1434 057d 0C       		.byte	12
 1435 057e 48       		.byte	72
 1436 057f 1C       		.byte	28
 1437 0580 49       		.byte	73
 1438 0581 FF       		.byte	-1
 1439 0582 4A       		.byte	74
 1440 0583 FF       		.byte	-1
 1441 0584 4B       		.byte	75
 1442 0585 FF       		.byte	-1
 1443 0586 4E       		.byte	78
 1444 0587 F0       		.byte	-16
 1445 0588 4F       		.byte	79
 1446 0589 44       		.byte	68
 1447 058a 50       		.byte	80
 1448 058b 0C       		.byte	12
 1449 058c 54       		.byte	84
 1450 058d 01       		.byte	1
 1451 058e 58       		.byte	88
 1452 058f 04       		.byte	4
 1453 0590 59       		.byte	89
 1454 0591 04       		.byte	4
 1455 0592 5A       		.byte	90
 1456 0593 04       		.byte	4
 1457 0594 5B       		.byte	91
 1458 0595 04       		.byte	4
 1459 0596 5C       		.byte	92
 1460 0597 02       		.byte	2
 1461 0598 5D       		.byte	93
 1462 0599 22       		.byte	34
 1463 059a 5F       		.byte	95
 1464 059b 01       		.byte	1
 1465 059c 66       		.byte	102
 1466 059d C0       		.byte	-64
 1467 059e 6A       		.byte	106
 1468 059f 40       		.byte	64
 1469 05a0 6B       		.byte	107
 1470 05a1 02       		.byte	2
 1471 05a2 81       		.byte	-127
 1472 05a3 44       		.byte	68
 1473 05a4 83       		.byte	-125
 1474 05a5 3A       		.byte	58
 1475 05a6 84       		.byte	-124
 1476 05a7 02       		.byte	2
 1477 05a8 85       		.byte	-123
 1478 05a9 EC       		.byte	-20
 1479 05aa 89       		.byte	-119
 1480 05ab EC       		.byte	-20
 1481 05ac 8C       		.byte	-116
 1482 05ad 03       		.byte	3
ARM GAS  C:\Users\Reza\AppData\Local\Temp\ccUArXPl.s 			page 27


 1483 05ae 95       		.byte	-107
 1484 05af 20       		.byte	32
 1485 05b0 97       		.byte	-105
 1486 05b1 C1       		.byte	-63
 1487 05b2 98       		.byte	-104
 1488 05b3 03       		.byte	3
 1489 05b4 99       		.byte	-103
 1490 05b5 88       		.byte	-120
 1491 05b6 9B       		.byte	-101
 1492 05b7 26       		.byte	38
 1493 05b8 A2       		.byte	-94
 1494 05b9 01       		.byte	1
 1495 05ba B1       		.byte	-79
 1496 05bb 03       		.byte	3
 1497 05bc B2       		.byte	-78
 1498 05bd 03       		.byte	3
 1499 05be B3       		.byte	-77
 1500 05bf 0C       		.byte	12
 1501 05c0 B5       		.byte	-75
 1502 05c1 E0       		.byte	-32
 1503 05c2 B7       		.byte	-73
 1504 05c3 10       		.byte	16
 1505 05c4 B8       		.byte	-72
 1506 05c5 08       		.byte	8
 1507 05c6 BE       		.byte	-66
 1508 05c7 04       		.byte	4
 1509 05c8 BF       		.byte	-65
 1510 05c9 01       		.byte	1
 1511 05ca C0       		.byte	-64
 1512 05cb 46       		.byte	70
 1513 05cc C1       		.byte	-63
 1514 05cd 05       		.byte	5
 1515 05ce C2       		.byte	-62
 1516 05cf 03       		.byte	3
 1517 05d0 C4       		.byte	-60
 1518 05d1 01       		.byte	1
 1519 05d2 C6       		.byte	-58
 1520 05d3 C0       		.byte	-64
 1521 05d4 C7       		.byte	-57
 1522 05d5 0E       		.byte	14
 1523 05d6 C8       		.byte	-56
 1524 05d7 18       		.byte	24
 1525 05d8 C9       		.byte	-55
 1526 05d9 FF       		.byte	-1
 1527 05da CA       		.byte	-54
 1528 05db FF       		.byte	-1
 1529 05dc CB       		.byte	-53
 1530 05dd FF       		.byte	-1
 1531 05de CC       		.byte	-52
 1532 05df 62       		.byte	98
 1533 05e0 CD       		.byte	-51
 1534 05e1 A0       		.byte	-96
 1535 05e2 CE       		.byte	-50
 1536 05e3 F0       		.byte	-16
 1537 05e4 CF       		.byte	-49
 1538 05e5 41       		.byte	65
 1539 05e6 D0       		.byte	-48
ARM GAS  C:\Users\Reza\AppData\Local\Temp\ccUArXPl.s 			page 28


 1540 05e7 0C       		.byte	12
 1541 05e8 D8       		.byte	-40
 1542 05e9 04       		.byte	4
 1543 05ea D9       		.byte	-39
 1544 05eb 04       		.byte	4
 1545 05ec DA       		.byte	-38
 1546 05ed 04       		.byte	4
 1547 05ee DC       		.byte	-36
 1548 05ef 20       		.byte	32
 1549 05f0 DD       		.byte	-35
 1550 05f1 02       		.byte	2
 1551 05f2 DF       		.byte	-33
 1552 05f3 01       		.byte	1
 1553 05f4 E6       		.byte	-26
 1554 05f5 40       		.byte	64
 1555 05f6 E7       		.byte	-25
 1556 05f7 02       		.byte	2
 1557 05f8 E9       		.byte	-23
 1558 05f9 10       		.byte	16
 1559 05fa EA       		.byte	-22
 1560 05fb 30       		.byte	48
 1561 05fc EB       		.byte	-21
 1562 05fd 10       		.byte	16
 1563 05fe ED       		.byte	-19
 1564 05ff 10       		.byte	16
 1565 0600 EE       		.byte	-18
 1566 0601 10       		.byte	16
 1567 0602 EF       		.byte	-17
 1568 0603 12       		.byte	18
 1569 0604 00       		.byte	0
 1570 0605 04       		.byte	4
 1571 0606 01       		.byte	1
 1572 0607 80       		.byte	-128
 1573 0608 02       		.byte	2
 1574 0609 80       		.byte	-128
 1575 060a 04       		.byte	4
 1576 060b 84       		.byte	-124
 1577 060c 05       		.byte	5
 1578 060d C4       		.byte	-60
 1579 060e 0A       		.byte	10
 1580 060f 10       		.byte	16
 1581 0610 0C       		.byte	12
 1582 0611 10       		.byte	16
 1583 0612 0E       		.byte	14
 1584 0613 08       		.byte	8
 1585 0614 10       		.byte	16
 1586 0615 10       		.byte	16
 1587 0616 11       		.byte	17
 1588 0617 02       		.byte	2
 1589 0618 12       		.byte	18
 1590 0619 02       		.byte	2
 1591 061a 16       		.byte	22
 1592 061b 40       		.byte	64
 1593 061c 19       		.byte	25
 1594 061d 02       		.byte	2
 1595 061e 1A       		.byte	26
 1596 061f 10       		.byte	16
ARM GAS  C:\Users\Reza\AppData\Local\Temp\ccUArXPl.s 			page 29


 1597 0620 1D       		.byte	29
 1598 0621 08       		.byte	8
 1599 0622 22       		.byte	34
 1600 0623 44       		.byte	68
 1601 0624 25       		.byte	37
 1602 0625 40       		.byte	64
 1603 0626 27       		.byte	39
 1604 0627 54       		.byte	84
 1605 0628 29       		.byte	41
 1606 0629 44       		.byte	68
 1607 062a 30       		.byte	48
 1608 062b 10       		.byte	16
 1609 062c 36       		.byte	54
 1610 062d 08       		.byte	8
 1611 062e 37       		.byte	55
 1612 062f 14       		.byte	20
 1613 0630 38       		.byte	56
 1614 0631 08       		.byte	8
 1615 0632 39       		.byte	57
 1616 0633 80       		.byte	-128
 1617 0634 3A       		.byte	58
 1618 0635 40       		.byte	64
 1619 0636 3B       		.byte	59
 1620 0637 20       		.byte	32
 1621 0638 3D       		.byte	61
 1622 0639 20       		.byte	32
 1623 063a 3E       		.byte	62
 1624 063b 06       		.byte	6
 1625 063c 41       		.byte	65
 1626 063d 40       		.byte	64
 1627 063e 43       		.byte	67
 1628 063f 30       		.byte	48
 1629 0640 44       		.byte	68
 1630 0641 80       		.byte	-128
 1631 0642 47       		.byte	71
 1632 0643 48       		.byte	72
 1633 0644 49       		.byte	73
 1634 0645 40       		.byte	64
 1635 0646 4A       		.byte	74
 1636 0647 04       		.byte	4
 1637 0648 4D       		.byte	77
 1638 0649 60       		.byte	96
 1639 064a 50       		.byte	80
 1640 064b 04       		.byte	4
 1641 064c 52       		.byte	82
 1642 064d 84       		.byte	-124
 1643 064e 53       		.byte	83
 1644 064f 10       		.byte	16
 1645 0650 54       		.byte	84
 1646 0651 08       		.byte	8
 1647 0652 57       		.byte	87
 1648 0653 10       		.byte	16
 1649 0654 58       		.byte	88
 1650 0655 20       		.byte	32
 1651 0656 5A       		.byte	90
 1652 0657 88       		.byte	-120
 1653 0658 5B       		.byte	91
ARM GAS  C:\Users\Reza\AppData\Local\Temp\ccUArXPl.s 			page 30


 1654 0659 02       		.byte	2
 1655 065a 60       		.byte	96
 1656 065b 20       		.byte	32
 1657 065c 62       		.byte	98
 1658 065d 04       		.byte	4
 1659 065e 81       		.byte	-127
 1660 065f 02       		.byte	2
 1661 0660 88       		.byte	-120
 1662 0661 08       		.byte	8
 1663 0662 8A       		.byte	-118
 1664 0663 02       		.byte	2
 1665 0664 8B       		.byte	-117
 1666 0665 96       		.byte	-106
 1667 0666 90       		.byte	-112
 1668 0667 80       		.byte	-128
 1669 0668 91       		.byte	-111
 1670 0669 40       		.byte	64
 1671 066a 92       		.byte	-110
 1672 066b 04       		.byte	4
 1673 066c 97       		.byte	-105
 1674 066d 08       		.byte	8
 1675 066e 98       		.byte	-104
 1676 066f 80       		.byte	-128
 1677 0670 99       		.byte	-103
 1678 0671 24       		.byte	36
 1679 0672 9A       		.byte	-102
 1680 0673 40       		.byte	64
 1681 0674 9B       		.byte	-101
 1682 0675 08       		.byte	8
 1683 0676 9E       		.byte	-98
 1684 0677 04       		.byte	4
 1685 0678 A1       		.byte	-95
 1686 0679 11       		.byte	17
 1687 067a A2       		.byte	-94
 1688 067b 06       		.byte	6
 1689 067c A5       		.byte	-91
 1690 067d 48       		.byte	72
 1691 067e A6       		.byte	-90
 1692 067f 08       		.byte	8
 1693 0680 A7       		.byte	-89
 1694 0681 B0       		.byte	-80
 1695 0682 A9       		.byte	-87
 1696 0683 01       		.byte	1
 1697 0684 AB       		.byte	-85
 1698 0685 52       		.byte	82
 1699 0686 AF       		.byte	-81
 1700 0687 44       		.byte	68
 1701 0688 B0       		.byte	-80
 1702 0689 02       		.byte	2
 1703 068a B1       		.byte	-79
 1704 068b 01       		.byte	1
 1705 068c C0       		.byte	-64
 1706 068d AD       		.byte	-83
 1707 068e C2       		.byte	-62
 1708 068f 44       		.byte	68
 1709 0690 C4       		.byte	-60
 1710 0691 1D       		.byte	29
ARM GAS  C:\Users\Reza\AppData\Local\Temp\ccUArXPl.s 			page 31


 1711 0692 CA       		.byte	-54
 1712 0693 0A       		.byte	10
 1713 0694 CC       		.byte	-52
 1714 0695 64       		.byte	100
 1715 0696 CE       		.byte	-50
 1716 0697 EE       		.byte	-18
 1717 0698 D0       		.byte	-48
 1718 0699 D8       		.byte	-40
 1719 069a D2       		.byte	-46
 1720 069b 3C       		.byte	60
 1721 069c D6       		.byte	-42
 1722 069d 0F       		.byte	15
 1723 069e E4       		.byte	-28
 1724 069f 04       		.byte	4
 1725 06a0 E6       		.byte	-26
 1726 06a1 20       		.byte	32
 1727 06a2 E8       		.byte	-24
 1728 06a3 03       		.byte	3
 1729 06a4 33       		.byte	51
 1730 06a5 80       		.byte	-128
 1731 06a6 CC       		.byte	-52
 1732 06a7 10       		.byte	16
 1733 06a8 06       		.byte	6
 1734 06a9 01       		.byte	1
 1735 06aa 0B       		.byte	11
 1736 06ab 20       		.byte	32
 1737 06ac 0F       		.byte	15
 1738 06ad 10       		.byte	16
 1739 06ae 5C       		.byte	92
 1740 06af 02       		.byte	2
 1741 06b0 63       		.byte	99
 1742 06b1 04       		.byte	4
 1743 06b2 86       		.byte	-122
 1744 06b3 08       		.byte	8
 1745 06b4 87       		.byte	-121
 1746 06b5 04       		.byte	4
 1747 06b6 A7       		.byte	-89
 1748 06b7 80       		.byte	-128
 1749 06b8 C0       		.byte	-64
 1750 06b9 80       		.byte	-128
 1751 06ba C2       		.byte	-62
 1752 06bb 30       		.byte	48
 1753 06bc D6       		.byte	-42
 1754 06bd 80       		.byte	-128
 1755 06be D8       		.byte	-40
 1756 06bf 40       		.byte	64
 1757 06c0 E0       		.byte	-32
 1758 06c1 10       		.byte	16
 1759 06c2 E2       		.byte	-30
 1760 06c3 40       		.byte	64
 1761 06c4 9C       		.byte	-100
 1762 06c5 02       		.byte	2
 1763 06c6 A6       		.byte	-90
 1764 06c7 08       		.byte	8
 1765 06c8 AA       		.byte	-86
 1766 06c9 01       		.byte	1
 1767 06ca AF       		.byte	-81
ARM GAS  C:\Users\Reza\AppData\Local\Temp\ccUArXPl.s 			page 32


 1768 06cb 90       		.byte	-112
 1769 06cc B3       		.byte	-77
 1770 06cd 10       		.byte	16
 1771 06ce E8       		.byte	-24
 1772 06cf 20       		.byte	32
 1773 06d0 EC       		.byte	-20
 1774 06d1 40       		.byte	64
 1775 06d2 EE       		.byte	-18
 1776 06d3 10       		.byte	16
 1777 06d4 A6       		.byte	-90
 1778 06d5 08       		.byte	8
 1779 06d6 AC       		.byte	-84
 1780 06d7 02       		.byte	2
 1781 06d8 EE       		.byte	-18
 1782 06d9 40       		.byte	64
 1783 06da 52       		.byte	82
 1784 06db 20       		.byte	32
 1785 06dc 5E       		.byte	94
 1786 06dd 80       		.byte	-128
 1787 06de 62       		.byte	98
 1788 06df 08       		.byte	8
 1789 06e0 66       		.byte	102
 1790 06e1 04       		.byte	4
 1791 06e2 8A       		.byte	-118
 1792 06e3 20       		.byte	32
 1793 06e4 D4       		.byte	-44
 1794 06e5 04       		.byte	4
 1795 06e6 D6       		.byte	-42
 1796 06e7 04       		.byte	4
 1797 06e8 D8       		.byte	-40
 1798 06e9 03       		.byte	3
 1799 06ea E0       		.byte	-32
 1800 06eb 04       		.byte	4
 1801 06ec 9E       		.byte	-98
 1802 06ed 04       		.byte	4
 1803 06ee A6       		.byte	-90
 1804 06ef 40       		.byte	64
 1805 06f0 AE       		.byte	-82
 1806 06f1 08       		.byte	8
 1807 06f2 86       		.byte	-122
 1808 06f3 40       		.byte	64
 1809 06f4 9E       		.byte	-98
 1810 06f5 04       		.byte	4
 1811 06f6 A6       		.byte	-90
 1812 06f7 40       		.byte	64
 1813 06f8 A6       		.byte	-90
 1814 06f9 08       		.byte	8
 1815 06fa 02       		.byte	2
 1816 06fb 08       		.byte	8
 1817 06fc A6       		.byte	-90
 1818 06fd 08       		.byte	8
 1819 06fe C0       		.byte	-64
 1820 06ff 40       		.byte	64
 1821 0700 51       		.byte	81
 1822 0701 01       		.byte	1
 1823 0702 52       		.byte	82
 1824 0703 20       		.byte	32
ARM GAS  C:\Users\Reza\AppData\Local\Temp\ccUArXPl.s 			page 33


 1825 0704 57       		.byte	87
 1826 0705 08       		.byte	8
 1827 0706 5B       		.byte	91
 1828 0707 04       		.byte	4
 1829 0708 5C       		.byte	92
 1830 0709 10       		.byte	16
 1831 070a 62       		.byte	98
 1832 070b 08       		.byte	8
 1833 070c 64       		.byte	100
 1834 070d 04       		.byte	4
 1835 070e 66       		.byte	102
 1836 070f 80       		.byte	-128
 1837 0710 80       		.byte	-128
 1838 0711 10       		.byte	16
 1839 0712 83       		.byte	-125
 1840 0713 04       		.byte	4
 1841 0714 86       		.byte	-122
 1842 0715 28       		.byte	40
 1843 0716 89       		.byte	-119
 1844 0717 01       		.byte	1
 1845 0718 9E       		.byte	-98
 1846 0719 04       		.byte	4
 1847 071a D4       		.byte	-44
 1848 071b 07       		.byte	7
 1849 071c D6       		.byte	-42
 1850 071d 07       		.byte	7
 1851 071e D8       		.byte	-40
 1852 071f 03       		.byte	3
 1853 0720 E0       		.byte	-32
 1854 0721 04       		.byte	4
 1855 0722 10       		.byte	16
 1856 0723 40       		.byte	64
 1857 0724 70       		.byte	112
 1858 0725 01       		.byte	1
 1859 0726 80       		.byte	-128
 1860 0727 01       		.byte	1
 1861 0728 88       		.byte	-120
 1862 0729 40       		.byte	64
 1863 072a AA       		.byte	-86
 1864 072b 04       		.byte	4
 1865 072c AE       		.byte	-82
 1866 072d 80       		.byte	-128
 1867 072e B0       		.byte	-80
 1868 072f 04       		.byte	4
 1869 0730 B3       		.byte	-77
 1870 0731 08       		.byte	8
 1871 0732 C4       		.byte	-60
 1872 0733 08       		.byte	8
 1873 0734 DC       		.byte	-36
 1874 0735 01       		.byte	1
 1875 0736 E2       		.byte	-30
 1876 0737 01       		.byte	1
 1877 0738 E8       		.byte	-24
 1878 0739 04       		.byte	4
 1879 073a EC       		.byte	-20
 1880 073b 01       		.byte	1
 1881 073c 00       		.byte	0
ARM GAS  C:\Users\Reza\AppData\Local\Temp\ccUArXPl.s 			page 34


 1882 073d 07       		.byte	7
 1883 073e 08       		.byte	8
 1884 073f 03       		.byte	3
 1885 0740 0A       		.byte	10
 1886 0741 03       		.byte	3
 1887 0742 0C       		.byte	12
 1888 0743 05       		.byte	5
 1889 0744 10       		.byte	16
 1890 0745 07       		.byte	7
 1891 0746 1A       		.byte	26
 1892 0747 06       		.byte	6
 1893 0748 1C       		.byte	28
 1894 0749 07       		.byte	7
 1895 074a 00       		.byte	0
 1896 074b 03       		.byte	3
 1897 074c 38       		.byte	56
 1898 074d C0       		.byte	-64
 1899 074e C0       		.byte	-64
 1900 074f 00       		.byte	0
 1901 0750 C0       		.byte	-64
 1902 0751 00       		.byte	0
 1903 0752 00       		.byte	0
 1904 0753 00       		.byte	0
 1905 0754 80       		.byte	-128
 1906 0755 00       		.byte	0
 1907 0756 40       		.byte	64
 1908 0757 80       		.byte	-128
 1909 0758 80       		.byte	-128
 1910 0759 00       		.byte	0
 1911 075a 80       		.byte	-128
 1912 075b 00       		.byte	0
 1913 075c 00       		.byte	0
 1914 075d 00       		.byte	0
 1915 075e 00       		.byte	0
 1916 075f 00       		.byte	0
 1917 0760 00       		.byte	0
 1918 0761 FF       		.byte	-1
 1919 0762 FF       		.byte	-1
 1920 0763 00       		.byte	0
 1921 0764 FF       		.byte	-1
 1922 0765 00       		.byte	0
 1923 0766 00       		.byte	0
 1924 0767 00       		.byte	0
 1925 0768 00       		.byte	0
 1926 0769 39       		.byte	57
 1927 076a 39       		.byte	57
 1928 076b 00       		.byte	0
 1929 076c 39       		.byte	57
 1930 076d 00       		.byte	0
 1931 076e 00       		.byte	0
 1932 076f 00       		.byte	0
 1933 0770 04       		.byte	4
 1934 0771 20       		.byte	32
 1935 0772 20       		.byte	32
 1936 0773 00       		.byte	0
 1937 0774 00       		.byte	0
 1938 0775 00       		.byte	0
ARM GAS  C:\Users\Reza\AppData\Local\Temp\ccUArXPl.s 			page 35


 1939 0776 00       		.byte	0
 1940 0777 00       		.byte	0
 1941              		.section	.cywolatch,"a",%progbits
 1942              		.align	2
 1943              		.type	cy_meta_wonvl, %object
 1944              		.size	cy_meta_wonvl, 4
 1945              	cy_meta_wonvl:
 1946 0000 BC       		.byte	-68
 1947 0001 90       		.byte	-112
 1948 0002 AC       		.byte	-84
 1949 0003 AF       		.byte	-81
 1950              		.section	.cycustnvl,"a",%progbits
 1951              		.align	2
 1952              		.type	cy_meta_custnvl, %object
 1953              		.size	cy_meta_custnvl, 4
 1954              	cy_meta_custnvl:
 1955 0000 00       		.byte	0
 1956 0001 00       		.byte	0
 1957 0002 40       		.byte	64
 1958 0003 07       		.byte	7
 1959              		.section	.cymeta,"a",%progbits
 1960              		.align	2
 1961              		.type	cy_metadata, %object
 1962              		.size	cy_metadata, 12
 1963              	cy_metadata:
 1964 0000 00       		.byte	0
 1965 0001 01       		.byte	1
 1966 0002 2E       		.byte	46
 1967 0003 16       		.byte	22
 1968 0004 10       		.byte	16
 1969 0005 69       		.byte	105
 1970 0006 00       		.byte	0
 1971 0007 01       		.byte	1
 1972 0008 00       		.byte	0
 1973 0009 00       		.byte	0
 1974 000a 00       		.byte	0
 1975 000b 00       		.byte	0
 1976              		.section	.cyflashprotect,"a",%progbits
 1977              		.align	2
 1978              		.type	cy_meta_flashprotect, %object
 1979              		.size	cy_meta_flashprotect, 256
 1980              	cy_meta_flashprotect:
 1981 0000 00000000 		.space	256
 1981      00000000 
 1981      00000000 
 1981      00000000 
 1981      00000000 
 1982              		.text
 1983              	.Letext0:
 1984              		.file 1 "c:\\program files (x86)\\cypress\\psoc creator\\4.4\\psoc creator\\import\\gnu\\arm\\5.4.
 1985              		.file 2 "c:\\program files (x86)\\cypress\\psoc creator\\4.4\\psoc creator\\import\\gnu\\arm\\5.4.
 1986              		.file 3 "Generated_Source\\PSoC5\\cymetadata.c"
 1987              		.section	.debug_info,"",%progbits
 1988              	.Ldebug_info0:
 1989 0000 35010000 		.4byte	0x135
 1990 0004 0400     		.2byte	0x4
 1991 0006 00000000 		.4byte	.Ldebug_abbrev0
ARM GAS  C:\Users\Reza\AppData\Local\Temp\ccUArXPl.s 			page 36


 1992 000a 04       		.byte	0x4
 1993 000b 01       		.uleb128 0x1
 1994 000c 24000000 		.4byte	.LASF17
 1995 0010 0C       		.byte	0xc
 1996 0011 B2010000 		.4byte	.LASF18
 1997 0015 25010000 		.4byte	.LASF19
 1998 0019 00000000 		.4byte	.Ldebug_line0
 1999 001d 02       		.uleb128 0x2
 2000 001e 01       		.byte	0x1
 2001 001f 06       		.byte	0x6
 2002 0020 A6010000 		.4byte	.LASF0
 2003 0024 03       		.uleb128 0x3
 2004 0025 00000000 		.4byte	.LASF9
 2005 0029 01       		.byte	0x1
 2006 002a 1D       		.byte	0x1d
 2007 002b 2F000000 		.4byte	0x2f
 2008 002f 02       		.uleb128 0x2
 2009 0030 01       		.byte	0x1
 2010 0031 08       		.byte	0x8
 2011 0032 16000000 		.4byte	.LASF1
 2012 0036 02       		.uleb128 0x2
 2013 0037 02       		.byte	0x2
 2014 0038 05       		.byte	0x5
 2015 0039 93010000 		.4byte	.LASF2
 2016 003d 02       		.uleb128 0x2
 2017 003e 02       		.byte	0x2
 2018 003f 07       		.byte	0x7
 2019 0040 C4000000 		.4byte	.LASF3
 2020 0044 02       		.uleb128 0x2
 2021 0045 04       		.byte	0x4
 2022 0046 05       		.byte	0x5
 2023 0047 9D010000 		.4byte	.LASF4
 2024 004b 02       		.uleb128 0x2
 2025 004c 04       		.byte	0x4
 2026 004d 07       		.byte	0x7
 2027 004e B2000000 		.4byte	.LASF5
 2028 0052 02       		.uleb128 0x2
 2029 0053 08       		.byte	0x8
 2030 0054 05       		.byte	0x5
 2031 0055 85010000 		.4byte	.LASF6
 2032 0059 02       		.uleb128 0x2
 2033 005a 08       		.byte	0x8
 2034 005b 07       		.byte	0x7
 2035 005c 06010000 		.4byte	.LASF7
 2036 0060 04       		.uleb128 0x4
 2037 0061 04       		.byte	0x4
 2038 0062 05       		.byte	0x5
 2039 0063 696E7400 		.ascii	"int\000"
 2040 0067 02       		.uleb128 0x2
 2041 0068 04       		.byte	0x4
 2042 0069 07       		.byte	0x7
 2043 006a F9000000 		.4byte	.LASF8
 2044 006e 03       		.uleb128 0x3
 2045 006f 1D010000 		.4byte	.LASF10
 2046 0073 02       		.byte	0x2
 2047 0074 18       		.byte	0x18
 2048 0075 24000000 		.4byte	0x24
ARM GAS  C:\Users\Reza\AppData\Local\Temp\ccUArXPl.s 			page 37


 2049 0079 05       		.uleb128 0x5
 2050 007a 91000000 		.4byte	0x91
 2051 007e 8A000000 		.4byte	0x8a
 2052 0082 06       		.uleb128 0x6
 2053 0083 8A000000 		.4byte	0x8a
 2054 0087 7707     		.2byte	0x777
 2055 0089 00       		.byte	0
 2056 008a 02       		.uleb128 0x2
 2057 008b 04       		.byte	0x4
 2058 008c 07       		.byte	0x7
 2059 008d 7C010000 		.4byte	.LASF11
 2060 0091 07       		.uleb128 0x7
 2061 0092 6E000000 		.4byte	0x6e
 2062 0096 08       		.uleb128 0x8
 2063 0097 E7000000 		.4byte	.LASF12
 2064 009b 03       		.byte	0x3
 2065 009c 1F       		.byte	0x1f
 2066 009d A7000000 		.4byte	0xa7
 2067 00a1 05       		.uleb128 0x5
 2068 00a2 03       		.byte	0x3
 2069 00a3 00000000 		.4byte	cy_meta_configecc
 2070 00a7 07       		.uleb128 0x7
 2071 00a8 79000000 		.4byte	0x79
 2072 00ac 05       		.uleb128 0x5
 2073 00ad 91000000 		.4byte	0x91
 2074 00b1 BC000000 		.4byte	0xbc
 2075 00b5 09       		.uleb128 0x9
 2076 00b6 8A000000 		.4byte	0x8a
 2077 00ba 03       		.byte	0x3
 2078 00bb 00       		.byte	0
 2079 00bc 0A       		.uleb128 0xa
 2080 00bd D7000000 		.4byte	.LASF13
 2081 00c1 03       		.byte	0x3
 2082 00c2 1B01     		.2byte	0x11b
 2083 00c4 CE000000 		.4byte	0xce
 2084 00c8 05       		.uleb128 0x5
 2085 00c9 03       		.byte	0x3
 2086 00ca 00000000 		.4byte	cy_meta_custnvl
 2087 00ce 07       		.uleb128 0x7
 2088 00cf AC000000 		.4byte	0xac
 2089 00d3 0A       		.uleb128 0xa
 2090 00d4 6E010000 		.4byte	.LASF14
 2091 00d8 03       		.byte	0x3
 2092 00d9 2901     		.2byte	0x129
 2093 00db E5000000 		.4byte	0xe5
 2094 00df 05       		.uleb128 0x5
 2095 00e0 03       		.byte	0x3
 2096 00e1 00000000 		.4byte	cy_meta_wonvl
 2097 00e5 07       		.uleb128 0x7
 2098 00e6 AC000000 		.4byte	0xac
 2099 00ea 05       		.uleb128 0x5
 2100 00eb 91000000 		.4byte	0x91
 2101 00ef FA000000 		.4byte	0xfa
 2102 00f3 09       		.uleb128 0x9
 2103 00f4 8A000000 		.4byte	0x8a
 2104 00f8 FF       		.byte	0xff
 2105 00f9 00       		.byte	0
ARM GAS  C:\Users\Reza\AppData\Local\Temp\ccUArXPl.s 			page 38


 2106 00fa 0A       		.uleb128 0xa
 2107 00fb 59010000 		.4byte	.LASF15
 2108 00ff 03       		.byte	0x3
 2109 0100 3701     		.2byte	0x137
 2110 0102 0C010000 		.4byte	0x10c
 2111 0106 05       		.uleb128 0x5
 2112 0107 03       		.byte	0x3
 2113 0108 00000000 		.4byte	cy_meta_flashprotect
 2114 010c 07       		.uleb128 0x7
 2115 010d EA000000 		.4byte	0xea
 2116 0111 05       		.uleb128 0x5
 2117 0112 91000000 		.4byte	0x91
 2118 0116 21010000 		.4byte	0x121
 2119 011a 09       		.uleb128 0x9
 2120 011b 8A000000 		.4byte	0x8a
 2121 011f 0B       		.byte	0xb
 2122 0120 00       		.byte	0
 2123 0121 0A       		.uleb128 0xa
 2124 0122 0A000000 		.4byte	.LASF16
 2125 0126 03       		.byte	0x3
 2126 0127 6401     		.2byte	0x164
 2127 0129 33010000 		.4byte	0x133
 2128 012d 05       		.uleb128 0x5
 2129 012e 03       		.byte	0x3
 2130 012f 00000000 		.4byte	cy_metadata
 2131 0133 07       		.uleb128 0x7
 2132 0134 11010000 		.4byte	0x111
 2133 0138 00       		.byte	0
 2134              		.section	.debug_abbrev,"",%progbits
 2135              	.Ldebug_abbrev0:
 2136 0000 01       		.uleb128 0x1
 2137 0001 11       		.uleb128 0x11
 2138 0002 01       		.byte	0x1
 2139 0003 25       		.uleb128 0x25
 2140 0004 0E       		.uleb128 0xe
 2141 0005 13       		.uleb128 0x13
 2142 0006 0B       		.uleb128 0xb
 2143 0007 03       		.uleb128 0x3
 2144 0008 0E       		.uleb128 0xe
 2145 0009 1B       		.uleb128 0x1b
 2146 000a 0E       		.uleb128 0xe
 2147 000b 10       		.uleb128 0x10
 2148 000c 17       		.uleb128 0x17
 2149 000d 00       		.byte	0
 2150 000e 00       		.byte	0
 2151 000f 02       		.uleb128 0x2
 2152 0010 24       		.uleb128 0x24
 2153 0011 00       		.byte	0
 2154 0012 0B       		.uleb128 0xb
 2155 0013 0B       		.uleb128 0xb
 2156 0014 3E       		.uleb128 0x3e
 2157 0015 0B       		.uleb128 0xb
 2158 0016 03       		.uleb128 0x3
 2159 0017 0E       		.uleb128 0xe
 2160 0018 00       		.byte	0
 2161 0019 00       		.byte	0
 2162 001a 03       		.uleb128 0x3
ARM GAS  C:\Users\Reza\AppData\Local\Temp\ccUArXPl.s 			page 39


 2163 001b 16       		.uleb128 0x16
 2164 001c 00       		.byte	0
 2165 001d 03       		.uleb128 0x3
 2166 001e 0E       		.uleb128 0xe
 2167 001f 3A       		.uleb128 0x3a
 2168 0020 0B       		.uleb128 0xb
 2169 0021 3B       		.uleb128 0x3b
 2170 0022 0B       		.uleb128 0xb
 2171 0023 49       		.uleb128 0x49
 2172 0024 13       		.uleb128 0x13
 2173 0025 00       		.byte	0
 2174 0026 00       		.byte	0
 2175 0027 04       		.uleb128 0x4
 2176 0028 24       		.uleb128 0x24
 2177 0029 00       		.byte	0
 2178 002a 0B       		.uleb128 0xb
 2179 002b 0B       		.uleb128 0xb
 2180 002c 3E       		.uleb128 0x3e
 2181 002d 0B       		.uleb128 0xb
 2182 002e 03       		.uleb128 0x3
 2183 002f 08       		.uleb128 0x8
 2184 0030 00       		.byte	0
 2185 0031 00       		.byte	0
 2186 0032 05       		.uleb128 0x5
 2187 0033 01       		.uleb128 0x1
 2188 0034 01       		.byte	0x1
 2189 0035 49       		.uleb128 0x49
 2190 0036 13       		.uleb128 0x13
 2191 0037 01       		.uleb128 0x1
 2192 0038 13       		.uleb128 0x13
 2193 0039 00       		.byte	0
 2194 003a 00       		.byte	0
 2195 003b 06       		.uleb128 0x6
 2196 003c 21       		.uleb128 0x21
 2197 003d 00       		.byte	0
 2198 003e 49       		.uleb128 0x49
 2199 003f 13       		.uleb128 0x13
 2200 0040 2F       		.uleb128 0x2f
 2201 0041 05       		.uleb128 0x5
 2202 0042 00       		.byte	0
 2203 0043 00       		.byte	0
 2204 0044 07       		.uleb128 0x7
 2205 0045 26       		.uleb128 0x26
 2206 0046 00       		.byte	0
 2207 0047 49       		.uleb128 0x49
 2208 0048 13       		.uleb128 0x13
 2209 0049 00       		.byte	0
 2210 004a 00       		.byte	0
 2211 004b 08       		.uleb128 0x8
 2212 004c 34       		.uleb128 0x34
 2213 004d 00       		.byte	0
 2214 004e 03       		.uleb128 0x3
 2215 004f 0E       		.uleb128 0xe
 2216 0050 3A       		.uleb128 0x3a
 2217 0051 0B       		.uleb128 0xb
 2218 0052 3B       		.uleb128 0x3b
 2219 0053 0B       		.uleb128 0xb
ARM GAS  C:\Users\Reza\AppData\Local\Temp\ccUArXPl.s 			page 40


 2220 0054 49       		.uleb128 0x49
 2221 0055 13       		.uleb128 0x13
 2222 0056 3F       		.uleb128 0x3f
 2223 0057 19       		.uleb128 0x19
 2224 0058 02       		.uleb128 0x2
 2225 0059 18       		.uleb128 0x18
 2226 005a 00       		.byte	0
 2227 005b 00       		.byte	0
 2228 005c 09       		.uleb128 0x9
 2229 005d 21       		.uleb128 0x21
 2230 005e 00       		.byte	0
 2231 005f 49       		.uleb128 0x49
 2232 0060 13       		.uleb128 0x13
 2233 0061 2F       		.uleb128 0x2f
 2234 0062 0B       		.uleb128 0xb
 2235 0063 00       		.byte	0
 2236 0064 00       		.byte	0
 2237 0065 0A       		.uleb128 0xa
 2238 0066 34       		.uleb128 0x34
 2239 0067 00       		.byte	0
 2240 0068 03       		.uleb128 0x3
 2241 0069 0E       		.uleb128 0xe
 2242 006a 3A       		.uleb128 0x3a
 2243 006b 0B       		.uleb128 0xb
 2244 006c 3B       		.uleb128 0x3b
 2245 006d 05       		.uleb128 0x5
 2246 006e 49       		.uleb128 0x49
 2247 006f 13       		.uleb128 0x13
 2248 0070 3F       		.uleb128 0x3f
 2249 0071 19       		.uleb128 0x19
 2250 0072 02       		.uleb128 0x2
 2251 0073 18       		.uleb128 0x18
 2252 0074 00       		.byte	0
 2253 0075 00       		.byte	0
 2254 0076 00       		.byte	0
 2255              		.section	.debug_aranges,"",%progbits
 2256 0000 14000000 		.4byte	0x14
 2257 0004 0200     		.2byte	0x2
 2258 0006 00000000 		.4byte	.Ldebug_info0
 2259 000a 04       		.byte	0x4
 2260 000b 00       		.byte	0
 2261 000c 0000     		.2byte	0
 2262 000e 0000     		.2byte	0
 2263 0010 00000000 		.4byte	0
 2264 0014 00000000 		.4byte	0
 2265              		.section	.debug_line,"",%progbits
 2266              	.Ldebug_line0:
 2267 0000 3D010000 		.section	.debug_str,"MS",%progbits,1
 2267      02003701 
 2267      00000201 
 2267      FB0E0D00 
 2267      01010101 
 2268              	.LASF9:
 2269 0000 5F5F7569 		.ascii	"__uint8_t\000"
 2269      6E74385F 
 2269      7400
 2270              	.LASF16:
ARM GAS  C:\Users\Reza\AppData\Local\Temp\ccUArXPl.s 			page 41


 2271 000a 63795F6D 		.ascii	"cy_metadata\000"
 2271      65746164 
 2271      61746100 
 2272              	.LASF1:
 2273 0016 756E7369 		.ascii	"unsigned char\000"
 2273      676E6564 
 2273      20636861 
 2273      7200
 2274              	.LASF17:
 2275 0024 474E5520 		.ascii	"GNU C11 5.4.1 20160609 (release) [ARM/embedded-5-br"
 2275      43313120 
 2275      352E342E 
 2275      31203230 
 2275      31363036 
 2276 0057 616E6368 		.ascii	"anch revision 237715] -mcpu=cortex-m3 -mthumb -g -O"
 2276      20726576 
 2276      6973696F 
 2276      6E203233 
 2276      37373135 
 2277 008a 67202D66 		.ascii	"g -ffunction-sections -ffat-lto-objects\000"
 2277      66756E63 
 2277      74696F6E 
 2277      2D736563 
 2277      74696F6E 
 2278              	.LASF5:
 2279 00b2 6C6F6E67 		.ascii	"long unsigned int\000"
 2279      20756E73 
 2279      69676E65 
 2279      6420696E 
 2279      7400
 2280              	.LASF3:
 2281 00c4 73686F72 		.ascii	"short unsigned int\000"
 2281      7420756E 
 2281      7369676E 
 2281      65642069 
 2281      6E7400
 2282              	.LASF13:
 2283 00d7 63795F6D 		.ascii	"cy_meta_custnvl\000"
 2283      6574615F 
 2283      63757374 
 2283      6E766C00 
 2284              	.LASF12:
 2285 00e7 63795F6D 		.ascii	"cy_meta_configecc\000"
 2285      6574615F 
 2285      636F6E66 
 2285      69676563 
 2285      6300
 2286              	.LASF8:
 2287 00f9 756E7369 		.ascii	"unsigned int\000"
 2287      676E6564 
 2287      20696E74 
 2287      00
 2288              	.LASF7:
 2289 0106 6C6F6E67 		.ascii	"long long unsigned int\000"
 2289      206C6F6E 
 2289      6720756E 
 2289      7369676E 
ARM GAS  C:\Users\Reza\AppData\Local\Temp\ccUArXPl.s 			page 42


 2289      65642069 
 2290              	.LASF10:
 2291 011d 75696E74 		.ascii	"uint8_t\000"
 2291      385F7400 
 2292              	.LASF19:
 2293 0125 443A5C68 		.ascii	"D:\\h_da\\PSoc_projects\\ReactionGame_with erika.cy"
 2293      5F64615C 
 2293      50536F63 
 2293      5F70726F 
 2293      6A656374 
 2294 0155 64736E00 		.ascii	"dsn\000"
 2295              	.LASF15:
 2296 0159 63795F6D 		.ascii	"cy_meta_flashprotect\000"
 2296      6574615F 
 2296      666C6173 
 2296      6870726F 
 2296      74656374 
 2297              	.LASF14:
 2298 016e 63795F6D 		.ascii	"cy_meta_wonvl\000"
 2298      6574615F 
 2298      776F6E76 
 2298      6C00
 2299              	.LASF11:
 2300 017c 73697A65 		.ascii	"sizetype\000"
 2300      74797065 
 2300      00
 2301              	.LASF6:
 2302 0185 6C6F6E67 		.ascii	"long long int\000"
 2302      206C6F6E 
 2302      6720696E 
 2302      7400
 2303              	.LASF2:
 2304 0193 73686F72 		.ascii	"short int\000"
 2304      7420696E 
 2304      7400
 2305              	.LASF4:
 2306 019d 6C6F6E67 		.ascii	"long int\000"
 2306      20696E74 
 2306      00
 2307              	.LASF0:
 2308 01a6 7369676E 		.ascii	"signed char\000"
 2308      65642063 
 2308      68617200 
 2309              	.LASF18:
 2310 01b2 47656E65 		.ascii	"Generated_Source\\PSoC5\\cymetadata.c\000"
 2310      72617465 
 2310      645F536F 
 2310      75726365 
 2310      5C50536F 
 2311              		.ident	"GCC: (GNU Tools for ARM Embedded Processors) 5.4.1 20160609 (release) [ARM/embedded-5-bran
