ARM GAS  C:\Users\Reza\AppData\Local\Temp\ccd38SX2.s 			page 1


   1              		.syntax unified
   2              		.cpu cortex-m3
   3              		.fpu softvfp
   4              		.eabi_attribute 20, 1
   5              		.eabi_attribute 21, 1
   6              		.eabi_attribute 23, 3
   7              		.eabi_attribute 24, 1
   8              		.eabi_attribute 25, 1
   9              		.eabi_attribute 26, 1
  10              		.eabi_attribute 30, 1
  11              		.eabi_attribute 34, 1
  12              		.eabi_attribute 18, 4
  13              		.thumb
  14              		.syntax unified
  15              		.file	"ErikaOS_1_eecfg.c"
  16              		.text
  17              	.Ltext0:
  18              		.cfi_sections	.debug_frame
  19              		.global	EE_oo_autostart_task_data
  20              		.comm	EE_ApplicationMode,4,4
  21              		.global	EE_oo_action_ROM
  22              		.comm	EE_oo_counter_object_RAM,64,4
  23              		.global	EE_oo_counter_object_ROM
  24              		.global	EE_ALARM_ID
  25              		.global	EE_ALARM_NAME
  26              		.global	EE_alarm_ROM
  27              		.global	EE_counter_RAM
  28              		.global	EE_counter_ROM
  29              		.global	EE_th_is_extended
  30              		.global	EE_th_waswaiting
  31              		.global	EE_th_event_waitmask
  32              		.global	EE_th_event_active
  33              		.global	EE_th_terminate_nextask
  34              		.global	EE_rq_free
  35              		.comm	EE_rq_pairs_tid,20,4
  36              		.global	EE_rq_pairs_next
  37              		.global	EE_rq_link
  38              		.global	EE_th_rnact_max
  39              		.global	EE_th_rnact
  40              		.global	EE_rq_bitmask
  41              		.global	EE_rq_queues_tail
  42              		.global	EE_rq_queues_head
  43              		.global	EE_sys_ceiling
  44              		.global	EE_stkfirst
  45              		.global	EE_th_next
  46              		.global	EE_th_status
  47              		.global	EE_th_dispatch_prio
  48              		.global	EE_EVENT_ID
  49              		.global	EE_EVENT_NAME
  50              		.global	EE_TASK_NAME
  51              		.global	EE_th_ready_prio
  52              		.global	EE_terminate_real_th_body
  53              		.comm	EE_terminate_data,20,4
  54              		.global	EE_hal_thread_body
  55              		.global	EE_cortex_mx_IRQ_tos
  56              		.global	EE_cortex_mx_active_tos
  57              		.global	EE_cortex_mx_system_tos
ARM GAS  C:\Users\Reza\AppData\Local\Temp\ccd38SX2.s 			page 2


  58              		.global	EE_std_thread_tos
  59              		.comm	EE_cortex_mx_stack_9,512,4
  60              		.comm	EE_cortex_mx_stack_2,300,4
  61              		.section	.rodata
  62              		.align	2
  63              		.type	EE_oo_autostart_task_data, %object
  64              		.size	EE_oo_autostart_task_data, 8
  65              	EE_oo_autostart_task_data:
  66 0000 01000000 		.word	1
  67 0004 08000000 		.word	EE_oo_autostart_task_mode_OSDEFAULTAPPMODE
  68              		.type	EE_oo_autostart_task_mode_OSDEFAULTAPPMODE, %object
  69              		.size	EE_oo_autostart_task_mode_OSDEFAULTAPPMODE, 4
  70              	EE_oo_autostart_task_mode_OSDEFAULTAPPMODE:
  71 0008 00000000 		.space	4
  72              		.type	EE_oo_action_ROM, %object
  73              		.size	EE_oo_action_ROM, 80
  74              	EE_oo_action_ROM:
  75 000c 01       		.byte	1
  76 000d 000000   		.space	3
  77 0010 01000000 		.word	1
  78 0014 02000000 		.word	2
  79 0018 00000000 		.word	0
  80 001c FFFFFFFF 		.word	-1
  81 0020 03       		.byte	3
  82 0021 000000   		.space	3
  83 0024 00000000 		.word	0
  84 0028 00000000 		.word	0
  85 002c 00000000 		.word	Counter_Ticks
  86 0030 FFFFFFFF 		.word	-1
  87 0034 00       		.byte	0
  88 0035 000000   		.space	3
  89 0038 03000000 		.word	3
  90 003c 00000000 		.word	0
  91 0040 00000000 		.word	0
  92 0044 FFFFFFFF 		.word	-1
  93 0048 00       		.byte	0
  94 0049 000000   		.space	3
  95 004c 04000000 		.word	4
  96 0050 00000000 		.word	0
  97 0054 00000000 		.word	0
  98 0058 FFFFFFFF 		.word	-1
  99              		.type	EE_oo_counter_object_ROM, %object
 100              		.size	EE_oo_counter_object_ROM, 48
 101              	EE_oo_counter_object_ROM:
 102 005c 00000000 		.word	0
 103 0060 00000000 		.word	0
 104 0064 00       		.byte	0
 105 0065 000000   		.space	3
 106 0068 00000000 		.word	0
 107 006c 01000000 		.word	1
 108 0070 00       		.byte	0
 109 0071 000000   		.space	3
 110 0074 00000000 		.word	0
 111 0078 02000000 		.word	2
 112 007c 00       		.byte	0
 113 007d 000000   		.space	3
 114 0080 00000000 		.word	0
ARM GAS  C:\Users\Reza\AppData\Local\Temp\ccd38SX2.s 			page 3


 115 0084 03000000 		.word	3
 116 0088 00       		.byte	0
 117 0089 000000   		.space	3
 118              		.type	EE_ALARM_ID, %object
 119              		.size	EE_ALARM_ID, 16
 120              	EE_ALARM_ID:
 121 008c 00000000 		.word	0
 122 0090 01000000 		.word	1
 123 0094 02000000 		.word	2
 124 0098 03000000 		.word	3
 125              		.type	EE_alarm_ROM, %object
 126              		.size	EE_alarm_ROM, 16
 127              	EE_alarm_ROM:
 128 009c 00000000 		.word	0
 129 00a0 01000000 		.word	1
 130 00a4 02000000 		.word	2
 131 00a8 03000000 		.word	3
 132              		.type	EE_counter_ROM, %object
 133              		.size	EE_counter_ROM, 12
 134              	EE_counter_ROM:
 135 00ac 10270000 		.word	10000
 136 00b0 00000000 		.word	0
 137 00b4 00000000 		.word	0
 138              		.type	EE_th_is_extended, %object
 139              		.size	EE_th_is_extended, 20
 140              	EE_th_is_extended:
 141 00b8 00000000 		.word	0
 142 00bc 01000000 		.word	1
 143 00c0 00000000 		.word	0
 144 00c4 00000000 		.word	0
 145 00c8 00000000 		.word	0
 146              		.type	EE_th_rnact_max, %object
 147              		.size	EE_th_rnact_max, 20
 148              	EE_th_rnact_max:
 149 00cc 01000000 		.word	1
 150 00d0 01000000 		.word	1
 151 00d4 01000000 		.word	1
 152 00d8 01000000 		.word	1
 153 00dc 01000000 		.word	1
 154              		.type	EE_th_dispatch_prio, %object
 155              		.size	EE_th_dispatch_prio, 20
 156              	EE_th_dispatch_prio:
 157 00e0 80000000 		.word	128
 158 00e4 10000000 		.word	16
 159 00e8 01000000 		.word	1
 160 00ec 20000000 		.word	32
 161 00f0 40000000 		.word	64
 162              		.type	EE_EVENT_ID, %object
 163              		.size	EE_EVENT_ID, 12
 164              	EE_EVENT_ID:
 165 00f4 01000000 		.word	1
 166 00f8 02000000 		.word	2
 167 00fc 04000000 		.word	4
 168              		.type	EE_th_ready_prio, %object
 169              		.size	EE_th_ready_prio, 20
 170              	EE_th_ready_prio:
 171 0100 01000000 		.word	1
ARM GAS  C:\Users\Reza\AppData\Local\Temp\ccd38SX2.s 			page 4


 172 0104 10000000 		.word	16
 173 0108 01000000 		.word	1
 174 010c 20000000 		.word	32
 175 0110 40000000 		.word	64
 176              		.type	EE_terminate_real_th_body, %object
 177              		.size	EE_terminate_real_th_body, 20
 178              	EE_terminate_real_th_body:
 179 0114 00000000 		.word	Functsk_Init
 180 0118 00000000 		.word	Functsk_Control
 181 011c 00000000 		.word	Functsk_Background
 182 0120 00000000 		.word	Functsk_LEDs_Fading
 183 0124 00000000 		.word	Functsk_RGB_Glowing
 184              		.type	EE_hal_thread_body, %object
 185              		.size	EE_hal_thread_body, 20
 186              	EE_hal_thread_body:
 187 0128 00000000 		.word	EE_oo_thread_stub
 188 012c 00000000 		.word	EE_oo_thread_stub
 189 0130 00000000 		.word	EE_oo_thread_stub
 190 0134 00000000 		.word	EE_oo_thread_stub
 191 0138 00000000 		.word	EE_oo_thread_stub
 192              		.type	EE_std_thread_tos, %object
 193              		.size	EE_std_thread_tos, 24
 194              	EE_std_thread_tos:
 195 013c 00000000 		.word	0
 196 0140 00000000 		.word	0
 197 0144 01000000 		.word	1
 198 0148 00000000 		.word	0
 199 014c 00000000 		.word	0
 200 0150 00000000 		.word	0
 201              		.data
 202              		.align	2
 203              		.type	EE_ALARM_NAME, %object
 204              		.size	EE_ALARM_NAME, 16
 205              	EE_ALARM_NAME:
 206 0000 00000000 		.word	.LC0
 207 0004 0C000000 		.word	.LC1
 208 0008 18000000 		.word	.LC2
 209 000c 24000000 		.word	.LC3
 210              		.type	EE_counter_RAM, %object
 211              		.size	EE_counter_RAM, 8
 212              	EE_counter_RAM:
 213 0010 00000000 		.word	0
 214 0014 FFFFFFFF 		.word	-1
 215              		.type	EE_th_terminate_nextask, %object
 216              		.size	EE_th_terminate_nextask, 20
 217              	EE_th_terminate_nextask:
 218 0018 FFFFFFFF 		.word	-1
 219 001c FFFFFFFF 		.word	-1
 220 0020 FFFFFFFF 		.word	-1
 221 0024 FFFFFFFF 		.word	-1
 222 0028 FFFFFFFF 		.word	-1
 223              		.type	EE_rq_pairs_next, %object
 224              		.size	EE_rq_pairs_next, 20
 225              	EE_rq_pairs_next:
 226 002c 01000000 		.word	1
 227 0030 02000000 		.word	2
 228 0034 03000000 		.word	3
ARM GAS  C:\Users\Reza\AppData\Local\Temp\ccd38SX2.s 			page 5


 229 0038 04000000 		.word	4
 230 003c FFFFFFFF 		.word	-1
 231              		.type	EE_rq_link, %object
 232              		.size	EE_rq_link, 20
 233              	EE_rq_link:
 234 0040 00000000 		.word	0
 235 0044 04000000 		.word	4
 236 0048 00000000 		.word	0
 237 004c 05000000 		.word	5
 238 0050 06000000 		.word	6
 239              		.type	EE_th_rnact, %object
 240              		.size	EE_th_rnact, 20
 241              	EE_th_rnact:
 242 0054 01000000 		.word	1
 243 0058 01000000 		.word	1
 244 005c 01000000 		.word	1
 245 0060 01000000 		.word	1
 246 0064 01000000 		.word	1
 247              		.type	EE_rq_queues_tail, %object
 248              		.size	EE_rq_queues_tail, 64
 249              	EE_rq_queues_tail:
 250 0068 FFFFFFFF 		.word	-1
 251 006c FFFFFFFF 		.word	-1
 252 0070 FFFFFFFF 		.word	-1
 253 0074 FFFFFFFF 		.word	-1
 254 0078 FFFFFFFF 		.word	-1
 255 007c FFFFFFFF 		.word	-1
 256 0080 FFFFFFFF 		.word	-1
 257 0084 FFFFFFFF 		.word	-1
 258 0088 FFFFFFFF 		.word	-1
 259 008c FFFFFFFF 		.word	-1
 260 0090 FFFFFFFF 		.word	-1
 261 0094 FFFFFFFF 		.word	-1
 262 0098 FFFFFFFF 		.word	-1
 263 009c FFFFFFFF 		.word	-1
 264 00a0 FFFFFFFF 		.word	-1
 265 00a4 FFFFFFFF 		.word	-1
 266              		.type	EE_rq_queues_head, %object
 267              		.size	EE_rq_queues_head, 64
 268              	EE_rq_queues_head:
 269 00a8 FFFFFFFF 		.word	-1
 270 00ac FFFFFFFF 		.word	-1
 271 00b0 FFFFFFFF 		.word	-1
 272 00b4 FFFFFFFF 		.word	-1
 273 00b8 FFFFFFFF 		.word	-1
 274 00bc FFFFFFFF 		.word	-1
 275 00c0 FFFFFFFF 		.word	-1
 276 00c4 FFFFFFFF 		.word	-1
 277 00c8 FFFFFFFF 		.word	-1
 278 00cc FFFFFFFF 		.word	-1
 279 00d0 FFFFFFFF 		.word	-1
 280 00d4 FFFFFFFF 		.word	-1
 281 00d8 FFFFFFFF 		.word	-1
 282 00dc FFFFFFFF 		.word	-1
 283 00e0 FFFFFFFF 		.word	-1
 284 00e4 FFFFFFFF 		.word	-1
 285              		.type	EE_stkfirst, %object
ARM GAS  C:\Users\Reza\AppData\Local\Temp\ccd38SX2.s 			page 6


 286              		.size	EE_stkfirst, 4
 287              	EE_stkfirst:
 288 00e8 FFFFFFFF 		.word	-1
 289              		.type	EE_th_next, %object
 290              		.size	EE_th_next, 20
 291              	EE_th_next:
 292 00ec FFFFFFFF 		.word	-1
 293 00f0 FFFFFFFF 		.word	-1
 294 00f4 FFFFFFFF 		.word	-1
 295 00f8 FFFFFFFF 		.word	-1
 296 00fc FFFFFFFF 		.word	-1
 297              		.type	EE_th_status, %object
 298              		.size	EE_th_status, 20
 299              	EE_th_status:
 300 0100 03000000 		.word	3
 301 0104 03000000 		.word	3
 302 0108 03000000 		.word	3
 303 010c 03000000 		.word	3
 304 0110 03000000 		.word	3
 305              		.type	EE_EVENT_NAME, %object
 306              		.size	EE_EVENT_NAME, 12
 307              	EE_EVENT_NAME:
 308 0114 38000000 		.word	.LC4
 309 0118 44000000 		.word	.LC5
 310 011c 50000000 		.word	.LC6
 311              		.type	EE_TASK_NAME, %object
 312              		.size	EE_TASK_NAME, 20
 313              	EE_TASK_NAME:
 314 0120 5C000000 		.word	.LC7
 315 0124 68000000 		.word	.LC8
 316 0128 74000000 		.word	.LC9
 317 012c 84000000 		.word	.LC10
 318 0130 94000000 		.word	.LC11
 319              		.type	EE_cortex_mx_IRQ_tos, %object
 320              		.size	EE_cortex_mx_IRQ_tos, 4
 321              	EE_cortex_mx_IRQ_tos:
 322 0134 00020000 		.word	EE_cortex_mx_stack_9+512
 323              		.type	EE_cortex_mx_system_tos, %object
 324              		.size	EE_cortex_mx_system_tos, 8
 325              	EE_cortex_mx_system_tos:
 326 0138 00000000 		.word	0
 327 013c 04010000 		.word	EE_cortex_mx_stack_2+260
 328              		.section	.rodata.str1.4,"aMS",%progbits,1
 329              		.align	2
 330              	.LC0:
 331 0000 52616E64 		.ascii	"Rand_Time\000"
 331      5F54696D 
 331      6500
 332 000a 0000     		.space	2
 333              	.LC1:
 334 000c 616C726D 		.ascii	"alrm_1ms\000"
 334      5F316D73 
 334      00
 335 0015 000000   		.space	3
 336              	.LC2:
 337 0018 616C726D 		.ascii	"alrm_10ms\000"
 337      5F31306D 
ARM GAS  C:\Users\Reza\AppData\Local\Temp\ccd38SX2.s 			page 7


 337      7300
 338 0022 0000     		.space	2
 339              	.LC3:
 340 0024 616C726D 		.ascii	"alrm_Glowingtime\000"
 340      5F476C6F 
 340      77696E67 
 340      74696D65 
 340      00
 341 0035 000000   		.space	3
 342              	.LC4:
 343 0038 65765F42 		.ascii	"ev_Button\000"
 343      7574746F 
 343      6E00
 344 0042 0000     		.space	2
 345              	.LC5:
 346 0044 65765F54 		.ascii	"ev_TimeOut\000"
 346      696D654F 
 346      757400
 347 004f 00       		.space	1
 348              	.LC6:
 349 0050 65765F54 		.ascii	"ev_TooSlow\000"
 349      6F6F536C 
 349      6F7700
 350 005b 00       		.space	1
 351              	.LC7:
 352 005c 74736B5F 		.ascii	"tsk_Init\000"
 352      496E6974 
 352      00
 353 0065 000000   		.space	3
 354              	.LC8:
 355 0068 74736B5F 		.ascii	"tsk_Control\000"
 355      436F6E74 
 355      726F6C00 
 356              	.LC9:
 357 0074 74736B5F 		.ascii	"tsk_Background\000"
 357      4261636B 
 357      67726F75 
 357      6E6400
 358 0083 00       		.space	1
 359              	.LC10:
 360 0084 74736B5F 		.ascii	"tsk_LEDs_Fading\000"
 360      4C454473 
 360      5F466164 
 360      696E6700 
 361              	.LC11:
 362 0094 74736B5F 		.ascii	"tsk_RGB_Glowing\000"
 362      5247425F 
 362      476C6F77 
 362      696E6700 
 363              		.bss
 364              		.align	2
 365              		.type	EE_th_waswaiting, %object
 366              		.size	EE_th_waswaiting, 20
 367              	EE_th_waswaiting:
 368 0000 00000000 		.space	20
 368      00000000 
 368      00000000 
ARM GAS  C:\Users\Reza\AppData\Local\Temp\ccd38SX2.s 			page 8


 368      00000000 
 368      00000000 
 369              		.type	EE_th_event_waitmask, %object
 370              		.size	EE_th_event_waitmask, 20
 371              	EE_th_event_waitmask:
 372 0014 00000000 		.space	20
 372      00000000 
 372      00000000 
 372      00000000 
 372      00000000 
 373              		.type	EE_th_event_active, %object
 374              		.size	EE_th_event_active, 20
 375              	EE_th_event_active:
 376 0028 00000000 		.space	20
 376      00000000 
 376      00000000 
 376      00000000 
 376      00000000 
 377              		.type	EE_rq_free, %object
 378              		.size	EE_rq_free, 4
 379              	EE_rq_free:
 380 003c 00000000 		.space	4
 381              		.type	EE_rq_bitmask, %object
 382              		.size	EE_rq_bitmask, 2
 383              	EE_rq_bitmask:
 384 0040 0000     		.space	2
 385 0042 0000     		.space	2
 386              		.type	EE_sys_ceiling, %object
 387              		.size	EE_sys_ceiling, 4
 388              	EE_sys_ceiling:
 389 0044 00000000 		.space	4
 390              		.type	EE_cortex_mx_active_tos, %object
 391              		.size	EE_cortex_mx_active_tos, 4
 392              	EE_cortex_mx_active_tos:
 393 0048 00000000 		.space	4
 394              		.text
 395              	.Letext0:
 396              		.file 1 "Generated_Source\\PSoC5\\ErikaOS_1_common_ee_types.inc"
 397              		.file 2 "Generated_Source\\PSoC5\\ErikaOS_1_cortex_mx_ee_cpu.inc"
 398              		.file 3 "Generated_Source\\PSoC5\\ErikaOS_1_ee_oo_common.inc"
 399              		.file 4 "Generated_Source\\PSoC5\\ErikaOS_1_common_ee_hal_structs.inc"
 400              		.file 5 "Generated_Source\\PSoC5\\ErikaOS_1_eecfg.c"
 401              		.file 6 "Generated_Source\\PSoC5\\ErikaOS_1_ee_oo_intfunc.inc"
 402              		.file 7 "Generated_Source\\PSoC5\\ErikaOS_1_cortex_mx_ee_context.inc"
 403              		.file 8 "Generated_Source\\PSoC5\\ErikaOS_1_common_ee_primitives.inc"
 404              		.section	.debug_info,"",%progbits
 405              	.Ldebug_info0:
 406 0000 B2080000 		.4byte	0x8b2
 407 0004 0400     		.2byte	0x4
 408 0006 00000000 		.4byte	.Ldebug_abbrev0
 409 000a 04       		.byte	0x4
 410 000b 01       		.uleb128 0x1
 411 000c D5040000 		.4byte	.LASF112
 412 0010 0C       		.byte	0xc
 413 0011 A1070000 		.4byte	.LASF113
 414 0015 BF060000 		.4byte	.LASF114
 415 0019 00000000 		.4byte	.Ldebug_line0
ARM GAS  C:\Users\Reza\AppData\Local\Temp\ccd38SX2.s 			page 9


 416 001d 02       		.uleb128 0x2
 417 001e 01       		.byte	0x1
 418 001f 06       		.byte	0x6
 419 0020 0F010000 		.4byte	.LASF0
 420 0024 02       		.uleb128 0x2
 421 0025 01       		.byte	0x1
 422 0026 08       		.byte	0x8
 423 0027 4D040000 		.4byte	.LASF1
 424 002b 02       		.uleb128 0x2
 425 002c 02       		.byte	0x2
 426 002d 05       		.byte	0x5
 427 002e 92040000 		.4byte	.LASF2
 428 0032 02       		.uleb128 0x2
 429 0033 02       		.byte	0x2
 430 0034 07       		.byte	0x7
 431 0035 73020000 		.4byte	.LASF3
 432 0039 02       		.uleb128 0x2
 433 003a 04       		.byte	0x4
 434 003b 05       		.byte	0x5
 435 003c 96010000 		.4byte	.LASF4
 436 0040 02       		.uleb128 0x2
 437 0041 04       		.byte	0x4
 438 0042 07       		.byte	0x7
 439 0043 31020000 		.4byte	.LASF5
 440 0047 02       		.uleb128 0x2
 441 0048 08       		.byte	0x8
 442 0049 05       		.byte	0x5
 443 004a 01010000 		.4byte	.LASF6
 444 004e 02       		.uleb128 0x2
 445 004f 08       		.byte	0x8
 446 0050 07       		.byte	0x7
 447 0051 5E000000 		.4byte	.LASF7
 448 0055 03       		.uleb128 0x3
 449 0056 04       		.byte	0x4
 450 0057 05       		.byte	0x5
 451 0058 696E7400 		.ascii	"int\000"
 452 005c 02       		.uleb128 0x2
 453 005d 04       		.byte	0x4
 454 005e 07       		.byte	0x7
 455 005f F9010000 		.4byte	.LASF8
 456 0063 02       		.uleb128 0x2
 457 0064 08       		.byte	0x8
 458 0065 04       		.byte	0x4
 459 0066 9B030000 		.4byte	.LASF9
 460 006a 04       		.uleb128 0x4
 461 006b 1A040000 		.4byte	.LASF10
 462 006f 01       		.byte	0x1
 463 0070 52       		.byte	0x52
 464 0071 32000000 		.4byte	0x32
 465 0075 04       		.uleb128 0x4
 466 0076 86070000 		.4byte	.LASF11
 467 007a 01       		.byte	0x1
 468 007b 53       		.byte	0x53
 469 007c 55000000 		.4byte	0x55
 470 0080 04       		.uleb128 0x4
 471 0081 7C070000 		.4byte	.LASF12
 472 0085 01       		.byte	0x1
ARM GAS  C:\Users\Reza\AppData\Local\Temp\ccd38SX2.s 			page 10


 473 0086 54       		.byte	0x54
 474 0087 5C000000 		.4byte	0x5c
 475 008b 04       		.uleb128 0x4
 476 008c FA070000 		.4byte	.LASF13
 477 0090 01       		.byte	0x1
 478 0091 64       		.byte	0x64
 479 0092 96000000 		.4byte	0x96
 480 0096 05       		.uleb128 0x5
 481 0097 04       		.byte	0x4
 482 0098 06       		.uleb128 0x6
 483 0099 04       		.byte	0x4
 484 009a 9E000000 		.4byte	0x9e
 485 009e 07       		.uleb128 0x7
 486 009f 04       		.uleb128 0x4
 487 00a0 1E030000 		.4byte	.LASF14
 488 00a4 01       		.byte	0x1
 489 00a5 70       		.byte	0x70
 490 00a6 98000000 		.4byte	0x98
 491 00aa 04       		.uleb128 0x4
 492 00ab 6F050000 		.4byte	.LASF15
 493 00af 01       		.byte	0x1
 494 00b0 73       		.byte	0x73
 495 00b1 98000000 		.4byte	0x98
 496 00b5 04       		.uleb128 0x4
 497 00b6 06020000 		.4byte	.LASF16
 498 00ba 02       		.byte	0x2
 499 00bb 4D       		.byte	0x4d
 500 00bc 80000000 		.4byte	0x80
 501 00c0 04       		.uleb128 0x4
 502 00c1 BD030000 		.4byte	.LASF17
 503 00c5 02       		.byte	0x2
 504 00c6 4E       		.byte	0x4e
 505 00c7 75000000 		.4byte	0x75
 506 00cb 04       		.uleb128 0x4
 507 00cc 14080000 		.4byte	.LASF18
 508 00d0 02       		.byte	0x2
 509 00d1 4F       		.byte	0x4f
 510 00d2 80000000 		.4byte	0x80
 511 00d6 04       		.uleb128 0x4
 512 00d7 3D000000 		.4byte	.LASF19
 513 00db 02       		.byte	0x2
 514 00dc 54       		.byte	0x54
 515 00dd B5000000 		.4byte	0xb5
 516 00e1 04       		.uleb128 0x4
 517 00e2 EC010000 		.4byte	.LASF20
 518 00e6 02       		.byte	0x2
 519 00e7 78       		.byte	0x78
 520 00e8 75000000 		.4byte	0x75
 521 00ec 08       		.uleb128 0x8
 522 00ed B3000000 		.4byte	.LASF61
 523 00f1 04       		.byte	0x4
 524 00f2 04       		.byte	0x4
 525 00f3 4D       		.byte	0x4d
 526 00f4 05010000 		.4byte	0x105
 527 00f8 09       		.uleb128 0x9
 528 00f9 E6070000 		.4byte	.LASF28
 529 00fd 04       		.byte	0x4
ARM GAS  C:\Users\Reza\AppData\Local\Temp\ccd38SX2.s 			page 11


 530 00fe 4E       		.byte	0x4e
 531 00ff 8B000000 		.4byte	0x8b
 532 0103 00       		.byte	0
 533 0104 00       		.byte	0
 534 0105 0A       		.uleb128 0xa
 535 0106 82030000 		.4byte	.LASF21
 536 010a 03       		.byte	0x3
 537 010b 1101     		.2byte	0x111
 538 010d 6A000000 		.4byte	0x6a
 539 0111 0A       		.uleb128 0xa
 540 0112 AA000000 		.4byte	.LASF22
 541 0116 03       		.byte	0x3
 542 0117 F701     		.2byte	0x1f7
 543 0119 E1000000 		.4byte	0xe1
 544 011d 0A       		.uleb128 0xa
 545 011e 32010000 		.4byte	.LASF23
 546 0122 03       		.byte	0x3
 547 0123 2C02     		.2byte	0x22c
 548 0125 B5000000 		.4byte	0xb5
 549 0129 0A       		.uleb128 0xa
 550 012a 1D000000 		.4byte	.LASF24
 551 012e 03       		.byte	0x3
 552 012f 3502     		.2byte	0x235
 553 0131 B5000000 		.4byte	0xb5
 554 0135 0A       		.uleb128 0xa
 555 0136 C8050000 		.4byte	.LASF25
 556 013a 03       		.byte	0x3
 557 013b 5D02     		.2byte	0x25d
 558 013d B5000000 		.4byte	0xb5
 559 0141 0A       		.uleb128 0xa
 560 0142 32000000 		.4byte	.LASF26
 561 0146 03       		.byte	0x3
 562 0147 6302     		.2byte	0x263
 563 0149 B5000000 		.4byte	0xb5
 564 014d 0A       		.uleb128 0xa
 565 014e 2F030000 		.4byte	.LASF27
 566 0152 03       		.byte	0x3
 567 0153 6C02     		.2byte	0x26c
 568 0155 B5000000 		.4byte	0xb5
 569 0159 0B       		.uleb128 0xb
 570 015a 0C       		.byte	0xc
 571 015b 03       		.byte	0x3
 572 015c 7202     		.2byte	0x272
 573 015e 8A010000 		.4byte	0x18a
 574 0162 0C       		.uleb128 0xc
 575 0163 BA000000 		.4byte	.LASF29
 576 0167 03       		.byte	0x3
 577 0168 7302     		.2byte	0x273
 578 016a 29010000 		.4byte	0x129
 579 016e 00       		.byte	0
 580 016f 0C       		.uleb128 0xc
 581 0170 C5030000 		.4byte	.LASF30
 582 0174 03       		.byte	0x3
 583 0175 7402     		.2byte	0x274
 584 0177 29010000 		.4byte	0x129
 585 017b 04       		.byte	0x4
 586 017c 0C       		.uleb128 0xc
ARM GAS  C:\Users\Reza\AppData\Local\Temp\ccd38SX2.s 			page 12


 587 017d E3010000 		.4byte	.LASF31
 588 0181 03       		.byte	0x3
 589 0182 7502     		.2byte	0x275
 590 0184 29010000 		.4byte	0x129
 591 0188 08       		.byte	0x8
 592 0189 00       		.byte	0
 593 018a 0A       		.uleb128 0xa
 594 018b BE040000 		.4byte	.LASF32
 595 018f 03       		.byte	0x3
 596 0190 7A02     		.2byte	0x27a
 597 0192 59010000 		.4byte	0x159
 598 0196 0B       		.uleb128 0xb
 599 0197 08       		.byte	0x8
 600 0198 03       		.byte	0x3
 601 0199 7D02     		.2byte	0x27d
 602 019b BA010000 		.4byte	0x1ba
 603 019f 0C       		.uleb128 0xc
 604 01a0 F3010000 		.4byte	.LASF33
 605 01a4 03       		.byte	0x3
 606 01a5 7E02     		.2byte	0x27e
 607 01a7 29010000 		.4byte	0x129
 608 01ab 00       		.byte	0
 609 01ac 0C       		.uleb128 0xc
 610 01ad C2050000 		.4byte	.LASF34
 611 01b1 03       		.byte	0x3
 612 01b2 7F02     		.2byte	0x27f
 613 01b4 35010000 		.4byte	0x135
 614 01b8 04       		.byte	0x4
 615 01b9 00       		.byte	0
 616 01ba 0A       		.uleb128 0xa
 617 01bb 73010000 		.4byte	.LASF35
 618 01bf 03       		.byte	0x3
 619 01c0 8002     		.2byte	0x280
 620 01c2 96010000 		.4byte	0x196
 621 01c6 0D       		.uleb128 0xd
 622 01c7 01       		.byte	0x1
 623 01c8 24000000 		.4byte	0x24
 624 01cc 03       		.byte	0x3
 625 01cd 8A02     		.2byte	0x28a
 626 01cf E0010000 		.4byte	0x1e0
 627 01d3 0E       		.uleb128 0xe
 628 01d4 5B040000 		.4byte	.LASF36
 629 01d8 00       		.byte	0
 630 01d9 0E       		.uleb128 0xe
 631 01da 24040000 		.4byte	.LASF37
 632 01de 01       		.byte	0x1
 633 01df 00       		.byte	0
 634 01e0 0A       		.uleb128 0xa
 635 01e1 9E020000 		.4byte	.LASF38
 636 01e5 03       		.byte	0x3
 637 01e6 8D02     		.2byte	0x28d
 638 01e8 C6010000 		.4byte	0x1c6
 639 01ec 0A       		.uleb128 0xa
 640 01ed CA020000 		.4byte	.LASF39
 641 01f1 03       		.byte	0x3
 642 01f2 9002     		.2byte	0x290
 643 01f4 E0010000 		.4byte	0x1e0
ARM GAS  C:\Users\Reza\AppData\Local\Temp\ccd38SX2.s 			page 13


 644 01f8 0B       		.uleb128 0xb
 645 01f9 0C       		.byte	0xc
 646 01fa 03       		.byte	0x3
 647 01fb 9402     		.2byte	0x294
 648 01fd 27020000 		.4byte	0x227
 649 0201 0F       		.uleb128 0xf
 650 0202 6300     		.ascii	"c\000"
 651 0204 03       		.byte	0x3
 652 0205 9602     		.2byte	0x296
 653 0207 4D010000 		.4byte	0x14d
 654 020b 00       		.byte	0
 655 020c 0C       		.uleb128 0xc
 656 020d 1F060000 		.4byte	.LASF40
 657 0211 03       		.byte	0x3
 658 0212 9802     		.2byte	0x298
 659 0214 35010000 		.4byte	0x135
 660 0218 04       		.byte	0x4
 661 0219 0C       		.uleb128 0xc
 662 021a 6E020000 		.4byte	.LASF41
 663 021e 03       		.byte	0x3
 664 021f 9A02     		.2byte	0x29a
 665 0221 EC010000 		.4byte	0x1ec
 666 0225 08       		.byte	0x8
 667 0226 00       		.byte	0
 668 0227 0A       		.uleb128 0xa
 669 0228 7B000000 		.4byte	.LASF42
 670 022c 03       		.byte	0x3
 671 022d 9B02     		.2byte	0x29b
 672 022f F8010000 		.4byte	0x1f8
 673 0233 0B       		.uleb128 0xb
 674 0234 10       		.byte	0x10
 675 0235 03       		.byte	0x3
 676 0236 9F02     		.2byte	0x29f
 677 0238 71020000 		.4byte	0x271
 678 023c 0C       		.uleb128 0xc
 679 023d D2030000 		.4byte	.LASF43
 680 0241 03       		.byte	0x3
 681 0242 A002     		.2byte	0x2a0
 682 0244 D6000000 		.4byte	0xd6
 683 0248 00       		.byte	0
 684 0249 0C       		.uleb128 0xc
 685 024a DD070000 		.4byte	.LASF44
 686 024e 03       		.byte	0x3
 687 024f A102     		.2byte	0x2a1
 688 0251 29010000 		.4byte	0x129
 689 0255 04       		.byte	0x4
 690 0256 0C       		.uleb128 0xc
 691 0257 75000000 		.4byte	.LASF45
 692 025b 03       		.byte	0x3
 693 025c A202     		.2byte	0x2a2
 694 025e 29010000 		.4byte	0x129
 695 0262 08       		.byte	0x8
 696 0263 0C       		.uleb128 0xc
 697 0264 00000000 		.4byte	.LASF46
 698 0268 03       		.byte	0x3
 699 0269 A302     		.2byte	0x2a3
 700 026b 35010000 		.4byte	0x135
ARM GAS  C:\Users\Reza\AppData\Local\Temp\ccd38SX2.s 			page 14


 701 026f 0C       		.byte	0xc
 702 0270 00       		.byte	0
 703 0271 0A       		.uleb128 0xa
 704 0272 D7030000 		.4byte	.LASF47
 705 0276 03       		.byte	0x3
 706 0277 A402     		.2byte	0x2a4
 707 0279 33020000 		.4byte	0x233
 708 027d 0D       		.uleb128 0xd
 709 027e 01       		.byte	0x1
 710 027f 24000000 		.4byte	0x24
 711 0283 03       		.byte	0x3
 712 0284 A702     		.2byte	0x2a7
 713 0286 A3020000 		.4byte	0x2a3
 714 028a 0E       		.uleb128 0xe
 715 028b DF050000 		.4byte	.LASF48
 716 028f 00       		.byte	0
 717 0290 0E       		.uleb128 0xe
 718 0291 27060000 		.4byte	.LASF49
 719 0295 01       		.byte	0x1
 720 0296 0E       		.uleb128 0xe
 721 0297 FE050000 		.4byte	.LASF50
 722 029b 02       		.byte	0x2
 723 029c 0E       		.uleb128 0xe
 724 029d A1050000 		.4byte	.LASF51
 725 02a1 03       		.byte	0x3
 726 02a2 00       		.byte	0
 727 02a3 0A       		.uleb128 0xa
 728 02a4 1B010000 		.4byte	.LASF52
 729 02a8 03       		.byte	0x3
 730 02a9 AC02     		.2byte	0x2ac
 731 02ab 7D020000 		.4byte	0x27d
 732 02af 0A       		.uleb128 0xa
 733 02b0 83060000 		.4byte	.LASF53
 734 02b4 03       		.byte	0x3
 735 02b5 AF02     		.2byte	0x2af
 736 02b7 A3020000 		.4byte	0x2a3
 737 02bb 0B       		.uleb128 0xb
 738 02bc 14       		.byte	0x14
 739 02bd 03       		.byte	0x3
 740 02be B202     		.2byte	0x2b2
 741 02c0 04030000 		.4byte	0x304
 742 02c4 0C       		.uleb128 0xc
 743 02c5 59060000 		.4byte	.LASF54
 744 02c9 03       		.byte	0x3
 745 02ca B302     		.2byte	0x2b3
 746 02cc AF020000 		.4byte	0x2af
 747 02d0 00       		.byte	0
 748 02d1 0C       		.uleb128 0xc
 749 02d2 EE070000 		.4byte	.LASF55
 750 02d6 03       		.byte	0x3
 751 02d7 B402     		.2byte	0x2b4
 752 02d9 11010000 		.4byte	0x111
 753 02dd 04       		.byte	0x4
 754 02de 0C       		.uleb128 0xc
 755 02df 63050000 		.4byte	.LASF56
 756 02e3 03       		.byte	0x3
 757 02e4 B602     		.2byte	0x2b6
ARM GAS  C:\Users\Reza\AppData\Local\Temp\ccd38SX2.s 			page 15


 758 02e6 1D010000 		.4byte	0x11d
 759 02ea 08       		.byte	0x8
 760 02eb 0F       		.uleb128 0xf
 761 02ec 6600     		.ascii	"f\000"
 762 02ee 03       		.byte	0x3
 763 02ef B802     		.2byte	0x2b8
 764 02f1 9F000000 		.4byte	0x9f
 765 02f5 0C       		.byte	0xc
 766 02f6 0C       		.uleb128 0xc
 767 02f7 89040000 		.4byte	.LASF57
 768 02fb 03       		.byte	0x3
 769 02fc BA02     		.2byte	0x2ba
 770 02fe 4D010000 		.4byte	0x14d
 771 0302 10       		.byte	0x10
 772 0303 00       		.byte	0
 773 0304 0A       		.uleb128 0xa
 774 0305 04040000 		.4byte	.LASF58
 775 0309 03       		.byte	0x3
 776 030a BB02     		.2byte	0x2bb
 777 030c BB020000 		.4byte	0x2bb
 778 0310 0B       		.uleb128 0xb
 779 0311 04       		.byte	0x4
 780 0312 03       		.byte	0x3
 781 0313 BD02     		.2byte	0x2bd
 782 0315 27030000 		.4byte	0x327
 783 0319 0C       		.uleb128 0xc
 784 031a 54030000 		.4byte	.LASF59
 785 031e 03       		.byte	0x3
 786 031f BF02     		.2byte	0x2bf
 787 0321 41010000 		.4byte	0x141
 788 0325 00       		.byte	0
 789 0326 00       		.byte	0
 790 0327 0A       		.uleb128 0xa
 791 0328 0E020000 		.4byte	.LASF60
 792 032c 03       		.byte	0x3
 793 032d C402     		.2byte	0x2c4
 794 032f 10030000 		.4byte	0x310
 795 0333 10       		.uleb128 0x10
 796 0334 54020000 		.4byte	.LASF62
 797 0338 08       		.byte	0x8
 798 0339 03       		.byte	0x3
 799 033a 0E04     		.2byte	0x40e
 800 033c 5A030000 		.4byte	0x35a
 801 0340 0F       		.uleb128 0xf
 802 0341 6E7400   		.ascii	"nt\000"
 803 0344 03       		.byte	0x3
 804 0345 0F04     		.2byte	0x40f
 805 0347 B5000000 		.4byte	0xb5
 806 034b 00       		.byte	0
 807 034c 0C       		.uleb128 0xc
 808 034d 65060000 		.4byte	.LASF63
 809 0351 03       		.byte	0x3
 810 0352 1004     		.2byte	0x410
 811 0354 6A030000 		.4byte	0x36a
 812 0358 04       		.byte	0x4
 813 0359 00       		.byte	0
 814 035a 11       		.uleb128 0x11
ARM GAS  C:\Users\Reza\AppData\Local\Temp\ccd38SX2.s 			page 16


 815 035b 65030000 		.4byte	0x365
 816 035f 65030000 		.4byte	0x365
 817 0363 12       		.uleb128 0x12
 818 0364 00       		.byte	0
 819 0365 13       		.uleb128 0x13
 820 0366 E1000000 		.4byte	0xe1
 821 036a 06       		.uleb128 0x6
 822 036b 04       		.byte	0x4
 823 036c 5A030000 		.4byte	0x35a
 824 0370 11       		.uleb128 0x11
 825 0371 65030000 		.4byte	0x365
 826 0375 80030000 		.4byte	0x380
 827 0379 14       		.uleb128 0x14
 828 037a 80030000 		.4byte	0x380
 829 037e 00       		.byte	0
 830 037f 00       		.byte	0
 831 0380 02       		.uleb128 0x2
 832 0381 04       		.byte	0x4
 833 0382 07       		.byte	0x7
 834 0383 92030000 		.4byte	.LASF64
 835 0387 15       		.uleb128 0x15
 836 0388 CA000000 		.4byte	.LASF115
 837 038c 05       		.byte	0x5
 838 038d 6507     		.2byte	0x765
 839 038f 99030000 		.4byte	0x399
 840 0393 05       		.uleb128 0x5
 841 0394 03       		.byte	0x3
 842 0395 08000000 		.4byte	EE_oo_autostart_task_mode_OSDEFAULTAPPMODE
 843 0399 13       		.uleb128 0x13
 844 039a 70030000 		.4byte	0x370
 845 039e 11       		.uleb128 0x11
 846 039f AE030000 		.4byte	0x3ae
 847 03a3 AE030000 		.4byte	0x3ae
 848 03a7 14       		.uleb128 0x14
 849 03a8 80030000 		.4byte	0x380
 850 03ac 04       		.byte	0x4
 851 03ad 00       		.byte	0
 852 03ae 13       		.uleb128 0x13
 853 03af AA000000 		.4byte	0xaa
 854 03b3 16       		.uleb128 0x16
 855 03b4 37060000 		.4byte	.LASF65
 856 03b8 05       		.byte	0x5
 857 03b9 D2       		.byte	0xd2
 858 03ba C4030000 		.4byte	0x3c4
 859 03be 05       		.uleb128 0x5
 860 03bf 03       		.byte	0x3
 861 03c0 00000000 		.4byte	EE_hal_thread_body
 862 03c4 13       		.uleb128 0x13
 863 03c5 9E030000 		.4byte	0x39e
 864 03c9 11       		.uleb128 0x11
 865 03ca D9030000 		.4byte	0x3d9
 866 03ce D9030000 		.4byte	0x3d9
 867 03d2 14       		.uleb128 0x14
 868 03d3 80030000 		.4byte	0x380
 869 03d7 05       		.byte	0x5
 870 03d8 00       		.byte	0
 871 03d9 13       		.uleb128 0x13
ARM GAS  C:\Users\Reza\AppData\Local\Temp\ccd38SX2.s 			page 17


 872 03da B5000000 		.4byte	0xb5
 873 03de 16       		.uleb128 0x16
 874 03df 8F050000 		.4byte	.LASF66
 875 03e3 05       		.byte	0x5
 876 03e4 71       		.byte	0x71
 877 03e5 EF030000 		.4byte	0x3ef
 878 03e9 05       		.uleb128 0x5
 879 03ea 03       		.byte	0x3
 880 03eb 00000000 		.4byte	EE_std_thread_tos
 881 03ef 13       		.uleb128 0x13
 882 03f0 C9030000 		.4byte	0x3c9
 883 03f4 11       		.uleb128 0x11
 884 03f5 80000000 		.4byte	0x80
 885 03f9 04040000 		.4byte	0x404
 886 03fd 14       		.uleb128 0x14
 887 03fe 80030000 		.4byte	0x380
 888 0402 04       		.byte	0x4
 889 0403 00       		.byte	0
 890 0404 16       		.uleb128 0x16
 891 0405 8F070000 		.4byte	.LASF67
 892 0409 05       		.byte	0x5
 893 040a ED       		.byte	0xed
 894 040b F4030000 		.4byte	0x3f4
 895 040f 05       		.uleb128 0x5
 896 0410 03       		.byte	0x3
 897 0411 00000000 		.4byte	EE_terminate_data
 898 0415 16       		.uleb128 0x16
 899 0416 6F040000 		.4byte	.LASF68
 900 041a 05       		.byte	0x5
 901 041b F0       		.byte	0xf0
 902 041c 26040000 		.4byte	0x426
 903 0420 05       		.uleb128 0x5
 904 0421 03       		.byte	0x3
 905 0422 00000000 		.4byte	EE_terminate_real_th_body
 906 0426 13       		.uleb128 0x13
 907 0427 9E030000 		.4byte	0x39e
 908 042b 11       		.uleb128 0x11
 909 042c EC000000 		.4byte	0xec
 910 0430 3B040000 		.4byte	0x43b
 911 0434 14       		.uleb128 0x14
 912 0435 80030000 		.4byte	0x380
 913 0439 01       		.byte	0x1
 914 043a 00       		.byte	0
 915 043b 16       		.uleb128 0x16
 916 043c 35040000 		.4byte	.LASF69
 917 0440 05       		.byte	0x5
 918 0441 8D       		.byte	0x8d
 919 0442 2B040000 		.4byte	0x42b
 920 0446 05       		.uleb128 0x5
 921 0447 03       		.byte	0x3
 922 0448 00000000 		.4byte	EE_cortex_mx_system_tos
 923 044c 16       		.uleb128 0x16
 924 044d 5B010000 		.4byte	.LASF70
 925 0451 05       		.byte	0x5
 926 0452 A9       		.byte	0xa9
 927 0453 B5000000 		.4byte	0xb5
 928 0457 05       		.uleb128 0x5
ARM GAS  C:\Users\Reza\AppData\Local\Temp\ccd38SX2.s 			page 18


 929 0458 03       		.byte	0x3
 930 0459 00000000 		.4byte	EE_cortex_mx_active_tos
 931 045d 11       		.uleb128 0x11
 932 045e D9030000 		.4byte	0x3d9
 933 0462 6D040000 		.4byte	0x46d
 934 0466 14       		.uleb128 0x14
 935 0467 80030000 		.4byte	0x380
 936 046b 04       		.byte	0x4
 937 046c 00       		.byte	0
 938 046d 17       		.uleb128 0x17
 939 046e EE050000 		.4byte	.LASF71
 940 0472 05       		.byte	0x5
 941 0473 E202     		.2byte	0x2e2
 942 0475 7F040000 		.4byte	0x47f
 943 0479 05       		.uleb128 0x5
 944 047a 03       		.byte	0x3
 945 047b 00000000 		.4byte	EE_th_rnact_max
 946 047f 13       		.uleb128 0x13
 947 0480 5D040000 		.4byte	0x45d
 948 0484 17       		.uleb128 0x17
 949 0485 92060000 		.4byte	.LASF72
 950 0489 05       		.byte	0x5
 951 048a 0C01     		.2byte	0x10c
 952 048c 96040000 		.4byte	0x496
 953 0490 05       		.uleb128 0x5
 954 0491 03       		.byte	0x3
 955 0492 00000000 		.4byte	EE_th_ready_prio
 956 0496 13       		.uleb128 0x13
 957 0497 5D040000 		.4byte	0x45d
 958 049b 17       		.uleb128 0x17
 959 049c F5020000 		.4byte	.LASF73
 960 04a0 05       		.byte	0x5
 961 04a1 4502     		.2byte	0x245
 962 04a3 AD040000 		.4byte	0x4ad
 963 04a7 05       		.uleb128 0x5
 964 04a8 03       		.byte	0x3
 965 04a9 00000000 		.4byte	EE_th_dispatch_prio
 966 04ad 13       		.uleb128 0x13
 967 04ae 5D040000 		.4byte	0x45d
 968 04b2 11       		.uleb128 0x11
 969 04b3 C2040000 		.4byte	0x4c2
 970 04b7 C2040000 		.4byte	0x4c2
 971 04bb 14       		.uleb128 0x14
 972 04bc 80030000 		.4byte	0x380
 973 04c0 04       		.byte	0x4
 974 04c1 00       		.byte	0
 975 04c2 06       		.uleb128 0x6
 976 04c3 04       		.byte	0x4
 977 04c4 CF040000 		.4byte	0x4cf
 978 04c8 02       		.uleb128 0x2
 979 04c9 01       		.byte	0x1
 980 04ca 08       		.byte	0x8
 981 04cb DA050000 		.4byte	.LASF74
 982 04cf 13       		.uleb128 0x13
 983 04d0 C8040000 		.4byte	0x4c8
 984 04d4 17       		.uleb128 0x17
 985 04d5 B1040000 		.4byte	.LASF75
ARM GAS  C:\Users\Reza\AppData\Local\Temp\ccd38SX2.s 			page 19


 986 04d9 05       		.byte	0x5
 987 04da 2801     		.2byte	0x128
 988 04dc B2040000 		.4byte	0x4b2
 989 04e0 05       		.uleb128 0x5
 990 04e1 03       		.byte	0x3
 991 04e2 00000000 		.4byte	EE_TASK_NAME
 992 04e6 11       		.uleb128 0x11
 993 04e7 C2040000 		.4byte	0x4c2
 994 04eb F6040000 		.4byte	0x4f6
 995 04ef 14       		.uleb128 0x14
 996 04f0 80030000 		.4byte	0x380
 997 04f4 02       		.byte	0x2
 998 04f5 00       		.byte	0
 999 04f6 17       		.uleb128 0x17
 1000 04f7 40010000 		.4byte	.LASF76
 1001 04fb 05       		.byte	0x5
 1002 04fc 8101     		.2byte	0x181
 1003 04fe E6040000 		.4byte	0x4e6
 1004 0502 05       		.uleb128 0x5
 1005 0503 03       		.byte	0x3
 1006 0504 00000000 		.4byte	EE_EVENT_NAME
 1007 0508 11       		.uleb128 0x11
 1008 0509 C2040000 		.4byte	0x4c2
 1009 050d 18050000 		.4byte	0x518
 1010 0511 14       		.uleb128 0x14
 1011 0512 80030000 		.4byte	0x380
 1012 0516 03       		.byte	0x3
 1013 0517 00       		.byte	0
 1014 0518 17       		.uleb128 0x17
 1015 0519 23020000 		.4byte	.LASF77
 1016 051d 05       		.byte	0x5
 1017 051e 3D06     		.2byte	0x63d
 1018 0520 08050000 		.4byte	0x508
 1019 0524 05       		.uleb128 0x5
 1020 0525 03       		.byte	0x3
 1021 0526 00000000 		.4byte	EE_ALARM_NAME
 1022 052a 11       		.uleb128 0x11
 1023 052b 3A050000 		.4byte	0x53a
 1024 052f 3A050000 		.4byte	0x53a
 1025 0533 14       		.uleb128 0x14
 1026 0534 80030000 		.4byte	0x380
 1027 0538 02       		.byte	0x2
 1028 0539 00       		.byte	0
 1029 053a 13       		.uleb128 0x13
 1030 053b 40000000 		.4byte	0x40
 1031 053f 17       		.uleb128 0x17
 1032 0540 8A010000 		.4byte	.LASF78
 1033 0544 05       		.byte	0x5
 1034 0545 E201     		.2byte	0x1e2
 1035 0547 51050000 		.4byte	0x551
 1036 054b 05       		.uleb128 0x5
 1037 054c 03       		.byte	0x3
 1038 054d 00000000 		.4byte	EE_EVENT_ID
 1039 0551 13       		.uleb128 0x13
 1040 0552 2A050000 		.4byte	0x52a
 1041 0556 11       		.uleb128 0x11
 1042 0557 3A050000 		.4byte	0x53a
ARM GAS  C:\Users\Reza\AppData\Local\Temp\ccd38SX2.s 			page 20


 1043 055b 66050000 		.4byte	0x566
 1044 055f 14       		.uleb128 0x14
 1045 0560 80030000 		.4byte	0x380
 1046 0564 03       		.byte	0x3
 1047 0565 00       		.byte	0
 1048 0566 17       		.uleb128 0x17
 1049 0567 F5000000 		.4byte	.LASF79
 1050 056b 05       		.byte	0x5
 1051 056c 5906     		.2byte	0x659
 1052 056e 78050000 		.4byte	0x578
 1053 0572 05       		.uleb128 0x5
 1054 0573 03       		.byte	0x3
 1055 0574 00000000 		.4byte	EE_ALARM_ID
 1056 0578 13       		.uleb128 0x13
 1057 0579 56050000 		.4byte	0x556
 1058 057d 11       		.uleb128 0x11
 1059 057e B5000000 		.4byte	0xb5
 1060 0582 8D050000 		.4byte	0x58d
 1061 0586 14       		.uleb128 0x14
 1062 0587 80030000 		.4byte	0x380
 1063 058b 04       		.byte	0x4
 1064 058c 00       		.byte	0
 1065 058d 17       		.uleb128 0x17
 1066 058e BD020000 		.4byte	.LASF80
 1067 0592 05       		.byte	0x5
 1068 0593 8102     		.2byte	0x281
 1069 0595 7D050000 		.4byte	0x57d
 1070 0599 05       		.uleb128 0x5
 1071 059a 03       		.byte	0x3
 1072 059b 00000000 		.4byte	EE_th_status
 1073 059f 11       		.uleb128 0x11
 1074 05a0 E1000000 		.4byte	0xe1
 1075 05a4 AF050000 		.4byte	0x5af
 1076 05a8 14       		.uleb128 0x14
 1077 05a9 80030000 		.4byte	0x380
 1078 05ad 04       		.byte	0x4
 1079 05ae 00       		.byte	0
 1080 05af 17       		.uleb128 0x17
 1081 05b0 64040000 		.4byte	.LASF81
 1082 05b4 05       		.byte	0x5
 1083 05b5 9D02     		.2byte	0x29d
 1084 05b7 9F050000 		.4byte	0x59f
 1085 05bb 05       		.uleb128 0x5
 1086 05bc 03       		.byte	0x3
 1087 05bd 00000000 		.4byte	EE_th_next
 1088 05c1 17       		.uleb128 0x17
 1089 05c2 A3060000 		.4byte	.LASF82
 1090 05c6 05       		.byte	0x5
 1091 05c7 C702     		.2byte	0x2c7
 1092 05c9 7D050000 		.4byte	0x57d
 1093 05cd 05       		.uleb128 0x5
 1094 05ce 03       		.byte	0x3
 1095 05cf 00000000 		.4byte	EE_th_rnact
 1096 05d3 17       		.uleb128 0x17
 1097 05d4 05000000 		.4byte	.LASF83
 1098 05d8 05       		.byte	0x5
 1099 05d9 7703     		.2byte	0x377
ARM GAS  C:\Users\Reza\AppData\Local\Temp\ccd38SX2.s 			page 21


 1100 05db 9F050000 		.4byte	0x59f
 1101 05df 05       		.uleb128 0x5
 1102 05e0 03       		.byte	0x3
 1103 05e1 00000000 		.4byte	EE_th_terminate_nextask
 1104 05e5 17       		.uleb128 0x17
 1105 05e6 26000000 		.4byte	.LASF84
 1106 05ea 05       		.byte	0x5
 1107 05eb B902     		.2byte	0x2b9
 1108 05ed E1000000 		.4byte	0xe1
 1109 05f1 05       		.uleb128 0x5
 1110 05f2 03       		.byte	0x3
 1111 05f3 00000000 		.4byte	EE_stkfirst
 1112 05f7 17       		.uleb128 0x17
 1113 05f8 4A060000 		.4byte	.LASF85
 1114 05fc 05       		.byte	0x5
 1115 05fd BC02     		.2byte	0x2bc
 1116 05ff B5000000 		.4byte	0xb5
 1117 0603 05       		.uleb128 0x5
 1118 0604 03       		.byte	0x3
 1119 0605 00000000 		.4byte	EE_sys_ceiling
 1120 0609 17       		.uleb128 0x17
 1121 060a B2030000 		.4byte	.LASF86
 1122 060e 05       		.byte	0x5
 1123 060f FD02     		.2byte	0x2fd
 1124 0611 7D050000 		.4byte	0x57d
 1125 0615 05       		.uleb128 0x5
 1126 0616 03       		.byte	0x3
 1127 0617 00000000 		.4byte	EE_rq_link
 1128 061b 11       		.uleb128 0x11
 1129 061c C0000000 		.4byte	0xc0
 1130 0620 2B060000 		.4byte	0x62b
 1131 0624 14       		.uleb128 0x14
 1132 0625 80030000 		.4byte	0x380
 1133 0629 0F       		.byte	0xf
 1134 062a 00       		.byte	0
 1135 062b 17       		.uleb128 0x17
 1136 062c 9F010000 		.4byte	.LASF87
 1137 0630 05       		.byte	0x5
 1138 0631 BF02     		.2byte	0x2bf
 1139 0633 1B060000 		.4byte	0x61b
 1140 0637 05       		.uleb128 0x5
 1141 0638 03       		.byte	0x3
 1142 0639 00000000 		.4byte	EE_rq_queues_head
 1143 063d 17       		.uleb128 0x17
 1144 063e 7D050000 		.4byte	.LASF88
 1145 0642 05       		.byte	0x5
 1146 0643 C102     		.2byte	0x2c1
 1147 0645 1B060000 		.4byte	0x61b
 1148 0649 05       		.uleb128 0x5
 1149 064a 03       		.byte	0x3
 1150 064b 00000000 		.4byte	EE_rq_queues_tail
 1151 064f 11       		.uleb128 0x11
 1152 0650 C0000000 		.4byte	0xc0
 1153 0654 5F060000 		.4byte	0x65f
 1154 0658 14       		.uleb128 0x14
 1155 0659 80030000 		.4byte	0x380
 1156 065d 04       		.byte	0x4
ARM GAS  C:\Users\Reza\AppData\Local\Temp\ccd38SX2.s 			page 22


 1157 065e 00       		.byte	0
 1158 065f 17       		.uleb128 0x17
 1159 0660 99000000 		.4byte	.LASF89
 1160 0664 05       		.byte	0x5
 1161 0665 1B03     		.2byte	0x31b
 1162 0667 4F060000 		.4byte	0x64f
 1163 066b 05       		.uleb128 0x5
 1164 066c 03       		.byte	0x3
 1165 066d 00000000 		.4byte	EE_rq_pairs_next
 1166 0671 17       		.uleb128 0x17
 1167 0672 AF060000 		.4byte	.LASF90
 1168 0676 05       		.byte	0x5
 1169 0677 7003     		.2byte	0x370
 1170 0679 9F050000 		.4byte	0x59f
 1171 067d 05       		.uleb128 0x5
 1172 067e 03       		.byte	0x3
 1173 067f 00000000 		.4byte	EE_rq_pairs_tid
 1174 0683 17       		.uleb128 0x17
 1175 0684 B4050000 		.4byte	.LASF91
 1176 0688 05       		.byte	0x5
 1177 0689 C402     		.2byte	0x2c4
 1178 068b 05010000 		.4byte	0x105
 1179 068f 05       		.uleb128 0x5
 1180 0690 03       		.byte	0x3
 1181 0691 00000000 		.4byte	EE_rq_bitmask
 1182 0695 17       		.uleb128 0x17
 1183 0696 A7030000 		.4byte	.LASF92
 1184 069a 05       		.byte	0x5
 1185 069b 7303     		.2byte	0x373
 1186 069d C0000000 		.4byte	0xc0
 1187 06a1 05       		.uleb128 0x5
 1188 06a2 03       		.byte	0x3
 1189 06a3 00000000 		.4byte	EE_rq_free
 1190 06a7 17       		.uleb128 0x17
 1191 06a8 CA070000 		.4byte	.LASF93
 1192 06ac 05       		.byte	0x5
 1193 06ad 9A03     		.2byte	0x39a
 1194 06af 7D050000 		.4byte	0x57d
 1195 06b3 05       		.uleb128 0x5
 1196 06b4 03       		.byte	0x3
 1197 06b5 00000000 		.4byte	EE_th_event_active
 1198 06b9 17       		.uleb128 0x17
 1199 06ba 9C040000 		.4byte	.LASF94
 1200 06be 05       		.byte	0x5
 1201 06bf B603     		.2byte	0x3b6
 1202 06c1 7D050000 		.4byte	0x57d
 1203 06c5 05       		.uleb128 0x5
 1204 06c6 03       		.byte	0x3
 1205 06c7 00000000 		.4byte	EE_th_event_waitmask
 1206 06cb 11       		.uleb128 0x11
 1207 06cc D6000000 		.4byte	0xd6
 1208 06d0 DB060000 		.4byte	0x6db
 1209 06d4 14       		.uleb128 0x14
 1210 06d5 80030000 		.4byte	0x380
 1211 06d9 04       		.byte	0x4
 1212 06da 00       		.byte	0
 1213 06db 17       		.uleb128 0x17
ARM GAS  C:\Users\Reza\AppData\Local\Temp\ccd38SX2.s 			page 23


 1214 06dc 43020000 		.4byte	.LASF95
 1215 06e0 05       		.byte	0x5
 1216 06e1 D203     		.2byte	0x3d2
 1217 06e3 CB060000 		.4byte	0x6cb
 1218 06e7 05       		.uleb128 0x5
 1219 06e8 03       		.byte	0x3
 1220 06e9 00000000 		.4byte	EE_th_waswaiting
 1221 06ed 17       		.uleb128 0x17
 1222 06ee 02080000 		.4byte	.LASF96
 1223 06f2 05       		.byte	0x5
 1224 06f3 EE03     		.2byte	0x3ee
 1225 06f5 FF060000 		.4byte	0x6ff
 1226 06f9 05       		.uleb128 0x5
 1227 06fa 03       		.byte	0x3
 1228 06fb 00000000 		.4byte	EE_th_is_extended
 1229 06ff 13       		.uleb128 0x13
 1230 0700 5D040000 		.4byte	0x45d
 1231 0704 11       		.uleb128 0x11
 1232 0705 14070000 		.4byte	0x714
 1233 0709 14070000 		.4byte	0x714
 1234 070d 14       		.uleb128 0x14
 1235 070e 80030000 		.4byte	0x380
 1236 0712 00       		.byte	0
 1237 0713 00       		.byte	0
 1238 0714 13       		.uleb128 0x13
 1239 0715 8A010000 		.4byte	0x18a
 1240 0719 17       		.uleb128 0x17
 1241 071a F5030000 		.4byte	.LASF97
 1242 071e 05       		.byte	0x5
 1243 071f FF05     		.2byte	0x5ff
 1244 0721 2B070000 		.4byte	0x72b
 1245 0725 05       		.uleb128 0x5
 1246 0726 03       		.byte	0x3
 1247 0727 00000000 		.4byte	EE_counter_ROM
 1248 072b 13       		.uleb128 0x13
 1249 072c 04070000 		.4byte	0x704
 1250 0730 11       		.uleb128 0x11
 1251 0731 40070000 		.4byte	0x740
 1252 0735 40070000 		.4byte	0x740
 1253 0739 14       		.uleb128 0x14
 1254 073a 80030000 		.4byte	0x380
 1255 073e 03       		.byte	0x3
 1256 073f 00       		.byte	0
 1257 0740 13       		.uleb128 0x13
 1258 0741 27020000 		.4byte	0x227
 1259 0745 17       		.uleb128 0x17
 1260 0746 3B030000 		.4byte	.LASF98
 1261 074a 05       		.byte	0x5
 1262 074b 9606     		.2byte	0x696
 1263 074d 57070000 		.4byte	0x757
 1264 0751 05       		.uleb128 0x5
 1265 0752 03       		.byte	0x3
 1266 0753 00000000 		.4byte	EE_oo_counter_object_ROM
 1267 0757 13       		.uleb128 0x13
 1268 0758 30070000 		.4byte	0x730
 1269 075c 11       		.uleb128 0x11
 1270 075d 6C070000 		.4byte	0x76c
ARM GAS  C:\Users\Reza\AppData\Local\Temp\ccd38SX2.s 			page 24


 1271 0761 6C070000 		.4byte	0x76c
 1272 0765 14       		.uleb128 0x14
 1273 0766 80030000 		.4byte	0x380
 1274 076a 03       		.byte	0x3
 1275 076b 00       		.byte	0
 1276 076c 13       		.uleb128 0x13
 1277 076d 04030000 		.4byte	0x304
 1278 0771 17       		.uleb128 0x17
 1279 0772 71030000 		.4byte	.LASF99
 1280 0776 05       		.byte	0x5
 1281 0777 BA06     		.2byte	0x6ba
 1282 0779 83070000 		.4byte	0x783
 1283 077d 05       		.uleb128 0x5
 1284 077e 03       		.byte	0x3
 1285 077f 00000000 		.4byte	EE_oo_action_ROM
 1286 0783 13       		.uleb128 0x13
 1287 0784 5C070000 		.4byte	0x75c
 1288 0788 11       		.uleb128 0x11
 1289 0789 98070000 		.4byte	0x798
 1290 078d 98070000 		.4byte	0x798
 1291 0791 14       		.uleb128 0x14
 1292 0792 80030000 		.4byte	0x380
 1293 0796 03       		.byte	0x3
 1294 0797 00       		.byte	0
 1295 0798 13       		.uleb128 0x13
 1296 0799 27030000 		.4byte	0x327
 1297 079d 17       		.uleb128 0x17
 1298 079e 4E010000 		.4byte	.LASF100
 1299 07a2 05       		.byte	0x5
 1300 07a3 2006     		.2byte	0x620
 1301 07a5 AF070000 		.4byte	0x7af
 1302 07a9 05       		.uleb128 0x5
 1303 07aa 03       		.byte	0x3
 1304 07ab 00000000 		.4byte	EE_alarm_ROM
 1305 07af 13       		.uleb128 0x13
 1306 07b0 88070000 		.4byte	0x788
 1307 07b4 11       		.uleb128 0x11
 1308 07b5 BA010000 		.4byte	0x1ba
 1309 07b9 C4070000 		.4byte	0x7c4
 1310 07bd 14       		.uleb128 0x14
 1311 07be 80030000 		.4byte	0x380
 1312 07c2 00       		.byte	0
 1313 07c3 00       		.byte	0
 1314 07c4 17       		.uleb128 0x17
 1315 07c5 10060000 		.4byte	.LASF101
 1316 07c9 05       		.byte	0x5
 1317 07ca 0C06     		.2byte	0x60c
 1318 07cc B4070000 		.4byte	0x7b4
 1319 07d0 05       		.uleb128 0x5
 1320 07d1 03       		.byte	0x3
 1321 07d2 00000000 		.4byte	EE_counter_RAM
 1322 07d6 11       		.uleb128 0x11
 1323 07d7 71020000 		.4byte	0x271
 1324 07db E6070000 		.4byte	0x7e6
 1325 07df 14       		.uleb128 0x14
 1326 07e0 80030000 		.4byte	0x380
 1327 07e4 03       		.byte	0x3
ARM GAS  C:\Users\Reza\AppData\Local\Temp\ccd38SX2.s 			page 25


 1328 07e5 00       		.byte	0
 1329 07e6 17       		.uleb128 0x17
 1330 07e7 6A060000 		.4byte	.LASF102
 1331 07eb 05       		.byte	0x5
 1332 07ec B106     		.2byte	0x6b1
 1333 07ee D6070000 		.4byte	0x7d6
 1334 07f2 05       		.uleb128 0x5
 1335 07f3 03       		.byte	0x3
 1336 07f4 00000000 		.4byte	EE_oo_counter_object_RAM
 1337 07f8 11       		.uleb128 0x11
 1338 07f9 08080000 		.4byte	0x808
 1339 07fd 08080000 		.4byte	0x808
 1340 0801 14       		.uleb128 0x14
 1341 0802 80030000 		.4byte	0x380
 1342 0806 00       		.byte	0
 1343 0807 00       		.byte	0
 1344 0808 13       		.uleb128 0x13
 1345 0809 33030000 		.4byte	0x333
 1346 080d 17       		.uleb128 0x17
 1347 080e 1C080000 		.4byte	.LASF103
 1348 0812 05       		.byte	0x5
 1349 0813 9607     		.2byte	0x796
 1350 0815 1F080000 		.4byte	0x81f
 1351 0819 05       		.uleb128 0x5
 1352 081a 03       		.byte	0x3
 1353 081b 00000000 		.4byte	EE_oo_autostart_task_data
 1354 081f 13       		.uleb128 0x13
 1355 0820 F8070000 		.4byte	0x7f8
 1356 0824 18       		.uleb128 0x18
 1357 0825 86020000 		.4byte	.LASF104
 1358 0829 06       		.byte	0x6
 1359 082a 40       		.byte	0x40
 1360 082b B5000000 		.4byte	0xb5
 1361 082f 18       		.uleb128 0x18
 1362 0830 B1010000 		.4byte	.LASF105
 1363 0834 06       		.byte	0x6
 1364 0835 47       		.byte	0x47
 1365 0836 CB000000 		.4byte	0xcb
 1366 083a 17       		.uleb128 0x17
 1367 083b 5E030000 		.4byte	.LASF106
 1368 083f 05       		.byte	0x5
 1369 0840 5C07     		.2byte	0x75c
 1370 0842 B5000000 		.4byte	0xb5
 1371 0846 05       		.uleb128 0x5
 1372 0847 03       		.byte	0x3
 1373 0848 00000000 		.4byte	EE_ApplicationMode
 1374 084c 18       		.uleb128 0x18
 1375 084d CA010000 		.4byte	.LASF107
 1376 0851 07       		.byte	0x7
 1377 0852 48       		.byte	0x48
 1378 0853 E1000000 		.4byte	0xe1
 1379 0857 18       		.uleb128 0x18
 1380 0858 67070000 		.4byte	.LASF108
 1381 085c 08       		.byte	0x8
 1382 085d 44       		.byte	0x44
 1383 085e B5000000 		.4byte	0xb5
 1384 0862 16       		.uleb128 0x16
ARM GAS  C:\Users\Reza\AppData\Local\Temp\ccd38SX2.s 			page 26


 1385 0863 49000000 		.4byte	.LASF109
 1386 0867 05       		.byte	0x5
 1387 0868 AD       		.byte	0xad
 1388 0869 EC000000 		.4byte	0xec
 1389 086d 05       		.uleb128 0x5
 1390 086e 03       		.byte	0x3
 1391 086f 00000000 		.4byte	EE_cortex_mx_IRQ_tos
 1392 0873 11       		.uleb128 0x11
 1393 0874 55000000 		.4byte	0x55
 1394 0878 83080000 		.4byte	0x883
 1395 087c 14       		.uleb128 0x14
 1396 087d 80030000 		.4byte	0x380
 1397 0881 4A       		.byte	0x4a
 1398 0882 00       		.byte	0
 1399 0883 16       		.uleb128 0x16
 1400 0884 E0020000 		.4byte	.LASF110
 1401 0888 05       		.byte	0x5
 1402 0889 15       		.byte	0x15
 1403 088a 73080000 		.4byte	0x873
 1404 088e 05       		.uleb128 0x5
 1405 088f 03       		.byte	0x3
 1406 0890 00000000 		.4byte	EE_cortex_mx_stack_2
 1407 0894 11       		.uleb128 0x11
 1408 0895 55000000 		.4byte	0x55
 1409 0899 A4080000 		.4byte	0x8a4
 1410 089d 14       		.uleb128 0x14
 1411 089e 80030000 		.4byte	0x380
 1412 08a2 7F       		.byte	0x7f
 1413 08a3 00       		.byte	0
 1414 08a4 16       		.uleb128 0x16
 1415 08a5 09030000 		.4byte	.LASF111
 1416 08a9 05       		.byte	0x5
 1417 08aa 32       		.byte	0x32
 1418 08ab 94080000 		.4byte	0x894
 1419 08af 05       		.uleb128 0x5
 1420 08b0 03       		.byte	0x3
 1421 08b1 00000000 		.4byte	EE_cortex_mx_stack_9
 1422 08b5 00       		.byte	0
 1423              		.section	.debug_abbrev,"",%progbits
 1424              	.Ldebug_abbrev0:
 1425 0000 01       		.uleb128 0x1
 1426 0001 11       		.uleb128 0x11
 1427 0002 01       		.byte	0x1
 1428 0003 25       		.uleb128 0x25
 1429 0004 0E       		.uleb128 0xe
 1430 0005 13       		.uleb128 0x13
 1431 0006 0B       		.uleb128 0xb
 1432 0007 03       		.uleb128 0x3
 1433 0008 0E       		.uleb128 0xe
 1434 0009 1B       		.uleb128 0x1b
 1435 000a 0E       		.uleb128 0xe
 1436 000b 10       		.uleb128 0x10
 1437 000c 17       		.uleb128 0x17
 1438 000d 00       		.byte	0
 1439 000e 00       		.byte	0
 1440 000f 02       		.uleb128 0x2
 1441 0010 24       		.uleb128 0x24
ARM GAS  C:\Users\Reza\AppData\Local\Temp\ccd38SX2.s 			page 27


 1442 0011 00       		.byte	0
 1443 0012 0B       		.uleb128 0xb
 1444 0013 0B       		.uleb128 0xb
 1445 0014 3E       		.uleb128 0x3e
 1446 0015 0B       		.uleb128 0xb
 1447 0016 03       		.uleb128 0x3
 1448 0017 0E       		.uleb128 0xe
 1449 0018 00       		.byte	0
 1450 0019 00       		.byte	0
 1451 001a 03       		.uleb128 0x3
 1452 001b 24       		.uleb128 0x24
 1453 001c 00       		.byte	0
 1454 001d 0B       		.uleb128 0xb
 1455 001e 0B       		.uleb128 0xb
 1456 001f 3E       		.uleb128 0x3e
 1457 0020 0B       		.uleb128 0xb
 1458 0021 03       		.uleb128 0x3
 1459 0022 08       		.uleb128 0x8
 1460 0023 00       		.byte	0
 1461 0024 00       		.byte	0
 1462 0025 04       		.uleb128 0x4
 1463 0026 16       		.uleb128 0x16
 1464 0027 00       		.byte	0
 1465 0028 03       		.uleb128 0x3
 1466 0029 0E       		.uleb128 0xe
 1467 002a 3A       		.uleb128 0x3a
 1468 002b 0B       		.uleb128 0xb
 1469 002c 3B       		.uleb128 0x3b
 1470 002d 0B       		.uleb128 0xb
 1471 002e 49       		.uleb128 0x49
 1472 002f 13       		.uleb128 0x13
 1473 0030 00       		.byte	0
 1474 0031 00       		.byte	0
 1475 0032 05       		.uleb128 0x5
 1476 0033 0F       		.uleb128 0xf
 1477 0034 00       		.byte	0
 1478 0035 0B       		.uleb128 0xb
 1479 0036 0B       		.uleb128 0xb
 1480 0037 00       		.byte	0
 1481 0038 00       		.byte	0
 1482 0039 06       		.uleb128 0x6
 1483 003a 0F       		.uleb128 0xf
 1484 003b 00       		.byte	0
 1485 003c 0B       		.uleb128 0xb
 1486 003d 0B       		.uleb128 0xb
 1487 003e 49       		.uleb128 0x49
 1488 003f 13       		.uleb128 0x13
 1489 0040 00       		.byte	0
 1490 0041 00       		.byte	0
 1491 0042 07       		.uleb128 0x7
 1492 0043 15       		.uleb128 0x15
 1493 0044 00       		.byte	0
 1494 0045 27       		.uleb128 0x27
 1495 0046 19       		.uleb128 0x19
 1496 0047 00       		.byte	0
 1497 0048 00       		.byte	0
 1498 0049 08       		.uleb128 0x8
ARM GAS  C:\Users\Reza\AppData\Local\Temp\ccd38SX2.s 			page 28


 1499 004a 13       		.uleb128 0x13
 1500 004b 01       		.byte	0x1
 1501 004c 03       		.uleb128 0x3
 1502 004d 0E       		.uleb128 0xe
 1503 004e 0B       		.uleb128 0xb
 1504 004f 0B       		.uleb128 0xb
 1505 0050 3A       		.uleb128 0x3a
 1506 0051 0B       		.uleb128 0xb
 1507 0052 3B       		.uleb128 0x3b
 1508 0053 0B       		.uleb128 0xb
 1509 0054 01       		.uleb128 0x1
 1510 0055 13       		.uleb128 0x13
 1511 0056 00       		.byte	0
 1512 0057 00       		.byte	0
 1513 0058 09       		.uleb128 0x9
 1514 0059 0D       		.uleb128 0xd
 1515 005a 00       		.byte	0
 1516 005b 03       		.uleb128 0x3
 1517 005c 0E       		.uleb128 0xe
 1518 005d 3A       		.uleb128 0x3a
 1519 005e 0B       		.uleb128 0xb
 1520 005f 3B       		.uleb128 0x3b
 1521 0060 0B       		.uleb128 0xb
 1522 0061 49       		.uleb128 0x49
 1523 0062 13       		.uleb128 0x13
 1524 0063 38       		.uleb128 0x38
 1525 0064 0B       		.uleb128 0xb
 1526 0065 00       		.byte	0
 1527 0066 00       		.byte	0
 1528 0067 0A       		.uleb128 0xa
 1529 0068 16       		.uleb128 0x16
 1530 0069 00       		.byte	0
 1531 006a 03       		.uleb128 0x3
 1532 006b 0E       		.uleb128 0xe
 1533 006c 3A       		.uleb128 0x3a
 1534 006d 0B       		.uleb128 0xb
 1535 006e 3B       		.uleb128 0x3b
 1536 006f 05       		.uleb128 0x5
 1537 0070 49       		.uleb128 0x49
 1538 0071 13       		.uleb128 0x13
 1539 0072 00       		.byte	0
 1540 0073 00       		.byte	0
 1541 0074 0B       		.uleb128 0xb
 1542 0075 13       		.uleb128 0x13
 1543 0076 01       		.byte	0x1
 1544 0077 0B       		.uleb128 0xb
 1545 0078 0B       		.uleb128 0xb
 1546 0079 3A       		.uleb128 0x3a
 1547 007a 0B       		.uleb128 0xb
 1548 007b 3B       		.uleb128 0x3b
 1549 007c 05       		.uleb128 0x5
 1550 007d 01       		.uleb128 0x1
 1551 007e 13       		.uleb128 0x13
 1552 007f 00       		.byte	0
 1553 0080 00       		.byte	0
 1554 0081 0C       		.uleb128 0xc
 1555 0082 0D       		.uleb128 0xd
ARM GAS  C:\Users\Reza\AppData\Local\Temp\ccd38SX2.s 			page 29


 1556 0083 00       		.byte	0
 1557 0084 03       		.uleb128 0x3
 1558 0085 0E       		.uleb128 0xe
 1559 0086 3A       		.uleb128 0x3a
 1560 0087 0B       		.uleb128 0xb
 1561 0088 3B       		.uleb128 0x3b
 1562 0089 05       		.uleb128 0x5
 1563 008a 49       		.uleb128 0x49
 1564 008b 13       		.uleb128 0x13
 1565 008c 38       		.uleb128 0x38
 1566 008d 0B       		.uleb128 0xb
 1567 008e 00       		.byte	0
 1568 008f 00       		.byte	0
 1569 0090 0D       		.uleb128 0xd
 1570 0091 04       		.uleb128 0x4
 1571 0092 01       		.byte	0x1
 1572 0093 0B       		.uleb128 0xb
 1573 0094 0B       		.uleb128 0xb
 1574 0095 49       		.uleb128 0x49
 1575 0096 13       		.uleb128 0x13
 1576 0097 3A       		.uleb128 0x3a
 1577 0098 0B       		.uleb128 0xb
 1578 0099 3B       		.uleb128 0x3b
 1579 009a 05       		.uleb128 0x5
 1580 009b 01       		.uleb128 0x1
 1581 009c 13       		.uleb128 0x13
 1582 009d 00       		.byte	0
 1583 009e 00       		.byte	0
 1584 009f 0E       		.uleb128 0xe
 1585 00a0 28       		.uleb128 0x28
 1586 00a1 00       		.byte	0
 1587 00a2 03       		.uleb128 0x3
 1588 00a3 0E       		.uleb128 0xe
 1589 00a4 1C       		.uleb128 0x1c
 1590 00a5 0B       		.uleb128 0xb
 1591 00a6 00       		.byte	0
 1592 00a7 00       		.byte	0
 1593 00a8 0F       		.uleb128 0xf
 1594 00a9 0D       		.uleb128 0xd
 1595 00aa 00       		.byte	0
 1596 00ab 03       		.uleb128 0x3
 1597 00ac 08       		.uleb128 0x8
 1598 00ad 3A       		.uleb128 0x3a
 1599 00ae 0B       		.uleb128 0xb
 1600 00af 3B       		.uleb128 0x3b
 1601 00b0 05       		.uleb128 0x5
 1602 00b1 49       		.uleb128 0x49
 1603 00b2 13       		.uleb128 0x13
 1604 00b3 38       		.uleb128 0x38
 1605 00b4 0B       		.uleb128 0xb
 1606 00b5 00       		.byte	0
 1607 00b6 00       		.byte	0
 1608 00b7 10       		.uleb128 0x10
 1609 00b8 13       		.uleb128 0x13
 1610 00b9 01       		.byte	0x1
 1611 00ba 03       		.uleb128 0x3
 1612 00bb 0E       		.uleb128 0xe
ARM GAS  C:\Users\Reza\AppData\Local\Temp\ccd38SX2.s 			page 30


 1613 00bc 0B       		.uleb128 0xb
 1614 00bd 0B       		.uleb128 0xb
 1615 00be 3A       		.uleb128 0x3a
 1616 00bf 0B       		.uleb128 0xb
 1617 00c0 3B       		.uleb128 0x3b
 1618 00c1 05       		.uleb128 0x5
 1619 00c2 01       		.uleb128 0x1
 1620 00c3 13       		.uleb128 0x13
 1621 00c4 00       		.byte	0
 1622 00c5 00       		.byte	0
 1623 00c6 11       		.uleb128 0x11
 1624 00c7 01       		.uleb128 0x1
 1625 00c8 01       		.byte	0x1
 1626 00c9 49       		.uleb128 0x49
 1627 00ca 13       		.uleb128 0x13
 1628 00cb 01       		.uleb128 0x1
 1629 00cc 13       		.uleb128 0x13
 1630 00cd 00       		.byte	0
 1631 00ce 00       		.byte	0
 1632 00cf 12       		.uleb128 0x12
 1633 00d0 21       		.uleb128 0x21
 1634 00d1 00       		.byte	0
 1635 00d2 00       		.byte	0
 1636 00d3 00       		.byte	0
 1637 00d4 13       		.uleb128 0x13
 1638 00d5 26       		.uleb128 0x26
 1639 00d6 00       		.byte	0
 1640 00d7 49       		.uleb128 0x49
 1641 00d8 13       		.uleb128 0x13
 1642 00d9 00       		.byte	0
 1643 00da 00       		.byte	0
 1644 00db 14       		.uleb128 0x14
 1645 00dc 21       		.uleb128 0x21
 1646 00dd 00       		.byte	0
 1647 00de 49       		.uleb128 0x49
 1648 00df 13       		.uleb128 0x13
 1649 00e0 2F       		.uleb128 0x2f
 1650 00e1 0B       		.uleb128 0xb
 1651 00e2 00       		.byte	0
 1652 00e3 00       		.byte	0
 1653 00e4 15       		.uleb128 0x15
 1654 00e5 34       		.uleb128 0x34
 1655 00e6 00       		.byte	0
 1656 00e7 03       		.uleb128 0x3
 1657 00e8 0E       		.uleb128 0xe
 1658 00e9 3A       		.uleb128 0x3a
 1659 00ea 0B       		.uleb128 0xb
 1660 00eb 3B       		.uleb128 0x3b
 1661 00ec 05       		.uleb128 0x5
 1662 00ed 49       		.uleb128 0x49
 1663 00ee 13       		.uleb128 0x13
 1664 00ef 02       		.uleb128 0x2
 1665 00f0 18       		.uleb128 0x18
 1666 00f1 00       		.byte	0
 1667 00f2 00       		.byte	0
 1668 00f3 16       		.uleb128 0x16
 1669 00f4 34       		.uleb128 0x34
ARM GAS  C:\Users\Reza\AppData\Local\Temp\ccd38SX2.s 			page 31


 1670 00f5 00       		.byte	0
 1671 00f6 03       		.uleb128 0x3
 1672 00f7 0E       		.uleb128 0xe
 1673 00f8 3A       		.uleb128 0x3a
 1674 00f9 0B       		.uleb128 0xb
 1675 00fa 3B       		.uleb128 0x3b
 1676 00fb 0B       		.uleb128 0xb
 1677 00fc 49       		.uleb128 0x49
 1678 00fd 13       		.uleb128 0x13
 1679 00fe 3F       		.uleb128 0x3f
 1680 00ff 19       		.uleb128 0x19
 1681 0100 02       		.uleb128 0x2
 1682 0101 18       		.uleb128 0x18
 1683 0102 00       		.byte	0
 1684 0103 00       		.byte	0
 1685 0104 17       		.uleb128 0x17
 1686 0105 34       		.uleb128 0x34
 1687 0106 00       		.byte	0
 1688 0107 03       		.uleb128 0x3
 1689 0108 0E       		.uleb128 0xe
 1690 0109 3A       		.uleb128 0x3a
 1691 010a 0B       		.uleb128 0xb
 1692 010b 3B       		.uleb128 0x3b
 1693 010c 05       		.uleb128 0x5
 1694 010d 49       		.uleb128 0x49
 1695 010e 13       		.uleb128 0x13
 1696 010f 3F       		.uleb128 0x3f
 1697 0110 19       		.uleb128 0x19
 1698 0111 02       		.uleb128 0x2
 1699 0112 18       		.uleb128 0x18
 1700 0113 00       		.byte	0
 1701 0114 00       		.byte	0
 1702 0115 18       		.uleb128 0x18
 1703 0116 34       		.uleb128 0x34
 1704 0117 00       		.byte	0
 1705 0118 03       		.uleb128 0x3
 1706 0119 0E       		.uleb128 0xe
 1707 011a 3A       		.uleb128 0x3a
 1708 011b 0B       		.uleb128 0xb
 1709 011c 3B       		.uleb128 0x3b
 1710 011d 0B       		.uleb128 0xb
 1711 011e 49       		.uleb128 0x49
 1712 011f 13       		.uleb128 0x13
 1713 0120 3F       		.uleb128 0x3f
 1714 0121 19       		.uleb128 0x19
 1715 0122 3C       		.uleb128 0x3c
 1716 0123 19       		.uleb128 0x19
 1717 0124 00       		.byte	0
 1718 0125 00       		.byte	0
 1719 0126 00       		.byte	0
 1720              		.section	.debug_aranges,"",%progbits
 1721 0000 14000000 		.4byte	0x14
 1722 0004 0200     		.2byte	0x2
 1723 0006 00000000 		.4byte	.Ldebug_info0
 1724 000a 04       		.byte	0x4
 1725 000b 00       		.byte	0
 1726 000c 0000     		.2byte	0
ARM GAS  C:\Users\Reza\AppData\Local\Temp\ccd38SX2.s 			page 32


 1727 000e 0000     		.2byte	0
 1728 0010 00000000 		.4byte	0
 1729 0014 00000000 		.4byte	0
 1730              		.section	.debug_line,"",%progbits
 1731              	.Ldebug_line0:
 1732 0000 38010000 		.section	.debug_str,"MS",%progbits,1
 1732      02003201 
 1732      00000201 
 1732      FB0E0D00 
 1732      01010101 
 1733              	.LASF46:
 1734 0000 6E657874 		.ascii	"next\000"
 1734      00
 1735              	.LASF83:
 1736 0005 45455F74 		.ascii	"EE_th_terminate_nextask\000"
 1736      685F7465 
 1736      726D696E 
 1736      6174655F 
 1736      6E657874 
 1737              	.LASF24:
 1738 001d 5469636B 		.ascii	"TickType\000"
 1738      54797065 
 1738      00
 1739              	.LASF84:
 1740 0026 45455F73 		.ascii	"EE_stkfirst\000"
 1740      746B6669 
 1740      72737400 
 1741              	.LASF26:
 1742 0032 41637469 		.ascii	"ActionType\000"
 1742      6F6E5479 
 1742      706500
 1743              	.LASF19:
 1744 003d 45455F54 		.ascii	"EE_TYPEBOOL\000"
 1744      59504542 
 1744      4F4F4C00 
 1745              	.LASF109:
 1746 0049 45455F63 		.ascii	"EE_cortex_mx_IRQ_tos\000"
 1746      6F727465 
 1746      785F6D78 
 1746      5F495251 
 1746      5F746F73 
 1747              	.LASF7:
 1748 005e 6C6F6E67 		.ascii	"long long unsigned int\000"
 1748      206C6F6E 
 1748      6720756E 
 1748      7369676E 
 1748      65642069 
 1749              	.LASF45:
 1750 0075 64656C74 		.ascii	"delta\000"
 1750      6100
 1751              	.LASF42:
 1752 007b 45455F6F 		.ascii	"EE_oo_counter_object_ROM_type\000"
 1752      6F5F636F 
 1752      756E7465 
 1752      725F6F62 
 1752      6A656374 
 1753              	.LASF89:
ARM GAS  C:\Users\Reza\AppData\Local\Temp\ccd38SX2.s 			page 33


 1754 0099 45455F72 		.ascii	"EE_rq_pairs_next\000"
 1754      715F7061 
 1754      6972735F 
 1754      6E657874 
 1754      00
 1755              	.LASF22:
 1756 00aa 5461736B 		.ascii	"TaskType\000"
 1756      54797065 
 1756      00
 1757              	.LASF61:
 1758 00b3 45455F54 		.ascii	"EE_TOS\000"
 1758      4F5300
 1759              	.LASF29:
 1760 00ba 6D617861 		.ascii	"maxallowedvalue\000"
 1760      6C6C6F77 
 1760      65647661 
 1760      6C756500 
 1761              	.LASF115:
 1762 00ca 45455F6F 		.ascii	"EE_oo_autostart_task_mode_OSDEFAULTAPPMODE\000"
 1762      6F5F6175 
 1762      746F7374 
 1762      6172745F 
 1762      7461736B 
 1763              	.LASF79:
 1764 00f5 45455F41 		.ascii	"EE_ALARM_ID\000"
 1764      4C41524D 
 1764      5F494400 
 1765              	.LASF6:
 1766 0101 6C6F6E67 		.ascii	"long long int\000"
 1766      206C6F6E 
 1766      6720696E 
 1766      7400
 1767              	.LASF0:
 1768 010f 7369676E 		.ascii	"signed char\000"
 1768      65642063 
 1768      68617200 
 1769              	.LASF52:
 1770 011b 45455F6F 		.ascii	"EE_oo_action_kind_type\000"
 1770      6F5F6163 
 1770      74696F6E 
 1770      5F6B696E 
 1770      645F7479 
 1771              	.LASF23:
 1772 0132 4576656E 		.ascii	"EventMaskType\000"
 1772      744D6173 
 1772      6B547970 
 1772      6500
 1773              	.LASF76:
 1774 0140 45455F45 		.ascii	"EE_EVENT_NAME\000"
 1774      56454E54 
 1774      5F4E414D 
 1774      4500
 1775              	.LASF100:
 1776 014e 45455F61 		.ascii	"EE_alarm_ROM\000"
 1776      6C61726D 
 1776      5F524F4D 
 1776      00
ARM GAS  C:\Users\Reza\AppData\Local\Temp\ccd38SX2.s 			page 34


 1777              	.LASF70:
 1778 015b 45455F63 		.ascii	"EE_cortex_mx_active_tos\000"
 1778      6F727465 
 1778      785F6D78 
 1778      5F616374 
 1778      6976655F 
 1779              	.LASF35:
 1780 0173 45455F6F 		.ascii	"EE_oo_counter_RAM_type\000"
 1780      6F5F636F 
 1780      756E7465 
 1780      725F5241 
 1780      4D5F7479 
 1781              	.LASF78:
 1782 018a 45455F45 		.ascii	"EE_EVENT_ID\000"
 1782      56454E54 
 1782      5F494400 
 1783              	.LASF4:
 1784 0196 6C6F6E67 		.ascii	"long int\000"
 1784      20696E74 
 1784      00
 1785              	.LASF87:
 1786 019f 45455F72 		.ascii	"EE_rq_queues_head\000"
 1786      715F7175 
 1786      65756573 
 1786      5F686561 
 1786      6400
 1787              	.LASF105:
 1788 01b1 45455F6F 		.ascii	"EE_oo_IRQ_suspend_status\000"
 1788      6F5F4952 
 1788      515F7375 
 1788      7370656E 
 1788      645F7374 
 1789              	.LASF107:
 1790 01ca 45455F73 		.ascii	"EE_std_endcycle_next_tid\000"
 1790      74645F65 
 1790      6E646379 
 1790      636C655F 
 1790      6E657874 
 1791              	.LASF31:
 1792 01e3 6D696E63 		.ascii	"mincycle\000"
 1792      79636C65 
 1792      00
 1793              	.LASF20:
 1794 01ec 45455F54 		.ascii	"EE_TID\000"
 1794      494400
 1795              	.LASF33:
 1796 01f3 76616C75 		.ascii	"value\000"
 1796      6500
 1797              	.LASF8:
 1798 01f9 756E7369 		.ascii	"unsigned int\000"
 1798      676E6564 
 1798      20696E74 
 1798      00
 1799              	.LASF16:
 1800 0206 45455F55 		.ascii	"EE_UREG\000"
 1800      52454700 
 1801              	.LASF60:
ARM GAS  C:\Users\Reza\AppData\Local\Temp\ccd38SX2.s 			page 35


 1802 020e 45455F6F 		.ascii	"EE_oo_alarm_ROM_type\000"
 1802      6F5F616C 
 1802      61726D5F 
 1802      524F4D5F 
 1802      74797065 
 1803              	.LASF77:
 1804 0223 45455F41 		.ascii	"EE_ALARM_NAME\000"
 1804      4C41524D 
 1804      5F4E414D 
 1804      4500
 1805              	.LASF5:
 1806 0231 6C6F6E67 		.ascii	"long unsigned int\000"
 1806      20756E73 
 1806      69676E65 
 1806      6420696E 
 1806      7400
 1807              	.LASF95:
 1808 0243 45455F74 		.ascii	"EE_th_waswaiting\000"
 1808      685F7761 
 1808      73776169 
 1808      74696E67 
 1808      00
 1809              	.LASF62:
 1810 0254 45455F6F 		.ascii	"EE_oo_autostart_task_type\000"
 1810      6F5F6175 
 1810      746F7374 
 1810      6172745F 
 1810      7461736B 
 1811              	.LASF41:
 1812 026e 6B696E64 		.ascii	"kind\000"
 1812      00
 1813              	.LASF3:
 1814 0273 73686F72 		.ascii	"short unsigned int\000"
 1814      7420756E 
 1814      7369676E 
 1814      65642069 
 1814      6E7400
 1815              	.LASF104:
 1816 0286 45455F6F 		.ascii	"EE_oo_IRQ_disable_count\000"
 1816      6F5F4952 
 1816      515F6469 
 1816      7361626C 
 1816      655F636F 
 1817              	.LASF38:
 1818 029e 45455F6F 		.ascii	"EE_oo_counter_object_kind_type\000"
 1818      6F5F636F 
 1818      756E7465 
 1818      725F6F62 
 1818      6A656374 
 1819              	.LASF80:
 1820 02bd 45455F74 		.ascii	"EE_th_status\000"
 1820      685F7374 
 1820      61747573 
 1820      00
 1821              	.LASF39:
 1822 02ca 436F756E 		.ascii	"CounterObjectKindType\000"
 1822      7465724F 
ARM GAS  C:\Users\Reza\AppData\Local\Temp\ccd38SX2.s 			page 36


 1822      626A6563 
 1822      744B696E 
 1822      64547970 
 1823              	.LASF110:
 1824 02e0 45455F63 		.ascii	"EE_cortex_mx_stack_2\000"
 1824      6F727465 
 1824      785F6D78 
 1824      5F737461 
 1824      636B5F32 
 1825              	.LASF73:
 1826 02f5 45455F74 		.ascii	"EE_th_dispatch_prio\000"
 1826      685F6469 
 1826      73706174 
 1826      63685F70 
 1826      72696F00 
 1827              	.LASF111:
 1828 0309 45455F63 		.ascii	"EE_cortex_mx_stack_9\000"
 1828      6F727465 
 1828      785F6D78 
 1828      5F737461 
 1828      636B5F39 
 1829              	.LASF14:
 1830 031e 45455F56 		.ascii	"EE_VOID_CALLBACK\000"
 1830      4F49445F 
 1830      43414C4C 
 1830      4241434B 
 1830      00
 1831              	.LASF27:
 1832 032f 436F756E 		.ascii	"CounterType\000"
 1832      74657254 
 1832      79706500 
 1833              	.LASF98:
 1834 033b 45455F6F 		.ascii	"EE_oo_counter_object_ROM\000"
 1834      6F5F636F 
 1834      756E7465 
 1834      725F6F62 
 1834      6A656374 
 1835              	.LASF59:
 1836 0354 61637469 		.ascii	"action_id\000"
 1836      6F6E5F69 
 1836      6400
 1837              	.LASF106:
 1838 035e 45455F41 		.ascii	"EE_ApplicationMode\000"
 1838      70706C69 
 1838      63617469 
 1838      6F6E4D6F 
 1838      646500
 1839              	.LASF99:
 1840 0371 45455F6F 		.ascii	"EE_oo_action_ROM\000"
 1840      6F5F6163 
 1840      74696F6E 
 1840      5F524F4D 
 1840      00
 1841              	.LASF21:
 1842 0382 45455F54 		.ascii	"EE_TYPE_RQ_MASK\000"
 1842      5950455F 
 1842      52515F4D 
ARM GAS  C:\Users\Reza\AppData\Local\Temp\ccd38SX2.s 			page 37


 1842      41534B00 
 1843              	.LASF64:
 1844 0392 73697A65 		.ascii	"sizetype\000"
 1844      74797065 
 1844      00
 1845              	.LASF9:
 1846 039b 6C6F6E67 		.ascii	"long double\000"
 1846      20646F75 
 1846      626C6500 
 1847              	.LASF92:
 1848 03a7 45455F72 		.ascii	"EE_rq_free\000"
 1848      715F6672 
 1848      656500
 1849              	.LASF86:
 1850 03b2 45455F72 		.ascii	"EE_rq_link\000"
 1850      715F6C69 
 1850      6E6B00
 1851              	.LASF17:
 1852 03bd 45455F53 		.ascii	"EE_SREG\000"
 1852      52454700 
 1853              	.LASF30:
 1854 03c5 7469636B 		.ascii	"ticksperbase\000"
 1854      73706572 
 1854      62617365 
 1854      00
 1855              	.LASF43:
 1856 03d2 75736564 		.ascii	"used\000"
 1856      00
 1857              	.LASF47:
 1858 03d7 45455F6F 		.ascii	"EE_oo_counter_object_RAM_type\000"
 1858      6F5F636F 
 1858      756E7465 
 1858      725F6F62 
 1858      6A656374 
 1859              	.LASF97:
 1860 03f5 45455F63 		.ascii	"EE_counter_ROM\000"
 1860      6F756E74 
 1860      65725F52 
 1860      4F4D00
 1861              	.LASF58:
 1862 0404 45455F6F 		.ascii	"EE_oo_action_ROM_type\000"
 1862      6F5F6163 
 1862      74696F6E 
 1862      5F524F4D 
 1862      5F747970 
 1863              	.LASF10:
 1864 041a 45455F55 		.ascii	"EE_UINT16\000"
 1864      494E5431 
 1864      3600
 1865              	.LASF37:
 1866 0424 45455F53 		.ascii	"EE_SCHEDULETABLE\000"
 1866      43484544 
 1866      554C4554 
 1866      41424C45 
 1866      00
 1867              	.LASF69:
 1868 0435 45455F63 		.ascii	"EE_cortex_mx_system_tos\000"
ARM GAS  C:\Users\Reza\AppData\Local\Temp\ccd38SX2.s 			page 38


 1868      6F727465 
 1868      785F6D78 
 1868      5F737973 
 1868      74656D5F 
 1869              	.LASF1:
 1870 044d 756E7369 		.ascii	"unsigned char\000"
 1870      676E6564 
 1870      20636861 
 1870      7200
 1871              	.LASF36:
 1872 045b 45455F41 		.ascii	"EE_ALARM\000"
 1872      4C41524D 
 1872      00
 1873              	.LASF81:
 1874 0464 45455F74 		.ascii	"EE_th_next\000"
 1874      685F6E65 
 1874      787400
 1875              	.LASF68:
 1876 046f 45455F74 		.ascii	"EE_terminate_real_th_body\000"
 1876      65726D69 
 1876      6E617465 
 1876      5F726561 
 1876      6C5F7468 
 1877              	.LASF57:
 1878 0489 696E6363 		.ascii	"inccount\000"
 1878      6F756E74 
 1878      00
 1879              	.LASF2:
 1880 0492 73686F72 		.ascii	"short int\000"
 1880      7420696E 
 1880      7400
 1881              	.LASF94:
 1882 049c 45455F74 		.ascii	"EE_th_event_waitmask\000"
 1882      685F6576 
 1882      656E745F 
 1882      77616974 
 1882      6D61736B 
 1883              	.LASF75:
 1884 04b1 45455F54 		.ascii	"EE_TASK_NAME\000"
 1884      41534B5F 
 1884      4E414D45 
 1884      00
 1885              	.LASF32:
 1886 04be 45455F6F 		.ascii	"EE_oo_counter_ROM_type\000"
 1886      6F5F636F 
 1886      756E7465 
 1886      725F524F 
 1886      4D5F7479 
 1887              	.LASF112:
 1888 04d5 474E5520 		.ascii	"GNU C11 5.4.1 20160609 (release) [ARM/embedded-5-br"
 1888      43313120 
 1888      352E342E 
 1888      31203230 
 1888      31363036 
 1889 0508 616E6368 		.ascii	"anch revision 237715] -mcpu=cortex-m3 -mthumb -g -O"
 1889      20726576 
 1889      6973696F 
ARM GAS  C:\Users\Reza\AppData\Local\Temp\ccd38SX2.s 			page 39


 1889      6E203233 
 1889      37373135 
 1890 053b 67202D66 		.ascii	"g -ffunction-sections -ffat-lto-objects\000"
 1890      66756E63 
 1890      74696F6E 
 1890      2D736563 
 1890      74696F6E 
 1891              	.LASF56:
 1892 0563 61637469 		.ascii	"action_mask\000"
 1892      6F6E5F6D 
 1892      61736B00 
 1893              	.LASF15:
 1894 056f 45455F54 		.ascii	"EE_THREAD_PTR\000"
 1894      48524541 
 1894      445F5054 
 1894      5200
 1895              	.LASF88:
 1896 057d 45455F72 		.ascii	"EE_rq_queues_tail\000"
 1896      715F7175 
 1896      65756573 
 1896      5F746169 
 1896      6C00
 1897              	.LASF66:
 1898 058f 45455F73 		.ascii	"EE_std_thread_tos\000"
 1898      74645F74 
 1898      68726561 
 1898      645F746F 
 1898      7300
 1899              	.LASF51:
 1900 05a1 45455F41 		.ascii	"EE_ACTION_CALLBACK\000"
 1900      4354494F 
 1900      4E5F4341 
 1900      4C4C4241 
 1900      434B00
 1901              	.LASF91:
 1902 05b4 45455F72 		.ascii	"EE_rq_bitmask\000"
 1902      715F6269 
 1902      746D6173 
 1902      6B00
 1903              	.LASF34:
 1904 05c2 66697273 		.ascii	"first\000"
 1904      7400
 1905              	.LASF25:
 1906 05c8 436F756E 		.ascii	"CounterObjectType\000"
 1906      7465724F 
 1906      626A6563 
 1906      74547970 
 1906      6500
 1907              	.LASF74:
 1908 05da 63686172 		.ascii	"char\000"
 1908      00
 1909              	.LASF48:
 1910 05df 45455F41 		.ascii	"EE_ACTION_TASK\000"
 1910      4354494F 
 1910      4E5F5441 
 1910      534B00
 1911              	.LASF71:
ARM GAS  C:\Users\Reza\AppData\Local\Temp\ccd38SX2.s 			page 40


 1912 05ee 45455F74 		.ascii	"EE_th_rnact_max\000"
 1912      685F726E 
 1912      6163745F 
 1912      6D617800 
 1913              	.LASF50:
 1914 05fe 45455F41 		.ascii	"EE_ACTION_COUNTER\000"
 1914      4354494F 
 1914      4E5F434F 
 1914      554E5445 
 1914      5200
 1915              	.LASF101:
 1916 0610 45455F63 		.ascii	"EE_counter_RAM\000"
 1916      6F756E74 
 1916      65725F52 
 1916      414D00
 1917              	.LASF40:
 1918 061f 73706563 		.ascii	"spec_id\000"
 1918      5F696400 
 1919              	.LASF49:
 1920 0627 45455F41 		.ascii	"EE_ACTION_EVENT\000"
 1920      4354494F 
 1920      4E5F4556 
 1920      454E5400 
 1921              	.LASF65:
 1922 0637 45455F68 		.ascii	"EE_hal_thread_body\000"
 1922      616C5F74 
 1922      68726561 
 1922      645F626F 
 1922      647900
 1923              	.LASF85:
 1924 064a 45455F73 		.ascii	"EE_sys_ceiling\000"
 1924      79735F63 
 1924      65696C69 
 1924      6E6700
 1925              	.LASF54:
 1926 0659 61637469 		.ascii	"action_kind\000"
 1926      6F6E5F6B 
 1926      696E6400 
 1927              	.LASF63:
 1928 0665 7461736B 		.ascii	"task\000"
 1928      00
 1929              	.LASF102:
 1930 066a 45455F6F 		.ascii	"EE_oo_counter_object_RAM\000"
 1930      6F5F636F 
 1930      756E7465 
 1930      725F6F62 
 1930      6A656374 
 1931              	.LASF53:
 1932 0683 41637469 		.ascii	"ActionKindType\000"
 1932      6F6E4B69 
 1932      6E645479 
 1932      706500
 1933              	.LASF72:
 1934 0692 45455F74 		.ascii	"EE_th_ready_prio\000"
 1934      685F7265 
 1934      6164795F 
 1934      7072696F 
ARM GAS  C:\Users\Reza\AppData\Local\Temp\ccd38SX2.s 			page 41


 1934      00
 1935              	.LASF82:
 1936 06a3 45455F74 		.ascii	"EE_th_rnact\000"
 1936      685F726E 
 1936      61637400 
 1937              	.LASF90:
 1938 06af 45455F72 		.ascii	"EE_rq_pairs_tid\000"
 1938      715F7061 
 1938      6972735F 
 1938      74696400 
 1939              	.LASF114:
 1940 06bf 443A5C48 		.ascii	"D:\\H_da\\Winter Semester\\MM03 Advanced Microcontr"
 1940      5F64615C 
 1940      57696E74 
 1940      65722053 
 1940      656D6573 
 1941 06ef 6F6C6C65 		.ascii	"oller Systems and Embedded Operating Systems\\Lectu"
 1941      72205379 
 1941      7374656D 
 1941      7320616E 
 1941      6420456D 
 1942 0721 72652050 		.ascii	"re Prof. Fromm\\workspace\\workspace_psoc\\Reaction"
 1942      726F662E 
 1942      2046726F 
 1942      6D6D5C77 
 1942      6F726B73 
 1943 0751 47616D65 		.ascii	"Game_with erika.cydsn\000"
 1943      5F776974 
 1943      68206572 
 1943      696B612E 
 1943      63796473 
 1944              	.LASF108:
 1945 0767 45455F49 		.ascii	"EE_IRQ_nesting_level\000"
 1945      52515F6E 
 1945      65737469 
 1945      6E675F6C 
 1945      6576656C 
 1946              	.LASF12:
 1947 077c 45455F55 		.ascii	"EE_UINT32\000"
 1947      494E5433 
 1947      3200
 1948              	.LASF11:
 1949 0786 45455F49 		.ascii	"EE_INT32\000"
 1949      4E543332 
 1949      00
 1950              	.LASF67:
 1951 078f 45455F74 		.ascii	"EE_terminate_data\000"
 1951      65726D69 
 1951      6E617465 
 1951      5F646174 
 1951      6100
 1952              	.LASF113:
 1953 07a1 47656E65 		.ascii	"Generated_Source\\PSoC5\\ErikaOS_1_eecfg.c\000"
 1953      72617465 
 1953      645F536F 
 1953      75726365 
 1953      5C50536F 
ARM GAS  C:\Users\Reza\AppData\Local\Temp\ccd38SX2.s 			page 42


 1954              	.LASF93:
 1955 07ca 45455F74 		.ascii	"EE_th_event_active\000"
 1955      685F6576 
 1955      656E745F 
 1955      61637469 
 1955      766500
 1956              	.LASF44:
 1957 07dd 636E7463 		.ascii	"cntcycle\000"
 1957      79636C65 
 1957      00
 1958              	.LASF28:
 1959 07e6 5359535F 		.ascii	"SYS_tos\000"
 1959      746F7300 
 1960              	.LASF55:
 1961 07ee 61637469 		.ascii	"action_task\000"
 1961      6F6E5F74 
 1961      61736B00 
 1962              	.LASF13:
 1963 07fa 45455F41 		.ascii	"EE_ADDR\000"
 1963      44445200 
 1964              	.LASF96:
 1965 0802 45455F74 		.ascii	"EE_th_is_extended\000"
 1965      685F6973 
 1965      5F657874 
 1965      656E6465 
 1965      6400
 1966              	.LASF18:
 1967 0814 45455F46 		.ascii	"EE_FREG\000"
 1967      52454700 
 1968              	.LASF103:
 1969 081c 45455F6F 		.ascii	"EE_oo_autostart_task_data\000"
 1969      6F5F6175 
 1969      746F7374 
 1969      6172745F 
 1969      7461736B 
 1970              		.ident	"GCC: (GNU Tools for ARM Embedded Processors) 5.4.1 20160609 (release) [ARM/embedded-5-bran
