ARM GAS  C:\Users\Reza\AppData\Local\Temp\ccPKC4bg.s 			page 1


   1              		.syntax unified
   2              		.cpu cortex-m3
   3              		.fpu softvfp
   4              		.eabi_attribute 20, 1
   5              		.eabi_attribute 21, 1
   6              		.eabi_attribute 23, 3
   7              		.eabi_attribute 24, 1
   8              		.eabi_attribute 25, 1
   9              		.eabi_attribute 26, 1
  10              		.eabi_attribute 30, 1
  11              		.eabi_attribute 34, 1
  12              		.eabi_attribute 18, 4
  13              		.thumb
  14              		.syntax unified
  15              		.file	"uart.c"
  16              		.text
  17              	.Ltext0:
  18              		.cfi_sections	.debug_frame
  19              		.section	.text.UART_Show_Round_Counter,"ax",%progbits
  20              		.align	2
  21              		.global	UART_Show_Round_Counter
  22              		.thumb
  23              		.thumb_func
  24              		.type	UART_Show_Round_Counter, %function
  25              	UART_Show_Round_Counter:
  26              	.LFB110:
  27              		.file 1 "source\\bsw\\uart.c"
   1:source\bsw/uart.c **** /**
   2:source\bsw/uart.c **** * \file <filename>
   3:source\bsw/uart.c **** * \author <author-name>
   4:source\bsw/uart.c **** * \date <date>
   5:source\bsw/uart.c **** *
   6:source\bsw/uart.c **** * \brief <Symbolic File name>
   7:source\bsw/uart.c **** *
   8:source\bsw/uart.c **** * \copyright Copyright ©2016
   9:source\bsw/uart.c **** * Department of electrical engineering and information technology, Hochschule Darmstadt - Universit
  10:source\bsw/uart.c **** * Permission to use, copy, modify, and distribute this software and its documentation for education
  11:source\bsw/uart.c **** * (unless permitted by h_da) and official h_da projects, is hereby granted for enrolled students of
  12:source\bsw/uart.c **** * this paragraph and the following paragraph appear in all copies, modifications, and distributions
  13:source\bsw/uart.c **** * Contact Prof.Dr.-Ing. Peter Fromm, peter.fromm@h-da.de, Birkenweg 8 64295 Darmstadt - GERMANY for
  14:source\bsw/uart.c **** *
  15:source\bsw/uart.c **** * \warning This software is a PROTOTYPE version and is not designed or intended for use in producti
  16:source\bsw/uart.c **** * The user represents and warrants that it will NOT use or redistribute the Software for such purpo
  17:source\bsw/uart.c **** * This prototype is for research purposes only. This software is provided "AS IS," without a warran
  18:source\bsw/uart.c **** */
  19:source\bsw/uart.c **** 
  20:source\bsw/uart.c **** /*****************************************************************************/
  21:source\bsw/uart.c **** /* Include files                                                             */
  22:source\bsw/uart.c **** /*****************************************************************************/
  23:source\bsw/uart.c **** 
  24:source\bsw/uart.c **** #include "project.h"
  25:source\bsw/uart.c **** #include "uart.h"
  26:source\bsw/uart.c **** #include <stdlib.h> 
  27:source\bsw/uart.c **** 
  28:source\bsw/uart.c **** 
  29:source\bsw/uart.c **** /*****************************************************************************/
  30:source\bsw/uart.c **** /* Local pre-processor symbols/macros ('#define')                            */
ARM GAS  C:\Users\Reza\AppData\Local\Temp\ccPKC4bg.s 			page 2


  31:source\bsw/uart.c **** /*****************************************************************************/
  32:source\bsw/uart.c **** 
  33:source\bsw/uart.c **** /*****************************************************************************/
  34:source\bsw/uart.c **** /* Global variable definitions (declared in header file with 'extern')       */
  35:source\bsw/uart.c **** /*****************************************************************************/
  36:source\bsw/uart.c **** 
  37:source\bsw/uart.c **** /*****************************************************************************/
  38:source\bsw/uart.c **** /* Local type definitions ('typedef')                                        */
  39:source\bsw/uart.c **** /*****************************************************************************/
  40:source\bsw/uart.c **** 
  41:source\bsw/uart.c **** 
  42:source\bsw/uart.c **** 
  43:source\bsw/uart.c **** /*****************************************************************************/
  44:source\bsw/uart.c **** /* Local variable definitions ('static')                                     */
  45:source\bsw/uart.c **** /*****************************************************************************/
  46:source\bsw/uart.c **** 
  47:source\bsw/uart.c **** 
  48:source\bsw/uart.c **** /*****************************************************************************/
  49:source\bsw/uart.c **** /* Local function prototypes ('static')                                      */
  50:source\bsw/uart.c **** /*****************************************************************************/
  51:source\bsw/uart.c **** 
  52:source\bsw/uart.c **** 
  53:source\bsw/uart.c **** 
  54:source\bsw/uart.c **** /*****************************************************************************/
  55:source\bsw/uart.c **** /* Function implementation - global ('extern') and local ('static')          */
  56:source\bsw/uart.c **** /*****************************************************************************/
  57:source\bsw/uart.c **** 
  58:source\bsw/uart.c **** /**
  59:source\bsw/uart.c ****  * Sends and diplays the current round value on the console.
  60:source\bsw/uart.c ****  * @param uint8 round current round value
  61:source\bsw/uart.c ****  * @return RC_SUCCESS if function was executed as exepected, other error code in case of error
  62:source\bsw/uart.c ****  */
  63:source\bsw/uart.c **** RC_t UART_Show_Round_Counter(uint8 round)
  64:source\bsw/uart.c **** {
  28              		.loc 1 64 0
  29              		.cfi_startproc
  30              		@ args = 0, pretend = 0, frame = 8
  31              		@ frame_needed = 0, uses_anonymous_args = 0
  32              	.LVL0:
  33 0000 30B5     		push	{r4, r5, lr}
  34              		.cfi_def_cfa_offset 12
  35              		.cfi_offset 4, -12
  36              		.cfi_offset 5, -8
  37              		.cfi_offset 14, -4
  38 0002 83B0     		sub	sp, sp, #12
  39              		.cfi_def_cfa_offset 24
  65:source\bsw/uart.c ****         char arr[2] ="" ;
  40              		.loc 1 65 0
  41 0004 0025     		movs	r5, #0
  42 0006 02AC     		add	r4, sp, #8
  43 0008 24F8045D 		strh	r5, [r4, #-4]!	@ movhi
  66:source\bsw/uart.c ****         itoa(round,arr,10);
  44              		.loc 1 66 0
  45 000c 0A22     		movs	r2, #10
  46 000e 2146     		mov	r1, r4
  47 0010 FFF7FEFF 		bl	itoa
  48              	.LVL1:
ARM GAS  C:\Users\Reza\AppData\Local\Temp\ccPKC4bg.s 			page 3


  67:source\bsw/uart.c ****         UART_LOG_Start();
  49              		.loc 1 67 0
  50 0014 FFF7FEFF 		bl	UART_LOG_Start
  51              	.LVL2:
  68:source\bsw/uart.c ****         UART_LOG_PutStringConst(" Reaction test program round ");
  52              		.loc 1 68 0
  53 0018 0548     		ldr	r0, .L3
  54 001a FFF7FEFF 		bl	UART_LOG_PutString
  55              	.LVL3:
  69:source\bsw/uart.c ****         UART_LOG_PutString(arr);
  56              		.loc 1 69 0
  57 001e 2046     		mov	r0, r4
  58 0020 FFF7FEFF 		bl	UART_LOG_PutString
  59              	.LVL4:
  70:source\bsw/uart.c ****         UART_LOG_PutStringConst("\n");
  60              		.loc 1 70 0
  61 0024 0348     		ldr	r0, .L3+4
  62 0026 FFF7FEFF 		bl	UART_LOG_PutString
  63              	.LVL5:
  71:source\bsw/uart.c ****         return RC_SUCCESS;
  72:source\bsw/uart.c **** }
  64              		.loc 1 72 0
  65 002a 2846     		mov	r0, r5
  66 002c 03B0     		add	sp, sp, #12
  67              		.cfi_def_cfa_offset 12
  68              		@ sp needed
  69 002e 30BD     		pop	{r4, r5, pc}
  70              	.L4:
  71              		.align	2
  72              	.L3:
  73 0030 00000000 		.word	.LC0
  74 0034 20000000 		.word	.LC1
  75              		.cfi_endproc
  76              	.LFE110:
  77              		.size	UART_Show_Round_Counter, .-UART_Show_Round_Counter
  78              		.section	.text.UART_Show_Prompt_Message,"ax",%progbits
  79              		.align	2
  80              		.global	UART_Show_Prompt_Message
  81              		.thumb
  82              		.thumb_func
  83              		.type	UART_Show_Prompt_Message, %function
  84              	UART_Show_Prompt_Message:
  85              	.LFB111:
  73:source\bsw/uart.c **** 
  74:source\bsw/uart.c **** /**
  75:source\bsw/uart.c ****  * Sends and diplays prompt message on the console.
  76:source\bsw/uart.c ****  * @return RC_SUCCESS if function was executed as exepected, other error code in case of error
  77:source\bsw/uart.c ****  */
  78:source\bsw/uart.c **** RC_t UART_Show_Prompt_Message()
  79:source\bsw/uart.c **** {   
  86              		.loc 1 79 0
  87              		.cfi_startproc
  88              		@ args = 0, pretend = 0, frame = 0
  89              		@ frame_needed = 0, uses_anonymous_args = 0
  90 0000 08B5     		push	{r3, lr}
  91              		.cfi_def_cfa_offset 8
  92              		.cfi_offset 3, -8
ARM GAS  C:\Users\Reza\AppData\Local\Temp\ccPKC4bg.s 			page 4


  93              		.cfi_offset 14, -4
  80:source\bsw/uart.c ****     UART_LOG_Start();
  94              		.loc 1 80 0
  95 0002 FFF7FEFF 		bl	UART_LOG_Start
  96              	.LVL6:
  81:source\bsw/uart.c ****     UART_LOG_PutStringConst(" press one of the two buttons to start... \n \n");
  97              		.loc 1 81 0
  98 0006 0248     		ldr	r0, .L7
  99 0008 FFF7FEFF 		bl	UART_LOG_PutString
 100              	.LVL7:
  82:source\bsw/uart.c ****     return RC_SUCCESS;
  83:source\bsw/uart.c **** }
 101              		.loc 1 83 0
 102 000c 0020     		movs	r0, #0
 103 000e 08BD     		pop	{r3, pc}
 104              	.L8:
 105              		.align	2
 106              	.L7:
 107 0010 24000000 		.word	.LC2
 108              		.cfi_endproc
 109              	.LFE111:
 110              		.size	UART_Show_Prompt_Message, .-UART_Show_Prompt_Message
 111              		.section	.text.UART_Show_Score,"ax",%progbits
 112              		.align	2
 113              		.global	UART_Show_Score
 114              		.thumb
 115              		.thumb_func
 116              		.type	UART_Show_Score, %function
 117              	UART_Show_Score:
 118              	.LFB112:
  84:source\bsw/uart.c **** 
  85:source\bsw/uart.c **** /**
  86:source\bsw/uart.c ****  * Sends and diplays the current score value on the console.
  87:source\bsw/uart.c ****  * @param uint8 score current socre value
  88:source\bsw/uart.c ****  * @return RC_SUCCESS if function was executed as exepected, other error code in case of error
  89:source\bsw/uart.c ****  */
  90:source\bsw/uart.c **** RC_t UART_Show_Score(uint8 score)
  91:source\bsw/uart.c **** {
 119              		.loc 1 91 0
 120              		.cfi_startproc
 121              		@ args = 0, pretend = 0, frame = 8
 122              		@ frame_needed = 0, uses_anonymous_args = 0
 123              	.LVL8:
 124 0000 10B5     		push	{r4, lr}
 125              		.cfi_def_cfa_offset 8
 126              		.cfi_offset 4, -8
 127              		.cfi_offset 14, -4
 128 0002 82B0     		sub	sp, sp, #8
 129              		.cfi_def_cfa_offset 16
 130              	.LVL9:
  92:source\bsw/uart.c ****         uint8 realscore=score;
  93:source\bsw/uart.c ****         char arr[3] ="" ;
 131              		.loc 1 93 0
 132 0004 0C4B     		ldr	r3, .L11
 133 0006 1B78     		ldrb	r3, [r3]	@ zero_extendqisi2
 134 0008 8DF80430 		strb	r3, [sp, #4]
 135 000c 0024     		movs	r4, #0
ARM GAS  C:\Users\Reza\AppData\Local\Temp\ccPKC4bg.s 			page 5


 136 000e ADF80540 		strh	r4, [sp, #5]	@ unaligned
  94:source\bsw/uart.c ****         itoa(realscore,arr,10);
 137              		.loc 1 94 0
 138 0012 0A22     		movs	r2, #10
 139 0014 01A9     		add	r1, sp, #4
 140 0016 FFF7FEFF 		bl	itoa
 141              	.LVL10:
  95:source\bsw/uart.c ****         UART_LOG_Start();
 142              		.loc 1 95 0
 143 001a FFF7FEFF 		bl	UART_LOG_Start
 144              	.LVL11:
  96:source\bsw/uart.c ****         UART_LOG_PutStringConst(" Final Score is: ");
 145              		.loc 1 96 0
 146 001e 0748     		ldr	r0, .L11+4
 147 0020 FFF7FEFF 		bl	UART_LOG_PutString
 148              	.LVL12:
  97:source\bsw/uart.c ****         UART_LOG_PutString(arr);
 149              		.loc 1 97 0
 150 0024 01A8     		add	r0, sp, #4
 151 0026 FFF7FEFF 		bl	UART_LOG_PutString
 152              	.LVL13:
  98:source\bsw/uart.c ****         UART_LOG_PutStringConst("\n");
 153              		.loc 1 98 0
 154 002a 0548     		ldr	r0, .L11+8
 155 002c FFF7FEFF 		bl	UART_LOG_PutString
 156              	.LVL14:
  99:source\bsw/uart.c ****         return RC_SUCCESS;
 100:source\bsw/uart.c **** }
 157              		.loc 1 100 0
 158 0030 2046     		mov	r0, r4
 159 0032 02B0     		add	sp, sp, #8
 160              		.cfi_def_cfa_offset 8
 161              		@ sp needed
 162 0034 10BD     		pop	{r4, pc}
 163              	.L12:
 164 0036 00BF     		.align	2
 165              	.L11:
 166 0038 00000000 		.word	.LANCHOR0
 167 003c 54000000 		.word	.LC4
 168 0040 20000000 		.word	.LC1
 169              		.cfi_endproc
 170              	.LFE112:
 171              		.size	UART_Show_Score, .-UART_Show_Score
 172              		.section	.text.UART_Show_Average_Time,"ax",%progbits
 173              		.align	2
 174              		.global	UART_Show_Average_Time
 175              		.thumb
 176              		.thumb_func
 177              		.type	UART_Show_Average_Time, %function
 178              	UART_Show_Average_Time:
 179              	.LFB113:
 101:source\bsw/uart.c **** 
 102:source\bsw/uart.c **** /**
 103:source\bsw/uart.c ****  * Sends and diplays the average time value on the console.
 104:source\bsw/uart.c ****  * @param uint8 avgtime Average time of all 10 rounds.
 105:source\bsw/uart.c ****  * @return RC_SUCCESS if function was executed as exepected, other error code in case of error
 106:source\bsw/uart.c ****  */
ARM GAS  C:\Users\Reza\AppData\Local\Temp\ccPKC4bg.s 			page 6


 107:source\bsw/uart.c **** RC_t UART_Show_Average_Time(uint32 avgtime)
 108:source\bsw/uart.c **** {
 180              		.loc 1 108 0
 181              		.cfi_startproc
 182              		@ args = 0, pretend = 0, frame = 24
 183              		@ frame_needed = 0, uses_anonymous_args = 0
 184              	.LVL15:
 185 0000 10B5     		push	{r4, lr}
 186              		.cfi_def_cfa_offset 8
 187              		.cfi_offset 4, -8
 188              		.cfi_offset 14, -4
 189 0002 86B0     		sub	sp, sp, #24
 190              		.cfi_def_cfa_offset 32
 191              	.LVL16:
 109:source\bsw/uart.c ****         uint32 time=avgtime;
 110:source\bsw/uart.c ****         char arr[20] ="" ;
 192              		.loc 1 110 0
 193 0004 0024     		movs	r4, #0
 194 0006 0194     		str	r4, [sp, #4]
 195 0008 0294     		str	r4, [sp, #8]
 196 000a 0394     		str	r4, [sp, #12]
 197 000c 0494     		str	r4, [sp, #16]
 198 000e 0594     		str	r4, [sp, #20]
 111:source\bsw/uart.c ****         itoa(time,arr,10);
 199              		.loc 1 111 0
 200 0010 0A22     		movs	r2, #10
 201 0012 01A9     		add	r1, sp, #4
 202 0014 FFF7FEFF 		bl	itoa
 203              	.LVL17:
 112:source\bsw/uart.c ****         UART_LOG_Start();
 204              		.loc 1 112 0
 205 0018 FFF7FEFF 		bl	UART_LOG_Start
 206              	.LVL18:
 113:source\bsw/uart.c ****         UART_LOG_PutStringConst(" Average time in ms: ");
 207              		.loc 1 113 0
 208 001c 0748     		ldr	r0, .L15
 209 001e FFF7FEFF 		bl	UART_LOG_PutString
 210              	.LVL19:
 114:source\bsw/uart.c ****         UART_LOG_PutString(arr);
 211              		.loc 1 114 0
 212 0022 01A8     		add	r0, sp, #4
 213 0024 FFF7FEFF 		bl	UART_LOG_PutString
 214              	.LVL20:
 115:source\bsw/uart.c ****         UART_LOG_PutStringConst("\n"); 
 215              		.loc 1 115 0
 216 0028 0548     		ldr	r0, .L15+4
 217 002a FFF7FEFF 		bl	UART_LOG_PutString
 218              	.LVL21:
 116:source\bsw/uart.c ****         UART_LOG_PutStringConst(" ****************************************************** \n");
 219              		.loc 1 116 0
 220 002e 0548     		ldr	r0, .L15+8
 221 0030 FFF7FEFF 		bl	UART_LOG_PutString
 222              	.LVL22:
 117:source\bsw/uart.c ****         return RC_SUCCESS;
 118:source\bsw/uart.c **** }
 223              		.loc 1 118 0
 224 0034 2046     		mov	r0, r4
ARM GAS  C:\Users\Reza\AppData\Local\Temp\ccPKC4bg.s 			page 7


 225 0036 06B0     		add	sp, sp, #24
 226              		.cfi_def_cfa_offset 8
 227              		@ sp needed
 228 0038 10BD     		pop	{r4, pc}
 229              	.L16:
 230 003a 00BF     		.align	2
 231              	.L15:
 232 003c 68000000 		.word	.LC5
 233 0040 20000000 		.word	.LC1
 234 0044 80000000 		.word	.LC6
 235              		.cfi_endproc
 236              	.LFE113:
 237              		.size	UART_Show_Average_Time, .-UART_Show_Average_Time
 238              		.section	.text.UART_Show_Round_Time,"ax",%progbits
 239              		.align	2
 240              		.global	UART_Show_Round_Time
 241              		.thumb
 242              		.thumb_func
 243              		.type	UART_Show_Round_Time, %function
 244              	UART_Show_Round_Time:
 245              	.LFB114:
 119:source\bsw/uart.c **** 
 120:source\bsw/uart.c **** /**
 121:source\bsw/uart.c ****  * Sends and diplays each round time after valid button pressed on the console.
 122:source\bsw/uart.c ****  * @param uint8 roundtime current round time value.
 123:source\bsw/uart.c ****  * @return RC_SUCCESS if function was executed as exepected, other error code in case of error
 124:source\bsw/uart.c ****  */
 125:source\bsw/uart.c **** RC_t UART_Show_Round_Time(uint32 roundtime)
 126:source\bsw/uart.c **** {
 246              		.loc 1 126 0
 247              		.cfi_startproc
 248              		@ args = 0, pretend = 0, frame = 24
 249              		@ frame_needed = 0, uses_anonymous_args = 0
 250              	.LVL23:
 251 0000 10B5     		push	{r4, lr}
 252              		.cfi_def_cfa_offset 8
 253              		.cfi_offset 4, -8
 254              		.cfi_offset 14, -4
 255 0002 86B0     		sub	sp, sp, #24
 256              		.cfi_def_cfa_offset 32
 257              	.LVL24:
 127:source\bsw/uart.c ****     uint32 time=roundtime;
 128:source\bsw/uart.c ****         char arr[20] ="" ;
 258              		.loc 1 128 0
 259 0004 0024     		movs	r4, #0
 260 0006 0194     		str	r4, [sp, #4]
 261 0008 0294     		str	r4, [sp, #8]
 262 000a 0394     		str	r4, [sp, #12]
 263 000c 0494     		str	r4, [sp, #16]
 264 000e 0594     		str	r4, [sp, #20]
 129:source\bsw/uart.c ****         itoa(time,arr,10);
 265              		.loc 1 129 0
 266 0010 0A22     		movs	r2, #10
 267 0012 01A9     		add	r1, sp, #4
 268 0014 FFF7FEFF 		bl	itoa
 269              	.LVL25:
 130:source\bsw/uart.c ****         UART_LOG_Start();
ARM GAS  C:\Users\Reza\AppData\Local\Temp\ccPKC4bg.s 			page 8


 270              		.loc 1 130 0
 271 0018 FFF7FEFF 		bl	UART_LOG_Start
 272              	.LVL26:
 131:source\bsw/uart.c ****         UART_LOG_PutStringConst(" Reaction time in ms: ");
 273              		.loc 1 131 0
 274 001c 0748     		ldr	r0, .L19
 275 001e FFF7FEFF 		bl	UART_LOG_PutString
 276              	.LVL27:
 132:source\bsw/uart.c ****         UART_LOG_PutString(arr);
 277              		.loc 1 132 0
 278 0022 01A8     		add	r0, sp, #4
 279 0024 FFF7FEFF 		bl	UART_LOG_PutString
 280              	.LVL28:
 133:source\bsw/uart.c ****         UART_LOG_PutStringConst("\n \n");
 281              		.loc 1 133 0
 282 0028 0548     		ldr	r0, .L19+4
 283 002a FFF7FEFF 		bl	UART_LOG_PutString
 284              	.LVL29:
 134:source\bsw/uart.c ****         UART_LOG_PutStringConst(" ======================================================= \n");
 285              		.loc 1 134 0
 286 002e 0548     		ldr	r0, .L19+8
 287 0030 FFF7FEFF 		bl	UART_LOG_PutString
 288              	.LVL30:
 135:source\bsw/uart.c ****         return RC_SUCCESS;
 136:source\bsw/uart.c **** }
 289              		.loc 1 136 0
 290 0034 2046     		mov	r0, r4
 291 0036 06B0     		add	sp, sp, #24
 292              		.cfi_def_cfa_offset 8
 293              		@ sp needed
 294 0038 10BD     		pop	{r4, pc}
 295              	.L20:
 296 003a 00BF     		.align	2
 297              	.L19:
 298 003c BC000000 		.word	.LC7
 299 0040 D4000000 		.word	.LC8
 300 0044 D8000000 		.word	.LC9
 301              		.cfi_endproc
 302              	.LFE114:
 303              		.size	UART_Show_Round_Time, .-UART_Show_Round_Time
 304              		.section	.text.UART_Show_Invalid_Button_Pressed,"ax",%progbits
 305              		.align	2
 306              		.global	UART_Show_Invalid_Button_Pressed
 307              		.thumb
 308              		.thumb_func
 309              		.type	UART_Show_Invalid_Button_Pressed, %function
 310              	UART_Show_Invalid_Button_Pressed:
 311              	.LFB115:
 137:source\bsw/uart.c **** 
 138:source\bsw/uart.c **** /**
 139:source\bsw/uart.c ****  * Sends and diplays the invalid buttom pressed message on the console.
 140:source\bsw/uart.c ****  * @return RC_SUCCESS if function was executed as exepected, other error code in case of error
 141:source\bsw/uart.c ****  */
 142:source\bsw/uart.c **** RC_t UART_Show_Invalid_Button_Pressed()
 143:source\bsw/uart.c **** {
 312              		.loc 1 143 0
 313              		.cfi_startproc
ARM GAS  C:\Users\Reza\AppData\Local\Temp\ccPKC4bg.s 			page 9


 314              		@ args = 0, pretend = 0, frame = 0
 315              		@ frame_needed = 0, uses_anonymous_args = 0
 316 0000 08B5     		push	{r3, lr}
 317              		.cfi_def_cfa_offset 8
 318              		.cfi_offset 3, -8
 319              		.cfi_offset 14, -4
 144:source\bsw/uart.c ****     UART_LOG_Start();
 320              		.loc 1 144 0
 321 0002 FFF7FEFF 		bl	UART_LOG_Start
 322              	.LVL31:
 145:source\bsw/uart.c ****     UART_LOG_PutStringConst(" Oops - incorrect button pressed \n");
 323              		.loc 1 145 0
 324 0006 0548     		ldr	r0, .L23
 325 0008 FFF7FEFF 		bl	UART_LOG_PutString
 326              	.LVL32:
 146:source\bsw/uart.c ****     UART_LOG_PutStringConst(" \n");
 327              		.loc 1 146 0
 328 000c 0448     		ldr	r0, .L23+4
 329 000e FFF7FEFF 		bl	UART_LOG_PutString
 330              	.LVL33:
 147:source\bsw/uart.c ****     UART_LOG_PutStringConst(" ======================================================= \n");
 331              		.loc 1 147 0
 332 0012 0448     		ldr	r0, .L23+8
 333 0014 FFF7FEFF 		bl	UART_LOG_PutString
 334              	.LVL34:
 148:source\bsw/uart.c ****     return RC_SUCCESS;
 149:source\bsw/uart.c **** }
 335              		.loc 1 149 0
 336 0018 0020     		movs	r0, #0
 337 001a 08BD     		pop	{r3, pc}
 338              	.L24:
 339              		.align	2
 340              	.L23:
 341 001c 14010000 		.word	.LC10
 342 0020 38010000 		.word	.LC11
 343 0024 D8000000 		.word	.LC9
 344              		.cfi_endproc
 345              	.LFE115:
 346              		.size	UART_Show_Invalid_Button_Pressed, .-UART_Show_Invalid_Button_Pressed
 347              		.section	.text.UART_Show_Valid_Button_Pressed,"ax",%progbits
 348              		.align	2
 349              		.global	UART_Show_Valid_Button_Pressed
 350              		.thumb
 351              		.thumb_func
 352              		.type	UART_Show_Valid_Button_Pressed, %function
 353              	UART_Show_Valid_Button_Pressed:
 354              	.LFB116:
 150:source\bsw/uart.c **** 
 151:source\bsw/uart.c **** /**
 152:source\bsw/uart.c ****  * Sends and diplays the valid buttom pressed message on the console.
 153:source\bsw/uart.c ****  * @return RC_SUCCESS if function was executed as exepected, other error code in case of error
 154:source\bsw/uart.c ****  */
 155:source\bsw/uart.c **** RC_t UART_Show_Valid_Button_Pressed()
 156:source\bsw/uart.c **** {
 355              		.loc 1 156 0
 356              		.cfi_startproc
 357              		@ args = 0, pretend = 0, frame = 0
ARM GAS  C:\Users\Reza\AppData\Local\Temp\ccPKC4bg.s 			page 10


 358              		@ frame_needed = 0, uses_anonymous_args = 0
 359 0000 08B5     		push	{r3, lr}
 360              		.cfi_def_cfa_offset 8
 361              		.cfi_offset 3, -8
 362              		.cfi_offset 14, -4
 157:source\bsw/uart.c ****     UART_LOG_Start();
 363              		.loc 1 157 0
 364 0002 FFF7FEFF 		bl	UART_LOG_Start
 365              	.LVL35:
 158:source\bsw/uart.c ****     UART_LOG_PutStringConst(" Great - correct button pressed \n");
 366              		.loc 1 158 0
 367 0006 0248     		ldr	r0, .L27
 368 0008 FFF7FEFF 		bl	UART_LOG_PutString
 369              	.LVL36:
 159:source\bsw/uart.c ****     return RC_SUCCESS;
 160:source\bsw/uart.c **** }
 370              		.loc 1 160 0
 371 000c 0020     		movs	r0, #0
 372 000e 08BD     		pop	{r3, pc}
 373              	.L28:
 374              		.align	2
 375              	.L27:
 376 0010 3C010000 		.word	.LC12
 377              		.cfi_endproc
 378              	.LFE116:
 379              		.size	UART_Show_Valid_Button_Pressed, .-UART_Show_Valid_Button_Pressed
 380              		.section	.text.UART_Show_TooSlow_Message,"ax",%progbits
 381              		.align	2
 382              		.global	UART_Show_TooSlow_Message
 383              		.thumb
 384              		.thumb_func
 385              		.type	UART_Show_TooSlow_Message, %function
 386              	UART_Show_TooSlow_Message:
 387              	.LFB117:
 161:source\bsw/uart.c **** 
 162:source\bsw/uart.c **** /**
 163:source\bsw/uart.c ****  * Sends and diplays the too slow message on the console.
 164:source\bsw/uart.c ****  * @return RC_SUCCESS if function was executed as exepected, other error code in case of error
 165:source\bsw/uart.c ****  */
 166:source\bsw/uart.c **** RC_t UART_Show_TooSlow_Message()
 167:source\bsw/uart.c **** {
 388              		.loc 1 167 0
 389              		.cfi_startproc
 390              		@ args = 0, pretend = 0, frame = 0
 391              		@ frame_needed = 0, uses_anonymous_args = 0
 392 0000 08B5     		push	{r3, lr}
 393              		.cfi_def_cfa_offset 8
 394              		.cfi_offset 3, -8
 395              		.cfi_offset 14, -4
 168:source\bsw/uart.c ****     UART_LOG_Start();
 396              		.loc 1 168 0
 397 0002 FFF7FEFF 		bl	UART_LOG_Start
 398              	.LVL37:
 169:source\bsw/uart.c ****     UART_LOG_PutStringConst(" Too Slow| \n");
 399              		.loc 1 169 0
 400 0006 0548     		ldr	r0, .L31
 401 0008 FFF7FEFF 		bl	UART_LOG_PutString
ARM GAS  C:\Users\Reza\AppData\Local\Temp\ccPKC4bg.s 			page 11


 402              	.LVL38:
 170:source\bsw/uart.c ****     UART_LOG_PutStringConst(" \n");
 403              		.loc 1 170 0
 404 000c 0448     		ldr	r0, .L31+4
 405 000e FFF7FEFF 		bl	UART_LOG_PutString
 406              	.LVL39:
 171:source\bsw/uart.c ****     UART_LOG_PutStringConst(" ======================================================= \n");
 407              		.loc 1 171 0
 408 0012 0448     		ldr	r0, .L31+8
 409 0014 FFF7FEFF 		bl	UART_LOG_PutString
 410              	.LVL40:
 172:source\bsw/uart.c ****     return RC_SUCCESS;
 173:source\bsw/uart.c **** }
 411              		.loc 1 173 0
 412 0018 0020     		movs	r0, #0
 413 001a 08BD     		pop	{r3, pc}
 414              	.L32:
 415              		.align	2
 416              	.L31:
 417 001c 60010000 		.word	.LC13
 418 0020 38010000 		.word	.LC11
 419 0024 D8000000 		.word	.LC9
 420              		.cfi_endproc
 421              	.LFE117:
 422              		.size	UART_Show_TooSlow_Message, .-UART_Show_TooSlow_Message
 423              		.section	.rodata
 424              		.align	2
 425              		.set	.LANCHOR0,. + 0
 426              	.LC3:
 427 0000 00       		.ascii	"\000"
 428 0001 0000     		.space	2
 429              		.section	.rodata.str1.4,"aMS",%progbits,1
 430              		.align	2
 431              	.LC0:
 432 0000 20526561 		.ascii	" Reaction test program round \000"
 432      6374696F 
 432      6E207465 
 432      73742070 
 432      726F6772 
 433 001e 0000     		.space	2
 434              	.LC1:
 435 0020 0A00     		.ascii	"\012\000"
 436 0022 0000     		.space	2
 437              	.LC2:
 438 0024 20707265 		.ascii	" press one of the two buttons to start... \012 \012"
 438      7373206F 
 438      6E65206F 
 438      66207468 
 438      65207477 
 439 0051 00       		.ascii	"\000"
 440 0052 0000     		.space	2
 441              	.LC4:
 442 0054 2046696E 		.ascii	" Final Score is: \000"
 442      616C2053 
 442      636F7265 
 442      2069733A 
 442      2000
ARM GAS  C:\Users\Reza\AppData\Local\Temp\ccPKC4bg.s 			page 12


 443 0066 0000     		.space	2
 444              	.LC5:
 445 0068 20417665 		.ascii	" Average time in ms: \000"
 445      72616765 
 445      2074696D 
 445      6520696E 
 445      206D733A 
 446 007e 0000     		.space	2
 447              	.LC6:
 448 0080 202A2A2A 		.ascii	" **************************************************"
 448      2A2A2A2A 
 448      2A2A2A2A 
 448      2A2A2A2A 
 448      2A2A2A2A 
 449 00b3 2A2A2A2A 		.ascii	"**** \012\000"
 449      200A00
 450 00ba 0000     		.space	2
 451              	.LC7:
 452 00bc 20526561 		.ascii	" Reaction time in ms: \000"
 452      6374696F 
 452      6E207469 
 452      6D652069 
 452      6E206D73 
 453 00d3 00       		.space	1
 454              	.LC8:
 455 00d4 0A200A00 		.ascii	"\012 \012\000"
 456              	.LC9:
 457 00d8 203D3D3D 		.ascii	" =================================================="
 457      3D3D3D3D 
 457      3D3D3D3D 
 457      3D3D3D3D 
 457      3D3D3D3D 
 458 010b 3D3D3D3D 		.ascii	"===== \012\000"
 458      3D200A00 
 459 0113 00       		.space	1
 460              	.LC10:
 461 0114 204F6F70 		.ascii	" Oops - incorrect button pressed \012\000"
 461      73202D20 
 461      696E636F 
 461      72726563 
 461      74206275 
 462 0137 00       		.space	1
 463              	.LC11:
 464 0138 200A00   		.ascii	" \012\000"
 465 013b 00       		.space	1
 466              	.LC12:
 467 013c 20477265 		.ascii	" Great - correct button pressed \012\000"
 467      6174202D 
 467      20636F72 
 467      72656374 
 467      20627574 
 468 015e 0000     		.space	2
 469              	.LC13:
 470 0160 20546F6F 		.ascii	" Too Slow| \012\000"
 470      20536C6F 
 470      777C200A 
 470      00
ARM GAS  C:\Users\Reza\AppData\Local\Temp\ccPKC4bg.s 			page 13


 471              		.text
 472              	.Letext0:
 473              		.file 2 "c:\\program files (x86)\\cypress\\psoc creator\\4.4\\psoc creator\\import\\gnu\\arm\\5.4.
 474              		.file 3 "c:\\program files (x86)\\cypress\\psoc creator\\4.4\\psoc creator\\import\\gnu\\arm\\5.4.
 475              		.file 4 "Generated_Source\\PSoC5/cytypes.h"
 476              		.file 5 "Generated_Source\\PSoC5/ErikaOS_1_common_ee_types.inc"
 477              		.file 6 "Generated_Source\\PSoC5/ErikaOS_1_cortex_mx_ee_cpu.inc"
 478              		.file 7 "source\\bsw\\global.h"
 479              		.file 8 "Generated_Source\\PSoC5/ErikaOS_1_ee_oo_intfunc.inc"
 480              		.file 9 "Generated_Source\\PSoC5/ErikaOS_1_cortex_mx_ee_context.inc"
 481              		.file 10 "Generated_Source\\PSoC5/ErikaOS_1_common_ee_primitives.inc"
 482              		.file 11 "Generated_Source\\PSoC5/core_cm3.h"
 483              		.file 12 "c:\\program files (x86)\\cypress\\psoc creator\\4.4\\psoc creator\\import\\gnu\\arm\\5.4
 484              		.file 13 "Generated_Source\\PSoC5/UART_LOG.h"
 485              		.section	.debug_info,"",%progbits
 486              	.Ldebug_info0:
 487 0000 34060000 		.4byte	0x634
 488 0004 0400     		.2byte	0x4
 489 0006 00000000 		.4byte	.Ldebug_abbrev0
 490 000a 04       		.byte	0x4
 491 000b 01       		.uleb128 0x1
 492 000c FB020000 		.4byte	.LASF72
 493 0010 0C       		.byte	0xc
 494 0011 D1030000 		.4byte	.LASF73
 495 0015 04010000 		.4byte	.LASF74
 496 0019 00000000 		.4byte	.Ldebug_ranges0+0
 497 001d 00000000 		.4byte	0
 498 0021 00000000 		.4byte	.Ldebug_line0
 499 0025 02       		.uleb128 0x2
 500 0026 01       		.byte	0x1
 501 0027 06       		.byte	0x6
 502 0028 82020000 		.4byte	.LASF0
 503 002c 02       		.uleb128 0x2
 504 002d 01       		.byte	0x1
 505 002e 08       		.byte	0x8
 506 002f 6E020000 		.4byte	.LASF1
 507 0033 02       		.uleb128 0x2
 508 0034 02       		.byte	0x2
 509 0035 05       		.byte	0x5
 510 0036 90000000 		.4byte	.LASF2
 511 003a 02       		.uleb128 0x2
 512 003b 02       		.byte	0x2
 513 003c 07       		.byte	0x7
 514 003d AB030000 		.4byte	.LASF3
 515 0041 03       		.uleb128 0x3
 516 0042 5F040000 		.4byte	.LASF9
 517 0046 02       		.byte	0x2
 518 0047 3F       		.byte	0x3f
 519 0048 4C000000 		.4byte	0x4c
 520 004c 02       		.uleb128 0x2
 521 004d 04       		.byte	0x4
 522 004e 05       		.byte	0x5
 523 004f FE010000 		.4byte	.LASF4
 524 0053 02       		.uleb128 0x2
 525 0054 04       		.byte	0x4
 526 0055 07       		.byte	0x7
 527 0056 FD030000 		.4byte	.LASF5
ARM GAS  C:\Users\Reza\AppData\Local\Temp\ccPKC4bg.s 			page 14


 528 005a 02       		.uleb128 0x2
 529 005b 08       		.byte	0x8
 530 005c 05       		.byte	0x5
 531 005d B3010000 		.4byte	.LASF6
 532 0061 02       		.uleb128 0x2
 533 0062 08       		.byte	0x8
 534 0063 07       		.byte	0x7
 535 0064 94020000 		.4byte	.LASF7
 536 0068 04       		.uleb128 0x4
 537 0069 04       		.byte	0x4
 538 006a 05       		.byte	0x5
 539 006b 696E7400 		.ascii	"int\000"
 540 006f 02       		.uleb128 0x2
 541 0070 04       		.byte	0x4
 542 0071 07       		.byte	0x7
 543 0072 AB020000 		.4byte	.LASF8
 544 0076 03       		.uleb128 0x3
 545 0077 A3030000 		.4byte	.LASF10
 546 007b 03       		.byte	0x3
 547 007c 2C       		.byte	0x2c
 548 007d 41000000 		.4byte	0x41
 549 0081 05       		.uleb128 0x5
 550 0082 4F010000 		.4byte	.LASF11
 551 0086 04       		.byte	0x4
 552 0087 E401     		.2byte	0x1e4
 553 0089 2C000000 		.4byte	0x2c
 554 008d 05       		.uleb128 0x5
 555 008e E3030000 		.4byte	.LASF12
 556 0092 04       		.byte	0x4
 557 0093 E601     		.2byte	0x1e6
 558 0095 53000000 		.4byte	0x53
 559 0099 02       		.uleb128 0x2
 560 009a 04       		.byte	0x4
 561 009b 04       		.byte	0x4
 562 009c AD010000 		.4byte	.LASF13
 563 00a0 02       		.uleb128 0x2
 564 00a1 08       		.byte	0x8
 565 00a2 04       		.byte	0x4
 566 00a3 0F040000 		.4byte	.LASF14
 567 00a7 02       		.uleb128 0x2
 568 00a8 01       		.byte	0x1
 569 00a9 08       		.byte	0x8
 570 00aa 89030000 		.4byte	.LASF15
 571 00ae 02       		.uleb128 0x2
 572 00af 08       		.byte	0x8
 573 00b0 04       		.byte	0x4
 574 00b1 5D020000 		.4byte	.LASF16
 575 00b5 02       		.uleb128 0x2
 576 00b6 04       		.byte	0x4
 577 00b7 07       		.byte	0x7
 578 00b8 C0000000 		.4byte	.LASF17
 579 00bc 03       		.uleb128 0x3
 580 00bd 8B010000 		.4byte	.LASF18
 581 00c1 05       		.byte	0x5
 582 00c2 53       		.byte	0x53
 583 00c3 68000000 		.4byte	0x68
 584 00c7 03       		.uleb128 0x3
ARM GAS  C:\Users\Reza\AppData\Local\Temp\ccPKC4bg.s 			page 15


 585 00c8 F3000000 		.4byte	.LASF19
 586 00cc 05       		.byte	0x5
 587 00cd 54       		.byte	0x54
 588 00ce 6F000000 		.4byte	0x6f
 589 00d2 03       		.uleb128 0x3
 590 00d3 42040000 		.4byte	.LASF20
 591 00d7 06       		.byte	0x6
 592 00d8 4D       		.byte	0x4d
 593 00d9 C7000000 		.4byte	0xc7
 594 00dd 03       		.uleb128 0x3
 595 00de D7000000 		.4byte	.LASF21
 596 00e2 06       		.byte	0x6
 597 00e3 4F       		.byte	0x4f
 598 00e4 C7000000 		.4byte	0xc7
 599 00e8 03       		.uleb128 0x3
 600 00e9 FD000000 		.4byte	.LASF22
 601 00ed 06       		.byte	0x6
 602 00ee 78       		.byte	0x78
 603 00ef BC000000 		.4byte	0xbc
 604 00f3 06       		.uleb128 0x6
 605 00f4 65524300 		.ascii	"eRC\000"
 606 00f8 01       		.byte	0x1
 607 00f9 25000000 		.4byte	0x25
 608 00fd 07       		.byte	0x7
 609 00fe AC       		.byte	0xac
 610 00ff 9A010000 		.4byte	0x19a
 611 0103 07       		.uleb128 0x7
 612 0104 5A000000 		.4byte	.LASF23
 613 0108 00       		.byte	0
 614 0109 08       		.uleb128 0x8
 615 010a A9040000 		.4byte	.LASF24
 616 010e 7F       		.sleb128 -1
 617 010f 08       		.uleb128 0x8
 618 0110 D0020000 		.4byte	.LASF25
 619 0114 7E       		.sleb128 -2
 620 0115 08       		.uleb128 0x8
 621 0116 C9000000 		.4byte	.LASF26
 622 011a 7D       		.sleb128 -3
 623 011b 08       		.uleb128 0x8
 624 011c B2040000 		.4byte	.LASF27
 625 0120 7C       		.sleb128 -4
 626 0121 08       		.uleb128 0x8
 627 0122 9E010000 		.4byte	.LASF28
 628 0126 7B       		.sleb128 -5
 629 0127 08       		.uleb128 0x8
 630 0128 9A000000 		.4byte	.LASF29
 631 012c 7A       		.sleb128 -6
 632 012d 08       		.uleb128 0x8
 633 012e 07020000 		.4byte	.LASF30
 634 0132 79       		.sleb128 -7
 635 0133 08       		.uleb128 0x8
 636 0134 8E030000 		.4byte	.LASF31
 637 0138 78       		.sleb128 -8
 638 0139 08       		.uleb128 0x8
 639 013a EA040000 		.4byte	.LASF32
 640 013e 77       		.sleb128 -9
 641 013f 08       		.uleb128 0x8
ARM GAS  C:\Users\Reza\AppData\Local\Temp\ccPKC4bg.s 			page 16


 642 0140 19020000 		.4byte	.LASF33
 643 0144 76       		.sleb128 -10
 644 0145 08       		.uleb128 0x8
 645 0146 05050000 		.4byte	.LASF34
 646 014a 75       		.sleb128 -11
 647 014b 08       		.uleb128 0x8
 648 014c B8020000 		.4byte	.LASF35
 649 0150 74       		.sleb128 -12
 650 0151 08       		.uleb128 0x8
 651 0152 30040000 		.4byte	.LASF36
 652 0156 73       		.sleb128 -13
 653 0157 08       		.uleb128 0x8
 654 0158 47000000 		.4byte	.LASF37
 655 015c 72       		.sleb128 -14
 656 015d 08       		.uleb128 0x8
 657 015e 7C000000 		.4byte	.LASF38
 658 0162 71       		.sleb128 -15
 659 0163 08       		.uleb128 0x8
 660 0164 27020000 		.4byte	.LASF39
 661 0168 70       		.sleb128 -16
 662 0169 08       		.uleb128 0x8
 663 016a DF000000 		.4byte	.LASF40
 664 016e 6F       		.sleb128 -17
 665 016f 08       		.uleb128 0x8
 666 0170 AB000000 		.4byte	.LASF41
 667 0174 6E       		.sleb128 -18
 668 0175 08       		.uleb128 0x8
 669 0176 DA010000 		.4byte	.LASF42
 670 017a 6D       		.sleb128 -19
 671 017b 08       		.uleb128 0x8
 672 017c BE030000 		.4byte	.LASF43
 673 0180 6C       		.sleb128 -20
 674 0181 08       		.uleb128 0x8
 675 0182 38020000 		.4byte	.LASF44
 676 0186 6B       		.sleb128 -21
 677 0187 08       		.uleb128 0x8
 678 0188 8A040000 		.4byte	.LASF45
 679 018c 6A       		.sleb128 -22
 680 018d 08       		.uleb128 0x8
 681 018e 38010000 		.4byte	.LASF46
 682 0192 69       		.sleb128 -23
 683 0193 08       		.uleb128 0x8
 684 0194 ED010000 		.4byte	.LASF47
 685 0198 68       		.sleb128 -24
 686 0199 00       		.byte	0
 687 019a 03       		.uleb128 0x3
 688 019b 00050000 		.4byte	.LASF48
 689 019f 07       		.byte	0x7
 690 01a0 C8       		.byte	0xc8
 691 01a1 F3000000 		.4byte	0xf3
 692 01a5 09       		.uleb128 0x9
 693 01a6 DE020000 		.4byte	.LASF49
 694 01aa 01       		.byte	0x1
 695 01ab 3F       		.byte	0x3f
 696 01ac 9A010000 		.4byte	0x19a
 697 01b0 00000000 		.4byte	.LFB110
 698 01b4 38000000 		.4byte	.LFE110-.LFB110
ARM GAS  C:\Users\Reza\AppData\Local\Temp\ccPKC4bg.s 			page 17


 699 01b8 01       		.uleb128 0x1
 700 01b9 9C       		.byte	0x9c
 701 01ba 3C020000 		.4byte	0x23c
 702 01be 0A       		.uleb128 0xa
 703 01bf 7C020000 		.4byte	.LASF51
 704 01c3 01       		.byte	0x1
 705 01c4 3F       		.byte	0x3f
 706 01c5 81000000 		.4byte	0x81
 707 01c9 00000000 		.4byte	.LLST0
 708 01cd 0B       		.uleb128 0xb
 709 01ce 61727200 		.ascii	"arr\000"
 710 01d2 01       		.byte	0x1
 711 01d3 41       		.byte	0x41
 712 01d4 3C020000 		.4byte	0x23c
 713 01d8 02       		.uleb128 0x2
 714 01d9 91       		.byte	0x91
 715 01da 6C       		.sleb128 -20
 716 01db 0C       		.uleb128 0xc
 717 01dc 14000000 		.4byte	.LVL1
 718 01e0 16060000 		.4byte	0x616
 719 01e4 F4010000 		.4byte	0x1f4
 720 01e8 0D       		.uleb128 0xd
 721 01e9 01       		.uleb128 0x1
 722 01ea 51       		.byte	0x51
 723 01eb 02       		.uleb128 0x2
 724 01ec 74       		.byte	0x74
 725 01ed 00       		.sleb128 0
 726 01ee 0D       		.uleb128 0xd
 727 01ef 01       		.uleb128 0x1
 728 01f0 52       		.byte	0x52
 729 01f1 01       		.uleb128 0x1
 730 01f2 3A       		.byte	0x3a
 731 01f3 00       		.byte	0
 732 01f4 0E       		.uleb128 0xe
 733 01f5 18000000 		.4byte	.LVL2
 734 01f9 21060000 		.4byte	0x621
 735 01fd 0C       		.uleb128 0xc
 736 01fe 1E000000 		.4byte	.LVL3
 737 0202 2C060000 		.4byte	0x62c
 738 0206 14020000 		.4byte	0x214
 739 020a 0D       		.uleb128 0xd
 740 020b 01       		.uleb128 0x1
 741 020c 50       		.byte	0x50
 742 020d 05       		.uleb128 0x5
 743 020e 03       		.byte	0x3
 744 020f 00000000 		.4byte	.LC0
 745 0213 00       		.byte	0
 746 0214 0C       		.uleb128 0xc
 747 0215 24000000 		.4byte	.LVL4
 748 0219 2C060000 		.4byte	0x62c
 749 021d 28020000 		.4byte	0x228
 750 0221 0D       		.uleb128 0xd
 751 0222 01       		.uleb128 0x1
 752 0223 50       		.byte	0x50
 753 0224 02       		.uleb128 0x2
 754 0225 74       		.byte	0x74
 755 0226 00       		.sleb128 0
ARM GAS  C:\Users\Reza\AppData\Local\Temp\ccPKC4bg.s 			page 18


 756 0227 00       		.byte	0
 757 0228 0F       		.uleb128 0xf
 758 0229 2A000000 		.4byte	.LVL5
 759 022d 2C060000 		.4byte	0x62c
 760 0231 0D       		.uleb128 0xd
 761 0232 01       		.uleb128 0x1
 762 0233 50       		.byte	0x50
 763 0234 05       		.uleb128 0x5
 764 0235 03       		.byte	0x3
 765 0236 20000000 		.4byte	.LC1
 766 023a 00       		.byte	0
 767 023b 00       		.byte	0
 768 023c 10       		.uleb128 0x10
 769 023d A7000000 		.4byte	0xa7
 770 0241 4C020000 		.4byte	0x24c
 771 0245 11       		.uleb128 0x11
 772 0246 B5000000 		.4byte	0xb5
 773 024a 01       		.byte	0x1
 774 024b 00       		.byte	0
 775 024c 12       		.uleb128 0x12
 776 024d 69040000 		.4byte	.LASF59
 777 0251 01       		.byte	0x1
 778 0252 4E       		.byte	0x4e
 779 0253 9A010000 		.4byte	0x19a
 780 0257 00000000 		.4byte	.LFB111
 781 025b 14000000 		.4byte	.LFE111-.LFB111
 782 025f 01       		.uleb128 0x1
 783 0260 9C       		.byte	0x9c
 784 0261 82020000 		.4byte	0x282
 785 0265 0E       		.uleb128 0xe
 786 0266 06000000 		.4byte	.LVL6
 787 026a 21060000 		.4byte	0x621
 788 026e 0F       		.uleb128 0xf
 789 026f 0C000000 		.4byte	.LVL7
 790 0273 2C060000 		.4byte	0x62c
 791 0277 0D       		.uleb128 0xd
 792 0278 01       		.uleb128 0x1
 793 0279 50       		.byte	0x50
 794 027a 05       		.uleb128 0x5
 795 027b 03       		.byte	0x3
 796 027c 24000000 		.4byte	.LC2
 797 0280 00       		.byte	0
 798 0281 00       		.byte	0
 799 0282 09       		.uleb128 0x9
 800 0283 DA040000 		.4byte	.LASF50
 801 0287 01       		.byte	0x1
 802 0288 5A       		.byte	0x5a
 803 0289 9A010000 		.4byte	0x19a
 804 028d 00000000 		.4byte	.LFB112
 805 0291 44000000 		.4byte	.LFE112-.LFB112
 806 0295 01       		.uleb128 0x1
 807 0296 9C       		.byte	0x9c
 808 0297 28030000 		.4byte	0x328
 809 029b 0A       		.uleb128 0xa
 810 029c 8E020000 		.4byte	.LASF52
 811 02a0 01       		.byte	0x1
 812 02a1 5A       		.byte	0x5a
ARM GAS  C:\Users\Reza\AppData\Local\Temp\ccPKC4bg.s 			page 19


 813 02a2 81000000 		.4byte	0x81
 814 02a6 21000000 		.4byte	.LLST1
 815 02aa 13       		.uleb128 0x13
 816 02ab 94010000 		.4byte	.LASF53
 817 02af 01       		.byte	0x1
 818 02b0 5C       		.byte	0x5c
 819 02b1 81000000 		.4byte	0x81
 820 02b5 42000000 		.4byte	.LLST2
 821 02b9 0B       		.uleb128 0xb
 822 02ba 61727200 		.ascii	"arr\000"
 823 02be 01       		.byte	0x1
 824 02bf 5D       		.byte	0x5d
 825 02c0 28030000 		.4byte	0x328
 826 02c4 02       		.uleb128 0x2
 827 02c5 91       		.byte	0x91
 828 02c6 74       		.sleb128 -12
 829 02c7 0C       		.uleb128 0xc
 830 02c8 1A000000 		.4byte	.LVL10
 831 02cc 16060000 		.4byte	0x616
 832 02d0 E0020000 		.4byte	0x2e0
 833 02d4 0D       		.uleb128 0xd
 834 02d5 01       		.uleb128 0x1
 835 02d6 51       		.byte	0x51
 836 02d7 02       		.uleb128 0x2
 837 02d8 91       		.byte	0x91
 838 02d9 74       		.sleb128 -12
 839 02da 0D       		.uleb128 0xd
 840 02db 01       		.uleb128 0x1
 841 02dc 52       		.byte	0x52
 842 02dd 01       		.uleb128 0x1
 843 02de 3A       		.byte	0x3a
 844 02df 00       		.byte	0
 845 02e0 0E       		.uleb128 0xe
 846 02e1 1E000000 		.4byte	.LVL11
 847 02e5 21060000 		.4byte	0x621
 848 02e9 0C       		.uleb128 0xc
 849 02ea 24000000 		.4byte	.LVL12
 850 02ee 2C060000 		.4byte	0x62c
 851 02f2 00030000 		.4byte	0x300
 852 02f6 0D       		.uleb128 0xd
 853 02f7 01       		.uleb128 0x1
 854 02f8 50       		.byte	0x50
 855 02f9 05       		.uleb128 0x5
 856 02fa 03       		.byte	0x3
 857 02fb 54000000 		.4byte	.LC4
 858 02ff 00       		.byte	0
 859 0300 0C       		.uleb128 0xc
 860 0301 2A000000 		.4byte	.LVL13
 861 0305 2C060000 		.4byte	0x62c
 862 0309 14030000 		.4byte	0x314
 863 030d 0D       		.uleb128 0xd
 864 030e 01       		.uleb128 0x1
 865 030f 50       		.byte	0x50
 866 0310 02       		.uleb128 0x2
 867 0311 91       		.byte	0x91
 868 0312 74       		.sleb128 -12
 869 0313 00       		.byte	0
ARM GAS  C:\Users\Reza\AppData\Local\Temp\ccPKC4bg.s 			page 20


 870 0314 0F       		.uleb128 0xf
 871 0315 30000000 		.4byte	.LVL14
 872 0319 2C060000 		.4byte	0x62c
 873 031d 0D       		.uleb128 0xd
 874 031e 01       		.uleb128 0x1
 875 031f 50       		.byte	0x50
 876 0320 05       		.uleb128 0x5
 877 0321 03       		.byte	0x3
 878 0322 20000000 		.4byte	.LC1
 879 0326 00       		.byte	0
 880 0327 00       		.byte	0
 881 0328 10       		.uleb128 0x10
 882 0329 A7000000 		.4byte	0xa7
 883 032d 38030000 		.4byte	0x338
 884 0331 11       		.uleb128 0x11
 885 0332 B5000000 		.4byte	0xb5
 886 0336 02       		.byte	0x2
 887 0337 00       		.byte	0
 888 0338 09       		.uleb128 0x9
 889 0339 65000000 		.4byte	.LASF54
 890 033d 01       		.byte	0x1
 891 033e 6B       		.byte	0x6b
 892 033f 9A010000 		.4byte	0x19a
 893 0343 00000000 		.4byte	.LFB113
 894 0347 48000000 		.4byte	.LFE113-.LFB113
 895 034b 01       		.uleb128 0x1
 896 034c 9C       		.byte	0x9c
 897 034d FC030000 		.4byte	0x3fc
 898 0351 0A       		.uleb128 0xa
 899 0352 82040000 		.4byte	.LASF55
 900 0356 01       		.byte	0x1
 901 0357 6B       		.byte	0x6b
 902 0358 8D000000 		.4byte	0x8d
 903 035c 55000000 		.4byte	.LLST3
 904 0360 13       		.uleb128 0x13
 905 0361 F6020000 		.4byte	.LASF56
 906 0365 01       		.byte	0x1
 907 0366 6D       		.byte	0x6d
 908 0367 8D000000 		.4byte	0x8d
 909 036b 76000000 		.4byte	.LLST4
 910 036f 0B       		.uleb128 0xb
 911 0370 61727200 		.ascii	"arr\000"
 912 0374 01       		.byte	0x1
 913 0375 6E       		.byte	0x6e
 914 0376 FC030000 		.4byte	0x3fc
 915 037a 02       		.uleb128 0x2
 916 037b 91       		.byte	0x91
 917 037c 64       		.sleb128 -28
 918 037d 0C       		.uleb128 0xc
 919 037e 18000000 		.4byte	.LVL17
 920 0382 16060000 		.4byte	0x616
 921 0386 9D030000 		.4byte	0x39d
 922 038a 0D       		.uleb128 0xd
 923 038b 01       		.uleb128 0x1
 924 038c 50       		.byte	0x50
 925 038d 03       		.uleb128 0x3
 926 038e F3       		.byte	0xf3
ARM GAS  C:\Users\Reza\AppData\Local\Temp\ccPKC4bg.s 			page 21


 927 038f 01       		.uleb128 0x1
 928 0390 50       		.byte	0x50
 929 0391 0D       		.uleb128 0xd
 930 0392 01       		.uleb128 0x1
 931 0393 51       		.byte	0x51
 932 0394 02       		.uleb128 0x2
 933 0395 91       		.byte	0x91
 934 0396 64       		.sleb128 -28
 935 0397 0D       		.uleb128 0xd
 936 0398 01       		.uleb128 0x1
 937 0399 52       		.byte	0x52
 938 039a 01       		.uleb128 0x1
 939 039b 3A       		.byte	0x3a
 940 039c 00       		.byte	0
 941 039d 0E       		.uleb128 0xe
 942 039e 1C000000 		.4byte	.LVL18
 943 03a2 21060000 		.4byte	0x621
 944 03a6 0C       		.uleb128 0xc
 945 03a7 22000000 		.4byte	.LVL19
 946 03ab 2C060000 		.4byte	0x62c
 947 03af BD030000 		.4byte	0x3bd
 948 03b3 0D       		.uleb128 0xd
 949 03b4 01       		.uleb128 0x1
 950 03b5 50       		.byte	0x50
 951 03b6 05       		.uleb128 0x5
 952 03b7 03       		.byte	0x3
 953 03b8 68000000 		.4byte	.LC5
 954 03bc 00       		.byte	0
 955 03bd 0C       		.uleb128 0xc
 956 03be 28000000 		.4byte	.LVL20
 957 03c2 2C060000 		.4byte	0x62c
 958 03c6 D1030000 		.4byte	0x3d1
 959 03ca 0D       		.uleb128 0xd
 960 03cb 01       		.uleb128 0x1
 961 03cc 50       		.byte	0x50
 962 03cd 02       		.uleb128 0x2
 963 03ce 91       		.byte	0x91
 964 03cf 64       		.sleb128 -28
 965 03d0 00       		.byte	0
 966 03d1 0C       		.uleb128 0xc
 967 03d2 2E000000 		.4byte	.LVL21
 968 03d6 2C060000 		.4byte	0x62c
 969 03da E8030000 		.4byte	0x3e8
 970 03de 0D       		.uleb128 0xd
 971 03df 01       		.uleb128 0x1
 972 03e0 50       		.byte	0x50
 973 03e1 05       		.uleb128 0x5
 974 03e2 03       		.byte	0x3
 975 03e3 20000000 		.4byte	.LC1
 976 03e7 00       		.byte	0
 977 03e8 0F       		.uleb128 0xf
 978 03e9 34000000 		.4byte	.LVL22
 979 03ed 2C060000 		.4byte	0x62c
 980 03f1 0D       		.uleb128 0xd
 981 03f2 01       		.uleb128 0x1
 982 03f3 50       		.byte	0x50
 983 03f4 05       		.uleb128 0x5
ARM GAS  C:\Users\Reza\AppData\Local\Temp\ccPKC4bg.s 			page 22


 984 03f5 03       		.byte	0x3
 985 03f6 80000000 		.4byte	.LC6
 986 03fa 00       		.byte	0
 987 03fb 00       		.byte	0
 988 03fc 10       		.uleb128 0x10
 989 03fd A7000000 		.4byte	0xa7
 990 0401 0C040000 		.4byte	0x40c
 991 0405 11       		.uleb128 0x11
 992 0406 B5000000 		.4byte	0xb5
 993 040a 13       		.byte	0x13
 994 040b 00       		.byte	0
 995 040c 09       		.uleb128 0x9
 996 040d 4A040000 		.4byte	.LASF57
 997 0411 01       		.byte	0x1
 998 0412 7D       		.byte	0x7d
 999 0413 9A010000 		.4byte	0x19a
 1000 0417 00000000 		.4byte	.LFB114
 1001 041b 48000000 		.4byte	.LFE114-.LFB114
 1002 041f 01       		.uleb128 0x1
 1003 0420 9C       		.byte	0x9c
 1004 0421 D0040000 		.4byte	0x4d0
 1005 0425 0A       		.uleb128 0xa
 1006 0426 C6020000 		.4byte	.LASF58
 1007 042a 01       		.byte	0x1
 1008 042b 7D       		.byte	0x7d
 1009 042c 8D000000 		.4byte	0x8d
 1010 0430 97000000 		.4byte	.LLST5
 1011 0434 13       		.uleb128 0x13
 1012 0435 F6020000 		.4byte	.LASF56
 1013 0439 01       		.byte	0x1
 1014 043a 7F       		.byte	0x7f
 1015 043b 8D000000 		.4byte	0x8d
 1016 043f B8000000 		.4byte	.LLST6
 1017 0443 0B       		.uleb128 0xb
 1018 0444 61727200 		.ascii	"arr\000"
 1019 0448 01       		.byte	0x1
 1020 0449 80       		.byte	0x80
 1021 044a FC030000 		.4byte	0x3fc
 1022 044e 02       		.uleb128 0x2
 1023 044f 91       		.byte	0x91
 1024 0450 64       		.sleb128 -28
 1025 0451 0C       		.uleb128 0xc
 1026 0452 18000000 		.4byte	.LVL25
 1027 0456 16060000 		.4byte	0x616
 1028 045a 71040000 		.4byte	0x471
 1029 045e 0D       		.uleb128 0xd
 1030 045f 01       		.uleb128 0x1
 1031 0460 50       		.byte	0x50
 1032 0461 03       		.uleb128 0x3
 1033 0462 F3       		.byte	0xf3
 1034 0463 01       		.uleb128 0x1
 1035 0464 50       		.byte	0x50
 1036 0465 0D       		.uleb128 0xd
 1037 0466 01       		.uleb128 0x1
 1038 0467 51       		.byte	0x51
 1039 0468 02       		.uleb128 0x2
 1040 0469 91       		.byte	0x91
ARM GAS  C:\Users\Reza\AppData\Local\Temp\ccPKC4bg.s 			page 23


 1041 046a 64       		.sleb128 -28
 1042 046b 0D       		.uleb128 0xd
 1043 046c 01       		.uleb128 0x1
 1044 046d 52       		.byte	0x52
 1045 046e 01       		.uleb128 0x1
 1046 046f 3A       		.byte	0x3a
 1047 0470 00       		.byte	0
 1048 0471 0E       		.uleb128 0xe
 1049 0472 1C000000 		.4byte	.LVL26
 1050 0476 21060000 		.4byte	0x621
 1051 047a 0C       		.uleb128 0xc
 1052 047b 22000000 		.4byte	.LVL27
 1053 047f 2C060000 		.4byte	0x62c
 1054 0483 91040000 		.4byte	0x491
 1055 0487 0D       		.uleb128 0xd
 1056 0488 01       		.uleb128 0x1
 1057 0489 50       		.byte	0x50
 1058 048a 05       		.uleb128 0x5
 1059 048b 03       		.byte	0x3
 1060 048c BC000000 		.4byte	.LC7
 1061 0490 00       		.byte	0
 1062 0491 0C       		.uleb128 0xc
 1063 0492 28000000 		.4byte	.LVL28
 1064 0496 2C060000 		.4byte	0x62c
 1065 049a A5040000 		.4byte	0x4a5
 1066 049e 0D       		.uleb128 0xd
 1067 049f 01       		.uleb128 0x1
 1068 04a0 50       		.byte	0x50
 1069 04a1 02       		.uleb128 0x2
 1070 04a2 91       		.byte	0x91
 1071 04a3 64       		.sleb128 -28
 1072 04a4 00       		.byte	0
 1073 04a5 0C       		.uleb128 0xc
 1074 04a6 2E000000 		.4byte	.LVL29
 1075 04aa 2C060000 		.4byte	0x62c
 1076 04ae BC040000 		.4byte	0x4bc
 1077 04b2 0D       		.uleb128 0xd
 1078 04b3 01       		.uleb128 0x1
 1079 04b4 50       		.byte	0x50
 1080 04b5 05       		.uleb128 0x5
 1081 04b6 03       		.byte	0x3
 1082 04b7 D4000000 		.4byte	.LC8
 1083 04bb 00       		.byte	0
 1084 04bc 0F       		.uleb128 0xf
 1085 04bd 34000000 		.4byte	.LVL30
 1086 04c1 2C060000 		.4byte	0x62c
 1087 04c5 0D       		.uleb128 0xd
 1088 04c6 01       		.uleb128 0x1
 1089 04c7 50       		.byte	0x50
 1090 04c8 05       		.uleb128 0x5
 1091 04c9 03       		.byte	0x3
 1092 04ca D8000000 		.4byte	.LC9
 1093 04ce 00       		.byte	0
 1094 04cf 00       		.byte	0
 1095 04d0 12       		.uleb128 0x12
 1096 04d1 55010000 		.4byte	.LASF60
 1097 04d5 01       		.byte	0x1
ARM GAS  C:\Users\Reza\AppData\Local\Temp\ccPKC4bg.s 			page 24


 1098 04d6 8E       		.byte	0x8e
 1099 04d7 9A010000 		.4byte	0x19a
 1100 04db 00000000 		.4byte	.LFB115
 1101 04df 28000000 		.4byte	.LFE115-.LFB115
 1102 04e3 01       		.uleb128 0x1
 1103 04e4 9C       		.byte	0x9c
 1104 04e5 34050000 		.4byte	0x534
 1105 04e9 0E       		.uleb128 0xe
 1106 04ea 06000000 		.4byte	.LVL31
 1107 04ee 21060000 		.4byte	0x621
 1108 04f2 0C       		.uleb128 0xc
 1109 04f3 0C000000 		.4byte	.LVL32
 1110 04f7 2C060000 		.4byte	0x62c
 1111 04fb 09050000 		.4byte	0x509
 1112 04ff 0D       		.uleb128 0xd
 1113 0500 01       		.uleb128 0x1
 1114 0501 50       		.byte	0x50
 1115 0502 05       		.uleb128 0x5
 1116 0503 03       		.byte	0x3
 1117 0504 14010000 		.4byte	.LC10
 1118 0508 00       		.byte	0
 1119 0509 0C       		.uleb128 0xc
 1120 050a 12000000 		.4byte	.LVL33
 1121 050e 2C060000 		.4byte	0x62c
 1122 0512 20050000 		.4byte	0x520
 1123 0516 0D       		.uleb128 0xd
 1124 0517 01       		.uleb128 0x1
 1125 0518 50       		.byte	0x50
 1126 0519 05       		.uleb128 0x5
 1127 051a 03       		.byte	0x3
 1128 051b 38010000 		.4byte	.LC11
 1129 051f 00       		.byte	0
 1130 0520 0F       		.uleb128 0xf
 1131 0521 18000000 		.4byte	.LVL34
 1132 0525 2C060000 		.4byte	0x62c
 1133 0529 0D       		.uleb128 0xd
 1134 052a 01       		.uleb128 0x1
 1135 052b 50       		.byte	0x50
 1136 052c 05       		.uleb128 0x5
 1137 052d 03       		.byte	0x3
 1138 052e D8000000 		.4byte	.LC9
 1139 0532 00       		.byte	0
 1140 0533 00       		.byte	0
 1141 0534 12       		.uleb128 0x12
 1142 0535 28000000 		.4byte	.LASF61
 1143 0539 01       		.byte	0x1
 1144 053a 9B       		.byte	0x9b
 1145 053b 9A010000 		.4byte	0x19a
 1146 053f 00000000 		.4byte	.LFB116
 1147 0543 14000000 		.4byte	.LFE116-.LFB116
 1148 0547 01       		.uleb128 0x1
 1149 0548 9C       		.byte	0x9c
 1150 0549 6A050000 		.4byte	0x56a
 1151 054d 0E       		.uleb128 0xe
 1152 054e 06000000 		.4byte	.LVL35
 1153 0552 21060000 		.4byte	0x621
 1154 0556 0F       		.uleb128 0xf
ARM GAS  C:\Users\Reza\AppData\Local\Temp\ccPKC4bg.s 			page 25


 1155 0557 0C000000 		.4byte	.LVL36
 1156 055b 2C060000 		.4byte	0x62c
 1157 055f 0D       		.uleb128 0xd
 1158 0560 01       		.uleb128 0x1
 1159 0561 50       		.byte	0x50
 1160 0562 05       		.uleb128 0x5
 1161 0563 03       		.byte	0x3
 1162 0564 3C010000 		.4byte	.LC12
 1163 0568 00       		.byte	0
 1164 0569 00       		.byte	0
 1165 056a 12       		.uleb128 0x12
 1166 056b 16040000 		.4byte	.LASF62
 1167 056f 01       		.byte	0x1
 1168 0570 A6       		.byte	0xa6
 1169 0571 9A010000 		.4byte	0x19a
 1170 0575 00000000 		.4byte	.LFB117
 1171 0579 28000000 		.4byte	.LFE117-.LFB117
 1172 057d 01       		.uleb128 0x1
 1173 057e 9C       		.byte	0x9c
 1174 057f CE050000 		.4byte	0x5ce
 1175 0583 0E       		.uleb128 0xe
 1176 0584 06000000 		.4byte	.LVL37
 1177 0588 21060000 		.4byte	0x621
 1178 058c 0C       		.uleb128 0xc
 1179 058d 0C000000 		.4byte	.LVL38
 1180 0591 2C060000 		.4byte	0x62c
 1181 0595 A3050000 		.4byte	0x5a3
 1182 0599 0D       		.uleb128 0xd
 1183 059a 01       		.uleb128 0x1
 1184 059b 50       		.byte	0x50
 1185 059c 05       		.uleb128 0x5
 1186 059d 03       		.byte	0x3
 1187 059e 60010000 		.4byte	.LC13
 1188 05a2 00       		.byte	0
 1189 05a3 0C       		.uleb128 0xc
 1190 05a4 12000000 		.4byte	.LVL39
 1191 05a8 2C060000 		.4byte	0x62c
 1192 05ac BA050000 		.4byte	0x5ba
 1193 05b0 0D       		.uleb128 0xd
 1194 05b1 01       		.uleb128 0x1
 1195 05b2 50       		.byte	0x50
 1196 05b3 05       		.uleb128 0x5
 1197 05b4 03       		.byte	0x3
 1198 05b5 38010000 		.4byte	.LC11
 1199 05b9 00       		.byte	0
 1200 05ba 0F       		.uleb128 0xf
 1201 05bb 18000000 		.4byte	.LVL40
 1202 05bf 2C060000 		.4byte	0x62c
 1203 05c3 0D       		.uleb128 0xd
 1204 05c4 01       		.uleb128 0x1
 1205 05c5 50       		.byte	0x50
 1206 05c6 05       		.uleb128 0x5
 1207 05c7 03       		.byte	0x3
 1208 05c8 D8000000 		.4byte	.LC9
 1209 05cc 00       		.byte	0
 1210 05cd 00       		.byte	0
 1211 05ce 14       		.uleb128 0x14
ARM GAS  C:\Users\Reza\AppData\Local\Temp\ccPKC4bg.s 			page 26


 1212 05cf C2040000 		.4byte	.LASF63
 1213 05d3 08       		.byte	0x8
 1214 05d4 40       		.byte	0x40
 1215 05d5 D2000000 		.4byte	0xd2
 1216 05d9 14       		.uleb128 0x14
 1217 05da C1010000 		.4byte	.LASF64
 1218 05de 08       		.byte	0x8
 1219 05df 47       		.byte	0x47
 1220 05e0 DD000000 		.4byte	0xdd
 1221 05e4 14       		.uleb128 0x14
 1222 05e5 EA030000 		.4byte	.LASF65
 1223 05e9 08       		.byte	0x8
 1224 05ea 4A       		.byte	0x4a
 1225 05eb D2000000 		.4byte	0xd2
 1226 05ef 14       		.uleb128 0x14
 1227 05f0 00000000 		.4byte	.LASF66
 1228 05f4 09       		.byte	0x9
 1229 05f5 48       		.byte	0x48
 1230 05f6 E8000000 		.4byte	0xe8
 1231 05fa 14       		.uleb128 0x14
 1232 05fb 76010000 		.4byte	.LASF67
 1233 05ff 0A       		.byte	0xa
 1234 0600 44       		.byte	0x44
 1235 0601 D2000000 		.4byte	0xd2
 1236 0605 15       		.uleb128 0x15
 1237 0606 9C040000 		.4byte	.LASF68
 1238 060a 0B       		.byte	0xb
 1239 060b 1207     		.2byte	0x712
 1240 060d 11060000 		.4byte	0x611
 1241 0611 16       		.uleb128 0x16
 1242 0612 76000000 		.4byte	0x76
 1243 0616 17       		.uleb128 0x17
 1244 0617 69020000 		.4byte	.LASF69
 1245 061b 69020000 		.4byte	.LASF69
 1246 061f 0C       		.byte	0xc
 1247 0620 CB       		.byte	0xcb
 1248 0621 17       		.uleb128 0x17
 1249 0622 19000000 		.4byte	.LASF70
 1250 0626 19000000 		.4byte	.LASF70
 1251 062a 0D       		.byte	0xd
 1252 062b 54       		.byte	0x54
 1253 062c 17       		.uleb128 0x17
 1254 062d 4A020000 		.4byte	.LASF71
 1255 0631 4A020000 		.4byte	.LASF71
 1256 0635 0D       		.byte	0xd
 1257 0636 8B       		.byte	0x8b
 1258 0637 00       		.byte	0
 1259              		.section	.debug_abbrev,"",%progbits
 1260              	.Ldebug_abbrev0:
 1261 0000 01       		.uleb128 0x1
 1262 0001 11       		.uleb128 0x11
 1263 0002 01       		.byte	0x1
 1264 0003 25       		.uleb128 0x25
 1265 0004 0E       		.uleb128 0xe
 1266 0005 13       		.uleb128 0x13
 1267 0006 0B       		.uleb128 0xb
 1268 0007 03       		.uleb128 0x3
ARM GAS  C:\Users\Reza\AppData\Local\Temp\ccPKC4bg.s 			page 27


 1269 0008 0E       		.uleb128 0xe
 1270 0009 1B       		.uleb128 0x1b
 1271 000a 0E       		.uleb128 0xe
 1272 000b 55       		.uleb128 0x55
 1273 000c 17       		.uleb128 0x17
 1274 000d 11       		.uleb128 0x11
 1275 000e 01       		.uleb128 0x1
 1276 000f 10       		.uleb128 0x10
 1277 0010 17       		.uleb128 0x17
 1278 0011 00       		.byte	0
 1279 0012 00       		.byte	0
 1280 0013 02       		.uleb128 0x2
 1281 0014 24       		.uleb128 0x24
 1282 0015 00       		.byte	0
 1283 0016 0B       		.uleb128 0xb
 1284 0017 0B       		.uleb128 0xb
 1285 0018 3E       		.uleb128 0x3e
 1286 0019 0B       		.uleb128 0xb
 1287 001a 03       		.uleb128 0x3
 1288 001b 0E       		.uleb128 0xe
 1289 001c 00       		.byte	0
 1290 001d 00       		.byte	0
 1291 001e 03       		.uleb128 0x3
 1292 001f 16       		.uleb128 0x16
 1293 0020 00       		.byte	0
 1294 0021 03       		.uleb128 0x3
 1295 0022 0E       		.uleb128 0xe
 1296 0023 3A       		.uleb128 0x3a
 1297 0024 0B       		.uleb128 0xb
 1298 0025 3B       		.uleb128 0x3b
 1299 0026 0B       		.uleb128 0xb
 1300 0027 49       		.uleb128 0x49
 1301 0028 13       		.uleb128 0x13
 1302 0029 00       		.byte	0
 1303 002a 00       		.byte	0
 1304 002b 04       		.uleb128 0x4
 1305 002c 24       		.uleb128 0x24
 1306 002d 00       		.byte	0
 1307 002e 0B       		.uleb128 0xb
 1308 002f 0B       		.uleb128 0xb
 1309 0030 3E       		.uleb128 0x3e
 1310 0031 0B       		.uleb128 0xb
 1311 0032 03       		.uleb128 0x3
 1312 0033 08       		.uleb128 0x8
 1313 0034 00       		.byte	0
 1314 0035 00       		.byte	0
 1315 0036 05       		.uleb128 0x5
 1316 0037 16       		.uleb128 0x16
 1317 0038 00       		.byte	0
 1318 0039 03       		.uleb128 0x3
 1319 003a 0E       		.uleb128 0xe
 1320 003b 3A       		.uleb128 0x3a
 1321 003c 0B       		.uleb128 0xb
 1322 003d 3B       		.uleb128 0x3b
 1323 003e 05       		.uleb128 0x5
 1324 003f 49       		.uleb128 0x49
 1325 0040 13       		.uleb128 0x13
ARM GAS  C:\Users\Reza\AppData\Local\Temp\ccPKC4bg.s 			page 28


 1326 0041 00       		.byte	0
 1327 0042 00       		.byte	0
 1328 0043 06       		.uleb128 0x6
 1329 0044 04       		.uleb128 0x4
 1330 0045 01       		.byte	0x1
 1331 0046 03       		.uleb128 0x3
 1332 0047 08       		.uleb128 0x8
 1333 0048 0B       		.uleb128 0xb
 1334 0049 0B       		.uleb128 0xb
 1335 004a 49       		.uleb128 0x49
 1336 004b 13       		.uleb128 0x13
 1337 004c 3A       		.uleb128 0x3a
 1338 004d 0B       		.uleb128 0xb
 1339 004e 3B       		.uleb128 0x3b
 1340 004f 0B       		.uleb128 0xb
 1341 0050 01       		.uleb128 0x1
 1342 0051 13       		.uleb128 0x13
 1343 0052 00       		.byte	0
 1344 0053 00       		.byte	0
 1345 0054 07       		.uleb128 0x7
 1346 0055 28       		.uleb128 0x28
 1347 0056 00       		.byte	0
 1348 0057 03       		.uleb128 0x3
 1349 0058 0E       		.uleb128 0xe
 1350 0059 1C       		.uleb128 0x1c
 1351 005a 0B       		.uleb128 0xb
 1352 005b 00       		.byte	0
 1353 005c 00       		.byte	0
 1354 005d 08       		.uleb128 0x8
 1355 005e 28       		.uleb128 0x28
 1356 005f 00       		.byte	0
 1357 0060 03       		.uleb128 0x3
 1358 0061 0E       		.uleb128 0xe
 1359 0062 1C       		.uleb128 0x1c
 1360 0063 0D       		.uleb128 0xd
 1361 0064 00       		.byte	0
 1362 0065 00       		.byte	0
 1363 0066 09       		.uleb128 0x9
 1364 0067 2E       		.uleb128 0x2e
 1365 0068 01       		.byte	0x1
 1366 0069 3F       		.uleb128 0x3f
 1367 006a 19       		.uleb128 0x19
 1368 006b 03       		.uleb128 0x3
 1369 006c 0E       		.uleb128 0xe
 1370 006d 3A       		.uleb128 0x3a
 1371 006e 0B       		.uleb128 0xb
 1372 006f 3B       		.uleb128 0x3b
 1373 0070 0B       		.uleb128 0xb
 1374 0071 27       		.uleb128 0x27
 1375 0072 19       		.uleb128 0x19
 1376 0073 49       		.uleb128 0x49
 1377 0074 13       		.uleb128 0x13
 1378 0075 11       		.uleb128 0x11
 1379 0076 01       		.uleb128 0x1
 1380 0077 12       		.uleb128 0x12
 1381 0078 06       		.uleb128 0x6
 1382 0079 40       		.uleb128 0x40
ARM GAS  C:\Users\Reza\AppData\Local\Temp\ccPKC4bg.s 			page 29


 1383 007a 18       		.uleb128 0x18
 1384 007b 9742     		.uleb128 0x2117
 1385 007d 19       		.uleb128 0x19
 1386 007e 01       		.uleb128 0x1
 1387 007f 13       		.uleb128 0x13
 1388 0080 00       		.byte	0
 1389 0081 00       		.byte	0
 1390 0082 0A       		.uleb128 0xa
 1391 0083 05       		.uleb128 0x5
 1392 0084 00       		.byte	0
 1393 0085 03       		.uleb128 0x3
 1394 0086 0E       		.uleb128 0xe
 1395 0087 3A       		.uleb128 0x3a
 1396 0088 0B       		.uleb128 0xb
 1397 0089 3B       		.uleb128 0x3b
 1398 008a 0B       		.uleb128 0xb
 1399 008b 49       		.uleb128 0x49
 1400 008c 13       		.uleb128 0x13
 1401 008d 02       		.uleb128 0x2
 1402 008e 17       		.uleb128 0x17
 1403 008f 00       		.byte	0
 1404 0090 00       		.byte	0
 1405 0091 0B       		.uleb128 0xb
 1406 0092 34       		.uleb128 0x34
 1407 0093 00       		.byte	0
 1408 0094 03       		.uleb128 0x3
 1409 0095 08       		.uleb128 0x8
 1410 0096 3A       		.uleb128 0x3a
 1411 0097 0B       		.uleb128 0xb
 1412 0098 3B       		.uleb128 0x3b
 1413 0099 0B       		.uleb128 0xb
 1414 009a 49       		.uleb128 0x49
 1415 009b 13       		.uleb128 0x13
 1416 009c 02       		.uleb128 0x2
 1417 009d 18       		.uleb128 0x18
 1418 009e 00       		.byte	0
 1419 009f 00       		.byte	0
 1420 00a0 0C       		.uleb128 0xc
 1421 00a1 898201   		.uleb128 0x4109
 1422 00a4 01       		.byte	0x1
 1423 00a5 11       		.uleb128 0x11
 1424 00a6 01       		.uleb128 0x1
 1425 00a7 31       		.uleb128 0x31
 1426 00a8 13       		.uleb128 0x13
 1427 00a9 01       		.uleb128 0x1
 1428 00aa 13       		.uleb128 0x13
 1429 00ab 00       		.byte	0
 1430 00ac 00       		.byte	0
 1431 00ad 0D       		.uleb128 0xd
 1432 00ae 8A8201   		.uleb128 0x410a
 1433 00b1 00       		.byte	0
 1434 00b2 02       		.uleb128 0x2
 1435 00b3 18       		.uleb128 0x18
 1436 00b4 9142     		.uleb128 0x2111
 1437 00b6 18       		.uleb128 0x18
 1438 00b7 00       		.byte	0
 1439 00b8 00       		.byte	0
ARM GAS  C:\Users\Reza\AppData\Local\Temp\ccPKC4bg.s 			page 30


 1440 00b9 0E       		.uleb128 0xe
 1441 00ba 898201   		.uleb128 0x4109
 1442 00bd 00       		.byte	0
 1443 00be 11       		.uleb128 0x11
 1444 00bf 01       		.uleb128 0x1
 1445 00c0 31       		.uleb128 0x31
 1446 00c1 13       		.uleb128 0x13
 1447 00c2 00       		.byte	0
 1448 00c3 00       		.byte	0
 1449 00c4 0F       		.uleb128 0xf
 1450 00c5 898201   		.uleb128 0x4109
 1451 00c8 01       		.byte	0x1
 1452 00c9 11       		.uleb128 0x11
 1453 00ca 01       		.uleb128 0x1
 1454 00cb 31       		.uleb128 0x31
 1455 00cc 13       		.uleb128 0x13
 1456 00cd 00       		.byte	0
 1457 00ce 00       		.byte	0
 1458 00cf 10       		.uleb128 0x10
 1459 00d0 01       		.uleb128 0x1
 1460 00d1 01       		.byte	0x1
 1461 00d2 49       		.uleb128 0x49
 1462 00d3 13       		.uleb128 0x13
 1463 00d4 01       		.uleb128 0x1
 1464 00d5 13       		.uleb128 0x13
 1465 00d6 00       		.byte	0
 1466 00d7 00       		.byte	0
 1467 00d8 11       		.uleb128 0x11
 1468 00d9 21       		.uleb128 0x21
 1469 00da 00       		.byte	0
 1470 00db 49       		.uleb128 0x49
 1471 00dc 13       		.uleb128 0x13
 1472 00dd 2F       		.uleb128 0x2f
 1473 00de 0B       		.uleb128 0xb
 1474 00df 00       		.byte	0
 1475 00e0 00       		.byte	0
 1476 00e1 12       		.uleb128 0x12
 1477 00e2 2E       		.uleb128 0x2e
 1478 00e3 01       		.byte	0x1
 1479 00e4 3F       		.uleb128 0x3f
 1480 00e5 19       		.uleb128 0x19
 1481 00e6 03       		.uleb128 0x3
 1482 00e7 0E       		.uleb128 0xe
 1483 00e8 3A       		.uleb128 0x3a
 1484 00e9 0B       		.uleb128 0xb
 1485 00ea 3B       		.uleb128 0x3b
 1486 00eb 0B       		.uleb128 0xb
 1487 00ec 49       		.uleb128 0x49
 1488 00ed 13       		.uleb128 0x13
 1489 00ee 11       		.uleb128 0x11
 1490 00ef 01       		.uleb128 0x1
 1491 00f0 12       		.uleb128 0x12
 1492 00f1 06       		.uleb128 0x6
 1493 00f2 40       		.uleb128 0x40
 1494 00f3 18       		.uleb128 0x18
 1495 00f4 9742     		.uleb128 0x2117
 1496 00f6 19       		.uleb128 0x19
ARM GAS  C:\Users\Reza\AppData\Local\Temp\ccPKC4bg.s 			page 31


 1497 00f7 01       		.uleb128 0x1
 1498 00f8 13       		.uleb128 0x13
 1499 00f9 00       		.byte	0
 1500 00fa 00       		.byte	0
 1501 00fb 13       		.uleb128 0x13
 1502 00fc 34       		.uleb128 0x34
 1503 00fd 00       		.byte	0
 1504 00fe 03       		.uleb128 0x3
 1505 00ff 0E       		.uleb128 0xe
 1506 0100 3A       		.uleb128 0x3a
 1507 0101 0B       		.uleb128 0xb
 1508 0102 3B       		.uleb128 0x3b
 1509 0103 0B       		.uleb128 0xb
 1510 0104 49       		.uleb128 0x49
 1511 0105 13       		.uleb128 0x13
 1512 0106 02       		.uleb128 0x2
 1513 0107 17       		.uleb128 0x17
 1514 0108 00       		.byte	0
 1515 0109 00       		.byte	0
 1516 010a 14       		.uleb128 0x14
 1517 010b 34       		.uleb128 0x34
 1518 010c 00       		.byte	0
 1519 010d 03       		.uleb128 0x3
 1520 010e 0E       		.uleb128 0xe
 1521 010f 3A       		.uleb128 0x3a
 1522 0110 0B       		.uleb128 0xb
 1523 0111 3B       		.uleb128 0x3b
 1524 0112 0B       		.uleb128 0xb
 1525 0113 49       		.uleb128 0x49
 1526 0114 13       		.uleb128 0x13
 1527 0115 3F       		.uleb128 0x3f
 1528 0116 19       		.uleb128 0x19
 1529 0117 3C       		.uleb128 0x3c
 1530 0118 19       		.uleb128 0x19
 1531 0119 00       		.byte	0
 1532 011a 00       		.byte	0
 1533 011b 15       		.uleb128 0x15
 1534 011c 34       		.uleb128 0x34
 1535 011d 00       		.byte	0
 1536 011e 03       		.uleb128 0x3
 1537 011f 0E       		.uleb128 0xe
 1538 0120 3A       		.uleb128 0x3a
 1539 0121 0B       		.uleb128 0xb
 1540 0122 3B       		.uleb128 0x3b
 1541 0123 05       		.uleb128 0x5
 1542 0124 49       		.uleb128 0x49
 1543 0125 13       		.uleb128 0x13
 1544 0126 3F       		.uleb128 0x3f
 1545 0127 19       		.uleb128 0x19
 1546 0128 3C       		.uleb128 0x3c
 1547 0129 19       		.uleb128 0x19
 1548 012a 00       		.byte	0
 1549 012b 00       		.byte	0
 1550 012c 16       		.uleb128 0x16
 1551 012d 35       		.uleb128 0x35
 1552 012e 00       		.byte	0
 1553 012f 49       		.uleb128 0x49
ARM GAS  C:\Users\Reza\AppData\Local\Temp\ccPKC4bg.s 			page 32


 1554 0130 13       		.uleb128 0x13
 1555 0131 00       		.byte	0
 1556 0132 00       		.byte	0
 1557 0133 17       		.uleb128 0x17
 1558 0134 2E       		.uleb128 0x2e
 1559 0135 00       		.byte	0
 1560 0136 3F       		.uleb128 0x3f
 1561 0137 19       		.uleb128 0x19
 1562 0138 3C       		.uleb128 0x3c
 1563 0139 19       		.uleb128 0x19
 1564 013a 6E       		.uleb128 0x6e
 1565 013b 0E       		.uleb128 0xe
 1566 013c 03       		.uleb128 0x3
 1567 013d 0E       		.uleb128 0xe
 1568 013e 3A       		.uleb128 0x3a
 1569 013f 0B       		.uleb128 0xb
 1570 0140 3B       		.uleb128 0x3b
 1571 0141 0B       		.uleb128 0xb
 1572 0142 00       		.byte	0
 1573 0143 00       		.byte	0
 1574 0144 00       		.byte	0
 1575              		.section	.debug_loc,"",%progbits
 1576              	.Ldebug_loc0:
 1577              	.LLST0:
 1578 0000 00000000 		.4byte	.LVL0
 1579 0004 13000000 		.4byte	.LVL1-1
 1580 0008 0100     		.2byte	0x1
 1581 000a 50       		.byte	0x50
 1582 000b 13000000 		.4byte	.LVL1-1
 1583 000f 38000000 		.4byte	.LFE110
 1584 0013 0400     		.2byte	0x4
 1585 0015 F3       		.byte	0xf3
 1586 0016 01       		.uleb128 0x1
 1587 0017 50       		.byte	0x50
 1588 0018 9F       		.byte	0x9f
 1589 0019 00000000 		.4byte	0
 1590 001d 00000000 		.4byte	0
 1591              	.LLST1:
 1592 0021 00000000 		.4byte	.LVL8
 1593 0025 19000000 		.4byte	.LVL10-1
 1594 0029 0100     		.2byte	0x1
 1595 002b 50       		.byte	0x50
 1596 002c 19000000 		.4byte	.LVL10-1
 1597 0030 44000000 		.4byte	.LFE112
 1598 0034 0400     		.2byte	0x4
 1599 0036 F3       		.byte	0xf3
 1600 0037 01       		.uleb128 0x1
 1601 0038 50       		.byte	0x50
 1602 0039 9F       		.byte	0x9f
 1603 003a 00000000 		.4byte	0
 1604 003e 00000000 		.4byte	0
 1605              	.LLST2:
 1606 0042 04000000 		.4byte	.LVL9
 1607 0046 19000000 		.4byte	.LVL10-1
 1608 004a 0100     		.2byte	0x1
 1609 004c 50       		.byte	0x50
 1610 004d 00000000 		.4byte	0
ARM GAS  C:\Users\Reza\AppData\Local\Temp\ccPKC4bg.s 			page 33


 1611 0051 00000000 		.4byte	0
 1612              	.LLST3:
 1613 0055 00000000 		.4byte	.LVL15
 1614 0059 17000000 		.4byte	.LVL17-1
 1615 005d 0100     		.2byte	0x1
 1616 005f 50       		.byte	0x50
 1617 0060 17000000 		.4byte	.LVL17-1
 1618 0064 48000000 		.4byte	.LFE113
 1619 0068 0400     		.2byte	0x4
 1620 006a F3       		.byte	0xf3
 1621 006b 01       		.uleb128 0x1
 1622 006c 50       		.byte	0x50
 1623 006d 9F       		.byte	0x9f
 1624 006e 00000000 		.4byte	0
 1625 0072 00000000 		.4byte	0
 1626              	.LLST4:
 1627 0076 04000000 		.4byte	.LVL16
 1628 007a 17000000 		.4byte	.LVL17-1
 1629 007e 0100     		.2byte	0x1
 1630 0080 50       		.byte	0x50
 1631 0081 17000000 		.4byte	.LVL17-1
 1632 0085 48000000 		.4byte	.LFE113
 1633 0089 0400     		.2byte	0x4
 1634 008b F3       		.byte	0xf3
 1635 008c 01       		.uleb128 0x1
 1636 008d 50       		.byte	0x50
 1637 008e 9F       		.byte	0x9f
 1638 008f 00000000 		.4byte	0
 1639 0093 00000000 		.4byte	0
 1640              	.LLST5:
 1641 0097 00000000 		.4byte	.LVL23
 1642 009b 17000000 		.4byte	.LVL25-1
 1643 009f 0100     		.2byte	0x1
 1644 00a1 50       		.byte	0x50
 1645 00a2 17000000 		.4byte	.LVL25-1
 1646 00a6 48000000 		.4byte	.LFE114
 1647 00aa 0400     		.2byte	0x4
 1648 00ac F3       		.byte	0xf3
 1649 00ad 01       		.uleb128 0x1
 1650 00ae 50       		.byte	0x50
 1651 00af 9F       		.byte	0x9f
 1652 00b0 00000000 		.4byte	0
 1653 00b4 00000000 		.4byte	0
 1654              	.LLST6:
 1655 00b8 04000000 		.4byte	.LVL24
 1656 00bc 17000000 		.4byte	.LVL25-1
 1657 00c0 0100     		.2byte	0x1
 1658 00c2 50       		.byte	0x50
 1659 00c3 17000000 		.4byte	.LVL25-1
 1660 00c7 48000000 		.4byte	.LFE114
 1661 00cb 0400     		.2byte	0x4
 1662 00cd F3       		.byte	0xf3
 1663 00ce 01       		.uleb128 0x1
 1664 00cf 50       		.byte	0x50
 1665 00d0 9F       		.byte	0x9f
 1666 00d1 00000000 		.4byte	0
 1667 00d5 00000000 		.4byte	0
ARM GAS  C:\Users\Reza\AppData\Local\Temp\ccPKC4bg.s 			page 34


 1668              		.section	.debug_aranges,"",%progbits
 1669 0000 54000000 		.4byte	0x54
 1670 0004 0200     		.2byte	0x2
 1671 0006 00000000 		.4byte	.Ldebug_info0
 1672 000a 04       		.byte	0x4
 1673 000b 00       		.byte	0
 1674 000c 0000     		.2byte	0
 1675 000e 0000     		.2byte	0
 1676 0010 00000000 		.4byte	.LFB110
 1677 0014 38000000 		.4byte	.LFE110-.LFB110
 1678 0018 00000000 		.4byte	.LFB111
 1679 001c 14000000 		.4byte	.LFE111-.LFB111
 1680 0020 00000000 		.4byte	.LFB112
 1681 0024 44000000 		.4byte	.LFE112-.LFB112
 1682 0028 00000000 		.4byte	.LFB113
 1683 002c 48000000 		.4byte	.LFE113-.LFB113
 1684 0030 00000000 		.4byte	.LFB114
 1685 0034 48000000 		.4byte	.LFE114-.LFB114
 1686 0038 00000000 		.4byte	.LFB115
 1687 003c 28000000 		.4byte	.LFE115-.LFB115
 1688 0040 00000000 		.4byte	.LFB116
 1689 0044 14000000 		.4byte	.LFE116-.LFB116
 1690 0048 00000000 		.4byte	.LFB117
 1691 004c 28000000 		.4byte	.LFE117-.LFB117
 1692 0050 00000000 		.4byte	0
 1693 0054 00000000 		.4byte	0
 1694              		.section	.debug_ranges,"",%progbits
 1695              	.Ldebug_ranges0:
 1696 0000 00000000 		.4byte	.LFB110
 1697 0004 38000000 		.4byte	.LFE110
 1698 0008 00000000 		.4byte	.LFB111
 1699 000c 14000000 		.4byte	.LFE111
 1700 0010 00000000 		.4byte	.LFB112
 1701 0014 44000000 		.4byte	.LFE112
 1702 0018 00000000 		.4byte	.LFB113
 1703 001c 48000000 		.4byte	.LFE113
 1704 0020 00000000 		.4byte	.LFB114
 1705 0024 48000000 		.4byte	.LFE114
 1706 0028 00000000 		.4byte	.LFB115
 1707 002c 28000000 		.4byte	.LFE115
 1708 0030 00000000 		.4byte	.LFB116
 1709 0034 14000000 		.4byte	.LFE116
 1710 0038 00000000 		.4byte	.LFB117
 1711 003c 28000000 		.4byte	.LFE117
 1712 0040 00000000 		.4byte	0
 1713 0044 00000000 		.4byte	0
 1714              		.section	.debug_line,"",%progbits
 1715              	.Ldebug_line0:
 1716 0000 46030000 		.section	.debug_str,"MS",%progbits,1
 1716      02009302 
 1716      00000201 
 1716      FB0E0D00 
 1716      01010101 
 1717              	.LASF66:
 1718 0000 45455F73 		.ascii	"EE_std_endcycle_next_tid\000"
 1718      74645F65 
 1718      6E646379 
ARM GAS  C:\Users\Reza\AppData\Local\Temp\ccPKC4bg.s 			page 35


 1718      636C655F 
 1718      6E657874 
 1719              	.LASF70:
 1720 0019 55415254 		.ascii	"UART_LOG_Start\000"
 1720      5F4C4F47 
 1720      5F537461 
 1720      727400
 1721              	.LASF61:
 1722 0028 55415254 		.ascii	"UART_Show_Valid_Button_Pressed\000"
 1722      5F53686F 
 1722      775F5661 
 1722      6C69645F 
 1722      42757474 
 1723              	.LASF37:
 1724 0047 52435F45 		.ascii	"RC_ERROR_READ_ONLY\000"
 1724      52524F52 
 1724      5F524541 
 1724      445F4F4E 
 1724      4C5900
 1725              	.LASF23:
 1726 005a 52435F53 		.ascii	"RC_SUCCESS\000"
 1726      55434345 
 1726      535300
 1727              	.LASF54:
 1728 0065 55415254 		.ascii	"UART_Show_Average_Time\000"
 1728      5F53686F 
 1728      775F4176 
 1728      65726167 
 1728      655F5469 
 1729              	.LASF38:
 1730 007c 52435F45 		.ascii	"RC_ERROR_WRITE_ONLY\000"
 1730      52524F52 
 1730      5F575249 
 1730      54455F4F 
 1730      4E4C5900 
 1731              	.LASF2:
 1732 0090 73686F72 		.ascii	"short int\000"
 1732      7420696E 
 1732      7400
 1733              	.LASF29:
 1734 009a 52435F45 		.ascii	"RC_ERROR_OVERRUN\000"
 1734      52524F52 
 1734      5F4F5645 
 1734      5252554E 
 1734      00
 1735              	.LASF41:
 1736 00ab 52435F45 		.ascii	"RC_ERROR_WRITE_FAILS\000"
 1736      52524F52 
 1736      5F575249 
 1736      54455F46 
 1736      41494C53 
 1737              	.LASF17:
 1738 00c0 73697A65 		.ascii	"sizetype\000"
 1738      74797065 
 1738      00
 1739              	.LASF26:
 1740 00c9 52435F45 		.ascii	"RC_ERROR_ZERO\000"
ARM GAS  C:\Users\Reza\AppData\Local\Temp\ccPKC4bg.s 			page 36


 1740      52524F52 
 1740      5F5A4552 
 1740      4F00
 1741              	.LASF21:
 1742 00d7 45455F46 		.ascii	"EE_FREG\000"
 1742      52454700 
 1743              	.LASF40:
 1744 00df 52435F45 		.ascii	"RC_ERROR_READ_FAILS\000"
 1744      52524F52 
 1744      5F524541 
 1744      445F4641 
 1744      494C5300 
 1745              	.LASF19:
 1746 00f3 45455F55 		.ascii	"EE_UINT32\000"
 1746      494E5433 
 1746      3200
 1747              	.LASF22:
 1748 00fd 45455F54 		.ascii	"EE_TID\000"
 1748      494400
 1749              	.LASF74:
 1750 0104 443A5C68 		.ascii	"D:\\h_da\\PSoc_projects\\ReactionGame_with erika.cy"
 1750      5F64615C 
 1750      50536F63 
 1750      5F70726F 
 1750      6A656374 
 1751 0134 64736E00 		.ascii	"dsn\000"
 1752              	.LASF46:
 1753 0138 52435F45 		.ascii	"RC_ERROR_INVALID_STATE\000"
 1753      52524F52 
 1753      5F494E56 
 1753      414C4944 
 1753      5F535441 
 1754              	.LASF11:
 1755 014f 75696E74 		.ascii	"uint8\000"
 1755      3800
 1756              	.LASF60:
 1757 0155 55415254 		.ascii	"UART_Show_Invalid_Button_Pressed\000"
 1757      5F53686F 
 1757      775F496E 
 1757      76616C69 
 1757      645F4275 
 1758              	.LASF67:
 1759 0176 45455F49 		.ascii	"EE_IRQ_nesting_level\000"
 1759      52515F6E 
 1759      65737469 
 1759      6E675F6C 
 1759      6576656C 
 1760              	.LASF18:
 1761 018b 45455F49 		.ascii	"EE_INT32\000"
 1761      4E543332 
 1761      00
 1762              	.LASF53:
 1763 0194 7265616C 		.ascii	"realscore\000"
 1763      73636F72 
 1763      6500
 1764              	.LASF28:
 1765 019e 52435F45 		.ascii	"RC_ERROR_RANGE\000"
ARM GAS  C:\Users\Reza\AppData\Local\Temp\ccPKC4bg.s 			page 37


 1765      52524F52 
 1765      5F52414E 
 1765      474500
 1766              	.LASF13:
 1767 01ad 666C6F61 		.ascii	"float\000"
 1767      7400
 1768              	.LASF6:
 1769 01b3 6C6F6E67 		.ascii	"long long int\000"
 1769      206C6F6E 
 1769      6720696E 
 1769      7400
 1770              	.LASF64:
 1771 01c1 45455F6F 		.ascii	"EE_oo_IRQ_suspend_status\000"
 1771      6F5F4952 
 1771      515F7375 
 1771      7370656E 
 1771      645F7374 
 1772              	.LASF42:
 1773 01da 52435F45 		.ascii	"RC_ERROR_NOT_MATCH\000"
 1773      52524F52 
 1773      5F4E4F54 
 1773      5F4D4154 
 1773      434800
 1774              	.LASF47:
 1775 01ed 52435F45 		.ascii	"RC_ERROR_UNKNOWN\000"
 1775      52524F52 
 1775      5F554E4B 
 1775      4E4F574E 
 1775      00
 1776              	.LASF4:
 1777 01fe 6C6F6E67 		.ascii	"long int\000"
 1777      20696E74 
 1777      00
 1778              	.LASF30:
 1779 0207 52435F45 		.ascii	"RC_ERROR_UNDERRUN\000"
 1779      52524F52 
 1779      5F554E44 
 1779      45525255 
 1779      4E00
 1780              	.LASF33:
 1781 0219 52435F45 		.ascii	"RC_ERROR_BUSY\000"
 1781      52524F52 
 1781      5F425553 
 1781      5900
 1782              	.LASF39:
 1783 0227 52435F45 		.ascii	"RC_ERROR_INVALID\000"
 1783      52524F52 
 1783      5F494E56 
 1783      414C4944 
 1783      00
 1784              	.LASF44:
 1785 0238 52435F45 		.ascii	"RC_ERROR_BAD_DATA\000"
 1785      52524F52 
 1785      5F424144 
 1785      5F444154 
 1785      4100
 1786              	.LASF71:
ARM GAS  C:\Users\Reza\AppData\Local\Temp\ccPKC4bg.s 			page 38


 1787 024a 55415254 		.ascii	"UART_LOG_PutString\000"
 1787      5F4C4F47 
 1787      5F507574 
 1787      53747269 
 1787      6E6700
 1788              	.LASF16:
 1789 025d 6C6F6E67 		.ascii	"long double\000"
 1789      20646F75 
 1789      626C6500 
 1790              	.LASF69:
 1791 0269 69746F61 		.ascii	"itoa\000"
 1791      00
 1792              	.LASF1:
 1793 026e 756E7369 		.ascii	"unsigned char\000"
 1793      676E6564 
 1793      20636861 
 1793      7200
 1794              	.LASF51:
 1795 027c 726F756E 		.ascii	"round\000"
 1795      6400
 1796              	.LASF0:
 1797 0282 7369676E 		.ascii	"signed char\000"
 1797      65642063 
 1797      68617200 
 1798              	.LASF52:
 1799 028e 73636F72 		.ascii	"score\000"
 1799      6500
 1800              	.LASF7:
 1801 0294 6C6F6E67 		.ascii	"long long unsigned int\000"
 1801      206C6F6E 
 1801      6720756E 
 1801      7369676E 
 1801      65642069 
 1802              	.LASF8:
 1803 02ab 756E7369 		.ascii	"unsigned int\000"
 1803      676E6564 
 1803      20696E74 
 1803      00
 1804              	.LASF35:
 1805 02b8 52435F45 		.ascii	"RC_ERROR_OPEN\000"
 1805      52524F52 
 1805      5F4F5045 
 1805      4E00
 1806              	.LASF58:
 1807 02c6 726F756E 		.ascii	"roundtime\000"
 1807      6474696D 
 1807      6500
 1808              	.LASF25:
 1809 02d0 52435F45 		.ascii	"RC_ERROR_NULL\000"
 1809      52524F52 
 1809      5F4E554C 
 1809      4C00
 1810              	.LASF49:
 1811 02de 55415254 		.ascii	"UART_Show_Round_Counter\000"
 1811      5F53686F 
 1811      775F526F 
 1811      756E645F 
ARM GAS  C:\Users\Reza\AppData\Local\Temp\ccPKC4bg.s 			page 39


 1811      436F756E 
 1812              	.LASF56:
 1813 02f6 74696D65 		.ascii	"time\000"
 1813      00
 1814              	.LASF72:
 1815 02fb 474E5520 		.ascii	"GNU C11 5.4.1 20160609 (release) [ARM/embedded-5-br"
 1815      43313120 
 1815      352E342E 
 1815      31203230 
 1815      31363036 
 1816 032e 616E6368 		.ascii	"anch revision 237715] -mcpu=cortex-m3 -mthumb -g -O"
 1816      20726576 
 1816      6973696F 
 1816      6E203233 
 1816      37373135 
 1817 0361 67202D66 		.ascii	"g -ffunction-sections -ffat-lto-objects\000"
 1817      66756E63 
 1817      74696F6E 
 1817      2D736563 
 1817      74696F6E 
 1818              	.LASF15:
 1819 0389 63686172 		.ascii	"char\000"
 1819      00
 1820              	.LASF31:
 1821 038e 52435F45 		.ascii	"RC_ERROR_BUFFER_FULL\000"
 1821      52524F52 
 1821      5F425546 
 1821      4645525F 
 1821      46554C4C 
 1822              	.LASF10:
 1823 03a3 696E7433 		.ascii	"int32_t\000"
 1823      325F7400 
 1824              	.LASF3:
 1825 03ab 73686F72 		.ascii	"short unsigned int\000"
 1825      7420756E 
 1825      7369676E 
 1825      65642069 
 1825      6E7400
 1826              	.LASF43:
 1827 03be 52435F45 		.ascii	"RC_ERROR_BAD_PARAM\000"
 1827      52524F52 
 1827      5F424144 
 1827      5F504152 
 1827      414D00
 1828              	.LASF73:
 1829 03d1 736F7572 		.ascii	"source\\bsw\\uart.c\000"
 1829      63655C62 
 1829      73775C75 
 1829      6172742E 
 1829      6300
 1830              	.LASF12:
 1831 03e3 75696E74 		.ascii	"uint32\000"
 1831      333200
 1832              	.LASF65:
 1833 03ea 45455F41 		.ascii	"EE_ApplicationMode\000"
 1833      70706C69 
 1833      63617469 
ARM GAS  C:\Users\Reza\AppData\Local\Temp\ccPKC4bg.s 			page 40


 1833      6F6E4D6F 
 1833      646500
 1834              	.LASF5:
 1835 03fd 6C6F6E67 		.ascii	"long unsigned int\000"
 1835      20756E73 
 1835      69676E65 
 1835      6420696E 
 1835      7400
 1836              	.LASF14:
 1837 040f 646F7562 		.ascii	"double\000"
 1837      6C6500
 1838              	.LASF62:
 1839 0416 55415254 		.ascii	"UART_Show_TooSlow_Message\000"
 1839      5F53686F 
 1839      775F546F 
 1839      6F536C6F 
 1839      775F4D65 
 1840              	.LASF36:
 1841 0430 52435F45 		.ascii	"RC_ERROR_CHECKSUM\000"
 1841      52524F52 
 1841      5F434845 
 1841      434B5355 
 1841      4D00
 1842              	.LASF20:
 1843 0442 45455F55 		.ascii	"EE_UREG\000"
 1843      52454700 
 1844              	.LASF57:
 1845 044a 55415254 		.ascii	"UART_Show_Round_Time\000"
 1845      5F53686F 
 1845      775F526F 
 1845      756E645F 
 1845      54696D65 
 1846              	.LASF9:
 1847 045f 5F5F696E 		.ascii	"__int32_t\000"
 1847      7433325F 
 1847      7400
 1848              	.LASF59:
 1849 0469 55415254 		.ascii	"UART_Show_Prompt_Message\000"
 1849      5F53686F 
 1849      775F5072 
 1849      6F6D7074 
 1849      5F4D6573 
 1850              	.LASF55:
 1851 0482 61766774 		.ascii	"avgtime\000"
 1851      696D6500 
 1852              	.LASF45:
 1853 048a 52435F45 		.ascii	"RC_ERROR_CANCELED\000"
 1853      52524F52 
 1853      5F43414E 
 1853      43454C45 
 1853      4400
 1854              	.LASF68:
 1855 049c 49544D5F 		.ascii	"ITM_RxBuffer\000"
 1855      52784275 
 1855      66666572 
 1855      00
 1856              	.LASF24:
ARM GAS  C:\Users\Reza\AppData\Local\Temp\ccPKC4bg.s 			page 41


 1857 04a9 52435F45 		.ascii	"RC_ERROR\000"
 1857      52524F52 
 1857      00
 1858              	.LASF27:
 1859 04b2 52435F45 		.ascii	"RC_ERROR_MEMORY\000"
 1859      52524F52 
 1859      5F4D454D 
 1859      4F525900 
 1860              	.LASF63:
 1861 04c2 45455F6F 		.ascii	"EE_oo_IRQ_disable_count\000"
 1861      6F5F4952 
 1861      515F6469 
 1861      7361626C 
 1861      655F636F 
 1862              	.LASF50:
 1863 04da 55415254 		.ascii	"UART_Show_Score\000"
 1863      5F53686F 
 1863      775F5363 
 1863      6F726500 
 1864              	.LASF32:
 1865 04ea 52435F45 		.ascii	"RC_ERROR_BUFFER_EMTPY\000"
 1865      52524F52 
 1865      5F425546 
 1865      4645525F 
 1865      454D5450 
 1866              	.LASF48:
 1867 0500 52435F74 		.ascii	"RC_t\000"
 1867      00
 1868              	.LASF34:
 1869 0505 52435F45 		.ascii	"RC_ERROR_TIME_OUT\000"
 1869      52524F52 
 1869      5F54494D 
 1869      455F4F55 
 1869      5400
 1870              		.ident	"GCC: (GNU Tools for ARM Embedded Processors) 5.4.1 20160609 (release) [ARM/embedded-5-bran
