ARM GAS  C:\Users\Reza\AppData\Local\Temp\ccq3WVFj.s 			page 1


   1              		.syntax unified
   2              		.cpu cortex-m3
   3              		.fpu softvfp
   4              		.eabi_attribute 20, 1
   5              		.eabi_attribute 21, 1
   6              		.eabi_attribute 23, 3
   7              		.eabi_attribute 24, 1
   8              		.eabi_attribute 25, 1
   9              		.eabi_attribute 26, 1
  10              		.eabi_attribute 30, 4
  11              		.eabi_attribute 34, 1
  12              		.eabi_attribute 18, 4
  13              		.thumb
  14              		.syntax unified
  15              		.file	"blinker.c"
  16              		.text
  17              	.Ltext0:
  18              		.cfi_sections	.debug_frame
  19              		.section	.text.BLINKER_Init,"ax",%progbits
  20              		.align	1
  21              		.global	BLINKER_Init
  22              		.thumb
  23              		.thumb_func
  24              		.type	BLINKER_Init, %function
  25              	BLINKER_Init:
  26              	.LFB110:
  27              		.file 1 "source\\asw\\blinker.c"
   1:source\asw/blinker.c **** /**
   2:source\asw/blinker.c **** * \file <filename>
   3:source\asw/blinker.c **** * \author <author-name>
   4:source\asw/blinker.c **** * \date <date>
   5:source\asw/blinker.c **** *
   6:source\asw/blinker.c **** * \brief <Symbolic File name>
   7:source\asw/blinker.c **** *
   8:source\asw/blinker.c **** * \copyright Copyright ©2016
   9:source\asw/blinker.c **** * Department of electrical engineering and information technology, Hochschule Darmstadt - Universit
  10:source\asw/blinker.c **** * Permission to use, copy, modify, and distribute this software and its documentation for education
  11:source\asw/blinker.c **** * (unless permitted by h_da) and official h_da projects, is hereby granted for enrolled students of
  12:source\asw/blinker.c **** * this paragraph and the following paragraph appear in all copies, modifications, and distributions
  13:source\asw/blinker.c **** * Contact Prof.Dr.-Ing. Peter Fromm, peter.fromm@h-da.de, Birkenweg 8 64295 Darmstadt - GERMANY for
  14:source\asw/blinker.c **** *
  15:source\asw/blinker.c **** * \warning This software is a PROTOTYPE version and is not designed or intended for use in producti
  16:source\asw/blinker.c **** * The user represents and warrants that it will NOT use or redistribute the Software for such purpo
  17:source\asw/blinker.c **** * This prototype is for research purposes only. This software is provided "AS IS," without a warran
  18:source\asw/blinker.c **** */
  19:source\asw/blinker.c **** 
  20:source\asw/blinker.c **** /*****************************************************************************/
  21:source\asw/blinker.c **** /* Include files                                                             */
  22:source\asw/blinker.c **** /*****************************************************************************/
  23:source\asw/blinker.c **** #include "blinker.h"
  24:source\asw/blinker.c **** 
  25:source\asw/blinker.c **** #include "seven.h"
  26:source\asw/blinker.c **** #include "led.h"
  27:source\asw/blinker.c **** 
  28:source\asw/blinker.c **** /*****************************************************************************/
  29:source\asw/blinker.c **** /* Local pre-processor symbols/macros ('#define')                            */
  30:source\asw/blinker.c **** /*****************************************************************************/
ARM GAS  C:\Users\Reza\AppData\Local\Temp\ccq3WVFj.s 			page 2


  31:source\asw/blinker.c **** 
  32:source\asw/blinker.c **** /*****************************************************************************/
  33:source\asw/blinker.c **** /* Global variable definitions (declared in header file with 'extern')       */
  34:source\asw/blinker.c **** /*****************************************************************************/
  35:source\asw/blinker.c **** 
  36:source\asw/blinker.c **** BLINKER_t BLINKER_left = {BLINKER_LEFT, 0};
  37:source\asw/blinker.c **** BLINKER_t BLINKER_right = {BLINKER_RIGHT, 0};
  38:source\asw/blinker.c **** 
  39:source\asw/blinker.c **** /*****************************************************************************/
  40:source\asw/blinker.c **** /* Local type definitions ('typedef')                                        */
  41:source\asw/blinker.c **** /*****************************************************************************/
  42:source\asw/blinker.c **** 
  43:source\asw/blinker.c **** /*****************************************************************************/
  44:source\asw/blinker.c **** /* Local variable definitions ('static')                                     */
  45:source\asw/blinker.c **** /*****************************************************************************/
  46:source\asw/blinker.c **** 
  47:source\asw/blinker.c **** 
  48:source\asw/blinker.c **** 
  49:source\asw/blinker.c **** /*****************************************************************************/
  50:source\asw/blinker.c **** /* Local function prototypes ('static')                                      */
  51:source\asw/blinker.c **** /*****************************************************************************/
  52:source\asw/blinker.c **** 
  53:source\asw/blinker.c **** 
  54:source\asw/blinker.c **** /*****************************************************************************/
  55:source\asw/blinker.c **** /* Function implementation - global ('extern') and local ('static')          */
  56:source\asw/blinker.c **** /*****************************************************************************/
  57:source\asw/blinker.c **** 
  58:source\asw/blinker.c **** /**
  59:source\asw/blinker.c ****  * Blinker Initialisation
  60:source\asw/blinker.c ****  * @param BLINKER_t *const me   - blinker object
  61:source\asw/blinker.c ****  * @param BLINKER_Id_t led      - left/right blinker
  62:source\asw/blinker.c ****  * @return RC_SUCCESS
  63:source\asw/blinker.c ****  */
  64:source\asw/blinker.c **** RC_t BLINKER_Init(BLINKER_t *const me, BLINKER_Id_t led)
  65:source\asw/blinker.c **** {
  28              		.loc 1 65 0
  29              		.cfi_startproc
  30              		@ args = 0, pretend = 0, frame = 0
  31              		@ frame_needed = 0, uses_anonymous_args = 0
  32              		@ link register save eliminated.
  33              	.LVL0:
  66:source\asw/blinker.c ****     
  67:source\asw/blinker.c ****     me->led = led;
  68:source\asw/blinker.c ****     me->remainingBlinks = 0;
  34              		.loc 1 68 0
  35 0000 0023     		movs	r3, #0
  67:source\asw/blinker.c ****     me->remainingBlinks = 0;
  36              		.loc 1 67 0
  37 0002 0170     		strb	r1, [r0]
  38              		.loc 1 68 0
  39 0004 4370     		strb	r3, [r0, #1]
  69:source\asw/blinker.c ****     me->emergency = FALSE;
  40              		.loc 1 69 0
  41 0006 8370     		strb	r3, [r0, #2]
  70:source\asw/blinker.c ****     
  71:source\asw/blinker.c ****     return RC_SUCCESS;
  72:source\asw/blinker.c **** }
ARM GAS  C:\Users\Reza\AppData\Local\Temp\ccq3WVFj.s 			page 3


  42              		.loc 1 72 0
  43 0008 1846     		mov	r0, r3
  44              	.LVL1:
  45 000a 7047     		bx	lr
  46              		.cfi_endproc
  47              	.LFE110:
  48              		.size	BLINKER_Init, .-BLINKER_Init
  49              		.section	.text.BLINKER_Set,"ax",%progbits
  50              		.align	1
  51              		.global	BLINKER_Set
  52              		.thumb
  53              		.thumb_func
  54              		.type	BLINKER_Set, %function
  55              	BLINKER_Set:
  56              	.LFB111:
  73:source\asw/blinker.c ****     
  74:source\asw/blinker.c **** 
  75:source\asw/blinker.c **** /**
  76:source\asw/blinker.c ****  * Set Blinker depending on button press
  77:source\asw/blinker.c ****  * @param BLINKER_t *const me   - blinker object
  78:source\asw/blinker.c ****  * @param uint8_t noBlinks      - number of blinks to go
  79:source\asw/blinker.c ****  * @return RC_SUCCESS
  80:source\asw/blinker.c ****  */
  81:source\asw/blinker.c **** RC_t BLINKER_Set(BLINKER_t *const me, uint8_t noBlinks)
  82:source\asw/blinker.c **** {
  57              		.loc 1 82 0
  58              		.cfi_startproc
  59              		@ args = 0, pretend = 0, frame = 0
  60              		@ frame_needed = 0, uses_anonymous_args = 0
  61              		@ link register save eliminated.
  62              	.LVL2:
  83:source\asw/blinker.c ****     if (me->remainingBlinks < noBlinks)
  63              		.loc 1 83 0
  64 0000 4378     		ldrb	r3, [r0, #1]	@ zero_extendqisi2
  65 0002 8B42     		cmp	r3, r1
  84:source\asw/blinker.c ****     {
  85:source\asw/blinker.c ****         me->remainingBlinks = noBlinks;
  66              		.loc 1 85 0
  67 0004 38BF     		it	cc
  68 0006 4170     		strbcc	r1, [r0, #1]
  86:source\asw/blinker.c ****     }
  87:source\asw/blinker.c ****     
  88:source\asw/blinker.c ****     return RC_SUCCESS;
  89:source\asw/blinker.c **** }
  69              		.loc 1 89 0
  70 0008 0020     		movs	r0, #0
  71              	.LVL3:
  72 000a 7047     		bx	lr
  73              		.cfi_endproc
  74              	.LFE111:
  75              		.size	BLINKER_Set, .-BLINKER_Set
  76              		.section	.text.BLINKER_Blink,"ax",%progbits
  77              		.align	1
  78              		.global	BLINKER_Blink
  79              		.thumb
  80              		.thumb_func
  81              		.type	BLINKER_Blink, %function
ARM GAS  C:\Users\Reza\AppData\Local\Temp\ccq3WVFj.s 			page 4


  82              	BLINKER_Blink:
  83              	.LFB112:
  90:source\asw/blinker.c **** 
  91:source\asw/blinker.c **** 
  92:source\asw/blinker.c **** /**
  93:source\asw/blinker.c ****  * Perform a blink and decrement blink counter
  94:source\asw/blinker.c ****  * @param BLINKER_t *const me   - blinker object
  95:source\asw/blinker.c ****  * @return RC_SUCCESS
  96:source\asw/blinker.c ****  */
  97:source\asw/blinker.c **** RC_t BLINKER_Blink(BLINKER_t *const me)
  98:source\asw/blinker.c **** {
  84              		.loc 1 98 0
  85              		.cfi_startproc
  86              		@ args = 0, pretend = 0, frame = 0
  87              		@ frame_needed = 0, uses_anonymous_args = 0
  88              	.LVL4:
  89 0000 F8B5     		push	{r3, r4, r5, r6, r7, lr}
  90              		.cfi_def_cfa_offset 24
  91              		.cfi_offset 3, -24
  92              		.cfi_offset 4, -20
  93              		.cfi_offset 5, -16
  94              		.cfi_offset 6, -12
  95              		.cfi_offset 7, -8
  96              		.cfi_offset 14, -4
  99:source\asw/blinker.c ****     LED_id_t led = LED_ALL;
 100:source\asw/blinker.c ****     SEVEN_id_t seven = SEVEN_0;
 101:source\asw/blinker.c ****     
 102:source\asw/blinker.c ****     switch (me->led)
  97              		.loc 1 102 0
  98 0002 0478     		ldrb	r4, [r0]	@ zero_extendqisi2
  98:source\asw/blinker.c ****     LED_id_t led = LED_ALL;
  99              		.loc 1 98 0
 100 0004 0546     		mov	r5, r0
 101              		.loc 1 102 0
 102 0006 34B1     		cbz	r4, .L6
 100:source\asw/blinker.c ****     
 103              		.loc 1 100 0
 104 0008 012C     		cmp	r4, #1
 105 000a 0BBF     		itete	eq
 106 000c 0124     		moveq	r4, #1
 107 000e 0024     		movne	r4, #0
 108 0010 0226     		moveq	r6, #2
 109 0012 0326     		movne	r6, #3
 110 0014 00E0     		b	.L5
 111              	.L6:
 112              	.LVL5:
 103:source\asw/blinker.c ****     {
 104:source\asw/blinker.c ****         case BLINKER_LEFT : 
 105:source\asw/blinker.c ****             led = LED_GREEN;
 106:source\asw/blinker.c ****             seven = SEVEN_1;
 107:source\asw/blinker.c ****             break;
 108:source\asw/blinker.c ****         case BLINKER_RIGHT : 
 109:source\asw/blinker.c ****             led = LED_RED;
 113              		.loc 1 109 0
 114 0016 2646     		mov	r6, r4
 115              	.LVL6:
 116              	.L5:
ARM GAS  C:\Users\Reza\AppData\Local\Temp\ccq3WVFj.s 			page 5


 110:source\asw/blinker.c ****             seven = SEVEN_0;
 111:source\asw/blinker.c ****             break;
 112:source\asw/blinker.c ****     }
 113:source\asw/blinker.c ****     
 114:source\asw/blinker.c ****     //normal operation
 115:source\asw/blinker.c ****     if (FALSE == me->emergency)
 117              		.loc 1 115 0
 118 0018 AB78     		ldrb	r3, [r5, #2]	@ zero_extendqisi2
 119 001a 9BB9     		cbnz	r3, .L8
 116:source\asw/blinker.c ****     {
 117:source\asw/blinker.c ****         if (me->remainingBlinks > 0)
 120              		.loc 1 117 0
 121 001c 6F78     		ldrb	r7, [r5, #1]	@ zero_extendqisi2
 122 001e 57B1     		cbz	r7, .L9
 118:source\asw/blinker.c ****         {
 119:source\asw/blinker.c ****             LED_Toggle(led); 
 123              		.loc 1 119 0
 124 0020 3046     		mov	r0, r6
 125              	.LVL7:
 126 0022 FFF7FEFF 		bl	LED_Toggle
 127              	.LVL8:
 120:source\asw/blinker.c ****             SEVEN_Set(seven, me->remainingBlinks);
 128              		.loc 1 120 0
 129 0026 6978     		ldrb	r1, [r5, #1]	@ zero_extendqisi2
 130 0028 2046     		mov	r0, r4
 131 002a FFF7FEFF 		bl	SEVEN_Set
 132              	.LVL9:
 121:source\asw/blinker.c ****             
 122:source\asw/blinker.c ****             me->remainingBlinks--;    
 133              		.loc 1 122 0
 134 002e 6B78     		ldrb	r3, [r5, #1]	@ zero_extendqisi2
 135 0030 013B     		subs	r3, r3, #1
 136 0032 6B70     		strb	r3, [r5, #1]
 137 0034 06E0     		b	.L8
 138              	.LVL10:
 139              	.L9:
 123:source\asw/blinker.c **** 
 124:source\asw/blinker.c ****         }
 125:source\asw/blinker.c ****         else    
 126:source\asw/blinker.c ****         {
 127:source\asw/blinker.c ****             //Robustness code, to make sure everything is turned off at the end of the sequence
 128:source\asw/blinker.c ****             SEVEN_Clear(seven);
 140              		.loc 1 128 0
 141 0036 2046     		mov	r0, r4
 142              	.LVL11:
 143 0038 FFF7FEFF 		bl	SEVEN_Clear
 144              	.LVL12:
 129:source\asw/blinker.c ****             LED_Set(led, LED_OFF);
 145              		.loc 1 129 0
 146 003c 3946     		mov	r1, r7
 147 003e 3046     		mov	r0, r6
 148 0040 FFF7FEFF 		bl	LED_Set
 149              	.LVL13:
 150              	.L8:
 130:source\asw/blinker.c ****         }
 131:source\asw/blinker.c ****     }
 132:source\asw/blinker.c ****     
ARM GAS  C:\Users\Reza\AppData\Local\Temp\ccq3WVFj.s 			page 6


 133:source\asw/blinker.c ****     
 134:source\asw/blinker.c ****     //Emergency
 135:source\asw/blinker.c ****     if (TRUE == me->emergency)
 151              		.loc 1 135 0
 152 0044 AB78     		ldrb	r3, [r5, #2]	@ zero_extendqisi2
 153 0046 012B     		cmp	r3, #1
 154 0048 08D1     		bne	.L10
 136:source\asw/blinker.c ****     {
 137:source\asw/blinker.c ****         LED_Toggle(led); 
 155              		.loc 1 137 0
 156 004a 3046     		mov	r0, r6
 157 004c FFF7FEFF 		bl	LED_Toggle
 158              	.LVL14:
 138:source\asw/blinker.c ****         SEVEN_Set(seven, 14); //E
 159              		.loc 1 138 0
 160 0050 2046     		mov	r0, r4
 139:source\asw/blinker.c ****     }
 140:source\asw/blinker.c **** }
 161              		.loc 1 140 0
 162 0052 BDE8F840 		pop	{r3, r4, r5, r6, r7, lr}
 163              		.cfi_remember_state
 164              		.cfi_restore 14
 165              		.cfi_restore 7
 166              		.cfi_restore 6
 167              		.cfi_restore 5
 168              		.cfi_restore 4
 169              		.cfi_restore 3
 170              		.cfi_def_cfa_offset 0
 171              	.LVL15:
 138:source\asw/blinker.c ****         SEVEN_Set(seven, 14); //E
 172              		.loc 1 138 0
 173 0056 0E21     		movs	r1, #14
 174 0058 FFF7FEBF 		b	SEVEN_Set
 175              	.LVL16:
 176              	.L10:
 177              		.cfi_restore_state
 178              		.loc 1 140 0
 179 005c F8BD     		pop	{r3, r4, r5, r6, r7, pc}
 180              		.cfi_endproc
 181              	.LFE112:
 182              		.size	BLINKER_Blink, .-BLINKER_Blink
 183              		.section	.text.BLINKER_Emergency,"ax",%progbits
 184              		.align	1
 185              		.global	BLINKER_Emergency
 186              		.thumb
 187              		.thumb_func
 188              		.type	BLINKER_Emergency, %function
 189              	BLINKER_Emergency:
 190              	.LFB113:
 141:source\asw/blinker.c ****     
 142:source\asw/blinker.c **** /**
 143:source\asw/blinker.c ****  * Perform a blink and decrement blink counter
 144:source\asw/blinker.c ****  * @param BLINKER_t *const me   - blinker object
 145:source\asw/blinker.c ****  * @return RC_SUCCESS
 146:source\asw/blinker.c ****  */
 147:source\asw/blinker.c **** RC_t BLINKER_Emergency(BLINKER_t *const left, BLINKER_t *const right)
 148:source\asw/blinker.c **** {
ARM GAS  C:\Users\Reza\AppData\Local\Temp\ccq3WVFj.s 			page 7


 191              		.loc 1 148 0
 192              		.cfi_startproc
 193              		@ args = 0, pretend = 0, frame = 0
 194              		@ frame_needed = 0, uses_anonymous_args = 0
 195              		@ link register save eliminated.
 196              	.LVL17:
 149:source\asw/blinker.c ****     left->emergency = TRUE;
 197              		.loc 1 149 0
 198 0000 0123     		movs	r3, #1
 199 0002 8370     		strb	r3, [r0, #2]
 150:source\asw/blinker.c ****     right->emergency = TRUE;
 200              		.loc 1 150 0
 201 0004 8B70     		strb	r3, [r1, #2]
 202              	.LVL18:
 151:source\asw/blinker.c **** }
 203              		.loc 1 151 0
 204 0006 7047     		bx	lr
 205              		.cfi_endproc
 206              	.LFE113:
 207              		.size	BLINKER_Emergency, .-BLINKER_Emergency
 208              		.global	BLINKER_right
 209              		.global	BLINKER_left
 210              		.data
 211              		.type	BLINKER_left, %object
 212              		.size	BLINKER_left, 3
 213              	BLINKER_left:
 214 0000 01       		.byte	1
 215 0001 00       		.byte	0
 216 0002 00       		.space	1
 217              		.bss
 218              		.type	BLINKER_right, %object
 219              		.size	BLINKER_right, 3
 220              	BLINKER_right:
 221 0000 000000   		.space	3
 222              		.text
 223              	.Letext0:
 224              		.file 2 "c:\\program files (x86)\\cypress\\psoc creator\\4.2\\psoc creator\\import\\gnu\\arm\\5.4.
 225              		.file 3 "c:\\program files (x86)\\cypress\\psoc creator\\4.2\\psoc creator\\import\\gnu\\arm\\5.4.
 226              		.file 4 "Generated_Source\\PSoC5/ErikaOS_1_common_ee_types.inc"
 227              		.file 5 "Generated_Source\\PSoC5/ErikaOS_1_cortex_mx_ee_cpu.inc"
 228              		.file 6 ".\\source\\bsw/global.h"
 229              		.file 7 "source\\asw\\blinker.h"
 230              		.file 8 ".\\source\\bsw/seven.h"
 231              		.file 9 ".\\source\\bsw/led.h"
 232              		.file 10 "Generated_Source\\PSoC5/ErikaOS_1_ee_oo_intfunc.inc"
 233              		.file 11 "Generated_Source\\PSoC5/ErikaOS_1_cortex_mx_ee_context.inc"
 234              		.file 12 "Generated_Source\\PSoC5/ErikaOS_1_common_ee_primitives.inc"
 235              		.file 13 "Generated_Source\\PSoC5/core_cm3.h"
 236              		.section	.debug_info,"",%progbits
 237              	.Ldebug_info0:
 238 0000 84040000 		.4byte	0x484
 239 0004 0400     		.2byte	0x4
 240 0006 00000000 		.4byte	.Ldebug_abbrev0
 241 000a 04       		.byte	0x4
 242 000b 01       		.uleb128 0x1
 243 000c 30050000 		.4byte	.LASF89
 244 0010 0C       		.byte	0xc
ARM GAS  C:\Users\Reza\AppData\Local\Temp\ccq3WVFj.s 			page 8


 245 0011 E7030000 		.4byte	.LASF90
 246 0015 1A010000 		.4byte	.LASF91
 247 0019 00000000 		.4byte	.Ldebug_ranges0+0
 248 001d 00000000 		.4byte	0
 249 0021 00000000 		.4byte	.Ldebug_line0
 250 0025 02       		.uleb128 0x2
 251 0026 01       		.byte	0x1
 252 0027 06       		.byte	0x6
 253 0028 29000000 		.4byte	.LASF0
 254 002c 03       		.uleb128 0x3
 255 002d 9A020000 		.4byte	.LASF4
 256 0031 02       		.byte	0x2
 257 0032 1D       		.byte	0x1d
 258 0033 37000000 		.4byte	0x37
 259 0037 02       		.uleb128 0x2
 260 0038 01       		.byte	0x1
 261 0039 08       		.byte	0x8
 262 003a 09030000 		.4byte	.LASF1
 263 003e 02       		.uleb128 0x2
 264 003f 02       		.byte	0x2
 265 0040 05       		.byte	0x5
 266 0041 90020000 		.4byte	.LASF2
 267 0045 02       		.uleb128 0x2
 268 0046 02       		.byte	0x2
 269 0047 07       		.byte	0x7
 270 0048 C3030000 		.4byte	.LASF3
 271 004c 03       		.uleb128 0x3
 272 004d B9040000 		.4byte	.LASF5
 273 0051 02       		.byte	0x2
 274 0052 3F       		.byte	0x3f
 275 0053 57000000 		.4byte	0x57
 276 0057 02       		.uleb128 0x2
 277 0058 04       		.byte	0x4
 278 0059 05       		.byte	0x5
 279 005a 60020000 		.4byte	.LASF6
 280 005e 02       		.uleb128 0x2
 281 005f 04       		.byte	0x4
 282 0060 07       		.byte	0x7
 283 0061 5E040000 		.4byte	.LASF7
 284 0065 02       		.uleb128 0x2
 285 0066 08       		.byte	0x8
 286 0067 05       		.byte	0x5
 287 0068 0D020000 		.4byte	.LASF8
 288 006c 02       		.uleb128 0x2
 289 006d 08       		.byte	0x8
 290 006e 07       		.byte	0x7
 291 006f 39030000 		.4byte	.LASF9
 292 0073 04       		.uleb128 0x4
 293 0074 04       		.byte	0x4
 294 0075 05       		.byte	0x5
 295 0076 696E7400 		.ascii	"int\000"
 296 007a 02       		.uleb128 0x2
 297 007b 04       		.byte	0x4
 298 007c 07       		.byte	0x7
 299 007d 60030000 		.4byte	.LASF10
 300 0081 03       		.uleb128 0x3
 301 0082 FB000000 		.4byte	.LASF11
ARM GAS  C:\Users\Reza\AppData\Local\Temp\ccq3WVFj.s 			page 9


 302 0086 03       		.byte	0x3
 303 0087 18       		.byte	0x18
 304 0088 2C000000 		.4byte	0x2c
 305 008c 03       		.uleb128 0x3
 306 008d 31030000 		.4byte	.LASF12
 307 0091 03       		.byte	0x3
 308 0092 2C       		.byte	0x2c
 309 0093 4C000000 		.4byte	0x4c
 310 0097 02       		.uleb128 0x2
 311 0098 04       		.byte	0x4
 312 0099 04       		.byte	0x4
 313 009a FD010000 		.4byte	.LASF13
 314 009e 02       		.uleb128 0x2
 315 009f 08       		.byte	0x8
 316 00a0 04       		.byte	0x4
 317 00a1 70040000 		.4byte	.LASF14
 318 00a5 02       		.uleb128 0x2
 319 00a6 01       		.byte	0x1
 320 00a7 08       		.byte	0x8
 321 00a8 D6030000 		.4byte	.LASF15
 322 00ac 02       		.uleb128 0x2
 323 00ad 08       		.byte	0x8
 324 00ae 04       		.byte	0x4
 325 00af F0020000 		.4byte	.LASF16
 326 00b3 02       		.uleb128 0x2
 327 00b4 04       		.byte	0x4
 328 00b5 07       		.byte	0x7
 329 00b6 78000000 		.4byte	.LASF17
 330 00ba 03       		.uleb128 0x3
 331 00bb BA030000 		.4byte	.LASF18
 332 00bf 04       		.byte	0x4
 333 00c0 53       		.byte	0x53
 334 00c1 73000000 		.4byte	0x73
 335 00c5 03       		.uleb128 0x3
 336 00c6 CA000000 		.4byte	.LASF19
 337 00ca 04       		.byte	0x4
 338 00cb 54       		.byte	0x54
 339 00cc 7A000000 		.4byte	0x7a
 340 00d0 03       		.uleb128 0x3
 341 00d1 94040000 		.4byte	.LASF20
 342 00d5 05       		.byte	0x5
 343 00d6 4D       		.byte	0x4d
 344 00d7 C5000000 		.4byte	0xc5
 345 00db 03       		.uleb128 0x3
 346 00dc A0000000 		.4byte	.LASF21
 347 00e0 05       		.byte	0x5
 348 00e1 4F       		.byte	0x4f
 349 00e2 C5000000 		.4byte	0xc5
 350 00e6 03       		.uleb128 0x3
 351 00e7 7B020000 		.4byte	.LASF22
 352 00eb 05       		.byte	0x5
 353 00ec 78       		.byte	0x78
 354 00ed BA000000 		.4byte	0xba
 355 00f1 03       		.uleb128 0x3
 356 00f2 C7020000 		.4byte	.LASF23
 357 00f6 06       		.byte	0x6
 358 00f7 82       		.byte	0x82
ARM GAS  C:\Users\Reza\AppData\Local\Temp\ccq3WVFj.s 			page 10


 359 00f8 37000000 		.4byte	0x37
 360 00fc 05       		.uleb128 0x5
 361 00fd 65524300 		.ascii	"eRC\000"
 362 0101 01       		.byte	0x1
 363 0102 25000000 		.4byte	0x25
 364 0106 06       		.byte	0x6
 365 0107 AC       		.byte	0xac
 366 0108 A3010000 		.4byte	0x1a3
 367 010c 06       		.uleb128 0x6
 368 010d 18000000 		.4byte	.LASF24
 369 0111 00       		.byte	0
 370 0112 07       		.uleb128 0x7
 371 0113 E7040000 		.4byte	.LASF25
 372 0117 7F       		.sleb128 -1
 373 0118 07       		.uleb128 0x7
 374 0119 96030000 		.4byte	.LASF26
 375 011d 7E       		.sleb128 -2
 376 011e 07       		.uleb128 0x7
 377 011f 92000000 		.4byte	.LASF27
 378 0123 7D       		.sleb128 -3
 379 0124 07       		.uleb128 0x7
 380 0125 F8040000 		.4byte	.LASF28
 381 0129 7C       		.sleb128 -4
 382 012a 07       		.uleb128 0x7
 383 012b AA040000 		.4byte	.LASF29
 384 012f 7B       		.sleb128 -5
 385 0130 07       		.uleb128 0x7
 386 0131 52000000 		.4byte	.LASF30
 387 0135 7A       		.sleb128 -6
 388 0136 07       		.uleb128 0x7
 389 0137 69020000 		.4byte	.LASF31
 390 013b 79       		.sleb128 -7
 391 013c 07       		.uleb128 0x7
 392 013d FC030000 		.4byte	.LASF32
 393 0141 78       		.sleb128 -8
 394 0142 07       		.uleb128 0x7
 395 0143 A4030000 		.4byte	.LASF33
 396 0147 77       		.sleb128 -9
 397 0148 07       		.uleb128 0x7
 398 0149 82020000 		.4byte	.LASF34
 399 014d 76       		.sleb128 -10
 400 014e 07       		.uleb128 0x7
 401 014f D0050000 		.4byte	.LASF35
 402 0153 75       		.sleb128 -11
 403 0154 07       		.uleb128 0x7
 404 0155 6D030000 		.4byte	.LASF36
 405 0159 74       		.sleb128 -12
 406 015a 07       		.uleb128 0x7
 407 015b 82040000 		.4byte	.LASF37
 408 015f 73       		.sleb128 -13
 409 0160 07       		.uleb128 0x7
 410 0161 D1020000 		.4byte	.LASF38
 411 0165 72       		.sleb128 -14
 412 0166 07       		.uleb128 0x7
 413 0167 35000000 		.4byte	.LASF39
 414 016b 71       		.sleb128 -15
 415 016c 07       		.uleb128 0x7
ARM GAS  C:\Users\Reza\AppData\Local\Temp\ccq3WVFj.s 			page 11


 416 016d A4020000 		.4byte	.LASF40
 417 0171 70       		.sleb128 -16
 418 0172 07       		.uleb128 0x7
 419 0173 A8000000 		.4byte	.LASF41
 420 0177 6F       		.sleb128 -17
 421 0178 07       		.uleb128 0x7
 422 0179 63000000 		.4byte	.LASF42
 423 017d 6E       		.sleb128 -18
 424 017e 07       		.uleb128 0x7
 425 017f 3C020000 		.4byte	.LASF43
 426 0183 6D       		.sleb128 -19
 427 0184 07       		.uleb128 0x7
 428 0185 24040000 		.4byte	.LASF44
 429 0189 6C       		.sleb128 -20
 430 018a 07       		.uleb128 0x7
 431 018b B5020000 		.4byte	.LASF45
 432 018f 6B       		.sleb128 -21
 433 0190 07       		.uleb128 0x7
 434 0191 17030000 		.4byte	.LASF46
 435 0195 6A       		.sleb128 -22
 436 0196 07       		.uleb128 0x7
 437 0197 03010000 		.4byte	.LASF47
 438 019b 69       		.sleb128 -23
 439 019c 07       		.uleb128 0x7
 440 019d 4F020000 		.4byte	.LASF48
 441 01a1 68       		.sleb128 -24
 442 01a2 00       		.byte	0
 443 01a3 03       		.uleb128 0x3
 444 01a4 BE050000 		.4byte	.LASF49
 445 01a8 06       		.byte	0x6
 446 01a9 C8       		.byte	0xc8
 447 01aa FC000000 		.4byte	0xfc
 448 01ae 08       		.uleb128 0x8
 449 01af 49000000 		.4byte	.LASF50
 450 01b3 01       		.byte	0x1
 451 01b4 37000000 		.4byte	0x37
 452 01b8 07       		.byte	0x7
 453 01b9 5A       		.byte	0x5a
 454 01ba CB010000 		.4byte	0x1cb
 455 01be 06       		.uleb128 0x6
 456 01bf 16040000 		.4byte	.LASF51
 457 01c3 00       		.byte	0
 458 01c4 06       		.uleb128 0x6
 459 01c5 0B000000 		.4byte	.LASF52
 460 01c9 01       		.byte	0x1
 461 01ca 00       		.byte	0
 462 01cb 03       		.uleb128 0x3
 463 01cc FC020000 		.4byte	.LASF53
 464 01d0 07       		.byte	0x7
 465 01d1 5E       		.byte	0x5e
 466 01d2 AE010000 		.4byte	0x1ae
 467 01d6 09       		.uleb128 0x9
 468 01d7 81000000 		.4byte	.LASF92
 469 01db 03       		.byte	0x3
 470 01dc 07       		.byte	0x7
 471 01dd 66       		.byte	0x66
 472 01de 07020000 		.4byte	0x207
ARM GAS  C:\Users\Reza\AppData\Local\Temp\ccq3WVFj.s 			page 12


 473 01e2 0A       		.uleb128 0xa
 474 01e3 6C656400 		.ascii	"led\000"
 475 01e7 07       		.byte	0x7
 476 01e8 67       		.byte	0x67
 477 01e9 CB010000 		.4byte	0x1cb
 478 01ed 00       		.byte	0
 479 01ee 0B       		.uleb128 0xb
 480 01ef 20050000 		.4byte	.LASF54
 481 01f3 07       		.byte	0x7
 482 01f4 68       		.byte	0x68
 483 01f5 81000000 		.4byte	0x81
 484 01f9 01       		.byte	0x1
 485 01fa 0B       		.uleb128 0xb
 486 01fb 41040000 		.4byte	.LASF55
 487 01ff 07       		.byte	0x7
 488 0200 69       		.byte	0x69
 489 0201 F1000000 		.4byte	0xf1
 490 0205 02       		.byte	0x2
 491 0206 00       		.byte	0
 492 0207 03       		.uleb128 0x3
 493 0208 E6000000 		.4byte	.LASF56
 494 020c 07       		.byte	0x7
 495 020d 6B       		.byte	0x6b
 496 020e D6010000 		.4byte	0x1d6
 497 0212 0C       		.uleb128 0xc
 498 0213 01       		.byte	0x1
 499 0214 37000000 		.4byte	0x37
 500 0218 08       		.byte	0x8
 501 0219 5F       		.byte	0x5f
 502 021a 2B020000 		.4byte	0x22b
 503 021e 06       		.uleb128 0x6
 504 021f 8A000000 		.4byte	.LASF57
 505 0223 00       		.byte	0
 506 0224 06       		.uleb128 0x6
 507 0225 29030000 		.4byte	.LASF58
 508 0229 01       		.byte	0x1
 509 022a 00       		.byte	0
 510 022b 03       		.uleb128 0x3
 511 022c 77040000 		.4byte	.LASF59
 512 0230 08       		.byte	0x8
 513 0231 62       		.byte	0x62
 514 0232 12020000 		.4byte	0x212
 515 0236 08       		.uleb128 0x8
 516 0237 1B020000 		.4byte	.LASF60
 517 023b 01       		.byte	0x1
 518 023c 37000000 		.4byte	0x37
 519 0240 09       		.byte	0x9
 520 0241 5A       		.byte	0x5a
 521 0242 5F020000 		.4byte	0x25f
 522 0246 06       		.uleb128 0x6
 523 0247 F0040000 		.4byte	.LASF61
 524 024b 00       		.byte	0
 525 024c 06       		.uleb128 0x6
 526 024d 8B030000 		.4byte	.LASF62
 527 0251 01       		.byte	0x1
 528 0252 06       		.uleb128 0x6
 529 0253 37040000 		.4byte	.LASF63
ARM GAS  C:\Users\Reza\AppData\Local\Temp\ccq3WVFj.s 			page 13


 530 0257 02       		.byte	0x2
 531 0258 06       		.uleb128 0x6
 532 0259 A2040000 		.4byte	.LASF64
 533 025d 03       		.byte	0x3
 534 025e 00       		.byte	0
 535 025f 03       		.uleb128 0x3
 536 0260 57030000 		.4byte	.LASF65
 537 0264 09       		.byte	0x9
 538 0265 60       		.byte	0x60
 539 0266 36020000 		.4byte	0x236
 540 026a 08       		.uleb128 0x8
 541 026b F0000000 		.4byte	.LASF66
 542 026f 01       		.byte	0x1
 543 0270 37000000 		.4byte	0x37
 544 0274 09       		.byte	0x9
 545 0275 62       		.byte	0x62
 546 0276 87020000 		.4byte	0x287
 547 027a 06       		.uleb128 0x6
 548 027b 83030000 		.4byte	.LASF67
 549 027f 00       		.byte	0
 550 0280 06       		.uleb128 0x6
 551 0281 50030000 		.4byte	.LASF68
 552 0285 01       		.byte	0x1
 553 0286 00       		.byte	0
 554 0287 0D       		.uleb128 0xd
 555 0288 C3050000 		.4byte	.LASF69
 556 028c 01       		.byte	0x1
 557 028d 40       		.byte	0x40
 558 028e A3010000 		.4byte	0x1a3
 559 0292 00000000 		.4byte	.LFB110
 560 0296 0C000000 		.4byte	.LFE110-.LFB110
 561 029a 01       		.uleb128 0x1
 562 029b 9C       		.byte	0x9c
 563 029c BC020000 		.4byte	0x2bc
 564 02a0 0E       		.uleb128 0xe
 565 02a1 6D6500   		.ascii	"me\000"
 566 02a4 01       		.byte	0x1
 567 02a5 40       		.byte	0x40
 568 02a6 C2020000 		.4byte	0x2c2
 569 02aa 00000000 		.4byte	.LLST0
 570 02ae 0F       		.uleb128 0xf
 571 02af 6C656400 		.ascii	"led\000"
 572 02b3 01       		.byte	0x1
 573 02b4 40       		.byte	0x40
 574 02b5 CB010000 		.4byte	0x1cb
 575 02b9 01       		.uleb128 0x1
 576 02ba 51       		.byte	0x51
 577 02bb 00       		.byte	0
 578 02bc 10       		.uleb128 0x10
 579 02bd 04       		.byte	0x4
 580 02be 07020000 		.4byte	0x207
 581 02c2 11       		.uleb128 0x11
 582 02c3 BC020000 		.4byte	0x2bc
 583 02c7 0D       		.uleb128 0xd
 584 02c8 DB030000 		.4byte	.LASF70
 585 02cc 01       		.byte	0x1
 586 02cd 51       		.byte	0x51
ARM GAS  C:\Users\Reza\AppData\Local\Temp\ccq3WVFj.s 			page 14


 587 02ce A3010000 		.4byte	0x1a3
 588 02d2 00000000 		.4byte	.LFB111
 589 02d6 0C000000 		.4byte	.LFE111-.LFB111
 590 02da 01       		.uleb128 0x1
 591 02db 9C       		.byte	0x9c
 592 02dc FC020000 		.4byte	0x2fc
 593 02e0 0E       		.uleb128 0xe
 594 02e1 6D6500   		.ascii	"me\000"
 595 02e4 01       		.byte	0x1
 596 02e5 51       		.byte	0x51
 597 02e6 C2020000 		.4byte	0x2c2
 598 02ea 21000000 		.4byte	.LLST1
 599 02ee 12       		.uleb128 0x12
 600 02ef C3040000 		.4byte	.LASF71
 601 02f3 01       		.byte	0x1
 602 02f4 51       		.byte	0x51
 603 02f5 81000000 		.4byte	0x81
 604 02f9 01       		.uleb128 0x1
 605 02fa 51       		.byte	0x51
 606 02fb 00       		.byte	0
 607 02fc 0D       		.uleb128 0xd
 608 02fd BC000000 		.4byte	.LASF72
 609 0301 01       		.byte	0x1
 610 0302 61       		.byte	0x61
 611 0303 A3010000 		.4byte	0x1a3
 612 0307 00000000 		.4byte	.LFB112
 613 030b 5E000000 		.4byte	.LFE112-.LFB112
 614 030f 01       		.uleb128 0x1
 615 0310 9C       		.byte	0x9c
 616 0311 BB030000 		.4byte	0x3bb
 617 0315 0E       		.uleb128 0xe
 618 0316 6D6500   		.ascii	"me\000"
 619 0319 01       		.byte	0x1
 620 031a 61       		.byte	0x61
 621 031b C2020000 		.4byte	0x2c2
 622 031f 42000000 		.4byte	.LLST2
 623 0323 13       		.uleb128 0x13
 624 0324 6C656400 		.ascii	"led\000"
 625 0328 01       		.byte	0x1
 626 0329 63       		.byte	0x63
 627 032a 5F020000 		.4byte	0x25f
 628 032e 8F000000 		.4byte	.LLST3
 629 0332 14       		.uleb128 0x14
 630 0333 9C040000 		.4byte	.LASF73
 631 0337 01       		.byte	0x1
 632 0338 64       		.byte	0x64
 633 0339 2B020000 		.4byte	0x22b
 634 033d C5000000 		.4byte	.LLST4
 635 0341 15       		.uleb128 0x15
 636 0342 26000000 		.4byte	.LVL8
 637 0346 5B040000 		.4byte	0x45b
 638 034a 55030000 		.4byte	0x355
 639 034e 16       		.uleb128 0x16
 640 034f 01       		.uleb128 0x1
 641 0350 50       		.byte	0x50
 642 0351 02       		.uleb128 0x2
 643 0352 76       		.byte	0x76
ARM GAS  C:\Users\Reza\AppData\Local\Temp\ccq3WVFj.s 			page 15


 644 0353 00       		.sleb128 0
 645 0354 00       		.byte	0
 646 0355 15       		.uleb128 0x15
 647 0356 2E000000 		.4byte	.LVL9
 648 035a 66040000 		.4byte	0x466
 649 035e 69030000 		.4byte	0x369
 650 0362 16       		.uleb128 0x16
 651 0363 01       		.uleb128 0x1
 652 0364 50       		.byte	0x50
 653 0365 02       		.uleb128 0x2
 654 0366 74       		.byte	0x74
 655 0367 00       		.sleb128 0
 656 0368 00       		.byte	0
 657 0369 15       		.uleb128 0x15
 658 036a 3C000000 		.4byte	.LVL12
 659 036e 71040000 		.4byte	0x471
 660 0372 7D030000 		.4byte	0x37d
 661 0376 16       		.uleb128 0x16
 662 0377 01       		.uleb128 0x1
 663 0378 50       		.byte	0x50
 664 0379 02       		.uleb128 0x2
 665 037a 74       		.byte	0x74
 666 037b 00       		.sleb128 0
 667 037c 00       		.byte	0
 668 037d 15       		.uleb128 0x15
 669 037e 44000000 		.4byte	.LVL13
 670 0382 7C040000 		.4byte	0x47c
 671 0386 97030000 		.4byte	0x397
 672 038a 16       		.uleb128 0x16
 673 038b 01       		.uleb128 0x1
 674 038c 50       		.byte	0x50
 675 038d 02       		.uleb128 0x2
 676 038e 76       		.byte	0x76
 677 038f 00       		.sleb128 0
 678 0390 16       		.uleb128 0x16
 679 0391 01       		.uleb128 0x1
 680 0392 51       		.byte	0x51
 681 0393 02       		.uleb128 0x2
 682 0394 77       		.byte	0x77
 683 0395 00       		.sleb128 0
 684 0396 00       		.byte	0
 685 0397 15       		.uleb128 0x15
 686 0398 50000000 		.4byte	.LVL14
 687 039c 5B040000 		.4byte	0x45b
 688 03a0 AB030000 		.4byte	0x3ab
 689 03a4 16       		.uleb128 0x16
 690 03a5 01       		.uleb128 0x1
 691 03a6 50       		.byte	0x50
 692 03a7 02       		.uleb128 0x2
 693 03a8 76       		.byte	0x76
 694 03a9 00       		.sleb128 0
 695 03aa 00       		.byte	0
 696 03ab 17       		.uleb128 0x17
 697 03ac 5C000000 		.4byte	.LVL16
 698 03b0 66040000 		.4byte	0x466
 699 03b4 16       		.uleb128 0x16
 700 03b5 01       		.uleb128 0x1
ARM GAS  C:\Users\Reza\AppData\Local\Temp\ccq3WVFj.s 			page 16


 701 03b6 51       		.byte	0x51
 702 03b7 01       		.uleb128 0x1
 703 03b8 3E       		.byte	0x3e
 704 03b9 00       		.byte	0
 705 03ba 00       		.byte	0
 706 03bb 0D       		.uleb128 0xd
 707 03bc D4000000 		.4byte	.LASF74
 708 03c0 01       		.byte	0x1
 709 03c1 93       		.byte	0x93
 710 03c2 A3010000 		.4byte	0x1a3
 711 03c6 00000000 		.4byte	.LFB113
 712 03ca 08000000 		.4byte	.LFE113-.LFB113
 713 03ce 01       		.uleb128 0x1
 714 03cf 9C       		.byte	0x9c
 715 03d0 F1030000 		.4byte	0x3f1
 716 03d4 18       		.uleb128 0x18
 717 03d5 11040000 		.4byte	.LASF75
 718 03d9 01       		.byte	0x1
 719 03da 93       		.byte	0x93
 720 03db C2020000 		.4byte	0x2c2
 721 03df EF000000 		.4byte	.LLST5
 722 03e3 12       		.uleb128 0x12
 723 03e4 23000000 		.4byte	.LASF76
 724 03e8 01       		.byte	0x1
 725 03e9 93       		.byte	0x93
 726 03ea C2020000 		.4byte	0x2c2
 727 03ee 01       		.uleb128 0x1
 728 03ef 51       		.byte	0x51
 729 03f0 00       		.byte	0
 730 03f1 19       		.uleb128 0x19
 731 03f2 08050000 		.4byte	.LASF77
 732 03f6 0A       		.byte	0xa
 733 03f7 40       		.byte	0x40
 734 03f8 D0000000 		.4byte	0xd0
 735 03fc 19       		.uleb128 0x19
 736 03fd 23020000 		.4byte	.LASF78
 737 0401 0A       		.byte	0xa
 738 0402 47       		.byte	0x47
 739 0403 DB000000 		.4byte	0xdb
 740 0407 19       		.uleb128 0x19
 741 0408 4B040000 		.4byte	.LASF79
 742 040c 0A       		.byte	0xa
 743 040d 4A       		.byte	0x4a
 744 040e D0000000 		.4byte	0xd0
 745 0412 19       		.uleb128 0x19
 746 0413 D7010000 		.4byte	.LASF80
 747 0417 0B       		.byte	0xb
 748 0418 48       		.byte	0x48
 749 0419 E6000000 		.4byte	0xe6
 750 041d 19       		.uleb128 0x19
 751 041e C2010000 		.4byte	.LASF81
 752 0422 0C       		.byte	0xc
 753 0423 44       		.byte	0x44
 754 0424 D0000000 		.4byte	0xd0
 755 0428 1A       		.uleb128 0x1a
 756 0429 DA040000 		.4byte	.LASF82
 757 042d 0D       		.byte	0xd
ARM GAS  C:\Users\Reza\AppData\Local\Temp\ccq3WVFj.s 			page 17


 758 042e 1207     		.2byte	0x712
 759 0430 34040000 		.4byte	0x434
 760 0434 1B       		.uleb128 0x1b
 761 0435 8C000000 		.4byte	0x8c
 762 0439 1C       		.uleb128 0x1c
 763 043a F0010000 		.4byte	.LASF83
 764 043e 01       		.byte	0x1
 765 043f 24       		.byte	0x24
 766 0440 07020000 		.4byte	0x207
 767 0444 05       		.uleb128 0x5
 768 0445 03       		.byte	0x3
 769 0446 00000000 		.4byte	BLINKER_left
 770 044a 1C       		.uleb128 0x1c
 771 044b CC040000 		.4byte	.LASF84
 772 044f 01       		.byte	0x1
 773 0450 25       		.byte	0x25
 774 0451 07020000 		.4byte	0x207
 775 0455 05       		.uleb128 0x5
 776 0456 03       		.byte	0x3
 777 0457 00000000 		.4byte	BLINKER_right
 778 045b 1D       		.uleb128 0x1d
 779 045c 00000000 		.4byte	.LASF85
 780 0460 00000000 		.4byte	.LASF85
 781 0464 09       		.byte	0x9
 782 0465 9C       		.byte	0x9c
 783 0466 1D       		.uleb128 0x1d
 784 0467 03020000 		.4byte	.LASF86
 785 046b 03020000 		.4byte	.LASF86
 786 046f 08       		.byte	0x8
 787 0470 82       		.byte	0x82
 788 0471 1D       		.uleb128 0x1d
 789 0472 E4020000 		.4byte	.LASF87
 790 0476 E4020000 		.4byte	.LASF87
 791 047a 08       		.byte	0x8
 792 047b A0       		.byte	0xa0
 793 047c 1D       		.uleb128 0x1d
 794 047d 7B030000 		.4byte	.LASF88
 795 0481 7B030000 		.4byte	.LASF88
 796 0485 09       		.byte	0x9
 797 0486 95       		.byte	0x95
 798 0487 00       		.byte	0
 799              		.section	.debug_abbrev,"",%progbits
 800              	.Ldebug_abbrev0:
 801 0000 01       		.uleb128 0x1
 802 0001 11       		.uleb128 0x11
 803 0002 01       		.byte	0x1
 804 0003 25       		.uleb128 0x25
 805 0004 0E       		.uleb128 0xe
 806 0005 13       		.uleb128 0x13
 807 0006 0B       		.uleb128 0xb
 808 0007 03       		.uleb128 0x3
 809 0008 0E       		.uleb128 0xe
 810 0009 1B       		.uleb128 0x1b
 811 000a 0E       		.uleb128 0xe
 812 000b 55       		.uleb128 0x55
 813 000c 17       		.uleb128 0x17
 814 000d 11       		.uleb128 0x11
ARM GAS  C:\Users\Reza\AppData\Local\Temp\ccq3WVFj.s 			page 18


 815 000e 01       		.uleb128 0x1
 816 000f 10       		.uleb128 0x10
 817 0010 17       		.uleb128 0x17
 818 0011 00       		.byte	0
 819 0012 00       		.byte	0
 820 0013 02       		.uleb128 0x2
 821 0014 24       		.uleb128 0x24
 822 0015 00       		.byte	0
 823 0016 0B       		.uleb128 0xb
 824 0017 0B       		.uleb128 0xb
 825 0018 3E       		.uleb128 0x3e
 826 0019 0B       		.uleb128 0xb
 827 001a 03       		.uleb128 0x3
 828 001b 0E       		.uleb128 0xe
 829 001c 00       		.byte	0
 830 001d 00       		.byte	0
 831 001e 03       		.uleb128 0x3
 832 001f 16       		.uleb128 0x16
 833 0020 00       		.byte	0
 834 0021 03       		.uleb128 0x3
 835 0022 0E       		.uleb128 0xe
 836 0023 3A       		.uleb128 0x3a
 837 0024 0B       		.uleb128 0xb
 838 0025 3B       		.uleb128 0x3b
 839 0026 0B       		.uleb128 0xb
 840 0027 49       		.uleb128 0x49
 841 0028 13       		.uleb128 0x13
 842 0029 00       		.byte	0
 843 002a 00       		.byte	0
 844 002b 04       		.uleb128 0x4
 845 002c 24       		.uleb128 0x24
 846 002d 00       		.byte	0
 847 002e 0B       		.uleb128 0xb
 848 002f 0B       		.uleb128 0xb
 849 0030 3E       		.uleb128 0x3e
 850 0031 0B       		.uleb128 0xb
 851 0032 03       		.uleb128 0x3
 852 0033 08       		.uleb128 0x8
 853 0034 00       		.byte	0
 854 0035 00       		.byte	0
 855 0036 05       		.uleb128 0x5
 856 0037 04       		.uleb128 0x4
 857 0038 01       		.byte	0x1
 858 0039 03       		.uleb128 0x3
 859 003a 08       		.uleb128 0x8
 860 003b 0B       		.uleb128 0xb
 861 003c 0B       		.uleb128 0xb
 862 003d 49       		.uleb128 0x49
 863 003e 13       		.uleb128 0x13
 864 003f 3A       		.uleb128 0x3a
 865 0040 0B       		.uleb128 0xb
 866 0041 3B       		.uleb128 0x3b
 867 0042 0B       		.uleb128 0xb
 868 0043 01       		.uleb128 0x1
 869 0044 13       		.uleb128 0x13
 870 0045 00       		.byte	0
 871 0046 00       		.byte	0
ARM GAS  C:\Users\Reza\AppData\Local\Temp\ccq3WVFj.s 			page 19


 872 0047 06       		.uleb128 0x6
 873 0048 28       		.uleb128 0x28
 874 0049 00       		.byte	0
 875 004a 03       		.uleb128 0x3
 876 004b 0E       		.uleb128 0xe
 877 004c 1C       		.uleb128 0x1c
 878 004d 0B       		.uleb128 0xb
 879 004e 00       		.byte	0
 880 004f 00       		.byte	0
 881 0050 07       		.uleb128 0x7
 882 0051 28       		.uleb128 0x28
 883 0052 00       		.byte	0
 884 0053 03       		.uleb128 0x3
 885 0054 0E       		.uleb128 0xe
 886 0055 1C       		.uleb128 0x1c
 887 0056 0D       		.uleb128 0xd
 888 0057 00       		.byte	0
 889 0058 00       		.byte	0
 890 0059 08       		.uleb128 0x8
 891 005a 04       		.uleb128 0x4
 892 005b 01       		.byte	0x1
 893 005c 03       		.uleb128 0x3
 894 005d 0E       		.uleb128 0xe
 895 005e 0B       		.uleb128 0xb
 896 005f 0B       		.uleb128 0xb
 897 0060 49       		.uleb128 0x49
 898 0061 13       		.uleb128 0x13
 899 0062 3A       		.uleb128 0x3a
 900 0063 0B       		.uleb128 0xb
 901 0064 3B       		.uleb128 0x3b
 902 0065 0B       		.uleb128 0xb
 903 0066 01       		.uleb128 0x1
 904 0067 13       		.uleb128 0x13
 905 0068 00       		.byte	0
 906 0069 00       		.byte	0
 907 006a 09       		.uleb128 0x9
 908 006b 13       		.uleb128 0x13
 909 006c 01       		.byte	0x1
 910 006d 03       		.uleb128 0x3
 911 006e 0E       		.uleb128 0xe
 912 006f 0B       		.uleb128 0xb
 913 0070 0B       		.uleb128 0xb
 914 0071 3A       		.uleb128 0x3a
 915 0072 0B       		.uleb128 0xb
 916 0073 3B       		.uleb128 0x3b
 917 0074 0B       		.uleb128 0xb
 918 0075 01       		.uleb128 0x1
 919 0076 13       		.uleb128 0x13
 920 0077 00       		.byte	0
 921 0078 00       		.byte	0
 922 0079 0A       		.uleb128 0xa
 923 007a 0D       		.uleb128 0xd
 924 007b 00       		.byte	0
 925 007c 03       		.uleb128 0x3
 926 007d 08       		.uleb128 0x8
 927 007e 3A       		.uleb128 0x3a
 928 007f 0B       		.uleb128 0xb
ARM GAS  C:\Users\Reza\AppData\Local\Temp\ccq3WVFj.s 			page 20


 929 0080 3B       		.uleb128 0x3b
 930 0081 0B       		.uleb128 0xb
 931 0082 49       		.uleb128 0x49
 932 0083 13       		.uleb128 0x13
 933 0084 38       		.uleb128 0x38
 934 0085 0B       		.uleb128 0xb
 935 0086 00       		.byte	0
 936 0087 00       		.byte	0
 937 0088 0B       		.uleb128 0xb
 938 0089 0D       		.uleb128 0xd
 939 008a 00       		.byte	0
 940 008b 03       		.uleb128 0x3
 941 008c 0E       		.uleb128 0xe
 942 008d 3A       		.uleb128 0x3a
 943 008e 0B       		.uleb128 0xb
 944 008f 3B       		.uleb128 0x3b
 945 0090 0B       		.uleb128 0xb
 946 0091 49       		.uleb128 0x49
 947 0092 13       		.uleb128 0x13
 948 0093 38       		.uleb128 0x38
 949 0094 0B       		.uleb128 0xb
 950 0095 00       		.byte	0
 951 0096 00       		.byte	0
 952 0097 0C       		.uleb128 0xc
 953 0098 04       		.uleb128 0x4
 954 0099 01       		.byte	0x1
 955 009a 0B       		.uleb128 0xb
 956 009b 0B       		.uleb128 0xb
 957 009c 49       		.uleb128 0x49
 958 009d 13       		.uleb128 0x13
 959 009e 3A       		.uleb128 0x3a
 960 009f 0B       		.uleb128 0xb
 961 00a0 3B       		.uleb128 0x3b
 962 00a1 0B       		.uleb128 0xb
 963 00a2 01       		.uleb128 0x1
 964 00a3 13       		.uleb128 0x13
 965 00a4 00       		.byte	0
 966 00a5 00       		.byte	0
 967 00a6 0D       		.uleb128 0xd
 968 00a7 2E       		.uleb128 0x2e
 969 00a8 01       		.byte	0x1
 970 00a9 3F       		.uleb128 0x3f
 971 00aa 19       		.uleb128 0x19
 972 00ab 03       		.uleb128 0x3
 973 00ac 0E       		.uleb128 0xe
 974 00ad 3A       		.uleb128 0x3a
 975 00ae 0B       		.uleb128 0xb
 976 00af 3B       		.uleb128 0x3b
 977 00b0 0B       		.uleb128 0xb
 978 00b1 27       		.uleb128 0x27
 979 00b2 19       		.uleb128 0x19
 980 00b3 49       		.uleb128 0x49
 981 00b4 13       		.uleb128 0x13
 982 00b5 11       		.uleb128 0x11
 983 00b6 01       		.uleb128 0x1
 984 00b7 12       		.uleb128 0x12
 985 00b8 06       		.uleb128 0x6
ARM GAS  C:\Users\Reza\AppData\Local\Temp\ccq3WVFj.s 			page 21


 986 00b9 40       		.uleb128 0x40
 987 00ba 18       		.uleb128 0x18
 988 00bb 9742     		.uleb128 0x2117
 989 00bd 19       		.uleb128 0x19
 990 00be 01       		.uleb128 0x1
 991 00bf 13       		.uleb128 0x13
 992 00c0 00       		.byte	0
 993 00c1 00       		.byte	0
 994 00c2 0E       		.uleb128 0xe
 995 00c3 05       		.uleb128 0x5
 996 00c4 00       		.byte	0
 997 00c5 03       		.uleb128 0x3
 998 00c6 08       		.uleb128 0x8
 999 00c7 3A       		.uleb128 0x3a
 1000 00c8 0B       		.uleb128 0xb
 1001 00c9 3B       		.uleb128 0x3b
 1002 00ca 0B       		.uleb128 0xb
 1003 00cb 49       		.uleb128 0x49
 1004 00cc 13       		.uleb128 0x13
 1005 00cd 02       		.uleb128 0x2
 1006 00ce 17       		.uleb128 0x17
 1007 00cf 00       		.byte	0
 1008 00d0 00       		.byte	0
 1009 00d1 0F       		.uleb128 0xf
 1010 00d2 05       		.uleb128 0x5
 1011 00d3 00       		.byte	0
 1012 00d4 03       		.uleb128 0x3
 1013 00d5 08       		.uleb128 0x8
 1014 00d6 3A       		.uleb128 0x3a
 1015 00d7 0B       		.uleb128 0xb
 1016 00d8 3B       		.uleb128 0x3b
 1017 00d9 0B       		.uleb128 0xb
 1018 00da 49       		.uleb128 0x49
 1019 00db 13       		.uleb128 0x13
 1020 00dc 02       		.uleb128 0x2
 1021 00dd 18       		.uleb128 0x18
 1022 00de 00       		.byte	0
 1023 00df 00       		.byte	0
 1024 00e0 10       		.uleb128 0x10
 1025 00e1 0F       		.uleb128 0xf
 1026 00e2 00       		.byte	0
 1027 00e3 0B       		.uleb128 0xb
 1028 00e4 0B       		.uleb128 0xb
 1029 00e5 49       		.uleb128 0x49
 1030 00e6 13       		.uleb128 0x13
 1031 00e7 00       		.byte	0
 1032 00e8 00       		.byte	0
 1033 00e9 11       		.uleb128 0x11
 1034 00ea 26       		.uleb128 0x26
 1035 00eb 00       		.byte	0
 1036 00ec 49       		.uleb128 0x49
 1037 00ed 13       		.uleb128 0x13
 1038 00ee 00       		.byte	0
 1039 00ef 00       		.byte	0
 1040 00f0 12       		.uleb128 0x12
 1041 00f1 05       		.uleb128 0x5
 1042 00f2 00       		.byte	0
ARM GAS  C:\Users\Reza\AppData\Local\Temp\ccq3WVFj.s 			page 22


 1043 00f3 03       		.uleb128 0x3
 1044 00f4 0E       		.uleb128 0xe
 1045 00f5 3A       		.uleb128 0x3a
 1046 00f6 0B       		.uleb128 0xb
 1047 00f7 3B       		.uleb128 0x3b
 1048 00f8 0B       		.uleb128 0xb
 1049 00f9 49       		.uleb128 0x49
 1050 00fa 13       		.uleb128 0x13
 1051 00fb 02       		.uleb128 0x2
 1052 00fc 18       		.uleb128 0x18
 1053 00fd 00       		.byte	0
 1054 00fe 00       		.byte	0
 1055 00ff 13       		.uleb128 0x13
 1056 0100 34       		.uleb128 0x34
 1057 0101 00       		.byte	0
 1058 0102 03       		.uleb128 0x3
 1059 0103 08       		.uleb128 0x8
 1060 0104 3A       		.uleb128 0x3a
 1061 0105 0B       		.uleb128 0xb
 1062 0106 3B       		.uleb128 0x3b
 1063 0107 0B       		.uleb128 0xb
 1064 0108 49       		.uleb128 0x49
 1065 0109 13       		.uleb128 0x13
 1066 010a 02       		.uleb128 0x2
 1067 010b 17       		.uleb128 0x17
 1068 010c 00       		.byte	0
 1069 010d 00       		.byte	0
 1070 010e 14       		.uleb128 0x14
 1071 010f 34       		.uleb128 0x34
 1072 0110 00       		.byte	0
 1073 0111 03       		.uleb128 0x3
 1074 0112 0E       		.uleb128 0xe
 1075 0113 3A       		.uleb128 0x3a
 1076 0114 0B       		.uleb128 0xb
 1077 0115 3B       		.uleb128 0x3b
 1078 0116 0B       		.uleb128 0xb
 1079 0117 49       		.uleb128 0x49
 1080 0118 13       		.uleb128 0x13
 1081 0119 02       		.uleb128 0x2
 1082 011a 17       		.uleb128 0x17
 1083 011b 00       		.byte	0
 1084 011c 00       		.byte	0
 1085 011d 15       		.uleb128 0x15
 1086 011e 898201   		.uleb128 0x4109
 1087 0121 01       		.byte	0x1
 1088 0122 11       		.uleb128 0x11
 1089 0123 01       		.uleb128 0x1
 1090 0124 31       		.uleb128 0x31
 1091 0125 13       		.uleb128 0x13
 1092 0126 01       		.uleb128 0x1
 1093 0127 13       		.uleb128 0x13
 1094 0128 00       		.byte	0
 1095 0129 00       		.byte	0
 1096 012a 16       		.uleb128 0x16
 1097 012b 8A8201   		.uleb128 0x410a
 1098 012e 00       		.byte	0
 1099 012f 02       		.uleb128 0x2
ARM GAS  C:\Users\Reza\AppData\Local\Temp\ccq3WVFj.s 			page 23


 1100 0130 18       		.uleb128 0x18
 1101 0131 9142     		.uleb128 0x2111
 1102 0133 18       		.uleb128 0x18
 1103 0134 00       		.byte	0
 1104 0135 00       		.byte	0
 1105 0136 17       		.uleb128 0x17
 1106 0137 898201   		.uleb128 0x4109
 1107 013a 01       		.byte	0x1
 1108 013b 11       		.uleb128 0x11
 1109 013c 01       		.uleb128 0x1
 1110 013d 9542     		.uleb128 0x2115
 1111 013f 19       		.uleb128 0x19
 1112 0140 31       		.uleb128 0x31
 1113 0141 13       		.uleb128 0x13
 1114 0142 00       		.byte	0
 1115 0143 00       		.byte	0
 1116 0144 18       		.uleb128 0x18
 1117 0145 05       		.uleb128 0x5
 1118 0146 00       		.byte	0
 1119 0147 03       		.uleb128 0x3
 1120 0148 0E       		.uleb128 0xe
 1121 0149 3A       		.uleb128 0x3a
 1122 014a 0B       		.uleb128 0xb
 1123 014b 3B       		.uleb128 0x3b
 1124 014c 0B       		.uleb128 0xb
 1125 014d 49       		.uleb128 0x49
 1126 014e 13       		.uleb128 0x13
 1127 014f 02       		.uleb128 0x2
 1128 0150 17       		.uleb128 0x17
 1129 0151 00       		.byte	0
 1130 0152 00       		.byte	0
 1131 0153 19       		.uleb128 0x19
 1132 0154 34       		.uleb128 0x34
 1133 0155 00       		.byte	0
 1134 0156 03       		.uleb128 0x3
 1135 0157 0E       		.uleb128 0xe
 1136 0158 3A       		.uleb128 0x3a
 1137 0159 0B       		.uleb128 0xb
 1138 015a 3B       		.uleb128 0x3b
 1139 015b 0B       		.uleb128 0xb
 1140 015c 49       		.uleb128 0x49
 1141 015d 13       		.uleb128 0x13
 1142 015e 3F       		.uleb128 0x3f
 1143 015f 19       		.uleb128 0x19
 1144 0160 3C       		.uleb128 0x3c
 1145 0161 19       		.uleb128 0x19
 1146 0162 00       		.byte	0
 1147 0163 00       		.byte	0
 1148 0164 1A       		.uleb128 0x1a
 1149 0165 34       		.uleb128 0x34
 1150 0166 00       		.byte	0
 1151 0167 03       		.uleb128 0x3
 1152 0168 0E       		.uleb128 0xe
 1153 0169 3A       		.uleb128 0x3a
 1154 016a 0B       		.uleb128 0xb
 1155 016b 3B       		.uleb128 0x3b
 1156 016c 05       		.uleb128 0x5
ARM GAS  C:\Users\Reza\AppData\Local\Temp\ccq3WVFj.s 			page 24


 1157 016d 49       		.uleb128 0x49
 1158 016e 13       		.uleb128 0x13
 1159 016f 3F       		.uleb128 0x3f
 1160 0170 19       		.uleb128 0x19
 1161 0171 3C       		.uleb128 0x3c
 1162 0172 19       		.uleb128 0x19
 1163 0173 00       		.byte	0
 1164 0174 00       		.byte	0
 1165 0175 1B       		.uleb128 0x1b
 1166 0176 35       		.uleb128 0x35
 1167 0177 00       		.byte	0
 1168 0178 49       		.uleb128 0x49
 1169 0179 13       		.uleb128 0x13
 1170 017a 00       		.byte	0
 1171 017b 00       		.byte	0
 1172 017c 1C       		.uleb128 0x1c
 1173 017d 34       		.uleb128 0x34
 1174 017e 00       		.byte	0
 1175 017f 03       		.uleb128 0x3
 1176 0180 0E       		.uleb128 0xe
 1177 0181 3A       		.uleb128 0x3a
 1178 0182 0B       		.uleb128 0xb
 1179 0183 3B       		.uleb128 0x3b
 1180 0184 0B       		.uleb128 0xb
 1181 0185 49       		.uleb128 0x49
 1182 0186 13       		.uleb128 0x13
 1183 0187 3F       		.uleb128 0x3f
 1184 0188 19       		.uleb128 0x19
 1185 0189 02       		.uleb128 0x2
 1186 018a 18       		.uleb128 0x18
 1187 018b 00       		.byte	0
 1188 018c 00       		.byte	0
 1189 018d 1D       		.uleb128 0x1d
 1190 018e 2E       		.uleb128 0x2e
 1191 018f 00       		.byte	0
 1192 0190 3F       		.uleb128 0x3f
 1193 0191 19       		.uleb128 0x19
 1194 0192 3C       		.uleb128 0x3c
 1195 0193 19       		.uleb128 0x19
 1196 0194 6E       		.uleb128 0x6e
 1197 0195 0E       		.uleb128 0xe
 1198 0196 03       		.uleb128 0x3
 1199 0197 0E       		.uleb128 0xe
 1200 0198 3A       		.uleb128 0x3a
 1201 0199 0B       		.uleb128 0xb
 1202 019a 3B       		.uleb128 0x3b
 1203 019b 0B       		.uleb128 0xb
 1204 019c 00       		.byte	0
 1205 019d 00       		.byte	0
 1206 019e 00       		.byte	0
 1207              		.section	.debug_loc,"",%progbits
 1208              	.Ldebug_loc0:
 1209              	.LLST0:
 1210 0000 00000000 		.4byte	.LVL0
 1211 0004 0A000000 		.4byte	.LVL1
 1212 0008 0100     		.2byte	0x1
 1213 000a 50       		.byte	0x50
ARM GAS  C:\Users\Reza\AppData\Local\Temp\ccq3WVFj.s 			page 25


 1214 000b 0A000000 		.4byte	.LVL1
 1215 000f 0C000000 		.4byte	.LFE110
 1216 0013 0400     		.2byte	0x4
 1217 0015 F3       		.byte	0xf3
 1218 0016 01       		.uleb128 0x1
 1219 0017 50       		.byte	0x50
 1220 0018 9F       		.byte	0x9f
 1221 0019 00000000 		.4byte	0
 1222 001d 00000000 		.4byte	0
 1223              	.LLST1:
 1224 0021 00000000 		.4byte	.LVL2
 1225 0025 0A000000 		.4byte	.LVL3
 1226 0029 0100     		.2byte	0x1
 1227 002b 50       		.byte	0x50
 1228 002c 0A000000 		.4byte	.LVL3
 1229 0030 0C000000 		.4byte	.LFE111
 1230 0034 0400     		.2byte	0x4
 1231 0036 F3       		.byte	0xf3
 1232 0037 01       		.uleb128 0x1
 1233 0038 50       		.byte	0x50
 1234 0039 9F       		.byte	0x9f
 1235 003a 00000000 		.4byte	0
 1236 003e 00000000 		.4byte	0
 1237              	.LLST2:
 1238 0042 00000000 		.4byte	.LVL4
 1239 0046 22000000 		.4byte	.LVL7
 1240 004a 0100     		.2byte	0x1
 1241 004c 50       		.byte	0x50
 1242 004d 22000000 		.4byte	.LVL7
 1243 0051 36000000 		.4byte	.LVL10
 1244 0055 0100     		.2byte	0x1
 1245 0057 55       		.byte	0x55
 1246 0058 36000000 		.4byte	.LVL10
 1247 005c 38000000 		.4byte	.LVL11
 1248 0060 0100     		.2byte	0x1
 1249 0062 50       		.byte	0x50
 1250 0063 38000000 		.4byte	.LVL11
 1251 0067 56000000 		.4byte	.LVL15
 1252 006b 0100     		.2byte	0x1
 1253 006d 55       		.byte	0x55
 1254 006e 56000000 		.4byte	.LVL15
 1255 0072 5C000000 		.4byte	.LVL16
 1256 0076 0400     		.2byte	0x4
 1257 0078 F3       		.byte	0xf3
 1258 0079 01       		.uleb128 0x1
 1259 007a 50       		.byte	0x50
 1260 007b 9F       		.byte	0x9f
 1261 007c 5C000000 		.4byte	.LVL16
 1262 0080 5E000000 		.4byte	.LFE112
 1263 0084 0100     		.2byte	0x1
 1264 0086 55       		.byte	0x55
 1265 0087 00000000 		.4byte	0
 1266 008b 00000000 		.4byte	0
 1267              	.LLST3:
 1268 008f 00000000 		.4byte	.LVL4
 1269 0093 16000000 		.4byte	.LVL5
 1270 0097 0200     		.2byte	0x2
ARM GAS  C:\Users\Reza\AppData\Local\Temp\ccq3WVFj.s 			page 26


 1271 0099 33       		.byte	0x33
 1272 009a 9F       		.byte	0x9f
 1273 009b 16000000 		.4byte	.LVL5
 1274 009f 18000000 		.4byte	.LVL6
 1275 00a3 0200     		.2byte	0x2
 1276 00a5 30       		.byte	0x30
 1277 00a6 9F       		.byte	0x9f
 1278 00a7 18000000 		.4byte	.LVL6
 1279 00ab 56000000 		.4byte	.LVL15
 1280 00af 0100     		.2byte	0x1
 1281 00b1 56       		.byte	0x56
 1282 00b2 5C000000 		.4byte	.LVL16
 1283 00b6 5E000000 		.4byte	.LFE112
 1284 00ba 0100     		.2byte	0x1
 1285 00bc 56       		.byte	0x56
 1286 00bd 00000000 		.4byte	0
 1287 00c1 00000000 		.4byte	0
 1288              	.LLST4:
 1289 00c5 00000000 		.4byte	.LVL4
 1290 00c9 18000000 		.4byte	.LVL6
 1291 00cd 0200     		.2byte	0x2
 1292 00cf 30       		.byte	0x30
 1293 00d0 9F       		.byte	0x9f
 1294 00d1 18000000 		.4byte	.LVL6
 1295 00d5 56000000 		.4byte	.LVL15
 1296 00d9 0100     		.2byte	0x1
 1297 00db 54       		.byte	0x54
 1298 00dc 5C000000 		.4byte	.LVL16
 1299 00e0 5E000000 		.4byte	.LFE112
 1300 00e4 0100     		.2byte	0x1
 1301 00e6 54       		.byte	0x54
 1302 00e7 00000000 		.4byte	0
 1303 00eb 00000000 		.4byte	0
 1304              	.LLST5:
 1305 00ef 00000000 		.4byte	.LVL17
 1306 00f3 06000000 		.4byte	.LVL18
 1307 00f7 0100     		.2byte	0x1
 1308 00f9 50       		.byte	0x50
 1309 00fa 06000000 		.4byte	.LVL18
 1310 00fe 08000000 		.4byte	.LFE113
 1311 0102 0400     		.2byte	0x4
 1312 0104 F3       		.byte	0xf3
 1313 0105 01       		.uleb128 0x1
 1314 0106 50       		.byte	0x50
 1315 0107 9F       		.byte	0x9f
 1316 0108 00000000 		.4byte	0
 1317 010c 00000000 		.4byte	0
 1318              		.section	.debug_aranges,"",%progbits
 1319 0000 34000000 		.4byte	0x34
 1320 0004 0200     		.2byte	0x2
 1321 0006 00000000 		.4byte	.Ldebug_info0
 1322 000a 04       		.byte	0x4
 1323 000b 00       		.byte	0
 1324 000c 0000     		.2byte	0
 1325 000e 0000     		.2byte	0
 1326 0010 00000000 		.4byte	.LFB110
 1327 0014 0C000000 		.4byte	.LFE110-.LFB110
ARM GAS  C:\Users\Reza\AppData\Local\Temp\ccq3WVFj.s 			page 27


 1328 0018 00000000 		.4byte	.LFB111
 1329 001c 0C000000 		.4byte	.LFE111-.LFB111
 1330 0020 00000000 		.4byte	.LFB112
 1331 0024 5E000000 		.4byte	.LFE112-.LFB112
 1332 0028 00000000 		.4byte	.LFB113
 1333 002c 08000000 		.4byte	.LFE113-.LFB113
 1334 0030 00000000 		.4byte	0
 1335 0034 00000000 		.4byte	0
 1336              		.section	.debug_ranges,"",%progbits
 1337              	.Ldebug_ranges0:
 1338 0000 00000000 		.4byte	.LFB110
 1339 0004 0C000000 		.4byte	.LFE110
 1340 0008 00000000 		.4byte	.LFB111
 1341 000c 0C000000 		.4byte	.LFE111
 1342 0010 00000000 		.4byte	.LFB112
 1343 0014 5E000000 		.4byte	.LFE112
 1344 0018 00000000 		.4byte	.LFB113
 1345 001c 08000000 		.4byte	.LFE113
 1346 0020 00000000 		.4byte	0
 1347 0024 00000000 		.4byte	0
 1348              		.section	.debug_line,"",%progbits
 1349              	.Ldebug_line0:
 1350 0000 9A020000 		.section	.debug_str,"MS",%progbits,1
 1350      02003502 
 1350      00000201 
 1350      FB0E0D00 
 1350      01010101 
 1351              	.LASF85:
 1352 0000 4C45445F 		.ascii	"LED_Toggle\000"
 1352      546F6767 
 1352      6C6500
 1353              	.LASF52:
 1354 000b 424C494E 		.ascii	"BLINKER_LEFT\000"
 1354      4B45525F 
 1354      4C454654 
 1354      00
 1355              	.LASF24:
 1356 0018 52435F53 		.ascii	"RC_SUCCESS\000"
 1356      55434345 
 1356      535300
 1357              	.LASF76:
 1358 0023 72696768 		.ascii	"right\000"
 1358      7400
 1359              	.LASF0:
 1360 0029 7369676E 		.ascii	"signed char\000"
 1360      65642063 
 1360      68617200 
 1361              	.LASF39:
 1362 0035 52435F45 		.ascii	"RC_ERROR_WRITE_ONLY\000"
 1362      52524F52 
 1362      5F575249 
 1362      54455F4F 
 1362      4E4C5900 
 1363              	.LASF50:
 1364 0049 65426C69 		.ascii	"eBlinker\000"
 1364      6E6B6572 
 1364      00
ARM GAS  C:\Users\Reza\AppData\Local\Temp\ccq3WVFj.s 			page 28


 1365              	.LASF30:
 1366 0052 52435F45 		.ascii	"RC_ERROR_OVERRUN\000"
 1366      52524F52 
 1366      5F4F5645 
 1366      5252554E 
 1366      00
 1367              	.LASF42:
 1368 0063 52435F45 		.ascii	"RC_ERROR_WRITE_FAILS\000"
 1368      52524F52 
 1368      5F575249 
 1368      54455F46 
 1368      41494C53 
 1369              	.LASF17:
 1370 0078 73697A65 		.ascii	"sizetype\000"
 1370      74797065 
 1370      00
 1371              	.LASF92:
 1372 0081 73426C69 		.ascii	"sBlinker\000"
 1372      6E6B6572 
 1372      00
 1373              	.LASF57:
 1374 008a 53455645 		.ascii	"SEVEN_0\000"
 1374      4E5F3000 
 1375              	.LASF27:
 1376 0092 52435F45 		.ascii	"RC_ERROR_ZERO\000"
 1376      52524F52 
 1376      5F5A4552 
 1376      4F00
 1377              	.LASF21:
 1378 00a0 45455F46 		.ascii	"EE_FREG\000"
 1378      52454700 
 1379              	.LASF41:
 1380 00a8 52435F45 		.ascii	"RC_ERROR_READ_FAILS\000"
 1380      52524F52 
 1380      5F524541 
 1380      445F4641 
 1380      494C5300 
 1381              	.LASF72:
 1382 00bc 424C494E 		.ascii	"BLINKER_Blink\000"
 1382      4B45525F 
 1382      426C696E 
 1382      6B00
 1383              	.LASF19:
 1384 00ca 45455F55 		.ascii	"EE_UINT32\000"
 1384      494E5433 
 1384      3200
 1385              	.LASF74:
 1386 00d4 424C494E 		.ascii	"BLINKER_Emergency\000"
 1386      4B45525F 
 1386      456D6572 
 1386      67656E63 
 1386      7900
 1387              	.LASF56:
 1388 00e6 424C494E 		.ascii	"BLINKER_t\000"
 1388      4B45525F 
 1388      7400
 1389              	.LASF66:
ARM GAS  C:\Users\Reza\AppData\Local\Temp\ccq3WVFj.s 			page 29


 1390 00f0 654C4544 		.ascii	"eLED_ONOFF\000"
 1390      5F4F4E4F 
 1390      464600
 1391              	.LASF11:
 1392 00fb 75696E74 		.ascii	"uint8_t\000"
 1392      385F7400 
 1393              	.LASF47:
 1394 0103 52435F45 		.ascii	"RC_ERROR_INVALID_STATE\000"
 1394      52524F52 
 1394      5F494E56 
 1394      414C4944 
 1394      5F535441 
 1395              	.LASF91:
 1396 011a 443A5C48 		.ascii	"D:\\H_da\\Winter Semester\\MM03 Advanced Microcontr"
 1396      5F64615C 
 1396      57696E74 
 1396      65722053 
 1396      656D6573 
 1397 014a 6F6C6C65 		.ascii	"oller Systems and Embedded Operating Systems\\Lectu"
 1397      72205379 
 1397      7374656D 
 1397      7320616E 
 1397      6420456D 
 1398 017c 72652050 		.ascii	"re Prof. Fromm\\workspace\\workspace_psoc\\Reaction"
 1398      726F662E 
 1398      2046726F 
 1398      6D6D5C77 
 1398      6F726B73 
 1399 01ac 47616D65 		.ascii	"Game_with erika.cydsn\000"
 1399      5F776974 
 1399      68206572 
 1399      696B612E 
 1399      63796473 
 1400              	.LASF81:
 1401 01c2 45455F49 		.ascii	"EE_IRQ_nesting_level\000"
 1401      52515F6E 
 1401      65737469 
 1401      6E675F6C 
 1401      6576656C 
 1402              	.LASF80:
 1403 01d7 45455F73 		.ascii	"EE_std_endcycle_next_tid\000"
 1403      74645F65 
 1403      6E646379 
 1403      636C655F 
 1403      6E657874 
 1404              	.LASF83:
 1405 01f0 424C494E 		.ascii	"BLINKER_left\000"
 1405      4B45525F 
 1405      6C656674 
 1405      00
 1406              	.LASF13:
 1407 01fd 666C6F61 		.ascii	"float\000"
 1407      7400
 1408              	.LASF86:
 1409 0203 53455645 		.ascii	"SEVEN_Set\000"
 1409      4E5F5365 
 1409      7400
ARM GAS  C:\Users\Reza\AppData\Local\Temp\ccq3WVFj.s 			page 30


 1410              	.LASF8:
 1411 020d 6C6F6E67 		.ascii	"long long int\000"
 1411      206C6F6E 
 1411      6720696E 
 1411      7400
 1412              	.LASF60:
 1413 021b 654C4544 		.ascii	"eLED_id\000"
 1413      5F696400 
 1414              	.LASF78:
 1415 0223 45455F6F 		.ascii	"EE_oo_IRQ_suspend_status\000"
 1415      6F5F4952 
 1415      515F7375 
 1415      7370656E 
 1415      645F7374 
 1416              	.LASF43:
 1417 023c 52435F45 		.ascii	"RC_ERROR_NOT_MATCH\000"
 1417      52524F52 
 1417      5F4E4F54 
 1417      5F4D4154 
 1417      434800
 1418              	.LASF48:
 1419 024f 52435F45 		.ascii	"RC_ERROR_UNKNOWN\000"
 1419      52524F52 
 1419      5F554E4B 
 1419      4E4F574E 
 1419      00
 1420              	.LASF6:
 1421 0260 6C6F6E67 		.ascii	"long int\000"
 1421      20696E74 
 1421      00
 1422              	.LASF31:
 1423 0269 52435F45 		.ascii	"RC_ERROR_UNDERRUN\000"
 1423      52524F52 
 1423      5F554E44 
 1423      45525255 
 1423      4E00
 1424              	.LASF22:
 1425 027b 45455F54 		.ascii	"EE_TID\000"
 1425      494400
 1426              	.LASF34:
 1427 0282 52435F45 		.ascii	"RC_ERROR_BUSY\000"
 1427      52524F52 
 1427      5F425553 
 1427      5900
 1428              	.LASF2:
 1429 0290 73686F72 		.ascii	"short int\000"
 1429      7420696E 
 1429      7400
 1430              	.LASF4:
 1431 029a 5F5F7569 		.ascii	"__uint8_t\000"
 1431      6E74385F 
 1431      7400
 1432              	.LASF40:
 1433 02a4 52435F45 		.ascii	"RC_ERROR_INVALID\000"
 1433      52524F52 
 1433      5F494E56 
 1433      414C4944 
ARM GAS  C:\Users\Reza\AppData\Local\Temp\ccq3WVFj.s 			page 31


 1433      00
 1434              	.LASF45:
 1435 02b5 52435F45 		.ascii	"RC_ERROR_BAD_DATA\000"
 1435      52524F52 
 1435      5F424144 
 1435      5F444154 
 1435      4100
 1436              	.LASF23:
 1437 02c7 626F6F6C 		.ascii	"boolean_t\000"
 1437      65616E5F 
 1437      7400
 1438              	.LASF38:
 1439 02d1 52435F45 		.ascii	"RC_ERROR_READ_ONLY\000"
 1439      52524F52 
 1439      5F524541 
 1439      445F4F4E 
 1439      4C5900
 1440              	.LASF87:
 1441 02e4 53455645 		.ascii	"SEVEN_Clear\000"
 1441      4E5F436C 
 1441      65617200 
 1442              	.LASF16:
 1443 02f0 6C6F6E67 		.ascii	"long double\000"
 1443      20646F75 
 1443      626C6500 
 1444              	.LASF53:
 1445 02fc 424C494E 		.ascii	"BLINKER_Id_t\000"
 1445      4B45525F 
 1445      49645F74 
 1445      00
 1446              	.LASF1:
 1447 0309 756E7369 		.ascii	"unsigned char\000"
 1447      676E6564 
 1447      20636861 
 1447      7200
 1448              	.LASF46:
 1449 0317 52435F45 		.ascii	"RC_ERROR_CANCELED\000"
 1449      52524F52 
 1449      5F43414E 
 1449      43454C45 
 1449      4400
 1450              	.LASF58:
 1451 0329 53455645 		.ascii	"SEVEN_1\000"
 1451      4E5F3100 
 1452              	.LASF12:
 1453 0331 696E7433 		.ascii	"int32_t\000"
 1453      325F7400 
 1454              	.LASF9:
 1455 0339 6C6F6E67 		.ascii	"long long unsigned int\000"
 1455      206C6F6E 
 1455      6720756E 
 1455      7369676E 
 1455      65642069 
 1456              	.LASF68:
 1457 0350 4C45445F 		.ascii	"LED_ON\000"
 1457      4F4E00
 1458              	.LASF65:
ARM GAS  C:\Users\Reza\AppData\Local\Temp\ccq3WVFj.s 			page 32


 1459 0357 4C45445F 		.ascii	"LED_id_t\000"
 1459      69645F74 
 1459      00
 1460              	.LASF10:
 1461 0360 756E7369 		.ascii	"unsigned int\000"
 1461      676E6564 
 1461      20696E74 
 1461      00
 1462              	.LASF36:
 1463 036d 52435F45 		.ascii	"RC_ERROR_OPEN\000"
 1463      52524F52 
 1463      5F4F5045 
 1463      4E00
 1464              	.LASF88:
 1465 037b 4C45445F 		.ascii	"LED_Set\000"
 1465      53657400 
 1466              	.LASF67:
 1467 0383 4C45445F 		.ascii	"LED_OFF\000"
 1467      4F464600 
 1468              	.LASF62:
 1469 038b 4C45445F 		.ascii	"LED_YELLOW\000"
 1469      59454C4C 
 1469      4F5700
 1470              	.LASF26:
 1471 0396 52435F45 		.ascii	"RC_ERROR_NULL\000"
 1471      52524F52 
 1471      5F4E554C 
 1471      4C00
 1472              	.LASF33:
 1473 03a4 52435F45 		.ascii	"RC_ERROR_BUFFER_EMTPY\000"
 1473      52524F52 
 1473      5F425546 
 1473      4645525F 
 1473      454D5450 
 1474              	.LASF18:
 1475 03ba 45455F49 		.ascii	"EE_INT32\000"
 1475      4E543332 
 1475      00
 1476              	.LASF3:
 1477 03c3 73686F72 		.ascii	"short unsigned int\000"
 1477      7420756E 
 1477      7369676E 
 1477      65642069 
 1477      6E7400
 1478              	.LASF15:
 1479 03d6 63686172 		.ascii	"char\000"
 1479      00
 1480              	.LASF70:
 1481 03db 424C494E 		.ascii	"BLINKER_Set\000"
 1481      4B45525F 
 1481      53657400 
 1482              	.LASF90:
 1483 03e7 736F7572 		.ascii	"source\\asw\\blinker.c\000"
 1483      63655C61 
 1483      73775C62 
 1483      6C696E6B 
 1483      65722E63 
ARM GAS  C:\Users\Reza\AppData\Local\Temp\ccq3WVFj.s 			page 33


 1484              	.LASF32:
 1485 03fc 52435F45 		.ascii	"RC_ERROR_BUFFER_FULL\000"
 1485      52524F52 
 1485      5F425546 
 1485      4645525F 
 1485      46554C4C 
 1486              	.LASF75:
 1487 0411 6C656674 		.ascii	"left\000"
 1487      00
 1488              	.LASF51:
 1489 0416 424C494E 		.ascii	"BLINKER_RIGHT\000"
 1489      4B45525F 
 1489      52494748 
 1489      5400
 1490              	.LASF44:
 1491 0424 52435F45 		.ascii	"RC_ERROR_BAD_PARAM\000"
 1491      52524F52 
 1491      5F424144 
 1491      5F504152 
 1491      414D00
 1492              	.LASF63:
 1493 0437 4C45445F 		.ascii	"LED_GREEN\000"
 1493      47524545 
 1493      4E00
 1494              	.LASF55:
 1495 0441 656D6572 		.ascii	"emergency\000"
 1495      67656E63 
 1495      7900
 1496              	.LASF79:
 1497 044b 45455F41 		.ascii	"EE_ApplicationMode\000"
 1497      70706C69 
 1497      63617469 
 1497      6F6E4D6F 
 1497      646500
 1498              	.LASF7:
 1499 045e 6C6F6E67 		.ascii	"long unsigned int\000"
 1499      20756E73 
 1499      69676E65 
 1499      6420696E 
 1499      7400
 1500              	.LASF14:
 1501 0470 646F7562 		.ascii	"double\000"
 1501      6C6500
 1502              	.LASF59:
 1503 0477 53455645 		.ascii	"SEVEN_id_t\000"
 1503      4E5F6964 
 1503      5F7400
 1504              	.LASF37:
 1505 0482 52435F45 		.ascii	"RC_ERROR_CHECKSUM\000"
 1505      52524F52 
 1505      5F434845 
 1505      434B5355 
 1505      4D00
 1506              	.LASF20:
 1507 0494 45455F55 		.ascii	"EE_UREG\000"
 1507      52454700 
 1508              	.LASF73:
ARM GAS  C:\Users\Reza\AppData\Local\Temp\ccq3WVFj.s 			page 34


 1509 049c 73657665 		.ascii	"seven\000"
 1509      6E00
 1510              	.LASF64:
 1511 04a2 4C45445F 		.ascii	"LED_ALL\000"
 1511      414C4C00 
 1512              	.LASF29:
 1513 04aa 52435F45 		.ascii	"RC_ERROR_RANGE\000"
 1513      52524F52 
 1513      5F52414E 
 1513      474500
 1514              	.LASF5:
 1515 04b9 5F5F696E 		.ascii	"__int32_t\000"
 1515      7433325F 
 1515      7400
 1516              	.LASF71:
 1517 04c3 6E6F426C 		.ascii	"noBlinks\000"
 1517      696E6B73 
 1517      00
 1518              	.LASF84:
 1519 04cc 424C494E 		.ascii	"BLINKER_right\000"
 1519      4B45525F 
 1519      72696768 
 1519      7400
 1520              	.LASF82:
 1521 04da 49544D5F 		.ascii	"ITM_RxBuffer\000"
 1521      52784275 
 1521      66666572 
 1521      00
 1522              	.LASF25:
 1523 04e7 52435F45 		.ascii	"RC_ERROR\000"
 1523      52524F52 
 1523      00
 1524              	.LASF61:
 1525 04f0 4C45445F 		.ascii	"LED_RED\000"
 1525      52454400 
 1526              	.LASF28:
 1527 04f8 52435F45 		.ascii	"RC_ERROR_MEMORY\000"
 1527      52524F52 
 1527      5F4D454D 
 1527      4F525900 
 1528              	.LASF77:
 1529 0508 45455F6F 		.ascii	"EE_oo_IRQ_disable_count\000"
 1529      6F5F4952 
 1529      515F6469 
 1529      7361626C 
 1529      655F636F 
 1530              	.LASF54:
 1531 0520 72656D61 		.ascii	"remainingBlinks\000"
 1531      696E696E 
 1531      67426C69 
 1531      6E6B7300 
 1532              	.LASF89:
 1533 0530 474E5520 		.ascii	"GNU C11 5.4.1 20160609 (release) [ARM/embedded-5-br"
 1533      43313120 
 1533      352E342E 
 1533      31203230 
 1533      31363036 
ARM GAS  C:\Users\Reza\AppData\Local\Temp\ccq3WVFj.s 			page 35


 1534 0563 616E6368 		.ascii	"anch revision 237715] -mcpu=cortex-m3 -mthumb -g -O"
 1534      20726576 
 1534      6973696F 
 1534      6E203233 
 1534      37373135 
 1535 0596 73202D66 		.ascii	"s -ffunction-sections -ffat-lto-objects\000"
 1535      66756E63 
 1535      74696F6E 
 1535      2D736563 
 1535      74696F6E 
 1536              	.LASF49:
 1537 05be 52435F74 		.ascii	"RC_t\000"
 1537      00
 1538              	.LASF69:
 1539 05c3 424C494E 		.ascii	"BLINKER_Init\000"
 1539      4B45525F 
 1539      496E6974 
 1539      00
 1540              	.LASF35:
 1541 05d0 52435F45 		.ascii	"RC_ERROR_TIME_OUT\000"
 1541      52524F52 
 1541      5F54494D 
 1541      455F4F55 
 1541      5400
 1542              		.ident	"GCC: (GNU Tools for ARM Embedded Processors) 5.4.1 20160609 (release) [ARM/embedded-5-bran
