ARM GAS  C:\Users\Reza\AppData\Local\Temp\ccmchOfa.s 			page 1


   1              		.syntax unified
   2              		.cpu cortex-m3
   3              		.fpu softvfp
   4              		.eabi_attribute 20, 1
   5              		.eabi_attribute 21, 1
   6              		.eabi_attribute 23, 3
   7              		.eabi_attribute 24, 1
   8              		.eabi_attribute 25, 1
   9              		.eabi_attribute 26, 1
  10              		.eabi_attribute 30, 4
  11              		.eabi_attribute 34, 1
  12              		.eabi_attribute 18, 4
  13              		.thumb
  14              		.syntax unified
  15              		.file	"button.c"
  16              		.text
  17              	.Ltext0:
  18              		.cfi_sections	.debug_frame
  19              		.section	.text.BUTTON_Init,"ax",%progbits
  20              		.align	1
  21              		.global	BUTTON_Init
  22              		.thumb
  23              		.thumb_func
  24              		.type	BUTTON_Init, %function
  25              	BUTTON_Init:
  26              	.LFB110:
  27              		.file 1 "source\\bsw\\button.c"
   1:source\bsw/button.c **** /**
   2:source\bsw/button.c **** * \file button.c
   3:source\bsw/button.c **** * \author P. Fromm
   4:source\bsw/button.c **** * \date 29.7.17
   5:source\bsw/button.c **** *
   6:source\bsw/button.c **** * \brief Simple button driver
   7:source\bsw/button.c **** *
   8:source\bsw/button.c **** * \copyright Copyright ©2016
   9:source\bsw/button.c **** * Department of electrical engineering and information technology, Hochschule Darmstadt - Universit
  10:source\bsw/button.c **** * Permission to use, copy, modify, and distribute this software and its documentation for education
  11:source\bsw/button.c **** * (unless permitted by h_da) and official h_da projects, is hereby granted for enrolled students of
  12:source\bsw/button.c **** * this paragraph and the following paragraph appear in all copies, modifications, and distributions
  13:source\bsw/button.c **** * Contact Prof.Dr.-Ing. Peter Fromm, peter.fromm@h-da.de, Birkenweg 8 64295 Darmstadt - GERMANY for
  14:source\bsw/button.c **** *
  15:source\bsw/button.c **** * \warning This software is a PROTOTYPE version and is not designed or intended for use in producti
  16:source\bsw/button.c **** * The user represents and warrants that it will NOT use or redistribute the Software for such purpo
  17:source\bsw/button.c **** * This prototype is for research purposes only. This software is provided "AS IS," without a warran
  18:source\bsw/button.c **** */
  19:source\bsw/button.c **** 
  20:source\bsw/button.c **** /*****************************************************************************/
  21:source\bsw/button.c **** /* Include files                                                             */
  22:source\bsw/button.c **** /*****************************************************************************/
  23:source\bsw/button.c **** #include "project.h"
  24:source\bsw/button.c **** #include "button.h"
  25:source\bsw/button.c **** 
  26:source\bsw/button.c **** #include "button_1.h"
  27:source\bsw/button.c **** #include "button_2.h"
  28:source\bsw/button.c **** #include "button_3.h"
  29:source\bsw/button.c **** #include "button_4.h"
  30:source\bsw/button.c **** 
ARM GAS  C:\Users\Reza\AppData\Local\Temp\ccmchOfa.s 			page 2


  31:source\bsw/button.c **** 
  32:source\bsw/button.c **** /*****************************************************************************/
  33:source\bsw/button.c **** /* Local pre-processor symbols/macros ('#define')                            */
  34:source\bsw/button.c **** /*****************************************************************************/
  35:source\bsw/button.c **** 
  36:source\bsw/button.c **** /*****************************************************************************/
  37:source\bsw/button.c **** /* Global variable definitions (declared in header file with 'extern')       */
  38:source\bsw/button.c **** /*****************************************************************************/
  39:source\bsw/button.c **** 
  40:source\bsw/button.c **** /*****************************************************************************/
  41:source\bsw/button.c **** /* Local type definitions ('typedef')                                        */
  42:source\bsw/button.c **** /*****************************************************************************/
  43:source\bsw/button.c **** 
  44:source\bsw/button.c **** /*****************************************************************************/
  45:source\bsw/button.c **** /* Local variable definitions ('static')                                     */
  46:source\bsw/button.c **** /*****************************************************************************/
  47:source\bsw/button.c **** 
  48:source\bsw/button.c **** 
  49:source\bsw/button.c **** 
  50:source\bsw/button.c **** /*****************************************************************************/
  51:source\bsw/button.c **** /* Local function prototypes ('static')                                      */
  52:source\bsw/button.c **** /*****************************************************************************/
  53:source\bsw/button.c **** 
  54:source\bsw/button.c **** 
  55:source\bsw/button.c **** /*****************************************************************************/
  56:source\bsw/button.c **** /* Function implementation - global ('extern') and local ('static')          */
  57:source\bsw/button.c **** /*****************************************************************************/
  58:source\bsw/button.c **** 
  59:source\bsw/button.c **** /**
  60:source\bsw/button.c ****  * Initialize Button
  61:source\bsw/button.c ****  * @return RC_SUCCESS if ok
  62:source\bsw/button.c ****  */
  63:source\bsw/button.c **** RC_t BUTTON_Init(cyisraddress address)
  64:source\bsw/button.c **** {
  28              		.loc 1 64 0
  29              		.cfi_startproc
  30              		@ args = 0, pretend = 0, frame = 0
  31              		@ frame_needed = 0, uses_anonymous_args = 0
  32              	.LVL0:
  33 0000 08B5     		push	{r3, lr}
  34              		.cfi_def_cfa_offset 8
  35              		.cfi_offset 3, -8
  36              		.cfi_offset 14, -4
  65:source\bsw/button.c ****  
  66:source\bsw/button.c ****     if (address != 0)
  37              		.loc 1 66 0
  38 0002 08B1     		cbz	r0, .L2
  67:source\bsw/button.c ****     {
  68:source\bsw/button.c ****         isr_Button_StartEx(address);
  39              		.loc 1 68 0
  40 0004 FFF7FEFF 		bl	isr_Button_StartEx
  41              	.LVL1:
  42              	.L2:
  69:source\bsw/button.c ****     }
  70:source\bsw/button.c ****     
  71:source\bsw/button.c ****     return RC_SUCCESS;
  72:source\bsw/button.c **** }
ARM GAS  C:\Users\Reza\AppData\Local\Temp\ccmchOfa.s 			page 3


  43              		.loc 1 72 0
  44 0008 0020     		movs	r0, #0
  45 000a 08BD     		pop	{r3, pc}
  46              		.cfi_endproc
  47              	.LFE110:
  48              		.size	BUTTON_Init, .-BUTTON_Init
  49              		.section	.text.BUTTON_IsPressed,"ax",%progbits
  50              		.align	1
  51              		.global	BUTTON_IsPressed
  52              		.thumb
  53              		.thumb_func
  54              		.type	BUTTON_IsPressed, %function
  55              	BUTTON_IsPressed:
  56              	.LFB111:
  73:source\bsw/button.c **** 
  74:source\bsw/button.c **** /**
  75:source\bsw/button.c ****  * Initialize Button
  76:source\bsw/button.c ****  * @param BUTTON_id_t button - check if the corresponding button is pressed
  77:source\bsw/button.c ****  * @return TRUE if button is pressed
  78:source\bsw/button.c ****  */
  79:source\bsw/button.c **** boolean_t BUTTON_IsPressed(BUTTON_id_t button)
  80:source\bsw/button.c **** {
  57              		.loc 1 80 0
  58              		.cfi_startproc
  59              		@ args = 0, pretend = 0, frame = 0
  60              		@ frame_needed = 0, uses_anonymous_args = 0
  61              	.LVL2:
  62 0000 08B5     		push	{r3, lr}
  63              		.cfi_def_cfa_offset 8
  64              		.cfi_offset 3, -8
  65              		.cfi_offset 14, -4
  81:source\bsw/button.c ****     boolean_t result = FALSE;
  82:source\bsw/button.c ****     
  83:source\bsw/button.c ****     switch (button)
  66              		.loc 1 83 0
  67 0002 0328     		cmp	r0, #3
  68 0004 12D8     		bhi	.L14
  69 0006 DFE800F0 		tbb	[pc, r0]
  70              	.L10:
  71 000a 02       		.byte	(.L9-.L10)/2
  72 000b 05       		.byte	(.L11-.L10)/2
  73 000c 08       		.byte	(.L12-.L10)/2
  74 000d 0B       		.byte	(.L13-.L10)/2
  75              		.p2align 1
  76              	.L9:
  84:source\bsw/button.c ****     {
  85:source\bsw/button.c ****         case BUTTON_1 : if (BUTTON_1_Read() == 1) result = TRUE; break;
  77              		.loc 1 85 0
  78 000e FFF7FEFF 		bl	BUTTON_1_Read
  79              	.LVL3:
  80 0012 07E0     		b	.L15
  81              	.LVL4:
  82              	.L11:
  86:source\bsw/button.c ****         case BUTTON_2 : if (BUTTON_2_Read() == 1) result = TRUE; break;
  83              		.loc 1 86 0
  84 0014 FFF7FEFF 		bl	BUTTON_2_Read
  85              	.LVL5:
ARM GAS  C:\Users\Reza\AppData\Local\Temp\ccmchOfa.s 			page 4


  86 0018 04E0     		b	.L15
  87              	.LVL6:
  88              	.L12:
  87:source\bsw/button.c ****         case BUTTON_3 : if (BUTTON_3_Read() == 1) result = TRUE; break;
  89              		.loc 1 87 0
  90 001a FFF7FEFF 		bl	BUTTON_3_Read
  91              	.LVL7:
  92 001e 01E0     		b	.L15
  93              	.LVL8:
  94              	.L13:
  88:source\bsw/button.c ****         case BUTTON_4 : if (BUTTON_4_Read() == 1) result = TRUE; break;
  95              		.loc 1 88 0
  96 0020 FFF7FEFF 		bl	BUTTON_4_Read
  97              	.LVL9:
  98              	.L15:
  81:source\bsw/button.c ****     
  99              		.loc 1 81 0
 100 0024 431E     		subs	r3, r0, #1
 101 0026 5842     		rsbs	r0, r3, #0
 102 0028 5841     		adcs	r0, r0, r3
 103 002a 08BD     		pop	{r3, pc}
 104              	.LVL10:
 105              	.L14:
 106 002c 0020     		movs	r0, #0
 107              	.LVL11:
  89:source\bsw/button.c ****     }
  90:source\bsw/button.c ****     
  91:source\bsw/button.c ****     return result;
  92:source\bsw/button.c **** }
 108              		.loc 1 92 0
 109 002e 08BD     		pop	{r3, pc}
 110              		.cfi_endproc
 111              	.LFE111:
 112              		.size	BUTTON_IsPressed, .-BUTTON_IsPressed
 113              		.text
 114              	.Letext0:
 115              		.file 2 "c:\\program files (x86)\\cypress\\psoc creator\\4.2\\psoc creator\\import\\gnu\\arm\\5.4.
 116              		.file 3 "c:\\program files (x86)\\cypress\\psoc creator\\4.2\\psoc creator\\import\\gnu\\arm\\5.4.
 117              		.file 4 "Generated_Source\\PSoC5/cytypes.h"
 118              		.file 5 "Generated_Source\\PSoC5/ErikaOS_1_common_ee_types.inc"
 119              		.file 6 "Generated_Source\\PSoC5/ErikaOS_1_cortex_mx_ee_cpu.inc"
 120              		.file 7 "source\\bsw\\global.h"
 121              		.file 8 "source\\bsw\\button.h"
 122              		.file 9 "Generated_Source\\PSoC5/ErikaOS_1_ee_oo_intfunc.inc"
 123              		.file 10 "Generated_Source\\PSoC5/ErikaOS_1_cortex_mx_ee_context.inc"
 124              		.file 11 "Generated_Source\\PSoC5/ErikaOS_1_common_ee_primitives.inc"
 125              		.file 12 "Generated_Source\\PSoC5/core_cm3.h"
 126              		.file 13 "Generated_Source\\PSoC5/isr_Button.h"
 127              		.file 14 "Generated_Source\\PSoC5/BUTTON_1.h"
 128              		.file 15 "Generated_Source\\PSoC5/BUTTON_2.h"
 129              		.file 16 "Generated_Source\\PSoC5/BUTTON_3.h"
 130              		.file 17 "Generated_Source\\PSoC5/BUTTON_4.h"
 131              		.section	.debug_info,"",%progbits
 132              	.Ldebug_info0:
 133 0000 F1020000 		.4byte	0x2f1
 134 0004 0400     		.2byte	0x4
 135 0006 00000000 		.4byte	.Ldebug_abbrev0
ARM GAS  C:\Users\Reza\AppData\Local\Temp\ccmchOfa.s 			page 5


 136 000a 04       		.byte	0x4
 137 000b 01       		.uleb128 0x1
 138 000c 8D040000 		.4byte	.LASF70
 139 0010 0C       		.byte	0xc
 140 0011 25000000 		.4byte	.LASF71
 141 0015 D8000000 		.4byte	.LASF72
 142 0019 00000000 		.4byte	.Ldebug_ranges0+0
 143 001d 00000000 		.4byte	0
 144 0021 00000000 		.4byte	.Ldebug_line0
 145 0025 02       		.uleb128 0x2
 146 0026 01       		.byte	0x1
 147 0027 06       		.byte	0x6
 148 0028 D3020000 		.4byte	.LASF0
 149 002c 02       		.uleb128 0x2
 150 002d 01       		.byte	0x1
 151 002e 08       		.byte	0x8
 152 002f AC020000 		.4byte	.LASF1
 153 0033 02       		.uleb128 0x2
 154 0034 02       		.byte	0x2
 155 0035 05       		.byte	0x5
 156 0036 4D000000 		.4byte	.LASF2
 157 003a 02       		.uleb128 0x2
 158 003b 02       		.byte	0x2
 159 003c 07       		.byte	0x7
 160 003d 46030000 		.4byte	.LASF3
 161 0041 03       		.uleb128 0x3
 162 0042 FC030000 		.4byte	.LASF9
 163 0046 02       		.byte	0x2
 164 0047 3F       		.byte	0x3f
 165 0048 4C000000 		.4byte	0x4c
 166 004c 02       		.uleb128 0x2
 167 004d 04       		.byte	0x4
 168 004e 05       		.byte	0x5
 169 004f 3B020000 		.4byte	.LASF4
 170 0053 02       		.uleb128 0x2
 171 0054 04       		.byte	0x4
 172 0055 07       		.byte	0x7
 173 0056 AD030000 		.4byte	.LASF5
 174 005a 02       		.uleb128 0x2
 175 005b 08       		.byte	0x8
 176 005c 05       		.byte	0x5
 177 005d F0010000 		.4byte	.LASF6
 178 0061 02       		.uleb128 0x2
 179 0062 08       		.byte	0x8
 180 0063 07       		.byte	0x7
 181 0064 DF020000 		.4byte	.LASF7
 182 0068 04       		.uleb128 0x4
 183 0069 04       		.byte	0x4
 184 006a 05       		.byte	0x5
 185 006b 696E7400 		.ascii	"int\000"
 186 006f 02       		.uleb128 0x2
 187 0070 04       		.byte	0x4
 188 0071 07       		.byte	0x7
 189 0072 F6020000 		.4byte	.LASF8
 190 0076 03       		.uleb128 0x3
 191 0077 7F030000 		.4byte	.LASF10
 192 007b 03       		.byte	0x3
ARM GAS  C:\Users\Reza\AppData\Local\Temp\ccmchOfa.s 			page 6


 193 007c 2C       		.byte	0x2c
 194 007d 41000000 		.4byte	0x41
 195 0081 02       		.uleb128 0x2
 196 0082 04       		.byte	0x4
 197 0083 04       		.byte	0x4
 198 0084 DC010000 		.4byte	.LASF11
 199 0088 02       		.uleb128 0x2
 200 0089 08       		.byte	0x8
 201 008a 04       		.byte	0x4
 202 008b BF030000 		.4byte	.LASF12
 203 008f 02       		.uleb128 0x2
 204 0090 01       		.byte	0x1
 205 0091 08       		.byte	0x8
 206 0092 65030000 		.4byte	.LASF13
 207 0096 05       		.uleb128 0x5
 208 0097 C6020000 		.4byte	.LASF14
 209 009b 04       		.byte	0x4
 210 009c A002     		.2byte	0x2a0
 211 009e A2000000 		.4byte	0xa2
 212 00a2 06       		.uleb128 0x6
 213 00a3 04       		.byte	0x4
 214 00a4 A8000000 		.4byte	0xa8
 215 00a8 07       		.uleb128 0x7
 216 00a9 02       		.uleb128 0x2
 217 00aa 08       		.byte	0x8
 218 00ab 04       		.byte	0x4
 219 00ac BA020000 		.4byte	.LASF15
 220 00b0 02       		.uleb128 0x2
 221 00b1 04       		.byte	0x4
 222 00b2 07       		.byte	0x7
 223 00b3 7D000000 		.4byte	.LASF16
 224 00b7 03       		.uleb128 0x3
 225 00b8 35030000 		.4byte	.LASF17
 226 00bc 05       		.byte	0x5
 227 00bd 53       		.byte	0x53
 228 00be 68000000 		.4byte	0x68
 229 00c2 03       		.uleb128 0x3
 230 00c3 B0000000 		.4byte	.LASF18
 231 00c7 05       		.byte	0x5
 232 00c8 54       		.byte	0x54
 233 00c9 6F000000 		.4byte	0x6f
 234 00cd 03       		.uleb128 0x3
 235 00ce D8030000 		.4byte	.LASF19
 236 00d2 06       		.byte	0x6
 237 00d3 4D       		.byte	0x4d
 238 00d4 C2000000 		.4byte	0xc2
 239 00d8 03       		.uleb128 0x3
 240 00d9 94000000 		.4byte	.LASF20
 241 00dd 06       		.byte	0x6
 242 00de 4F       		.byte	0x4f
 243 00df C2000000 		.4byte	0xc2
 244 00e3 03       		.uleb128 0x3
 245 00e4 BA000000 		.4byte	.LASF21
 246 00e8 06       		.byte	0x6
 247 00e9 78       		.byte	0x78
 248 00ea B7000000 		.4byte	0xb7
 249 00ee 03       		.uleb128 0x3
ARM GAS  C:\Users\Reza\AppData\Local\Temp\ccmchOfa.s 			page 7


 250 00ef A2020000 		.4byte	.LASF22
 251 00f3 07       		.byte	0x7
 252 00f4 82       		.byte	0x82
 253 00f5 2C000000 		.4byte	0x2c
 254 00f9 08       		.uleb128 0x8
 255 00fa 65524300 		.ascii	"eRC\000"
 256 00fe 01       		.byte	0x1
 257 00ff 25000000 		.4byte	0x25
 258 0103 07       		.byte	0x7
 259 0104 AC       		.byte	0xac
 260 0105 A0010000 		.4byte	0x1a0
 261 0109 09       		.uleb128 0x9
 262 010a 1A000000 		.4byte	.LASF23
 263 010e 00       		.byte	0
 264 010f 0A       		.uleb128 0xa
 265 0110 5C040000 		.4byte	.LASF24
 266 0114 7F       		.sleb128 -1
 267 0115 0A       		.uleb128 0xa
 268 0116 11030000 		.4byte	.LASF25
 269 011a 7E       		.sleb128 -2
 270 011b 0A       		.uleb128 0xa
 271 011c 86000000 		.4byte	.LASF26
 272 0120 7D       		.sleb128 -3
 273 0121 0A       		.uleb128 0xa
 274 0122 65040000 		.4byte	.LASF27
 275 0126 7C       		.sleb128 -4
 276 0127 0A       		.uleb128 0xa
 277 0128 BF010000 		.4byte	.LASF28
 278 012c 7B       		.sleb128 -5
 279 012d 0A       		.uleb128 0xa
 280 012e 57000000 		.4byte	.LASF29
 281 0132 7A       		.sleb128 -6
 282 0133 0A       		.uleb128 0xa
 283 0134 44020000 		.4byte	.LASF30
 284 0138 79       		.sleb128 -7
 285 0139 0A       		.uleb128 0xa
 286 013a 6A030000 		.4byte	.LASF31
 287 013e 78       		.sleb128 -8
 288 013f 0A       		.uleb128 0xa
 289 0140 1F030000 		.4byte	.LASF32
 290 0144 77       		.sleb128 -9
 291 0145 0A       		.uleb128 0xa
 292 0146 65020000 		.4byte	.LASF33
 293 014a 76       		.sleb128 -10
 294 014b 0A       		.uleb128 0xa
 295 014c 20050000 		.4byte	.LASF34
 296 0150 75       		.sleb128 -11
 297 0151 0A       		.uleb128 0xa
 298 0152 03030000 		.4byte	.LASF35
 299 0156 74       		.sleb128 -12
 300 0157 0A       		.uleb128 0xa
 301 0158 C6030000 		.4byte	.LASF36
 302 015c 73       		.sleb128 -13
 303 015d 0A       		.uleb128 0xa
 304 015e 07000000 		.4byte	.LASF37
 305 0162 72       		.sleb128 -14
 306 0163 0A       		.uleb128 0xa
ARM GAS  C:\Users\Reza\AppData\Local\Temp\ccmchOfa.s 			page 8


 307 0164 39000000 		.4byte	.LASF38
 308 0168 71       		.sleb128 -15
 309 0169 0A       		.uleb128 0xa
 310 016a 7F020000 		.4byte	.LASF39
 311 016e 70       		.sleb128 -16
 312 016f 0A       		.uleb128 0xa
 313 0170 9C000000 		.4byte	.LASF40
 314 0174 6F       		.sleb128 -17
 315 0175 0A       		.uleb128 0xa
 316 0176 68000000 		.4byte	.LASF41
 317 017a 6E       		.sleb128 -18
 318 017b 0A       		.uleb128 0xa
 319 017c 17020000 		.4byte	.LASF42
 320 0180 6D       		.sleb128 -19
 321 0181 0A       		.uleb128 0xa
 322 0182 87030000 		.4byte	.LASF43
 323 0186 6C       		.sleb128 -20
 324 0187 0A       		.uleb128 0xa
 325 0188 90020000 		.4byte	.LASF44
 326 018c 6B       		.sleb128 -21
 327 018d 0A       		.uleb128 0xa
 328 018e 2A040000 		.4byte	.LASF45
 329 0192 6A       		.sleb128 -22
 330 0193 0A       		.uleb128 0xa
 331 0194 C1000000 		.4byte	.LASF46
 332 0198 69       		.sleb128 -23
 333 0199 0A       		.uleb128 0xa
 334 019a 2A020000 		.4byte	.LASF47
 335 019e 68       		.sleb128 -24
 336 019f 00       		.byte	0
 337 01a0 03       		.uleb128 0x3
 338 01a1 1B050000 		.4byte	.LASF48
 339 01a5 07       		.byte	0x7
 340 01a6 C8       		.byte	0xc8
 341 01a7 F9000000 		.4byte	0xf9
 342 01ab 0B       		.uleb128 0xb
 343 01ac 3E030000 		.4byte	.LASF49
 344 01b0 01       		.byte	0x1
 345 01b1 2C000000 		.4byte	0x2c
 346 01b5 08       		.byte	0x8
 347 01b6 59       		.byte	0x59
 348 01b7 D4010000 		.4byte	0x1d4
 349 01bb 09       		.uleb128 0x9
 350 01bc 06040000 		.4byte	.LASF50
 351 01c0 00       		.byte	0
 352 01c1 09       		.uleb128 0x9
 353 01c2 0F040000 		.4byte	.LASF51
 354 01c6 01       		.byte	0x1
 355 01c7 09       		.uleb128 0x9
 356 01c8 18040000 		.4byte	.LASF52
 357 01cc 02       		.byte	0x2
 358 01cd 09       		.uleb128 0x9
 359 01ce 21040000 		.4byte	.LASF53
 360 01d2 03       		.byte	0x3
 361 01d3 00       		.byte	0
 362 01d4 03       		.uleb128 0x3
 363 01d5 73020000 		.4byte	.LASF54
ARM GAS  C:\Users\Reza\AppData\Local\Temp\ccmchOfa.s 			page 9


 364 01d9 08       		.byte	0x8
 365 01da 5F       		.byte	0x5f
 366 01db AB010000 		.4byte	0x1ab
 367 01df 0C       		.uleb128 0xc
 368 01e0 59030000 		.4byte	.LASF55
 369 01e4 01       		.byte	0x1
 370 01e5 3F       		.byte	0x3f
 371 01e6 A0010000 		.4byte	0x1a0
 372 01ea 00000000 		.4byte	.LFB110
 373 01ee 0C000000 		.4byte	.LFE110-.LFB110
 374 01f2 01       		.uleb128 0x1
 375 01f3 9C       		.byte	0x9c
 376 01f4 19020000 		.4byte	0x219
 377 01f8 0D       		.uleb128 0xd
 378 01f9 56020000 		.4byte	.LASF57
 379 01fd 01       		.byte	0x1
 380 01fe 3F       		.byte	0x3f
 381 01ff 96000000 		.4byte	0x96
 382 0203 00000000 		.4byte	.LLST0
 383 0207 0E       		.uleb128 0xe
 384 0208 08000000 		.4byte	.LVL1
 385 020c BD020000 		.4byte	0x2bd
 386 0210 0F       		.uleb128 0xf
 387 0211 01       		.uleb128 0x1
 388 0212 50       		.byte	0x50
 389 0213 03       		.uleb128 0x3
 390 0214 F3       		.byte	0xf3
 391 0215 01       		.uleb128 0x1
 392 0216 50       		.byte	0x50
 393 0217 00       		.byte	0
 394 0218 00       		.byte	0
 395 0219 0C       		.uleb128 0xc
 396 021a 95010000 		.4byte	.LASF56
 397 021e 01       		.byte	0x1
 398 021f 4F       		.byte	0x4f
 399 0220 EE000000 		.4byte	0xee
 400 0224 00000000 		.4byte	.LFB111
 401 0228 30000000 		.4byte	.LFE111-.LFB111
 402 022c 01       		.uleb128 0x1
 403 022d 9C       		.byte	0x9c
 404 022e 75020000 		.4byte	0x275
 405 0232 0D       		.uleb128 0xd
 406 0233 5E020000 		.4byte	.LASF58
 407 0237 01       		.byte	0x1
 408 0238 4F       		.byte	0x4f
 409 0239 D4010000 		.4byte	0x1d4
 410 023d 21000000 		.4byte	.LLST1
 411 0241 10       		.uleb128 0x10
 412 0242 00000000 		.4byte	.LASF73
 413 0246 01       		.byte	0x1
 414 0247 51       		.byte	0x51
 415 0248 EE000000 		.4byte	0xee
 416 024c A6000000 		.4byte	.LLST2
 417 0250 11       		.uleb128 0x11
 418 0251 12000000 		.4byte	.LVL3
 419 0255 C8020000 		.4byte	0x2c8
 420 0259 11       		.uleb128 0x11
ARM GAS  C:\Users\Reza\AppData\Local\Temp\ccmchOfa.s 			page 10


 421 025a 18000000 		.4byte	.LVL5
 422 025e D3020000 		.4byte	0x2d3
 423 0262 11       		.uleb128 0x11
 424 0263 1E000000 		.4byte	.LVL7
 425 0267 DE020000 		.4byte	0x2de
 426 026b 11       		.uleb128 0x11
 427 026c 24000000 		.4byte	.LVL9
 428 0270 E9020000 		.4byte	0x2e9
 429 0274 00       		.byte	0
 430 0275 12       		.uleb128 0x12
 431 0276 75040000 		.4byte	.LASF59
 432 027a 09       		.byte	0x9
 433 027b 40       		.byte	0x40
 434 027c CD000000 		.4byte	0xcd
 435 0280 12       		.uleb128 0x12
 436 0281 FE010000 		.4byte	.LASF60
 437 0285 09       		.byte	0x9
 438 0286 47       		.byte	0x47
 439 0287 D8000000 		.4byte	0xd8
 440 028b 12       		.uleb128 0x12
 441 028c 9A030000 		.4byte	.LASF61
 442 0290 09       		.byte	0x9
 443 0291 4A       		.byte	0x4a
 444 0292 CD000000 		.4byte	0xcd
 445 0296 12       		.uleb128 0x12
 446 0297 A6010000 		.4byte	.LASF62
 447 029b 0A       		.byte	0xa
 448 029c 48       		.byte	0x48
 449 029d E3000000 		.4byte	0xe3
 450 02a1 12       		.uleb128 0x12
 451 02a2 80010000 		.4byte	.LASF63
 452 02a6 0B       		.byte	0xb
 453 02a7 44       		.byte	0x44
 454 02a8 CD000000 		.4byte	0xcd
 455 02ac 13       		.uleb128 0x13
 456 02ad 4F040000 		.4byte	.LASF64
 457 02b1 0C       		.byte	0xc
 458 02b2 1207     		.2byte	0x712
 459 02b4 B8020000 		.4byte	0x2b8
 460 02b8 14       		.uleb128 0x14
 461 02b9 76000000 		.4byte	0x76
 462 02bd 15       		.uleb128 0x15
 463 02be 3C040000 		.4byte	.LASF65
 464 02c2 3C040000 		.4byte	.LASF65
 465 02c6 0D       		.byte	0xd
 466 02c7 18       		.byte	0x18
 467 02c8 15       		.uleb128 0x15
 468 02c9 E2010000 		.4byte	.LASF66
 469 02cd E2010000 		.4byte	.LASF66
 470 02d1 0E       		.byte	0xe
 471 02d2 29       		.byte	0x29
 472 02d3 15       		.uleb128 0x15
 473 02d4 EE030000 		.4byte	.LASF67
 474 02d8 EE030000 		.4byte	.LASF67
 475 02dc 0F       		.byte	0xf
 476 02dd 29       		.byte	0x29
 477 02de 15       		.uleb128 0x15
ARM GAS  C:\Users\Reza\AppData\Local\Temp\ccmchOfa.s 			page 11


 478 02df CE010000 		.4byte	.LASF68
 479 02e3 CE010000 		.4byte	.LASF68
 480 02e7 10       		.byte	0x10
 481 02e8 29       		.byte	0x29
 482 02e9 15       		.uleb128 0x15
 483 02ea E0030000 		.4byte	.LASF69
 484 02ee E0030000 		.4byte	.LASF69
 485 02f2 11       		.byte	0x11
 486 02f3 29       		.byte	0x29
 487 02f4 00       		.byte	0
 488              		.section	.debug_abbrev,"",%progbits
 489              	.Ldebug_abbrev0:
 490 0000 01       		.uleb128 0x1
 491 0001 11       		.uleb128 0x11
 492 0002 01       		.byte	0x1
 493 0003 25       		.uleb128 0x25
 494 0004 0E       		.uleb128 0xe
 495 0005 13       		.uleb128 0x13
 496 0006 0B       		.uleb128 0xb
 497 0007 03       		.uleb128 0x3
 498 0008 0E       		.uleb128 0xe
 499 0009 1B       		.uleb128 0x1b
 500 000a 0E       		.uleb128 0xe
 501 000b 55       		.uleb128 0x55
 502 000c 17       		.uleb128 0x17
 503 000d 11       		.uleb128 0x11
 504 000e 01       		.uleb128 0x1
 505 000f 10       		.uleb128 0x10
 506 0010 17       		.uleb128 0x17
 507 0011 00       		.byte	0
 508 0012 00       		.byte	0
 509 0013 02       		.uleb128 0x2
 510 0014 24       		.uleb128 0x24
 511 0015 00       		.byte	0
 512 0016 0B       		.uleb128 0xb
 513 0017 0B       		.uleb128 0xb
 514 0018 3E       		.uleb128 0x3e
 515 0019 0B       		.uleb128 0xb
 516 001a 03       		.uleb128 0x3
 517 001b 0E       		.uleb128 0xe
 518 001c 00       		.byte	0
 519 001d 00       		.byte	0
 520 001e 03       		.uleb128 0x3
 521 001f 16       		.uleb128 0x16
 522 0020 00       		.byte	0
 523 0021 03       		.uleb128 0x3
 524 0022 0E       		.uleb128 0xe
 525 0023 3A       		.uleb128 0x3a
 526 0024 0B       		.uleb128 0xb
 527 0025 3B       		.uleb128 0x3b
 528 0026 0B       		.uleb128 0xb
 529 0027 49       		.uleb128 0x49
 530 0028 13       		.uleb128 0x13
 531 0029 00       		.byte	0
 532 002a 00       		.byte	0
 533 002b 04       		.uleb128 0x4
 534 002c 24       		.uleb128 0x24
ARM GAS  C:\Users\Reza\AppData\Local\Temp\ccmchOfa.s 			page 12


 535 002d 00       		.byte	0
 536 002e 0B       		.uleb128 0xb
 537 002f 0B       		.uleb128 0xb
 538 0030 3E       		.uleb128 0x3e
 539 0031 0B       		.uleb128 0xb
 540 0032 03       		.uleb128 0x3
 541 0033 08       		.uleb128 0x8
 542 0034 00       		.byte	0
 543 0035 00       		.byte	0
 544 0036 05       		.uleb128 0x5
 545 0037 16       		.uleb128 0x16
 546 0038 00       		.byte	0
 547 0039 03       		.uleb128 0x3
 548 003a 0E       		.uleb128 0xe
 549 003b 3A       		.uleb128 0x3a
 550 003c 0B       		.uleb128 0xb
 551 003d 3B       		.uleb128 0x3b
 552 003e 05       		.uleb128 0x5
 553 003f 49       		.uleb128 0x49
 554 0040 13       		.uleb128 0x13
 555 0041 00       		.byte	0
 556 0042 00       		.byte	0
 557 0043 06       		.uleb128 0x6
 558 0044 0F       		.uleb128 0xf
 559 0045 00       		.byte	0
 560 0046 0B       		.uleb128 0xb
 561 0047 0B       		.uleb128 0xb
 562 0048 49       		.uleb128 0x49
 563 0049 13       		.uleb128 0x13
 564 004a 00       		.byte	0
 565 004b 00       		.byte	0
 566 004c 07       		.uleb128 0x7
 567 004d 15       		.uleb128 0x15
 568 004e 00       		.byte	0
 569 004f 27       		.uleb128 0x27
 570 0050 19       		.uleb128 0x19
 571 0051 00       		.byte	0
 572 0052 00       		.byte	0
 573 0053 08       		.uleb128 0x8
 574 0054 04       		.uleb128 0x4
 575 0055 01       		.byte	0x1
 576 0056 03       		.uleb128 0x3
 577 0057 08       		.uleb128 0x8
 578 0058 0B       		.uleb128 0xb
 579 0059 0B       		.uleb128 0xb
 580 005a 49       		.uleb128 0x49
 581 005b 13       		.uleb128 0x13
 582 005c 3A       		.uleb128 0x3a
 583 005d 0B       		.uleb128 0xb
 584 005e 3B       		.uleb128 0x3b
 585 005f 0B       		.uleb128 0xb
 586 0060 01       		.uleb128 0x1
 587 0061 13       		.uleb128 0x13
 588 0062 00       		.byte	0
 589 0063 00       		.byte	0
 590 0064 09       		.uleb128 0x9
 591 0065 28       		.uleb128 0x28
ARM GAS  C:\Users\Reza\AppData\Local\Temp\ccmchOfa.s 			page 13


 592 0066 00       		.byte	0
 593 0067 03       		.uleb128 0x3
 594 0068 0E       		.uleb128 0xe
 595 0069 1C       		.uleb128 0x1c
 596 006a 0B       		.uleb128 0xb
 597 006b 00       		.byte	0
 598 006c 00       		.byte	0
 599 006d 0A       		.uleb128 0xa
 600 006e 28       		.uleb128 0x28
 601 006f 00       		.byte	0
 602 0070 03       		.uleb128 0x3
 603 0071 0E       		.uleb128 0xe
 604 0072 1C       		.uleb128 0x1c
 605 0073 0D       		.uleb128 0xd
 606 0074 00       		.byte	0
 607 0075 00       		.byte	0
 608 0076 0B       		.uleb128 0xb
 609 0077 04       		.uleb128 0x4
 610 0078 01       		.byte	0x1
 611 0079 03       		.uleb128 0x3
 612 007a 0E       		.uleb128 0xe
 613 007b 0B       		.uleb128 0xb
 614 007c 0B       		.uleb128 0xb
 615 007d 49       		.uleb128 0x49
 616 007e 13       		.uleb128 0x13
 617 007f 3A       		.uleb128 0x3a
 618 0080 0B       		.uleb128 0xb
 619 0081 3B       		.uleb128 0x3b
 620 0082 0B       		.uleb128 0xb
 621 0083 01       		.uleb128 0x1
 622 0084 13       		.uleb128 0x13
 623 0085 00       		.byte	0
 624 0086 00       		.byte	0
 625 0087 0C       		.uleb128 0xc
 626 0088 2E       		.uleb128 0x2e
 627 0089 01       		.byte	0x1
 628 008a 3F       		.uleb128 0x3f
 629 008b 19       		.uleb128 0x19
 630 008c 03       		.uleb128 0x3
 631 008d 0E       		.uleb128 0xe
 632 008e 3A       		.uleb128 0x3a
 633 008f 0B       		.uleb128 0xb
 634 0090 3B       		.uleb128 0x3b
 635 0091 0B       		.uleb128 0xb
 636 0092 27       		.uleb128 0x27
 637 0093 19       		.uleb128 0x19
 638 0094 49       		.uleb128 0x49
 639 0095 13       		.uleb128 0x13
 640 0096 11       		.uleb128 0x11
 641 0097 01       		.uleb128 0x1
 642 0098 12       		.uleb128 0x12
 643 0099 06       		.uleb128 0x6
 644 009a 40       		.uleb128 0x40
 645 009b 18       		.uleb128 0x18
 646 009c 9742     		.uleb128 0x2117
 647 009e 19       		.uleb128 0x19
 648 009f 01       		.uleb128 0x1
ARM GAS  C:\Users\Reza\AppData\Local\Temp\ccmchOfa.s 			page 14


 649 00a0 13       		.uleb128 0x13
 650 00a1 00       		.byte	0
 651 00a2 00       		.byte	0
 652 00a3 0D       		.uleb128 0xd
 653 00a4 05       		.uleb128 0x5
 654 00a5 00       		.byte	0
 655 00a6 03       		.uleb128 0x3
 656 00a7 0E       		.uleb128 0xe
 657 00a8 3A       		.uleb128 0x3a
 658 00a9 0B       		.uleb128 0xb
 659 00aa 3B       		.uleb128 0x3b
 660 00ab 0B       		.uleb128 0xb
 661 00ac 49       		.uleb128 0x49
 662 00ad 13       		.uleb128 0x13
 663 00ae 02       		.uleb128 0x2
 664 00af 17       		.uleb128 0x17
 665 00b0 00       		.byte	0
 666 00b1 00       		.byte	0
 667 00b2 0E       		.uleb128 0xe
 668 00b3 898201   		.uleb128 0x4109
 669 00b6 01       		.byte	0x1
 670 00b7 11       		.uleb128 0x11
 671 00b8 01       		.uleb128 0x1
 672 00b9 31       		.uleb128 0x31
 673 00ba 13       		.uleb128 0x13
 674 00bb 00       		.byte	0
 675 00bc 00       		.byte	0
 676 00bd 0F       		.uleb128 0xf
 677 00be 8A8201   		.uleb128 0x410a
 678 00c1 00       		.byte	0
 679 00c2 02       		.uleb128 0x2
 680 00c3 18       		.uleb128 0x18
 681 00c4 9142     		.uleb128 0x2111
 682 00c6 18       		.uleb128 0x18
 683 00c7 00       		.byte	0
 684 00c8 00       		.byte	0
 685 00c9 10       		.uleb128 0x10
 686 00ca 34       		.uleb128 0x34
 687 00cb 00       		.byte	0
 688 00cc 03       		.uleb128 0x3
 689 00cd 0E       		.uleb128 0xe
 690 00ce 3A       		.uleb128 0x3a
 691 00cf 0B       		.uleb128 0xb
 692 00d0 3B       		.uleb128 0x3b
 693 00d1 0B       		.uleb128 0xb
 694 00d2 49       		.uleb128 0x49
 695 00d3 13       		.uleb128 0x13
 696 00d4 02       		.uleb128 0x2
 697 00d5 17       		.uleb128 0x17
 698 00d6 00       		.byte	0
 699 00d7 00       		.byte	0
 700 00d8 11       		.uleb128 0x11
 701 00d9 898201   		.uleb128 0x4109
 702 00dc 00       		.byte	0
 703 00dd 11       		.uleb128 0x11
 704 00de 01       		.uleb128 0x1
 705 00df 31       		.uleb128 0x31
ARM GAS  C:\Users\Reza\AppData\Local\Temp\ccmchOfa.s 			page 15


 706 00e0 13       		.uleb128 0x13
 707 00e1 00       		.byte	0
 708 00e2 00       		.byte	0
 709 00e3 12       		.uleb128 0x12
 710 00e4 34       		.uleb128 0x34
 711 00e5 00       		.byte	0
 712 00e6 03       		.uleb128 0x3
 713 00e7 0E       		.uleb128 0xe
 714 00e8 3A       		.uleb128 0x3a
 715 00e9 0B       		.uleb128 0xb
 716 00ea 3B       		.uleb128 0x3b
 717 00eb 0B       		.uleb128 0xb
 718 00ec 49       		.uleb128 0x49
 719 00ed 13       		.uleb128 0x13
 720 00ee 3F       		.uleb128 0x3f
 721 00ef 19       		.uleb128 0x19
 722 00f0 3C       		.uleb128 0x3c
 723 00f1 19       		.uleb128 0x19
 724 00f2 00       		.byte	0
 725 00f3 00       		.byte	0
 726 00f4 13       		.uleb128 0x13
 727 00f5 34       		.uleb128 0x34
 728 00f6 00       		.byte	0
 729 00f7 03       		.uleb128 0x3
 730 00f8 0E       		.uleb128 0xe
 731 00f9 3A       		.uleb128 0x3a
 732 00fa 0B       		.uleb128 0xb
 733 00fb 3B       		.uleb128 0x3b
 734 00fc 05       		.uleb128 0x5
 735 00fd 49       		.uleb128 0x49
 736 00fe 13       		.uleb128 0x13
 737 00ff 3F       		.uleb128 0x3f
 738 0100 19       		.uleb128 0x19
 739 0101 3C       		.uleb128 0x3c
 740 0102 19       		.uleb128 0x19
 741 0103 00       		.byte	0
 742 0104 00       		.byte	0
 743 0105 14       		.uleb128 0x14
 744 0106 35       		.uleb128 0x35
 745 0107 00       		.byte	0
 746 0108 49       		.uleb128 0x49
 747 0109 13       		.uleb128 0x13
 748 010a 00       		.byte	0
 749 010b 00       		.byte	0
 750 010c 15       		.uleb128 0x15
 751 010d 2E       		.uleb128 0x2e
 752 010e 00       		.byte	0
 753 010f 3F       		.uleb128 0x3f
 754 0110 19       		.uleb128 0x19
 755 0111 3C       		.uleb128 0x3c
 756 0112 19       		.uleb128 0x19
 757 0113 6E       		.uleb128 0x6e
 758 0114 0E       		.uleb128 0xe
 759 0115 03       		.uleb128 0x3
 760 0116 0E       		.uleb128 0xe
 761 0117 3A       		.uleb128 0x3a
 762 0118 0B       		.uleb128 0xb
ARM GAS  C:\Users\Reza\AppData\Local\Temp\ccmchOfa.s 			page 16


 763 0119 3B       		.uleb128 0x3b
 764 011a 0B       		.uleb128 0xb
 765 011b 00       		.byte	0
 766 011c 00       		.byte	0
 767 011d 00       		.byte	0
 768              		.section	.debug_loc,"",%progbits
 769              	.Ldebug_loc0:
 770              	.LLST0:
 771 0000 00000000 		.4byte	.LVL0
 772 0004 07000000 		.4byte	.LVL1-1
 773 0008 0100     		.2byte	0x1
 774 000a 50       		.byte	0x50
 775 000b 07000000 		.4byte	.LVL1-1
 776 000f 0C000000 		.4byte	.LFE110
 777 0013 0400     		.2byte	0x4
 778 0015 F3       		.byte	0xf3
 779 0016 01       		.uleb128 0x1
 780 0017 50       		.byte	0x50
 781 0018 9F       		.byte	0x9f
 782 0019 00000000 		.4byte	0
 783 001d 00000000 		.4byte	0
 784              	.LLST1:
 785 0021 00000000 		.4byte	.LVL2
 786 0025 11000000 		.4byte	.LVL3-1
 787 0029 0100     		.2byte	0x1
 788 002b 50       		.byte	0x50
 789 002c 11000000 		.4byte	.LVL3-1
 790 0030 14000000 		.4byte	.LVL4
 791 0034 0400     		.2byte	0x4
 792 0036 F3       		.byte	0xf3
 793 0037 01       		.uleb128 0x1
 794 0038 50       		.byte	0x50
 795 0039 9F       		.byte	0x9f
 796 003a 14000000 		.4byte	.LVL4
 797 003e 17000000 		.4byte	.LVL5-1
 798 0042 0100     		.2byte	0x1
 799 0044 50       		.byte	0x50
 800 0045 17000000 		.4byte	.LVL5-1
 801 0049 1A000000 		.4byte	.LVL6
 802 004d 0400     		.2byte	0x4
 803 004f F3       		.byte	0xf3
 804 0050 01       		.uleb128 0x1
 805 0051 50       		.byte	0x50
 806 0052 9F       		.byte	0x9f
 807 0053 1A000000 		.4byte	.LVL6
 808 0057 1D000000 		.4byte	.LVL7-1
 809 005b 0100     		.2byte	0x1
 810 005d 50       		.byte	0x50
 811 005e 1D000000 		.4byte	.LVL7-1
 812 0062 20000000 		.4byte	.LVL8
 813 0066 0400     		.2byte	0x4
 814 0068 F3       		.byte	0xf3
 815 0069 01       		.uleb128 0x1
 816 006a 50       		.byte	0x50
 817 006b 9F       		.byte	0x9f
 818 006c 20000000 		.4byte	.LVL8
 819 0070 23000000 		.4byte	.LVL9-1
ARM GAS  C:\Users\Reza\AppData\Local\Temp\ccmchOfa.s 			page 17


 820 0074 0100     		.2byte	0x1
 821 0076 50       		.byte	0x50
 822 0077 23000000 		.4byte	.LVL9-1
 823 007b 2C000000 		.4byte	.LVL10
 824 007f 0400     		.2byte	0x4
 825 0081 F3       		.byte	0xf3
 826 0082 01       		.uleb128 0x1
 827 0083 50       		.byte	0x50
 828 0084 9F       		.byte	0x9f
 829 0085 2C000000 		.4byte	.LVL10
 830 0089 2E000000 		.4byte	.LVL11
 831 008d 0100     		.2byte	0x1
 832 008f 50       		.byte	0x50
 833 0090 2E000000 		.4byte	.LVL11
 834 0094 30000000 		.4byte	.LFE111
 835 0098 0400     		.2byte	0x4
 836 009a F3       		.byte	0xf3
 837 009b 01       		.uleb128 0x1
 838 009c 50       		.byte	0x50
 839 009d 9F       		.byte	0x9f
 840 009e 00000000 		.4byte	0
 841 00a2 00000000 		.4byte	0
 842              	.LLST2:
 843 00a6 00000000 		.4byte	.LVL2
 844 00aa 2E000000 		.4byte	.LVL11
 845 00ae 0200     		.2byte	0x2
 846 00b0 30       		.byte	0x30
 847 00b1 9F       		.byte	0x9f
 848 00b2 2E000000 		.4byte	.LVL11
 849 00b6 30000000 		.4byte	.LFE111
 850 00ba 0100     		.2byte	0x1
 851 00bc 50       		.byte	0x50
 852 00bd 00000000 		.4byte	0
 853 00c1 00000000 		.4byte	0
 854              		.section	.debug_aranges,"",%progbits
 855 0000 24000000 		.4byte	0x24
 856 0004 0200     		.2byte	0x2
 857 0006 00000000 		.4byte	.Ldebug_info0
 858 000a 04       		.byte	0x4
 859 000b 00       		.byte	0
 860 000c 0000     		.2byte	0
 861 000e 0000     		.2byte	0
 862 0010 00000000 		.4byte	.LFB110
 863 0014 0C000000 		.4byte	.LFE110-.LFB110
 864 0018 00000000 		.4byte	.LFB111
 865 001c 30000000 		.4byte	.LFE111-.LFB111
 866 0020 00000000 		.4byte	0
 867 0024 00000000 		.4byte	0
 868              		.section	.debug_ranges,"",%progbits
 869              	.Ldebug_ranges0:
 870 0000 00000000 		.4byte	.LFB110
 871 0004 0C000000 		.4byte	.LFE110
 872 0008 00000000 		.4byte	.LFB111
 873 000c 30000000 		.4byte	.LFE111
 874 0010 00000000 		.4byte	0
 875 0014 00000000 		.4byte	0
 876              		.section	.debug_line,"",%progbits
ARM GAS  C:\Users\Reza\AppData\Local\Temp\ccmchOfa.s 			page 18


 877              	.Ldebug_line0:
 878 0000 9A020000 		.section	.debug_str,"MS",%progbits,1
 878      02006702 
 878      00000201 
 878      FB0E0D00 
 878      01010101 
 879              	.LASF73:
 880 0000 72657375 		.ascii	"result\000"
 880      6C7400
 881              	.LASF37:
 882 0007 52435F45 		.ascii	"RC_ERROR_READ_ONLY\000"
 882      52524F52 
 882      5F524541 
 882      445F4F4E 
 882      4C5900
 883              	.LASF23:
 884 001a 52435F53 		.ascii	"RC_SUCCESS\000"
 884      55434345 
 884      535300
 885              	.LASF71:
 886 0025 736F7572 		.ascii	"source\\bsw\\button.c\000"
 886      63655C62 
 886      73775C62 
 886      7574746F 
 886      6E2E6300 
 887              	.LASF38:
 888 0039 52435F45 		.ascii	"RC_ERROR_WRITE_ONLY\000"
 888      52524F52 
 888      5F575249 
 888      54455F4F 
 888      4E4C5900 
 889              	.LASF2:
 890 004d 73686F72 		.ascii	"short int\000"
 890      7420696E 
 890      7400
 891              	.LASF29:
 892 0057 52435F45 		.ascii	"RC_ERROR_OVERRUN\000"
 892      52524F52 
 892      5F4F5645 
 892      5252554E 
 892      00
 893              	.LASF41:
 894 0068 52435F45 		.ascii	"RC_ERROR_WRITE_FAILS\000"
 894      52524F52 
 894      5F575249 
 894      54455F46 
 894      41494C53 
 895              	.LASF16:
 896 007d 73697A65 		.ascii	"sizetype\000"
 896      74797065 
 896      00
 897              	.LASF26:
 898 0086 52435F45 		.ascii	"RC_ERROR_ZERO\000"
 898      52524F52 
 898      5F5A4552 
 898      4F00
 899              	.LASF20:
ARM GAS  C:\Users\Reza\AppData\Local\Temp\ccmchOfa.s 			page 19


 900 0094 45455F46 		.ascii	"EE_FREG\000"
 900      52454700 
 901              	.LASF40:
 902 009c 52435F45 		.ascii	"RC_ERROR_READ_FAILS\000"
 902      52524F52 
 902      5F524541 
 902      445F4641 
 902      494C5300 
 903              	.LASF18:
 904 00b0 45455F55 		.ascii	"EE_UINT32\000"
 904      494E5433 
 904      3200
 905              	.LASF21:
 906 00ba 45455F54 		.ascii	"EE_TID\000"
 906      494400
 907              	.LASF46:
 908 00c1 52435F45 		.ascii	"RC_ERROR_INVALID_STATE\000"
 908      52524F52 
 908      5F494E56 
 908      414C4944 
 908      5F535441 
 909              	.LASF72:
 910 00d8 443A5C48 		.ascii	"D:\\H_da\\Winter Semester\\MM03 Advanced Microcontr"
 910      5F64615C 
 910      57696E74 
 910      65722053 
 910      656D6573 
 911 0108 6F6C6C65 		.ascii	"oller Systems and Embedded Operating Systems\\Lectu"
 911      72205379 
 911      7374656D 
 911      7320616E 
 911      6420456D 
 912 013a 72652050 		.ascii	"re Prof. Fromm\\workspace\\workspace_psoc\\Reaction"
 912      726F662E 
 912      2046726F 
 912      6D6D5C77 
 912      6F726B73 
 913 016a 47616D65 		.ascii	"Game_with erika.cydsn\000"
 913      5F776974 
 913      68206572 
 913      696B612E 
 913      63796473 
 914              	.LASF63:
 915 0180 45455F49 		.ascii	"EE_IRQ_nesting_level\000"
 915      52515F6E 
 915      65737469 
 915      6E675F6C 
 915      6576656C 
 916              	.LASF56:
 917 0195 42555454 		.ascii	"BUTTON_IsPressed\000"
 917      4F4E5F49 
 917      73507265 
 917      73736564 
 917      00
 918              	.LASF62:
 919 01a6 45455F73 		.ascii	"EE_std_endcycle_next_tid\000"
 919      74645F65 
ARM GAS  C:\Users\Reza\AppData\Local\Temp\ccmchOfa.s 			page 20


 919      6E646379 
 919      636C655F 
 919      6E657874 
 920              	.LASF28:
 921 01bf 52435F45 		.ascii	"RC_ERROR_RANGE\000"
 921      52524F52 
 921      5F52414E 
 921      474500
 922              	.LASF68:
 923 01ce 42555454 		.ascii	"BUTTON_3_Read\000"
 923      4F4E5F33 
 923      5F526561 
 923      6400
 924              	.LASF11:
 925 01dc 666C6F61 		.ascii	"float\000"
 925      7400
 926              	.LASF66:
 927 01e2 42555454 		.ascii	"BUTTON_1_Read\000"
 927      4F4E5F31 
 927      5F526561 
 927      6400
 928              	.LASF6:
 929 01f0 6C6F6E67 		.ascii	"long long int\000"
 929      206C6F6E 
 929      6720696E 
 929      7400
 930              	.LASF60:
 931 01fe 45455F6F 		.ascii	"EE_oo_IRQ_suspend_status\000"
 931      6F5F4952 
 931      515F7375 
 931      7370656E 
 931      645F7374 
 932              	.LASF42:
 933 0217 52435F45 		.ascii	"RC_ERROR_NOT_MATCH\000"
 933      52524F52 
 933      5F4E4F54 
 933      5F4D4154 
 933      434800
 934              	.LASF47:
 935 022a 52435F45 		.ascii	"RC_ERROR_UNKNOWN\000"
 935      52524F52 
 935      5F554E4B 
 935      4E4F574E 
 935      00
 936              	.LASF4:
 937 023b 6C6F6E67 		.ascii	"long int\000"
 937      20696E74 
 937      00
 938              	.LASF30:
 939 0244 52435F45 		.ascii	"RC_ERROR_UNDERRUN\000"
 939      52524F52 
 939      5F554E44 
 939      45525255 
 939      4E00
 940              	.LASF57:
 941 0256 61646472 		.ascii	"address\000"
 941      65737300 
ARM GAS  C:\Users\Reza\AppData\Local\Temp\ccmchOfa.s 			page 21


 942              	.LASF58:
 943 025e 62757474 		.ascii	"button\000"
 943      6F6E00
 944              	.LASF33:
 945 0265 52435F45 		.ascii	"RC_ERROR_BUSY\000"
 945      52524F52 
 945      5F425553 
 945      5900
 946              	.LASF54:
 947 0273 42555454 		.ascii	"BUTTON_id_t\000"
 947      4F4E5F69 
 947      645F7400 
 948              	.LASF39:
 949 027f 52435F45 		.ascii	"RC_ERROR_INVALID\000"
 949      52524F52 
 949      5F494E56 
 949      414C4944 
 949      00
 950              	.LASF44:
 951 0290 52435F45 		.ascii	"RC_ERROR_BAD_DATA\000"
 951      52524F52 
 951      5F424144 
 951      5F444154 
 951      4100
 952              	.LASF22:
 953 02a2 626F6F6C 		.ascii	"boolean_t\000"
 953      65616E5F 
 953      7400
 954              	.LASF1:
 955 02ac 756E7369 		.ascii	"unsigned char\000"
 955      676E6564 
 955      20636861 
 955      7200
 956              	.LASF15:
 957 02ba 6C6F6E67 		.ascii	"long double\000"
 957      20646F75 
 957      626C6500 
 958              	.LASF14:
 959 02c6 63796973 		.ascii	"cyisraddress\000"
 959      72616464 
 959      72657373 
 959      00
 960              	.LASF0:
 961 02d3 7369676E 		.ascii	"signed char\000"
 961      65642063 
 961      68617200 
 962              	.LASF7:
 963 02df 6C6F6E67 		.ascii	"long long unsigned int\000"
 963      206C6F6E 
 963      6720756E 
 963      7369676E 
 963      65642069 
 964              	.LASF8:
 965 02f6 756E7369 		.ascii	"unsigned int\000"
 965      676E6564 
 965      20696E74 
 965      00
ARM GAS  C:\Users\Reza\AppData\Local\Temp\ccmchOfa.s 			page 22


 966              	.LASF35:
 967 0303 52435F45 		.ascii	"RC_ERROR_OPEN\000"
 967      52524F52 
 967      5F4F5045 
 967      4E00
 968              	.LASF25:
 969 0311 52435F45 		.ascii	"RC_ERROR_NULL\000"
 969      52524F52 
 969      5F4E554C 
 969      4C00
 970              	.LASF32:
 971 031f 52435F45 		.ascii	"RC_ERROR_BUFFER_EMTPY\000"
 971      52524F52 
 971      5F425546 
 971      4645525F 
 971      454D5450 
 972              	.LASF17:
 973 0335 45455F49 		.ascii	"EE_INT32\000"
 973      4E543332 
 973      00
 974              	.LASF49:
 975 033e 65427574 		.ascii	"eButton\000"
 975      746F6E00 
 976              	.LASF3:
 977 0346 73686F72 		.ascii	"short unsigned int\000"
 977      7420756E 
 977      7369676E 
 977      65642069 
 977      6E7400
 978              	.LASF55:
 979 0359 42555454 		.ascii	"BUTTON_Init\000"
 979      4F4E5F49 
 979      6E697400 
 980              	.LASF13:
 981 0365 63686172 		.ascii	"char\000"
 981      00
 982              	.LASF31:
 983 036a 52435F45 		.ascii	"RC_ERROR_BUFFER_FULL\000"
 983      52524F52 
 983      5F425546 
 983      4645525F 
 983      46554C4C 
 984              	.LASF10:
 985 037f 696E7433 		.ascii	"int32_t\000"
 985      325F7400 
 986              	.LASF43:
 987 0387 52435F45 		.ascii	"RC_ERROR_BAD_PARAM\000"
 987      52524F52 
 987      5F424144 
 987      5F504152 
 987      414D00
 988              	.LASF61:
 989 039a 45455F41 		.ascii	"EE_ApplicationMode\000"
 989      70706C69 
 989      63617469 
 989      6F6E4D6F 
 989      646500
ARM GAS  C:\Users\Reza\AppData\Local\Temp\ccmchOfa.s 			page 23


 990              	.LASF5:
 991 03ad 6C6F6E67 		.ascii	"long unsigned int\000"
 991      20756E73 
 991      69676E65 
 991      6420696E 
 991      7400
 992              	.LASF12:
 993 03bf 646F7562 		.ascii	"double\000"
 993      6C6500
 994              	.LASF36:
 995 03c6 52435F45 		.ascii	"RC_ERROR_CHECKSUM\000"
 995      52524F52 
 995      5F434845 
 995      434B5355 
 995      4D00
 996              	.LASF19:
 997 03d8 45455F55 		.ascii	"EE_UREG\000"
 997      52454700 
 998              	.LASF69:
 999 03e0 42555454 		.ascii	"BUTTON_4_Read\000"
 999      4F4E5F34 
 999      5F526561 
 999      6400
 1000              	.LASF67:
 1001 03ee 42555454 		.ascii	"BUTTON_2_Read\000"
 1001      4F4E5F32 
 1001      5F526561 
 1001      6400
 1002              	.LASF9:
 1003 03fc 5F5F696E 		.ascii	"__int32_t\000"
 1003      7433325F 
 1003      7400
 1004              	.LASF50:
 1005 0406 42555454 		.ascii	"BUTTON_1\000"
 1005      4F4E5F31 
 1005      00
 1006              	.LASF51:
 1007 040f 42555454 		.ascii	"BUTTON_2\000"
 1007      4F4E5F32 
 1007      00
 1008              	.LASF52:
 1009 0418 42555454 		.ascii	"BUTTON_3\000"
 1009      4F4E5F33 
 1009      00
 1010              	.LASF53:
 1011 0421 42555454 		.ascii	"BUTTON_4\000"
 1011      4F4E5F34 
 1011      00
 1012              	.LASF45:
 1013 042a 52435F45 		.ascii	"RC_ERROR_CANCELED\000"
 1013      52524F52 
 1013      5F43414E 
 1013      43454C45 
 1013      4400
 1014              	.LASF65:
 1015 043c 6973725F 		.ascii	"isr_Button_StartEx\000"
 1015      42757474 
ARM GAS  C:\Users\Reza\AppData\Local\Temp\ccmchOfa.s 			page 24


 1015      6F6E5F53 
 1015      74617274 
 1015      457800
 1016              	.LASF64:
 1017 044f 49544D5F 		.ascii	"ITM_RxBuffer\000"
 1017      52784275 
 1017      66666572 
 1017      00
 1018              	.LASF24:
 1019 045c 52435F45 		.ascii	"RC_ERROR\000"
 1019      52524F52 
 1019      00
 1020              	.LASF27:
 1021 0465 52435F45 		.ascii	"RC_ERROR_MEMORY\000"
 1021      52524F52 
 1021      5F4D454D 
 1021      4F525900 
 1022              	.LASF59:
 1023 0475 45455F6F 		.ascii	"EE_oo_IRQ_disable_count\000"
 1023      6F5F4952 
 1023      515F6469 
 1023      7361626C 
 1023      655F636F 
 1024              	.LASF70:
 1025 048d 474E5520 		.ascii	"GNU C11 5.4.1 20160609 (release) [ARM/embedded-5-br"
 1025      43313120 
 1025      352E342E 
 1025      31203230 
 1025      31363036 
 1026 04c0 616E6368 		.ascii	"anch revision 237715] -mcpu=cortex-m3 -mthumb -g -O"
 1026      20726576 
 1026      6973696F 
 1026      6E203233 
 1026      37373135 
 1027 04f3 73202D66 		.ascii	"s -ffunction-sections -ffat-lto-objects\000"
 1027      66756E63 
 1027      74696F6E 
 1027      2D736563 
 1027      74696F6E 
 1028              	.LASF48:
 1029 051b 52435F74 		.ascii	"RC_t\000"
 1029      00
 1030              	.LASF34:
 1031 0520 52435F45 		.ascii	"RC_ERROR_TIME_OUT\000"
 1031      52524F52 
 1031      5F54494D 
 1031      455F4F55 
 1031      5400
 1032              		.ident	"GCC: (GNU Tools for ARM Embedded Processors) 5.4.1 20160609 (release) [ARM/embedded-5-bran
