ARM GAS  C:\Users\Reza\AppData\Local\Temp\ccNnKEKa.s 			page 1


   1              		.syntax unified
   2              		.cpu cortex-m3
   3              		.fpu softvfp
   4              		.eabi_attribute 20, 1
   5              		.eabi_attribute 21, 1
   6              		.eabi_attribute 23, 3
   7              		.eabi_attribute 24, 1
   8              		.eabi_attribute 25, 1
   9              		.eabi_attribute 26, 1
  10              		.eabi_attribute 30, 4
  11              		.eabi_attribute 34, 1
  12              		.eabi_attribute 18, 4
  13              		.thumb
  14              		.syntax unified
  15              		.file	"ErikaOS_1_eecfg.c"
  16              		.text
  17              	.Ltext0:
  18              		.cfi_sections	.debug_frame
  19              		.global	EE_oo_autostart_task_data
  20              		.comm	EE_ApplicationMode,4,4
  21              		.global	EE_oo_action_ROM
  22              		.comm	EE_oo_counter_object_RAM,32,4
  23              		.global	EE_oo_counter_object_ROM
  24              		.global	EE_ALARM_ID
  25              		.global	EE_ALARM_NAME
  26              		.global	EE_alarm_ROM
  27              		.global	EE_counter_RAM
  28              		.global	EE_counter_ROM
  29              		.global	EE_th_is_extended
  30              		.global	EE_th_waswaiting
  31              		.global	EE_th_event_waitmask
  32              		.global	EE_th_event_active
  33              		.global	EE_th_terminate_nextask
  34              		.global	EE_rq_free
  35              		.comm	EE_rq_pairs_tid,16,4
  36              		.global	EE_rq_pairs_next
  37              		.global	EE_rq_link
  38              		.global	EE_th_rnact_max
  39              		.global	EE_th_rnact
  40              		.global	EE_rq_bitmask
  41              		.global	EE_rq_queues_tail
  42              		.global	EE_rq_queues_head
  43              		.global	EE_sys_ceiling
  44              		.global	EE_stkfirst
  45              		.global	EE_th_next
  46              		.global	EE_th_status
  47              		.global	EE_th_dispatch_prio
  48              		.global	EE_EVENT_ID
  49              		.global	EE_EVENT_NAME
  50              		.global	EE_TASK_NAME
  51              		.global	EE_th_ready_prio
  52              		.global	EE_terminate_real_th_body
  53              		.comm	EE_terminate_data,16,4
  54              		.global	EE_hal_thread_body
  55              		.global	EE_cortex_mx_IRQ_tos
  56              		.global	EE_cortex_mx_active_tos
  57              		.global	EE_cortex_mx_system_tos
ARM GAS  C:\Users\Reza\AppData\Local\Temp\ccNnKEKa.s 			page 2


  58              		.global	EE_std_thread_tos
  59              		.comm	EE_cortex_mx_stack_9,512,4
  60              		.comm	EE_cortex_mx_stack_2,300,4
  61              		.section	.rodata
  62              		.align	2
  63              		.type	EE_oo_autostart_task_data, %object
  64              		.size	EE_oo_autostart_task_data, 8
  65              	EE_oo_autostart_task_data:
  66 0000 01000000 		.word	1
  67 0004 08000000 		.word	EE_oo_autostart_task_mode_OSDEFAULTAPPMODE
  68              		.type	EE_oo_autostart_task_mode_OSDEFAULTAPPMODE, %object
  69              		.size	EE_oo_autostart_task_mode_OSDEFAULTAPPMODE, 4
  70              	EE_oo_autostart_task_mode_OSDEFAULTAPPMODE:
  71 0008 00000000 		.space	4
  72              		.type	EE_oo_action_ROM, %object
  73              		.size	EE_oo_action_ROM, 40
  74              	EE_oo_action_ROM:
  75 000c 01       		.byte	1
  76 000d 000000   		.space	3
  77 0010 01000000 		.word	1
  78 0014 01000000 		.word	1
  79 0018 00000000 		.word	0
  80 001c FFFFFFFF 		.word	-1
  81 0020 00       		.byte	0
  82 0021 000000   		.space	3
  83 0024 03000000 		.word	3
  84 0028 00000000 		.word	0
  85 002c 00000000 		.word	0
  86 0030 FFFFFFFF 		.word	-1
  87              		.type	EE_oo_counter_object_ROM, %object
  88              		.size	EE_oo_counter_object_ROM, 24
  89              	EE_oo_counter_object_ROM:
  90 0034 00000000 		.word	0
  91 0038 00000000 		.word	0
  92 003c 00       		.byte	0
  93 003d 000000   		.space	3
  94 0040 00000000 		.word	0
  95 0044 01000000 		.word	1
  96 0048 00       		.byte	0
  97 0049 000000   		.space	3
  98              		.type	EE_ALARM_ID, %object
  99              		.size	EE_ALARM_ID, 8
 100              	EE_ALARM_ID:
 101 004c 00000000 		.word	0
 102 0050 01000000 		.word	1
 103              		.type	EE_alarm_ROM, %object
 104              		.size	EE_alarm_ROM, 8
 105              	EE_alarm_ROM:
 106 0054 00000000 		.word	0
 107 0058 01000000 		.word	1
 108              		.type	EE_counter_ROM, %object
 109              		.size	EE_counter_ROM, 12
 110              	EE_counter_ROM:
 111 005c 10270000 		.word	10000
 112 0060 00000000 		.word	0
 113 0064 00000000 		.word	0
 114              		.type	EE_th_is_extended, %object
ARM GAS  C:\Users\Reza\AppData\Local\Temp\ccNnKEKa.s 			page 3


 115              		.size	EE_th_is_extended, 16
 116              	EE_th_is_extended:
 117 0068 00000000 		.word	0
 118 006c 01000000 		.word	1
 119 0070 00000000 		.word	0
 120 0074 00000000 		.word	0
 121              		.type	EE_th_rnact_max, %object
 122              		.size	EE_th_rnact_max, 16
 123              	EE_th_rnact_max:
 124 0078 01000000 		.word	1
 125 007c 01000000 		.word	1
 126 0080 01000000 		.word	1
 127 0084 01000000 		.word	1
 128              		.type	EE_th_dispatch_prio, %object
 129              		.size	EE_th_dispatch_prio, 16
 130              	EE_th_dispatch_prio:
 131 0088 80000000 		.word	128
 132 008c 10000000 		.word	16
 133 0090 01000000 		.word	1
 134 0094 20000000 		.word	32
 135              		.type	EE_EVENT_ID, %object
 136              		.size	EE_EVENT_ID, 12
 137              	EE_EVENT_ID:
 138 0098 01000000 		.word	1
 139 009c 02000000 		.word	2
 140 00a0 04000000 		.word	4
 141              		.type	EE_th_ready_prio, %object
 142              		.size	EE_th_ready_prio, 16
 143              	EE_th_ready_prio:
 144 00a4 01000000 		.word	1
 145 00a8 10000000 		.word	16
 146 00ac 01000000 		.word	1
 147 00b0 20000000 		.word	32
 148              		.type	EE_terminate_real_th_body, %object
 149              		.size	EE_terminate_real_th_body, 16
 150              	EE_terminate_real_th_body:
 151 00b4 00000000 		.word	Functsk_Init
 152 00b8 00000000 		.word	Functsk_Control
 153 00bc 00000000 		.word	Functsk_Background
 154 00c0 00000000 		.word	Functsk_Output
 155              		.type	EE_hal_thread_body, %object
 156              		.size	EE_hal_thread_body, 16
 157              	EE_hal_thread_body:
 158 00c4 00000000 		.word	EE_oo_thread_stub
 159 00c8 00000000 		.word	EE_oo_thread_stub
 160 00cc 00000000 		.word	EE_oo_thread_stub
 161 00d0 00000000 		.word	EE_oo_thread_stub
 162              		.type	EE_std_thread_tos, %object
 163              		.size	EE_std_thread_tos, 20
 164              	EE_std_thread_tos:
 165 00d4 00000000 		.word	0
 166 00d8 00000000 		.word	0
 167 00dc 01000000 		.word	1
 168 00e0 00000000 		.word	0
 169 00e4 00000000 		.word	0
 170              		.section	.rodata.str1.1,"aMS",%progbits,1
 171              	.LC0:
ARM GAS  C:\Users\Reza\AppData\Local\Temp\ccNnKEKa.s 			page 4


 172 0000 616C726D 		.ascii	"alrm_100ms\000"
 172      5F313030 
 172      6D7300
 173              	.LC1:
 174 000b 616C726D 		.ascii	"alrm_500ms\000"
 174      5F353030 
 174      6D7300
 175              	.LC2:
 176 0016 65765F31 		.ascii	"ev_100ms\000"
 176      30306D73 
 176      00
 177              	.LC3:
 178 001f 65765F42 		.ascii	"ev_BlinkerButton1\000"
 178      6C696E6B 
 178      65724275 
 178      74746F6E 
 178      3100
 179              	.LC4:
 180 0031 65765F42 		.ascii	"ev_BlinkerButton2\000"
 180      6C696E6B 
 180      65724275 
 180      74746F6E 
 180      3200
 181              	.LC5:
 182 0043 74736B5F 		.ascii	"tsk_Init\000"
 182      496E6974 
 182      00
 183              	.LC6:
 184 004c 74736B5F 		.ascii	"tsk_Control\000"
 184      436F6E74 
 184      726F6C00 
 185              	.LC7:
 186 0058 74736B5F 		.ascii	"tsk_Background\000"
 186      4261636B 
 186      67726F75 
 186      6E6400
 187              	.LC8:
 188 0067 74736B5F 		.ascii	"tsk_Output\000"
 188      4F757470 
 188      757400
 189              		.data
 190              		.align	2
 191              		.type	EE_ALARM_NAME, %object
 192              		.size	EE_ALARM_NAME, 8
 193              	EE_ALARM_NAME:
 194 0000 00000000 		.word	.LC0
 195 0004 0B000000 		.word	.LC1
 196              		.type	EE_counter_RAM, %object
 197              		.size	EE_counter_RAM, 8
 198              	EE_counter_RAM:
 199 0008 00000000 		.word	0
 200 000c FFFFFFFF 		.word	-1
 201              		.type	EE_th_terminate_nextask, %object
 202              		.size	EE_th_terminate_nextask, 16
 203              	EE_th_terminate_nextask:
 204 0010 FFFFFFFF 		.word	-1
 205 0014 FFFFFFFF 		.word	-1
ARM GAS  C:\Users\Reza\AppData\Local\Temp\ccNnKEKa.s 			page 5


 206 0018 FFFFFFFF 		.word	-1
 207 001c FFFFFFFF 		.word	-1
 208              		.type	EE_rq_pairs_next, %object
 209              		.size	EE_rq_pairs_next, 16
 210              	EE_rq_pairs_next:
 211 0020 01000000 		.word	1
 212 0024 02000000 		.word	2
 213 0028 03000000 		.word	3
 214 002c FFFFFFFF 		.word	-1
 215              		.type	EE_rq_link, %object
 216              		.size	EE_rq_link, 16
 217              	EE_rq_link:
 218 0030 00000000 		.word	0
 219 0034 04000000 		.word	4
 220 0038 00000000 		.word	0
 221 003c 05000000 		.word	5
 222              		.type	EE_th_rnact, %object
 223              		.size	EE_th_rnact, 16
 224              	EE_th_rnact:
 225 0040 01000000 		.word	1
 226 0044 01000000 		.word	1
 227 0048 01000000 		.word	1
 228 004c 01000000 		.word	1
 229              		.type	EE_rq_queues_tail, %object
 230              		.size	EE_rq_queues_tail, 64
 231              	EE_rq_queues_tail:
 232 0050 FFFFFFFF 		.word	-1
 233 0054 FFFFFFFF 		.word	-1
 234 0058 FFFFFFFF 		.word	-1
 235 005c FFFFFFFF 		.word	-1
 236 0060 FFFFFFFF 		.word	-1
 237 0064 FFFFFFFF 		.word	-1
 238 0068 FFFFFFFF 		.word	-1
 239 006c FFFFFFFF 		.word	-1
 240 0070 FFFFFFFF 		.word	-1
 241 0074 FFFFFFFF 		.word	-1
 242 0078 FFFFFFFF 		.word	-1
 243 007c FFFFFFFF 		.word	-1
 244 0080 FFFFFFFF 		.word	-1
 245 0084 FFFFFFFF 		.word	-1
 246 0088 FFFFFFFF 		.word	-1
 247 008c FFFFFFFF 		.word	-1
 248              		.type	EE_rq_queues_head, %object
 249              		.size	EE_rq_queues_head, 64
 250              	EE_rq_queues_head:
 251 0090 FFFFFFFF 		.word	-1
 252 0094 FFFFFFFF 		.word	-1
 253 0098 FFFFFFFF 		.word	-1
 254 009c FFFFFFFF 		.word	-1
 255 00a0 FFFFFFFF 		.word	-1
 256 00a4 FFFFFFFF 		.word	-1
 257 00a8 FFFFFFFF 		.word	-1
 258 00ac FFFFFFFF 		.word	-1
 259 00b0 FFFFFFFF 		.word	-1
 260 00b4 FFFFFFFF 		.word	-1
 261 00b8 FFFFFFFF 		.word	-1
 262 00bc FFFFFFFF 		.word	-1
ARM GAS  C:\Users\Reza\AppData\Local\Temp\ccNnKEKa.s 			page 6


 263 00c0 FFFFFFFF 		.word	-1
 264 00c4 FFFFFFFF 		.word	-1
 265 00c8 FFFFFFFF 		.word	-1
 266 00cc FFFFFFFF 		.word	-1
 267              		.type	EE_stkfirst, %object
 268              		.size	EE_stkfirst, 4
 269              	EE_stkfirst:
 270 00d0 FFFFFFFF 		.word	-1
 271              		.type	EE_th_next, %object
 272              		.size	EE_th_next, 16
 273              	EE_th_next:
 274 00d4 FFFFFFFF 		.word	-1
 275 00d8 FFFFFFFF 		.word	-1
 276 00dc FFFFFFFF 		.word	-1
 277 00e0 FFFFFFFF 		.word	-1
 278              		.type	EE_th_status, %object
 279              		.size	EE_th_status, 16
 280              	EE_th_status:
 281 00e4 03000000 		.word	3
 282 00e8 03000000 		.word	3
 283 00ec 03000000 		.word	3
 284 00f0 03000000 		.word	3
 285              		.type	EE_EVENT_NAME, %object
 286              		.size	EE_EVENT_NAME, 12
 287              	EE_EVENT_NAME:
 288 00f4 16000000 		.word	.LC2
 289 00f8 1F000000 		.word	.LC3
 290 00fc 31000000 		.word	.LC4
 291              		.type	EE_TASK_NAME, %object
 292              		.size	EE_TASK_NAME, 16
 293              	EE_TASK_NAME:
 294 0100 43000000 		.word	.LC5
 295 0104 4C000000 		.word	.LC6
 296 0108 58000000 		.word	.LC7
 297 010c 67000000 		.word	.LC8
 298              		.type	EE_cortex_mx_IRQ_tos, %object
 299              		.size	EE_cortex_mx_IRQ_tos, 4
 300              	EE_cortex_mx_IRQ_tos:
 301 0110 00020000 		.word	EE_cortex_mx_stack_9+512
 302              		.type	EE_cortex_mx_system_tos, %object
 303              		.size	EE_cortex_mx_system_tos, 8
 304              	EE_cortex_mx_system_tos:
 305 0114 00000000 		.word	0
 306 0118 04010000 		.word	EE_cortex_mx_stack_2+260
 307              		.bss
 308              		.align	2
 309              		.type	EE_th_waswaiting, %object
 310              		.size	EE_th_waswaiting, 16
 311              	EE_th_waswaiting:
 312 0000 00000000 		.space	16
 312      00000000 
 312      00000000 
 312      00000000 
 313              		.type	EE_th_event_waitmask, %object
 314              		.size	EE_th_event_waitmask, 16
 315              	EE_th_event_waitmask:
 316 0010 00000000 		.space	16
ARM GAS  C:\Users\Reza\AppData\Local\Temp\ccNnKEKa.s 			page 7


 316      00000000 
 316      00000000 
 316      00000000 
 317              		.type	EE_th_event_active, %object
 318              		.size	EE_th_event_active, 16
 319              	EE_th_event_active:
 320 0020 00000000 		.space	16
 320      00000000 
 320      00000000 
 320      00000000 
 321              		.type	EE_rq_free, %object
 322              		.size	EE_rq_free, 4
 323              	EE_rq_free:
 324 0030 00000000 		.space	4
 325              		.type	EE_rq_bitmask, %object
 326              		.size	EE_rq_bitmask, 2
 327              	EE_rq_bitmask:
 328 0034 0000     		.space	2
 329 0036 0000     		.space	2
 330              		.type	EE_sys_ceiling, %object
 331              		.size	EE_sys_ceiling, 4
 332              	EE_sys_ceiling:
 333 0038 00000000 		.space	4
 334              		.type	EE_cortex_mx_active_tos, %object
 335              		.size	EE_cortex_mx_active_tos, 4
 336              	EE_cortex_mx_active_tos:
 337 003c 00000000 		.space	4
 338              		.text
 339              	.Letext0:
 340              		.file 1 "Generated_Source\\PSoC5\\ErikaOS_1_common_ee_types.inc"
 341              		.file 2 "Generated_Source\\PSoC5\\ErikaOS_1_cortex_mx_ee_cpu.inc"
 342              		.file 3 "Generated_Source\\PSoC5\\ErikaOS_1_ee_oo_common.inc"
 343              		.file 4 "Generated_Source\\PSoC5\\ErikaOS_1_common_ee_hal_structs.inc"
 344              		.file 5 "Generated_Source\\PSoC5\\ErikaOS_1_eecfg.c"
 345              		.file 6 "Generated_Source\\PSoC5\\ErikaOS_1_ee_oo_intfunc.inc"
 346              		.file 7 "Generated_Source\\PSoC5\\ErikaOS_1_cortex_mx_ee_context.inc"
 347              		.file 8 "Generated_Source\\PSoC5\\ErikaOS_1_common_ee_primitives.inc"
 348              		.section	.debug_info,"",%progbits
 349              	.Ldebug_info0:
 350 0000 B2080000 		.4byte	0x8b2
 351 0004 0400     		.2byte	0x4
 352 0006 00000000 		.4byte	.Ldebug_abbrev0
 353 000a 04       		.byte	0x4
 354 000b 01       		.uleb128 0x1
 355 000c 32010000 		.4byte	.LASF112
 356 0010 0C       		.byte	0xc
 357 0011 A1070000 		.4byte	.LASF113
 358 0015 BF060000 		.4byte	.LASF114
 359 0019 00000000 		.4byte	.Ldebug_line0
 360 001d 02       		.uleb128 0x2
 361 001e 01       		.byte	0x1
 362 001f 06       		.byte	0x6
 363 0020 26010000 		.4byte	.LASF0
 364 0024 02       		.uleb128 0x2
 365 0025 01       		.byte	0x1
 366 0026 08       		.byte	0x8
 367 0027 DB040000 		.4byte	.LASF1
ARM GAS  C:\Users\Reza\AppData\Local\Temp\ccNnKEKa.s 			page 8


 368 002b 02       		.uleb128 0x2
 369 002c 02       		.byte	0x2
 370 002d 05       		.byte	0x5
 371 002e 20050000 		.4byte	.LASF2
 372 0032 02       		.uleb128 0x2
 373 0033 02       		.byte	0x2
 374 0034 07       		.byte	0x7
 375 0035 01030000 		.4byte	.LASF3
 376 0039 02       		.uleb128 0x2
 377 003a 04       		.byte	0x4
 378 003b 05       		.byte	0x5
 379 003c 24020000 		.4byte	.LASF4
 380 0040 02       		.uleb128 0x2
 381 0041 04       		.byte	0x4
 382 0042 07       		.byte	0x7
 383 0043 BF020000 		.4byte	.LASF5
 384 0047 02       		.uleb128 0x2
 385 0048 08       		.byte	0x8
 386 0049 05       		.byte	0x5
 387 004a 18010000 		.4byte	.LASF6
 388 004e 02       		.uleb128 0x2
 389 004f 08       		.byte	0x8
 390 0050 07       		.byte	0x7
 391 0051 5E000000 		.4byte	.LASF7
 392 0055 03       		.uleb128 0x3
 393 0056 04       		.byte	0x4
 394 0057 05       		.byte	0x5
 395 0058 696E7400 		.ascii	"int\000"
 396 005c 02       		.uleb128 0x2
 397 005d 04       		.byte	0x4
 398 005e 07       		.byte	0x7
 399 005f 87020000 		.4byte	.LASF8
 400 0063 02       		.uleb128 0x2
 401 0064 08       		.byte	0x8
 402 0065 04       		.byte	0x4
 403 0066 29040000 		.4byte	.LASF9
 404 006a 04       		.uleb128 0x4
 405 006b A8040000 		.4byte	.LASF10
 406 006f 01       		.byte	0x1
 407 0070 52       		.byte	0x52
 408 0071 32000000 		.4byte	0x32
 409 0075 04       		.uleb128 0x4
 410 0076 86070000 		.4byte	.LASF11
 411 007a 01       		.byte	0x1
 412 007b 53       		.byte	0x53
 413 007c 55000000 		.4byte	0x55
 414 0080 04       		.uleb128 0x4
 415 0081 7C070000 		.4byte	.LASF12
 416 0085 01       		.byte	0x1
 417 0086 54       		.byte	0x54
 418 0087 5C000000 		.4byte	0x5c
 419 008b 04       		.uleb128 0x4
 420 008c FA070000 		.4byte	.LASF13
 421 0090 01       		.byte	0x1
 422 0091 64       		.byte	0x64
 423 0092 96000000 		.4byte	0x96
 424 0096 05       		.uleb128 0x5
ARM GAS  C:\Users\Reza\AppData\Local\Temp\ccNnKEKa.s 			page 9


 425 0097 04       		.byte	0x4
 426 0098 06       		.uleb128 0x6
 427 0099 04       		.byte	0x4
 428 009a 9E000000 		.4byte	0x9e
 429 009e 07       		.uleb128 0x7
 430 009f 04       		.uleb128 0x4
 431 00a0 AC030000 		.4byte	.LASF14
 432 00a4 01       		.byte	0x1
 433 00a5 70       		.byte	0x70
 434 00a6 98000000 		.4byte	0x98
 435 00aa 04       		.uleb128 0x4
 436 00ab 6F050000 		.4byte	.LASF15
 437 00af 01       		.byte	0x1
 438 00b0 73       		.byte	0x73
 439 00b1 98000000 		.4byte	0x98
 440 00b5 04       		.uleb128 0x4
 441 00b6 94020000 		.4byte	.LASF16
 442 00ba 02       		.byte	0x2
 443 00bb 4D       		.byte	0x4d
 444 00bc 80000000 		.4byte	0x80
 445 00c0 04       		.uleb128 0x4
 446 00c1 4B040000 		.4byte	.LASF17
 447 00c5 02       		.byte	0x2
 448 00c6 4E       		.byte	0x4e
 449 00c7 75000000 		.4byte	0x75
 450 00cb 04       		.uleb128 0x4
 451 00cc 14080000 		.4byte	.LASF18
 452 00d0 02       		.byte	0x2
 453 00d1 4F       		.byte	0x4f
 454 00d2 80000000 		.4byte	0x80
 455 00d6 04       		.uleb128 0x4
 456 00d7 3D000000 		.4byte	.LASF19
 457 00db 02       		.byte	0x2
 458 00dc 54       		.byte	0x54
 459 00dd B5000000 		.4byte	0xb5
 460 00e1 04       		.uleb128 0x4
 461 00e2 7A020000 		.4byte	.LASF20
 462 00e6 02       		.byte	0x2
 463 00e7 78       		.byte	0x78
 464 00e8 75000000 		.4byte	0x75
 465 00ec 08       		.uleb128 0x8
 466 00ed CA000000 		.4byte	.LASF61
 467 00f1 04       		.byte	0x4
 468 00f2 04       		.byte	0x4
 469 00f3 4D       		.byte	0x4d
 470 00f4 05010000 		.4byte	0x105
 471 00f8 09       		.uleb128 0x9
 472 00f9 E6070000 		.4byte	.LASF28
 473 00fd 04       		.byte	0x4
 474 00fe 4E       		.byte	0x4e
 475 00ff 8B000000 		.4byte	0x8b
 476 0103 00       		.byte	0
 477 0104 00       		.byte	0
 478 0105 0A       		.uleb128 0xa
 479 0106 10040000 		.4byte	.LASF21
 480 010a 03       		.byte	0x3
 481 010b 1101     		.2byte	0x111
ARM GAS  C:\Users\Reza\AppData\Local\Temp\ccNnKEKa.s 			page 10


 482 010d 6A000000 		.4byte	0x6a
 483 0111 0A       		.uleb128 0xa
 484 0112 C1000000 		.4byte	.LASF22
 485 0116 03       		.byte	0x3
 486 0117 F701     		.2byte	0x1f7
 487 0119 E1000000 		.4byte	0xe1
 488 011d 0A       		.uleb128 0xa
 489 011e C0010000 		.4byte	.LASF23
 490 0122 03       		.byte	0x3
 491 0123 2C02     		.2byte	0x22c
 492 0125 B5000000 		.4byte	0xb5
 493 0129 0A       		.uleb128 0xa
 494 012a 1D000000 		.4byte	.LASF24
 495 012e 03       		.byte	0x3
 496 012f 3502     		.2byte	0x235
 497 0131 B5000000 		.4byte	0xb5
 498 0135 0A       		.uleb128 0xa
 499 0136 C8050000 		.4byte	.LASF25
 500 013a 03       		.byte	0x3
 501 013b 5D02     		.2byte	0x25d
 502 013d B5000000 		.4byte	0xb5
 503 0141 0A       		.uleb128 0xa
 504 0142 32000000 		.4byte	.LASF26
 505 0146 03       		.byte	0x3
 506 0147 6302     		.2byte	0x263
 507 0149 B5000000 		.4byte	0xb5
 508 014d 0A       		.uleb128 0xa
 509 014e BD030000 		.4byte	.LASF27
 510 0152 03       		.byte	0x3
 511 0153 6C02     		.2byte	0x26c
 512 0155 B5000000 		.4byte	0xb5
 513 0159 0B       		.uleb128 0xb
 514 015a 0C       		.byte	0xc
 515 015b 03       		.byte	0x3
 516 015c 7202     		.2byte	0x272
 517 015e 8A010000 		.4byte	0x18a
 518 0162 0C       		.uleb128 0xc
 519 0163 D1000000 		.4byte	.LASF29
 520 0167 03       		.byte	0x3
 521 0168 7302     		.2byte	0x273
 522 016a 29010000 		.4byte	0x129
 523 016e 00       		.byte	0
 524 016f 0C       		.uleb128 0xc
 525 0170 53040000 		.4byte	.LASF30
 526 0174 03       		.byte	0x3
 527 0175 7402     		.2byte	0x274
 528 0177 29010000 		.4byte	0x129
 529 017b 04       		.byte	0x4
 530 017c 0C       		.uleb128 0xc
 531 017d 71020000 		.4byte	.LASF31
 532 0181 03       		.byte	0x3
 533 0182 7502     		.2byte	0x275
 534 0184 29010000 		.4byte	0x129
 535 0188 08       		.byte	0x8
 536 0189 00       		.byte	0
 537 018a 0A       		.uleb128 0xa
 538 018b 4C050000 		.4byte	.LASF32
ARM GAS  C:\Users\Reza\AppData\Local\Temp\ccNnKEKa.s 			page 11


 539 018f 03       		.byte	0x3
 540 0190 7A02     		.2byte	0x27a
 541 0192 59010000 		.4byte	0x159
 542 0196 0B       		.uleb128 0xb
 543 0197 08       		.byte	0x8
 544 0198 03       		.byte	0x3
 545 0199 7D02     		.2byte	0x27d
 546 019b BA010000 		.4byte	0x1ba
 547 019f 0C       		.uleb128 0xc
 548 01a0 81020000 		.4byte	.LASF33
 549 01a4 03       		.byte	0x3
 550 01a5 7E02     		.2byte	0x27e
 551 01a7 29010000 		.4byte	0x129
 552 01ab 00       		.byte	0
 553 01ac 0C       		.uleb128 0xc
 554 01ad C2050000 		.4byte	.LASF34
 555 01b1 03       		.byte	0x3
 556 01b2 7F02     		.2byte	0x27f
 557 01b4 35010000 		.4byte	0x135
 558 01b8 04       		.byte	0x4
 559 01b9 00       		.byte	0
 560 01ba 0A       		.uleb128 0xa
 561 01bb 01020000 		.4byte	.LASF35
 562 01bf 03       		.byte	0x3
 563 01c0 8002     		.2byte	0x280
 564 01c2 96010000 		.4byte	0x196
 565 01c6 0D       		.uleb128 0xd
 566 01c7 01       		.byte	0x1
 567 01c8 24000000 		.4byte	0x24
 568 01cc 03       		.byte	0x3
 569 01cd 8A02     		.2byte	0x28a
 570 01cf E0010000 		.4byte	0x1e0
 571 01d3 0E       		.uleb128 0xe
 572 01d4 E9040000 		.4byte	.LASF36
 573 01d8 00       		.byte	0
 574 01d9 0E       		.uleb128 0xe
 575 01da B2040000 		.4byte	.LASF37
 576 01de 01       		.byte	0x1
 577 01df 00       		.byte	0
 578 01e0 0A       		.uleb128 0xa
 579 01e1 2C030000 		.4byte	.LASF38
 580 01e5 03       		.byte	0x3
 581 01e6 8D02     		.2byte	0x28d
 582 01e8 C6010000 		.4byte	0x1c6
 583 01ec 0A       		.uleb128 0xa
 584 01ed 58030000 		.4byte	.LASF39
 585 01f1 03       		.byte	0x3
 586 01f2 9002     		.2byte	0x290
 587 01f4 E0010000 		.4byte	0x1e0
 588 01f8 0B       		.uleb128 0xb
 589 01f9 0C       		.byte	0xc
 590 01fa 03       		.byte	0x3
 591 01fb 9402     		.2byte	0x294
 592 01fd 27020000 		.4byte	0x227
 593 0201 0F       		.uleb128 0xf
 594 0202 6300     		.ascii	"c\000"
 595 0204 03       		.byte	0x3
ARM GAS  C:\Users\Reza\AppData\Local\Temp\ccNnKEKa.s 			page 12


 596 0205 9602     		.2byte	0x296
 597 0207 4D010000 		.4byte	0x14d
 598 020b 00       		.byte	0
 599 020c 0C       		.uleb128 0xc
 600 020d 1F060000 		.4byte	.LASF40
 601 0211 03       		.byte	0x3
 602 0212 9802     		.2byte	0x298
 603 0214 35010000 		.4byte	0x135
 604 0218 04       		.byte	0x4
 605 0219 0C       		.uleb128 0xc
 606 021a FC020000 		.4byte	.LASF41
 607 021e 03       		.byte	0x3
 608 021f 9A02     		.2byte	0x29a
 609 0221 EC010000 		.4byte	0x1ec
 610 0225 08       		.byte	0x8
 611 0226 00       		.byte	0
 612 0227 0A       		.uleb128 0xa
 613 0228 7B000000 		.4byte	.LASF42
 614 022c 03       		.byte	0x3
 615 022d 9B02     		.2byte	0x29b
 616 022f F8010000 		.4byte	0x1f8
 617 0233 0B       		.uleb128 0xb
 618 0234 10       		.byte	0x10
 619 0235 03       		.byte	0x3
 620 0236 9F02     		.2byte	0x29f
 621 0238 71020000 		.4byte	0x271
 622 023c 0C       		.uleb128 0xc
 623 023d 60040000 		.4byte	.LASF43
 624 0241 03       		.byte	0x3
 625 0242 A002     		.2byte	0x2a0
 626 0244 D6000000 		.4byte	0xd6
 627 0248 00       		.byte	0
 628 0249 0C       		.uleb128 0xc
 629 024a DD070000 		.4byte	.LASF44
 630 024e 03       		.byte	0x3
 631 024f A102     		.2byte	0x2a1
 632 0251 29010000 		.4byte	0x129
 633 0255 04       		.byte	0x4
 634 0256 0C       		.uleb128 0xc
 635 0257 75000000 		.4byte	.LASF45
 636 025b 03       		.byte	0x3
 637 025c A202     		.2byte	0x2a2
 638 025e 29010000 		.4byte	0x129
 639 0262 08       		.byte	0x8
 640 0263 0C       		.uleb128 0xc
 641 0264 00000000 		.4byte	.LASF46
 642 0268 03       		.byte	0x3
 643 0269 A302     		.2byte	0x2a3
 644 026b 35010000 		.4byte	0x135
 645 026f 0C       		.byte	0xc
 646 0270 00       		.byte	0
 647 0271 0A       		.uleb128 0xa
 648 0272 65040000 		.4byte	.LASF47
 649 0276 03       		.byte	0x3
 650 0277 A402     		.2byte	0x2a4
 651 0279 33020000 		.4byte	0x233
 652 027d 0D       		.uleb128 0xd
ARM GAS  C:\Users\Reza\AppData\Local\Temp\ccNnKEKa.s 			page 13


 653 027e 01       		.byte	0x1
 654 027f 24000000 		.4byte	0x24
 655 0283 03       		.byte	0x3
 656 0284 A702     		.2byte	0x2a7
 657 0286 A3020000 		.4byte	0x2a3
 658 028a 0E       		.uleb128 0xe
 659 028b DF050000 		.4byte	.LASF48
 660 028f 00       		.byte	0
 661 0290 0E       		.uleb128 0xe
 662 0291 27060000 		.4byte	.LASF49
 663 0295 01       		.byte	0x1
 664 0296 0E       		.uleb128 0xe
 665 0297 FE050000 		.4byte	.LASF50
 666 029b 02       		.byte	0x2
 667 029c 0E       		.uleb128 0xe
 668 029d A1050000 		.4byte	.LASF51
 669 02a1 03       		.byte	0x3
 670 02a2 00       		.byte	0
 671 02a3 0A       		.uleb128 0xa
 672 02a4 AA000000 		.4byte	.LASF52
 673 02a8 03       		.byte	0x3
 674 02a9 AC02     		.2byte	0x2ac
 675 02ab 7D020000 		.4byte	0x27d
 676 02af 0A       		.uleb128 0xa
 677 02b0 83060000 		.4byte	.LASF53
 678 02b4 03       		.byte	0x3
 679 02b5 AF02     		.2byte	0x2af
 680 02b7 A3020000 		.4byte	0x2a3
 681 02bb 0B       		.uleb128 0xb
 682 02bc 14       		.byte	0x14
 683 02bd 03       		.byte	0x3
 684 02be B202     		.2byte	0x2b2
 685 02c0 04030000 		.4byte	0x304
 686 02c4 0C       		.uleb128 0xc
 687 02c5 59060000 		.4byte	.LASF54
 688 02c9 03       		.byte	0x3
 689 02ca B302     		.2byte	0x2b3
 690 02cc AF020000 		.4byte	0x2af
 691 02d0 00       		.byte	0
 692 02d1 0C       		.uleb128 0xc
 693 02d2 EE070000 		.4byte	.LASF55
 694 02d6 03       		.byte	0x3
 695 02d7 B402     		.2byte	0x2b4
 696 02d9 11010000 		.4byte	0x111
 697 02dd 04       		.byte	0x4
 698 02de 0C       		.uleb128 0xc
 699 02df 63050000 		.4byte	.LASF56
 700 02e3 03       		.byte	0x3
 701 02e4 B602     		.2byte	0x2b6
 702 02e6 1D010000 		.4byte	0x11d
 703 02ea 08       		.byte	0x8
 704 02eb 0F       		.uleb128 0xf
 705 02ec 6600     		.ascii	"f\000"
 706 02ee 03       		.byte	0x3
 707 02ef B802     		.2byte	0x2b8
 708 02f1 9F000000 		.4byte	0x9f
 709 02f5 0C       		.byte	0xc
ARM GAS  C:\Users\Reza\AppData\Local\Temp\ccNnKEKa.s 			page 14


 710 02f6 0C       		.uleb128 0xc
 711 02f7 17050000 		.4byte	.LASF57
 712 02fb 03       		.byte	0x3
 713 02fc BA02     		.2byte	0x2ba
 714 02fe 4D010000 		.4byte	0x14d
 715 0302 10       		.byte	0x10
 716 0303 00       		.byte	0
 717 0304 0A       		.uleb128 0xa
 718 0305 92040000 		.4byte	.LASF58
 719 0309 03       		.byte	0x3
 720 030a BB02     		.2byte	0x2bb
 721 030c BB020000 		.4byte	0x2bb
 722 0310 0B       		.uleb128 0xb
 723 0311 04       		.byte	0x4
 724 0312 03       		.byte	0x3
 725 0313 BD02     		.2byte	0x2bd
 726 0315 27030000 		.4byte	0x327
 727 0319 0C       		.uleb128 0xc
 728 031a E2030000 		.4byte	.LASF59
 729 031e 03       		.byte	0x3
 730 031f BF02     		.2byte	0x2bf
 731 0321 41010000 		.4byte	0x141
 732 0325 00       		.byte	0
 733 0326 00       		.byte	0
 734 0327 0A       		.uleb128 0xa
 735 0328 9C020000 		.4byte	.LASF60
 736 032c 03       		.byte	0x3
 737 032d C402     		.2byte	0x2c4
 738 032f 10030000 		.4byte	0x310
 739 0333 10       		.uleb128 0x10
 740 0334 E2020000 		.4byte	.LASF62
 741 0338 08       		.byte	0x8
 742 0339 03       		.byte	0x3
 743 033a 0E04     		.2byte	0x40e
 744 033c 5A030000 		.4byte	0x35a
 745 0340 0F       		.uleb128 0xf
 746 0341 6E7400   		.ascii	"nt\000"
 747 0344 03       		.byte	0x3
 748 0345 0F04     		.2byte	0x40f
 749 0347 B5000000 		.4byte	0xb5
 750 034b 00       		.byte	0
 751 034c 0C       		.uleb128 0xc
 752 034d 65060000 		.4byte	.LASF63
 753 0351 03       		.byte	0x3
 754 0352 1004     		.2byte	0x410
 755 0354 6A030000 		.4byte	0x36a
 756 0358 04       		.byte	0x4
 757 0359 00       		.byte	0
 758 035a 11       		.uleb128 0x11
 759 035b 65030000 		.4byte	0x365
 760 035f 65030000 		.4byte	0x365
 761 0363 12       		.uleb128 0x12
 762 0364 00       		.byte	0
 763 0365 13       		.uleb128 0x13
 764 0366 E1000000 		.4byte	0xe1
 765 036a 06       		.uleb128 0x6
 766 036b 04       		.byte	0x4
ARM GAS  C:\Users\Reza\AppData\Local\Temp\ccNnKEKa.s 			page 15


 767 036c 5A030000 		.4byte	0x35a
 768 0370 11       		.uleb128 0x11
 769 0371 65030000 		.4byte	0x365
 770 0375 80030000 		.4byte	0x380
 771 0379 14       		.uleb128 0x14
 772 037a 80030000 		.4byte	0x380
 773 037e 00       		.byte	0
 774 037f 00       		.byte	0
 775 0380 02       		.uleb128 0x2
 776 0381 04       		.byte	0x4
 777 0382 07       		.byte	0x7
 778 0383 20040000 		.4byte	.LASF64
 779 0387 15       		.uleb128 0x15
 780 0388 E1000000 		.4byte	.LASF115
 781 038c 05       		.byte	0x5
 782 038d 6507     		.2byte	0x765
 783 038f 99030000 		.4byte	0x399
 784 0393 05       		.uleb128 0x5
 785 0394 03       		.byte	0x3
 786 0395 08000000 		.4byte	EE_oo_autostart_task_mode_OSDEFAULTAPPMODE
 787 0399 13       		.uleb128 0x13
 788 039a 70030000 		.4byte	0x370
 789 039e 11       		.uleb128 0x11
 790 039f AE030000 		.4byte	0x3ae
 791 03a3 AE030000 		.4byte	0x3ae
 792 03a7 14       		.uleb128 0x14
 793 03a8 80030000 		.4byte	0x380
 794 03ac 03       		.byte	0x3
 795 03ad 00       		.byte	0
 796 03ae 13       		.uleb128 0x13
 797 03af AA000000 		.4byte	0xaa
 798 03b3 16       		.uleb128 0x16
 799 03b4 37060000 		.4byte	.LASF65
 800 03b8 05       		.byte	0x5
 801 03b9 D2       		.byte	0xd2
 802 03ba C4030000 		.4byte	0x3c4
 803 03be 05       		.uleb128 0x5
 804 03bf 03       		.byte	0x3
 805 03c0 00000000 		.4byte	EE_hal_thread_body
 806 03c4 13       		.uleb128 0x13
 807 03c5 9E030000 		.4byte	0x39e
 808 03c9 11       		.uleb128 0x11
 809 03ca D9030000 		.4byte	0x3d9
 810 03ce D9030000 		.4byte	0x3d9
 811 03d2 14       		.uleb128 0x14
 812 03d3 80030000 		.4byte	0x380
 813 03d7 04       		.byte	0x4
 814 03d8 00       		.byte	0
 815 03d9 13       		.uleb128 0x13
 816 03da B5000000 		.4byte	0xb5
 817 03de 16       		.uleb128 0x16
 818 03df 8F050000 		.4byte	.LASF66
 819 03e3 05       		.byte	0x5
 820 03e4 71       		.byte	0x71
 821 03e5 EF030000 		.4byte	0x3ef
 822 03e9 05       		.uleb128 0x5
 823 03ea 03       		.byte	0x3
ARM GAS  C:\Users\Reza\AppData\Local\Temp\ccNnKEKa.s 			page 16


 824 03eb 00000000 		.4byte	EE_std_thread_tos
 825 03ef 13       		.uleb128 0x13
 826 03f0 C9030000 		.4byte	0x3c9
 827 03f4 11       		.uleb128 0x11
 828 03f5 80000000 		.4byte	0x80
 829 03f9 04040000 		.4byte	0x404
 830 03fd 14       		.uleb128 0x14
 831 03fe 80030000 		.4byte	0x380
 832 0402 03       		.byte	0x3
 833 0403 00       		.byte	0
 834 0404 16       		.uleb128 0x16
 835 0405 8F070000 		.4byte	.LASF67
 836 0409 05       		.byte	0x5
 837 040a ED       		.byte	0xed
 838 040b F4030000 		.4byte	0x3f4
 839 040f 05       		.uleb128 0x5
 840 0410 03       		.byte	0x3
 841 0411 00000000 		.4byte	EE_terminate_data
 842 0415 16       		.uleb128 0x16
 843 0416 FD040000 		.4byte	.LASF68
 844 041a 05       		.byte	0x5
 845 041b F0       		.byte	0xf0
 846 041c 26040000 		.4byte	0x426
 847 0420 05       		.uleb128 0x5
 848 0421 03       		.byte	0x3
 849 0422 00000000 		.4byte	EE_terminate_real_th_body
 850 0426 13       		.uleb128 0x13
 851 0427 9E030000 		.4byte	0x39e
 852 042b 11       		.uleb128 0x11
 853 042c EC000000 		.4byte	0xec
 854 0430 3B040000 		.4byte	0x43b
 855 0434 14       		.uleb128 0x14
 856 0435 80030000 		.4byte	0x380
 857 0439 01       		.byte	0x1
 858 043a 00       		.byte	0
 859 043b 16       		.uleb128 0x16
 860 043c C3040000 		.4byte	.LASF69
 861 0440 05       		.byte	0x5
 862 0441 8D       		.byte	0x8d
 863 0442 2B040000 		.4byte	0x42b
 864 0446 05       		.uleb128 0x5
 865 0447 03       		.byte	0x3
 866 0448 00000000 		.4byte	EE_cortex_mx_system_tos
 867 044c 16       		.uleb128 0x16
 868 044d E9010000 		.4byte	.LASF70
 869 0451 05       		.byte	0x5
 870 0452 A9       		.byte	0xa9
 871 0453 B5000000 		.4byte	0xb5
 872 0457 05       		.uleb128 0x5
 873 0458 03       		.byte	0x3
 874 0459 00000000 		.4byte	EE_cortex_mx_active_tos
 875 045d 11       		.uleb128 0x11
 876 045e D9030000 		.4byte	0x3d9
 877 0462 6D040000 		.4byte	0x46d
 878 0466 14       		.uleb128 0x14
 879 0467 80030000 		.4byte	0x380
 880 046b 03       		.byte	0x3
ARM GAS  C:\Users\Reza\AppData\Local\Temp\ccNnKEKa.s 			page 17


 881 046c 00       		.byte	0
 882 046d 17       		.uleb128 0x17
 883 046e EE050000 		.4byte	.LASF71
 884 0472 05       		.byte	0x5
 885 0473 E202     		.2byte	0x2e2
 886 0475 7F040000 		.4byte	0x47f
 887 0479 05       		.uleb128 0x5
 888 047a 03       		.byte	0x3
 889 047b 00000000 		.4byte	EE_th_rnact_max
 890 047f 13       		.uleb128 0x13
 891 0480 5D040000 		.4byte	0x45d
 892 0484 17       		.uleb128 0x17
 893 0485 92060000 		.4byte	.LASF72
 894 0489 05       		.byte	0x5
 895 048a 0C01     		.2byte	0x10c
 896 048c 96040000 		.4byte	0x496
 897 0490 05       		.uleb128 0x5
 898 0491 03       		.byte	0x3
 899 0492 00000000 		.4byte	EE_th_ready_prio
 900 0496 13       		.uleb128 0x13
 901 0497 5D040000 		.4byte	0x45d
 902 049b 17       		.uleb128 0x17
 903 049c 83030000 		.4byte	.LASF73
 904 04a0 05       		.byte	0x5
 905 04a1 4502     		.2byte	0x245
 906 04a3 AD040000 		.4byte	0x4ad
 907 04a7 05       		.uleb128 0x5
 908 04a8 03       		.byte	0x3
 909 04a9 00000000 		.4byte	EE_th_dispatch_prio
 910 04ad 13       		.uleb128 0x13
 911 04ae 5D040000 		.4byte	0x45d
 912 04b2 11       		.uleb128 0x11
 913 04b3 C2040000 		.4byte	0x4c2
 914 04b7 C2040000 		.4byte	0x4c2
 915 04bb 14       		.uleb128 0x14
 916 04bc 80030000 		.4byte	0x380
 917 04c0 03       		.byte	0x3
 918 04c1 00       		.byte	0
 919 04c2 06       		.uleb128 0x6
 920 04c3 04       		.byte	0x4
 921 04c4 CF040000 		.4byte	0x4cf
 922 04c8 02       		.uleb128 0x2
 923 04c9 01       		.byte	0x1
 924 04ca 08       		.byte	0x8
 925 04cb DA050000 		.4byte	.LASF74
 926 04cf 13       		.uleb128 0x13
 927 04d0 C8040000 		.4byte	0x4c8
 928 04d4 17       		.uleb128 0x17
 929 04d5 3F050000 		.4byte	.LASF75
 930 04d9 05       		.byte	0x5
 931 04da 2801     		.2byte	0x128
 932 04dc B2040000 		.4byte	0x4b2
 933 04e0 05       		.uleb128 0x5
 934 04e1 03       		.byte	0x3
 935 04e2 00000000 		.4byte	EE_TASK_NAME
 936 04e6 11       		.uleb128 0x11
 937 04e7 C2040000 		.4byte	0x4c2
ARM GAS  C:\Users\Reza\AppData\Local\Temp\ccNnKEKa.s 			page 18


 938 04eb F6040000 		.4byte	0x4f6
 939 04ef 14       		.uleb128 0x14
 940 04f0 80030000 		.4byte	0x380
 941 04f4 02       		.byte	0x2
 942 04f5 00       		.byte	0
 943 04f6 17       		.uleb128 0x17
 944 04f7 CE010000 		.4byte	.LASF76
 945 04fb 05       		.byte	0x5
 946 04fc 8101     		.2byte	0x181
 947 04fe E6040000 		.4byte	0x4e6
 948 0502 05       		.uleb128 0x5
 949 0503 03       		.byte	0x3
 950 0504 00000000 		.4byte	EE_EVENT_NAME
 951 0508 11       		.uleb128 0x11
 952 0509 C2040000 		.4byte	0x4c2
 953 050d 18050000 		.4byte	0x518
 954 0511 14       		.uleb128 0x14
 955 0512 80030000 		.4byte	0x380
 956 0516 01       		.byte	0x1
 957 0517 00       		.byte	0
 958 0518 17       		.uleb128 0x17
 959 0519 B1020000 		.4byte	.LASF77
 960 051d 05       		.byte	0x5
 961 051e 3D06     		.2byte	0x63d
 962 0520 08050000 		.4byte	0x508
 963 0524 05       		.uleb128 0x5
 964 0525 03       		.byte	0x3
 965 0526 00000000 		.4byte	EE_ALARM_NAME
 966 052a 11       		.uleb128 0x11
 967 052b 3A050000 		.4byte	0x53a
 968 052f 3A050000 		.4byte	0x53a
 969 0533 14       		.uleb128 0x14
 970 0534 80030000 		.4byte	0x380
 971 0538 02       		.byte	0x2
 972 0539 00       		.byte	0
 973 053a 13       		.uleb128 0x13
 974 053b 40000000 		.4byte	0x40
 975 053f 17       		.uleb128 0x17
 976 0540 18020000 		.4byte	.LASF78
 977 0544 05       		.byte	0x5
 978 0545 E201     		.2byte	0x1e2
 979 0547 51050000 		.4byte	0x551
 980 054b 05       		.uleb128 0x5
 981 054c 03       		.byte	0x3
 982 054d 00000000 		.4byte	EE_EVENT_ID
 983 0551 13       		.uleb128 0x13
 984 0552 2A050000 		.4byte	0x52a
 985 0556 11       		.uleb128 0x11
 986 0557 3A050000 		.4byte	0x53a
 987 055b 66050000 		.4byte	0x566
 988 055f 14       		.uleb128 0x14
 989 0560 80030000 		.4byte	0x380
 990 0564 01       		.byte	0x1
 991 0565 00       		.byte	0
 992 0566 17       		.uleb128 0x17
 993 0567 0C010000 		.4byte	.LASF79
 994 056b 05       		.byte	0x5
ARM GAS  C:\Users\Reza\AppData\Local\Temp\ccNnKEKa.s 			page 19


 995 056c 5906     		.2byte	0x659
 996 056e 78050000 		.4byte	0x578
 997 0572 05       		.uleb128 0x5
 998 0573 03       		.byte	0x3
 999 0574 00000000 		.4byte	EE_ALARM_ID
 1000 0578 13       		.uleb128 0x13
 1001 0579 56050000 		.4byte	0x556
 1002 057d 11       		.uleb128 0x11
 1003 057e B5000000 		.4byte	0xb5
 1004 0582 8D050000 		.4byte	0x58d
 1005 0586 14       		.uleb128 0x14
 1006 0587 80030000 		.4byte	0x380
 1007 058b 03       		.byte	0x3
 1008 058c 00       		.byte	0
 1009 058d 17       		.uleb128 0x17
 1010 058e 4B030000 		.4byte	.LASF80
 1011 0592 05       		.byte	0x5
 1012 0593 8102     		.2byte	0x281
 1013 0595 7D050000 		.4byte	0x57d
 1014 0599 05       		.uleb128 0x5
 1015 059a 03       		.byte	0x3
 1016 059b 00000000 		.4byte	EE_th_status
 1017 059f 11       		.uleb128 0x11
 1018 05a0 E1000000 		.4byte	0xe1
 1019 05a4 AF050000 		.4byte	0x5af
 1020 05a8 14       		.uleb128 0x14
 1021 05a9 80030000 		.4byte	0x380
 1022 05ad 03       		.byte	0x3
 1023 05ae 00       		.byte	0
 1024 05af 17       		.uleb128 0x17
 1025 05b0 F2040000 		.4byte	.LASF81
 1026 05b4 05       		.byte	0x5
 1027 05b5 9D02     		.2byte	0x29d
 1028 05b7 9F050000 		.4byte	0x59f
 1029 05bb 05       		.uleb128 0x5
 1030 05bc 03       		.byte	0x3
 1031 05bd 00000000 		.4byte	EE_th_next
 1032 05c1 17       		.uleb128 0x17
 1033 05c2 A3060000 		.4byte	.LASF82
 1034 05c6 05       		.byte	0x5
 1035 05c7 C702     		.2byte	0x2c7
 1036 05c9 7D050000 		.4byte	0x57d
 1037 05cd 05       		.uleb128 0x5
 1038 05ce 03       		.byte	0x3
 1039 05cf 00000000 		.4byte	EE_th_rnact
 1040 05d3 17       		.uleb128 0x17
 1041 05d4 05000000 		.4byte	.LASF83
 1042 05d8 05       		.byte	0x5
 1043 05d9 7703     		.2byte	0x377
 1044 05db 9F050000 		.4byte	0x59f
 1045 05df 05       		.uleb128 0x5
 1046 05e0 03       		.byte	0x3
 1047 05e1 00000000 		.4byte	EE_th_terminate_nextask
 1048 05e5 17       		.uleb128 0x17
 1049 05e6 26000000 		.4byte	.LASF84
 1050 05ea 05       		.byte	0x5
 1051 05eb B902     		.2byte	0x2b9
ARM GAS  C:\Users\Reza\AppData\Local\Temp\ccNnKEKa.s 			page 20


 1052 05ed E1000000 		.4byte	0xe1
 1053 05f1 05       		.uleb128 0x5
 1054 05f2 03       		.byte	0x3
 1055 05f3 00000000 		.4byte	EE_stkfirst
 1056 05f7 17       		.uleb128 0x17
 1057 05f8 4A060000 		.4byte	.LASF85
 1058 05fc 05       		.byte	0x5
 1059 05fd BC02     		.2byte	0x2bc
 1060 05ff B5000000 		.4byte	0xb5
 1061 0603 05       		.uleb128 0x5
 1062 0604 03       		.byte	0x3
 1063 0605 00000000 		.4byte	EE_sys_ceiling
 1064 0609 17       		.uleb128 0x17
 1065 060a 40040000 		.4byte	.LASF86
 1066 060e 05       		.byte	0x5
 1067 060f FD02     		.2byte	0x2fd
 1068 0611 7D050000 		.4byte	0x57d
 1069 0615 05       		.uleb128 0x5
 1070 0616 03       		.byte	0x3
 1071 0617 00000000 		.4byte	EE_rq_link
 1072 061b 11       		.uleb128 0x11
 1073 061c C0000000 		.4byte	0xc0
 1074 0620 2B060000 		.4byte	0x62b
 1075 0624 14       		.uleb128 0x14
 1076 0625 80030000 		.4byte	0x380
 1077 0629 0F       		.byte	0xf
 1078 062a 00       		.byte	0
 1079 062b 17       		.uleb128 0x17
 1080 062c 2D020000 		.4byte	.LASF87
 1081 0630 05       		.byte	0x5
 1082 0631 BF02     		.2byte	0x2bf
 1083 0633 1B060000 		.4byte	0x61b
 1084 0637 05       		.uleb128 0x5
 1085 0638 03       		.byte	0x3
 1086 0639 00000000 		.4byte	EE_rq_queues_head
 1087 063d 17       		.uleb128 0x17
 1088 063e 7D050000 		.4byte	.LASF88
 1089 0642 05       		.byte	0x5
 1090 0643 C102     		.2byte	0x2c1
 1091 0645 1B060000 		.4byte	0x61b
 1092 0649 05       		.uleb128 0x5
 1093 064a 03       		.byte	0x3
 1094 064b 00000000 		.4byte	EE_rq_queues_tail
 1095 064f 11       		.uleb128 0x11
 1096 0650 C0000000 		.4byte	0xc0
 1097 0654 5F060000 		.4byte	0x65f
 1098 0658 14       		.uleb128 0x14
 1099 0659 80030000 		.4byte	0x380
 1100 065d 03       		.byte	0x3
 1101 065e 00       		.byte	0
 1102 065f 17       		.uleb128 0x17
 1103 0660 99000000 		.4byte	.LASF89
 1104 0664 05       		.byte	0x5
 1105 0665 1B03     		.2byte	0x31b
 1106 0667 4F060000 		.4byte	0x64f
 1107 066b 05       		.uleb128 0x5
 1108 066c 03       		.byte	0x3
ARM GAS  C:\Users\Reza\AppData\Local\Temp\ccNnKEKa.s 			page 21


 1109 066d 00000000 		.4byte	EE_rq_pairs_next
 1110 0671 17       		.uleb128 0x17
 1111 0672 AF060000 		.4byte	.LASF90
 1112 0676 05       		.byte	0x5
 1113 0677 7003     		.2byte	0x370
 1114 0679 9F050000 		.4byte	0x59f
 1115 067d 05       		.uleb128 0x5
 1116 067e 03       		.byte	0x3
 1117 067f 00000000 		.4byte	EE_rq_pairs_tid
 1118 0683 17       		.uleb128 0x17
 1119 0684 B4050000 		.4byte	.LASF91
 1120 0688 05       		.byte	0x5
 1121 0689 C402     		.2byte	0x2c4
 1122 068b 05010000 		.4byte	0x105
 1123 068f 05       		.uleb128 0x5
 1124 0690 03       		.byte	0x3
 1125 0691 00000000 		.4byte	EE_rq_bitmask
 1126 0695 17       		.uleb128 0x17
 1127 0696 35040000 		.4byte	.LASF92
 1128 069a 05       		.byte	0x5
 1129 069b 7303     		.2byte	0x373
 1130 069d C0000000 		.4byte	0xc0
 1131 06a1 05       		.uleb128 0x5
 1132 06a2 03       		.byte	0x3
 1133 06a3 00000000 		.4byte	EE_rq_free
 1134 06a7 17       		.uleb128 0x17
 1135 06a8 CA070000 		.4byte	.LASF93
 1136 06ac 05       		.byte	0x5
 1137 06ad 9A03     		.2byte	0x39a
 1138 06af 7D050000 		.4byte	0x57d
 1139 06b3 05       		.uleb128 0x5
 1140 06b4 03       		.byte	0x3
 1141 06b5 00000000 		.4byte	EE_th_event_active
 1142 06b9 17       		.uleb128 0x17
 1143 06ba 2A050000 		.4byte	.LASF94
 1144 06be 05       		.byte	0x5
 1145 06bf B603     		.2byte	0x3b6
 1146 06c1 7D050000 		.4byte	0x57d
 1147 06c5 05       		.uleb128 0x5
 1148 06c6 03       		.byte	0x3
 1149 06c7 00000000 		.4byte	EE_th_event_waitmask
 1150 06cb 11       		.uleb128 0x11
 1151 06cc D6000000 		.4byte	0xd6
 1152 06d0 DB060000 		.4byte	0x6db
 1153 06d4 14       		.uleb128 0x14
 1154 06d5 80030000 		.4byte	0x380
 1155 06d9 03       		.byte	0x3
 1156 06da 00       		.byte	0
 1157 06db 17       		.uleb128 0x17
 1158 06dc D1020000 		.4byte	.LASF95
 1159 06e0 05       		.byte	0x5
 1160 06e1 D203     		.2byte	0x3d2
 1161 06e3 CB060000 		.4byte	0x6cb
 1162 06e7 05       		.uleb128 0x5
 1163 06e8 03       		.byte	0x3
 1164 06e9 00000000 		.4byte	EE_th_waswaiting
 1165 06ed 17       		.uleb128 0x17
ARM GAS  C:\Users\Reza\AppData\Local\Temp\ccNnKEKa.s 			page 22


 1166 06ee 02080000 		.4byte	.LASF96
 1167 06f2 05       		.byte	0x5
 1168 06f3 EE03     		.2byte	0x3ee
 1169 06f5 FF060000 		.4byte	0x6ff
 1170 06f9 05       		.uleb128 0x5
 1171 06fa 03       		.byte	0x3
 1172 06fb 00000000 		.4byte	EE_th_is_extended
 1173 06ff 13       		.uleb128 0x13
 1174 0700 5D040000 		.4byte	0x45d
 1175 0704 11       		.uleb128 0x11
 1176 0705 14070000 		.4byte	0x714
 1177 0709 14070000 		.4byte	0x714
 1178 070d 14       		.uleb128 0x14
 1179 070e 80030000 		.4byte	0x380
 1180 0712 00       		.byte	0
 1181 0713 00       		.byte	0
 1182 0714 13       		.uleb128 0x13
 1183 0715 8A010000 		.4byte	0x18a
 1184 0719 17       		.uleb128 0x17
 1185 071a 83040000 		.4byte	.LASF97
 1186 071e 05       		.byte	0x5
 1187 071f FF05     		.2byte	0x5ff
 1188 0721 2B070000 		.4byte	0x72b
 1189 0725 05       		.uleb128 0x5
 1190 0726 03       		.byte	0x3
 1191 0727 00000000 		.4byte	EE_counter_ROM
 1192 072b 13       		.uleb128 0x13
 1193 072c 04070000 		.4byte	0x704
 1194 0730 11       		.uleb128 0x11
 1195 0731 40070000 		.4byte	0x740
 1196 0735 40070000 		.4byte	0x740
 1197 0739 14       		.uleb128 0x14
 1198 073a 80030000 		.4byte	0x380
 1199 073e 01       		.byte	0x1
 1200 073f 00       		.byte	0
 1201 0740 13       		.uleb128 0x13
 1202 0741 27020000 		.4byte	0x227
 1203 0745 17       		.uleb128 0x17
 1204 0746 C9030000 		.4byte	.LASF98
 1205 074a 05       		.byte	0x5
 1206 074b 9606     		.2byte	0x696
 1207 074d 57070000 		.4byte	0x757
 1208 0751 05       		.uleb128 0x5
 1209 0752 03       		.byte	0x3
 1210 0753 00000000 		.4byte	EE_oo_counter_object_ROM
 1211 0757 13       		.uleb128 0x13
 1212 0758 30070000 		.4byte	0x730
 1213 075c 11       		.uleb128 0x11
 1214 075d 6C070000 		.4byte	0x76c
 1215 0761 6C070000 		.4byte	0x76c
 1216 0765 14       		.uleb128 0x14
 1217 0766 80030000 		.4byte	0x380
 1218 076a 01       		.byte	0x1
 1219 076b 00       		.byte	0
 1220 076c 13       		.uleb128 0x13
 1221 076d 04030000 		.4byte	0x304
 1222 0771 17       		.uleb128 0x17
ARM GAS  C:\Users\Reza\AppData\Local\Temp\ccNnKEKa.s 			page 23


 1223 0772 FF030000 		.4byte	.LASF99
 1224 0776 05       		.byte	0x5
 1225 0777 BA06     		.2byte	0x6ba
 1226 0779 83070000 		.4byte	0x783
 1227 077d 05       		.uleb128 0x5
 1228 077e 03       		.byte	0x3
 1229 077f 00000000 		.4byte	EE_oo_action_ROM
 1230 0783 13       		.uleb128 0x13
 1231 0784 5C070000 		.4byte	0x75c
 1232 0788 11       		.uleb128 0x11
 1233 0789 98070000 		.4byte	0x798
 1234 078d 98070000 		.4byte	0x798
 1235 0791 14       		.uleb128 0x14
 1236 0792 80030000 		.4byte	0x380
 1237 0796 01       		.byte	0x1
 1238 0797 00       		.byte	0
 1239 0798 13       		.uleb128 0x13
 1240 0799 27030000 		.4byte	0x327
 1241 079d 17       		.uleb128 0x17
 1242 079e DC010000 		.4byte	.LASF100
 1243 07a2 05       		.byte	0x5
 1244 07a3 2006     		.2byte	0x620
 1245 07a5 AF070000 		.4byte	0x7af
 1246 07a9 05       		.uleb128 0x5
 1247 07aa 03       		.byte	0x3
 1248 07ab 00000000 		.4byte	EE_alarm_ROM
 1249 07af 13       		.uleb128 0x13
 1250 07b0 88070000 		.4byte	0x788
 1251 07b4 11       		.uleb128 0x11
 1252 07b5 BA010000 		.4byte	0x1ba
 1253 07b9 C4070000 		.4byte	0x7c4
 1254 07bd 14       		.uleb128 0x14
 1255 07be 80030000 		.4byte	0x380
 1256 07c2 00       		.byte	0
 1257 07c3 00       		.byte	0
 1258 07c4 17       		.uleb128 0x17
 1259 07c5 10060000 		.4byte	.LASF101
 1260 07c9 05       		.byte	0x5
 1261 07ca 0C06     		.2byte	0x60c
 1262 07cc B4070000 		.4byte	0x7b4
 1263 07d0 05       		.uleb128 0x5
 1264 07d1 03       		.byte	0x3
 1265 07d2 00000000 		.4byte	EE_counter_RAM
 1266 07d6 11       		.uleb128 0x11
 1267 07d7 71020000 		.4byte	0x271
 1268 07db E6070000 		.4byte	0x7e6
 1269 07df 14       		.uleb128 0x14
 1270 07e0 80030000 		.4byte	0x380
 1271 07e4 01       		.byte	0x1
 1272 07e5 00       		.byte	0
 1273 07e6 17       		.uleb128 0x17
 1274 07e7 6A060000 		.4byte	.LASF102
 1275 07eb 05       		.byte	0x5
 1276 07ec B106     		.2byte	0x6b1
 1277 07ee D6070000 		.4byte	0x7d6
 1278 07f2 05       		.uleb128 0x5
 1279 07f3 03       		.byte	0x3
ARM GAS  C:\Users\Reza\AppData\Local\Temp\ccNnKEKa.s 			page 24


 1280 07f4 00000000 		.4byte	EE_oo_counter_object_RAM
 1281 07f8 11       		.uleb128 0x11
 1282 07f9 08080000 		.4byte	0x808
 1283 07fd 08080000 		.4byte	0x808
 1284 0801 14       		.uleb128 0x14
 1285 0802 80030000 		.4byte	0x380
 1286 0806 00       		.byte	0
 1287 0807 00       		.byte	0
 1288 0808 13       		.uleb128 0x13
 1289 0809 33030000 		.4byte	0x333
 1290 080d 17       		.uleb128 0x17
 1291 080e 1C080000 		.4byte	.LASF103
 1292 0812 05       		.byte	0x5
 1293 0813 9607     		.2byte	0x796
 1294 0815 1F080000 		.4byte	0x81f
 1295 0819 05       		.uleb128 0x5
 1296 081a 03       		.byte	0x3
 1297 081b 00000000 		.4byte	EE_oo_autostart_task_data
 1298 081f 13       		.uleb128 0x13
 1299 0820 F8070000 		.4byte	0x7f8
 1300 0824 18       		.uleb128 0x18
 1301 0825 14030000 		.4byte	.LASF104
 1302 0829 06       		.byte	0x6
 1303 082a 40       		.byte	0x40
 1304 082b B5000000 		.4byte	0xb5
 1305 082f 18       		.uleb128 0x18
 1306 0830 3F020000 		.4byte	.LASF105
 1307 0834 06       		.byte	0x6
 1308 0835 47       		.byte	0x47
 1309 0836 CB000000 		.4byte	0xcb
 1310 083a 17       		.uleb128 0x17
 1311 083b EC030000 		.4byte	.LASF106
 1312 083f 05       		.byte	0x5
 1313 0840 5C07     		.2byte	0x75c
 1314 0842 B5000000 		.4byte	0xb5
 1315 0846 05       		.uleb128 0x5
 1316 0847 03       		.byte	0x3
 1317 0848 00000000 		.4byte	EE_ApplicationMode
 1318 084c 18       		.uleb128 0x18
 1319 084d 58020000 		.4byte	.LASF107
 1320 0851 07       		.byte	0x7
 1321 0852 48       		.byte	0x48
 1322 0853 E1000000 		.4byte	0xe1
 1323 0857 18       		.uleb128 0x18
 1324 0858 67070000 		.4byte	.LASF108
 1325 085c 08       		.byte	0x8
 1326 085d 44       		.byte	0x44
 1327 085e B5000000 		.4byte	0xb5
 1328 0862 16       		.uleb128 0x16
 1329 0863 49000000 		.4byte	.LASF109
 1330 0867 05       		.byte	0x5
 1331 0868 AD       		.byte	0xad
 1332 0869 EC000000 		.4byte	0xec
 1333 086d 05       		.uleb128 0x5
 1334 086e 03       		.byte	0x3
 1335 086f 00000000 		.4byte	EE_cortex_mx_IRQ_tos
 1336 0873 11       		.uleb128 0x11
ARM GAS  C:\Users\Reza\AppData\Local\Temp\ccNnKEKa.s 			page 25


 1337 0874 55000000 		.4byte	0x55
 1338 0878 83080000 		.4byte	0x883
 1339 087c 14       		.uleb128 0x14
 1340 087d 80030000 		.4byte	0x380
 1341 0881 4A       		.byte	0x4a
 1342 0882 00       		.byte	0
 1343 0883 16       		.uleb128 0x16
 1344 0884 6E030000 		.4byte	.LASF110
 1345 0888 05       		.byte	0x5
 1346 0889 15       		.byte	0x15
 1347 088a 73080000 		.4byte	0x873
 1348 088e 05       		.uleb128 0x5
 1349 088f 03       		.byte	0x3
 1350 0890 00000000 		.4byte	EE_cortex_mx_stack_2
 1351 0894 11       		.uleb128 0x11
 1352 0895 55000000 		.4byte	0x55
 1353 0899 A4080000 		.4byte	0x8a4
 1354 089d 14       		.uleb128 0x14
 1355 089e 80030000 		.4byte	0x380
 1356 08a2 7F       		.byte	0x7f
 1357 08a3 00       		.byte	0
 1358 08a4 16       		.uleb128 0x16
 1359 08a5 97030000 		.4byte	.LASF111
 1360 08a9 05       		.byte	0x5
 1361 08aa 32       		.byte	0x32
 1362 08ab 94080000 		.4byte	0x894
 1363 08af 05       		.uleb128 0x5
 1364 08b0 03       		.byte	0x3
 1365 08b1 00000000 		.4byte	EE_cortex_mx_stack_9
 1366 08b5 00       		.byte	0
 1367              		.section	.debug_abbrev,"",%progbits
 1368              	.Ldebug_abbrev0:
 1369 0000 01       		.uleb128 0x1
 1370 0001 11       		.uleb128 0x11
 1371 0002 01       		.byte	0x1
 1372 0003 25       		.uleb128 0x25
 1373 0004 0E       		.uleb128 0xe
 1374 0005 13       		.uleb128 0x13
 1375 0006 0B       		.uleb128 0xb
 1376 0007 03       		.uleb128 0x3
 1377 0008 0E       		.uleb128 0xe
 1378 0009 1B       		.uleb128 0x1b
 1379 000a 0E       		.uleb128 0xe
 1380 000b 10       		.uleb128 0x10
 1381 000c 17       		.uleb128 0x17
 1382 000d 00       		.byte	0
 1383 000e 00       		.byte	0
 1384 000f 02       		.uleb128 0x2
 1385 0010 24       		.uleb128 0x24
 1386 0011 00       		.byte	0
 1387 0012 0B       		.uleb128 0xb
 1388 0013 0B       		.uleb128 0xb
 1389 0014 3E       		.uleb128 0x3e
 1390 0015 0B       		.uleb128 0xb
 1391 0016 03       		.uleb128 0x3
 1392 0017 0E       		.uleb128 0xe
 1393 0018 00       		.byte	0
ARM GAS  C:\Users\Reza\AppData\Local\Temp\ccNnKEKa.s 			page 26


 1394 0019 00       		.byte	0
 1395 001a 03       		.uleb128 0x3
 1396 001b 24       		.uleb128 0x24
 1397 001c 00       		.byte	0
 1398 001d 0B       		.uleb128 0xb
 1399 001e 0B       		.uleb128 0xb
 1400 001f 3E       		.uleb128 0x3e
 1401 0020 0B       		.uleb128 0xb
 1402 0021 03       		.uleb128 0x3
 1403 0022 08       		.uleb128 0x8
 1404 0023 00       		.byte	0
 1405 0024 00       		.byte	0
 1406 0025 04       		.uleb128 0x4
 1407 0026 16       		.uleb128 0x16
 1408 0027 00       		.byte	0
 1409 0028 03       		.uleb128 0x3
 1410 0029 0E       		.uleb128 0xe
 1411 002a 3A       		.uleb128 0x3a
 1412 002b 0B       		.uleb128 0xb
 1413 002c 3B       		.uleb128 0x3b
 1414 002d 0B       		.uleb128 0xb
 1415 002e 49       		.uleb128 0x49
 1416 002f 13       		.uleb128 0x13
 1417 0030 00       		.byte	0
 1418 0031 00       		.byte	0
 1419 0032 05       		.uleb128 0x5
 1420 0033 0F       		.uleb128 0xf
 1421 0034 00       		.byte	0
 1422 0035 0B       		.uleb128 0xb
 1423 0036 0B       		.uleb128 0xb
 1424 0037 00       		.byte	0
 1425 0038 00       		.byte	0
 1426 0039 06       		.uleb128 0x6
 1427 003a 0F       		.uleb128 0xf
 1428 003b 00       		.byte	0
 1429 003c 0B       		.uleb128 0xb
 1430 003d 0B       		.uleb128 0xb
 1431 003e 49       		.uleb128 0x49
 1432 003f 13       		.uleb128 0x13
 1433 0040 00       		.byte	0
 1434 0041 00       		.byte	0
 1435 0042 07       		.uleb128 0x7
 1436 0043 15       		.uleb128 0x15
 1437 0044 00       		.byte	0
 1438 0045 27       		.uleb128 0x27
 1439 0046 19       		.uleb128 0x19
 1440 0047 00       		.byte	0
 1441 0048 00       		.byte	0
 1442 0049 08       		.uleb128 0x8
 1443 004a 13       		.uleb128 0x13
 1444 004b 01       		.byte	0x1
 1445 004c 03       		.uleb128 0x3
 1446 004d 0E       		.uleb128 0xe
 1447 004e 0B       		.uleb128 0xb
 1448 004f 0B       		.uleb128 0xb
 1449 0050 3A       		.uleb128 0x3a
 1450 0051 0B       		.uleb128 0xb
ARM GAS  C:\Users\Reza\AppData\Local\Temp\ccNnKEKa.s 			page 27


 1451 0052 3B       		.uleb128 0x3b
 1452 0053 0B       		.uleb128 0xb
 1453 0054 01       		.uleb128 0x1
 1454 0055 13       		.uleb128 0x13
 1455 0056 00       		.byte	0
 1456 0057 00       		.byte	0
 1457 0058 09       		.uleb128 0x9
 1458 0059 0D       		.uleb128 0xd
 1459 005a 00       		.byte	0
 1460 005b 03       		.uleb128 0x3
 1461 005c 0E       		.uleb128 0xe
 1462 005d 3A       		.uleb128 0x3a
 1463 005e 0B       		.uleb128 0xb
 1464 005f 3B       		.uleb128 0x3b
 1465 0060 0B       		.uleb128 0xb
 1466 0061 49       		.uleb128 0x49
 1467 0062 13       		.uleb128 0x13
 1468 0063 38       		.uleb128 0x38
 1469 0064 0B       		.uleb128 0xb
 1470 0065 00       		.byte	0
 1471 0066 00       		.byte	0
 1472 0067 0A       		.uleb128 0xa
 1473 0068 16       		.uleb128 0x16
 1474 0069 00       		.byte	0
 1475 006a 03       		.uleb128 0x3
 1476 006b 0E       		.uleb128 0xe
 1477 006c 3A       		.uleb128 0x3a
 1478 006d 0B       		.uleb128 0xb
 1479 006e 3B       		.uleb128 0x3b
 1480 006f 05       		.uleb128 0x5
 1481 0070 49       		.uleb128 0x49
 1482 0071 13       		.uleb128 0x13
 1483 0072 00       		.byte	0
 1484 0073 00       		.byte	0
 1485 0074 0B       		.uleb128 0xb
 1486 0075 13       		.uleb128 0x13
 1487 0076 01       		.byte	0x1
 1488 0077 0B       		.uleb128 0xb
 1489 0078 0B       		.uleb128 0xb
 1490 0079 3A       		.uleb128 0x3a
 1491 007a 0B       		.uleb128 0xb
 1492 007b 3B       		.uleb128 0x3b
 1493 007c 05       		.uleb128 0x5
 1494 007d 01       		.uleb128 0x1
 1495 007e 13       		.uleb128 0x13
 1496 007f 00       		.byte	0
 1497 0080 00       		.byte	0
 1498 0081 0C       		.uleb128 0xc
 1499 0082 0D       		.uleb128 0xd
 1500 0083 00       		.byte	0
 1501 0084 03       		.uleb128 0x3
 1502 0085 0E       		.uleb128 0xe
 1503 0086 3A       		.uleb128 0x3a
 1504 0087 0B       		.uleb128 0xb
 1505 0088 3B       		.uleb128 0x3b
 1506 0089 05       		.uleb128 0x5
 1507 008a 49       		.uleb128 0x49
ARM GAS  C:\Users\Reza\AppData\Local\Temp\ccNnKEKa.s 			page 28


 1508 008b 13       		.uleb128 0x13
 1509 008c 38       		.uleb128 0x38
 1510 008d 0B       		.uleb128 0xb
 1511 008e 00       		.byte	0
 1512 008f 00       		.byte	0
 1513 0090 0D       		.uleb128 0xd
 1514 0091 04       		.uleb128 0x4
 1515 0092 01       		.byte	0x1
 1516 0093 0B       		.uleb128 0xb
 1517 0094 0B       		.uleb128 0xb
 1518 0095 49       		.uleb128 0x49
 1519 0096 13       		.uleb128 0x13
 1520 0097 3A       		.uleb128 0x3a
 1521 0098 0B       		.uleb128 0xb
 1522 0099 3B       		.uleb128 0x3b
 1523 009a 05       		.uleb128 0x5
 1524 009b 01       		.uleb128 0x1
 1525 009c 13       		.uleb128 0x13
 1526 009d 00       		.byte	0
 1527 009e 00       		.byte	0
 1528 009f 0E       		.uleb128 0xe
 1529 00a0 28       		.uleb128 0x28
 1530 00a1 00       		.byte	0
 1531 00a2 03       		.uleb128 0x3
 1532 00a3 0E       		.uleb128 0xe
 1533 00a4 1C       		.uleb128 0x1c
 1534 00a5 0B       		.uleb128 0xb
 1535 00a6 00       		.byte	0
 1536 00a7 00       		.byte	0
 1537 00a8 0F       		.uleb128 0xf
 1538 00a9 0D       		.uleb128 0xd
 1539 00aa 00       		.byte	0
 1540 00ab 03       		.uleb128 0x3
 1541 00ac 08       		.uleb128 0x8
 1542 00ad 3A       		.uleb128 0x3a
 1543 00ae 0B       		.uleb128 0xb
 1544 00af 3B       		.uleb128 0x3b
 1545 00b0 05       		.uleb128 0x5
 1546 00b1 49       		.uleb128 0x49
 1547 00b2 13       		.uleb128 0x13
 1548 00b3 38       		.uleb128 0x38
 1549 00b4 0B       		.uleb128 0xb
 1550 00b5 00       		.byte	0
 1551 00b6 00       		.byte	0
 1552 00b7 10       		.uleb128 0x10
 1553 00b8 13       		.uleb128 0x13
 1554 00b9 01       		.byte	0x1
 1555 00ba 03       		.uleb128 0x3
 1556 00bb 0E       		.uleb128 0xe
 1557 00bc 0B       		.uleb128 0xb
 1558 00bd 0B       		.uleb128 0xb
 1559 00be 3A       		.uleb128 0x3a
 1560 00bf 0B       		.uleb128 0xb
 1561 00c0 3B       		.uleb128 0x3b
 1562 00c1 05       		.uleb128 0x5
 1563 00c2 01       		.uleb128 0x1
 1564 00c3 13       		.uleb128 0x13
ARM GAS  C:\Users\Reza\AppData\Local\Temp\ccNnKEKa.s 			page 29


 1565 00c4 00       		.byte	0
 1566 00c5 00       		.byte	0
 1567 00c6 11       		.uleb128 0x11
 1568 00c7 01       		.uleb128 0x1
 1569 00c8 01       		.byte	0x1
 1570 00c9 49       		.uleb128 0x49
 1571 00ca 13       		.uleb128 0x13
 1572 00cb 01       		.uleb128 0x1
 1573 00cc 13       		.uleb128 0x13
 1574 00cd 00       		.byte	0
 1575 00ce 00       		.byte	0
 1576 00cf 12       		.uleb128 0x12
 1577 00d0 21       		.uleb128 0x21
 1578 00d1 00       		.byte	0
 1579 00d2 00       		.byte	0
 1580 00d3 00       		.byte	0
 1581 00d4 13       		.uleb128 0x13
 1582 00d5 26       		.uleb128 0x26
 1583 00d6 00       		.byte	0
 1584 00d7 49       		.uleb128 0x49
 1585 00d8 13       		.uleb128 0x13
 1586 00d9 00       		.byte	0
 1587 00da 00       		.byte	0
 1588 00db 14       		.uleb128 0x14
 1589 00dc 21       		.uleb128 0x21
 1590 00dd 00       		.byte	0
 1591 00de 49       		.uleb128 0x49
 1592 00df 13       		.uleb128 0x13
 1593 00e0 2F       		.uleb128 0x2f
 1594 00e1 0B       		.uleb128 0xb
 1595 00e2 00       		.byte	0
 1596 00e3 00       		.byte	0
 1597 00e4 15       		.uleb128 0x15
 1598 00e5 34       		.uleb128 0x34
 1599 00e6 00       		.byte	0
 1600 00e7 03       		.uleb128 0x3
 1601 00e8 0E       		.uleb128 0xe
 1602 00e9 3A       		.uleb128 0x3a
 1603 00ea 0B       		.uleb128 0xb
 1604 00eb 3B       		.uleb128 0x3b
 1605 00ec 05       		.uleb128 0x5
 1606 00ed 49       		.uleb128 0x49
 1607 00ee 13       		.uleb128 0x13
 1608 00ef 02       		.uleb128 0x2
 1609 00f0 18       		.uleb128 0x18
 1610 00f1 00       		.byte	0
 1611 00f2 00       		.byte	0
 1612 00f3 16       		.uleb128 0x16
 1613 00f4 34       		.uleb128 0x34
 1614 00f5 00       		.byte	0
 1615 00f6 03       		.uleb128 0x3
 1616 00f7 0E       		.uleb128 0xe
 1617 00f8 3A       		.uleb128 0x3a
 1618 00f9 0B       		.uleb128 0xb
 1619 00fa 3B       		.uleb128 0x3b
 1620 00fb 0B       		.uleb128 0xb
 1621 00fc 49       		.uleb128 0x49
ARM GAS  C:\Users\Reza\AppData\Local\Temp\ccNnKEKa.s 			page 30


 1622 00fd 13       		.uleb128 0x13
 1623 00fe 3F       		.uleb128 0x3f
 1624 00ff 19       		.uleb128 0x19
 1625 0100 02       		.uleb128 0x2
 1626 0101 18       		.uleb128 0x18
 1627 0102 00       		.byte	0
 1628 0103 00       		.byte	0
 1629 0104 17       		.uleb128 0x17
 1630 0105 34       		.uleb128 0x34
 1631 0106 00       		.byte	0
 1632 0107 03       		.uleb128 0x3
 1633 0108 0E       		.uleb128 0xe
 1634 0109 3A       		.uleb128 0x3a
 1635 010a 0B       		.uleb128 0xb
 1636 010b 3B       		.uleb128 0x3b
 1637 010c 05       		.uleb128 0x5
 1638 010d 49       		.uleb128 0x49
 1639 010e 13       		.uleb128 0x13
 1640 010f 3F       		.uleb128 0x3f
 1641 0110 19       		.uleb128 0x19
 1642 0111 02       		.uleb128 0x2
 1643 0112 18       		.uleb128 0x18
 1644 0113 00       		.byte	0
 1645 0114 00       		.byte	0
 1646 0115 18       		.uleb128 0x18
 1647 0116 34       		.uleb128 0x34
 1648 0117 00       		.byte	0
 1649 0118 03       		.uleb128 0x3
 1650 0119 0E       		.uleb128 0xe
 1651 011a 3A       		.uleb128 0x3a
 1652 011b 0B       		.uleb128 0xb
 1653 011c 3B       		.uleb128 0x3b
 1654 011d 0B       		.uleb128 0xb
 1655 011e 49       		.uleb128 0x49
 1656 011f 13       		.uleb128 0x13
 1657 0120 3F       		.uleb128 0x3f
 1658 0121 19       		.uleb128 0x19
 1659 0122 3C       		.uleb128 0x3c
 1660 0123 19       		.uleb128 0x19
 1661 0124 00       		.byte	0
 1662 0125 00       		.byte	0
 1663 0126 00       		.byte	0
 1664              		.section	.debug_aranges,"",%progbits
 1665 0000 14000000 		.4byte	0x14
 1666 0004 0200     		.2byte	0x2
 1667 0006 00000000 		.4byte	.Ldebug_info0
 1668 000a 04       		.byte	0x4
 1669 000b 00       		.byte	0
 1670 000c 0000     		.2byte	0
 1671 000e 0000     		.2byte	0
 1672 0010 00000000 		.4byte	0
 1673 0014 00000000 		.4byte	0
 1674              		.section	.debug_line,"",%progbits
 1675              	.Ldebug_line0:
 1676 0000 38010000 		.section	.debug_str,"MS",%progbits,1
 1676      02003201 
 1676      00000201 
ARM GAS  C:\Users\Reza\AppData\Local\Temp\ccNnKEKa.s 			page 31


 1676      FB0E0D00 
 1676      01010101 
 1677              	.LASF46:
 1678 0000 6E657874 		.ascii	"next\000"
 1678      00
 1679              	.LASF83:
 1680 0005 45455F74 		.ascii	"EE_th_terminate_nextask\000"
 1680      685F7465 
 1680      726D696E 
 1680      6174655F 
 1680      6E657874 
 1681              	.LASF24:
 1682 001d 5469636B 		.ascii	"TickType\000"
 1682      54797065 
 1682      00
 1683              	.LASF84:
 1684 0026 45455F73 		.ascii	"EE_stkfirst\000"
 1684      746B6669 
 1684      72737400 
 1685              	.LASF26:
 1686 0032 41637469 		.ascii	"ActionType\000"
 1686      6F6E5479 
 1686      706500
 1687              	.LASF19:
 1688 003d 45455F54 		.ascii	"EE_TYPEBOOL\000"
 1688      59504542 
 1688      4F4F4C00 
 1689              	.LASF109:
 1690 0049 45455F63 		.ascii	"EE_cortex_mx_IRQ_tos\000"
 1690      6F727465 
 1690      785F6D78 
 1690      5F495251 
 1690      5F746F73 
 1691              	.LASF7:
 1692 005e 6C6F6E67 		.ascii	"long long unsigned int\000"
 1692      206C6F6E 
 1692      6720756E 
 1692      7369676E 
 1692      65642069 
 1693              	.LASF45:
 1694 0075 64656C74 		.ascii	"delta\000"
 1694      6100
 1695              	.LASF42:
 1696 007b 45455F6F 		.ascii	"EE_oo_counter_object_ROM_type\000"
 1696      6F5F636F 
 1696      756E7465 
 1696      725F6F62 
 1696      6A656374 
 1697              	.LASF89:
 1698 0099 45455F72 		.ascii	"EE_rq_pairs_next\000"
 1698      715F7061 
 1698      6972735F 
 1698      6E657874 
 1698      00
 1699              	.LASF52:
 1700 00aa 45455F6F 		.ascii	"EE_oo_action_kind_type\000"
 1700      6F5F6163 
ARM GAS  C:\Users\Reza\AppData\Local\Temp\ccNnKEKa.s 			page 32


 1700      74696F6E 
 1700      5F6B696E 
 1700      645F7479 
 1701              	.LASF22:
 1702 00c1 5461736B 		.ascii	"TaskType\000"
 1702      54797065 
 1702      00
 1703              	.LASF61:
 1704 00ca 45455F54 		.ascii	"EE_TOS\000"
 1704      4F5300
 1705              	.LASF29:
 1706 00d1 6D617861 		.ascii	"maxallowedvalue\000"
 1706      6C6C6F77 
 1706      65647661 
 1706      6C756500 
 1707              	.LASF115:
 1708 00e1 45455F6F 		.ascii	"EE_oo_autostart_task_mode_OSDEFAULTAPPMODE\000"
 1708      6F5F6175 
 1708      746F7374 
 1708      6172745F 
 1708      7461736B 
 1709              	.LASF79:
 1710 010c 45455F41 		.ascii	"EE_ALARM_ID\000"
 1710      4C41524D 
 1710      5F494400 
 1711              	.LASF6:
 1712 0118 6C6F6E67 		.ascii	"long long int\000"
 1712      206C6F6E 
 1712      6720696E 
 1712      7400
 1713              	.LASF0:
 1714 0126 7369676E 		.ascii	"signed char\000"
 1714      65642063 
 1714      68617200 
 1715              	.LASF112:
 1716 0132 474E5520 		.ascii	"GNU C11 5.4.1 20160609 (release) [ARM/embedded-5-br"
 1716      43313120 
 1716      352E342E 
 1716      31203230 
 1716      31363036 
 1717 0165 616E6368 		.ascii	"anch revision 237715] -mcpu=cortex-m3 -mthumb -g -O"
 1717      20726576 
 1717      6973696F 
 1717      6E203233 
 1717      37373135 
 1718 0198 73202D66 		.ascii	"s -ffunction-sections -ffat-lto-objects\000"
 1718      66756E63 
 1718      74696F6E 
 1718      2D736563 
 1718      74696F6E 
 1719              	.LASF23:
 1720 01c0 4576656E 		.ascii	"EventMaskType\000"
 1720      744D6173 
 1720      6B547970 
 1720      6500
 1721              	.LASF76:
 1722 01ce 45455F45 		.ascii	"EE_EVENT_NAME\000"
ARM GAS  C:\Users\Reza\AppData\Local\Temp\ccNnKEKa.s 			page 33


 1722      56454E54 
 1722      5F4E414D 
 1722      4500
 1723              	.LASF100:
 1724 01dc 45455F61 		.ascii	"EE_alarm_ROM\000"
 1724      6C61726D 
 1724      5F524F4D 
 1724      00
 1725              	.LASF70:
 1726 01e9 45455F63 		.ascii	"EE_cortex_mx_active_tos\000"
 1726      6F727465 
 1726      785F6D78 
 1726      5F616374 
 1726      6976655F 
 1727              	.LASF35:
 1728 0201 45455F6F 		.ascii	"EE_oo_counter_RAM_type\000"
 1728      6F5F636F 
 1728      756E7465 
 1728      725F5241 
 1728      4D5F7479 
 1729              	.LASF78:
 1730 0218 45455F45 		.ascii	"EE_EVENT_ID\000"
 1730      56454E54 
 1730      5F494400 
 1731              	.LASF4:
 1732 0224 6C6F6E67 		.ascii	"long int\000"
 1732      20696E74 
 1732      00
 1733              	.LASF87:
 1734 022d 45455F72 		.ascii	"EE_rq_queues_head\000"
 1734      715F7175 
 1734      65756573 
 1734      5F686561 
 1734      6400
 1735              	.LASF105:
 1736 023f 45455F6F 		.ascii	"EE_oo_IRQ_suspend_status\000"
 1736      6F5F4952 
 1736      515F7375 
 1736      7370656E 
 1736      645F7374 
 1737              	.LASF107:
 1738 0258 45455F73 		.ascii	"EE_std_endcycle_next_tid\000"
 1738      74645F65 
 1738      6E646379 
 1738      636C655F 
 1738      6E657874 
 1739              	.LASF31:
 1740 0271 6D696E63 		.ascii	"mincycle\000"
 1740      79636C65 
 1740      00
 1741              	.LASF20:
 1742 027a 45455F54 		.ascii	"EE_TID\000"
 1742      494400
 1743              	.LASF33:
 1744 0281 76616C75 		.ascii	"value\000"
 1744      6500
 1745              	.LASF8:
ARM GAS  C:\Users\Reza\AppData\Local\Temp\ccNnKEKa.s 			page 34


 1746 0287 756E7369 		.ascii	"unsigned int\000"
 1746      676E6564 
 1746      20696E74 
 1746      00
 1747              	.LASF16:
 1748 0294 45455F55 		.ascii	"EE_UREG\000"
 1748      52454700 
 1749              	.LASF60:
 1750 029c 45455F6F 		.ascii	"EE_oo_alarm_ROM_type\000"
 1750      6F5F616C 
 1750      61726D5F 
 1750      524F4D5F 
 1750      74797065 
 1751              	.LASF77:
 1752 02b1 45455F41 		.ascii	"EE_ALARM_NAME\000"
 1752      4C41524D 
 1752      5F4E414D 
 1752      4500
 1753              	.LASF5:
 1754 02bf 6C6F6E67 		.ascii	"long unsigned int\000"
 1754      20756E73 
 1754      69676E65 
 1754      6420696E 
 1754      7400
 1755              	.LASF95:
 1756 02d1 45455F74 		.ascii	"EE_th_waswaiting\000"
 1756      685F7761 
 1756      73776169 
 1756      74696E67 
 1756      00
 1757              	.LASF62:
 1758 02e2 45455F6F 		.ascii	"EE_oo_autostart_task_type\000"
 1758      6F5F6175 
 1758      746F7374 
 1758      6172745F 
 1758      7461736B 
 1759              	.LASF41:
 1760 02fc 6B696E64 		.ascii	"kind\000"
 1760      00
 1761              	.LASF3:
 1762 0301 73686F72 		.ascii	"short unsigned int\000"
 1762      7420756E 
 1762      7369676E 
 1762      65642069 
 1762      6E7400
 1763              	.LASF104:
 1764 0314 45455F6F 		.ascii	"EE_oo_IRQ_disable_count\000"
 1764      6F5F4952 
 1764      515F6469 
 1764      7361626C 
 1764      655F636F 
 1765              	.LASF38:
 1766 032c 45455F6F 		.ascii	"EE_oo_counter_object_kind_type\000"
 1766      6F5F636F 
 1766      756E7465 
 1766      725F6F62 
 1766      6A656374 
ARM GAS  C:\Users\Reza\AppData\Local\Temp\ccNnKEKa.s 			page 35


 1767              	.LASF80:
 1768 034b 45455F74 		.ascii	"EE_th_status\000"
 1768      685F7374 
 1768      61747573 
 1768      00
 1769              	.LASF39:
 1770 0358 436F756E 		.ascii	"CounterObjectKindType\000"
 1770      7465724F 
 1770      626A6563 
 1770      744B696E 
 1770      64547970 
 1771              	.LASF110:
 1772 036e 45455F63 		.ascii	"EE_cortex_mx_stack_2\000"
 1772      6F727465 
 1772      785F6D78 
 1772      5F737461 
 1772      636B5F32 
 1773              	.LASF73:
 1774 0383 45455F74 		.ascii	"EE_th_dispatch_prio\000"
 1774      685F6469 
 1774      73706174 
 1774      63685F70 
 1774      72696F00 
 1775              	.LASF111:
 1776 0397 45455F63 		.ascii	"EE_cortex_mx_stack_9\000"
 1776      6F727465 
 1776      785F6D78 
 1776      5F737461 
 1776      636B5F39 
 1777              	.LASF14:
 1778 03ac 45455F56 		.ascii	"EE_VOID_CALLBACK\000"
 1778      4F49445F 
 1778      43414C4C 
 1778      4241434B 
 1778      00
 1779              	.LASF27:
 1780 03bd 436F756E 		.ascii	"CounterType\000"
 1780      74657254 
 1780      79706500 
 1781              	.LASF98:
 1782 03c9 45455F6F 		.ascii	"EE_oo_counter_object_ROM\000"
 1782      6F5F636F 
 1782      756E7465 
 1782      725F6F62 
 1782      6A656374 
 1783              	.LASF59:
 1784 03e2 61637469 		.ascii	"action_id\000"
 1784      6F6E5F69 
 1784      6400
 1785              	.LASF106:
 1786 03ec 45455F41 		.ascii	"EE_ApplicationMode\000"
 1786      70706C69 
 1786      63617469 
 1786      6F6E4D6F 
 1786      646500
 1787              	.LASF99:
 1788 03ff 45455F6F 		.ascii	"EE_oo_action_ROM\000"
ARM GAS  C:\Users\Reza\AppData\Local\Temp\ccNnKEKa.s 			page 36


 1788      6F5F6163 
 1788      74696F6E 
 1788      5F524F4D 
 1788      00
 1789              	.LASF21:
 1790 0410 45455F54 		.ascii	"EE_TYPE_RQ_MASK\000"
 1790      5950455F 
 1790      52515F4D 
 1790      41534B00 
 1791              	.LASF64:
 1792 0420 73697A65 		.ascii	"sizetype\000"
 1792      74797065 
 1792      00
 1793              	.LASF9:
 1794 0429 6C6F6E67 		.ascii	"long double\000"
 1794      20646F75 
 1794      626C6500 
 1795              	.LASF92:
 1796 0435 45455F72 		.ascii	"EE_rq_free\000"
 1796      715F6672 
 1796      656500
 1797              	.LASF86:
 1798 0440 45455F72 		.ascii	"EE_rq_link\000"
 1798      715F6C69 
 1798      6E6B00
 1799              	.LASF17:
 1800 044b 45455F53 		.ascii	"EE_SREG\000"
 1800      52454700 
 1801              	.LASF30:
 1802 0453 7469636B 		.ascii	"ticksperbase\000"
 1802      73706572 
 1802      62617365 
 1802      00
 1803              	.LASF43:
 1804 0460 75736564 		.ascii	"used\000"
 1804      00
 1805              	.LASF47:
 1806 0465 45455F6F 		.ascii	"EE_oo_counter_object_RAM_type\000"
 1806      6F5F636F 
 1806      756E7465 
 1806      725F6F62 
 1806      6A656374 
 1807              	.LASF97:
 1808 0483 45455F63 		.ascii	"EE_counter_ROM\000"
 1808      6F756E74 
 1808      65725F52 
 1808      4F4D00
 1809              	.LASF58:
 1810 0492 45455F6F 		.ascii	"EE_oo_action_ROM_type\000"
 1810      6F5F6163 
 1810      74696F6E 
 1810      5F524F4D 
 1810      5F747970 
 1811              	.LASF10:
 1812 04a8 45455F55 		.ascii	"EE_UINT16\000"
 1812      494E5431 
 1812      3600
ARM GAS  C:\Users\Reza\AppData\Local\Temp\ccNnKEKa.s 			page 37


 1813              	.LASF37:
 1814 04b2 45455F53 		.ascii	"EE_SCHEDULETABLE\000"
 1814      43484544 
 1814      554C4554 
 1814      41424C45 
 1814      00
 1815              	.LASF69:
 1816 04c3 45455F63 		.ascii	"EE_cortex_mx_system_tos\000"
 1816      6F727465 
 1816      785F6D78 
 1816      5F737973 
 1816      74656D5F 
 1817              	.LASF1:
 1818 04db 756E7369 		.ascii	"unsigned char\000"
 1818      676E6564 
 1818      20636861 
 1818      7200
 1819              	.LASF36:
 1820 04e9 45455F41 		.ascii	"EE_ALARM\000"
 1820      4C41524D 
 1820      00
 1821              	.LASF81:
 1822 04f2 45455F74 		.ascii	"EE_th_next\000"
 1822      685F6E65 
 1822      787400
 1823              	.LASF68:
 1824 04fd 45455F74 		.ascii	"EE_terminate_real_th_body\000"
 1824      65726D69 
 1824      6E617465 
 1824      5F726561 
 1824      6C5F7468 
 1825              	.LASF57:
 1826 0517 696E6363 		.ascii	"inccount\000"
 1826      6F756E74 
 1826      00
 1827              	.LASF2:
 1828 0520 73686F72 		.ascii	"short int\000"
 1828      7420696E 
 1828      7400
 1829              	.LASF94:
 1830 052a 45455F74 		.ascii	"EE_th_event_waitmask\000"
 1830      685F6576 
 1830      656E745F 
 1830      77616974 
 1830      6D61736B 
 1831              	.LASF75:
 1832 053f 45455F54 		.ascii	"EE_TASK_NAME\000"
 1832      41534B5F 
 1832      4E414D45 
 1832      00
 1833              	.LASF32:
 1834 054c 45455F6F 		.ascii	"EE_oo_counter_ROM_type\000"
 1834      6F5F636F 
 1834      756E7465 
 1834      725F524F 
 1834      4D5F7479 
 1835              	.LASF56:
ARM GAS  C:\Users\Reza\AppData\Local\Temp\ccNnKEKa.s 			page 38


 1836 0563 61637469 		.ascii	"action_mask\000"
 1836      6F6E5F6D 
 1836      61736B00 
 1837              	.LASF15:
 1838 056f 45455F54 		.ascii	"EE_THREAD_PTR\000"
 1838      48524541 
 1838      445F5054 
 1838      5200
 1839              	.LASF88:
 1840 057d 45455F72 		.ascii	"EE_rq_queues_tail\000"
 1840      715F7175 
 1840      65756573 
 1840      5F746169 
 1840      6C00
 1841              	.LASF66:
 1842 058f 45455F73 		.ascii	"EE_std_thread_tos\000"
 1842      74645F74 
 1842      68726561 
 1842      645F746F 
 1842      7300
 1843              	.LASF51:
 1844 05a1 45455F41 		.ascii	"EE_ACTION_CALLBACK\000"
 1844      4354494F 
 1844      4E5F4341 
 1844      4C4C4241 
 1844      434B00
 1845              	.LASF91:
 1846 05b4 45455F72 		.ascii	"EE_rq_bitmask\000"
 1846      715F6269 
 1846      746D6173 
 1846      6B00
 1847              	.LASF34:
 1848 05c2 66697273 		.ascii	"first\000"
 1848      7400
 1849              	.LASF25:
 1850 05c8 436F756E 		.ascii	"CounterObjectType\000"
 1850      7465724F 
 1850      626A6563 
 1850      74547970 
 1850      6500
 1851              	.LASF74:
 1852 05da 63686172 		.ascii	"char\000"
 1852      00
 1853              	.LASF48:
 1854 05df 45455F41 		.ascii	"EE_ACTION_TASK\000"
 1854      4354494F 
 1854      4E5F5441 
 1854      534B00
 1855              	.LASF71:
 1856 05ee 45455F74 		.ascii	"EE_th_rnact_max\000"
 1856      685F726E 
 1856      6163745F 
 1856      6D617800 
 1857              	.LASF50:
 1858 05fe 45455F41 		.ascii	"EE_ACTION_COUNTER\000"
 1858      4354494F 
 1858      4E5F434F 
ARM GAS  C:\Users\Reza\AppData\Local\Temp\ccNnKEKa.s 			page 39


 1858      554E5445 
 1858      5200
 1859              	.LASF101:
 1860 0610 45455F63 		.ascii	"EE_counter_RAM\000"
 1860      6F756E74 
 1860      65725F52 
 1860      414D00
 1861              	.LASF40:
 1862 061f 73706563 		.ascii	"spec_id\000"
 1862      5F696400 
 1863              	.LASF49:
 1864 0627 45455F41 		.ascii	"EE_ACTION_EVENT\000"
 1864      4354494F 
 1864      4E5F4556 
 1864      454E5400 
 1865              	.LASF65:
 1866 0637 45455F68 		.ascii	"EE_hal_thread_body\000"
 1866      616C5F74 
 1866      68726561 
 1866      645F626F 
 1866      647900
 1867              	.LASF85:
 1868 064a 45455F73 		.ascii	"EE_sys_ceiling\000"
 1868      79735F63 
 1868      65696C69 
 1868      6E6700
 1869              	.LASF54:
 1870 0659 61637469 		.ascii	"action_kind\000"
 1870      6F6E5F6B 
 1870      696E6400 
 1871              	.LASF63:
 1872 0665 7461736B 		.ascii	"task\000"
 1872      00
 1873              	.LASF102:
 1874 066a 45455F6F 		.ascii	"EE_oo_counter_object_RAM\000"
 1874      6F5F636F 
 1874      756E7465 
 1874      725F6F62 
 1874      6A656374 
 1875              	.LASF53:
 1876 0683 41637469 		.ascii	"ActionKindType\000"
 1876      6F6E4B69 
 1876      6E645479 
 1876      706500
 1877              	.LASF72:
 1878 0692 45455F74 		.ascii	"EE_th_ready_prio\000"
 1878      685F7265 
 1878      6164795F 
 1878      7072696F 
 1878      00
 1879              	.LASF82:
 1880 06a3 45455F74 		.ascii	"EE_th_rnact\000"
 1880      685F726E 
 1880      61637400 
 1881              	.LASF90:
 1882 06af 45455F72 		.ascii	"EE_rq_pairs_tid\000"
 1882      715F7061 
ARM GAS  C:\Users\Reza\AppData\Local\Temp\ccNnKEKa.s 			page 40


 1882      6972735F 
 1882      74696400 
 1883              	.LASF114:
 1884 06bf 443A5C48 		.ascii	"D:\\H_da\\Winter Semester\\MM03 Advanced Microcontr"
 1884      5F64615C 
 1884      57696E74 
 1884      65722053 
 1884      656D6573 
 1885 06ef 6F6C6C65 		.ascii	"oller Systems and Embedded Operating Systems\\Lectu"
 1885      72205379 
 1885      7374656D 
 1885      7320616E 
 1885      6420456D 
 1886 0721 72652050 		.ascii	"re Prof. Fromm\\workspace\\workspace_psoc\\Reaction"
 1886      726F662E 
 1886      2046726F 
 1886      6D6D5C77 
 1886      6F726B73 
 1887 0751 47616D65 		.ascii	"Game_with erika.cydsn\000"
 1887      5F776974 
 1887      68206572 
 1887      696B612E 
 1887      63796473 
 1888              	.LASF108:
 1889 0767 45455F49 		.ascii	"EE_IRQ_nesting_level\000"
 1889      52515F6E 
 1889      65737469 
 1889      6E675F6C 
 1889      6576656C 
 1890              	.LASF12:
 1891 077c 45455F55 		.ascii	"EE_UINT32\000"
 1891      494E5433 
 1891      3200
 1892              	.LASF11:
 1893 0786 45455F49 		.ascii	"EE_INT32\000"
 1893      4E543332 
 1893      00
 1894              	.LASF67:
 1895 078f 45455F74 		.ascii	"EE_terminate_data\000"
 1895      65726D69 
 1895      6E617465 
 1895      5F646174 
 1895      6100
 1896              	.LASF113:
 1897 07a1 47656E65 		.ascii	"Generated_Source\\PSoC5\\ErikaOS_1_eecfg.c\000"
 1897      72617465 
 1897      645F536F 
 1897      75726365 
 1897      5C50536F 
 1898              	.LASF93:
 1899 07ca 45455F74 		.ascii	"EE_th_event_active\000"
 1899      685F6576 
 1899      656E745F 
 1899      61637469 
 1899      766500
 1900              	.LASF44:
 1901 07dd 636E7463 		.ascii	"cntcycle\000"
ARM GAS  C:\Users\Reza\AppData\Local\Temp\ccNnKEKa.s 			page 41


 1901      79636C65 
 1901      00
 1902              	.LASF28:
 1903 07e6 5359535F 		.ascii	"SYS_tos\000"
 1903      746F7300 
 1904              	.LASF55:
 1905 07ee 61637469 		.ascii	"action_task\000"
 1905      6F6E5F74 
 1905      61736B00 
 1906              	.LASF13:
 1907 07fa 45455F41 		.ascii	"EE_ADDR\000"
 1907      44445200 
 1908              	.LASF96:
 1909 0802 45455F74 		.ascii	"EE_th_is_extended\000"
 1909      685F6973 
 1909      5F657874 
 1909      656E6465 
 1909      6400
 1910              	.LASF18:
 1911 0814 45455F46 		.ascii	"EE_FREG\000"
 1911      52454700 
 1912              	.LASF103:
 1913 081c 45455F6F 		.ascii	"EE_oo_autostart_task_data\000"
 1913      6F5F6175 
 1913      746F7374 
 1913      6172745F 
 1913      7461736B 
 1914              		.ident	"GCC: (GNU Tools for ARM Embedded Processors) 5.4.1 20160609 (release) [ARM/embedded-5-bran
