ARM GAS  C:\Users\Reza\AppData\Local\Temp\ccrsn7Yp.s 			page 1


   1              		.syntax unified
   2              		.cpu cortex-m3
   3              		.fpu softvfp
   4              		.eabi_attribute 20, 1
   5              		.eabi_attribute 21, 1
   6              		.eabi_attribute 23, 3
   7              		.eabi_attribute 24, 1
   8              		.eabi_attribute 25, 1
   9              		.eabi_attribute 26, 1
  10              		.eabi_attribute 30, 4
  11              		.eabi_attribute 34, 1
  12              		.eabi_attribute 18, 4
  13              		.thumb
  14              		.syntax unified
  15              		.file	"ErikaOS_1_ee_gettaskstate.c"
  16              		.text
  17              	.Ltext0:
  18              		.cfi_sections	.debug_frame
  19              		.section	.text.EE_oo_GetTaskState,"ax",%progbits
  20              		.align	1
  21              		.global	EE_oo_GetTaskState
  22              		.thumb
  23              		.thumb_func
  24              		.type	EE_oo_GetTaskState, %function
  25              	EE_oo_GetTaskState:
  26              	.LFB70:
  27              		.file 1 "Generated_Source\\PSoC5\\ErikaOS_1_ee_gettaskstate.c"
   1:Generated_Source\PSoC5/ErikaOS_1_ee_gettaskstate.c **** /* ###*B*###
   2:Generated_Source\PSoC5/ErikaOS_1_ee_gettaskstate.c ****  * ERIKA Enterprise - a tiny RTOS for small microcontrollers
   3:Generated_Source\PSoC5/ErikaOS_1_ee_gettaskstate.c ****  *
   4:Generated_Source\PSoC5/ErikaOS_1_ee_gettaskstate.c ****  * Copyright (C) 2002-2008  Evidence Srl
   5:Generated_Source\PSoC5/ErikaOS_1_ee_gettaskstate.c ****  *
   6:Generated_Source\PSoC5/ErikaOS_1_ee_gettaskstate.c ****  * This file is part of ERIKA Enterprise.
   7:Generated_Source\PSoC5/ErikaOS_1_ee_gettaskstate.c ****  *
   8:Generated_Source\PSoC5/ErikaOS_1_ee_gettaskstate.c ****  * ERIKA Enterprise is free software; you can redistribute it
   9:Generated_Source\PSoC5/ErikaOS_1_ee_gettaskstate.c ****  * and/or modify it under the terms of the GNU General Public License
  10:Generated_Source\PSoC5/ErikaOS_1_ee_gettaskstate.c ****  * version 2 as published by the Free Software Foundation, 
  11:Generated_Source\PSoC5/ErikaOS_1_ee_gettaskstate.c ****  * (with a special exception described below).
  12:Generated_Source\PSoC5/ErikaOS_1_ee_gettaskstate.c ****  *
  13:Generated_Source\PSoC5/ErikaOS_1_ee_gettaskstate.c ****  * Linking this code statically or dynamically with other modules is
  14:Generated_Source\PSoC5/ErikaOS_1_ee_gettaskstate.c ****  * making a combined work based on this code.  Thus, the terms and
  15:Generated_Source\PSoC5/ErikaOS_1_ee_gettaskstate.c ****  * conditions of the GNU General Public License cover the whole
  16:Generated_Source\PSoC5/ErikaOS_1_ee_gettaskstate.c ****  * combination.
  17:Generated_Source\PSoC5/ErikaOS_1_ee_gettaskstate.c ****  *
  18:Generated_Source\PSoC5/ErikaOS_1_ee_gettaskstate.c ****  * As a special exception, the copyright holders of this library give you
  19:Generated_Source\PSoC5/ErikaOS_1_ee_gettaskstate.c ****  * permission to link this code with independent modules to produce an
  20:Generated_Source\PSoC5/ErikaOS_1_ee_gettaskstate.c ****  * executable, regardless of the license terms of these independent
  21:Generated_Source\PSoC5/ErikaOS_1_ee_gettaskstate.c ****  * modules, and to copy and distribute the resulting executable under
  22:Generated_Source\PSoC5/ErikaOS_1_ee_gettaskstate.c ****  * terms of your choice, provided that you also meet, for each linked
  23:Generated_Source\PSoC5/ErikaOS_1_ee_gettaskstate.c ****  * independent module, the terms and conditions of the license of that
  24:Generated_Source\PSoC5/ErikaOS_1_ee_gettaskstate.c ****  * module.  An independent module is a module which is not derived from
  25:Generated_Source\PSoC5/ErikaOS_1_ee_gettaskstate.c ****  * or based on this library.  If you modify this code, you may extend
  26:Generated_Source\PSoC5/ErikaOS_1_ee_gettaskstate.c ****  * this exception to your version of the code, but you are not
  27:Generated_Source\PSoC5/ErikaOS_1_ee_gettaskstate.c ****  * obligated to do so.  If you do not wish to do so, delete this
  28:Generated_Source\PSoC5/ErikaOS_1_ee_gettaskstate.c ****  * exception statement from your version.
  29:Generated_Source\PSoC5/ErikaOS_1_ee_gettaskstate.c ****  *
  30:Generated_Source\PSoC5/ErikaOS_1_ee_gettaskstate.c ****  * ERIKA Enterprise is distributed in the hope that it will be
ARM GAS  C:\Users\Reza\AppData\Local\Temp\ccrsn7Yp.s 			page 2


  31:Generated_Source\PSoC5/ErikaOS_1_ee_gettaskstate.c ****  * useful, but WITHOUT ANY WARRANTY; without even the implied warranty
  32:Generated_Source\PSoC5/ErikaOS_1_ee_gettaskstate.c ****  * of MERCHANTABILITY or FITNESS FOR A PARTICULAR PURPOSE.  See the
  33:Generated_Source\PSoC5/ErikaOS_1_ee_gettaskstate.c ****  * GNU General Public License version 2 for more details.
  34:Generated_Source\PSoC5/ErikaOS_1_ee_gettaskstate.c ****  *
  35:Generated_Source\PSoC5/ErikaOS_1_ee_gettaskstate.c ****  * You should have received a copy of the GNU General Public License
  36:Generated_Source\PSoC5/ErikaOS_1_ee_gettaskstate.c ****  * version 2 along with ERIKA Enterprise; if not, write to the
  37:Generated_Source\PSoC5/ErikaOS_1_ee_gettaskstate.c ****  * Free Software Foundation, Inc., 51 Franklin Street, Fifth Floor,
  38:Generated_Source\PSoC5/ErikaOS_1_ee_gettaskstate.c ****  * Boston, MA 02110-1301 USA.
  39:Generated_Source\PSoC5/ErikaOS_1_ee_gettaskstate.c ****  * ###*E*### */
  40:Generated_Source\PSoC5/ErikaOS_1_ee_gettaskstate.c **** 
  41:Generated_Source\PSoC5/ErikaOS_1_ee_gettaskstate.c **** /*
  42:Generated_Source\PSoC5/ErikaOS_1_ee_gettaskstate.c ****  * Author: 2004 Paolo Gai
  43:Generated_Source\PSoC5/ErikaOS_1_ee_gettaskstate.c ****  * CVS: $Id: ee_gettaskstate.c,v 1.1 2005/07/16 12:23:42 pj Exp $
  44:Generated_Source\PSoC5/ErikaOS_1_ee_gettaskstate.c ****  */
  45:Generated_Source\PSoC5/ErikaOS_1_ee_gettaskstate.c **** 
  46:Generated_Source\PSoC5/ErikaOS_1_ee_gettaskstate.c **** /*
  47:Generated_Source\PSoC5/ErikaOS_1_ee_gettaskstate.c ****  * PSoC Port and API Generation
  48:Generated_Source\PSoC5/ErikaOS_1_ee_gettaskstate.c ****  * Carlos Fernando Meier Martinez
  49:Generated_Source\PSoC5/ErikaOS_1_ee_gettaskstate.c ****  * Hochschule Darmstadt, Germany. 2017.
  50:Generated_Source\PSoC5/ErikaOS_1_ee_gettaskstate.c ****  */
  51:Generated_Source\PSoC5/ErikaOS_1_ee_gettaskstate.c **** 
  52:Generated_Source\PSoC5/ErikaOS_1_ee_gettaskstate.c **** #include "ErikaOS_1_ee_internal.inc"
  53:Generated_Source\PSoC5/ErikaOS_1_ee_gettaskstate.c **** 
  54:Generated_Source\PSoC5/ErikaOS_1_ee_gettaskstate.c **** /***************************************************************************
  55:Generated_Source\PSoC5/ErikaOS_1_ee_gettaskstate.c ****  * 13.2 Task management 
  56:Generated_Source\PSoC5/ErikaOS_1_ee_gettaskstate.c ****  ***************************************************************************/
  57:Generated_Source\PSoC5/ErikaOS_1_ee_gettaskstate.c **** 
  58:Generated_Source\PSoC5/ErikaOS_1_ee_gettaskstate.c **** /* 13.2.3.6: BCC1, BCC2, ECC1, ECC2 */
  59:Generated_Source\PSoC5/ErikaOS_1_ee_gettaskstate.c **** #ifndef __PRIVATE_GETTASKSTATE__
  60:Generated_Source\PSoC5/ErikaOS_1_ee_gettaskstate.c **** 
  61:Generated_Source\PSoC5/ErikaOS_1_ee_gettaskstate.c **** StatusType EE_oo_GetTaskState(TaskType TaskID, TaskStateRefType State)
  62:Generated_Source\PSoC5/ErikaOS_1_ee_gettaskstate.c **** {
  28              		.loc 1 62 0
  29              		.cfi_startproc
  30              		@ args = 0, pretend = 0, frame = 0
  31              		@ frame_needed = 0, uses_anonymous_args = 0
  32              		@ link register save eliminated.
  33              	.LVL0:
  63:Generated_Source\PSoC5/ErikaOS_1_ee_gettaskstate.c ****   register StatusType ev;
  64:Generated_Source\PSoC5/ErikaOS_1_ee_gettaskstate.c **** 
  65:Generated_Source\PSoC5/ErikaOS_1_ee_gettaskstate.c ****   EE_ORTI_set_service_in(EE_SERVICETRACE_GETTASKSTATE);
  66:Generated_Source\PSoC5/ErikaOS_1_ee_gettaskstate.c **** 
  67:Generated_Source\PSoC5/ErikaOS_1_ee_gettaskstate.c **** #ifdef EE_SERVICE_PROTECTION__
  68:Generated_Source\PSoC5/ErikaOS_1_ee_gettaskstate.c ****   /* [OS093]: If interrupts are disabled/suspended by a Task/OsIsr and the
  69:Generated_Source\PSoC5/ErikaOS_1_ee_gettaskstate.c ****       Task/OsIsr calls any OS service (excluding the interrupt services)
  70:Generated_Source\PSoC5/ErikaOS_1_ee_gettaskstate.c ****       then the Operating System shall ignore the service AND shall return
  71:Generated_Source\PSoC5/ErikaOS_1_ee_gettaskstate.c ****       E_OS_DISABLEDINT if the service returns a StatusType value. */
  72:Generated_Source\PSoC5/ErikaOS_1_ee_gettaskstate.c ****   /* [OS088]: If an OS-Application makes a service call from the wrong context
  73:Generated_Source\PSoC5/ErikaOS_1_ee_gettaskstate.c ****       AND is currently not inside a Category 1 ISR the Operating System module
  74:Generated_Source\PSoC5/ErikaOS_1_ee_gettaskstate.c ****       shall not perform the requested action (the service call shall have no
  75:Generated_Source\PSoC5/ErikaOS_1_ee_gettaskstate.c ****       effect), and return E_OS_CALLEVEL (see [12], section 13.1) or the
  76:Generated_Source\PSoC5/ErikaOS_1_ee_gettaskstate.c ****       "invalid value" of  the service. (BSW11009, BSW11013) */
  77:Generated_Source\PSoC5/ErikaOS_1_ee_gettaskstate.c ****   /* GetTaskID is callable by Task, ISR2, ErrorHook, ProtectionHook, Pre and
  78:Generated_Source\PSoC5/ErikaOS_1_ee_gettaskstate.c ****      Post TaskHook */
  79:Generated_Source\PSoC5/ErikaOS_1_ee_gettaskstate.c ****   if ( (EE_as_execution_context > ErrorHook_Context) &&
  80:Generated_Source\PSoC5/ErikaOS_1_ee_gettaskstate.c ****        (EE_as_execution_context != PreTaskHook_Context) &&
  81:Generated_Source\PSoC5/ErikaOS_1_ee_gettaskstate.c ****        (EE_as_execution_context != PostTaskHook_Context) )
ARM GAS  C:\Users\Reza\AppData\Local\Temp\ccrsn7Yp.s 			page 3


  82:Generated_Source\PSoC5/ErikaOS_1_ee_gettaskstate.c ****   {
  83:Generated_Source\PSoC5/ErikaOS_1_ee_gettaskstate.c ****     ev = E_OS_CALLEVEL;
  84:Generated_Source\PSoC5/ErikaOS_1_ee_gettaskstate.c ****   } else if ( EE_oo_check_disableint_error() ) {
  85:Generated_Source\PSoC5/ErikaOS_1_ee_gettaskstate.c ****     ev = E_OS_DISABLEDINT;
  86:Generated_Source\PSoC5/ErikaOS_1_ee_gettaskstate.c ****   } else
  87:Generated_Source\PSoC5/ErikaOS_1_ee_gettaskstate.c **** #endif /* EE_SERVICE_PROTECTION__ */
  88:Generated_Source\PSoC5/ErikaOS_1_ee_gettaskstate.c **** 
  89:Generated_Source\PSoC5/ErikaOS_1_ee_gettaskstate.c ****   /* [OS566]: The Operating System API shall check in extended mode all pointer
  90:Generated_Source\PSoC5/ErikaOS_1_ee_gettaskstate.c ****      argument for NULL pointer and return OS_E_PARAMETER_POINTER
  91:Generated_Source\PSoC5/ErikaOS_1_ee_gettaskstate.c ****      if such argument is NULL. 
  92:Generated_Source\PSoC5/ErikaOS_1_ee_gettaskstate.c ****      + 
  93:Generated_Source\PSoC5/ErikaOS_1_ee_gettaskstate.c ****      MISRA dictate NULL check for pointers always. */
  94:Generated_Source\PSoC5/ErikaOS_1_ee_gettaskstate.c ****   if ( State == NULL ) {
  34              		.loc 1 94 0
  35 0000 39B1     		cbz	r1, .L3
  95:Generated_Source\PSoC5/ErikaOS_1_ee_gettaskstate.c ****     ev = E_OS_PARAM_POINTER;
  96:Generated_Source\PSoC5/ErikaOS_1_ee_gettaskstate.c ****   } else
  97:Generated_Source\PSoC5/ErikaOS_1_ee_gettaskstate.c **** #if (defined(EE_AS_OSAPPLICATIONS__)) && (defined(EE_SERVICE_PROTECTION__)) \
  98:Generated_Source\PSoC5/ErikaOS_1_ee_gettaskstate.c ****   && (defined(__EE_MEMORY_PROTECTION__))
  99:Generated_Source\PSoC5/ErikaOS_1_ee_gettaskstate.c ****   /* [SWS_Os_00051]: If an invalid address (address is not writable by this
 100:Generated_Source\PSoC5/ErikaOS_1_ee_gettaskstate.c ****       OS-Application) is passed as an out-parameter to an Operating System
 101:Generated_Source\PSoC5/ErikaOS_1_ee_gettaskstate.c ****       service, the Operating System module shall return the status code
 102:Generated_Source\PSoC5/ErikaOS_1_ee_gettaskstate.c ****       E_OS_ILLEGAL_ADDRESS. (SRS_Os_11009, SRS_Os_11013) */
 103:Generated_Source\PSoC5/ErikaOS_1_ee_gettaskstate.c ****   if ( !OSMEMORY_IS_WRITEABLE( EE_hal_get_app_mem_access(EE_as_active_app,
 104:Generated_Source\PSoC5/ErikaOS_1_ee_gettaskstate.c ****     State, sizeof(*State))) )
 105:Generated_Source\PSoC5/ErikaOS_1_ee_gettaskstate.c ****   {
 106:Generated_Source\PSoC5/ErikaOS_1_ee_gettaskstate.c ****     ev = E_OS_ILLEGAL_ADDRESS;
 107:Generated_Source\PSoC5/ErikaOS_1_ee_gettaskstate.c ****   } else
 108:Generated_Source\PSoC5/ErikaOS_1_ee_gettaskstate.c **** #endif /* EE_AS_OSAPPLICATIONS__ && EE_SERVICE_PROTECTION__ &&
 109:Generated_Source\PSoC5/ErikaOS_1_ee_gettaskstate.c ****   __EE_MEMORY_PROTECTION__ */
 110:Generated_Source\PSoC5/ErikaOS_1_ee_gettaskstate.c **** 
 111:Generated_Source\PSoC5/ErikaOS_1_ee_gettaskstate.c **** #ifdef EE_AS_RPC__
 112:Generated_Source\PSoC5/ErikaOS_1_ee_gettaskstate.c ****   if ( EE_IS_TID_REMOTE(TaskID) )
 113:Generated_Source\PSoC5/ErikaOS_1_ee_gettaskstate.c ****   {
 114:Generated_Source\PSoC5/ErikaOS_1_ee_gettaskstate.c ****     /* Tmp Tid (introduced to meet MISRA requirements) */
 115:Generated_Source\PSoC5/ErikaOS_1_ee_gettaskstate.c ****     EE_TID tmp_tid;
 116:Generated_Source\PSoC5/ErikaOS_1_ee_gettaskstate.c ****     EE_os_param as_state;
 117:Generated_Source\PSoC5/ErikaOS_1_ee_gettaskstate.c ****     EE_os_param unmarked_tid;
 118:Generated_Source\PSoC5/ErikaOS_1_ee_gettaskstate.c **** 	/* Two steps macro assignment to meet MISRA 10.3 required rule */
 119:Generated_Source\PSoC5/ErikaOS_1_ee_gettaskstate.c ****     tmp_tid = EE_UNMARK_REMOTE_TID(TaskID);
 120:Generated_Source\PSoC5/ErikaOS_1_ee_gettaskstate.c ****     unmarked_tid.value_param = (EE_UREG)tmp_tid;
 121:Generated_Source\PSoC5/ErikaOS_1_ee_gettaskstate.c ****     as_state.task_state_ref = State;
 122:Generated_Source\PSoC5/ErikaOS_1_ee_gettaskstate.c **** 
 123:Generated_Source\PSoC5/ErikaOS_1_ee_gettaskstate.c ****     /* forward the request to another CPU in synchronous way */
 124:Generated_Source\PSoC5/ErikaOS_1_ee_gettaskstate.c ****     ev = EE_as_rpc_from_us(OSServiceId_GetTaskState, unmarked_tid, as_state,
 125:Generated_Source\PSoC5/ErikaOS_1_ee_gettaskstate.c ****       EE_OS_INVALID_PARAM);
 126:Generated_Source\PSoC5/ErikaOS_1_ee_gettaskstate.c ****   } else {
 127:Generated_Source\PSoC5/ErikaOS_1_ee_gettaskstate.c **** #endif /* EE_AS_RPC__ */
 128:Generated_Source\PSoC5/ErikaOS_1_ee_gettaskstate.c **** 
 129:Generated_Source\PSoC5/ErikaOS_1_ee_gettaskstate.c **** #if (defined(EE_AS_OSAPPLICATIONS__)) && (defined(EE_SERVICE_PROTECTION__))
 130:Generated_Source\PSoC5/ErikaOS_1_ee_gettaskstate.c ****     /* check if the task Id is valid */
 131:Generated_Source\PSoC5/ErikaOS_1_ee_gettaskstate.c ****     if ( (TaskID < 0) || (TaskID >= EE_MAX_TASK) ) {
 132:Generated_Source\PSoC5/ErikaOS_1_ee_gettaskstate.c ****       ev = E_OS_ID;
 133:Generated_Source\PSoC5/ErikaOS_1_ee_gettaskstate.c ****     } else if ( EE_TASK_ACCESS_ERR(TaskID, EE_as_active_app) ) {
 134:Generated_Source\PSoC5/ErikaOS_1_ee_gettaskstate.c ****       ev = E_OS_ACCESS;
 135:Generated_Source\PSoC5/ErikaOS_1_ee_gettaskstate.c ****     } else
 136:Generated_Source\PSoC5/ErikaOS_1_ee_gettaskstate.c **** #elif defined(__OO_EXTENDED_STATUS__)
ARM GAS  C:\Users\Reza\AppData\Local\Temp\ccrsn7Yp.s 			page 4


 137:Generated_Source\PSoC5/ErikaOS_1_ee_gettaskstate.c ****     /* check if the task Id is valid */
 138:Generated_Source\PSoC5/ErikaOS_1_ee_gettaskstate.c ****     if ( (TaskID < 0) || (TaskID >= EE_MAX_TASK) ) {
  36              		.loc 1 138 0
  37 0002 0328     		cmp	r0, #3
  38 0004 07D8     		bhi	.L4
 139:Generated_Source\PSoC5/ErikaOS_1_ee_gettaskstate.c ****       ev = E_OS_ID;
 140:Generated_Source\PSoC5/ErikaOS_1_ee_gettaskstate.c ****     } else
 141:Generated_Source\PSoC5/ErikaOS_1_ee_gettaskstate.c **** #endif /* EE_AS_OSAPPLICATIONS__ || E_SERVICE_PROTECTION__ ||
 142:Generated_Source\PSoC5/ErikaOS_1_ee_gettaskstate.c **** __OO_EXTENDED_STATUS__ */
 143:Generated_Source\PSoC5/ErikaOS_1_ee_gettaskstate.c ****     {
 144:Generated_Source\PSoC5/ErikaOS_1_ee_gettaskstate.c ****     /* XXX: This SHALL be atomic. Check this architectures other than TriCore */
 145:Generated_Source\PSoC5/ErikaOS_1_ee_gettaskstate.c ****       *State = EE_th_status[TaskID];
  39              		.loc 1 145 0
  40 0006 054B     		ldr	r3, .L6
  41 0008 53F82030 		ldr	r3, [r3, r0, lsl #2]
 146:Generated_Source\PSoC5/ErikaOS_1_ee_gettaskstate.c ****       ev = E_OK;
  42              		.loc 1 146 0
  43 000c 0020     		movs	r0, #0
  44              	.LVL1:
 145:Generated_Source\PSoC5/ErikaOS_1_ee_gettaskstate.c ****       ev = E_OK;
  45              		.loc 1 145 0
  46 000e 0B60     		str	r3, [r1]
  47              	.LVL2:
  48 0010 7047     		bx	lr
  49              	.LVL3:
  50              	.L3:
  95:Generated_Source\PSoC5/ErikaOS_1_ee_gettaskstate.c ****   } else
  51              		.loc 1 95 0
  52 0012 0E20     		movs	r0, #14
  53              	.LVL4:
  54 0014 7047     		bx	lr
  55              	.LVL5:
  56              	.L4:
 139:Generated_Source\PSoC5/ErikaOS_1_ee_gettaskstate.c ****     } else
  57              		.loc 1 139 0
  58 0016 0320     		movs	r0, #3
  59              	.LVL6:
 147:Generated_Source\PSoC5/ErikaOS_1_ee_gettaskstate.c ****     }
 148:Generated_Source\PSoC5/ErikaOS_1_ee_gettaskstate.c **** #ifdef EE_AS_RPC__
 149:Generated_Source\PSoC5/ErikaOS_1_ee_gettaskstate.c ****   }
 150:Generated_Source\PSoC5/ErikaOS_1_ee_gettaskstate.c **** #endif /*  EE_AS_RPC__ */
 151:Generated_Source\PSoC5/ErikaOS_1_ee_gettaskstate.c **** 
 152:Generated_Source\PSoC5/ErikaOS_1_ee_gettaskstate.c ****   if ( ev != E_OK ) {
 153:Generated_Source\PSoC5/ErikaOS_1_ee_gettaskstate.c ****     EE_OS_ERROR_PARAMETERS();
 154:Generated_Source\PSoC5/ErikaOS_1_ee_gettaskstate.c ****     EE_OS_ERROR_PARAMETERS_PARAM1_REF(task_state_ref,State);
 155:Generated_Source\PSoC5/ErikaOS_1_ee_gettaskstate.c **** 
 156:Generated_Source\PSoC5/ErikaOS_1_ee_gettaskstate.c ****     EE_os_notify_error_from_us(OSServiceId_GetTaskState, &error_parameters, ev);
 157:Generated_Source\PSoC5/ErikaOS_1_ee_gettaskstate.c ****     EE_ORTI_set_service_out(EE_SERVICETRACE_GETTASKSTATE);
 158:Generated_Source\PSoC5/ErikaOS_1_ee_gettaskstate.c ****   } else {
 159:Generated_Source\PSoC5/ErikaOS_1_ee_gettaskstate.c ****     EE_ORTI_set_service_out(EE_SERVICETRACE_GETTASKSTATE);
 160:Generated_Source\PSoC5/ErikaOS_1_ee_gettaskstate.c ****   }
 161:Generated_Source\PSoC5/ErikaOS_1_ee_gettaskstate.c **** 
 162:Generated_Source\PSoC5/ErikaOS_1_ee_gettaskstate.c ****   return ev;
 163:Generated_Source\PSoC5/ErikaOS_1_ee_gettaskstate.c **** }
  60              		.loc 1 163 0
  61 0018 7047     		bx	lr
  62              	.L7:
ARM GAS  C:\Users\Reza\AppData\Local\Temp\ccrsn7Yp.s 			page 5


  63 001a 00BF     		.align	2
  64              	.L6:
  65 001c 00000000 		.word	EE_th_status
  66              		.cfi_endproc
  67              	.LFE70:
  68              		.size	EE_oo_GetTaskState, .-EE_oo_GetTaskState
  69              		.text
  70              	.Letext0:
  71              		.file 2 "Generated_Source\\PSoC5\\ErikaOS_1_common_ee_types.inc"
  72              		.file 3 "Generated_Source\\PSoC5\\ErikaOS_1_cortex_mx_ee_cpu.inc"
  73              		.file 4 "Generated_Source\\PSoC5\\ErikaOS_1_ee_oo_common.inc"
  74              		.file 5 "Generated_Source\\PSoC5\\ErikaOS_1_ee_oo_internal.inc"
  75              		.file 6 "Generated_Source\\PSoC5\\ErikaOS_1_common_ee_primitives.inc"
  76              		.file 7 "Generated_Source\\PSoC5\\ErikaOS_1_cortex_mx_ee_context.inc"
  77              		.file 8 "Generated_Source\\PSoC5\\ErikaOS_1_ee_oo_intfunc.inc"
  78              		.section	.debug_info,"",%progbits
  79              	.Ldebug_info0:
  80 0000 A0040000 		.4byte	0x4a0
  81 0004 0400     		.2byte	0x4
  82 0006 00000000 		.4byte	.Ldebug_abbrev0
  83 000a 04       		.byte	0x4
  84 000b 01       		.uleb128 0x1
  85 000c BF030000 		.4byte	.LASF73
  86 0010 0C       		.byte	0xc
  87 0011 C2040000 		.4byte	.LASF74
  88 0015 19010000 		.4byte	.LASF75
  89 0019 00000000 		.4byte	.Ldebug_ranges0+0
  90 001d 00000000 		.4byte	0
  91 0021 00000000 		.4byte	.Ldebug_line0
  92 0025 02       		.uleb128 0x2
  93 0026 01       		.byte	0x1
  94 0027 06       		.byte	0x6
  95 0028 7C030000 		.4byte	.LASF0
  96 002c 02       		.uleb128 0x2
  97 002d 01       		.byte	0x1
  98 002e 08       		.byte	0x8
  99 002f 3D030000 		.4byte	.LASF1
 100 0033 02       		.uleb128 0x2
 101 0034 02       		.byte	0x2
 102 0035 05       		.byte	0x5
 103 0036 83000000 		.4byte	.LASF2
 104 003a 02       		.uleb128 0x2
 105 003b 02       		.byte	0x2
 106 003c 07       		.byte	0x7
 107 003d 4D040000 		.4byte	.LASF3
 108 0041 02       		.uleb128 0x2
 109 0042 04       		.byte	0x4
 110 0043 05       		.byte	0x5
 111 0044 A1020000 		.4byte	.LASF4
 112 0048 02       		.uleb128 0x2
 113 0049 04       		.byte	0x4
 114 004a 07       		.byte	0x7
 115 004b B0040000 		.4byte	.LASF5
 116 004f 02       		.uleb128 0x2
 117 0050 08       		.byte	0x8
 118 0051 05       		.byte	0x5
 119 0052 51020000 		.4byte	.LASF6
ARM GAS  C:\Users\Reza\AppData\Local\Temp\ccrsn7Yp.s 			page 6


 120 0056 02       		.uleb128 0x2
 121 0057 08       		.byte	0x8
 122 0058 07       		.byte	0x7
 123 0059 88030000 		.4byte	.LASF7
 124 005d 03       		.uleb128 0x3
 125 005e 04       		.byte	0x4
 126 005f 05       		.byte	0x5
 127 0060 696E7400 		.ascii	"int\000"
 128 0064 02       		.uleb128 0x2
 129 0065 04       		.byte	0x4
 130 0066 07       		.byte	0x7
 131 0067 9F030000 		.4byte	.LASF8
 132 006b 02       		.uleb128 0x2
 133 006c 08       		.byte	0x8
 134 006d 04       		.byte	0x4
 135 006e 19030000 		.4byte	.LASF9
 136 0072 04       		.uleb128 0x4
 137 0073 1E000000 		.4byte	.LASF10
 138 0077 02       		.byte	0x2
 139 0078 3E       		.byte	0x3e
 140 0079 2C000000 		.4byte	0x2c
 141 007d 04       		.uleb128 0x4
 142 007e 5F020000 		.4byte	.LASF11
 143 0082 02       		.byte	0x2
 144 0083 3F       		.byte	0x3f
 145 0084 25000000 		.4byte	0x25
 146 0088 04       		.uleb128 0x4
 147 0089 7E040000 		.4byte	.LASF12
 148 008d 02       		.byte	0x2
 149 008e 52       		.byte	0x52
 150 008f 3A000000 		.4byte	0x3a
 151 0093 04       		.uleb128 0x4
 152 0094 0E020000 		.4byte	.LASF13
 153 0098 02       		.byte	0x2
 154 0099 53       		.byte	0x53
 155 009a 5D000000 		.4byte	0x5d
 156 009e 04       		.uleb128 0x4
 157 009f D7000000 		.4byte	.LASF14
 158 00a3 02       		.byte	0x2
 159 00a4 54       		.byte	0x54
 160 00a5 64000000 		.4byte	0x64
 161 00a9 04       		.uleb128 0x4
 162 00aa 35000000 		.4byte	.LASF15
 163 00ae 03       		.byte	0x3
 164 00af 4D       		.byte	0x4d
 165 00b0 9E000000 		.4byte	0x9e
 166 00b4 04       		.uleb128 0x4
 167 00b5 B9000000 		.4byte	.LASF16
 168 00b9 03       		.byte	0x3
 169 00ba 4F       		.byte	0x4f
 170 00bb 9E000000 		.4byte	0x9e
 171 00bf 04       		.uleb128 0x4
 172 00c0 17020000 		.4byte	.LASF17
 173 00c4 03       		.byte	0x3
 174 00c5 54       		.byte	0x54
 175 00c6 A9000000 		.4byte	0xa9
 176 00ca 04       		.uleb128 0x4
ARM GAS  C:\Users\Reza\AppData\Local\Temp\ccrsn7Yp.s 			page 7


 177 00cb F2000000 		.4byte	.LASF18
 178 00cf 03       		.byte	0x3
 179 00d0 78       		.byte	0x78
 180 00d1 93000000 		.4byte	0x93
 181 00d5 05       		.uleb128 0x5
 182 00d6 80020000 		.4byte	.LASF19
 183 00da 04       		.byte	0x4
 184 00db 1101     		.2byte	0x111
 185 00dd 88000000 		.4byte	0x88
 186 00e1 05       		.uleb128 0x5
 187 00e2 34030000 		.4byte	.LASF20
 188 00e6 04       		.byte	0x4
 189 00e7 F701     		.2byte	0x1f7
 190 00e9 CA000000 		.4byte	0xca
 191 00ed 05       		.uleb128 0x5
 192 00ee 15050000 		.4byte	.LASF21
 193 00f2 04       		.byte	0x4
 194 00f3 0002     		.2byte	0x200
 195 00f5 F9000000 		.4byte	0xf9
 196 00f9 06       		.uleb128 0x6
 197 00fa 04       		.byte	0x4
 198 00fb A9000000 		.4byte	0xa9
 199 00ff 05       		.uleb128 0x5
 200 0100 EF020000 		.4byte	.LASF22
 201 0104 04       		.byte	0x4
 202 0105 3502     		.2byte	0x235
 203 0107 A9000000 		.4byte	0xa9
 204 010b 05       		.uleb128 0x5
 205 010c 07030000 		.4byte	.LASF23
 206 0110 04       		.byte	0x4
 207 0111 5D02     		.2byte	0x25d
 208 0113 A9000000 		.4byte	0xa9
 209 0117 05       		.uleb128 0x5
 210 0118 3D050000 		.4byte	.LASF24
 211 011c 04       		.byte	0x4
 212 011d 6C02     		.2byte	0x26c
 213 011f A9000000 		.4byte	0xa9
 214 0123 07       		.uleb128 0x7
 215 0124 0C       		.byte	0xc
 216 0125 04       		.byte	0x4
 217 0126 7202     		.2byte	0x272
 218 0128 54010000 		.4byte	0x154
 219 012c 08       		.uleb128 0x8
 220 012d AA020000 		.4byte	.LASF25
 221 0131 04       		.byte	0x4
 222 0132 7302     		.2byte	0x273
 223 0134 FF000000 		.4byte	0xff
 224 0138 00       		.byte	0
 225 0139 08       		.uleb128 0x8
 226 013a 43000000 		.4byte	.LASF26
 227 013e 04       		.byte	0x4
 228 013f 7402     		.2byte	0x274
 229 0141 FF000000 		.4byte	0xff
 230 0145 04       		.byte	0x4
 231 0146 08       		.uleb128 0x8
 232 0147 F9000000 		.4byte	.LASF27
 233 014b 04       		.byte	0x4
ARM GAS  C:\Users\Reza\AppData\Local\Temp\ccrsn7Yp.s 			page 8


 234 014c 7502     		.2byte	0x275
 235 014e FF000000 		.4byte	0xff
 236 0152 08       		.byte	0x8
 237 0153 00       		.byte	0
 238 0154 05       		.uleb128 0x5
 239 0155 D8020000 		.4byte	.LASF28
 240 0159 04       		.byte	0x4
 241 015a 7A02     		.2byte	0x27a
 242 015c 23010000 		.4byte	0x123
 243 0160 07       		.uleb128 0x7
 244 0161 08       		.byte	0x8
 245 0162 04       		.byte	0x4
 246 0163 7D02     		.2byte	0x27d
 247 0165 84010000 		.4byte	0x184
 248 0169 08       		.uleb128 0x8
 249 016a 02010000 		.4byte	.LASF29
 250 016e 04       		.byte	0x4
 251 016f 7E02     		.2byte	0x27e
 252 0171 FF000000 		.4byte	0xff
 253 0175 00       		.byte	0
 254 0176 08       		.uleb128 0x8
 255 0177 A8050000 		.4byte	.LASF30
 256 017b 04       		.byte	0x4
 257 017c 7F02     		.2byte	0x27f
 258 017e 0B010000 		.4byte	0x10b
 259 0182 04       		.byte	0x4
 260 0183 00       		.byte	0
 261 0184 05       		.uleb128 0x5
 262 0185 3A020000 		.4byte	.LASF31
 263 0189 04       		.byte	0x4
 264 018a 8002     		.2byte	0x280
 265 018c 60010000 		.4byte	0x160
 266 0190 09       		.uleb128 0x9
 267 0191 01       		.byte	0x1
 268 0192 2C000000 		.4byte	0x2c
 269 0196 04       		.byte	0x4
 270 0197 8A02     		.2byte	0x28a
 271 0199 AA010000 		.4byte	0x1aa
 272 019d 0A       		.uleb128 0xa
 273 019e 26050000 		.4byte	.LASF32
 274 01a2 00       		.byte	0
 275 01a3 0A       		.uleb128 0xa
 276 01a4 90020000 		.4byte	.LASF33
 277 01a8 01       		.byte	0x1
 278 01a9 00       		.byte	0
 279 01aa 05       		.uleb128 0x5
 280 01ab DA010000 		.4byte	.LASF34
 281 01af 04       		.byte	0x4
 282 01b0 8D02     		.2byte	0x28d
 283 01b2 90010000 		.4byte	0x190
 284 01b6 05       		.uleb128 0x5
 285 01b7 C1000000 		.4byte	.LASF35
 286 01bb 04       		.byte	0x4
 287 01bc 9002     		.2byte	0x290
 288 01be AA010000 		.4byte	0x1aa
 289 01c2 07       		.uleb128 0x7
 290 01c3 0C       		.byte	0xc
ARM GAS  C:\Users\Reza\AppData\Local\Temp\ccrsn7Yp.s 			page 9


 291 01c4 04       		.byte	0x4
 292 01c5 9402     		.2byte	0x294
 293 01c7 F1010000 		.4byte	0x1f1
 294 01cb 0B       		.uleb128 0xb
 295 01cc 6300     		.ascii	"c\000"
 296 01ce 04       		.byte	0x4
 297 01cf 9602     		.2byte	0x296
 298 01d1 17010000 		.4byte	0x117
 299 01d5 00       		.byte	0
 300 01d6 08       		.uleb128 0x8
 301 01d7 B1000000 		.4byte	.LASF36
 302 01db 04       		.byte	0x4
 303 01dc 9802     		.2byte	0x298
 304 01de 0B010000 		.4byte	0x10b
 305 01e2 04       		.byte	0x4
 306 01e3 08       		.uleb128 0x8
 307 01e4 19000000 		.4byte	.LASF37
 308 01e8 04       		.byte	0x4
 309 01e9 9A02     		.2byte	0x29a
 310 01eb B6010000 		.4byte	0x1b6
 311 01ef 08       		.byte	0x8
 312 01f0 00       		.byte	0
 313 01f1 05       		.uleb128 0x5
 314 01f2 60040000 		.4byte	.LASF38
 315 01f6 04       		.byte	0x4
 316 01f7 9B02     		.2byte	0x29b
 317 01f9 C2010000 		.4byte	0x1c2
 318 01fd 07       		.uleb128 0x7
 319 01fe 10       		.byte	0x10
 320 01ff 04       		.byte	0x4
 321 0200 9F02     		.2byte	0x29f
 322 0202 3B020000 		.4byte	0x23b
 323 0206 08       		.uleb128 0x8
 324 0207 2F050000 		.4byte	.LASF39
 325 020b 04       		.byte	0x4
 326 020c A002     		.2byte	0x2a0
 327 020e BF000000 		.4byte	0xbf
 328 0212 00       		.byte	0
 329 0213 08       		.uleb128 0x8
 330 0214 75050000 		.4byte	.LASF40
 331 0218 04       		.byte	0x4
 332 0219 A102     		.2byte	0x2a1
 333 021b FF000000 		.4byte	0xff
 334 021f 04       		.byte	0x4
 335 0220 08       		.uleb128 0x8
 336 0221 AB000000 		.4byte	.LASF41
 337 0225 04       		.byte	0x4
 338 0226 A202     		.2byte	0x2a2
 339 0228 FF000000 		.4byte	0xff
 340 022c 08       		.byte	0x8
 341 022d 08       		.uleb128 0x8
 342 022e 96050000 		.4byte	.LASF42
 343 0232 04       		.byte	0x4
 344 0233 A302     		.2byte	0x2a3
 345 0235 0B010000 		.4byte	0x10b
 346 0239 0C       		.byte	0xc
 347 023a 00       		.byte	0
ARM GAS  C:\Users\Reza\AppData\Local\Temp\ccrsn7Yp.s 			page 10


 348 023b 05       		.uleb128 0x5
 349 023c BA020000 		.4byte	.LASF43
 350 0240 04       		.byte	0x4
 351 0241 A402     		.2byte	0x2a4
 352 0243 FD010000 		.4byte	0x1fd
 353 0247 05       		.uleb128 0x5
 354 0248 8D000000 		.4byte	.LASF44
 355 024c 04       		.byte	0x4
 356 024d 2103     		.2byte	0x321
 357 024f 2C000000 		.4byte	0x2c
 358 0253 0C       		.uleb128 0xc
 359 0254 63000000 		.4byte	.LASF45
 360 0258 04       		.byte	0x4
 361 0259 9703     		.2byte	0x397
 362 025b 03       		.byte	0x3
 363 025c 6D020000 		.4byte	0x26d
 364 0260 0D       		.uleb128 0xd
 365 0261 73727600 		.ascii	"srv\000"
 366 0265 04       		.byte	0x4
 367 0266 9703     		.2byte	0x397
 368 0268 72000000 		.4byte	0x72
 369 026c 00       		.byte	0
 370 026d 0C       		.uleb128 0xc
 371 026e 23020000 		.4byte	.LASF46
 372 0272 04       		.byte	0x4
 373 0273 A303     		.2byte	0x3a3
 374 0275 03       		.byte	0x3
 375 0276 86020000 		.4byte	0x286
 376 027a 0D       		.uleb128 0xd
 377 027b 696400   		.ascii	"id\000"
 378 027e 04       		.byte	0x4
 379 027f A303     		.2byte	0x3a3
 380 0281 72000000 		.4byte	0x72
 381 0285 00       		.byte	0
 382 0286 0C       		.uleb128 0xc
 383 0287 4B030000 		.4byte	.LASF47
 384 028b 04       		.byte	0x4
 385 028c A803     		.2byte	0x3a8
 386 028e 03       		.byte	0x3
 387 028f 9F020000 		.4byte	0x29f
 388 0293 0D       		.uleb128 0xd
 389 0294 696400   		.ascii	"id\000"
 390 0297 04       		.byte	0x4
 391 0298 A803     		.2byte	0x3a8
 392 029a 72000000 		.4byte	0x72
 393 029e 00       		.byte	0
 394 029f 0E       		.uleb128 0xe
 395 02a0 F5040000 		.4byte	.LASF48
 396 02a4 05       		.byte	0x5
 397 02a5 B7       		.byte	0xb7
 398 02a6 03       		.byte	0x3
 399 02a7 B7020000 		.4byte	0x2b7
 400 02ab 0F       		.uleb128 0xf
 401 02ac 88040000 		.4byte	.LASF49
 402 02b0 05       		.byte	0x5
 403 02b1 B8       		.byte	0xb8
 404 02b2 47020000 		.4byte	0x247
ARM GAS  C:\Users\Reza\AppData\Local\Temp\ccrsn7Yp.s 			page 11


 405 02b6 00       		.byte	0
 406 02b7 10       		.uleb128 0x10
 407 02b8 98000000 		.4byte	.LASF76
 408 02bc 01       		.byte	0x1
 409 02bd 3D       		.byte	0x3d
 410 02be 47020000 		.4byte	0x247
 411 02c2 00000000 		.4byte	.LFB70
 412 02c6 20000000 		.4byte	.LFE70-.LFB70
 413 02ca 01       		.uleb128 0x1
 414 02cb 9C       		.byte	0x9c
 415 02cc FB020000 		.4byte	0x2fb
 416 02d0 11       		.uleb128 0x11
 417 02d1 B8030000 		.4byte	.LASF50
 418 02d5 01       		.byte	0x1
 419 02d6 3D       		.byte	0x3d
 420 02d7 E1000000 		.4byte	0xe1
 421 02db 00000000 		.4byte	.LLST0
 422 02df 12       		.uleb128 0x12
 423 02e0 3D000000 		.4byte	.LASF51
 424 02e4 01       		.byte	0x1
 425 02e5 3D       		.byte	0x3d
 426 02e6 ED000000 		.4byte	0xed
 427 02ea 01       		.uleb128 0x1
 428 02eb 51       		.byte	0x51
 429 02ec 13       		.uleb128 0x13
 430 02ed 657600   		.ascii	"ev\000"
 431 02f0 01       		.byte	0x1
 432 02f1 3F       		.byte	0x3f
 433 02f2 47020000 		.4byte	0x247
 434 02f6 53000000 		.4byte	.LLST1
 435 02fa 00       		.byte	0
 436 02fb 14       		.uleb128 0x14
 437 02fc F9010000 		.4byte	.LASF52
 438 0300 06       		.byte	0x6
 439 0301 44       		.byte	0x44
 440 0302 A9000000 		.4byte	0xa9
 441 0306 14       		.uleb128 0x14
 442 0307 00000000 		.4byte	.LASF53
 443 030b 07       		.byte	0x7
 444 030c 48       		.byte	0x48
 445 030d CA000000 		.4byte	0xca
 446 0311 15       		.uleb128 0x15
 447 0312 28030000 		.4byte	0x328
 448 0316 21030000 		.4byte	0x321
 449 031a 16       		.uleb128 0x16
 450 031b 21030000 		.4byte	0x321
 451 031f 03       		.byte	0x3
 452 0320 00       		.byte	0
 453 0321 02       		.uleb128 0x2
 454 0322 04       		.byte	0x4
 455 0323 07       		.byte	0x7
 456 0324 34050000 		.4byte	.LASF54
 457 0328 17       		.uleb128 0x17
 458 0329 A9000000 		.4byte	0xa9
 459 032d 14       		.uleb128 0x14
 460 032e E1000000 		.4byte	.LASF55
 461 0332 04       		.byte	0x4
ARM GAS  C:\Users\Reza\AppData\Local\Temp\ccrsn7Yp.s 			page 12


 462 0333 B2       		.byte	0xb2
 463 0334 38030000 		.4byte	0x338
 464 0338 17       		.uleb128 0x17
 465 0339 11030000 		.4byte	0x311
 466 033d 14       		.uleb128 0x14
 467 033e 56050000 		.4byte	.LASF56
 468 0342 04       		.byte	0x4
 469 0343 B3       		.byte	0xb3
 470 0344 48030000 		.4byte	0x348
 471 0348 17       		.uleb128 0x17
 472 0349 11030000 		.4byte	0x311
 473 034d 15       		.uleb128 0x15
 474 034e A9000000 		.4byte	0xa9
 475 0352 5D030000 		.4byte	0x35d
 476 0356 16       		.uleb128 0x16
 477 0357 21030000 		.4byte	0x321
 478 035b 03       		.byte	0x3
 479 035c 00       		.byte	0
 480 035d 14       		.uleb128 0x14
 481 035e 49050000 		.4byte	.LASF57
 482 0362 04       		.byte	0x4
 483 0363 CA       		.byte	0xca
 484 0364 4D030000 		.4byte	0x34d
 485 0368 15       		.uleb128 0x15
 486 0369 CA000000 		.4byte	0xca
 487 036d 78030000 		.4byte	0x378
 488 0371 16       		.uleb128 0x16
 489 0372 21030000 		.4byte	0x321
 490 0376 03       		.byte	0x3
 491 0377 00       		.byte	0
 492 0378 14       		.uleb128 0x14
 493 0379 6A050000 		.4byte	.LASF58
 494 037d 04       		.byte	0x4
 495 037e D2       		.byte	0xd2
 496 037f 68030000 		.4byte	0x368
 497 0383 14       		.uleb128 0x14
 498 0384 AC030000 		.4byte	.LASF59
 499 0388 04       		.byte	0x4
 500 0389 DA       		.byte	0xda
 501 038a 4D030000 		.4byte	0x34d
 502 038e 14       		.uleb128 0x14
 503 038f 77000000 		.4byte	.LASF60
 504 0393 04       		.byte	0x4
 505 0394 E2       		.byte	0xe2
 506 0395 CA000000 		.4byte	0xca
 507 0399 14       		.uleb128 0x14
 508 039a F8020000 		.4byte	.LASF61
 509 039e 04       		.byte	0x4
 510 039f F7       		.byte	0xf7
 511 03a0 A9000000 		.4byte	0xa9
 512 03a4 18       		.uleb128 0x18
 513 03a5 27000000 		.4byte	.LASF62
 514 03a9 04       		.byte	0x4
 515 03aa 3F01     		.2byte	0x13f
 516 03ac D5000000 		.4byte	0xd5
 517 03b0 18       		.uleb128 0x18
 518 03b1 50000000 		.4byte	.LASF63
ARM GAS  C:\Users\Reza\AppData\Local\Temp\ccrsn7Yp.s 			page 13


 519 03b5 04       		.byte	0x4
 520 03b6 5C01     		.2byte	0x15c
 521 03b8 4D030000 		.4byte	0x34d
 522 03bc 15       		.uleb128 0x15
 523 03bd BF000000 		.4byte	0xbf
 524 03c1 CC030000 		.4byte	0x3cc
 525 03c5 16       		.uleb128 0x16
 526 03c6 21030000 		.4byte	0x321
 527 03ca 03       		.byte	0x3
 528 03cb 00       		.byte	0
 529 03cc 18       		.uleb128 0x18
 530 03cd 08010000 		.4byte	.LASF64
 531 03d1 04       		.byte	0x4
 532 03d2 6701     		.2byte	0x167
 533 03d4 BC030000 		.4byte	0x3bc
 534 03d8 15       		.uleb128 0x15
 535 03d9 E8030000 		.4byte	0x3e8
 536 03dd E8030000 		.4byte	0x3e8
 537 03e1 16       		.uleb128 0x16
 538 03e2 21030000 		.4byte	0x321
 539 03e6 00       		.byte	0
 540 03e7 00       		.byte	0
 541 03e8 17       		.uleb128 0x17
 542 03e9 54010000 		.4byte	0x154
 543 03ed 18       		.uleb128 0x18
 544 03ee 25030000 		.4byte	.LASF65
 545 03f2 04       		.byte	0x4
 546 03f3 CA02     		.2byte	0x2ca
 547 03f5 F9030000 		.4byte	0x3f9
 548 03f9 17       		.uleb128 0x17
 549 03fa D8030000 		.4byte	0x3d8
 550 03fe 15       		.uleb128 0x15
 551 03ff 0E040000 		.4byte	0x40e
 552 0403 0E040000 		.4byte	0x40e
 553 0407 16       		.uleb128 0x16
 554 0408 21030000 		.4byte	0x321
 555 040c 01       		.byte	0x1
 556 040d 00       		.byte	0
 557 040e 17       		.uleb128 0x17
 558 040f F1010000 		.4byte	0x1f1
 559 0413 18       		.uleb128 0x18
 560 0414 C1010000 		.4byte	.LASF66
 561 0418 04       		.byte	0x4
 562 0419 DD02     		.2byte	0x2dd
 563 041b 1F040000 		.4byte	0x41f
 564 041f 17       		.uleb128 0x17
 565 0420 FE030000 		.4byte	0x3fe
 566 0424 15       		.uleb128 0x15
 567 0425 84010000 		.4byte	0x184
 568 0429 34040000 		.4byte	0x434
 569 042d 16       		.uleb128 0x16
 570 042e 21030000 		.4byte	0x321
 571 0432 00       		.byte	0
 572 0433 00       		.byte	0
 573 0434 18       		.uleb128 0x18
 574 0435 8E040000 		.4byte	.LASF67
 575 0439 04       		.byte	0x4
ARM GAS  C:\Users\Reza\AppData\Local\Temp\ccrsn7Yp.s 			page 14


 576 043a FB02     		.2byte	0x2fb
 577 043c 24040000 		.4byte	0x424
 578 0440 15       		.uleb128 0x15
 579 0441 3B020000 		.4byte	0x23b
 580 0445 50040000 		.4byte	0x450
 581 0449 16       		.uleb128 0x16
 582 044a 21030000 		.4byte	0x321
 583 044e 01       		.byte	0x1
 584 044f 00       		.byte	0
 585 0450 18       		.uleb128 0x18
 586 0451 63030000 		.4byte	.LASF68
 587 0455 04       		.byte	0x4
 588 0456 0403     		.2byte	0x304
 589 0458 40040000 		.4byte	0x440
 590 045c 14       		.uleb128 0x14
 591 045d 7E050000 		.4byte	.LASF69
 592 0461 08       		.byte	0x8
 593 0462 40       		.byte	0x40
 594 0463 A9000000 		.4byte	0xa9
 595 0467 14       		.uleb128 0x14
 596 0468 67020000 		.4byte	.LASF70
 597 046c 08       		.byte	0x8
 598 046d 47       		.byte	0x47
 599 046e B4000000 		.4byte	0xb4
 600 0472 14       		.uleb128 0x14
 601 0473 9D040000 		.4byte	.LASF71
 602 0477 08       		.byte	0x8
 603 0478 4A       		.byte	0x4a
 604 0479 A9000000 		.4byte	0xa9
 605 047d 15       		.uleb128 0x15
 606 047e 8D040000 		.4byte	0x48d
 607 0482 8D040000 		.4byte	0x48d
 608 0486 16       		.uleb128 0x16
 609 0487 21030000 		.4byte	0x321
 610 048b FF       		.byte	0xff
 611 048c 00       		.byte	0
 612 048d 17       		.uleb128 0x17
 613 048e 7D000000 		.4byte	0x7d
 614 0492 18       		.uleb128 0x18
 615 0493 9B050000 		.4byte	.LASF72
 616 0497 05       		.byte	0x5
 617 0498 AB01     		.2byte	0x1ab
 618 049a 9E040000 		.4byte	0x49e
 619 049e 17       		.uleb128 0x17
 620 049f 7D040000 		.4byte	0x47d
 621 04a3 00       		.byte	0
 622              		.section	.debug_abbrev,"",%progbits
 623              	.Ldebug_abbrev0:
 624 0000 01       		.uleb128 0x1
 625 0001 11       		.uleb128 0x11
 626 0002 01       		.byte	0x1
 627 0003 25       		.uleb128 0x25
 628 0004 0E       		.uleb128 0xe
 629 0005 13       		.uleb128 0x13
 630 0006 0B       		.uleb128 0xb
 631 0007 03       		.uleb128 0x3
 632 0008 0E       		.uleb128 0xe
ARM GAS  C:\Users\Reza\AppData\Local\Temp\ccrsn7Yp.s 			page 15


 633 0009 1B       		.uleb128 0x1b
 634 000a 0E       		.uleb128 0xe
 635 000b 55       		.uleb128 0x55
 636 000c 17       		.uleb128 0x17
 637 000d 11       		.uleb128 0x11
 638 000e 01       		.uleb128 0x1
 639 000f 10       		.uleb128 0x10
 640 0010 17       		.uleb128 0x17
 641 0011 00       		.byte	0
 642 0012 00       		.byte	0
 643 0013 02       		.uleb128 0x2
 644 0014 24       		.uleb128 0x24
 645 0015 00       		.byte	0
 646 0016 0B       		.uleb128 0xb
 647 0017 0B       		.uleb128 0xb
 648 0018 3E       		.uleb128 0x3e
 649 0019 0B       		.uleb128 0xb
 650 001a 03       		.uleb128 0x3
 651 001b 0E       		.uleb128 0xe
 652 001c 00       		.byte	0
 653 001d 00       		.byte	0
 654 001e 03       		.uleb128 0x3
 655 001f 24       		.uleb128 0x24
 656 0020 00       		.byte	0
 657 0021 0B       		.uleb128 0xb
 658 0022 0B       		.uleb128 0xb
 659 0023 3E       		.uleb128 0x3e
 660 0024 0B       		.uleb128 0xb
 661 0025 03       		.uleb128 0x3
 662 0026 08       		.uleb128 0x8
 663 0027 00       		.byte	0
 664 0028 00       		.byte	0
 665 0029 04       		.uleb128 0x4
 666 002a 16       		.uleb128 0x16
 667 002b 00       		.byte	0
 668 002c 03       		.uleb128 0x3
 669 002d 0E       		.uleb128 0xe
 670 002e 3A       		.uleb128 0x3a
 671 002f 0B       		.uleb128 0xb
 672 0030 3B       		.uleb128 0x3b
 673 0031 0B       		.uleb128 0xb
 674 0032 49       		.uleb128 0x49
 675 0033 13       		.uleb128 0x13
 676 0034 00       		.byte	0
 677 0035 00       		.byte	0
 678 0036 05       		.uleb128 0x5
 679 0037 16       		.uleb128 0x16
 680 0038 00       		.byte	0
 681 0039 03       		.uleb128 0x3
 682 003a 0E       		.uleb128 0xe
 683 003b 3A       		.uleb128 0x3a
 684 003c 0B       		.uleb128 0xb
 685 003d 3B       		.uleb128 0x3b
 686 003e 05       		.uleb128 0x5
 687 003f 49       		.uleb128 0x49
 688 0040 13       		.uleb128 0x13
 689 0041 00       		.byte	0
ARM GAS  C:\Users\Reza\AppData\Local\Temp\ccrsn7Yp.s 			page 16


 690 0042 00       		.byte	0
 691 0043 06       		.uleb128 0x6
 692 0044 0F       		.uleb128 0xf
 693 0045 00       		.byte	0
 694 0046 0B       		.uleb128 0xb
 695 0047 0B       		.uleb128 0xb
 696 0048 49       		.uleb128 0x49
 697 0049 13       		.uleb128 0x13
 698 004a 00       		.byte	0
 699 004b 00       		.byte	0
 700 004c 07       		.uleb128 0x7
 701 004d 13       		.uleb128 0x13
 702 004e 01       		.byte	0x1
 703 004f 0B       		.uleb128 0xb
 704 0050 0B       		.uleb128 0xb
 705 0051 3A       		.uleb128 0x3a
 706 0052 0B       		.uleb128 0xb
 707 0053 3B       		.uleb128 0x3b
 708 0054 05       		.uleb128 0x5
 709 0055 01       		.uleb128 0x1
 710 0056 13       		.uleb128 0x13
 711 0057 00       		.byte	0
 712 0058 00       		.byte	0
 713 0059 08       		.uleb128 0x8
 714 005a 0D       		.uleb128 0xd
 715 005b 00       		.byte	0
 716 005c 03       		.uleb128 0x3
 717 005d 0E       		.uleb128 0xe
 718 005e 3A       		.uleb128 0x3a
 719 005f 0B       		.uleb128 0xb
 720 0060 3B       		.uleb128 0x3b
 721 0061 05       		.uleb128 0x5
 722 0062 49       		.uleb128 0x49
 723 0063 13       		.uleb128 0x13
 724 0064 38       		.uleb128 0x38
 725 0065 0B       		.uleb128 0xb
 726 0066 00       		.byte	0
 727 0067 00       		.byte	0
 728 0068 09       		.uleb128 0x9
 729 0069 04       		.uleb128 0x4
 730 006a 01       		.byte	0x1
 731 006b 0B       		.uleb128 0xb
 732 006c 0B       		.uleb128 0xb
 733 006d 49       		.uleb128 0x49
 734 006e 13       		.uleb128 0x13
 735 006f 3A       		.uleb128 0x3a
 736 0070 0B       		.uleb128 0xb
 737 0071 3B       		.uleb128 0x3b
 738 0072 05       		.uleb128 0x5
 739 0073 01       		.uleb128 0x1
 740 0074 13       		.uleb128 0x13
 741 0075 00       		.byte	0
 742 0076 00       		.byte	0
 743 0077 0A       		.uleb128 0xa
 744 0078 28       		.uleb128 0x28
 745 0079 00       		.byte	0
 746 007a 03       		.uleb128 0x3
ARM GAS  C:\Users\Reza\AppData\Local\Temp\ccrsn7Yp.s 			page 17


 747 007b 0E       		.uleb128 0xe
 748 007c 1C       		.uleb128 0x1c
 749 007d 0B       		.uleb128 0xb
 750 007e 00       		.byte	0
 751 007f 00       		.byte	0
 752 0080 0B       		.uleb128 0xb
 753 0081 0D       		.uleb128 0xd
 754 0082 00       		.byte	0
 755 0083 03       		.uleb128 0x3
 756 0084 08       		.uleb128 0x8
 757 0085 3A       		.uleb128 0x3a
 758 0086 0B       		.uleb128 0xb
 759 0087 3B       		.uleb128 0x3b
 760 0088 05       		.uleb128 0x5
 761 0089 49       		.uleb128 0x49
 762 008a 13       		.uleb128 0x13
 763 008b 38       		.uleb128 0x38
 764 008c 0B       		.uleb128 0xb
 765 008d 00       		.byte	0
 766 008e 00       		.byte	0
 767 008f 0C       		.uleb128 0xc
 768 0090 2E       		.uleb128 0x2e
 769 0091 01       		.byte	0x1
 770 0092 03       		.uleb128 0x3
 771 0093 0E       		.uleb128 0xe
 772 0094 3A       		.uleb128 0x3a
 773 0095 0B       		.uleb128 0xb
 774 0096 3B       		.uleb128 0x3b
 775 0097 05       		.uleb128 0x5
 776 0098 27       		.uleb128 0x27
 777 0099 19       		.uleb128 0x19
 778 009a 20       		.uleb128 0x20
 779 009b 0B       		.uleb128 0xb
 780 009c 01       		.uleb128 0x1
 781 009d 13       		.uleb128 0x13
 782 009e 00       		.byte	0
 783 009f 00       		.byte	0
 784 00a0 0D       		.uleb128 0xd
 785 00a1 05       		.uleb128 0x5
 786 00a2 00       		.byte	0
 787 00a3 03       		.uleb128 0x3
 788 00a4 08       		.uleb128 0x8
 789 00a5 3A       		.uleb128 0x3a
 790 00a6 0B       		.uleb128 0xb
 791 00a7 3B       		.uleb128 0x3b
 792 00a8 05       		.uleb128 0x5
 793 00a9 49       		.uleb128 0x49
 794 00aa 13       		.uleb128 0x13
 795 00ab 00       		.byte	0
 796 00ac 00       		.byte	0
 797 00ad 0E       		.uleb128 0xe
 798 00ae 2E       		.uleb128 0x2e
 799 00af 01       		.byte	0x1
 800 00b0 03       		.uleb128 0x3
 801 00b1 0E       		.uleb128 0xe
 802 00b2 3A       		.uleb128 0x3a
 803 00b3 0B       		.uleb128 0xb
ARM GAS  C:\Users\Reza\AppData\Local\Temp\ccrsn7Yp.s 			page 18


 804 00b4 3B       		.uleb128 0x3b
 805 00b5 0B       		.uleb128 0xb
 806 00b6 27       		.uleb128 0x27
 807 00b7 19       		.uleb128 0x19
 808 00b8 20       		.uleb128 0x20
 809 00b9 0B       		.uleb128 0xb
 810 00ba 01       		.uleb128 0x1
 811 00bb 13       		.uleb128 0x13
 812 00bc 00       		.byte	0
 813 00bd 00       		.byte	0
 814 00be 0F       		.uleb128 0xf
 815 00bf 05       		.uleb128 0x5
 816 00c0 00       		.byte	0
 817 00c1 03       		.uleb128 0x3
 818 00c2 0E       		.uleb128 0xe
 819 00c3 3A       		.uleb128 0x3a
 820 00c4 0B       		.uleb128 0xb
 821 00c5 3B       		.uleb128 0x3b
 822 00c6 0B       		.uleb128 0xb
 823 00c7 49       		.uleb128 0x49
 824 00c8 13       		.uleb128 0x13
 825 00c9 00       		.byte	0
 826 00ca 00       		.byte	0
 827 00cb 10       		.uleb128 0x10
 828 00cc 2E       		.uleb128 0x2e
 829 00cd 01       		.byte	0x1
 830 00ce 3F       		.uleb128 0x3f
 831 00cf 19       		.uleb128 0x19
 832 00d0 03       		.uleb128 0x3
 833 00d1 0E       		.uleb128 0xe
 834 00d2 3A       		.uleb128 0x3a
 835 00d3 0B       		.uleb128 0xb
 836 00d4 3B       		.uleb128 0x3b
 837 00d5 0B       		.uleb128 0xb
 838 00d6 27       		.uleb128 0x27
 839 00d7 19       		.uleb128 0x19
 840 00d8 49       		.uleb128 0x49
 841 00d9 13       		.uleb128 0x13
 842 00da 11       		.uleb128 0x11
 843 00db 01       		.uleb128 0x1
 844 00dc 12       		.uleb128 0x12
 845 00dd 06       		.uleb128 0x6
 846 00de 40       		.uleb128 0x40
 847 00df 18       		.uleb128 0x18
 848 00e0 9742     		.uleb128 0x2117
 849 00e2 19       		.uleb128 0x19
 850 00e3 01       		.uleb128 0x1
 851 00e4 13       		.uleb128 0x13
 852 00e5 00       		.byte	0
 853 00e6 00       		.byte	0
 854 00e7 11       		.uleb128 0x11
 855 00e8 05       		.uleb128 0x5
 856 00e9 00       		.byte	0
 857 00ea 03       		.uleb128 0x3
 858 00eb 0E       		.uleb128 0xe
 859 00ec 3A       		.uleb128 0x3a
 860 00ed 0B       		.uleb128 0xb
ARM GAS  C:\Users\Reza\AppData\Local\Temp\ccrsn7Yp.s 			page 19


 861 00ee 3B       		.uleb128 0x3b
 862 00ef 0B       		.uleb128 0xb
 863 00f0 49       		.uleb128 0x49
 864 00f1 13       		.uleb128 0x13
 865 00f2 02       		.uleb128 0x2
 866 00f3 17       		.uleb128 0x17
 867 00f4 00       		.byte	0
 868 00f5 00       		.byte	0
 869 00f6 12       		.uleb128 0x12
 870 00f7 05       		.uleb128 0x5
 871 00f8 00       		.byte	0
 872 00f9 03       		.uleb128 0x3
 873 00fa 0E       		.uleb128 0xe
 874 00fb 3A       		.uleb128 0x3a
 875 00fc 0B       		.uleb128 0xb
 876 00fd 3B       		.uleb128 0x3b
 877 00fe 0B       		.uleb128 0xb
 878 00ff 49       		.uleb128 0x49
 879 0100 13       		.uleb128 0x13
 880 0101 02       		.uleb128 0x2
 881 0102 18       		.uleb128 0x18
 882 0103 00       		.byte	0
 883 0104 00       		.byte	0
 884 0105 13       		.uleb128 0x13
 885 0106 34       		.uleb128 0x34
 886 0107 00       		.byte	0
 887 0108 03       		.uleb128 0x3
 888 0109 08       		.uleb128 0x8
 889 010a 3A       		.uleb128 0x3a
 890 010b 0B       		.uleb128 0xb
 891 010c 3B       		.uleb128 0x3b
 892 010d 0B       		.uleb128 0xb
 893 010e 49       		.uleb128 0x49
 894 010f 13       		.uleb128 0x13
 895 0110 02       		.uleb128 0x2
 896 0111 17       		.uleb128 0x17
 897 0112 00       		.byte	0
 898 0113 00       		.byte	0
 899 0114 14       		.uleb128 0x14
 900 0115 34       		.uleb128 0x34
 901 0116 00       		.byte	0
 902 0117 03       		.uleb128 0x3
 903 0118 0E       		.uleb128 0xe
 904 0119 3A       		.uleb128 0x3a
 905 011a 0B       		.uleb128 0xb
 906 011b 3B       		.uleb128 0x3b
 907 011c 0B       		.uleb128 0xb
 908 011d 49       		.uleb128 0x49
 909 011e 13       		.uleb128 0x13
 910 011f 3F       		.uleb128 0x3f
 911 0120 19       		.uleb128 0x19
 912 0121 3C       		.uleb128 0x3c
 913 0122 19       		.uleb128 0x19
 914 0123 00       		.byte	0
 915 0124 00       		.byte	0
 916 0125 15       		.uleb128 0x15
 917 0126 01       		.uleb128 0x1
ARM GAS  C:\Users\Reza\AppData\Local\Temp\ccrsn7Yp.s 			page 20


 918 0127 01       		.byte	0x1
 919 0128 49       		.uleb128 0x49
 920 0129 13       		.uleb128 0x13
 921 012a 01       		.uleb128 0x1
 922 012b 13       		.uleb128 0x13
 923 012c 00       		.byte	0
 924 012d 00       		.byte	0
 925 012e 16       		.uleb128 0x16
 926 012f 21       		.uleb128 0x21
 927 0130 00       		.byte	0
 928 0131 49       		.uleb128 0x49
 929 0132 13       		.uleb128 0x13
 930 0133 2F       		.uleb128 0x2f
 931 0134 0B       		.uleb128 0xb
 932 0135 00       		.byte	0
 933 0136 00       		.byte	0
 934 0137 17       		.uleb128 0x17
 935 0138 26       		.uleb128 0x26
 936 0139 00       		.byte	0
 937 013a 49       		.uleb128 0x49
 938 013b 13       		.uleb128 0x13
 939 013c 00       		.byte	0
 940 013d 00       		.byte	0
 941 013e 18       		.uleb128 0x18
 942 013f 34       		.uleb128 0x34
 943 0140 00       		.byte	0
 944 0141 03       		.uleb128 0x3
 945 0142 0E       		.uleb128 0xe
 946 0143 3A       		.uleb128 0x3a
 947 0144 0B       		.uleb128 0xb
 948 0145 3B       		.uleb128 0x3b
 949 0146 05       		.uleb128 0x5
 950 0147 49       		.uleb128 0x49
 951 0148 13       		.uleb128 0x13
 952 0149 3F       		.uleb128 0x3f
 953 014a 19       		.uleb128 0x19
 954 014b 3C       		.uleb128 0x3c
 955 014c 19       		.uleb128 0x19
 956 014d 00       		.byte	0
 957 014e 00       		.byte	0
 958 014f 00       		.byte	0
 959              		.section	.debug_loc,"",%progbits
 960              	.Ldebug_loc0:
 961              	.LLST0:
 962 0000 00000000 		.4byte	.LVL0
 963 0004 0E000000 		.4byte	.LVL1
 964 0008 0100     		.2byte	0x1
 965 000a 50       		.byte	0x50
 966 000b 0E000000 		.4byte	.LVL1
 967 000f 12000000 		.4byte	.LVL3
 968 0013 0400     		.2byte	0x4
 969 0015 F3       		.byte	0xf3
 970 0016 01       		.uleb128 0x1
 971 0017 50       		.byte	0x50
 972 0018 9F       		.byte	0x9f
 973 0019 12000000 		.4byte	.LVL3
 974 001d 14000000 		.4byte	.LVL4
ARM GAS  C:\Users\Reza\AppData\Local\Temp\ccrsn7Yp.s 			page 21


 975 0021 0100     		.2byte	0x1
 976 0023 50       		.byte	0x50
 977 0024 14000000 		.4byte	.LVL4
 978 0028 16000000 		.4byte	.LVL5
 979 002c 0400     		.2byte	0x4
 980 002e F3       		.byte	0xf3
 981 002f 01       		.uleb128 0x1
 982 0030 50       		.byte	0x50
 983 0031 9F       		.byte	0x9f
 984 0032 16000000 		.4byte	.LVL5
 985 0036 18000000 		.4byte	.LVL6
 986 003a 0100     		.2byte	0x1
 987 003c 50       		.byte	0x50
 988 003d 18000000 		.4byte	.LVL6
 989 0041 20000000 		.4byte	.LFE70
 990 0045 0400     		.2byte	0x4
 991 0047 F3       		.byte	0xf3
 992 0048 01       		.uleb128 0x1
 993 0049 50       		.byte	0x50
 994 004a 9F       		.byte	0x9f
 995 004b 00000000 		.4byte	0
 996 004f 00000000 		.4byte	0
 997              	.LLST1:
 998 0053 10000000 		.4byte	.LVL2
 999 0057 12000000 		.4byte	.LVL3
 1000 005b 0200     		.2byte	0x2
 1001 005d 30       		.byte	0x30
 1002 005e 9F       		.byte	0x9f
 1003 005f 18000000 		.4byte	.LVL6
 1004 0063 20000000 		.4byte	.LFE70
 1005 0067 0100     		.2byte	0x1
 1006 0069 50       		.byte	0x50
 1007 006a 00000000 		.4byte	0
 1008 006e 00000000 		.4byte	0
 1009              		.section	.debug_aranges,"",%progbits
 1010 0000 1C000000 		.4byte	0x1c
 1011 0004 0200     		.2byte	0x2
 1012 0006 00000000 		.4byte	.Ldebug_info0
 1013 000a 04       		.byte	0x4
 1014 000b 00       		.byte	0
 1015 000c 0000     		.2byte	0
 1016 000e 0000     		.2byte	0
 1017 0010 00000000 		.4byte	.LFB70
 1018 0014 20000000 		.4byte	.LFE70-.LFB70
 1019 0018 00000000 		.4byte	0
 1020 001c 00000000 		.4byte	0
 1021              		.section	.debug_ranges,"",%progbits
 1022              	.Ldebug_ranges0:
 1023 0000 00000000 		.4byte	.LFB70
 1024 0004 20000000 		.4byte	.LFE70
 1025 0008 00000000 		.4byte	0
 1026 000c 00000000 		.4byte	0
 1027              		.section	.debug_line,"",%progbits
 1028              	.Ldebug_line0:
 1029 0000 5C010000 		.section	.debug_str,"MS",%progbits,1
 1029      02003501 
 1029      00000201 
ARM GAS  C:\Users\Reza\AppData\Local\Temp\ccrsn7Yp.s 			page 22


 1029      FB0E0D00 
 1029      01010101 
 1030              	.LASF53:
 1031 0000 45455F73 		.ascii	"EE_std_endcycle_next_tid\000"
 1031      74645F65 
 1031      6E646379 
 1031      636C655F 
 1031      6E657874 
 1032              	.LASF37:
 1033 0019 6B696E64 		.ascii	"kind\000"
 1033      00
 1034              	.LASF10:
 1035 001e 45455F55 		.ascii	"EE_UINT8\000"
 1035      494E5438 
 1035      00
 1036              	.LASF62:
 1037 0027 45455F72 		.ascii	"EE_rq_bitmask\000"
 1037      715F6269 
 1037      746D6173 
 1037      6B00
 1038              	.LASF15:
 1039 0035 45455F55 		.ascii	"EE_UREG\000"
 1039      52454700 
 1040              	.LASF51:
 1041 003d 53746174 		.ascii	"State\000"
 1041      6500
 1042              	.LASF26:
 1043 0043 7469636B 		.ascii	"ticksperbase\000"
 1043      73706572 
 1043      62617365 
 1043      00
 1044              	.LASF63:
 1045 0050 45455F74 		.ascii	"EE_th_event_active\000"
 1045      685F6576 
 1045      656E745F 
 1045      61637469 
 1045      766500
 1046              	.LASF45:
 1047 0063 45455F4F 		.ascii	"EE_ORTI_set_service\000"
 1047      5254495F 
 1047      7365745F 
 1047      73657276 
 1047      69636500 
 1048              	.LASF60:
 1049 0077 45455F73 		.ascii	"EE_stkfirst\000"
 1049      746B6669 
 1049      72737400 
 1050              	.LASF2:
 1051 0083 73686F72 		.ascii	"short int\000"
 1051      7420696E 
 1051      7400
 1052              	.LASF44:
 1053 008d 53746174 		.ascii	"StatusType\000"
 1053      75735479 
 1053      706500
 1054              	.LASF76:
 1055 0098 45455F6F 		.ascii	"EE_oo_GetTaskState\000"
ARM GAS  C:\Users\Reza\AppData\Local\Temp\ccrsn7Yp.s 			page 23


 1055      6F5F4765 
 1055      74546173 
 1055      6B537461 
 1055      746500
 1056              	.LASF41:
 1057 00ab 64656C74 		.ascii	"delta\000"
 1057      6100
 1058              	.LASF36:
 1059 00b1 73706563 		.ascii	"spec_id\000"
 1059      5F696400 
 1060              	.LASF16:
 1061 00b9 45455F46 		.ascii	"EE_FREG\000"
 1061      52454700 
 1062              	.LASF35:
 1063 00c1 436F756E 		.ascii	"CounterObjectKindType\000"
 1063      7465724F 
 1063      626A6563 
 1063      744B696E 
 1063      64547970 
 1064              	.LASF14:
 1065 00d7 45455F55 		.ascii	"EE_UINT32\000"
 1065      494E5433 
 1065      3200
 1066              	.LASF55:
 1067 00e1 45455F74 		.ascii	"EE_th_ready_prio\000"
 1067      685F7265 
 1067      6164795F 
 1067      7072696F 
 1067      00
 1068              	.LASF18:
 1069 00f2 45455F54 		.ascii	"EE_TID\000"
 1069      494400
 1070              	.LASF27:
 1071 00f9 6D696E63 		.ascii	"mincycle\000"
 1071      79636C65 
 1071      00
 1072              	.LASF29:
 1073 0102 76616C75 		.ascii	"value\000"
 1073      6500
 1074              	.LASF64:
 1075 0108 45455F74 		.ascii	"EE_th_waswaiting\000"
 1075      685F7761 
 1075      73776169 
 1075      74696E67 
 1075      00
 1076              	.LASF75:
 1077 0119 443A5C48 		.ascii	"D:\\H_da\\Winter Semester\\MM03 Advanced Microcontr"
 1077      5F64615C 
 1077      57696E74 
 1077      65722053 
 1077      656D6573 
 1078 0149 6F6C6C65 		.ascii	"oller Systems and Embedded Operating Systems\\Lectu"
 1078      72205379 
 1078      7374656D 
 1078      7320616E 
 1078      6420456D 
 1079 017b 72652050 		.ascii	"re Prof. Fromm\\workspace\\workspace_psoc\\Reaction"
ARM GAS  C:\Users\Reza\AppData\Local\Temp\ccrsn7Yp.s 			page 24


 1079      726F662E 
 1079      2046726F 
 1079      6D6D5C77 
 1079      6F726B73 
 1080 01ab 47616D65 		.ascii	"Game_with erika.cydsn\000"
 1080      5F776974 
 1080      68206572 
 1080      696B612E 
 1080      63796473 
 1081              	.LASF66:
 1082 01c1 45455F6F 		.ascii	"EE_oo_counter_object_ROM\000"
 1082      6F5F636F 
 1082      756E7465 
 1082      725F6F62 
 1082      6A656374 
 1083              	.LASF34:
 1084 01da 45455F6F 		.ascii	"EE_oo_counter_object_kind_type\000"
 1084      6F5F636F 
 1084      756E7465 
 1084      725F6F62 
 1084      6A656374 
 1085              	.LASF52:
 1086 01f9 45455F49 		.ascii	"EE_IRQ_nesting_level\000"
 1086      52515F6E 
 1086      65737469 
 1086      6E675F6C 
 1086      6576656C 
 1087              	.LASF13:
 1088 020e 45455F49 		.ascii	"EE_INT32\000"
 1088      4E543332 
 1088      00
 1089              	.LASF17:
 1090 0217 45455F54 		.ascii	"EE_TYPEBOOL\000"
 1090      59504542 
 1090      4F4F4C00 
 1091              	.LASF46:
 1092 0223 45455F4F 		.ascii	"EE_ORTI_set_service_in\000"
 1092      5254495F 
 1092      7365745F 
 1092      73657276 
 1092      6963655F 
 1093              	.LASF31:
 1094 023a 45455F6F 		.ascii	"EE_oo_counter_RAM_type\000"
 1094      6F5F636F 
 1094      756E7465 
 1094      725F5241 
 1094      4D5F7479 
 1095              	.LASF6:
 1096 0251 6C6F6E67 		.ascii	"long long int\000"
 1096      206C6F6E 
 1096      6720696E 
 1096      7400
 1097              	.LASF11:
 1098 025f 45455F49 		.ascii	"EE_INT8\000"
 1098      4E543800 
 1099              	.LASF70:
 1100 0267 45455F6F 		.ascii	"EE_oo_IRQ_suspend_status\000"
ARM GAS  C:\Users\Reza\AppData\Local\Temp\ccrsn7Yp.s 			page 25


 1100      6F5F4952 
 1100      515F7375 
 1100      7370656E 
 1100      645F7374 
 1101              	.LASF19:
 1102 0280 45455F54 		.ascii	"EE_TYPE_RQ_MASK\000"
 1102      5950455F 
 1102      52515F4D 
 1102      41534B00 
 1103              	.LASF33:
 1104 0290 45455F53 		.ascii	"EE_SCHEDULETABLE\000"
 1104      43484544 
 1104      554C4554 
 1104      41424C45 
 1104      00
 1105              	.LASF4:
 1106 02a1 6C6F6E67 		.ascii	"long int\000"
 1106      20696E74 
 1106      00
 1107              	.LASF25:
 1108 02aa 6D617861 		.ascii	"maxallowedvalue\000"
 1108      6C6C6F77 
 1108      65647661 
 1108      6C756500 
 1109              	.LASF43:
 1110 02ba 45455F6F 		.ascii	"EE_oo_counter_object_RAM_type\000"
 1110      6F5F636F 
 1110      756E7465 
 1110      725F6F62 
 1110      6A656374 
 1111              	.LASF28:
 1112 02d8 45455F6F 		.ascii	"EE_oo_counter_ROM_type\000"
 1112      6F5F636F 
 1112      756E7465 
 1112      725F524F 
 1112      4D5F7479 
 1113              	.LASF22:
 1114 02ef 5469636B 		.ascii	"TickType\000"
 1114      54797065 
 1114      00
 1115              	.LASF61:
 1116 02f8 45455F73 		.ascii	"EE_sys_ceiling\000"
 1116      79735F63 
 1116      65696C69 
 1116      6E6700
 1117              	.LASF23:
 1118 0307 436F756E 		.ascii	"CounterObjectType\000"
 1118      7465724F 
 1118      626A6563 
 1118      74547970 
 1118      6500
 1119              	.LASF9:
 1120 0319 6C6F6E67 		.ascii	"long double\000"
 1120      20646F75 
 1120      626C6500 
 1121              	.LASF65:
 1122 0325 45455F63 		.ascii	"EE_counter_ROM\000"
ARM GAS  C:\Users\Reza\AppData\Local\Temp\ccrsn7Yp.s 			page 26


 1122      6F756E74 
 1122      65725F52 
 1122      4F4D00
 1123              	.LASF20:
 1124 0334 5461736B 		.ascii	"TaskType\000"
 1124      54797065 
 1124      00
 1125              	.LASF1:
 1126 033d 756E7369 		.ascii	"unsigned char\000"
 1126      676E6564 
 1126      20636861 
 1126      7200
 1127              	.LASF47:
 1128 034b 45455F4F 		.ascii	"EE_ORTI_set_service_out\000"
 1128      5254495F 
 1128      7365745F 
 1128      73657276 
 1128      6963655F 
 1129              	.LASF68:
 1130 0363 45455F6F 		.ascii	"EE_oo_counter_object_RAM\000"
 1130      6F5F636F 
 1130      756E7465 
 1130      725F6F62 
 1130      6A656374 
 1131              	.LASF0:
 1132 037c 7369676E 		.ascii	"signed char\000"
 1132      65642063 
 1132      68617200 
 1133              	.LASF7:
 1134 0388 6C6F6E67 		.ascii	"long long unsigned int\000"
 1134      206C6F6E 
 1134      6720756E 
 1134      7369676E 
 1134      65642069 
 1135              	.LASF8:
 1136 039f 756E7369 		.ascii	"unsigned int\000"
 1136      676E6564 
 1136      20696E74 
 1136      00
 1137              	.LASF59:
 1138 03ac 45455F74 		.ascii	"EE_th_rnact\000"
 1138      685F726E 
 1138      61637400 
 1139              	.LASF50:
 1140 03b8 5461736B 		.ascii	"TaskID\000"
 1140      494400
 1141              	.LASF73:
 1142 03bf 474E5520 		.ascii	"GNU C11 5.4.1 20160609 (release) [ARM/embedded-5-br"
 1142      43313120 
 1142      352E342E 
 1142      31203230 
 1142      31363036 
 1143 03f2 616E6368 		.ascii	"anch revision 237715] -mcpu=cortex-m3 -mthumb -g -O"
 1143      20726576 
 1143      6973696F 
 1143      6E203233 
 1143      37373135 
ARM GAS  C:\Users\Reza\AppData\Local\Temp\ccrsn7Yp.s 			page 27


 1144 0425 73202D66 		.ascii	"s -ffunction-sections -ffat-lto-objects\000"
 1144      66756E63 
 1144      74696F6E 
 1144      2D736563 
 1144      74696F6E 
 1145              	.LASF3:
 1146 044d 73686F72 		.ascii	"short unsigned int\000"
 1146      7420756E 
 1146      7369676E 
 1146      65642069 
 1146      6E7400
 1147              	.LASF38:
 1148 0460 45455F6F 		.ascii	"EE_oo_counter_object_ROM_type\000"
 1148      6F5F636F 
 1148      756E7465 
 1148      725F6F62 
 1148      6A656374 
 1149              	.LASF12:
 1150 047e 45455F55 		.ascii	"EE_UINT16\000"
 1150      494E5431 
 1150      3600
 1151              	.LASF49:
 1152 0488 4572726F 		.ascii	"Error\000"
 1152      7200
 1153              	.LASF67:
 1154 048e 45455F63 		.ascii	"EE_counter_RAM\000"
 1154      6F756E74 
 1154      65725F52 
 1154      414D00
 1155              	.LASF71:
 1156 049d 45455F41 		.ascii	"EE_ApplicationMode\000"
 1156      70706C69 
 1156      63617469 
 1156      6F6E4D6F 
 1156      646500
 1157              	.LASF5:
 1158 04b0 6C6F6E67 		.ascii	"long unsigned int\000"
 1158      20756E73 
 1158      69676E65 
 1158      6420696E 
 1158      7400
 1159              	.LASF74:
 1160 04c2 47656E65 		.ascii	"Generated_Source\\PSoC5\\ErikaOS_1_ee_gettaskstate."
 1160      72617465 
 1160      645F536F 
 1160      75726365 
 1160      5C50536F 
 1161 04f3 6300     		.ascii	"c\000"
 1162              	.LASF48:
 1163 04f5 45455F6F 		.ascii	"EE_os_notify_error_from_us_impl\000"
 1163      735F6E6F 
 1163      74696679 
 1163      5F657272 
 1163      6F725F66 
 1164              	.LASF21:
 1165 0515 5461736B 		.ascii	"TaskStateRefType\000"
 1165      53746174 
ARM GAS  C:\Users\Reza\AppData\Local\Temp\ccrsn7Yp.s 			page 28


 1165      65526566 
 1165      54797065 
 1165      00
 1166              	.LASF32:
 1167 0526 45455F41 		.ascii	"EE_ALARM\000"
 1167      4C41524D 
 1167      00
 1168              	.LASF39:
 1169 052f 75736564 		.ascii	"used\000"
 1169      00
 1170              	.LASF54:
 1171 0534 73697A65 		.ascii	"sizetype\000"
 1171      74797065 
 1171      00
 1172              	.LASF24:
 1173 053d 436F756E 		.ascii	"CounterType\000"
 1173      74657254 
 1173      79706500 
 1174              	.LASF57:
 1175 0549 45455F74 		.ascii	"EE_th_status\000"
 1175      685F7374 
 1175      61747573 
 1175      00
 1176              	.LASF56:
 1177 0556 45455F74 		.ascii	"EE_th_dispatch_prio\000"
 1177      685F6469 
 1177      73706174 
 1177      63685F70 
 1177      72696F00 
 1178              	.LASF58:
 1179 056a 45455F74 		.ascii	"EE_th_next\000"
 1179      685F6E65 
 1179      787400
 1180              	.LASF40:
 1181 0575 636E7463 		.ascii	"cntcycle\000"
 1181      79636C65 
 1181      00
 1182              	.LASF69:
 1183 057e 45455F6F 		.ascii	"EE_oo_IRQ_disable_count\000"
 1183      6F5F4952 
 1183      515F6469 
 1183      7361626C 
 1183      655F636F 
 1184              	.LASF42:
 1185 0596 6E657874 		.ascii	"next\000"
 1185      00
 1186              	.LASF72:
 1187 059b 45455F72 		.ascii	"EE_rq_lookup\000"
 1187      715F6C6F 
 1187      6F6B7570 
 1187      00
 1188              	.LASF30:
 1189 05a8 66697273 		.ascii	"first\000"
 1189      7400
 1190              		.ident	"GCC: (GNU Tools for ARM Embedded Processors) 5.4.1 20160609 (release) [ARM/embedded-5-bran
