ARM GAS  C:\Users\Reza\AppData\Local\Temp\cc0wk5uI.s 			page 1


   1              		.syntax unified
   2              		.cpu cortex-m3
   3              		.fpu softvfp
   4              		.eabi_attribute 20, 1
   5              		.eabi_attribute 21, 1
   6              		.eabi_attribute 23, 3
   7              		.eabi_attribute 24, 1
   8              		.eabi_attribute 25, 1
   9              		.eabi_attribute 26, 1
  10              		.eabi_attribute 30, 4
  11              		.eabi_attribute 34, 1
  12              		.eabi_attribute 18, 4
  13              		.thumb
  14              		.syntax unified
  15              		.file	"ErikaOS_1_ee_tstub.c"
  16              		.text
  17              	.Ltext0:
  18              		.cfi_sections	.debug_frame
  19              		.section	.text.EE_oo_thread_stub,"ax",%progbits
  20              		.align	1
  21              		.global	EE_oo_thread_stub
  22              		.thumb
  23              		.thumb_func
  24              		.type	EE_oo_thread_stub, %function
  25              	EE_oo_thread_stub:
  26              	.LFB70:
  27              		.file 1 "Generated_Source\\PSoC5\\ErikaOS_1_ee_tstub.c"
   1:Generated_Source\PSoC5/ErikaOS_1_ee_tstub.c **** /* ###*B*###
   2:Generated_Source\PSoC5/ErikaOS_1_ee_tstub.c ****  * ERIKA Enterprise - a tiny RTOS for small microcontrollers
   3:Generated_Source\PSoC5/ErikaOS_1_ee_tstub.c ****  *
   4:Generated_Source\PSoC5/ErikaOS_1_ee_tstub.c ****  * Copyright (C) 2002-2008  Evidence Srl
   5:Generated_Source\PSoC5/ErikaOS_1_ee_tstub.c ****  *
   6:Generated_Source\PSoC5/ErikaOS_1_ee_tstub.c ****  * This file is part of ERIKA Enterprise.
   7:Generated_Source\PSoC5/ErikaOS_1_ee_tstub.c ****  *
   8:Generated_Source\PSoC5/ErikaOS_1_ee_tstub.c ****  * ERIKA Enterprise is free software; you can redistribute it
   9:Generated_Source\PSoC5/ErikaOS_1_ee_tstub.c ****  * and/or modify it under the terms of the GNU General Public License
  10:Generated_Source\PSoC5/ErikaOS_1_ee_tstub.c ****  * version 2 as published by the Free Software Foundation, 
  11:Generated_Source\PSoC5/ErikaOS_1_ee_tstub.c ****  * (with a special exception described below).
  12:Generated_Source\PSoC5/ErikaOS_1_ee_tstub.c ****  *
  13:Generated_Source\PSoC5/ErikaOS_1_ee_tstub.c ****  * Linking this code statically or dynamically with other modules is
  14:Generated_Source\PSoC5/ErikaOS_1_ee_tstub.c ****  * making a combined work based on this code.  Thus, the terms and
  15:Generated_Source\PSoC5/ErikaOS_1_ee_tstub.c ****  * conditions of the GNU General Public License cover the whole
  16:Generated_Source\PSoC5/ErikaOS_1_ee_tstub.c ****  * combination.
  17:Generated_Source\PSoC5/ErikaOS_1_ee_tstub.c ****  *
  18:Generated_Source\PSoC5/ErikaOS_1_ee_tstub.c ****  * As a special exception, the copyright holders of this library give you
  19:Generated_Source\PSoC5/ErikaOS_1_ee_tstub.c ****  * permission to link this code with independent modules to produce an
  20:Generated_Source\PSoC5/ErikaOS_1_ee_tstub.c ****  * executable, regardless of the license terms of these independent
  21:Generated_Source\PSoC5/ErikaOS_1_ee_tstub.c ****  * modules, and to copy and distribute the resulting executable under
  22:Generated_Source\PSoC5/ErikaOS_1_ee_tstub.c ****  * terms of your choice, provided that you also meet, for each linked
  23:Generated_Source\PSoC5/ErikaOS_1_ee_tstub.c ****  * independent module, the terms and conditions of the license of that
  24:Generated_Source\PSoC5/ErikaOS_1_ee_tstub.c ****  * module.  An independent module is a module which is not derived from
  25:Generated_Source\PSoC5/ErikaOS_1_ee_tstub.c ****  * or based on this library.  If you modify this code, you may extend
  26:Generated_Source\PSoC5/ErikaOS_1_ee_tstub.c ****  * this exception to your version of the code, but you are not
  27:Generated_Source\PSoC5/ErikaOS_1_ee_tstub.c ****  * obligated to do so.  If you do not wish to do so, delete this
  28:Generated_Source\PSoC5/ErikaOS_1_ee_tstub.c ****  * exception statement from your version.
  29:Generated_Source\PSoC5/ErikaOS_1_ee_tstub.c ****  *
  30:Generated_Source\PSoC5/ErikaOS_1_ee_tstub.c ****  * ERIKA Enterprise is distributed in the hope that it will be
ARM GAS  C:\Users\Reza\AppData\Local\Temp\cc0wk5uI.s 			page 2


  31:Generated_Source\PSoC5/ErikaOS_1_ee_tstub.c ****  * useful, but WITHOUT ANY WARRANTY; without even the implied warranty
  32:Generated_Source\PSoC5/ErikaOS_1_ee_tstub.c ****  * of MERCHANTABILITY or FITNESS FOR A PARTICULAR PURPOSE.  See the
  33:Generated_Source\PSoC5/ErikaOS_1_ee_tstub.c ****  * GNU General Public License version 2 for more details.
  34:Generated_Source\PSoC5/ErikaOS_1_ee_tstub.c ****  *
  35:Generated_Source\PSoC5/ErikaOS_1_ee_tstub.c ****  * You should have received a copy of the GNU General Public License
  36:Generated_Source\PSoC5/ErikaOS_1_ee_tstub.c ****  * version 2 along with ERIKA Enterprise; if not, write to the
  37:Generated_Source\PSoC5/ErikaOS_1_ee_tstub.c ****  * Free Software Foundation, Inc., 51 Franklin Street, Fifth Floor,
  38:Generated_Source\PSoC5/ErikaOS_1_ee_tstub.c ****  * Boston, MA 02110-1301 USA.
  39:Generated_Source\PSoC5/ErikaOS_1_ee_tstub.c ****  * ###*E*### */
  40:Generated_Source\PSoC5/ErikaOS_1_ee_tstub.c **** 
  41:Generated_Source\PSoC5/ErikaOS_1_ee_tstub.c **** /*
  42:Generated_Source\PSoC5/ErikaOS_1_ee_tstub.c ****  * Author: 2002-2004 Paolo Gai
  43:Generated_Source\PSoC5/ErikaOS_1_ee_tstub.c ****  * CVS: $Id: ee_tstub.c,v 1.1 2005/07/16 12:23:42 pj Exp $
  44:Generated_Source\PSoC5/ErikaOS_1_ee_tstub.c ****  */
  45:Generated_Source\PSoC5/ErikaOS_1_ee_tstub.c **** 
  46:Generated_Source\PSoC5/ErikaOS_1_ee_tstub.c **** /*
  47:Generated_Source\PSoC5/ErikaOS_1_ee_tstub.c ****  * PSoC Port and API Generation
  48:Generated_Source\PSoC5/ErikaOS_1_ee_tstub.c ****  * Carlos Fernando Meier Martinez
  49:Generated_Source\PSoC5/ErikaOS_1_ee_tstub.c ****  * Hochschule Darmstadt, Germany. 2017.
  50:Generated_Source\PSoC5/ErikaOS_1_ee_tstub.c ****  */
  51:Generated_Source\PSoC5/ErikaOS_1_ee_tstub.c **** #include "ErikaOS_1_ee_tracing.h"
  52:Generated_Source\PSoC5/ErikaOS_1_ee_tstub.c **** 
  53:Generated_Source\PSoC5/ErikaOS_1_ee_tstub.c **** #include "ErikaOS_1_ee_internal.inc"
  54:Generated_Source\PSoC5/ErikaOS_1_ee_tstub.c **** 
  55:Generated_Source\PSoC5/ErikaOS_1_ee_tstub.c **** /* TerminateStub:
  56:Generated_Source\PSoC5/ErikaOS_1_ee_tstub.c ****    - This is the function that is called as the "real thread body" of 
  57:Generated_Source\PSoC5/ErikaOS_1_ee_tstub.c ****      an OO task.
  58:Generated_Source\PSoC5/ErikaOS_1_ee_tstub.c ****    - This function is not called if a task use only a terminate_task at 
  59:Generated_Source\PSoC5/ErikaOS_1_ee_tstub.c ****      the end of the thread. In some architectures, this can lead 
  60:Generated_Source\PSoC5/ErikaOS_1_ee_tstub.c ****      to some stack savings...
  61:Generated_Source\PSoC5/ErikaOS_1_ee_tstub.c **** */
  62:Generated_Source\PSoC5/ErikaOS_1_ee_tstub.c **** 
  63:Generated_Source\PSoC5/ErikaOS_1_ee_tstub.c **** #if (__OO_configUSE_TRACE_FACILITY == 1)
  64:Generated_Source\PSoC5/ErikaOS_1_ee_tstub.c **** #include "trcKernelPort.h"
  65:Generated_Source\PSoC5/ErikaOS_1_ee_tstub.c **** #endif
  66:Generated_Source\PSoC5/ErikaOS_1_ee_tstub.c **** 
  67:Generated_Source\PSoC5/ErikaOS_1_ee_tstub.c **** #ifndef __PRIVATE_THREADSTUB__
  68:Generated_Source\PSoC5/ErikaOS_1_ee_tstub.c **** void EE_oo_thread_stub(void)
  69:Generated_Source\PSoC5/ErikaOS_1_ee_tstub.c **** {
  28              		.loc 1 69 0
  29              		.cfi_startproc
  30              		@ args = 0, pretend = 0, frame = 0
  31              		@ frame_needed = 0, uses_anonymous_args = 0
  32              		@ link register save eliminated.
  33              	.LVL0:
  34              	.LBB8:
  35              	.LBB9:
  36              		.file 2 "Generated_Source\\PSoC5\\ErikaOS_1_ee_oo_internal.inc"
   1:Generated_Source\PSoC5/ErikaOS_1_ee_oo_internal.inc **** /* ###*B*###
   2:Generated_Source\PSoC5/ErikaOS_1_ee_oo_internal.inc ****  * ERIKA Enterprise - a tiny RTOS for small microcontrollers
   3:Generated_Source\PSoC5/ErikaOS_1_ee_oo_internal.inc ****  *
   4:Generated_Source\PSoC5/ErikaOS_1_ee_oo_internal.inc ****  * Copyright (C) 2002-2008  Evidence Srl
   5:Generated_Source\PSoC5/ErikaOS_1_ee_oo_internal.inc ****  *
   6:Generated_Source\PSoC5/ErikaOS_1_ee_oo_internal.inc ****  * This file is part of ERIKA Enterprise.
   7:Generated_Source\PSoC5/ErikaOS_1_ee_oo_internal.inc ****  *
   8:Generated_Source\PSoC5/ErikaOS_1_ee_oo_internal.inc ****  * ERIKA Enterprise is free software; you can redistribute it
   9:Generated_Source\PSoC5/ErikaOS_1_ee_oo_internal.inc ****  * and/or modify it under the terms of the GNU General Public License
ARM GAS  C:\Users\Reza\AppData\Local\Temp\cc0wk5uI.s 			page 3


  10:Generated_Source\PSoC5/ErikaOS_1_ee_oo_internal.inc ****  * version 2 as published by the Free Software Foundation, 
  11:Generated_Source\PSoC5/ErikaOS_1_ee_oo_internal.inc ****  * (with a special exception described below).
  12:Generated_Source\PSoC5/ErikaOS_1_ee_oo_internal.inc ****  *
  13:Generated_Source\PSoC5/ErikaOS_1_ee_oo_internal.inc ****  * Linking this code statically or dynamically with other modules is
  14:Generated_Source\PSoC5/ErikaOS_1_ee_oo_internal.inc ****  * making a combined work based on this code.  Thus, the terms and
  15:Generated_Source\PSoC5/ErikaOS_1_ee_oo_internal.inc ****  * conditions of the GNU General Public License cover the whole
  16:Generated_Source\PSoC5/ErikaOS_1_ee_oo_internal.inc ****  * combination.
  17:Generated_Source\PSoC5/ErikaOS_1_ee_oo_internal.inc ****  *
  18:Generated_Source\PSoC5/ErikaOS_1_ee_oo_internal.inc ****  * As a special exception, the copyright holders of this library give you
  19:Generated_Source\PSoC5/ErikaOS_1_ee_oo_internal.inc ****  * permission to link this code with independent modules to produce an
  20:Generated_Source\PSoC5/ErikaOS_1_ee_oo_internal.inc ****  * executable, regardless of the license terms of these independent
  21:Generated_Source\PSoC5/ErikaOS_1_ee_oo_internal.inc ****  * modules, and to copy and distribute the resulting executable under
  22:Generated_Source\PSoC5/ErikaOS_1_ee_oo_internal.inc ****  * terms of your choice, provided that you also meet, for each linked
  23:Generated_Source\PSoC5/ErikaOS_1_ee_oo_internal.inc ****  * independent module, the terms and conditions of the license of that
  24:Generated_Source\PSoC5/ErikaOS_1_ee_oo_internal.inc ****  * module.  An independent module is a module which is not derived from
  25:Generated_Source\PSoC5/ErikaOS_1_ee_oo_internal.inc ****  * or based on this library.  If you modify this code, you may extend
  26:Generated_Source\PSoC5/ErikaOS_1_ee_oo_internal.inc ****  * this exception to your version of the code, but you are not
  27:Generated_Source\PSoC5/ErikaOS_1_ee_oo_internal.inc ****  * obligated to do so.  If you do not wish to do so, delete this
  28:Generated_Source\PSoC5/ErikaOS_1_ee_oo_internal.inc ****  * exception statement from your version.
  29:Generated_Source\PSoC5/ErikaOS_1_ee_oo_internal.inc ****  *
  30:Generated_Source\PSoC5/ErikaOS_1_ee_oo_internal.inc ****  * ERIKA Enterprise is distributed in the hope that it will be
  31:Generated_Source\PSoC5/ErikaOS_1_ee_oo_internal.inc ****  * useful, but WITHOUT ANY WARRANTY; without even the implied warranty
  32:Generated_Source\PSoC5/ErikaOS_1_ee_oo_internal.inc ****  * of MERCHANTABILITY or FITNESS FOR A PARTICULAR PURPOSE.  See the
  33:Generated_Source\PSoC5/ErikaOS_1_ee_oo_internal.inc ****  * GNU General Public License version 2 for more details.
  34:Generated_Source\PSoC5/ErikaOS_1_ee_oo_internal.inc ****  *
  35:Generated_Source\PSoC5/ErikaOS_1_ee_oo_internal.inc ****  * You should have received a copy of the GNU General Public License
  36:Generated_Source\PSoC5/ErikaOS_1_ee_oo_internal.inc ****  * version 2 along with ERIKA Enterprise; if not, write to the
  37:Generated_Source\PSoC5/ErikaOS_1_ee_oo_internal.inc ****  * Free Software Foundation, Inc., 51 Franklin Street, Fifth Floor,
  38:Generated_Source\PSoC5/ErikaOS_1_ee_oo_internal.inc ****  * Boston, MA 02110-1301 USA.
  39:Generated_Source\PSoC5/ErikaOS_1_ee_oo_internal.inc ****  * ###*E*### */
  40:Generated_Source\PSoC5/ErikaOS_1_ee_oo_internal.inc **** 
  41:Generated_Source\PSoC5/ErikaOS_1_ee_oo_internal.inc **** /*
  42:Generated_Source\PSoC5/ErikaOS_1_ee_oo_internal.inc ****  * Author: 2002 Paolo Gai
  43:Generated_Source\PSoC5/ErikaOS_1_ee_oo_internal.inc ****  * CVS: $Id: ee_internal.h,v 1.6 2006/12/03 22:07:50 pj Exp $
  44:Generated_Source\PSoC5/ErikaOS_1_ee_oo_internal.inc ****  */
  45:Generated_Source\PSoC5/ErikaOS_1_ee_oo_internal.inc **** 
  46:Generated_Source\PSoC5/ErikaOS_1_ee_oo_internal.inc **** /*
  47:Generated_Source\PSoC5/ErikaOS_1_ee_oo_internal.inc ****  * PSoC Port and API Generation
  48:Generated_Source\PSoC5/ErikaOS_1_ee_oo_internal.inc ****  * Carlos Fernando Meier Martinez
  49:Generated_Source\PSoC5/ErikaOS_1_ee_oo_internal.inc ****  * Hochschule Darmstadt, Germany. 2017.
  50:Generated_Source\PSoC5/ErikaOS_1_ee_oo_internal.inc ****  */
  51:Generated_Source\PSoC5/ErikaOS_1_ee_oo_internal.inc **** 
  52:Generated_Source\PSoC5/ErikaOS_1_ee_oo_internal.inc **** #ifndef PKG_KERNEL_OO_INC_EE_OO_INTERNAL_H
  53:Generated_Source\PSoC5/ErikaOS_1_ee_oo_internal.inc **** #define PKG_KERNEL_OO_INC_EE_OO_INTERNAL_H
  54:Generated_Source\PSoC5/ErikaOS_1_ee_oo_internal.inc **** 
  55:Generated_Source\PSoC5/ErikaOS_1_ee_oo_internal.inc **** #include "ErikaOS_1_ee_oo_common.inc"
  56:Generated_Source\PSoC5/ErikaOS_1_ee_oo_internal.inc **** #include "ErikaOS_1_ee_oo_intfunc.inc"
  57:Generated_Source\PSoC5/ErikaOS_1_ee_oo_internal.inc **** #include "ErikaOS_1_ee_oo_irq.inc"
  58:Generated_Source\PSoC5/ErikaOS_1_ee_oo_internal.inc **** #if (__OO_configUSE_TRACE_FACILITY == 1)
  59:Generated_Source\PSoC5/ErikaOS_1_ee_oo_internal.inc **** #include "trcKernelPort.h" 
  60:Generated_Source\PSoC5/ErikaOS_1_ee_oo_internal.inc **** #endif
  61:Generated_Source\PSoC5/ErikaOS_1_ee_oo_internal.inc **** /*******************************************************************************
  62:Generated_Source\PSoC5/ErikaOS_1_ee_oo_internal.inc ****  *                    New Error Handling Internal Utilities
  63:Generated_Source\PSoC5/ErikaOS_1_ee_oo_internal.inc ****  ******************************************************************************/
  64:Generated_Source\PSoC5/ErikaOS_1_ee_oo_internal.inc **** 
  65:Generated_Source\PSoC5/ErikaOS_1_ee_oo_internal.inc **** /* Error Parameters Utilities Macros */
  66:Generated_Source\PSoC5/ErikaOS_1_ee_oo_internal.inc **** #define EE_OS_PARAM(param_name)   EE_os_param param_name
ARM GAS  C:\Users\Reza\AppData\Local\Temp\cc0wk5uI.s 			page 4


  67:Generated_Source\PSoC5/ErikaOS_1_ee_oo_internal.inc **** #define EE_OS_PARAM_VALUE(param_name, param_value)  \
  68:Generated_Source\PSoC5/ErikaOS_1_ee_oo_internal.inc ****   ((param_name).value_param = (param_value))
  69:Generated_Source\PSoC5/ErikaOS_1_ee_oo_internal.inc **** 
  70:Generated_Source\PSoC5/ErikaOS_1_ee_oo_internal.inc **** #define EE_OS_PARAM_REF(param_name, param_field, param_ref) \
  71:Generated_Source\PSoC5/ErikaOS_1_ee_oo_internal.inc ****   ((param_name).param_field = (param_ref))
  72:Generated_Source\PSoC5/ErikaOS_1_ee_oo_internal.inc **** 
  73:Generated_Source\PSoC5/ErikaOS_1_ee_oo_internal.inc **** #ifdef __OO_HAS_ERRORHOOK__
  74:Generated_Source\PSoC5/ErikaOS_1_ee_oo_internal.inc **** /* Error Parameters Data Structure Utilities Macros from user space */
  75:Generated_Source\PSoC5/ErikaOS_1_ee_oo_internal.inc **** #define EE_OS_ERROR_PARAMETERS()  EE_oo_ErrorHook_parameters error_parameters
  76:Generated_Source\PSoC5/ErikaOS_1_ee_oo_internal.inc **** 
  77:Generated_Source\PSoC5/ErikaOS_1_ee_oo_internal.inc **** #define EE_OS_ERROR_PARAMETERS_INIT(param1_in,param2_in,param3_in)  \
  78:Generated_Source\PSoC5/ErikaOS_1_ee_oo_internal.inc ****   EE_oo_ErrorHook_parameters error_parameters = { param1_in, param2_in, \
  79:Generated_Source\PSoC5/ErikaOS_1_ee_oo_internal.inc ****     param3_in }
  80:Generated_Source\PSoC5/ErikaOS_1_ee_oo_internal.inc **** 
  81:Generated_Source\PSoC5/ErikaOS_1_ee_oo_internal.inc **** #define EE_OS_ERROR_PARAMETERS_PARAM1_VALUE(param1_value) \
  82:Generated_Source\PSoC5/ErikaOS_1_ee_oo_internal.inc ****   (error_parameters.param1.value_param = param1_value)
  83:Generated_Source\PSoC5/ErikaOS_1_ee_oo_internal.inc **** #define EE_OS_ERROR_PARAMETERS_PARAM2_VALUE(param2_value) \
  84:Generated_Source\PSoC5/ErikaOS_1_ee_oo_internal.inc ****   (error_parameters.param2.value_param = param2_value)
  85:Generated_Source\PSoC5/ErikaOS_1_ee_oo_internal.inc **** #define EE_OS_ERROR_PARAMETERS_PARAM3_VALUE(param3_value) \
  86:Generated_Source\PSoC5/ErikaOS_1_ee_oo_internal.inc ****   (error_parameters.param3.value_param = param3_value)
  87:Generated_Source\PSoC5/ErikaOS_1_ee_oo_internal.inc **** 
  88:Generated_Source\PSoC5/ErikaOS_1_ee_oo_internal.inc **** #define EE_OS_ERROR_PARAMETERS_PARAM1_REF(param_field,param_ref)  \
  89:Generated_Source\PSoC5/ErikaOS_1_ee_oo_internal.inc ****   (error_parameters.param1.param_field = (param_ref))
  90:Generated_Source\PSoC5/ErikaOS_1_ee_oo_internal.inc **** #define EE_OS_ERROR_PARAMETERS_PARAM2_REF(param_field,param_ref)  \
  91:Generated_Source\PSoC5/ErikaOS_1_ee_oo_internal.inc ****   (error_parameters.param2.param_field = (param_ref))
  92:Generated_Source\PSoC5/ErikaOS_1_ee_oo_internal.inc **** #define EE_OS_ERROR_PARAMETERS_PARAM3_REF(param_field,param_ref)  \
  93:Generated_Source\PSoC5/ErikaOS_1_ee_oo_internal.inc ****   (error_parameters.param3.param_field = (param_ref))
  94:Generated_Source\PSoC5/ErikaOS_1_ee_oo_internal.inc **** #else /* __OO_HAS_ERRORHOOK__ */
  95:Generated_Source\PSoC5/ErikaOS_1_ee_oo_internal.inc **** #define EE_OS_ERROR_PARAMETERS()                                    ((void)0)
  96:Generated_Source\PSoC5/ErikaOS_1_ee_oo_internal.inc **** 
  97:Generated_Source\PSoC5/ErikaOS_1_ee_oo_internal.inc **** #define EE_OS_ERROR_PARAMETERS_INIT(param1_in,param2_in,param3_in)  ((void)0)
  98:Generated_Source\PSoC5/ErikaOS_1_ee_oo_internal.inc **** 
  99:Generated_Source\PSoC5/ErikaOS_1_ee_oo_internal.inc **** #define EE_OS_ERROR_PARAMETERS_PARAM1_VALUE(param1_value)           ((void)0)
 100:Generated_Source\PSoC5/ErikaOS_1_ee_oo_internal.inc **** #define EE_OS_ERROR_PARAMETERS_PARAM2_VALUE(param2_value)           ((void)0)
 101:Generated_Source\PSoC5/ErikaOS_1_ee_oo_internal.inc **** #define EE_OS_ERROR_PARAMETERS_PARAM3_VALUE(param3_value)           ((void)0)
 102:Generated_Source\PSoC5/ErikaOS_1_ee_oo_internal.inc **** 
 103:Generated_Source\PSoC5/ErikaOS_1_ee_oo_internal.inc **** #define EE_OS_ERROR_PARAMETERS_PARAM1_REF(param_field,param_ref)    ((void)0)
 104:Generated_Source\PSoC5/ErikaOS_1_ee_oo_internal.inc **** #define EE_OS_ERROR_PARAMETERS_PARAM2_REF(param_field,param_ref)    ((void)0)
 105:Generated_Source\PSoC5/ErikaOS_1_ee_oo_internal.inc **** #define EE_OS_ERROR_PARAMETERS_PARAM3_REF(param_field,param_ref)    ((void)0)
 106:Generated_Source\PSoC5/ErikaOS_1_ee_oo_internal.inc **** #endif /* __OO_HAS_ERRORHOOK__ */
 107:Generated_Source\PSoC5/ErikaOS_1_ee_oo_internal.inc **** 
 108:Generated_Source\PSoC5/ErikaOS_1_ee_oo_internal.inc **** /* Error Handling */
 109:Generated_Source\PSoC5/ErikaOS_1_ee_oo_internal.inc **** #ifdef __OO_HAS_ERRORHOOK__
 110:Generated_Source\PSoC5/ErikaOS_1_ee_oo_internal.inc **** #ifndef  __OO_ERRORHOOK_NOMACROS__
 111:Generated_Source\PSoC5/ErikaOS_1_ee_oo_internal.inc **** 
 112:Generated_Source\PSoC5/ErikaOS_1_ee_oo_internal.inc **** __INLINE__ void  EE_os_fill_error_data( OSServiceIdType
 113:Generated_Source\PSoC5/ErikaOS_1_ee_oo_internal.inc ****   ServiceID, EE_os_param param1, EE_os_param param2, EE_os_param param3 )
 114:Generated_Source\PSoC5/ErikaOS_1_ee_oo_internal.inc **** {
 115:Generated_Source\PSoC5/ErikaOS_1_ee_oo_internal.inc ****   register EE_oo_ErrorHook_parameters * const
 116:Generated_Source\PSoC5/ErikaOS_1_ee_oo_internal.inc ****     p_errorhook_parameter = EE_oo_get_errorhook_data();
 117:Generated_Source\PSoC5/ErikaOS_1_ee_oo_internal.inc ****   (*EE_oo_get_errorhook_service_id()) = ServiceID;
 118:Generated_Source\PSoC5/ErikaOS_1_ee_oo_internal.inc ****   p_errorhook_parameter->param1 = param1;
 119:Generated_Source\PSoC5/ErikaOS_1_ee_oo_internal.inc ****   p_errorhook_parameter->param2 = param2;
 120:Generated_Source\PSoC5/ErikaOS_1_ee_oo_internal.inc ****   p_errorhook_parameter->param3 = param3;
 121:Generated_Source\PSoC5/ErikaOS_1_ee_oo_internal.inc **** }
 122:Generated_Source\PSoC5/ErikaOS_1_ee_oo_internal.inc **** #else /* !__OO_ERRORHOOK_NOMACROS__ */
 123:Generated_Source\PSoC5/ErikaOS_1_ee_oo_internal.inc **** 
ARM GAS  C:\Users\Reza\AppData\Local\Temp\cc0wk5uI.s 			page 5


 124:Generated_Source\PSoC5/ErikaOS_1_ee_oo_internal.inc **** #define EE_os_fill_error_data(ServiceID,param1,param2,param3) ((void)0)
 125:Generated_Source\PSoC5/ErikaOS_1_ee_oo_internal.inc **** #endif /* !__OO_ERRORHOOK_NOMACROS__ */
 126:Generated_Source\PSoC5/ErikaOS_1_ee_oo_internal.inc **** 
 127:Generated_Source\PSoC5/ErikaOS_1_ee_oo_internal.inc **** __INLINE__ void  EE_os_notify_error( OSServiceIdType ServiceID,
 128:Generated_Source\PSoC5/ErikaOS_1_ee_oo_internal.inc ****   EE_os_param param1, EE_os_param param2, EE_os_param param3,
 129:Generated_Source\PSoC5/ErikaOS_1_ee_oo_internal.inc ****   StatusType Error )
 130:Generated_Source\PSoC5/ErikaOS_1_ee_oo_internal.inc **** {
 131:Generated_Source\PSoC5/ErikaOS_1_ee_oo_internal.inc ****   EE_ORTI_set_lasterror(Error);
 132:Generated_Source\PSoC5/ErikaOS_1_ee_oo_internal.inc ****   if ( EE_ErrorHook_nested_flag == 0U )
 133:Generated_Source\PSoC5/ErikaOS_1_ee_oo_internal.inc ****   {
 134:Generated_Source\PSoC5/ErikaOS_1_ee_oo_internal.inc ****     EE_os_fill_error_data(ServiceID, param1, param2, param3);
 135:Generated_Source\PSoC5/ErikaOS_1_ee_oo_internal.inc ****     EE_ErrorHook_nested_flag = 1U;
 136:Generated_Source\PSoC5/ErikaOS_1_ee_oo_internal.inc ****     EE_oo_call_ErrorHook(Error);
 137:Generated_Source\PSoC5/ErikaOS_1_ee_oo_internal.inc ****     EE_ErrorHook_nested_flag = 0U;
 138:Generated_Source\PSoC5/ErikaOS_1_ee_oo_internal.inc ****   }
 139:Generated_Source\PSoC5/ErikaOS_1_ee_oo_internal.inc **** }
 140:Generated_Source\PSoC5/ErikaOS_1_ee_oo_internal.inc **** 
 141:Generated_Source\PSoC5/ErikaOS_1_ee_oo_internal.inc **** #ifndef __EE_MEMORY_PROTECTION__
 142:Generated_Source\PSoC5/ErikaOS_1_ee_oo_internal.inc **** __INLINE__ void  EE_os_notify_error_from_us(
 143:Generated_Source\PSoC5/ErikaOS_1_ee_oo_internal.inc ****   OSServiceIdType ServiceID, const EE_oo_ErrorHook_parameters * const
 144:Generated_Source\PSoC5/ErikaOS_1_ee_oo_internal.inc ****     error_parameters_ref, StatusType Error )
 145:Generated_Source\PSoC5/ErikaOS_1_ee_oo_internal.inc **** {
 146:Generated_Source\PSoC5/ErikaOS_1_ee_oo_internal.inc ****   if ( error_parameters_ref != NULL ) {
 147:Generated_Source\PSoC5/ErikaOS_1_ee_oo_internal.inc ****     register EE_FREG const flag = EE_hal_begin_nested_primitive();
 148:Generated_Source\PSoC5/ErikaOS_1_ee_oo_internal.inc ****     EE_os_notify_error(ServiceID, error_parameters_ref->param1,
 149:Generated_Source\PSoC5/ErikaOS_1_ee_oo_internal.inc ****       error_parameters_ref->param2, error_parameters_ref->param3, Error);
 150:Generated_Source\PSoC5/ErikaOS_1_ee_oo_internal.inc ****     EE_hal_end_nested_primitive(flag);
 151:Generated_Source\PSoC5/ErikaOS_1_ee_oo_internal.inc ****   }
 152:Generated_Source\PSoC5/ErikaOS_1_ee_oo_internal.inc **** }
 153:Generated_Source\PSoC5/ErikaOS_1_ee_oo_internal.inc **** #else /* !__EE_MEMORY_PROTECTION__ */
 154:Generated_Source\PSoC5/ErikaOS_1_ee_oo_internal.inc **** /* If MemMap.h support is enabled (i.e. because memory protection): use it */
 155:Generated_Source\PSoC5/ErikaOS_1_ee_oo_internal.inc **** #ifdef EE_SUPPORT_MEMMAP_H
 156:Generated_Source\PSoC5/ErikaOS_1_ee_oo_internal.inc **** /* The following code belong to ERIKA API section ee_api_text */
 157:Generated_Source\PSoC5/ErikaOS_1_ee_oo_internal.inc **** #define API_START_SEC_CODE
 158:Generated_Source\PSoC5/ErikaOS_1_ee_oo_internal.inc **** #include "MemMap.inc"
 159:Generated_Source\PSoC5/ErikaOS_1_ee_oo_internal.inc **** #endif /* EE_SUPPORT_MEMMAP_H */
 160:Generated_Source\PSoC5/ErikaOS_1_ee_oo_internal.inc **** 
 161:Generated_Source\PSoC5/ErikaOS_1_ee_oo_internal.inc **** void EE_os_notify_error_from_us( OSServiceIdType ServiceID,
 162:Generated_Source\PSoC5/ErikaOS_1_ee_oo_internal.inc ****   const EE_oo_ErrorHook_parameters * const error_parameters_ref,
 163:Generated_Source\PSoC5/ErikaOS_1_ee_oo_internal.inc ****   StatusType Error );
 164:Generated_Source\PSoC5/ErikaOS_1_ee_oo_internal.inc **** 
 165:Generated_Source\PSoC5/ErikaOS_1_ee_oo_internal.inc **** #ifdef EE_SUPPORT_MEMMAP_H
 166:Generated_Source\PSoC5/ErikaOS_1_ee_oo_internal.inc **** #define API_STOP_SEC_CODE
 167:Generated_Source\PSoC5/ErikaOS_1_ee_oo_internal.inc **** #include "MemMap.inc"
 168:Generated_Source\PSoC5/ErikaOS_1_ee_oo_internal.inc **** #endif /* EE_SUPPORT_MEMMAP_H */
 169:Generated_Source\PSoC5/ErikaOS_1_ee_oo_internal.inc **** #endif /* !__EE_MEMORY_PROTECTION__ */
 170:Generated_Source\PSoC5/ErikaOS_1_ee_oo_internal.inc **** #else /* __OO_HAS_ERRORHOOK__ */
 171:Generated_Source\PSoC5/ErikaOS_1_ee_oo_internal.inc **** 
 172:Generated_Source\PSoC5/ErikaOS_1_ee_oo_internal.inc **** /* Macro used for remapping to prevent compiler warnings on unused parameters */
 173:Generated_Source\PSoC5/ErikaOS_1_ee_oo_internal.inc **** #define EE_os_notify_error(k,j,x,y,z) EE_os_notify_error_impl(z)
 174:Generated_Source\PSoC5/ErikaOS_1_ee_oo_internal.inc **** 
 175:Generated_Source\PSoC5/ErikaOS_1_ee_oo_internal.inc **** __INLINE__ void  EE_os_notify_error_impl(StatusType Error)
 176:Generated_Source\PSoC5/ErikaOS_1_ee_oo_internal.inc **** {
 177:Generated_Source\PSoC5/ErikaOS_1_ee_oo_internal.inc ****   EE_ORTI_set_lasterror(Error);
 178:Generated_Source\PSoC5/ErikaOS_1_ee_oo_internal.inc **** }
 179:Generated_Source\PSoC5/ErikaOS_1_ee_oo_internal.inc **** 
 180:Generated_Source\PSoC5/ErikaOS_1_ee_oo_internal.inc **** /* Macro used for remapping to prevent compiler warnings on unused parameters */
ARM GAS  C:\Users\Reza\AppData\Local\Temp\cc0wk5uI.s 			page 6


 181:Generated_Source\PSoC5/ErikaOS_1_ee_oo_internal.inc **** #define EE_os_notify_error_from_us(x,y,z) EE_os_notify_error_from_us_impl(z)
 182:Generated_Source\PSoC5/ErikaOS_1_ee_oo_internal.inc **** 
 183:Generated_Source\PSoC5/ErikaOS_1_ee_oo_internal.inc **** __INLINE__ void  EE_os_notify_error_from_us_impl(
 184:Generated_Source\PSoC5/ErikaOS_1_ee_oo_internal.inc ****   StatusType Error )
 185:Generated_Source\PSoC5/ErikaOS_1_ee_oo_internal.inc **** {
 186:Generated_Source\PSoC5/ErikaOS_1_ee_oo_internal.inc ****   EE_ORTI_set_lasterror(Error);
 187:Generated_Source\PSoC5/ErikaOS_1_ee_oo_internal.inc **** }
 188:Generated_Source\PSoC5/ErikaOS_1_ee_oo_internal.inc **** #endif /* __OO_HAS_ERRORHOOK__ */
 189:Generated_Source\PSoC5/ErikaOS_1_ee_oo_internal.inc **** 
 190:Generated_Source\PSoC5/ErikaOS_1_ee_oo_internal.inc **** /*******************************************************************************
 191:Generated_Source\PSoC5/ErikaOS_1_ee_oo_internal.inc ****  *                  Kernel Critical Section Utility Macros
 192:Generated_Source\PSoC5/ErikaOS_1_ee_oo_internal.inc ****  ******************************************************************************/
 193:Generated_Source\PSoC5/ErikaOS_1_ee_oo_internal.inc **** #ifndef __EE_MEMORY_PROTECTION__
 194:Generated_Source\PSoC5/ErikaOS_1_ee_oo_internal.inc **** 
 195:Generated_Source\PSoC5/ErikaOS_1_ee_oo_internal.inc **** #define EE_OS_DECLARE_CRITICAL_SECTION()  register EE_FREG flag
 196:Generated_Source\PSoC5/ErikaOS_1_ee_oo_internal.inc **** 
 197:Generated_Source\PSoC5/ErikaOS_1_ee_oo_internal.inc **** #define EE_OS_ENTER_CRITICAL_SECTION()          \
 198:Generated_Source\PSoC5/ErikaOS_1_ee_oo_internal.inc ****   do {                                          \
 199:Generated_Source\PSoC5/ErikaOS_1_ee_oo_internal.inc ****     flag = EE_hal_begin_nested_primitive();     \
 200:Generated_Source\PSoC5/ErikaOS_1_ee_oo_internal.inc ****     EE_as_tp_active_pause_and_update_budgets(); \
 201:Generated_Source\PSoC5/ErikaOS_1_ee_oo_internal.inc ****   } while ( 0 )
 202:Generated_Source\PSoC5/ErikaOS_1_ee_oo_internal.inc **** 
 203:Generated_Source\PSoC5/ErikaOS_1_ee_oo_internal.inc **** #define EE_OS_DECLARE_AND_ENTER_CRITICAL_SECTION()  \
 204:Generated_Source\PSoC5/ErikaOS_1_ee_oo_internal.inc ****   EE_OS_DECLARE_CRITICAL_SECTION();                 \
 205:Generated_Source\PSoC5/ErikaOS_1_ee_oo_internal.inc ****   EE_OS_ENTER_CRITICAL_SECTION()
 206:Generated_Source\PSoC5/ErikaOS_1_ee_oo_internal.inc **** 
 207:Generated_Source\PSoC5/ErikaOS_1_ee_oo_internal.inc **** #define EE_OS_EXIT_CRITICAL_SECTION()             \
 208:Generated_Source\PSoC5/ErikaOS_1_ee_oo_internal.inc ****   do {                                            \
 209:Generated_Source\PSoC5/ErikaOS_1_ee_oo_internal.inc ****     EE_as_tp_active_update_budgets_and_restart(); \
 210:Generated_Source\PSoC5/ErikaOS_1_ee_oo_internal.inc ****     EE_hal_end_nested_primitive(flag);            \
 211:Generated_Source\PSoC5/ErikaOS_1_ee_oo_internal.inc ****   } while ( 0 )
 212:Generated_Source\PSoC5/ErikaOS_1_ee_oo_internal.inc **** 
 213:Generated_Source\PSoC5/ErikaOS_1_ee_oo_internal.inc **** #define EE_OS_FOREVER_CRITICAL_SECTION()          \
 214:Generated_Source\PSoC5/ErikaOS_1_ee_oo_internal.inc ****   do {                                            \
 215:Generated_Source\PSoC5/ErikaOS_1_ee_oo_internal.inc ****     EE_hal_disableIRQ();                          \
 216:Generated_Source\PSoC5/ErikaOS_1_ee_oo_internal.inc ****     EE_as_tp_active_pause_and_update_budgets();   \
 217:Generated_Source\PSoC5/ErikaOS_1_ee_oo_internal.inc ****   } while ( 0 )
 218:Generated_Source\PSoC5/ErikaOS_1_ee_oo_internal.inc **** 
 219:Generated_Source\PSoC5/ErikaOS_1_ee_oo_internal.inc **** #else /* !__EE_MEMORY_PROTECTION__ */
 220:Generated_Source\PSoC5/ErikaOS_1_ee_oo_internal.inc **** /* TP in any case have to be handled in Service Implementation. Syscall
 221:Generated_Source\PSoC5/ErikaOS_1_ee_oo_internal.inc ****    mechanism can be implement in C language and, in that case, a function call
 222:Generated_Source\PSoC5/ErikaOS_1_ee_oo_internal.inc ****    cannot be done in syscall handler. */
 223:Generated_Source\PSoC5/ErikaOS_1_ee_oo_internal.inc **** #define EE_OS_DECLARE_CRITICAL_SECTION()            ((void)0)
 224:Generated_Source\PSoC5/ErikaOS_1_ee_oo_internal.inc **** #define EE_OS_ENTER_CRITICAL_SECTION()              \
 225:Generated_Source\PSoC5/ErikaOS_1_ee_oo_internal.inc ****   EE_as_tp_active_pause_and_update_budgets()
 226:Generated_Source\PSoC5/ErikaOS_1_ee_oo_internal.inc **** #define EE_OS_DECLARE_AND_ENTER_CRITICAL_SECTION()  \
 227:Generated_Source\PSoC5/ErikaOS_1_ee_oo_internal.inc ****   EE_as_tp_active_pause_and_update_budgets()
 228:Generated_Source\PSoC5/ErikaOS_1_ee_oo_internal.inc **** #define EE_OS_EXIT_CRITICAL_SECTION()               \
 229:Generated_Source\PSoC5/ErikaOS_1_ee_oo_internal.inc ****   EE_as_tp_active_update_budgets_and_restart()
 230:Generated_Source\PSoC5/ErikaOS_1_ee_oo_internal.inc **** #define EE_OS_FOREVER_CRITICAL_SECTION()			\
 231:Generated_Source\PSoC5/ErikaOS_1_ee_oo_internal.inc ****   EE_as_tp_active_pause_and_update_budgets()
 232:Generated_Source\PSoC5/ErikaOS_1_ee_oo_internal.inc **** #endif /* !__EE_MEMORY_PROTECTION__ */
 233:Generated_Source\PSoC5/ErikaOS_1_ee_oo_internal.inc **** 
 234:Generated_Source\PSoC5/ErikaOS_1_ee_oo_internal.inc **** /* return the first stacked task (the running task) without extracting it 
 235:Generated_Source\PSoC5/ErikaOS_1_ee_oo_internal.inc ****    we suppose that this function can be called ALSO at interrupt ENABLED!!!
 236:Generated_Source\PSoC5/ErikaOS_1_ee_oo_internal.inc ****    (see WaitEvent.c) */
 237:Generated_Source\PSoC5/ErikaOS_1_ee_oo_internal.inc **** #ifndef __PRIVATE_STK_QUERYFIRST__
ARM GAS  C:\Users\Reza\AppData\Local\Temp\cc0wk5uI.s 			page 7


 238:Generated_Source\PSoC5/ErikaOS_1_ee_oo_internal.inc **** __INLINE__ EE_TID  EE_stk_queryfirst(void)
 239:Generated_Source\PSoC5/ErikaOS_1_ee_oo_internal.inc **** {
 240:Generated_Source\PSoC5/ErikaOS_1_ee_oo_internal.inc ****     return EE_stkfirst;  
  37              		.loc 2 240 0
  38 0000 014B     		ldr	r3, .L2
  39              	.LBE9:
  40              	.LBE8:
  70:Generated_Source\PSoC5/ErikaOS_1_ee_tstub.c ****   register EE_TID temp;
  71:Generated_Source\PSoC5/ErikaOS_1_ee_tstub.c **** 
  72:Generated_Source\PSoC5/ErikaOS_1_ee_tstub.c **** #if (__OO_configUSE_TRACE_FACILITY == 1)
  73:Generated_Source\PSoC5/ErikaOS_1_ee_tstub.c ****   traceMOVED_TASK_TO_READY_STATE(EE_stk_queryfirst());
  74:Generated_Source\PSoC5/ErikaOS_1_ee_tstub.c ****   traceTASK_SWITCHED_IN(EE_stk_queryfirst(), EE_th_ready_prio[EE_stk_queryfirst()]);
  75:Generated_Source\PSoC5/ErikaOS_1_ee_tstub.c **** #endif
  76:Generated_Source\PSoC5/ErikaOS_1_ee_tstub.c **** 
  77:Generated_Source\PSoC5/ErikaOS_1_ee_tstub.c ****   EE_oo_call_PreTaskHook();
  78:Generated_Source\PSoC5/ErikaOS_1_ee_tstub.c **** 
  79:Generated_Source\PSoC5/ErikaOS_1_ee_tstub.c ****   temp = EE_stk_queryfirst();
  80:Generated_Source\PSoC5/ErikaOS_1_ee_tstub.c **** 
  81:Generated_Source\PSoC5/ErikaOS_1_ee_tstub.c ****   EE_hal_terminate_savestk(temp);
  41              		.loc 1 81 0
  42 0002 1868     		ldr	r0, [r3]
  43 0004 FFF7FEBF 		b	EE_hal_terminate_savestk
  44              	.LVL1:
  45              	.L3:
  46              		.align	2
  47              	.L2:
  48 0008 00000000 		.word	EE_stkfirst
  49              		.cfi_endproc
  50              	.LFE70:
  51              		.size	EE_oo_thread_stub, .-EE_oo_thread_stub
  52              		.text
  53              	.Letext0:
  54              		.file 3 "Generated_Source\\PSoC5\\ErikaOS_1_common_ee_types.inc"
  55              		.file 4 "Generated_Source\\PSoC5\\ErikaOS_1_cortex_mx_ee_cpu.inc"
  56              		.file 5 "Generated_Source\\PSoC5\\ErikaOS_1_ee_oo_common.inc"
  57              		.file 6 "Generated_Source\\PSoC5\\ErikaOS_1_common_ee_primitives.inc"
  58              		.file 7 "Generated_Source\\PSoC5\\ErikaOS_1_cortex_mx_ee_context.inc"
  59              		.file 8 "Generated_Source\\PSoC5\\ErikaOS_1_ee_oo_intfunc.inc"
  60              		.file 9 "Generated_Source\\PSoC5\\ErikaOS_1_cortex_mx_ee_internal.inc"
  61              		.section	.debug_info,"",%progbits
  62              	.Ldebug_info0:
  63 0000 92040000 		.4byte	0x492
  64 0004 0400     		.2byte	0x4
  65 0006 00000000 		.4byte	.Ldebug_abbrev0
  66 000a 04       		.byte	0x4
  67 000b 01       		.uleb128 0x1
  68 000c 01040000 		.4byte	.LASF74
  69 0010 0C       		.byte	0xc
  70 0011 BD050000 		.4byte	.LASF75
  71 0015 3D010000 		.4byte	.LASF76
  72 0019 00000000 		.4byte	.Ldebug_ranges0+0
  73 001d 00000000 		.4byte	0
  74 0021 00000000 		.4byte	.Ldebug_line0
  75 0025 02       		.uleb128 0x2
  76 0026 01       		.byte	0x1
  77 0027 06       		.byte	0x6
  78 0028 9A030000 		.4byte	.LASF0
ARM GAS  C:\Users\Reza\AppData\Local\Temp\cc0wk5uI.s 			page 8


  79 002c 02       		.uleb128 0x2
  80 002d 01       		.byte	0x1
  81 002e 08       		.byte	0x8
  82 002f 73030000 		.4byte	.LASF1
  83 0033 02       		.uleb128 0x2
  84 0034 02       		.byte	0x2
  85 0035 05       		.byte	0x5
  86 0036 7E000000 		.4byte	.LASF2
  87 003a 02       		.uleb128 0x2
  88 003b 02       		.byte	0x2
  89 003c 07       		.byte	0x7
  90 003d 9C040000 		.4byte	.LASF3
  91 0041 02       		.uleb128 0x2
  92 0042 04       		.byte	0x4
  93 0043 05       		.byte	0x5
  94 0044 AF020000 		.4byte	.LASF4
  95 0048 02       		.uleb128 0x2
  96 0049 04       		.byte	0x4
  97 004a 07       		.byte	0x7
  98 004b 0F050000 		.4byte	.LASF5
  99 004f 02       		.uleb128 0x2
 100 0050 08       		.byte	0x8
 101 0051 05       		.byte	0x5
 102 0052 5F020000 		.4byte	.LASF6
 103 0056 02       		.uleb128 0x2
 104 0057 08       		.byte	0x8
 105 0058 07       		.byte	0x7
 106 0059 A6030000 		.4byte	.LASF7
 107 005d 03       		.uleb128 0x3
 108 005e 04       		.byte	0x4
 109 005f 05       		.byte	0x5
 110 0060 696E7400 		.ascii	"int\000"
 111 0064 02       		.uleb128 0x2
 112 0065 04       		.byte	0x4
 113 0066 07       		.byte	0x7
 114 0067 CF030000 		.4byte	.LASF8
 115 006b 02       		.uleb128 0x2
 116 006c 08       		.byte	0x8
 117 006d 04       		.byte	0x4
 118 006e 43030000 		.4byte	.LASF9
 119 0072 04       		.uleb128 0x4
 120 0073 6D020000 		.4byte	.LASF10
 121 0077 03       		.byte	0x3
 122 0078 3F       		.byte	0x3f
 123 0079 25000000 		.4byte	0x25
 124 007d 04       		.uleb128 0x4
 125 007e CD040000 		.4byte	.LASF11
 126 0082 03       		.byte	0x3
 127 0083 52       		.byte	0x52
 128 0084 3A000000 		.4byte	0x3a
 129 0088 04       		.uleb128 0x4
 130 0089 32020000 		.4byte	.LASF12
 131 008d 03       		.byte	0x3
 132 008e 53       		.byte	0x53
 133 008f 5D000000 		.4byte	0x5d
 134 0093 04       		.uleb128 0x4
 135 0094 D5000000 		.4byte	.LASF13
ARM GAS  C:\Users\Reza\AppData\Local\Temp\cc0wk5uI.s 			page 9


 136 0098 03       		.byte	0x3
 137 0099 54       		.byte	0x54
 138 009a 64000000 		.4byte	0x64
 139 009e 04       		.uleb128 0x4
 140 009f 22000000 		.4byte	.LASF14
 141 00a3 04       		.byte	0x4
 142 00a4 4D       		.byte	0x4d
 143 00a5 93000000 		.4byte	0x93
 144 00a9 04       		.uleb128 0x4
 145 00aa A8000000 		.4byte	.LASF15
 146 00ae 04       		.byte	0x4
 147 00af 4F       		.byte	0x4f
 148 00b0 93000000 		.4byte	0x93
 149 00b4 04       		.uleb128 0x4
 150 00b5 21050000 		.4byte	.LASF16
 151 00b9 04       		.byte	0x4
 152 00ba 54       		.byte	0x54
 153 00bb 9E000000 		.4byte	0x9e
 154 00bf 04       		.uleb128 0x4
 155 00c0 16010000 		.4byte	.LASF17
 156 00c4 04       		.byte	0x4
 157 00c5 78       		.byte	0x78
 158 00c6 88000000 		.4byte	0x88
 159 00ca 05       		.uleb128 0x5
 160 00cb 8E020000 		.4byte	.LASF18
 161 00cf 05       		.byte	0x5
 162 00d0 1101     		.2byte	0x111
 163 00d2 7D000000 		.4byte	0x7d
 164 00d6 05       		.uleb128 0x5
 165 00d7 19030000 		.4byte	.LASF19
 166 00db 05       		.byte	0x5
 167 00dc 3502     		.2byte	0x235
 168 00de 9E000000 		.4byte	0x9e
 169 00e2 05       		.uleb128 0x5
 170 00e3 31030000 		.4byte	.LASF20
 171 00e7 05       		.byte	0x5
 172 00e8 5D02     		.2byte	0x25d
 173 00ea 9E000000 		.4byte	0x9e
 174 00ee 05       		.uleb128 0x5
 175 00ef 90050000 		.4byte	.LASF21
 176 00f3 05       		.byte	0x5
 177 00f4 6C02     		.2byte	0x26c
 178 00f6 9E000000 		.4byte	0x9e
 179 00fa 06       		.uleb128 0x6
 180 00fb 0C       		.byte	0xc
 181 00fc 05       		.byte	0x5
 182 00fd 7202     		.2byte	0x272
 183 00ff 2B010000 		.4byte	0x12b
 184 0103 07       		.uleb128 0x7
 185 0104 B8020000 		.4byte	.LASF22
 186 0108 05       		.byte	0x5
 187 0109 7302     		.2byte	0x273
 188 010b D6000000 		.4byte	0xd6
 189 010f 00       		.byte	0
 190 0110 07       		.uleb128 0x7
 191 0111 59000000 		.4byte	.LASF23
 192 0115 05       		.byte	0x5
ARM GAS  C:\Users\Reza\AppData\Local\Temp\cc0wk5uI.s 			page 10


 193 0116 7402     		.2byte	0x274
 194 0118 D6000000 		.4byte	0xd6
 195 011c 04       		.byte	0x4
 196 011d 07       		.uleb128 0x7
 197 011e 1D010000 		.4byte	.LASF24
 198 0122 05       		.byte	0x5
 199 0123 7502     		.2byte	0x275
 200 0125 D6000000 		.4byte	0xd6
 201 0129 08       		.byte	0x8
 202 012a 00       		.byte	0
 203 012b 05       		.uleb128 0x5
 204 012c E6020000 		.4byte	.LASF25
 205 0130 05       		.byte	0x5
 206 0131 7A02     		.2byte	0x27a
 207 0133 FA000000 		.4byte	0xfa
 208 0137 06       		.uleb128 0x6
 209 0138 08       		.byte	0x8
 210 0139 05       		.byte	0x5
 211 013a 7D02     		.2byte	0x27d
 212 013c 5B010000 		.4byte	0x15b
 213 0140 07       		.uleb128 0x7
 214 0141 26010000 		.4byte	.LASF26
 215 0145 05       		.byte	0x5
 216 0146 7E02     		.2byte	0x27e
 217 0148 D6000000 		.4byte	0xd6
 218 014c 00       		.byte	0
 219 014d 07       		.uleb128 0x7
 220 014e 35060000 		.4byte	.LASF27
 221 0152 05       		.byte	0x5
 222 0153 7F02     		.2byte	0x27f
 223 0155 E2000000 		.4byte	0xe2
 224 0159 04       		.byte	0x4
 225 015a 00       		.byte	0
 226 015b 05       		.uleb128 0x5
 227 015c 3B020000 		.4byte	.LASF28
 228 0160 05       		.byte	0x5
 229 0161 8002     		.2byte	0x280
 230 0163 37010000 		.4byte	0x137
 231 0167 08       		.uleb128 0x8
 232 0168 01       		.byte	0x1
 233 0169 2C000000 		.4byte	0x2c
 234 016d 05       		.byte	0x5
 235 016e 8A02     		.2byte	0x28a
 236 0170 81010000 		.4byte	0x181
 237 0174 09       		.uleb128 0x9
 238 0175 64050000 		.4byte	.LASF29
 239 0179 00       		.byte	0
 240 017a 09       		.uleb128 0x9
 241 017b 9E020000 		.4byte	.LASF30
 242 017f 01       		.byte	0x1
 243 0180 00       		.byte	0
 244 0181 05       		.uleb128 0x5
 245 0182 FE010000 		.4byte	.LASF31
 246 0186 05       		.byte	0x5
 247 0187 8D02     		.2byte	0x28d
 248 0189 67010000 		.4byte	0x167
 249 018d 05       		.uleb128 0x5
ARM GAS  C:\Users\Reza\AppData\Local\Temp\cc0wk5uI.s 			page 11


 250 018e BF000000 		.4byte	.LASF32
 251 0192 05       		.byte	0x5
 252 0193 9002     		.2byte	0x290
 253 0195 81010000 		.4byte	0x181
 254 0199 06       		.uleb128 0x6
 255 019a 0C       		.byte	0xc
 256 019b 05       		.byte	0x5
 257 019c 9402     		.2byte	0x294
 258 019e C8010000 		.4byte	0x1c8
 259 01a2 0A       		.uleb128 0xa
 260 01a3 6300     		.ascii	"c\000"
 261 01a5 05       		.byte	0x5
 262 01a6 9602     		.2byte	0x296
 263 01a8 EE000000 		.4byte	0xee
 264 01ac 00       		.byte	0
 265 01ad 07       		.uleb128 0x7
 266 01ae A0000000 		.4byte	.LASF33
 267 01b2 05       		.byte	0x5
 268 01b3 9802     		.2byte	0x298
 269 01b5 E2000000 		.4byte	0xe2
 270 01b9 04       		.byte	0x4
 271 01ba 07       		.uleb128 0x7
 272 01bb 00000000 		.4byte	.LASF34
 273 01bf 05       		.byte	0x5
 274 01c0 9A02     		.2byte	0x29a
 275 01c2 8D010000 		.4byte	0x18d
 276 01c6 08       		.byte	0x8
 277 01c7 00       		.byte	0
 278 01c8 05       		.uleb128 0x5
 279 01c9 AF040000 		.4byte	.LASF35
 280 01cd 05       		.byte	0x5
 281 01ce 9B02     		.2byte	0x29b
 282 01d0 99010000 		.4byte	0x199
 283 01d4 06       		.uleb128 0x6
 284 01d5 10       		.byte	0x10
 285 01d6 05       		.byte	0x5
 286 01d7 9F02     		.2byte	0x29f
 287 01d9 12020000 		.4byte	0x212
 288 01dd 07       		.uleb128 0x7
 289 01de 82050000 		.4byte	.LASF36
 290 01e2 05       		.byte	0x5
 291 01e3 A002     		.2byte	0x2a0
 292 01e5 B4000000 		.4byte	0xb4
 293 01e9 00       		.byte	0
 294 01ea 07       		.uleb128 0x7
 295 01eb FB050000 		.4byte	.LASF37
 296 01ef 05       		.byte	0x5
 297 01f0 A102     		.2byte	0x2a1
 298 01f2 D6000000 		.4byte	0xd6
 299 01f6 04       		.byte	0x4
 300 01f7 07       		.uleb128 0x7
 301 01f8 9A000000 		.4byte	.LASF38
 302 01fc 05       		.byte	0x5
 303 01fd A202     		.2byte	0x2a2
 304 01ff D6000000 		.4byte	0xd6
 305 0203 08       		.byte	0x8
 306 0204 07       		.uleb128 0x7
ARM GAS  C:\Users\Reza\AppData\Local\Temp\cc0wk5uI.s 			page 12


 307 0205 23060000 		.4byte	.LASF39
 308 0209 05       		.byte	0x5
 309 020a A302     		.2byte	0x2a3
 310 020c E2000000 		.4byte	0xe2
 311 0210 0C       		.byte	0xc
 312 0211 00       		.byte	0
 313 0212 05       		.uleb128 0x5
 314 0213 C8020000 		.4byte	.LASF40
 315 0217 05       		.byte	0x5
 316 0218 A402     		.2byte	0x2a4
 317 021a D4010000 		.4byte	0x1d4
 318 021e 08       		.uleb128 0x8
 319 021f 01       		.byte	0x1
 320 0220 2C000000 		.4byte	0x2c
 321 0224 05       		.byte	0x5
 322 0225 5904     		.2byte	0x459
 323 0227 6E020000 		.4byte	0x26e
 324 022b 09       		.uleb128 0x9
 325 022c 05000000 		.4byte	.LASF41
 326 0230 00       		.byte	0
 327 0231 09       		.uleb128 0x9
 328 0232 8F040000 		.4byte	.LASF42
 329 0236 01       		.byte	0x1
 330 0237 09       		.uleb128 0x9
 331 0238 09010000 		.4byte	.LASF43
 332 023c 02       		.byte	0x2
 333 023d 09       		.uleb128 0x9
 334 023e 88000000 		.4byte	.LASF44
 335 0242 03       		.byte	0x3
 336 0243 09       		.uleb128 0x9
 337 0244 39050000 		.4byte	.LASF45
 338 0248 04       		.byte	0x4
 339 0249 09       		.uleb128 0x9
 340 024a 50050000 		.4byte	.LASF46
 341 024e 05       		.byte	0x5
 342 024f 09       		.uleb128 0x9
 343 0250 6D050000 		.4byte	.LASF47
 344 0254 06       		.byte	0x6
 345 0255 09       		.uleb128 0x9
 346 0256 0F060000 		.4byte	.LASF48
 347 025a 07       		.byte	0x7
 348 025b 09       		.uleb128 0x9
 349 025c 5E030000 		.4byte	.LASF49
 350 0260 08       		.byte	0x8
 351 0261 09       		.uleb128 0x9
 352 0262 D7040000 		.4byte	.LASF50
 353 0266 09       		.byte	0x9
 354 0267 09       		.uleb128 0x9
 355 0268 52020000 		.4byte	.LASF51
 356 026c 0A       		.byte	0xa
 357 026d 00       		.byte	0
 358 026e 05       		.uleb128 0x5
 359 026f B0000000 		.4byte	.LASF52
 360 0273 05       		.byte	0x5
 361 0274 6504     		.2byte	0x465
 362 0276 1E020000 		.4byte	0x21e
 363 027a 0B       		.uleb128 0xb
ARM GAS  C:\Users\Reza\AppData\Local\Temp\cc0wk5uI.s 			page 13


 364 027b FD020000 		.4byte	.LASF77
 365 027f 05       		.byte	0x5
 366 0280 8404     		.2byte	0x484
 367 0282 03       		.byte	0x3
 368 0283 94020000 		.4byte	0x294
 369 0287 0C       		.uleb128 0xc
 370 0288 63747800 		.ascii	"ctx\000"
 371 028c 05       		.byte	0x5
 372 028d 8504     		.2byte	0x485
 373 028f 6E020000 		.4byte	0x26e
 374 0293 00       		.byte	0
 375 0294 0D       		.uleb128 0xd
 376 0295 BD030000 		.4byte	.LASF78
 377 0299 02       		.byte	0x2
 378 029a EE       		.byte	0xee
 379 029b BF000000 		.4byte	0xbf
 380 029f 03       		.byte	0x3
 381 02a0 0E       		.uleb128 0xe
 382 02a1 42000000 		.4byte	.LASF79
 383 02a5 02       		.byte	0x2
 384 02a6 8D01     		.2byte	0x18d
 385 02a8 03       		.byte	0x3
 386 02a9 0F       		.uleb128 0xf
 387 02aa E9050000 		.4byte	.LASF80
 388 02ae 01       		.byte	0x1
 389 02af 44       		.byte	0x44
 390 02b0 00000000 		.4byte	.LFB70
 391 02b4 0C000000 		.4byte	.LFE70-.LFB70
 392 02b8 01       		.uleb128 0x1
 393 02b9 9C       		.byte	0x9c
 394 02ba E2020000 		.4byte	0x2e2
 395 02be 10       		.uleb128 0x10
 396 02bf 79000000 		.4byte	.LASF81
 397 02c3 01       		.byte	0x1
 398 02c4 46       		.byte	0x46
 399 02c5 BF000000 		.4byte	0xbf
 400 02c9 11       		.uleb128 0x11
 401 02ca 94020000 		.4byte	0x294
 402 02ce 00000000 		.4byte	.LBB8
 403 02d2 02000000 		.4byte	.LBE8-.LBB8
 404 02d6 01       		.byte	0x1
 405 02d7 4F       		.byte	0x4f
 406 02d8 12       		.uleb128 0x12
 407 02d9 08000000 		.4byte	.LVL1
 408 02dd 8A040000 		.4byte	0x48a
 409 02e1 00       		.byte	0
 410 02e2 13       		.uleb128 0x13
 411 02e3 1D020000 		.4byte	.LASF53
 412 02e7 06       		.byte	0x6
 413 02e8 44       		.byte	0x44
 414 02e9 9E000000 		.4byte	0x9e
 415 02ed 13       		.uleb128 0x13
 416 02ee E8030000 		.4byte	.LASF54
 417 02f2 07       		.byte	0x7
 418 02f3 48       		.byte	0x48
 419 02f4 BF000000 		.4byte	0xbf
 420 02f8 14       		.uleb128 0x14
ARM GAS  C:\Users\Reza\AppData\Local\Temp\cc0wk5uI.s 			page 14


 421 02f9 0F030000 		.4byte	0x30f
 422 02fd 08030000 		.4byte	0x308
 423 0301 15       		.uleb128 0x15
 424 0302 08030000 		.4byte	0x308
 425 0306 03       		.byte	0x3
 426 0307 00       		.byte	0
 427 0308 02       		.uleb128 0x2
 428 0309 04       		.byte	0x4
 429 030a 07       		.byte	0x7
 430 030b 87050000 		.4byte	.LASF55
 431 030f 16       		.uleb128 0x16
 432 0310 9E000000 		.4byte	0x9e
 433 0314 13       		.uleb128 0x13
 434 0315 F8000000 		.4byte	.LASF56
 435 0319 05       		.byte	0x5
 436 031a B2       		.byte	0xb2
 437 031b 1F030000 		.4byte	0x31f
 438 031f 16       		.uleb128 0x16
 439 0320 F8020000 		.4byte	0x2f8
 440 0324 13       		.uleb128 0x13
 441 0325 A9050000 		.4byte	.LASF57
 442 0329 05       		.byte	0x5
 443 032a B3       		.byte	0xb3
 444 032b 2F030000 		.4byte	0x32f
 445 032f 16       		.uleb128 0x16
 446 0330 F8020000 		.4byte	0x2f8
 447 0334 14       		.uleb128 0x14
 448 0335 9E000000 		.4byte	0x9e
 449 0339 44030000 		.4byte	0x344
 450 033d 15       		.uleb128 0x15
 451 033e 08030000 		.4byte	0x308
 452 0342 03       		.byte	0x3
 453 0343 00       		.byte	0
 454 0344 13       		.uleb128 0x13
 455 0345 9C050000 		.4byte	.LASF58
 456 0349 05       		.byte	0x5
 457 034a CA       		.byte	0xca
 458 034b 34030000 		.4byte	0x334
 459 034f 14       		.uleb128 0x14
 460 0350 BF000000 		.4byte	0xbf
 461 0354 5F030000 		.4byte	0x35f
 462 0358 15       		.uleb128 0x15
 463 0359 08030000 		.4byte	0x308
 464 035d 03       		.byte	0x3
 465 035e 00       		.byte	0
 466 035f 13       		.uleb128 0x13
 467 0360 04060000 		.4byte	.LASF59
 468 0364 05       		.byte	0x5
 469 0365 D2       		.byte	0xd2
 470 0366 4F030000 		.4byte	0x34f
 471 036a 13       		.uleb128 0x13
 472 036b DC030000 		.4byte	.LASF60
 473 036f 05       		.byte	0x5
 474 0370 DA       		.byte	0xda
 475 0371 34030000 		.4byte	0x334
 476 0375 13       		.uleb128 0x13
 477 0376 2D050000 		.4byte	.LASF61
ARM GAS  C:\Users\Reza\AppData\Local\Temp\cc0wk5uI.s 			page 15


 478 037a 05       		.byte	0x5
 479 037b E2       		.byte	0xe2
 480 037c BF000000 		.4byte	0xbf
 481 0380 13       		.uleb128 0x13
 482 0381 22030000 		.4byte	.LASF62
 483 0385 05       		.byte	0x5
 484 0386 F7       		.byte	0xf7
 485 0387 9E000000 		.4byte	0x9e
 486 038b 17       		.uleb128 0x17
 487 038c 14000000 		.4byte	.LASF63
 488 0390 05       		.byte	0x5
 489 0391 3F01     		.2byte	0x13f
 490 0393 CA000000 		.4byte	0xca
 491 0397 17       		.uleb128 0x17
 492 0398 66000000 		.4byte	.LASF64
 493 039c 05       		.byte	0x5
 494 039d 5C01     		.2byte	0x15c
 495 039f 34030000 		.4byte	0x334
 496 03a3 14       		.uleb128 0x14
 497 03a4 B4000000 		.4byte	0xb4
 498 03a8 B3030000 		.4byte	0x3b3
 499 03ac 15       		.uleb128 0x15
 500 03ad 08030000 		.4byte	0x308
 501 03b1 03       		.byte	0x3
 502 03b2 00       		.byte	0
 503 03b3 17       		.uleb128 0x17
 504 03b4 2C010000 		.4byte	.LASF65
 505 03b8 05       		.byte	0x5
 506 03b9 6701     		.2byte	0x167
 507 03bb A3030000 		.4byte	0x3a3
 508 03bf 14       		.uleb128 0x14
 509 03c0 CF030000 		.4byte	0x3cf
 510 03c4 CF030000 		.4byte	0x3cf
 511 03c8 15       		.uleb128 0x15
 512 03c9 08030000 		.4byte	0x308
 513 03cd 00       		.byte	0
 514 03ce 00       		.byte	0
 515 03cf 16       		.uleb128 0x16
 516 03d0 2B010000 		.4byte	0x12b
 517 03d4 17       		.uleb128 0x17
 518 03d5 4F030000 		.4byte	.LASF66
 519 03d9 05       		.byte	0x5
 520 03da CA02     		.2byte	0x2ca
 521 03dc E0030000 		.4byte	0x3e0
 522 03e0 16       		.uleb128 0x16
 523 03e1 BF030000 		.4byte	0x3bf
 524 03e5 14       		.uleb128 0x14
 525 03e6 F5030000 		.4byte	0x3f5
 526 03ea F5030000 		.4byte	0x3f5
 527 03ee 15       		.uleb128 0x15
 528 03ef 08030000 		.4byte	0x308
 529 03f3 01       		.byte	0x1
 530 03f4 00       		.byte	0
 531 03f5 16       		.uleb128 0x16
 532 03f6 C8010000 		.4byte	0x1c8
 533 03fa 17       		.uleb128 0x17
 534 03fb E5010000 		.4byte	.LASF67
ARM GAS  C:\Users\Reza\AppData\Local\Temp\cc0wk5uI.s 			page 16


 535 03ff 05       		.byte	0x5
 536 0400 DD02     		.2byte	0x2dd
 537 0402 06040000 		.4byte	0x406
 538 0406 16       		.uleb128 0x16
 539 0407 E5030000 		.4byte	0x3e5
 540 040b 14       		.uleb128 0x14
 541 040c 5B010000 		.4byte	0x15b
 542 0410 1B040000 		.4byte	0x41b
 543 0414 15       		.uleb128 0x15
 544 0415 08030000 		.4byte	0x308
 545 0419 00       		.byte	0
 546 041a 00       		.byte	0
 547 041b 17       		.uleb128 0x17
 548 041c ED040000 		.4byte	.LASF68
 549 0420 05       		.byte	0x5
 550 0421 FB02     		.2byte	0x2fb
 551 0423 0B040000 		.4byte	0x40b
 552 0427 14       		.uleb128 0x14
 553 0428 12020000 		.4byte	0x212
 554 042c 37040000 		.4byte	0x437
 555 0430 15       		.uleb128 0x15
 556 0431 08030000 		.4byte	0x308
 557 0435 01       		.byte	0x1
 558 0436 00       		.byte	0
 559 0437 17       		.uleb128 0x17
 560 0438 81030000 		.4byte	.LASF69
 561 043c 05       		.byte	0x5
 562 043d 0403     		.2byte	0x304
 563 043f 27040000 		.4byte	0x427
 564 0443 13       		.uleb128 0x13
 565 0444 2A000000 		.4byte	.LASF70
 566 0448 08       		.byte	0x8
 567 0449 40       		.byte	0x40
 568 044a 9E000000 		.4byte	0x9e
 569 044e 13       		.uleb128 0x13
 570 044f 75020000 		.4byte	.LASF71
 571 0453 08       		.byte	0x8
 572 0454 47       		.byte	0x47
 573 0455 A9000000 		.4byte	0xa9
 574 0459 13       		.uleb128 0x13
 575 045a FC040000 		.4byte	.LASF72
 576 045e 08       		.byte	0x8
 577 045f 4A       		.byte	0x4a
 578 0460 9E000000 		.4byte	0x9e
 579 0464 14       		.uleb128 0x14
 580 0465 74040000 		.4byte	0x474
 581 0469 74040000 		.4byte	0x474
 582 046d 15       		.uleb128 0x15
 583 046e 08030000 		.4byte	0x308
 584 0472 FF       		.byte	0xff
 585 0473 00       		.byte	0
 586 0474 16       		.uleb128 0x16
 587 0475 72000000 		.4byte	0x72
 588 0479 17       		.uleb128 0x17
 589 047a 28060000 		.4byte	.LASF73
 590 047e 02       		.byte	0x2
 591 047f AB01     		.2byte	0x1ab
ARM GAS  C:\Users\Reza\AppData\Local\Temp\cc0wk5uI.s 			page 17


 592 0481 85040000 		.4byte	0x485
 593 0485 16       		.uleb128 0x16
 594 0486 64040000 		.4byte	0x464
 595 048a 18       		.uleb128 0x18
 596 048b DF000000 		.4byte	.LASF82
 597 048f DF000000 		.4byte	.LASF82
 598 0493 09       		.byte	0x9
 599 0494 BC       		.byte	0xbc
 600 0495 00       		.byte	0
 601              		.section	.debug_abbrev,"",%progbits
 602              	.Ldebug_abbrev0:
 603 0000 01       		.uleb128 0x1
 604 0001 11       		.uleb128 0x11
 605 0002 01       		.byte	0x1
 606 0003 25       		.uleb128 0x25
 607 0004 0E       		.uleb128 0xe
 608 0005 13       		.uleb128 0x13
 609 0006 0B       		.uleb128 0xb
 610 0007 03       		.uleb128 0x3
 611 0008 0E       		.uleb128 0xe
 612 0009 1B       		.uleb128 0x1b
 613 000a 0E       		.uleb128 0xe
 614 000b 55       		.uleb128 0x55
 615 000c 17       		.uleb128 0x17
 616 000d 11       		.uleb128 0x11
 617 000e 01       		.uleb128 0x1
 618 000f 10       		.uleb128 0x10
 619 0010 17       		.uleb128 0x17
 620 0011 00       		.byte	0
 621 0012 00       		.byte	0
 622 0013 02       		.uleb128 0x2
 623 0014 24       		.uleb128 0x24
 624 0015 00       		.byte	0
 625 0016 0B       		.uleb128 0xb
 626 0017 0B       		.uleb128 0xb
 627 0018 3E       		.uleb128 0x3e
 628 0019 0B       		.uleb128 0xb
 629 001a 03       		.uleb128 0x3
 630 001b 0E       		.uleb128 0xe
 631 001c 00       		.byte	0
 632 001d 00       		.byte	0
 633 001e 03       		.uleb128 0x3
 634 001f 24       		.uleb128 0x24
 635 0020 00       		.byte	0
 636 0021 0B       		.uleb128 0xb
 637 0022 0B       		.uleb128 0xb
 638 0023 3E       		.uleb128 0x3e
 639 0024 0B       		.uleb128 0xb
 640 0025 03       		.uleb128 0x3
 641 0026 08       		.uleb128 0x8
 642 0027 00       		.byte	0
 643 0028 00       		.byte	0
 644 0029 04       		.uleb128 0x4
 645 002a 16       		.uleb128 0x16
 646 002b 00       		.byte	0
 647 002c 03       		.uleb128 0x3
 648 002d 0E       		.uleb128 0xe
ARM GAS  C:\Users\Reza\AppData\Local\Temp\cc0wk5uI.s 			page 18


 649 002e 3A       		.uleb128 0x3a
 650 002f 0B       		.uleb128 0xb
 651 0030 3B       		.uleb128 0x3b
 652 0031 0B       		.uleb128 0xb
 653 0032 49       		.uleb128 0x49
 654 0033 13       		.uleb128 0x13
 655 0034 00       		.byte	0
 656 0035 00       		.byte	0
 657 0036 05       		.uleb128 0x5
 658 0037 16       		.uleb128 0x16
 659 0038 00       		.byte	0
 660 0039 03       		.uleb128 0x3
 661 003a 0E       		.uleb128 0xe
 662 003b 3A       		.uleb128 0x3a
 663 003c 0B       		.uleb128 0xb
 664 003d 3B       		.uleb128 0x3b
 665 003e 05       		.uleb128 0x5
 666 003f 49       		.uleb128 0x49
 667 0040 13       		.uleb128 0x13
 668 0041 00       		.byte	0
 669 0042 00       		.byte	0
 670 0043 06       		.uleb128 0x6
 671 0044 13       		.uleb128 0x13
 672 0045 01       		.byte	0x1
 673 0046 0B       		.uleb128 0xb
 674 0047 0B       		.uleb128 0xb
 675 0048 3A       		.uleb128 0x3a
 676 0049 0B       		.uleb128 0xb
 677 004a 3B       		.uleb128 0x3b
 678 004b 05       		.uleb128 0x5
 679 004c 01       		.uleb128 0x1
 680 004d 13       		.uleb128 0x13
 681 004e 00       		.byte	0
 682 004f 00       		.byte	0
 683 0050 07       		.uleb128 0x7
 684 0051 0D       		.uleb128 0xd
 685 0052 00       		.byte	0
 686 0053 03       		.uleb128 0x3
 687 0054 0E       		.uleb128 0xe
 688 0055 3A       		.uleb128 0x3a
 689 0056 0B       		.uleb128 0xb
 690 0057 3B       		.uleb128 0x3b
 691 0058 05       		.uleb128 0x5
 692 0059 49       		.uleb128 0x49
 693 005a 13       		.uleb128 0x13
 694 005b 38       		.uleb128 0x38
 695 005c 0B       		.uleb128 0xb
 696 005d 00       		.byte	0
 697 005e 00       		.byte	0
 698 005f 08       		.uleb128 0x8
 699 0060 04       		.uleb128 0x4
 700 0061 01       		.byte	0x1
 701 0062 0B       		.uleb128 0xb
 702 0063 0B       		.uleb128 0xb
 703 0064 49       		.uleb128 0x49
 704 0065 13       		.uleb128 0x13
 705 0066 3A       		.uleb128 0x3a
ARM GAS  C:\Users\Reza\AppData\Local\Temp\cc0wk5uI.s 			page 19


 706 0067 0B       		.uleb128 0xb
 707 0068 3B       		.uleb128 0x3b
 708 0069 05       		.uleb128 0x5
 709 006a 01       		.uleb128 0x1
 710 006b 13       		.uleb128 0x13
 711 006c 00       		.byte	0
 712 006d 00       		.byte	0
 713 006e 09       		.uleb128 0x9
 714 006f 28       		.uleb128 0x28
 715 0070 00       		.byte	0
 716 0071 03       		.uleb128 0x3
 717 0072 0E       		.uleb128 0xe
 718 0073 1C       		.uleb128 0x1c
 719 0074 0B       		.uleb128 0xb
 720 0075 00       		.byte	0
 721 0076 00       		.byte	0
 722 0077 0A       		.uleb128 0xa
 723 0078 0D       		.uleb128 0xd
 724 0079 00       		.byte	0
 725 007a 03       		.uleb128 0x3
 726 007b 08       		.uleb128 0x8
 727 007c 3A       		.uleb128 0x3a
 728 007d 0B       		.uleb128 0xb
 729 007e 3B       		.uleb128 0x3b
 730 007f 05       		.uleb128 0x5
 731 0080 49       		.uleb128 0x49
 732 0081 13       		.uleb128 0x13
 733 0082 38       		.uleb128 0x38
 734 0083 0B       		.uleb128 0xb
 735 0084 00       		.byte	0
 736 0085 00       		.byte	0
 737 0086 0B       		.uleb128 0xb
 738 0087 2E       		.uleb128 0x2e
 739 0088 01       		.byte	0x1
 740 0089 03       		.uleb128 0x3
 741 008a 0E       		.uleb128 0xe
 742 008b 3A       		.uleb128 0x3a
 743 008c 0B       		.uleb128 0xb
 744 008d 3B       		.uleb128 0x3b
 745 008e 05       		.uleb128 0x5
 746 008f 27       		.uleb128 0x27
 747 0090 19       		.uleb128 0x19
 748 0091 20       		.uleb128 0x20
 749 0092 0B       		.uleb128 0xb
 750 0093 01       		.uleb128 0x1
 751 0094 13       		.uleb128 0x13
 752 0095 00       		.byte	0
 753 0096 00       		.byte	0
 754 0097 0C       		.uleb128 0xc
 755 0098 05       		.uleb128 0x5
 756 0099 00       		.byte	0
 757 009a 03       		.uleb128 0x3
 758 009b 08       		.uleb128 0x8
 759 009c 3A       		.uleb128 0x3a
 760 009d 0B       		.uleb128 0xb
 761 009e 3B       		.uleb128 0x3b
 762 009f 05       		.uleb128 0x5
ARM GAS  C:\Users\Reza\AppData\Local\Temp\cc0wk5uI.s 			page 20


 763 00a0 49       		.uleb128 0x49
 764 00a1 13       		.uleb128 0x13
 765 00a2 00       		.byte	0
 766 00a3 00       		.byte	0
 767 00a4 0D       		.uleb128 0xd
 768 00a5 2E       		.uleb128 0x2e
 769 00a6 00       		.byte	0
 770 00a7 03       		.uleb128 0x3
 771 00a8 0E       		.uleb128 0xe
 772 00a9 3A       		.uleb128 0x3a
 773 00aa 0B       		.uleb128 0xb
 774 00ab 3B       		.uleb128 0x3b
 775 00ac 0B       		.uleb128 0xb
 776 00ad 27       		.uleb128 0x27
 777 00ae 19       		.uleb128 0x19
 778 00af 49       		.uleb128 0x49
 779 00b0 13       		.uleb128 0x13
 780 00b1 20       		.uleb128 0x20
 781 00b2 0B       		.uleb128 0xb
 782 00b3 00       		.byte	0
 783 00b4 00       		.byte	0
 784 00b5 0E       		.uleb128 0xe
 785 00b6 2E       		.uleb128 0x2e
 786 00b7 00       		.byte	0
 787 00b8 03       		.uleb128 0x3
 788 00b9 0E       		.uleb128 0xe
 789 00ba 3A       		.uleb128 0x3a
 790 00bb 0B       		.uleb128 0xb
 791 00bc 3B       		.uleb128 0x3b
 792 00bd 05       		.uleb128 0x5
 793 00be 27       		.uleb128 0x27
 794 00bf 19       		.uleb128 0x19
 795 00c0 20       		.uleb128 0x20
 796 00c1 0B       		.uleb128 0xb
 797 00c2 00       		.byte	0
 798 00c3 00       		.byte	0
 799 00c4 0F       		.uleb128 0xf
 800 00c5 2E       		.uleb128 0x2e
 801 00c6 01       		.byte	0x1
 802 00c7 3F       		.uleb128 0x3f
 803 00c8 19       		.uleb128 0x19
 804 00c9 03       		.uleb128 0x3
 805 00ca 0E       		.uleb128 0xe
 806 00cb 3A       		.uleb128 0x3a
 807 00cc 0B       		.uleb128 0xb
 808 00cd 3B       		.uleb128 0x3b
 809 00ce 0B       		.uleb128 0xb
 810 00cf 27       		.uleb128 0x27
 811 00d0 19       		.uleb128 0x19
 812 00d1 11       		.uleb128 0x11
 813 00d2 01       		.uleb128 0x1
 814 00d3 12       		.uleb128 0x12
 815 00d4 06       		.uleb128 0x6
 816 00d5 40       		.uleb128 0x40
 817 00d6 18       		.uleb128 0x18
 818 00d7 9742     		.uleb128 0x2117
 819 00d9 19       		.uleb128 0x19
ARM GAS  C:\Users\Reza\AppData\Local\Temp\cc0wk5uI.s 			page 21


 820 00da 01       		.uleb128 0x1
 821 00db 13       		.uleb128 0x13
 822 00dc 00       		.byte	0
 823 00dd 00       		.byte	0
 824 00de 10       		.uleb128 0x10
 825 00df 34       		.uleb128 0x34
 826 00e0 00       		.byte	0
 827 00e1 03       		.uleb128 0x3
 828 00e2 0E       		.uleb128 0xe
 829 00e3 3A       		.uleb128 0x3a
 830 00e4 0B       		.uleb128 0xb
 831 00e5 3B       		.uleb128 0x3b
 832 00e6 0B       		.uleb128 0xb
 833 00e7 49       		.uleb128 0x49
 834 00e8 13       		.uleb128 0x13
 835 00e9 00       		.byte	0
 836 00ea 00       		.byte	0
 837 00eb 11       		.uleb128 0x11
 838 00ec 1D       		.uleb128 0x1d
 839 00ed 00       		.byte	0
 840 00ee 31       		.uleb128 0x31
 841 00ef 13       		.uleb128 0x13
 842 00f0 11       		.uleb128 0x11
 843 00f1 01       		.uleb128 0x1
 844 00f2 12       		.uleb128 0x12
 845 00f3 06       		.uleb128 0x6
 846 00f4 58       		.uleb128 0x58
 847 00f5 0B       		.uleb128 0xb
 848 00f6 59       		.uleb128 0x59
 849 00f7 0B       		.uleb128 0xb
 850 00f8 00       		.byte	0
 851 00f9 00       		.byte	0
 852 00fa 12       		.uleb128 0x12
 853 00fb 898201   		.uleb128 0x4109
 854 00fe 00       		.byte	0
 855 00ff 11       		.uleb128 0x11
 856 0100 01       		.uleb128 0x1
 857 0101 9542     		.uleb128 0x2115
 858 0103 19       		.uleb128 0x19
 859 0104 31       		.uleb128 0x31
 860 0105 13       		.uleb128 0x13
 861 0106 00       		.byte	0
 862 0107 00       		.byte	0
 863 0108 13       		.uleb128 0x13
 864 0109 34       		.uleb128 0x34
 865 010a 00       		.byte	0
 866 010b 03       		.uleb128 0x3
 867 010c 0E       		.uleb128 0xe
 868 010d 3A       		.uleb128 0x3a
 869 010e 0B       		.uleb128 0xb
 870 010f 3B       		.uleb128 0x3b
 871 0110 0B       		.uleb128 0xb
 872 0111 49       		.uleb128 0x49
 873 0112 13       		.uleb128 0x13
 874 0113 3F       		.uleb128 0x3f
 875 0114 19       		.uleb128 0x19
 876 0115 3C       		.uleb128 0x3c
ARM GAS  C:\Users\Reza\AppData\Local\Temp\cc0wk5uI.s 			page 22


 877 0116 19       		.uleb128 0x19
 878 0117 00       		.byte	0
 879 0118 00       		.byte	0
 880 0119 14       		.uleb128 0x14
 881 011a 01       		.uleb128 0x1
 882 011b 01       		.byte	0x1
 883 011c 49       		.uleb128 0x49
 884 011d 13       		.uleb128 0x13
 885 011e 01       		.uleb128 0x1
 886 011f 13       		.uleb128 0x13
 887 0120 00       		.byte	0
 888 0121 00       		.byte	0
 889 0122 15       		.uleb128 0x15
 890 0123 21       		.uleb128 0x21
 891 0124 00       		.byte	0
 892 0125 49       		.uleb128 0x49
 893 0126 13       		.uleb128 0x13
 894 0127 2F       		.uleb128 0x2f
 895 0128 0B       		.uleb128 0xb
 896 0129 00       		.byte	0
 897 012a 00       		.byte	0
 898 012b 16       		.uleb128 0x16
 899 012c 26       		.uleb128 0x26
 900 012d 00       		.byte	0
 901 012e 49       		.uleb128 0x49
 902 012f 13       		.uleb128 0x13
 903 0130 00       		.byte	0
 904 0131 00       		.byte	0
 905 0132 17       		.uleb128 0x17
 906 0133 34       		.uleb128 0x34
 907 0134 00       		.byte	0
 908 0135 03       		.uleb128 0x3
 909 0136 0E       		.uleb128 0xe
 910 0137 3A       		.uleb128 0x3a
 911 0138 0B       		.uleb128 0xb
 912 0139 3B       		.uleb128 0x3b
 913 013a 05       		.uleb128 0x5
 914 013b 49       		.uleb128 0x49
 915 013c 13       		.uleb128 0x13
 916 013d 3F       		.uleb128 0x3f
 917 013e 19       		.uleb128 0x19
 918 013f 3C       		.uleb128 0x3c
 919 0140 19       		.uleb128 0x19
 920 0141 00       		.byte	0
 921 0142 00       		.byte	0
 922 0143 18       		.uleb128 0x18
 923 0144 2E       		.uleb128 0x2e
 924 0145 00       		.byte	0
 925 0146 3F       		.uleb128 0x3f
 926 0147 19       		.uleb128 0x19
 927 0148 3C       		.uleb128 0x3c
 928 0149 19       		.uleb128 0x19
 929 014a 6E       		.uleb128 0x6e
 930 014b 0E       		.uleb128 0xe
 931 014c 03       		.uleb128 0x3
 932 014d 0E       		.uleb128 0xe
 933 014e 3A       		.uleb128 0x3a
ARM GAS  C:\Users\Reza\AppData\Local\Temp\cc0wk5uI.s 			page 23


 934 014f 0B       		.uleb128 0xb
 935 0150 3B       		.uleb128 0x3b
 936 0151 0B       		.uleb128 0xb
 937 0152 00       		.byte	0
 938 0153 00       		.byte	0
 939 0154 00       		.byte	0
 940              		.section	.debug_aranges,"",%progbits
 941 0000 1C000000 		.4byte	0x1c
 942 0004 0200     		.2byte	0x2
 943 0006 00000000 		.4byte	.Ldebug_info0
 944 000a 04       		.byte	0x4
 945 000b 00       		.byte	0
 946 000c 0000     		.2byte	0
 947 000e 0000     		.2byte	0
 948 0010 00000000 		.4byte	.LFB70
 949 0014 0C000000 		.4byte	.LFE70-.LFB70
 950 0018 00000000 		.4byte	0
 951 001c 00000000 		.4byte	0
 952              		.section	.debug_ranges,"",%progbits
 953              	.Ldebug_ranges0:
 954 0000 00000000 		.4byte	.LFB70
 955 0004 0C000000 		.4byte	.LFE70
 956 0008 00000000 		.4byte	0
 957 000c 00000000 		.4byte	0
 958              		.section	.debug_line,"",%progbits
 959              	.Ldebug_line0:
 960 0000 77010000 		.section	.debug_str,"MS",%progbits,1
 960      02005501 
 960      00000201 
 960      FB0E0D00 
 960      01010101 
 961              	.LASF34:
 962 0000 6B696E64 		.ascii	"kind\000"
 962      00
 963              	.LASF41:
 964 0005 4B65726E 		.ascii	"Kernel_Context\000"
 964      656C5F43 
 964      6F6E7465 
 964      787400
 965              	.LASF63:
 966 0014 45455F72 		.ascii	"EE_rq_bitmask\000"
 966      715F6269 
 966      746D6173 
 966      6B00
 967              	.LASF14:
 968 0022 45455F55 		.ascii	"EE_UREG\000"
 968      52454700 
 969              	.LASF70:
 970 002a 45455F6F 		.ascii	"EE_oo_IRQ_disable_count\000"
 970      6F5F4952 
 970      515F6469 
 970      7361626C 
 970      655F636F 
 971              	.LASF79:
 972 0042 45455F6F 		.ascii	"EE_oo_call_PreTaskHook\000"
 972      6F5F6361 
 972      6C6C5F50 
ARM GAS  C:\Users\Reza\AppData\Local\Temp\cc0wk5uI.s 			page 24


 972      72655461 
 972      736B486F 
 973              	.LASF23:
 974 0059 7469636B 		.ascii	"ticksperbase\000"
 974      73706572 
 974      62617365 
 974      00
 975              	.LASF64:
 976 0066 45455F74 		.ascii	"EE_th_event_active\000"
 976      685F6576 
 976      656E745F 
 976      61637469 
 976      766500
 977              	.LASF81:
 978 0079 74656D70 		.ascii	"temp\000"
 978      00
 979              	.LASF2:
 980 007e 73686F72 		.ascii	"short int\000"
 980      7420696E 
 980      7400
 981              	.LASF44:
 982 0088 4572726F 		.ascii	"ErrorHook_Context\000"
 982      72486F6F 
 982      6B5F436F 
 982      6E746578 
 982      7400
 983              	.LASF38:
 984 009a 64656C74 		.ascii	"delta\000"
 984      6100
 985              	.LASF33:
 986 00a0 73706563 		.ascii	"spec_id\000"
 986      5F696400 
 987              	.LASF15:
 988 00a8 45455F46 		.ascii	"EE_FREG\000"
 988      52454700 
 989              	.LASF52:
 990 00b0 45455F54 		.ascii	"EE_TYPECONTEXT\000"
 990      59504543 
 990      4F4E5445 
 990      585400
 991              	.LASF32:
 992 00bf 436F756E 		.ascii	"CounterObjectKindType\000"
 992      7465724F 
 992      626A6563 
 992      744B696E 
 992      64547970 
 993              	.LASF13:
 994 00d5 45455F55 		.ascii	"EE_UINT32\000"
 994      494E5433 
 994      3200
 995              	.LASF82:
 996 00df 45455F68 		.ascii	"EE_hal_terminate_savestk\000"
 996      616C5F74 
 996      65726D69 
 996      6E617465 
 996      5F736176 
 997              	.LASF56:
ARM GAS  C:\Users\Reza\AppData\Local\Temp\cc0wk5uI.s 			page 25


 998 00f8 45455F74 		.ascii	"EE_th_ready_prio\000"
 998      685F7265 
 998      6164795F 
 998      7072696F 
 998      00
 999              	.LASF43:
 1000 0109 49535232 		.ascii	"ISR2_Context\000"
 1000      5F436F6E 
 1000      74657874 
 1000      00
 1001              	.LASF17:
 1002 0116 45455F54 		.ascii	"EE_TID\000"
 1002      494400
 1003              	.LASF24:
 1004 011d 6D696E63 		.ascii	"mincycle\000"
 1004      79636C65 
 1004      00
 1005              	.LASF26:
 1006 0126 76616C75 		.ascii	"value\000"
 1006      6500
 1007              	.LASF65:
 1008 012c 45455F74 		.ascii	"EE_th_waswaiting\000"
 1008      685F7761 
 1008      73776169 
 1008      74696E67 
 1008      00
 1009              	.LASF76:
 1010 013d 443A5C48 		.ascii	"D:\\H_da\\Winter Semester\\MM03 Advanced Microcontr"
 1010      5F64615C 
 1010      57696E74 
 1010      65722053 
 1010      656D6573 
 1011 016d 6F6C6C65 		.ascii	"oller Systems and Embedded Operating Systems\\Lectu"
 1011      72205379 
 1011      7374656D 
 1011      7320616E 
 1011      6420456D 
 1012 019f 72652050 		.ascii	"re Prof. Fromm\\workspace\\workspace_psoc\\Reaction"
 1012      726F662E 
 1012      2046726F 
 1012      6D6D5C77 
 1012      6F726B73 
 1013 01cf 47616D65 		.ascii	"Game_with erika.cydsn\000"
 1013      5F776974 
 1013      68206572 
 1013      696B612E 
 1013      63796473 
 1014              	.LASF67:
 1015 01e5 45455F6F 		.ascii	"EE_oo_counter_object_ROM\000"
 1015      6F5F636F 
 1015      756E7465 
 1015      725F6F62 
 1015      6A656374 
 1016              	.LASF31:
 1017 01fe 45455F6F 		.ascii	"EE_oo_counter_object_kind_type\000"
 1017      6F5F636F 
 1017      756E7465 
ARM GAS  C:\Users\Reza\AppData\Local\Temp\cc0wk5uI.s 			page 26


 1017      725F6F62 
 1017      6A656374 
 1018              	.LASF53:
 1019 021d 45455F49 		.ascii	"EE_IRQ_nesting_level\000"
 1019      52515F6E 
 1019      65737469 
 1019      6E675F6C 
 1019      6576656C 
 1020              	.LASF12:
 1021 0232 45455F49 		.ascii	"EE_INT32\000"
 1021      4E543332 
 1021      00
 1022              	.LASF28:
 1023 023b 45455F6F 		.ascii	"EE_oo_counter_RAM_type\000"
 1023      6F5F636F 
 1023      756E7465 
 1023      725F5241 
 1023      4D5F7479 
 1024              	.LASF51:
 1025 0252 49646C65 		.ascii	"Idle_Context\000"
 1025      5F436F6E 
 1025      74657874 
 1025      00
 1026              	.LASF6:
 1027 025f 6C6F6E67 		.ascii	"long long int\000"
 1027      206C6F6E 
 1027      6720696E 
 1027      7400
 1028              	.LASF10:
 1029 026d 45455F49 		.ascii	"EE_INT8\000"
 1029      4E543800 
 1030              	.LASF71:
 1031 0275 45455F6F 		.ascii	"EE_oo_IRQ_suspend_status\000"
 1031      6F5F4952 
 1031      515F7375 
 1031      7370656E 
 1031      645F7374 
 1032              	.LASF18:
 1033 028e 45455F54 		.ascii	"EE_TYPE_RQ_MASK\000"
 1033      5950455F 
 1033      52515F4D 
 1033      41534B00 
 1034              	.LASF30:
 1035 029e 45455F53 		.ascii	"EE_SCHEDULETABLE\000"
 1035      43484544 
 1035      554C4554 
 1035      41424C45 
 1035      00
 1036              	.LASF4:
 1037 02af 6C6F6E67 		.ascii	"long int\000"
 1037      20696E74 
 1037      00
 1038              	.LASF22:
 1039 02b8 6D617861 		.ascii	"maxallowedvalue\000"
 1039      6C6C6F77 
 1039      65647661 
 1039      6C756500 
ARM GAS  C:\Users\Reza\AppData\Local\Temp\cc0wk5uI.s 			page 27


 1040              	.LASF40:
 1041 02c8 45455F6F 		.ascii	"EE_oo_counter_object_RAM_type\000"
 1041      6F5F636F 
 1041      756E7465 
 1041      725F6F62 
 1041      6A656374 
 1042              	.LASF25:
 1043 02e6 45455F6F 		.ascii	"EE_oo_counter_ROM_type\000"
 1043      6F5F636F 
 1043      756E7465 
 1043      725F524F 
 1043      4D5F7479 
 1044              	.LASF77:
 1045 02fd 45455F61 		.ascii	"EE_as_set_execution_context\000"
 1045      735F7365 
 1045      745F6578 
 1045      65637574 
 1045      696F6E5F 
 1046              	.LASF19:
 1047 0319 5469636B 		.ascii	"TickType\000"
 1047      54797065 
 1047      00
 1048              	.LASF62:
 1049 0322 45455F73 		.ascii	"EE_sys_ceiling\000"
 1049      79735F63 
 1049      65696C69 
 1049      6E6700
 1050              	.LASF20:
 1051 0331 436F756E 		.ascii	"CounterObjectType\000"
 1051      7465724F 
 1051      626A6563 
 1051      74547970 
 1051      6500
 1052              	.LASF9:
 1053 0343 6C6F6E67 		.ascii	"long double\000"
 1053      20646F75 
 1053      626C6500 
 1054              	.LASF66:
 1055 034f 45455F63 		.ascii	"EE_counter_ROM\000"
 1055      6F756E74 
 1055      65725F52 
 1055      4F4D00
 1056              	.LASF49:
 1057 035e 53687574 		.ascii	"ShutdownHook_Context\000"
 1057      646F776E 
 1057      486F6F6B 
 1057      5F436F6E 
 1057      74657874 
 1058              	.LASF1:
 1059 0373 756E7369 		.ascii	"unsigned char\000"
 1059      676E6564 
 1059      20636861 
 1059      7200
 1060              	.LASF69:
 1061 0381 45455F6F 		.ascii	"EE_oo_counter_object_RAM\000"
 1061      6F5F636F 
 1061      756E7465 
ARM GAS  C:\Users\Reza\AppData\Local\Temp\cc0wk5uI.s 			page 28


 1061      725F6F62 
 1061      6A656374 
 1062              	.LASF0:
 1063 039a 7369676E 		.ascii	"signed char\000"
 1063      65642063 
 1063      68617200 
 1064              	.LASF7:
 1065 03a6 6C6F6E67 		.ascii	"long long unsigned int\000"
 1065      206C6F6E 
 1065      6720756E 
 1065      7369676E 
 1065      65642069 
 1066              	.LASF78:
 1067 03bd 45455F73 		.ascii	"EE_stk_queryfirst\000"
 1067      746B5F71 
 1067      75657279 
 1067      66697273 
 1067      7400
 1068              	.LASF8:
 1069 03cf 756E7369 		.ascii	"unsigned int\000"
 1069      676E6564 
 1069      20696E74 
 1069      00
 1070              	.LASF60:
 1071 03dc 45455F74 		.ascii	"EE_th_rnact\000"
 1071      685F726E 
 1071      61637400 
 1072              	.LASF54:
 1073 03e8 45455F73 		.ascii	"EE_std_endcycle_next_tid\000"
 1073      74645F65 
 1073      6E646379 
 1073      636C655F 
 1073      6E657874 
 1074              	.LASF74:
 1075 0401 474E5520 		.ascii	"GNU C11 5.4.1 20160609 (release) [ARM/embedded-5-br"
 1075      43313120 
 1075      352E342E 
 1075      31203230 
 1075      31363036 
 1076 0434 616E6368 		.ascii	"anch revision 237715] -mcpu=cortex-m3 -mthumb -g -O"
 1076      20726576 
 1076      6973696F 
 1076      6E203233 
 1076      37373135 
 1077 0467 73202D66 		.ascii	"s -ffunction-sections -ffat-lto-objects\000"
 1077      66756E63 
 1077      74696F6E 
 1077      2D736563 
 1077      74696F6E 
 1078              	.LASF42:
 1079 048f 5441534B 		.ascii	"TASK_Context\000"
 1079      5F436F6E 
 1079      74657874 
 1079      00
 1080              	.LASF3:
 1081 049c 73686F72 		.ascii	"short unsigned int\000"
 1081      7420756E 
ARM GAS  C:\Users\Reza\AppData\Local\Temp\cc0wk5uI.s 			page 29


 1081      7369676E 
 1081      65642069 
 1081      6E7400
 1082              	.LASF35:
 1083 04af 45455F6F 		.ascii	"EE_oo_counter_object_ROM_type\000"
 1083      6F5F636F 
 1083      756E7465 
 1083      725F6F62 
 1083      6A656374 
 1084              	.LASF11:
 1085 04cd 45455F55 		.ascii	"EE_UINT16\000"
 1085      494E5431 
 1085      3600
 1086              	.LASF50:
 1087 04d7 416C6172 		.ascii	"AlarmCallback_Context\000"
 1087      6D43616C 
 1087      6C626163 
 1087      6B5F436F 
 1087      6E746578 
 1088              	.LASF68:
 1089 04ed 45455F63 		.ascii	"EE_counter_RAM\000"
 1089      6F756E74 
 1089      65725F52 
 1089      414D00
 1090              	.LASF72:
 1091 04fc 45455F41 		.ascii	"EE_ApplicationMode\000"
 1091      70706C69 
 1091      63617469 
 1091      6F6E4D6F 
 1091      646500
 1092              	.LASF5:
 1093 050f 6C6F6E67 		.ascii	"long unsigned int\000"
 1093      20756E73 
 1093      69676E65 
 1093      6420696E 
 1093      7400
 1094              	.LASF16:
 1095 0521 45455F54 		.ascii	"EE_TYPEBOOL\000"
 1095      59504542 
 1095      4F4F4C00 
 1096              	.LASF61:
 1097 052d 45455F73 		.ascii	"EE_stkfirst\000"
 1097      746B6669 
 1097      72737400 
 1098              	.LASF45:
 1099 0539 50726F74 		.ascii	"ProtectionHook_Context\000"
 1099      65637469 
 1099      6F6E486F 
 1099      6F6B5F43 
 1099      6F6E7465 
 1100              	.LASF46:
 1101 0550 50726554 		.ascii	"PreTaskHook_Context\000"
 1101      61736B48 
 1101      6F6F6B5F 
 1101      436F6E74 
 1101      65787400 
 1102              	.LASF29:
ARM GAS  C:\Users\Reza\AppData\Local\Temp\cc0wk5uI.s 			page 30


 1103 0564 45455F41 		.ascii	"EE_ALARM\000"
 1103      4C41524D 
 1103      00
 1104              	.LASF47:
 1105 056d 506F7374 		.ascii	"PostTaskHook_Context\000"
 1105      5461736B 
 1105      486F6F6B 
 1105      5F436F6E 
 1105      74657874 
 1106              	.LASF36:
 1107 0582 75736564 		.ascii	"used\000"
 1107      00
 1108              	.LASF55:
 1109 0587 73697A65 		.ascii	"sizetype\000"
 1109      74797065 
 1109      00
 1110              	.LASF21:
 1111 0590 436F756E 		.ascii	"CounterType\000"
 1111      74657254 
 1111      79706500 
 1112              	.LASF58:
 1113 059c 45455F74 		.ascii	"EE_th_status\000"
 1113      685F7374 
 1113      61747573 
 1113      00
 1114              	.LASF57:
 1115 05a9 45455F74 		.ascii	"EE_th_dispatch_prio\000"
 1115      685F6469 
 1115      73706174 
 1115      63685F70 
 1115      72696F00 
 1116              	.LASF75:
 1117 05bd 47656E65 		.ascii	"Generated_Source\\PSoC5\\ErikaOS_1_ee_tstub.c\000"
 1117      72617465 
 1117      645F536F 
 1117      75726365 
 1117      5C50536F 
 1118              	.LASF80:
 1119 05e9 45455F6F 		.ascii	"EE_oo_thread_stub\000"
 1119      6F5F7468 
 1119      72656164 
 1119      5F737475 
 1119      6200
 1120              	.LASF37:
 1121 05fb 636E7463 		.ascii	"cntcycle\000"
 1121      79636C65 
 1121      00
 1122              	.LASF59:
 1123 0604 45455F74 		.ascii	"EE_th_next\000"
 1123      685F6E65 
 1123      787400
 1124              	.LASF48:
 1125 060f 53746172 		.ascii	"StartupHook_Context\000"
 1125      74757048 
 1125      6F6F6B5F 
 1125      436F6E74 
 1125      65787400 
ARM GAS  C:\Users\Reza\AppData\Local\Temp\cc0wk5uI.s 			page 31


 1126              	.LASF39:
 1127 0623 6E657874 		.ascii	"next\000"
 1127      00
 1128              	.LASF73:
 1129 0628 45455F72 		.ascii	"EE_rq_lookup\000"
 1129      715F6C6F 
 1129      6F6B7570 
 1129      00
 1130              	.LASF27:
 1131 0635 66697273 		.ascii	"first\000"
 1131      7400
 1132              		.ident	"GCC: (GNU Tools for ARM Embedded Processors) 5.4.1 20160609 (release) [ARM/embedded-5-bran
