ARM GAS  C:\Users\Reza\AppData\Local\Temp\ccQ7oAXu.s 			page 1


   1              		.syntax unified
   2              		.cpu cortex-m3
   3              		.fpu softvfp
   4              		.eabi_attribute 20, 1
   5              		.eabi_attribute 21, 1
   6              		.eabi_attribute 23, 3
   7              		.eabi_attribute 24, 1
   8              		.eabi_attribute 25, 1
   9              		.eabi_attribute 26, 1
  10              		.eabi_attribute 30, 4
  11              		.eabi_attribute 34, 1
  12              		.eabi_attribute 18, 4
  13              		.thumb
  14              		.syntax unified
  15              		.file	"ErikaOS_1_ee_tnterm.c"
  16              		.text
  17              	.Ltext0:
  18              		.cfi_sections	.debug_frame
  19              		.section	.text.EE_thread_not_terminated,"ax",%progbits
  20              		.align	1
  21              		.global	EE_thread_not_terminated
  22              		.thumb
  23              		.thumb_func
  24              		.type	EE_thread_not_terminated, %function
  25              	EE_thread_not_terminated:
  26              	.LFB70:
  27              		.file 1 "Generated_Source\\PSoC5\\ErikaOS_1_ee_tnterm.c"
   1:Generated_Source\PSoC5/ErikaOS_1_ee_tnterm.c **** /* ###*B*###
   2:Generated_Source\PSoC5/ErikaOS_1_ee_tnterm.c ****  * ERIKA Enterprise - a tiny RTOS for small microcontrollers
   3:Generated_Source\PSoC5/ErikaOS_1_ee_tnterm.c ****  *
   4:Generated_Source\PSoC5/ErikaOS_1_ee_tnterm.c ****  * Copyright (C) 2002-2011  Evidence Srl
   5:Generated_Source\PSoC5/ErikaOS_1_ee_tnterm.c ****  *
   6:Generated_Source\PSoC5/ErikaOS_1_ee_tnterm.c ****  * This file is part of ERIKA Enterprise.
   7:Generated_Source\PSoC5/ErikaOS_1_ee_tnterm.c ****  *
   8:Generated_Source\PSoC5/ErikaOS_1_ee_tnterm.c ****  * ERIKA Enterprise is free software; you can redistribute it
   9:Generated_Source\PSoC5/ErikaOS_1_ee_tnterm.c ****  * and/or modify it under the terms of the GNU General Public License
  10:Generated_Source\PSoC5/ErikaOS_1_ee_tnterm.c ****  * version 2 as published by the Free Software Foundation, 
  11:Generated_Source\PSoC5/ErikaOS_1_ee_tnterm.c ****  * (with a special exception described below).
  12:Generated_Source\PSoC5/ErikaOS_1_ee_tnterm.c ****  *
  13:Generated_Source\PSoC5/ErikaOS_1_ee_tnterm.c ****  * Linking this code statically or dynamically with other modules is
  14:Generated_Source\PSoC5/ErikaOS_1_ee_tnterm.c ****  * making a combined work based on this code.  Thus, the terms and
  15:Generated_Source\PSoC5/ErikaOS_1_ee_tnterm.c ****  * conditions of the GNU General Public License cover the whole
  16:Generated_Source\PSoC5/ErikaOS_1_ee_tnterm.c ****  * combination.
  17:Generated_Source\PSoC5/ErikaOS_1_ee_tnterm.c ****  *
  18:Generated_Source\PSoC5/ErikaOS_1_ee_tnterm.c ****  * As a special exception, the copyright holders of this library give you
  19:Generated_Source\PSoC5/ErikaOS_1_ee_tnterm.c ****  * permission to link this code with independent modules to produce an
  20:Generated_Source\PSoC5/ErikaOS_1_ee_tnterm.c ****  * executable, regardless of the license terms of these independent
  21:Generated_Source\PSoC5/ErikaOS_1_ee_tnterm.c ****  * modules, and to copy and distribute the resulting executable under
  22:Generated_Source\PSoC5/ErikaOS_1_ee_tnterm.c ****  * terms of your choice, provided that you also meet, for each linked
  23:Generated_Source\PSoC5/ErikaOS_1_ee_tnterm.c ****  * independent module, the terms and conditions of the license of that
  24:Generated_Source\PSoC5/ErikaOS_1_ee_tnterm.c ****  * module.  An independent module is a module which is not derived from
  25:Generated_Source\PSoC5/ErikaOS_1_ee_tnterm.c ****  * or based on this library.  If you modify this code, you may extend
  26:Generated_Source\PSoC5/ErikaOS_1_ee_tnterm.c ****  * this exception to your version of the code, but you are not
  27:Generated_Source\PSoC5/ErikaOS_1_ee_tnterm.c ****  * obligated to do so.  If you do not wish to do so, delete this
  28:Generated_Source\PSoC5/ErikaOS_1_ee_tnterm.c ****  * exception statement from your version.
  29:Generated_Source\PSoC5/ErikaOS_1_ee_tnterm.c ****  *
  30:Generated_Source\PSoC5/ErikaOS_1_ee_tnterm.c ****  * ERIKA Enterprise is distributed in the hope that it will be
ARM GAS  C:\Users\Reza\AppData\Local\Temp\ccQ7oAXu.s 			page 2


  31:Generated_Source\PSoC5/ErikaOS_1_ee_tnterm.c ****  * useful, but WITHOUT ANY WARRANTY; without even the implied warranty
  32:Generated_Source\PSoC5/ErikaOS_1_ee_tnterm.c ****  * of MERCHANTABILITY or FITNESS FOR A PARTICULAR PURPOSE.  See the
  33:Generated_Source\PSoC5/ErikaOS_1_ee_tnterm.c ****  * GNU General Public License version 2 for more details.
  34:Generated_Source\PSoC5/ErikaOS_1_ee_tnterm.c ****  *
  35:Generated_Source\PSoC5/ErikaOS_1_ee_tnterm.c ****  * You should have received a copy of the GNU General Public License
  36:Generated_Source\PSoC5/ErikaOS_1_ee_tnterm.c ****  * version 2 along with ERIKA Enterprise; if not, write to the
  37:Generated_Source\PSoC5/ErikaOS_1_ee_tnterm.c ****  * Free Software Foundation, Inc., 51 Franklin Street, Fifth Floor,
  38:Generated_Source\PSoC5/ErikaOS_1_ee_tnterm.c ****  * Boston, MA 02110-1301 USA.
  39:Generated_Source\PSoC5/ErikaOS_1_ee_tnterm.c ****  * ###*E*### */
  40:Generated_Source\PSoC5/ErikaOS_1_ee_tnterm.c **** 
  41:Generated_Source\PSoC5/ErikaOS_1_ee_tnterm.c **** /*
  42:Generated_Source\PSoC5/ErikaOS_1_ee_tnterm.c ****  * Author: 2011 Errico Guidieri
  43:Generated_Source\PSoC5/ErikaOS_1_ee_tnterm.c ****  */
  44:Generated_Source\PSoC5/ErikaOS_1_ee_tnterm.c **** 
  45:Generated_Source\PSoC5/ErikaOS_1_ee_tnterm.c **** /*
  46:Generated_Source\PSoC5/ErikaOS_1_ee_tnterm.c ****  * PSoC Port and API Generation
  47:Generated_Source\PSoC5/ErikaOS_1_ee_tnterm.c ****  * Carlos Fernando Meier Martinez
  48:Generated_Source\PSoC5/ErikaOS_1_ee_tnterm.c ****  * Hochschule Darmstadt, Germany. 2017.
  49:Generated_Source\PSoC5/ErikaOS_1_ee_tnterm.c ****  */
  50:Generated_Source\PSoC5/ErikaOS_1_ee_tnterm.c **** 
  51:Generated_Source\PSoC5/ErikaOS_1_ee_tnterm.c **** #include "ErikaOS_1_ee_internal.inc"
  52:Generated_Source\PSoC5/ErikaOS_1_ee_tnterm.c **** 
  53:Generated_Source\PSoC5/ErikaOS_1_ee_tnterm.c **** /* EE_thread_not_terminated:
  54:Generated_Source\PSoC5/ErikaOS_1_ee_tnterm.c ****    - This is the function that is called if task body doesn't call correctly
  55:Generated_Source\PSoC5/ErikaOS_1_ee_tnterm.c ****      TerminateTask
  56:Generated_Source\PSoC5/ErikaOS_1_ee_tnterm.c ****    Needed tuo fulfill Autosar OS software requirements OS052 OS069 OS070 OS239
  57:Generated_Source\PSoC5/ErikaOS_1_ee_tnterm.c **** */
  58:Generated_Source\PSoC5/ErikaOS_1_ee_tnterm.c **** 
  59:Generated_Source\PSoC5/ErikaOS_1_ee_tnterm.c **** #ifndef PRIVATE_THREANTERMINATED
  60:Generated_Source\PSoC5/ErikaOS_1_ee_tnterm.c **** void EE_thread_not_terminated(void)
  61:Generated_Source\PSoC5/ErikaOS_1_ee_tnterm.c **** {
  28              		.loc 1 61 0
  29              		.cfi_startproc
  30              		@ args = 0, pretend = 0, frame = 0
  31              		@ frame_needed = 0, uses_anonymous_args = 0
  32 0000 08B5     		push	{r3, lr}
  33              		.cfi_def_cfa_offset 8
  34              		.cfi_offset 3, -8
  35              		.cfi_offset 14, -4
  36              	.LBB10:
  37              	.LBB11:
  38              	.LBB12:
  39              		.file 2 "Generated_Source\\PSoC5\\ErikaOS_1_cortex_mx_ee_cpu.inc"
   1:Generated_Source\PSoC5/ErikaOS_1_cortex_mx_ee_cpu.inc **** /* ###*B*###
   2:Generated_Source\PSoC5/ErikaOS_1_cortex_mx_ee_cpu.inc ****  * ERIKA Enterprise - a tiny RTOS for small microcontrollers
   3:Generated_Source\PSoC5/ErikaOS_1_cortex_mx_ee_cpu.inc ****  *
   4:Generated_Source\PSoC5/ErikaOS_1_cortex_mx_ee_cpu.inc ****  * Copyright (C) 2002-2011  Evidence Srl
   5:Generated_Source\PSoC5/ErikaOS_1_cortex_mx_ee_cpu.inc ****  *
   6:Generated_Source\PSoC5/ErikaOS_1_cortex_mx_ee_cpu.inc ****  * This file is part of ERIKA Enterprise.
   7:Generated_Source\PSoC5/ErikaOS_1_cortex_mx_ee_cpu.inc ****  *
   8:Generated_Source\PSoC5/ErikaOS_1_cortex_mx_ee_cpu.inc ****  * ERIKA Enterprise is free software; you can redistribute it
   9:Generated_Source\PSoC5/ErikaOS_1_cortex_mx_ee_cpu.inc ****  * and/or modify it under the terms of the GNU General Public License
  10:Generated_Source\PSoC5/ErikaOS_1_cortex_mx_ee_cpu.inc ****  * version 2 as published by the Free Software Foundation, 
  11:Generated_Source\PSoC5/ErikaOS_1_cortex_mx_ee_cpu.inc ****  * (with a special exception described below).
  12:Generated_Source\PSoC5/ErikaOS_1_cortex_mx_ee_cpu.inc ****  *
  13:Generated_Source\PSoC5/ErikaOS_1_cortex_mx_ee_cpu.inc ****  * Linking this code statically or dynamically with other modules is
  14:Generated_Source\PSoC5/ErikaOS_1_cortex_mx_ee_cpu.inc ****  * making a combined work based on this code.  Thus, the terms and
ARM GAS  C:\Users\Reza\AppData\Local\Temp\ccQ7oAXu.s 			page 3


  15:Generated_Source\PSoC5/ErikaOS_1_cortex_mx_ee_cpu.inc ****  * conditions of the GNU General Public License cover the whole
  16:Generated_Source\PSoC5/ErikaOS_1_cortex_mx_ee_cpu.inc ****  * combination.
  17:Generated_Source\PSoC5/ErikaOS_1_cortex_mx_ee_cpu.inc ****  *
  18:Generated_Source\PSoC5/ErikaOS_1_cortex_mx_ee_cpu.inc ****  * As a special exception, the copyright holders of this library give you
  19:Generated_Source\PSoC5/ErikaOS_1_cortex_mx_ee_cpu.inc ****  * permission to link this code with independent modules to produce an
  20:Generated_Source\PSoC5/ErikaOS_1_cortex_mx_ee_cpu.inc ****  * executable, regardless of the license terms of these independent
  21:Generated_Source\PSoC5/ErikaOS_1_cortex_mx_ee_cpu.inc ****  * modules, and to copy and distribute the resulting executable under
  22:Generated_Source\PSoC5/ErikaOS_1_cortex_mx_ee_cpu.inc ****  * terms of your choice, provided that you also meet, for each linked
  23:Generated_Source\PSoC5/ErikaOS_1_cortex_mx_ee_cpu.inc ****  * independent module, the terms and conditions of the license of that
  24:Generated_Source\PSoC5/ErikaOS_1_cortex_mx_ee_cpu.inc ****  * module.  An independent module is a module which is not derived from
  25:Generated_Source\PSoC5/ErikaOS_1_cortex_mx_ee_cpu.inc ****  * or based on this library.  If you modify this code, you may extend
  26:Generated_Source\PSoC5/ErikaOS_1_cortex_mx_ee_cpu.inc ****  * this exception to your version of the code, but you are not
  27:Generated_Source\PSoC5/ErikaOS_1_cortex_mx_ee_cpu.inc ****  * obligated to do so.  If you do not wish to do so, delete this
  28:Generated_Source\PSoC5/ErikaOS_1_cortex_mx_ee_cpu.inc ****  * exception statement from your version.
  29:Generated_Source\PSoC5/ErikaOS_1_cortex_mx_ee_cpu.inc ****  *
  30:Generated_Source\PSoC5/ErikaOS_1_cortex_mx_ee_cpu.inc ****  * ERIKA Enterprise is distributed in the hope that it will be
  31:Generated_Source\PSoC5/ErikaOS_1_cortex_mx_ee_cpu.inc ****  * useful, but WITHOUT ANY WARRANTY; without even the implied warranty
  32:Generated_Source\PSoC5/ErikaOS_1_cortex_mx_ee_cpu.inc ****  * of MERCHANTABILITY or FITNESS FOR A PARTICULAR PURPOSE.  See the
  33:Generated_Source\PSoC5/ErikaOS_1_cortex_mx_ee_cpu.inc ****  * GNU General Public License version 2 for more details.
  34:Generated_Source\PSoC5/ErikaOS_1_cortex_mx_ee_cpu.inc ****  *
  35:Generated_Source\PSoC5/ErikaOS_1_cortex_mx_ee_cpu.inc ****  * You should have received a copy of the GNU General Public License
  36:Generated_Source\PSoC5/ErikaOS_1_cortex_mx_ee_cpu.inc ****  * version 2 along with ERIKA Enterprise; if not, write to the
  37:Generated_Source\PSoC5/ErikaOS_1_cortex_mx_ee_cpu.inc ****  * Free Software Foundation, Inc., 51 Franklin Street, Fifth Floor,
  38:Generated_Source\PSoC5/ErikaOS_1_cortex_mx_ee_cpu.inc ****  * Boston, MA 02110-1301 USA.
  39:Generated_Source\PSoC5/ErikaOS_1_cortex_mx_ee_cpu.inc ****  * ###*E*### */
  40:Generated_Source\PSoC5/ErikaOS_1_cortex_mx_ee_cpu.inc **** 
  41:Generated_Source\PSoC5/ErikaOS_1_cortex_mx_ee_cpu.inc **** /** 
  42:Generated_Source\PSoC5/ErikaOS_1_cortex_mx_ee_cpu.inc **** 	@file ee_cpu.h
  43:Generated_Source\PSoC5/ErikaOS_1_cortex_mx_ee_cpu.inc **** 	@brief CPU-dependent part of HAL. Derived from pkg/cpu/pic30/inc/ee_cpu.h
  44:Generated_Source\PSoC5/ErikaOS_1_cortex_mx_ee_cpu.inc **** 	@author Gianluca Franchino
  45:Generated_Source\PSoC5/ErikaOS_1_cortex_mx_ee_cpu.inc **** 	@author Giuseppe Serano
  46:Generated_Source\PSoC5/ErikaOS_1_cortex_mx_ee_cpu.inc **** 	@date 2011
  47:Generated_Source\PSoC5/ErikaOS_1_cortex_mx_ee_cpu.inc **** */ 
  48:Generated_Source\PSoC5/ErikaOS_1_cortex_mx_ee_cpu.inc ****     
  49:Generated_Source\PSoC5/ErikaOS_1_cortex_mx_ee_cpu.inc **** /*
  50:Generated_Source\PSoC5/ErikaOS_1_cortex_mx_ee_cpu.inc ****  * PSoC Port and API Generation
  51:Generated_Source\PSoC5/ErikaOS_1_cortex_mx_ee_cpu.inc ****  * Carlos Fernando Meier Martinez
  52:Generated_Source\PSoC5/ErikaOS_1_cortex_mx_ee_cpu.inc ****  * Hochschule Darmstadt, Germany. 2017.
  53:Generated_Source\PSoC5/ErikaOS_1_cortex_mx_ee_cpu.inc ****  */
  54:Generated_Source\PSoC5/ErikaOS_1_cortex_mx_ee_cpu.inc **** 
  55:Generated_Source\PSoC5/ErikaOS_1_cortex_mx_ee_cpu.inc **** #ifndef __INCLUDE_CORTEX_MX_EE_CPU_H__
  56:Generated_Source\PSoC5/ErikaOS_1_cortex_mx_ee_cpu.inc **** #define __INCLUDE_CORTEX_MX_EE_CPU_H__
  57:Generated_Source\PSoC5/ErikaOS_1_cortex_mx_ee_cpu.inc **** 
  58:Generated_Source\PSoC5/ErikaOS_1_cortex_mx_ee_cpu.inc **** #include "ErikaOS_1_eecfg.inc"
  59:Generated_Source\PSoC5/ErikaOS_1_cortex_mx_ee_cpu.inc **** 
  60:Generated_Source\PSoC5/ErikaOS_1_cortex_mx_ee_cpu.inc **** 
  61:Generated_Source\PSoC5/ErikaOS_1_cortex_mx_ee_cpu.inc **** #ifdef __GNU__
  62:Generated_Source\PSoC5/ErikaOS_1_cortex_mx_ee_cpu.inc **** #include "ErikaOS_1_common_ee_compiler_gcc.inc"
  63:Generated_Source\PSoC5/ErikaOS_1_cortex_mx_ee_cpu.inc **** #endif
  64:Generated_Source\PSoC5/ErikaOS_1_cortex_mx_ee_cpu.inc **** 
  65:Generated_Source\PSoC5/ErikaOS_1_cortex_mx_ee_cpu.inc **** /* Initial stack offset (in words): Used in multistack. */
  66:Generated_Source\PSoC5/ErikaOS_1_cortex_mx_ee_cpu.inc **** #ifndef CORTEX_MX_INIT_TOS_OFFSET
  67:Generated_Source\PSoC5/ErikaOS_1_cortex_mx_ee_cpu.inc **** #define CORTEX_MX_INIT_TOS_OFFSET 10
  68:Generated_Source\PSoC5/ErikaOS_1_cortex_mx_ee_cpu.inc **** #endif
  69:Generated_Source\PSoC5/ErikaOS_1_cortex_mx_ee_cpu.inc **** 
  70:Generated_Source\PSoC5/ErikaOS_1_cortex_mx_ee_cpu.inc **** /*************************************************************************
  71:Generated_Source\PSoC5/ErikaOS_1_cortex_mx_ee_cpu.inc ****  HAL Types and structures
ARM GAS  C:\Users\Reza\AppData\Local\Temp\ccQ7oAXu.s 			page 4


  72:Generated_Source\PSoC5/ErikaOS_1_cortex_mx_ee_cpu.inc ****  *************************************************************************/
  73:Generated_Source\PSoC5/ErikaOS_1_cortex_mx_ee_cpu.inc **** 
  74:Generated_Source\PSoC5/ErikaOS_1_cortex_mx_ee_cpu.inc **** /* Primitive data types */
  75:Generated_Source\PSoC5/ErikaOS_1_cortex_mx_ee_cpu.inc **** #include "ErikaOS_1_common_ee_types.inc"
  76:Generated_Source\PSoC5/ErikaOS_1_cortex_mx_ee_cpu.inc **** 
  77:Generated_Source\PSoC5/ErikaOS_1_cortex_mx_ee_cpu.inc **** typedef EE_UINT32 EE_UREG;
  78:Generated_Source\PSoC5/ErikaOS_1_cortex_mx_ee_cpu.inc **** typedef EE_INT32  EE_SREG;
  79:Generated_Source\PSoC5/ErikaOS_1_cortex_mx_ee_cpu.inc **** typedef EE_UINT32 EE_FREG;
  80:Generated_Source\PSoC5/ErikaOS_1_cortex_mx_ee_cpu.inc **** #define EE_UREG_SIZE 4
  81:Generated_Source\PSoC5/ErikaOS_1_cortex_mx_ee_cpu.inc **** 
  82:Generated_Source\PSoC5/ErikaOS_1_cortex_mx_ee_cpu.inc **** /* boolean type */
  83:Generated_Source\PSoC5/ErikaOS_1_cortex_mx_ee_cpu.inc **** #ifndef EE_TYPEBOOL
  84:Generated_Source\PSoC5/ErikaOS_1_cortex_mx_ee_cpu.inc **** typedef EE_UREG EE_TYPEBOOL;
  85:Generated_Source\PSoC5/ErikaOS_1_cortex_mx_ee_cpu.inc **** #endif
  86:Generated_Source\PSoC5/ErikaOS_1_cortex_mx_ee_cpu.inc **** 
  87:Generated_Source\PSoC5/ErikaOS_1_cortex_mx_ee_cpu.inc **** /* boolean true define */
  88:Generated_Source\PSoC5/ErikaOS_1_cortex_mx_ee_cpu.inc **** #ifndef EE_TRUE
  89:Generated_Source\PSoC5/ErikaOS_1_cortex_mx_ee_cpu.inc **** #define EE_TRUE ((EE_TYPEBOOL)1U)
  90:Generated_Source\PSoC5/ErikaOS_1_cortex_mx_ee_cpu.inc **** #endif
  91:Generated_Source\PSoC5/ErikaOS_1_cortex_mx_ee_cpu.inc **** 
  92:Generated_Source\PSoC5/ErikaOS_1_cortex_mx_ee_cpu.inc **** /* boolean false define */
  93:Generated_Source\PSoC5/ErikaOS_1_cortex_mx_ee_cpu.inc **** #ifndef EE_FALSE
  94:Generated_Source\PSoC5/ErikaOS_1_cortex_mx_ee_cpu.inc **** #define EE_FALSE ((EE_TYPEBOOL)0U)
  95:Generated_Source\PSoC5/ErikaOS_1_cortex_mx_ee_cpu.inc **** #endif
  96:Generated_Source\PSoC5/ErikaOS_1_cortex_mx_ee_cpu.inc **** 
  97:Generated_Source\PSoC5/ErikaOS_1_cortex_mx_ee_cpu.inc **** #define	EE_HWREG_PTR		volatile EE_UREG *
  98:Generated_Source\PSoC5/ErikaOS_1_cortex_mx_ee_cpu.inc **** #define	EE_HWREG_ADDR(x)	((EE_HWREG_PTR)(x))
  99:Generated_Source\PSoC5/ErikaOS_1_cortex_mx_ee_cpu.inc **** #define	EE_HWREG(x)		(*EE_HWREG_ADDR(x))
 100:Generated_Source\PSoC5/ErikaOS_1_cortex_mx_ee_cpu.inc **** 
 101:Generated_Source\PSoC5/ErikaOS_1_cortex_mx_ee_cpu.inc **** #ifdef __GNU__
 102:Generated_Source\PSoC5/ErikaOS_1_cortex_mx_ee_cpu.inc **** 
 103:Generated_Source\PSoC5/ErikaOS_1_cortex_mx_ee_cpu.inc **** /* Get current SP */
 104:Generated_Source\PSoC5/ErikaOS_1_cortex_mx_ee_cpu.inc **** __INLINE__ EE_UINT32  __current_sp(void)
 105:Generated_Source\PSoC5/ErikaOS_1_cortex_mx_ee_cpu.inc **** {
 106:Generated_Source\PSoC5/ErikaOS_1_cortex_mx_ee_cpu.inc **** EE_UINT32 temp;
 107:Generated_Source\PSoC5/ErikaOS_1_cortex_mx_ee_cpu.inc **** __ASM ("mov %0, sp" : "=r" (temp) : );
 108:Generated_Source\PSoC5/ErikaOS_1_cortex_mx_ee_cpu.inc **** return temp;
 109:Generated_Source\PSoC5/ErikaOS_1_cortex_mx_ee_cpu.inc **** }
 110:Generated_Source\PSoC5/ErikaOS_1_cortex_mx_ee_cpu.inc **** 
 111:Generated_Source\PSoC5/ErikaOS_1_cortex_mx_ee_cpu.inc **** /* Set a breakpoint */
 112:Generated_Source\PSoC5/ErikaOS_1_cortex_mx_ee_cpu.inc **** #define __breakpoint(value)	__ASM ("bkpt "#value)
 113:Generated_Source\PSoC5/ErikaOS_1_cortex_mx_ee_cpu.inc **** 
 114:Generated_Source\PSoC5/ErikaOS_1_cortex_mx_ee_cpu.inc **** #endif
 115:Generated_Source\PSoC5/ErikaOS_1_cortex_mx_ee_cpu.inc **** 
 116:Generated_Source\PSoC5/ErikaOS_1_cortex_mx_ee_cpu.inc **** /* ISR Priority representation type */
 117:Generated_Source\PSoC5/ErikaOS_1_cortex_mx_ee_cpu.inc **** typedef EE_UREG EE_TYPEISR2PRIO;
 118:Generated_Source\PSoC5/ErikaOS_1_cortex_mx_ee_cpu.inc **** 
 119:Generated_Source\PSoC5/ErikaOS_1_cortex_mx_ee_cpu.inc **** /* Thread IDs */
 120:Generated_Source\PSoC5/ErikaOS_1_cortex_mx_ee_cpu.inc **** typedef EE_INT32 EE_TID;
 121:Generated_Source\PSoC5/ErikaOS_1_cortex_mx_ee_cpu.inc **** 
 122:Generated_Source\PSoC5/ErikaOS_1_cortex_mx_ee_cpu.inc **** /* Thread IDs - unsigned version*/
 123:Generated_Source\PSoC5/ErikaOS_1_cortex_mx_ee_cpu.inc **** typedef EE_UINT32 EE_UTID;
 124:Generated_Source\PSoC5/ErikaOS_1_cortex_mx_ee_cpu.inc **** 
 125:Generated_Source\PSoC5/ErikaOS_1_cortex_mx_ee_cpu.inc **** /* Used by the common layer to decide whether to start a new thread */
 126:Generated_Source\PSoC5/ErikaOS_1_cortex_mx_ee_cpu.inc **** #define TID_IS_STACKED_MARK 0x80000000
 127:Generated_Source\PSoC5/ErikaOS_1_cortex_mx_ee_cpu.inc **** 
 128:Generated_Source\PSoC5/ErikaOS_1_cortex_mx_ee_cpu.inc **** /* EE_TYPEIRQ is currently unused */
ARM GAS  C:\Users\Reza\AppData\Local\Temp\ccQ7oAXu.s 			page 5


 129:Generated_Source\PSoC5/ErikaOS_1_cortex_mx_ee_cpu.inc **** 
 130:Generated_Source\PSoC5/ErikaOS_1_cortex_mx_ee_cpu.inc **** /* XXX: define EE_TIME? */
 131:Generated_Source\PSoC5/ErikaOS_1_cortex_mx_ee_cpu.inc **** 
 132:Generated_Source\PSoC5/ErikaOS_1_cortex_mx_ee_cpu.inc **** /* Use the "standard" implementation */
 133:Generated_Source\PSoC5/ErikaOS_1_cortex_mx_ee_cpu.inc **** #include "ErikaOS_1_common_ee_hal_structs.inc"
 134:Generated_Source\PSoC5/ErikaOS_1_cortex_mx_ee_cpu.inc **** 
 135:Generated_Source\PSoC5/ErikaOS_1_cortex_mx_ee_cpu.inc **** /******************************************************************************
 136:Generated_Source\PSoC5/ErikaOS_1_cortex_mx_ee_cpu.inc ****  Application dependent data types
 137:Generated_Source\PSoC5/ErikaOS_1_cortex_mx_ee_cpu.inc ****  ******************************************************************************/
 138:Generated_Source\PSoC5/ErikaOS_1_cortex_mx_ee_cpu.inc **** 
 139:Generated_Source\PSoC5/ErikaOS_1_cortex_mx_ee_cpu.inc **** #ifdef	__HAS_TYPES_H__
 140:Generated_Source\PSoC5/ErikaOS_1_cortex_mx_ee_cpu.inc **** #include	"types.h"
 141:Generated_Source\PSoC5/ErikaOS_1_cortex_mx_ee_cpu.inc **** #endif
 142:Generated_Source\PSoC5/ErikaOS_1_cortex_mx_ee_cpu.inc **** 
 143:Generated_Source\PSoC5/ErikaOS_1_cortex_mx_ee_cpu.inc **** /******************************************************************************
 144:Generated_Source\PSoC5/ErikaOS_1_cortex_mx_ee_cpu.inc ****  CPU Peripherals
 145:Generated_Source\PSoC5/ErikaOS_1_cortex_mx_ee_cpu.inc ****  ******************************************************************************/
 146:Generated_Source\PSoC5/ErikaOS_1_cortex_mx_ee_cpu.inc **** 
 147:Generated_Source\PSoC5/ErikaOS_1_cortex_mx_ee_cpu.inc **** #ifdef __CORTEX_MX__
 148:Generated_Source\PSoC5/ErikaOS_1_cortex_mx_ee_cpu.inc **** #include "ErikaOS_1_cortex_mx_ee_nvic.inc"
 149:Generated_Source\PSoC5/ErikaOS_1_cortex_mx_ee_cpu.inc **** #include "ErikaOS_1_cortex_mx_ee_systick.inc"
 150:Generated_Source\PSoC5/ErikaOS_1_cortex_mx_ee_cpu.inc **** #endif
 151:Generated_Source\PSoC5/ErikaOS_1_cortex_mx_ee_cpu.inc **** 
 152:Generated_Source\PSoC5/ErikaOS_1_cortex_mx_ee_cpu.inc **** /******************************************************************************
 153:Generated_Source\PSoC5/ErikaOS_1_cortex_mx_ee_cpu.inc ****  HAL Variables
 154:Generated_Source\PSoC5/ErikaOS_1_cortex_mx_ee_cpu.inc ****  ******************************************************************************/
 155:Generated_Source\PSoC5/ErikaOS_1_cortex_mx_ee_cpu.inc **** 
 156:Generated_Source\PSoC5/ErikaOS_1_cortex_mx_ee_cpu.inc **** #ifdef __MULTI__
 157:Generated_Source\PSoC5/ErikaOS_1_cortex_mx_ee_cpu.inc **** 
 158:Generated_Source\PSoC5/ErikaOS_1_cortex_mx_ee_cpu.inc **** /* Top-of-stack of each private stack */
 159:Generated_Source\PSoC5/ErikaOS_1_cortex_mx_ee_cpu.inc **** extern struct EE_TOS EE_cortex_mx_system_tos[];
 160:Generated_Source\PSoC5/ErikaOS_1_cortex_mx_ee_cpu.inc **** //#define	EE_std_system_tos EE_cortex_mx_system_tos
 161:Generated_Source\PSoC5/ErikaOS_1_cortex_mx_ee_cpu.inc **** 
 162:Generated_Source\PSoC5/ErikaOS_1_cortex_mx_ee_cpu.inc **** /* Index of the current stack */
 163:Generated_Source\PSoC5/ErikaOS_1_cortex_mx_ee_cpu.inc **** extern EE_UREG EE_cortex_mx_active_tos;
 164:Generated_Source\PSoC5/ErikaOS_1_cortex_mx_ee_cpu.inc **** #define	EE_hal_active_tos EE_cortex_mx_active_tos
 165:Generated_Source\PSoC5/ErikaOS_1_cortex_mx_ee_cpu.inc **** 
 166:Generated_Source\PSoC5/ErikaOS_1_cortex_mx_ee_cpu.inc **** /*extern	EE_UREG EE_pic30_thread_tos[];
 167:Generated_Source\PSoC5/ErikaOS_1_cortex_mx_ee_cpu.inc **** #define	EE_std_thread_tos EE_pic30_thread_tos */
 168:Generated_Source\PSoC5/ErikaOS_1_cortex_mx_ee_cpu.inc **** #endif /* __MULTI__ */
 169:Generated_Source\PSoC5/ErikaOS_1_cortex_mx_ee_cpu.inc **** 
 170:Generated_Source\PSoC5/ErikaOS_1_cortex_mx_ee_cpu.inc **** /*********************************************************************
 171:Generated_Source\PSoC5/ErikaOS_1_cortex_mx_ee_cpu.inc ****  Cortex M0 interrupt disabling/enabling
 172:Generated_Source\PSoC5/ErikaOS_1_cortex_mx_ee_cpu.inc ****  *********************************************************************/
 173:Generated_Source\PSoC5/ErikaOS_1_cortex_mx_ee_cpu.inc **** 
 174:Generated_Source\PSoC5/ErikaOS_1_cortex_mx_ee_cpu.inc **** /* Used to check the value returned by EE_cortex_mx_disableIRQ */
 175:Generated_Source\PSoC5/ErikaOS_1_cortex_mx_ee_cpu.inc **** #define EE_cortex_mx_are_IRQs_enabled(ie) ((ie) ^ 1)
 176:Generated_Source\PSoC5/ErikaOS_1_cortex_mx_ee_cpu.inc **** 
 177:Generated_Source\PSoC5/ErikaOS_1_cortex_mx_ee_cpu.inc **** /**
 178:Generated_Source\PSoC5/ErikaOS_1_cortex_mx_ee_cpu.inc ****  * Enable interrupts
 179:Generated_Source\PSoC5/ErikaOS_1_cortex_mx_ee_cpu.inc ****  */
 180:Generated_Source\PSoC5/ErikaOS_1_cortex_mx_ee_cpu.inc **** __INLINE__ void  EE_cortex_mx_enableIRQ(void)
 181:Generated_Source\PSoC5/ErikaOS_1_cortex_mx_ee_cpu.inc **** {
 182:Generated_Source\PSoC5/ErikaOS_1_cortex_mx_ee_cpu.inc **** #ifdef __IAR__
 183:Generated_Source\PSoC5/ErikaOS_1_cortex_mx_ee_cpu.inc **** 	__ASM ("cpsie i");
 184:Generated_Source\PSoC5/ErikaOS_1_cortex_mx_ee_cpu.inc **** #else	/* __IAR__ */
 185:Generated_Source\PSoC5/ErikaOS_1_cortex_mx_ee_cpu.inc **** #ifdef __CCS__
ARM GAS  C:\Users\Reza\AppData\Local\Temp\ccQ7oAXu.s 			page 6


 186:Generated_Source\PSoC5/ErikaOS_1_cortex_mx_ee_cpu.inc **** 	__ASM ("    cpsie    i\n");
 187:Generated_Source\PSoC5/ErikaOS_1_cortex_mx_ee_cpu.inc **** #else	/* __CCS__ */
 188:Generated_Source\PSoC5/ErikaOS_1_cortex_mx_ee_cpu.inc **** #ifdef __KEIL__
 189:Generated_Source\PSoC5/ErikaOS_1_cortex_mx_ee_cpu.inc **** 	__enable_irq();
 190:Generated_Source\PSoC5/ErikaOS_1_cortex_mx_ee_cpu.inc **** #else	/* __KEIL__ */
 191:Generated_Source\PSoC5/ErikaOS_1_cortex_mx_ee_cpu.inc **** 	__ASM volatile("cpsie i");
 192:Generated_Source\PSoC5/ErikaOS_1_cortex_mx_ee_cpu.inc **** #endif	/* !__KEIL__ */
 193:Generated_Source\PSoC5/ErikaOS_1_cortex_mx_ee_cpu.inc **** #endif	/* !__CCS__ */
 194:Generated_Source\PSoC5/ErikaOS_1_cortex_mx_ee_cpu.inc **** #endif	/* !__IAR__ */
 195:Generated_Source\PSoC5/ErikaOS_1_cortex_mx_ee_cpu.inc **** }
 196:Generated_Source\PSoC5/ErikaOS_1_cortex_mx_ee_cpu.inc **** 
 197:Generated_Source\PSoC5/ErikaOS_1_cortex_mx_ee_cpu.inc **** /**
 198:Generated_Source\PSoC5/ErikaOS_1_cortex_mx_ee_cpu.inc ****  * Disable interrupts
 199:Generated_Source\PSoC5/ErikaOS_1_cortex_mx_ee_cpu.inc ****  */
 200:Generated_Source\PSoC5/ErikaOS_1_cortex_mx_ee_cpu.inc **** __INLINE__ void  EE_cortex_mx_disableIRQ(void)
 201:Generated_Source\PSoC5/ErikaOS_1_cortex_mx_ee_cpu.inc **** {
 202:Generated_Source\PSoC5/ErikaOS_1_cortex_mx_ee_cpu.inc **** #ifdef __IAR__
 203:Generated_Source\PSoC5/ErikaOS_1_cortex_mx_ee_cpu.inc **** 	__ASM ("cpsid i");
 204:Generated_Source\PSoC5/ErikaOS_1_cortex_mx_ee_cpu.inc **** #else	/* __IAR__ */
 205:Generated_Source\PSoC5/ErikaOS_1_cortex_mx_ee_cpu.inc **** #ifdef __CCS__
 206:Generated_Source\PSoC5/ErikaOS_1_cortex_mx_ee_cpu.inc **** 	__ASM ("    cpsid    i\n");
 207:Generated_Source\PSoC5/ErikaOS_1_cortex_mx_ee_cpu.inc **** #else	/* __CCS__ */
 208:Generated_Source\PSoC5/ErikaOS_1_cortex_mx_ee_cpu.inc **** #ifdef __KEIL__
 209:Generated_Source\PSoC5/ErikaOS_1_cortex_mx_ee_cpu.inc **** 	__disable_irq();
 210:Generated_Source\PSoC5/ErikaOS_1_cortex_mx_ee_cpu.inc **** #else	/* __KEIL__ */
 211:Generated_Source\PSoC5/ErikaOS_1_cortex_mx_ee_cpu.inc **** 	__ASM volatile("cpsid i");
  40              		.loc 2 211 0
  41              		.syntax unified
  42              	@ 211 "Generated_Source\PSoC5\ErikaOS_1_cortex_mx_ee_cpu.inc" 1
  43 0002 72B6     		cpsid i
  44              	@ 0 "" 2
  45              		.thumb
  46              		.syntax unified
  47              	.LBE12:
  48              	.LBE11:
  49              	.LBE10:
  50              	.LBB13:
  51              	.LBB14:
  52              		.file 3 "Generated_Source\\PSoC5\\ErikaOS_1_ee_oo_internal.inc"
   1:Generated_Source\PSoC5/ErikaOS_1_ee_oo_internal.inc **** /* ###*B*###
   2:Generated_Source\PSoC5/ErikaOS_1_ee_oo_internal.inc ****  * ERIKA Enterprise - a tiny RTOS for small microcontrollers
   3:Generated_Source\PSoC5/ErikaOS_1_ee_oo_internal.inc ****  *
   4:Generated_Source\PSoC5/ErikaOS_1_ee_oo_internal.inc ****  * Copyright (C) 2002-2008  Evidence Srl
   5:Generated_Source\PSoC5/ErikaOS_1_ee_oo_internal.inc ****  *
   6:Generated_Source\PSoC5/ErikaOS_1_ee_oo_internal.inc ****  * This file is part of ERIKA Enterprise.
   7:Generated_Source\PSoC5/ErikaOS_1_ee_oo_internal.inc ****  *
   8:Generated_Source\PSoC5/ErikaOS_1_ee_oo_internal.inc ****  * ERIKA Enterprise is free software; you can redistribute it
   9:Generated_Source\PSoC5/ErikaOS_1_ee_oo_internal.inc ****  * and/or modify it under the terms of the GNU General Public License
  10:Generated_Source\PSoC5/ErikaOS_1_ee_oo_internal.inc ****  * version 2 as published by the Free Software Foundation, 
  11:Generated_Source\PSoC5/ErikaOS_1_ee_oo_internal.inc ****  * (with a special exception described below).
  12:Generated_Source\PSoC5/ErikaOS_1_ee_oo_internal.inc ****  *
  13:Generated_Source\PSoC5/ErikaOS_1_ee_oo_internal.inc ****  * Linking this code statically or dynamically with other modules is
  14:Generated_Source\PSoC5/ErikaOS_1_ee_oo_internal.inc ****  * making a combined work based on this code.  Thus, the terms and
  15:Generated_Source\PSoC5/ErikaOS_1_ee_oo_internal.inc ****  * conditions of the GNU General Public License cover the whole
  16:Generated_Source\PSoC5/ErikaOS_1_ee_oo_internal.inc ****  * combination.
  17:Generated_Source\PSoC5/ErikaOS_1_ee_oo_internal.inc ****  *
  18:Generated_Source\PSoC5/ErikaOS_1_ee_oo_internal.inc ****  * As a special exception, the copyright holders of this library give you
ARM GAS  C:\Users\Reza\AppData\Local\Temp\ccQ7oAXu.s 			page 7


  19:Generated_Source\PSoC5/ErikaOS_1_ee_oo_internal.inc ****  * permission to link this code with independent modules to produce an
  20:Generated_Source\PSoC5/ErikaOS_1_ee_oo_internal.inc ****  * executable, regardless of the license terms of these independent
  21:Generated_Source\PSoC5/ErikaOS_1_ee_oo_internal.inc ****  * modules, and to copy and distribute the resulting executable under
  22:Generated_Source\PSoC5/ErikaOS_1_ee_oo_internal.inc ****  * terms of your choice, provided that you also meet, for each linked
  23:Generated_Source\PSoC5/ErikaOS_1_ee_oo_internal.inc ****  * independent module, the terms and conditions of the license of that
  24:Generated_Source\PSoC5/ErikaOS_1_ee_oo_internal.inc ****  * module.  An independent module is a module which is not derived from
  25:Generated_Source\PSoC5/ErikaOS_1_ee_oo_internal.inc ****  * or based on this library.  If you modify this code, you may extend
  26:Generated_Source\PSoC5/ErikaOS_1_ee_oo_internal.inc ****  * this exception to your version of the code, but you are not
  27:Generated_Source\PSoC5/ErikaOS_1_ee_oo_internal.inc ****  * obligated to do so.  If you do not wish to do so, delete this
  28:Generated_Source\PSoC5/ErikaOS_1_ee_oo_internal.inc ****  * exception statement from your version.
  29:Generated_Source\PSoC5/ErikaOS_1_ee_oo_internal.inc ****  *
  30:Generated_Source\PSoC5/ErikaOS_1_ee_oo_internal.inc ****  * ERIKA Enterprise is distributed in the hope that it will be
  31:Generated_Source\PSoC5/ErikaOS_1_ee_oo_internal.inc ****  * useful, but WITHOUT ANY WARRANTY; without even the implied warranty
  32:Generated_Source\PSoC5/ErikaOS_1_ee_oo_internal.inc ****  * of MERCHANTABILITY or FITNESS FOR A PARTICULAR PURPOSE.  See the
  33:Generated_Source\PSoC5/ErikaOS_1_ee_oo_internal.inc ****  * GNU General Public License version 2 for more details.
  34:Generated_Source\PSoC5/ErikaOS_1_ee_oo_internal.inc ****  *
  35:Generated_Source\PSoC5/ErikaOS_1_ee_oo_internal.inc ****  * You should have received a copy of the GNU General Public License
  36:Generated_Source\PSoC5/ErikaOS_1_ee_oo_internal.inc ****  * version 2 along with ERIKA Enterprise; if not, write to the
  37:Generated_Source\PSoC5/ErikaOS_1_ee_oo_internal.inc ****  * Free Software Foundation, Inc., 51 Franklin Street, Fifth Floor,
  38:Generated_Source\PSoC5/ErikaOS_1_ee_oo_internal.inc ****  * Boston, MA 02110-1301 USA.
  39:Generated_Source\PSoC5/ErikaOS_1_ee_oo_internal.inc ****  * ###*E*### */
  40:Generated_Source\PSoC5/ErikaOS_1_ee_oo_internal.inc **** 
  41:Generated_Source\PSoC5/ErikaOS_1_ee_oo_internal.inc **** /*
  42:Generated_Source\PSoC5/ErikaOS_1_ee_oo_internal.inc ****  * Author: 2002 Paolo Gai
  43:Generated_Source\PSoC5/ErikaOS_1_ee_oo_internal.inc ****  * CVS: $Id: ee_internal.h,v 1.6 2006/12/03 22:07:50 pj Exp $
  44:Generated_Source\PSoC5/ErikaOS_1_ee_oo_internal.inc ****  */
  45:Generated_Source\PSoC5/ErikaOS_1_ee_oo_internal.inc **** 
  46:Generated_Source\PSoC5/ErikaOS_1_ee_oo_internal.inc **** /*
  47:Generated_Source\PSoC5/ErikaOS_1_ee_oo_internal.inc ****  * PSoC Port and API Generation
  48:Generated_Source\PSoC5/ErikaOS_1_ee_oo_internal.inc ****  * Carlos Fernando Meier Martinez
  49:Generated_Source\PSoC5/ErikaOS_1_ee_oo_internal.inc ****  * Hochschule Darmstadt, Germany. 2017.
  50:Generated_Source\PSoC5/ErikaOS_1_ee_oo_internal.inc ****  */
  51:Generated_Source\PSoC5/ErikaOS_1_ee_oo_internal.inc **** 
  52:Generated_Source\PSoC5/ErikaOS_1_ee_oo_internal.inc **** #ifndef PKG_KERNEL_OO_INC_EE_OO_INTERNAL_H
  53:Generated_Source\PSoC5/ErikaOS_1_ee_oo_internal.inc **** #define PKG_KERNEL_OO_INC_EE_OO_INTERNAL_H
  54:Generated_Source\PSoC5/ErikaOS_1_ee_oo_internal.inc **** 
  55:Generated_Source\PSoC5/ErikaOS_1_ee_oo_internal.inc **** #include "ErikaOS_1_ee_oo_common.inc"
  56:Generated_Source\PSoC5/ErikaOS_1_ee_oo_internal.inc **** #include "ErikaOS_1_ee_oo_intfunc.inc"
  57:Generated_Source\PSoC5/ErikaOS_1_ee_oo_internal.inc **** #include "ErikaOS_1_ee_oo_irq.inc"
  58:Generated_Source\PSoC5/ErikaOS_1_ee_oo_internal.inc **** #if (__OO_configUSE_TRACE_FACILITY == 1)
  59:Generated_Source\PSoC5/ErikaOS_1_ee_oo_internal.inc **** #include "trcKernelPort.h" 
  60:Generated_Source\PSoC5/ErikaOS_1_ee_oo_internal.inc **** #endif
  61:Generated_Source\PSoC5/ErikaOS_1_ee_oo_internal.inc **** /*******************************************************************************
  62:Generated_Source\PSoC5/ErikaOS_1_ee_oo_internal.inc ****  *                    New Error Handling Internal Utilities
  63:Generated_Source\PSoC5/ErikaOS_1_ee_oo_internal.inc ****  ******************************************************************************/
  64:Generated_Source\PSoC5/ErikaOS_1_ee_oo_internal.inc **** 
  65:Generated_Source\PSoC5/ErikaOS_1_ee_oo_internal.inc **** /* Error Parameters Utilities Macros */
  66:Generated_Source\PSoC5/ErikaOS_1_ee_oo_internal.inc **** #define EE_OS_PARAM(param_name)   EE_os_param param_name
  67:Generated_Source\PSoC5/ErikaOS_1_ee_oo_internal.inc **** #define EE_OS_PARAM_VALUE(param_name, param_value)  \
  68:Generated_Source\PSoC5/ErikaOS_1_ee_oo_internal.inc ****   ((param_name).value_param = (param_value))
  69:Generated_Source\PSoC5/ErikaOS_1_ee_oo_internal.inc **** 
  70:Generated_Source\PSoC5/ErikaOS_1_ee_oo_internal.inc **** #define EE_OS_PARAM_REF(param_name, param_field, param_ref) \
  71:Generated_Source\PSoC5/ErikaOS_1_ee_oo_internal.inc ****   ((param_name).param_field = (param_ref))
  72:Generated_Source\PSoC5/ErikaOS_1_ee_oo_internal.inc **** 
  73:Generated_Source\PSoC5/ErikaOS_1_ee_oo_internal.inc **** #ifdef __OO_HAS_ERRORHOOK__
  74:Generated_Source\PSoC5/ErikaOS_1_ee_oo_internal.inc **** /* Error Parameters Data Structure Utilities Macros from user space */
  75:Generated_Source\PSoC5/ErikaOS_1_ee_oo_internal.inc **** #define EE_OS_ERROR_PARAMETERS()  EE_oo_ErrorHook_parameters error_parameters
ARM GAS  C:\Users\Reza\AppData\Local\Temp\ccQ7oAXu.s 			page 8


  76:Generated_Source\PSoC5/ErikaOS_1_ee_oo_internal.inc **** 
  77:Generated_Source\PSoC5/ErikaOS_1_ee_oo_internal.inc **** #define EE_OS_ERROR_PARAMETERS_INIT(param1_in,param2_in,param3_in)  \
  78:Generated_Source\PSoC5/ErikaOS_1_ee_oo_internal.inc ****   EE_oo_ErrorHook_parameters error_parameters = { param1_in, param2_in, \
  79:Generated_Source\PSoC5/ErikaOS_1_ee_oo_internal.inc ****     param3_in }
  80:Generated_Source\PSoC5/ErikaOS_1_ee_oo_internal.inc **** 
  81:Generated_Source\PSoC5/ErikaOS_1_ee_oo_internal.inc **** #define EE_OS_ERROR_PARAMETERS_PARAM1_VALUE(param1_value) \
  82:Generated_Source\PSoC5/ErikaOS_1_ee_oo_internal.inc ****   (error_parameters.param1.value_param = param1_value)
  83:Generated_Source\PSoC5/ErikaOS_1_ee_oo_internal.inc **** #define EE_OS_ERROR_PARAMETERS_PARAM2_VALUE(param2_value) \
  84:Generated_Source\PSoC5/ErikaOS_1_ee_oo_internal.inc ****   (error_parameters.param2.value_param = param2_value)
  85:Generated_Source\PSoC5/ErikaOS_1_ee_oo_internal.inc **** #define EE_OS_ERROR_PARAMETERS_PARAM3_VALUE(param3_value) \
  86:Generated_Source\PSoC5/ErikaOS_1_ee_oo_internal.inc ****   (error_parameters.param3.value_param = param3_value)
  87:Generated_Source\PSoC5/ErikaOS_1_ee_oo_internal.inc **** 
  88:Generated_Source\PSoC5/ErikaOS_1_ee_oo_internal.inc **** #define EE_OS_ERROR_PARAMETERS_PARAM1_REF(param_field,param_ref)  \
  89:Generated_Source\PSoC5/ErikaOS_1_ee_oo_internal.inc ****   (error_parameters.param1.param_field = (param_ref))
  90:Generated_Source\PSoC5/ErikaOS_1_ee_oo_internal.inc **** #define EE_OS_ERROR_PARAMETERS_PARAM2_REF(param_field,param_ref)  \
  91:Generated_Source\PSoC5/ErikaOS_1_ee_oo_internal.inc ****   (error_parameters.param2.param_field = (param_ref))
  92:Generated_Source\PSoC5/ErikaOS_1_ee_oo_internal.inc **** #define EE_OS_ERROR_PARAMETERS_PARAM3_REF(param_field,param_ref)  \
  93:Generated_Source\PSoC5/ErikaOS_1_ee_oo_internal.inc ****   (error_parameters.param3.param_field = (param_ref))
  94:Generated_Source\PSoC5/ErikaOS_1_ee_oo_internal.inc **** #else /* __OO_HAS_ERRORHOOK__ */
  95:Generated_Source\PSoC5/ErikaOS_1_ee_oo_internal.inc **** #define EE_OS_ERROR_PARAMETERS()                                    ((void)0)
  96:Generated_Source\PSoC5/ErikaOS_1_ee_oo_internal.inc **** 
  97:Generated_Source\PSoC5/ErikaOS_1_ee_oo_internal.inc **** #define EE_OS_ERROR_PARAMETERS_INIT(param1_in,param2_in,param3_in)  ((void)0)
  98:Generated_Source\PSoC5/ErikaOS_1_ee_oo_internal.inc **** 
  99:Generated_Source\PSoC5/ErikaOS_1_ee_oo_internal.inc **** #define EE_OS_ERROR_PARAMETERS_PARAM1_VALUE(param1_value)           ((void)0)
 100:Generated_Source\PSoC5/ErikaOS_1_ee_oo_internal.inc **** #define EE_OS_ERROR_PARAMETERS_PARAM2_VALUE(param2_value)           ((void)0)
 101:Generated_Source\PSoC5/ErikaOS_1_ee_oo_internal.inc **** #define EE_OS_ERROR_PARAMETERS_PARAM3_VALUE(param3_value)           ((void)0)
 102:Generated_Source\PSoC5/ErikaOS_1_ee_oo_internal.inc **** 
 103:Generated_Source\PSoC5/ErikaOS_1_ee_oo_internal.inc **** #define EE_OS_ERROR_PARAMETERS_PARAM1_REF(param_field,param_ref)    ((void)0)
 104:Generated_Source\PSoC5/ErikaOS_1_ee_oo_internal.inc **** #define EE_OS_ERROR_PARAMETERS_PARAM2_REF(param_field,param_ref)    ((void)0)
 105:Generated_Source\PSoC5/ErikaOS_1_ee_oo_internal.inc **** #define EE_OS_ERROR_PARAMETERS_PARAM3_REF(param_field,param_ref)    ((void)0)
 106:Generated_Source\PSoC5/ErikaOS_1_ee_oo_internal.inc **** #endif /* __OO_HAS_ERRORHOOK__ */
 107:Generated_Source\PSoC5/ErikaOS_1_ee_oo_internal.inc **** 
 108:Generated_Source\PSoC5/ErikaOS_1_ee_oo_internal.inc **** /* Error Handling */
 109:Generated_Source\PSoC5/ErikaOS_1_ee_oo_internal.inc **** #ifdef __OO_HAS_ERRORHOOK__
 110:Generated_Source\PSoC5/ErikaOS_1_ee_oo_internal.inc **** #ifndef  __OO_ERRORHOOK_NOMACROS__
 111:Generated_Source\PSoC5/ErikaOS_1_ee_oo_internal.inc **** 
 112:Generated_Source\PSoC5/ErikaOS_1_ee_oo_internal.inc **** __INLINE__ void  EE_os_fill_error_data( OSServiceIdType
 113:Generated_Source\PSoC5/ErikaOS_1_ee_oo_internal.inc ****   ServiceID, EE_os_param param1, EE_os_param param2, EE_os_param param3 )
 114:Generated_Source\PSoC5/ErikaOS_1_ee_oo_internal.inc **** {
 115:Generated_Source\PSoC5/ErikaOS_1_ee_oo_internal.inc ****   register EE_oo_ErrorHook_parameters * const
 116:Generated_Source\PSoC5/ErikaOS_1_ee_oo_internal.inc ****     p_errorhook_parameter = EE_oo_get_errorhook_data();
 117:Generated_Source\PSoC5/ErikaOS_1_ee_oo_internal.inc ****   (*EE_oo_get_errorhook_service_id()) = ServiceID;
 118:Generated_Source\PSoC5/ErikaOS_1_ee_oo_internal.inc ****   p_errorhook_parameter->param1 = param1;
 119:Generated_Source\PSoC5/ErikaOS_1_ee_oo_internal.inc ****   p_errorhook_parameter->param2 = param2;
 120:Generated_Source\PSoC5/ErikaOS_1_ee_oo_internal.inc ****   p_errorhook_parameter->param3 = param3;
 121:Generated_Source\PSoC5/ErikaOS_1_ee_oo_internal.inc **** }
 122:Generated_Source\PSoC5/ErikaOS_1_ee_oo_internal.inc **** #else /* !__OO_ERRORHOOK_NOMACROS__ */
 123:Generated_Source\PSoC5/ErikaOS_1_ee_oo_internal.inc **** 
 124:Generated_Source\PSoC5/ErikaOS_1_ee_oo_internal.inc **** #define EE_os_fill_error_data(ServiceID,param1,param2,param3) ((void)0)
 125:Generated_Source\PSoC5/ErikaOS_1_ee_oo_internal.inc **** #endif /* !__OO_ERRORHOOK_NOMACROS__ */
 126:Generated_Source\PSoC5/ErikaOS_1_ee_oo_internal.inc **** 
 127:Generated_Source\PSoC5/ErikaOS_1_ee_oo_internal.inc **** __INLINE__ void  EE_os_notify_error( OSServiceIdType ServiceID,
 128:Generated_Source\PSoC5/ErikaOS_1_ee_oo_internal.inc ****   EE_os_param param1, EE_os_param param2, EE_os_param param3,
 129:Generated_Source\PSoC5/ErikaOS_1_ee_oo_internal.inc ****   StatusType Error )
 130:Generated_Source\PSoC5/ErikaOS_1_ee_oo_internal.inc **** {
 131:Generated_Source\PSoC5/ErikaOS_1_ee_oo_internal.inc ****   EE_ORTI_set_lasterror(Error);
 132:Generated_Source\PSoC5/ErikaOS_1_ee_oo_internal.inc ****   if ( EE_ErrorHook_nested_flag == 0U )
ARM GAS  C:\Users\Reza\AppData\Local\Temp\ccQ7oAXu.s 			page 9


 133:Generated_Source\PSoC5/ErikaOS_1_ee_oo_internal.inc ****   {
 134:Generated_Source\PSoC5/ErikaOS_1_ee_oo_internal.inc ****     EE_os_fill_error_data(ServiceID, param1, param2, param3);
 135:Generated_Source\PSoC5/ErikaOS_1_ee_oo_internal.inc ****     EE_ErrorHook_nested_flag = 1U;
 136:Generated_Source\PSoC5/ErikaOS_1_ee_oo_internal.inc ****     EE_oo_call_ErrorHook(Error);
 137:Generated_Source\PSoC5/ErikaOS_1_ee_oo_internal.inc ****     EE_ErrorHook_nested_flag = 0U;
 138:Generated_Source\PSoC5/ErikaOS_1_ee_oo_internal.inc ****   }
 139:Generated_Source\PSoC5/ErikaOS_1_ee_oo_internal.inc **** }
 140:Generated_Source\PSoC5/ErikaOS_1_ee_oo_internal.inc **** 
 141:Generated_Source\PSoC5/ErikaOS_1_ee_oo_internal.inc **** #ifndef __EE_MEMORY_PROTECTION__
 142:Generated_Source\PSoC5/ErikaOS_1_ee_oo_internal.inc **** __INLINE__ void  EE_os_notify_error_from_us(
 143:Generated_Source\PSoC5/ErikaOS_1_ee_oo_internal.inc ****   OSServiceIdType ServiceID, const EE_oo_ErrorHook_parameters * const
 144:Generated_Source\PSoC5/ErikaOS_1_ee_oo_internal.inc ****     error_parameters_ref, StatusType Error )
 145:Generated_Source\PSoC5/ErikaOS_1_ee_oo_internal.inc **** {
 146:Generated_Source\PSoC5/ErikaOS_1_ee_oo_internal.inc ****   if ( error_parameters_ref != NULL ) {
 147:Generated_Source\PSoC5/ErikaOS_1_ee_oo_internal.inc ****     register EE_FREG const flag = EE_hal_begin_nested_primitive();
 148:Generated_Source\PSoC5/ErikaOS_1_ee_oo_internal.inc ****     EE_os_notify_error(ServiceID, error_parameters_ref->param1,
 149:Generated_Source\PSoC5/ErikaOS_1_ee_oo_internal.inc ****       error_parameters_ref->param2, error_parameters_ref->param3, Error);
 150:Generated_Source\PSoC5/ErikaOS_1_ee_oo_internal.inc ****     EE_hal_end_nested_primitive(flag);
 151:Generated_Source\PSoC5/ErikaOS_1_ee_oo_internal.inc ****   }
 152:Generated_Source\PSoC5/ErikaOS_1_ee_oo_internal.inc **** }
 153:Generated_Source\PSoC5/ErikaOS_1_ee_oo_internal.inc **** #else /* !__EE_MEMORY_PROTECTION__ */
 154:Generated_Source\PSoC5/ErikaOS_1_ee_oo_internal.inc **** /* If MemMap.h support is enabled (i.e. because memory protection): use it */
 155:Generated_Source\PSoC5/ErikaOS_1_ee_oo_internal.inc **** #ifdef EE_SUPPORT_MEMMAP_H
 156:Generated_Source\PSoC5/ErikaOS_1_ee_oo_internal.inc **** /* The following code belong to ERIKA API section ee_api_text */
 157:Generated_Source\PSoC5/ErikaOS_1_ee_oo_internal.inc **** #define API_START_SEC_CODE
 158:Generated_Source\PSoC5/ErikaOS_1_ee_oo_internal.inc **** #include "MemMap.inc"
 159:Generated_Source\PSoC5/ErikaOS_1_ee_oo_internal.inc **** #endif /* EE_SUPPORT_MEMMAP_H */
 160:Generated_Source\PSoC5/ErikaOS_1_ee_oo_internal.inc **** 
 161:Generated_Source\PSoC5/ErikaOS_1_ee_oo_internal.inc **** void EE_os_notify_error_from_us( OSServiceIdType ServiceID,
 162:Generated_Source\PSoC5/ErikaOS_1_ee_oo_internal.inc ****   const EE_oo_ErrorHook_parameters * const error_parameters_ref,
 163:Generated_Source\PSoC5/ErikaOS_1_ee_oo_internal.inc ****   StatusType Error );
 164:Generated_Source\PSoC5/ErikaOS_1_ee_oo_internal.inc **** 
 165:Generated_Source\PSoC5/ErikaOS_1_ee_oo_internal.inc **** #ifdef EE_SUPPORT_MEMMAP_H
 166:Generated_Source\PSoC5/ErikaOS_1_ee_oo_internal.inc **** #define API_STOP_SEC_CODE
 167:Generated_Source\PSoC5/ErikaOS_1_ee_oo_internal.inc **** #include "MemMap.inc"
 168:Generated_Source\PSoC5/ErikaOS_1_ee_oo_internal.inc **** #endif /* EE_SUPPORT_MEMMAP_H */
 169:Generated_Source\PSoC5/ErikaOS_1_ee_oo_internal.inc **** #endif /* !__EE_MEMORY_PROTECTION__ */
 170:Generated_Source\PSoC5/ErikaOS_1_ee_oo_internal.inc **** #else /* __OO_HAS_ERRORHOOK__ */
 171:Generated_Source\PSoC5/ErikaOS_1_ee_oo_internal.inc **** 
 172:Generated_Source\PSoC5/ErikaOS_1_ee_oo_internal.inc **** /* Macro used for remapping to prevent compiler warnings on unused parameters */
 173:Generated_Source\PSoC5/ErikaOS_1_ee_oo_internal.inc **** #define EE_os_notify_error(k,j,x,y,z) EE_os_notify_error_impl(z)
 174:Generated_Source\PSoC5/ErikaOS_1_ee_oo_internal.inc **** 
 175:Generated_Source\PSoC5/ErikaOS_1_ee_oo_internal.inc **** __INLINE__ void  EE_os_notify_error_impl(StatusType Error)
 176:Generated_Source\PSoC5/ErikaOS_1_ee_oo_internal.inc **** {
 177:Generated_Source\PSoC5/ErikaOS_1_ee_oo_internal.inc ****   EE_ORTI_set_lasterror(Error);
 178:Generated_Source\PSoC5/ErikaOS_1_ee_oo_internal.inc **** }
 179:Generated_Source\PSoC5/ErikaOS_1_ee_oo_internal.inc **** 
 180:Generated_Source\PSoC5/ErikaOS_1_ee_oo_internal.inc **** /* Macro used for remapping to prevent compiler warnings on unused parameters */
 181:Generated_Source\PSoC5/ErikaOS_1_ee_oo_internal.inc **** #define EE_os_notify_error_from_us(x,y,z) EE_os_notify_error_from_us_impl(z)
 182:Generated_Source\PSoC5/ErikaOS_1_ee_oo_internal.inc **** 
 183:Generated_Source\PSoC5/ErikaOS_1_ee_oo_internal.inc **** __INLINE__ void  EE_os_notify_error_from_us_impl(
 184:Generated_Source\PSoC5/ErikaOS_1_ee_oo_internal.inc ****   StatusType Error )
 185:Generated_Source\PSoC5/ErikaOS_1_ee_oo_internal.inc **** {
 186:Generated_Source\PSoC5/ErikaOS_1_ee_oo_internal.inc ****   EE_ORTI_set_lasterror(Error);
 187:Generated_Source\PSoC5/ErikaOS_1_ee_oo_internal.inc **** }
 188:Generated_Source\PSoC5/ErikaOS_1_ee_oo_internal.inc **** #endif /* __OO_HAS_ERRORHOOK__ */
 189:Generated_Source\PSoC5/ErikaOS_1_ee_oo_internal.inc **** 
ARM GAS  C:\Users\Reza\AppData\Local\Temp\ccQ7oAXu.s 			page 10


 190:Generated_Source\PSoC5/ErikaOS_1_ee_oo_internal.inc **** /*******************************************************************************
 191:Generated_Source\PSoC5/ErikaOS_1_ee_oo_internal.inc ****  *                  Kernel Critical Section Utility Macros
 192:Generated_Source\PSoC5/ErikaOS_1_ee_oo_internal.inc ****  ******************************************************************************/
 193:Generated_Source\PSoC5/ErikaOS_1_ee_oo_internal.inc **** #ifndef __EE_MEMORY_PROTECTION__
 194:Generated_Source\PSoC5/ErikaOS_1_ee_oo_internal.inc **** 
 195:Generated_Source\PSoC5/ErikaOS_1_ee_oo_internal.inc **** #define EE_OS_DECLARE_CRITICAL_SECTION()  register EE_FREG flag
 196:Generated_Source\PSoC5/ErikaOS_1_ee_oo_internal.inc **** 
 197:Generated_Source\PSoC5/ErikaOS_1_ee_oo_internal.inc **** #define EE_OS_ENTER_CRITICAL_SECTION()          \
 198:Generated_Source\PSoC5/ErikaOS_1_ee_oo_internal.inc ****   do {                                          \
 199:Generated_Source\PSoC5/ErikaOS_1_ee_oo_internal.inc ****     flag = EE_hal_begin_nested_primitive();     \
 200:Generated_Source\PSoC5/ErikaOS_1_ee_oo_internal.inc ****     EE_as_tp_active_pause_and_update_budgets(); \
 201:Generated_Source\PSoC5/ErikaOS_1_ee_oo_internal.inc ****   } while ( 0 )
 202:Generated_Source\PSoC5/ErikaOS_1_ee_oo_internal.inc **** 
 203:Generated_Source\PSoC5/ErikaOS_1_ee_oo_internal.inc **** #define EE_OS_DECLARE_AND_ENTER_CRITICAL_SECTION()  \
 204:Generated_Source\PSoC5/ErikaOS_1_ee_oo_internal.inc ****   EE_OS_DECLARE_CRITICAL_SECTION();                 \
 205:Generated_Source\PSoC5/ErikaOS_1_ee_oo_internal.inc ****   EE_OS_ENTER_CRITICAL_SECTION()
 206:Generated_Source\PSoC5/ErikaOS_1_ee_oo_internal.inc **** 
 207:Generated_Source\PSoC5/ErikaOS_1_ee_oo_internal.inc **** #define EE_OS_EXIT_CRITICAL_SECTION()             \
 208:Generated_Source\PSoC5/ErikaOS_1_ee_oo_internal.inc ****   do {                                            \
 209:Generated_Source\PSoC5/ErikaOS_1_ee_oo_internal.inc ****     EE_as_tp_active_update_budgets_and_restart(); \
 210:Generated_Source\PSoC5/ErikaOS_1_ee_oo_internal.inc ****     EE_hal_end_nested_primitive(flag);            \
 211:Generated_Source\PSoC5/ErikaOS_1_ee_oo_internal.inc ****   } while ( 0 )
 212:Generated_Source\PSoC5/ErikaOS_1_ee_oo_internal.inc **** 
 213:Generated_Source\PSoC5/ErikaOS_1_ee_oo_internal.inc **** #define EE_OS_FOREVER_CRITICAL_SECTION()          \
 214:Generated_Source\PSoC5/ErikaOS_1_ee_oo_internal.inc ****   do {                                            \
 215:Generated_Source\PSoC5/ErikaOS_1_ee_oo_internal.inc ****     EE_hal_disableIRQ();                          \
 216:Generated_Source\PSoC5/ErikaOS_1_ee_oo_internal.inc ****     EE_as_tp_active_pause_and_update_budgets();   \
 217:Generated_Source\PSoC5/ErikaOS_1_ee_oo_internal.inc ****   } while ( 0 )
 218:Generated_Source\PSoC5/ErikaOS_1_ee_oo_internal.inc **** 
 219:Generated_Source\PSoC5/ErikaOS_1_ee_oo_internal.inc **** #else /* !__EE_MEMORY_PROTECTION__ */
 220:Generated_Source\PSoC5/ErikaOS_1_ee_oo_internal.inc **** /* TP in any case have to be handled in Service Implementation. Syscall
 221:Generated_Source\PSoC5/ErikaOS_1_ee_oo_internal.inc ****    mechanism can be implement in C language and, in that case, a function call
 222:Generated_Source\PSoC5/ErikaOS_1_ee_oo_internal.inc ****    cannot be done in syscall handler. */
 223:Generated_Source\PSoC5/ErikaOS_1_ee_oo_internal.inc **** #define EE_OS_DECLARE_CRITICAL_SECTION()            ((void)0)
 224:Generated_Source\PSoC5/ErikaOS_1_ee_oo_internal.inc **** #define EE_OS_ENTER_CRITICAL_SECTION()              \
 225:Generated_Source\PSoC5/ErikaOS_1_ee_oo_internal.inc ****   EE_as_tp_active_pause_and_update_budgets()
 226:Generated_Source\PSoC5/ErikaOS_1_ee_oo_internal.inc **** #define EE_OS_DECLARE_AND_ENTER_CRITICAL_SECTION()  \
 227:Generated_Source\PSoC5/ErikaOS_1_ee_oo_internal.inc ****   EE_as_tp_active_pause_and_update_budgets()
 228:Generated_Source\PSoC5/ErikaOS_1_ee_oo_internal.inc **** #define EE_OS_EXIT_CRITICAL_SECTION()               \
 229:Generated_Source\PSoC5/ErikaOS_1_ee_oo_internal.inc ****   EE_as_tp_active_update_budgets_and_restart()
 230:Generated_Source\PSoC5/ErikaOS_1_ee_oo_internal.inc **** #define EE_OS_FOREVER_CRITICAL_SECTION()			\
 231:Generated_Source\PSoC5/ErikaOS_1_ee_oo_internal.inc ****   EE_as_tp_active_pause_and_update_budgets()
 232:Generated_Source\PSoC5/ErikaOS_1_ee_oo_internal.inc **** #endif /* !__EE_MEMORY_PROTECTION__ */
 233:Generated_Source\PSoC5/ErikaOS_1_ee_oo_internal.inc **** 
 234:Generated_Source\PSoC5/ErikaOS_1_ee_oo_internal.inc **** /* return the first stacked task (the running task) without extracting it 
 235:Generated_Source\PSoC5/ErikaOS_1_ee_oo_internal.inc ****    we suppose that this function can be called ALSO at interrupt ENABLED!!!
 236:Generated_Source\PSoC5/ErikaOS_1_ee_oo_internal.inc ****    (see WaitEvent.c) */
 237:Generated_Source\PSoC5/ErikaOS_1_ee_oo_internal.inc **** #ifndef __PRIVATE_STK_QUERYFIRST__
 238:Generated_Source\PSoC5/ErikaOS_1_ee_oo_internal.inc **** __INLINE__ EE_TID  EE_stk_queryfirst(void)
 239:Generated_Source\PSoC5/ErikaOS_1_ee_oo_internal.inc **** {
 240:Generated_Source\PSoC5/ErikaOS_1_ee_oo_internal.inc ****     return EE_stkfirst;  
  53              		.loc 3 240 0
  54 0004 014B     		ldr	r3, .L2
  55              	.LBE14:
  56              	.LBE13:
  62:Generated_Source\PSoC5/ErikaOS_1_ee_tnterm.c ****   register EE_TID current;
  63:Generated_Source\PSoC5/ErikaOS_1_ee_tnterm.c **** 
ARM GAS  C:\Users\Reza\AppData\Local\Temp\ccQ7oAXu.s 			page 11


  64:Generated_Source\PSoC5/ErikaOS_1_ee_tnterm.c ****   /* IRQ disabling for primitive atomicity (It doesn't make sense use
  65:Generated_Source\PSoC5/ErikaOS_1_ee_tnterm.c ****      EE_hal_begin_nested_primitive because at the end of the function I won't
  66:Generated_Source\PSoC5/ErikaOS_1_ee_tnterm.c ****      call EE_hal_end_nested_primitive) */
  67:Generated_Source\PSoC5/ErikaOS_1_ee_tnterm.c ****   EE_hal_disableIRQ();
  68:Generated_Source\PSoC5/ErikaOS_1_ee_tnterm.c **** 
  69:Generated_Source\PSoC5/ErikaOS_1_ee_tnterm.c ****   current = EE_stk_queryfirst();
  70:Generated_Source\PSoC5/ErikaOS_1_ee_tnterm.c **** 
  71:Generated_Source\PSoC5/ErikaOS_1_ee_tnterm.c ****   /* [OS069]: If a task returns from its entry function without making a
  72:Generated_Source\PSoC5/ErikaOS_1_ee_tnterm.c ****       TerminateTask() or ChainTask() call AND the error hook is configured,
  73:Generated_Source\PSoC5/ErikaOS_1_ee_tnterm.c ****       the Operating System shall call the ErrorHook() 
  74:Generated_Source\PSoC5/ErikaOS_1_ee_tnterm.c ****       (this is done regardless of whether the task causes other errors,
  75:Generated_Source\PSoC5/ErikaOS_1_ee_tnterm.c ****        e.g. E_OS_RESOURCE) with status E_OS_MISSINGEND before the task leaves
  76:Generated_Source\PSoC5/ErikaOS_1_ee_tnterm.c ****       the RUNNING state. */
  77:Generated_Source\PSoC5/ErikaOS_1_ee_tnterm.c ****   EE_ORTI_set_lasterror(E_OS_MISSINGEND);
  78:Generated_Source\PSoC5/ErikaOS_1_ee_tnterm.c ****   EE_oo_notify_error_service(OSId_TaskBody, E_OS_MISSINGEND);
  79:Generated_Source\PSoC5/ErikaOS_1_ee_tnterm.c **** 
  80:Generated_Source\PSoC5/ErikaOS_1_ee_tnterm.c ****   /* [OS070]: If a task returns from the entry function without making a
  81:Generated_Source\PSoC5/ErikaOS_1_ee_tnterm.c ****       TerminateTask() or ChainTask() call and still holds OSEK Resources,
  82:Generated_Source\PSoC5/ErikaOS_1_ee_tnterm.c ****       the Operating System shall release them. */
  83:Generated_Source\PSoC5/ErikaOS_1_ee_tnterm.c ****   (void)EE_oo_release_all_resources(current);
  84:Generated_Source\PSoC5/ErikaOS_1_ee_tnterm.c **** 
  85:Generated_Source\PSoC5/ErikaOS_1_ee_tnterm.c ****   /* Force spinlocks release */
  86:Generated_Source\PSoC5/ErikaOS_1_ee_tnterm.c **** #ifdef EE_AS_USER_SPINLOCKS__
  87:Generated_Source\PSoC5/ErikaOS_1_ee_tnterm.c ****   (void)EE_as_release_all_spinlocks(current);
  88:Generated_Source\PSoC5/ErikaOS_1_ee_tnterm.c **** #endif /* EE_AS_USER_SPINLOCKS__ */
  89:Generated_Source\PSoC5/ErikaOS_1_ee_tnterm.c **** 
  90:Generated_Source\PSoC5/ErikaOS_1_ee_tnterm.c ****   /* [OS052], [OS239]: terminate task + call PostTaskHook + ISRs counters reset
  91:Generated_Source\PSoC5/ErikaOS_1_ee_tnterm.c ****       in EE_thread_end_instance. Interrupts enabling is done by
  92:Generated_Source\PSoC5/ErikaOS_1_ee_tnterm.c ****       EE_std_run_task_code (cpu/common ee_context.c) */
  93:Generated_Source\PSoC5/ErikaOS_1_ee_tnterm.c ****   EE_hal_terminate_task(current);
  57              		.loc 1 93 0
  58 0006 1868     		ldr	r0, [r3]
  59 0008 FFF7FEFF 		bl	EE_hal_terminate_task
  60              	.LVL0:
  61              	.L3:
  62              		.align	2
  63              	.L2:
  64 000c 00000000 		.word	EE_stkfirst
  65              		.cfi_endproc
  66              	.LFE70:
  67              		.size	EE_thread_not_terminated, .-EE_thread_not_terminated
  68              		.text
  69              	.Letext0:
  70              		.file 4 "Generated_Source\\PSoC5\\ErikaOS_1_common_ee_types.inc"
  71              		.file 5 "Generated_Source\\PSoC5\\ErikaOS_1_ee_oo_common.inc"
  72              		.file 6 "Generated_Source\\PSoC5\\ErikaOS_1_common_ee_primitives.inc"
  73              		.file 7 "Generated_Source\\PSoC5\\ErikaOS_1_cortex_mx_ee_context.inc"
  74              		.file 8 "Generated_Source\\PSoC5\\ErikaOS_1_ee_oo_intfunc.inc"
  75              		.file 9 "Generated_Source\\PSoC5\\ErikaOS_1_cortex_mx_ee_internal.inc"
  76              		.section	.debug_info,"",%progbits
  77              	.Ldebug_info0:
  78 0000 48040000 		.4byte	0x448
  79 0004 0400     		.2byte	0x4
  80 0006 00000000 		.4byte	.Ldebug_abbrev0
  81 000a 04       		.byte	0x4
  82 000b 01       		.uleb128 0x1
  83 000c D0030000 		.4byte	.LASF64
ARM GAS  C:\Users\Reza\AppData\Local\Temp\ccQ7oAXu.s 			page 12


  84 0010 0C       		.byte	0xc
  85 0011 11020000 		.4byte	.LASF65
  86 0015 CA000000 		.4byte	.LASF66
  87 0019 00000000 		.4byte	.Ldebug_ranges0+0
  88 001d 00000000 		.4byte	0
  89 0021 00000000 		.4byte	.Ldebug_line0
  90 0025 02       		.uleb128 0x2
  91 0026 01       		.byte	0x1
  92 0027 06       		.byte	0x6
  93 0028 68030000 		.4byte	.LASF0
  94 002c 02       		.uleb128 0x2
  95 002d 01       		.byte	0x1
  96 002e 08       		.byte	0x8
  97 002f 29030000 		.4byte	.LASF1
  98 0033 02       		.uleb128 0x2
  99 0034 02       		.byte	0x2
 100 0035 05       		.byte	0x5
 101 0036 4C000000 		.4byte	.LASF2
 102 003a 02       		.uleb128 0x2
 103 003b 02       		.byte	0x2
 104 003c 07       		.byte	0x7
 105 003d 5E040000 		.4byte	.LASF3
 106 0041 02       		.uleb128 0x2
 107 0042 04       		.byte	0x4
 108 0043 05       		.byte	0x5
 109 0044 80020000 		.4byte	.LASF4
 110 0048 02       		.uleb128 0x2
 111 0049 04       		.byte	0x4
 112 004a 07       		.byte	0x7
 113 004b BB040000 		.4byte	.LASF5
 114 004f 02       		.uleb128 0x2
 115 0050 08       		.byte	0x8
 116 0051 05       		.byte	0x5
 117 0052 75000000 		.4byte	.LASF6
 118 0056 02       		.uleb128 0x2
 119 0057 08       		.byte	0x8
 120 0058 07       		.byte	0x7
 121 0059 74030000 		.4byte	.LASF7
 122 005d 03       		.uleb128 0x3
 123 005e 04       		.byte	0x4
 124 005f 05       		.byte	0x5
 125 0060 696E7400 		.ascii	"int\000"
 126 0064 02       		.uleb128 0x2
 127 0065 04       		.byte	0x4
 128 0066 07       		.byte	0x7
 129 0067 9D030000 		.4byte	.LASF8
 130 006b 02       		.uleb128 0x2
 131 006c 08       		.byte	0x8
 132 006d 04       		.byte	0x4
 133 006e 0E030000 		.4byte	.LASF9
 134 0072 04       		.uleb128 0x4
 135 0073 3E020000 		.4byte	.LASF10
 136 0077 04       		.byte	0x4
 137 0078 3F       		.byte	0x3f
 138 0079 25000000 		.4byte	0x25
 139 007d 04       		.uleb128 0x4
 140 007e 8F040000 		.4byte	.LASF11
ARM GAS  C:\Users\Reza\AppData\Local\Temp\ccQ7oAXu.s 			page 13


 141 0082 04       		.byte	0x4
 142 0083 52       		.byte	0x52
 143 0084 3A000000 		.4byte	0x3a
 144 0088 04       		.uleb128 0x4
 145 0089 BF010000 		.4byte	.LASF12
 146 008d 04       		.byte	0x4
 147 008e 53       		.byte	0x53
 148 008f 5D000000 		.4byte	0x5d
 149 0093 04       		.uleb128 0x4
 150 0094 99000000 		.4byte	.LASF13
 151 0098 04       		.byte	0x4
 152 0099 54       		.byte	0x54
 153 009a 64000000 		.4byte	0x64
 154 009e 04       		.uleb128 0x4
 155 009f 13000000 		.4byte	.LASF14
 156 00a3 02       		.byte	0x2
 157 00a4 4D       		.byte	0x4d
 158 00a5 93000000 		.4byte	0x93
 159 00a9 04       		.uleb128 0x4
 160 00aa 6D000000 		.4byte	.LASF15
 161 00ae 02       		.byte	0x2
 162 00af 4F       		.byte	0x4f
 163 00b0 93000000 		.4byte	0x93
 164 00b4 04       		.uleb128 0x4
 165 00b5 CD040000 		.4byte	.LASF16
 166 00b9 02       		.byte	0x2
 167 00ba 54       		.byte	0x54
 168 00bb 9E000000 		.4byte	0x9e
 169 00bf 04       		.uleb128 0x4
 170 00c0 B4000000 		.4byte	.LASF17
 171 00c4 02       		.byte	0x2
 172 00c5 78       		.byte	0x78
 173 00c6 88000000 		.4byte	0x88
 174 00ca 05       		.uleb128 0x5
 175 00cb 5F020000 		.4byte	.LASF18
 176 00cf 05       		.byte	0x5
 177 00d0 1101     		.2byte	0x111
 178 00d2 7D000000 		.4byte	0x7d
 179 00d6 05       		.uleb128 0x5
 180 00d7 E4020000 		.4byte	.LASF19
 181 00db 05       		.byte	0x5
 182 00dc 3502     		.2byte	0x235
 183 00de 9E000000 		.4byte	0x9e
 184 00e2 05       		.uleb128 0x5
 185 00e3 FC020000 		.4byte	.LASF20
 186 00e7 05       		.byte	0x5
 187 00e8 5D02     		.2byte	0x25d
 188 00ea 9E000000 		.4byte	0x9e
 189 00ee 05       		.uleb128 0x5
 190 00ef F3040000 		.4byte	.LASF21
 191 00f3 05       		.byte	0x5
 192 00f4 6C02     		.2byte	0x26c
 193 00f6 9E000000 		.4byte	0x9e
 194 00fa 06       		.uleb128 0x6
 195 00fb 0C       		.byte	0xc
 196 00fc 05       		.byte	0x5
 197 00fd 7202     		.2byte	0x272
ARM GAS  C:\Users\Reza\AppData\Local\Temp\ccQ7oAXu.s 			page 14


 198 00ff 2B010000 		.4byte	0x12b
 199 0103 07       		.uleb128 0x7
 200 0104 89020000 		.4byte	.LASF22
 201 0108 05       		.byte	0x5
 202 0109 7302     		.2byte	0x273
 203 010b D6000000 		.4byte	0xd6
 204 010f 00       		.byte	0
 205 0110 07       		.uleb128 0x7
 206 0111 1B000000 		.4byte	.LASF23
 207 0115 05       		.byte	0x5
 208 0116 7402     		.2byte	0x274
 209 0118 D6000000 		.4byte	0xd6
 210 011c 04       		.byte	0x4
 211 011d 07       		.uleb128 0x7
 212 011e BB000000 		.4byte	.LASF24
 213 0122 05       		.byte	0x5
 214 0123 7502     		.2byte	0x275
 215 0125 D6000000 		.4byte	0xd6
 216 0129 08       		.byte	0x8
 217 012a 00       		.byte	0
 218 012b 05       		.uleb128 0x5
 219 012c B7020000 		.4byte	.LASF25
 220 0130 05       		.byte	0x5
 221 0131 7A02     		.2byte	0x27a
 222 0133 FA000000 		.4byte	0xfa
 223 0137 06       		.uleb128 0x6
 224 0138 08       		.byte	0x8
 225 0139 05       		.byte	0x5
 226 013a 7D02     		.2byte	0x27d
 227 013c 5B010000 		.4byte	0x15b
 228 0140 07       		.uleb128 0x7
 229 0141 C4000000 		.4byte	.LASF26
 230 0145 05       		.byte	0x5
 231 0146 7E02     		.2byte	0x27e
 232 0148 D6000000 		.4byte	0xd6
 233 014c 00       		.byte	0
 234 014d 07       		.uleb128 0x7
 235 014e 5E050000 		.4byte	.LASF27
 236 0152 05       		.byte	0x5
 237 0153 7F02     		.2byte	0x27f
 238 0155 E2000000 		.4byte	0xe2
 239 0159 04       		.byte	0x4
 240 015a 00       		.byte	0
 241 015b 05       		.uleb128 0x5
 242 015c FA010000 		.4byte	.LASF28
 243 0160 05       		.byte	0x5
 244 0161 8002     		.2byte	0x280
 245 0163 37010000 		.4byte	0x137
 246 0167 08       		.uleb128 0x8
 247 0168 01       		.byte	0x1
 248 0169 2C000000 		.4byte	0x2c
 249 016d 05       		.byte	0x5
 250 016e 8A02     		.2byte	0x28a
 251 0170 81010000 		.4byte	0x181
 252 0174 09       		.uleb128 0x9
 253 0175 E5040000 		.4byte	.LASF29
 254 0179 00       		.byte	0
ARM GAS  C:\Users\Reza\AppData\Local\Temp\ccQ7oAXu.s 			page 15


 255 017a 09       		.uleb128 0x9
 256 017b 6F020000 		.4byte	.LASF30
 257 017f 01       		.byte	0x1
 258 0180 00       		.byte	0
 259 0181 05       		.uleb128 0x5
 260 0182 8B010000 		.4byte	.LASF31
 261 0186 05       		.byte	0x5
 262 0187 8D02     		.2byte	0x28d
 263 0189 67010000 		.4byte	0x167
 264 018d 05       		.uleb128 0x5
 265 018e 83000000 		.4byte	.LASF32
 266 0192 05       		.byte	0x5
 267 0193 9002     		.2byte	0x290
 268 0195 81010000 		.4byte	0x181
 269 0199 06       		.uleb128 0x6
 270 019a 0C       		.byte	0xc
 271 019b 05       		.byte	0x5
 272 019c 9402     		.2byte	0x294
 273 019e C8010000 		.4byte	0x1c8
 274 01a2 0A       		.uleb128 0xa
 275 01a3 6300     		.ascii	"c\000"
 276 01a5 05       		.byte	0x5
 277 01a6 9602     		.2byte	0x296
 278 01a8 EE000000 		.4byte	0xee
 279 01ac 00       		.byte	0
 280 01ad 07       		.uleb128 0x7
 281 01ae 65000000 		.4byte	.LASF33
 282 01b2 05       		.byte	0x5
 283 01b3 9802     		.2byte	0x298
 284 01b5 E2000000 		.4byte	0xe2
 285 01b9 04       		.byte	0x4
 286 01ba 07       		.uleb128 0x7
 287 01bb 00000000 		.4byte	.LASF34
 288 01bf 05       		.byte	0x5
 289 01c0 9A02     		.2byte	0x29a
 290 01c2 8D010000 		.4byte	0x18d
 291 01c6 08       		.byte	0x8
 292 01c7 00       		.byte	0
 293 01c8 05       		.uleb128 0x5
 294 01c9 71040000 		.4byte	.LASF35
 295 01cd 05       		.byte	0x5
 296 01ce 9B02     		.2byte	0x29b
 297 01d0 99010000 		.4byte	0x199
 298 01d4 06       		.uleb128 0x6
 299 01d5 10       		.byte	0x10
 300 01d6 05       		.byte	0x5
 301 01d7 9F02     		.2byte	0x29f
 302 01d9 12020000 		.4byte	0x212
 303 01dd 07       		.uleb128 0x7
 304 01de EE040000 		.4byte	.LASF36
 305 01e2 05       		.byte	0x5
 306 01e3 A002     		.2byte	0x2a0
 307 01e5 B4000000 		.4byte	0xb4
 308 01e9 00       		.byte	0
 309 01ea 07       		.uleb128 0x7
 310 01eb 2B050000 		.4byte	.LASF37
 311 01ef 05       		.byte	0x5
ARM GAS  C:\Users\Reza\AppData\Local\Temp\ccQ7oAXu.s 			page 16


 312 01f0 A102     		.2byte	0x2a1
 313 01f2 D6000000 		.4byte	0xd6
 314 01f6 04       		.byte	0x4
 315 01f7 07       		.uleb128 0x7
 316 01f8 5F000000 		.4byte	.LASF38
 317 01fc 05       		.byte	0x5
 318 01fd A202     		.2byte	0x2a2
 319 01ff D6000000 		.4byte	0xd6
 320 0203 08       		.byte	0x8
 321 0204 07       		.uleb128 0x7
 322 0205 4C050000 		.4byte	.LASF39
 323 0209 05       		.byte	0x5
 324 020a A302     		.2byte	0x2a3
 325 020c E2000000 		.4byte	0xe2
 326 0210 0C       		.byte	0xc
 327 0211 00       		.byte	0
 328 0212 05       		.uleb128 0x5
 329 0213 99020000 		.4byte	.LASF40
 330 0217 05       		.byte	0x5
 331 0218 A402     		.2byte	0x2a4
 332 021a D4010000 		.4byte	0x1d4
 333 021e 0B       		.uleb128 0xb
 334 021f 37030000 		.4byte	.LASF41
 335 0223 02       		.byte	0x2
 336 0224 C8       		.byte	0xc8
 337 0225 03       		.byte	0x3
 338 0226 0C       		.uleb128 0xc
 339 0227 8B030000 		.4byte	.LASF67
 340 022b 03       		.byte	0x3
 341 022c EE       		.byte	0xee
 342 022d BF000000 		.4byte	0xbf
 343 0231 03       		.byte	0x3
 344 0232 0D       		.uleb128 0xd
 345 0233 AA030000 		.4byte	.LASF42
 346 0237 02       		.byte	0x2
 347 0238 9C01     		.2byte	0x19c
 348 023a 03       		.byte	0x3
 349 023b 0E       		.uleb128 0xe
 350 023c E1010000 		.4byte	.LASF68
 351 0240 01       		.byte	0x1
 352 0241 3C       		.byte	0x3c
 353 0242 00000000 		.4byte	.LFB70
 354 0246 10000000 		.4byte	.LFE70-.LFB70
 355 024a 01       		.uleb128 0x1
 356 024b 9C       		.byte	0x9c
 357 024c 98020000 		.4byte	0x298
 358 0250 0F       		.uleb128 0xf
 359 0251 C8030000 		.4byte	.LASF69
 360 0255 01       		.byte	0x1
 361 0256 3E       		.byte	0x3e
 362 0257 BF000000 		.4byte	0xbf
 363 025b 10       		.uleb128 0x10
 364 025c 32020000 		.4byte	0x232
 365 0260 02000000 		.4byte	.LBB10
 366 0264 02000000 		.4byte	.LBE10-.LBB10
 367 0268 01       		.byte	0x1
 368 0269 43       		.byte	0x43
ARM GAS  C:\Users\Reza\AppData\Local\Temp\ccQ7oAXu.s 			page 17


 369 026a 7F020000 		.4byte	0x27f
 370 026e 11       		.uleb128 0x11
 371 026f 1E020000 		.4byte	0x21e
 372 0273 02000000 		.4byte	.LBB11
 373 0277 02000000 		.4byte	.LBE11-.LBB11
 374 027b 02       		.byte	0x2
 375 027c 9E01     		.2byte	0x19e
 376 027e 00       		.byte	0
 377 027f 12       		.uleb128 0x12
 378 0280 26020000 		.4byte	0x226
 379 0284 04000000 		.4byte	.LBB13
 380 0288 02000000 		.4byte	.LBE13-.LBB13
 381 028c 01       		.byte	0x1
 382 028d 45       		.byte	0x45
 383 028e 13       		.uleb128 0x13
 384 028f 0C000000 		.4byte	.LVL0
 385 0293 40040000 		.4byte	0x440
 386 0297 00       		.byte	0
 387 0298 14       		.uleb128 0x14
 388 0299 AA010000 		.4byte	.LASF43
 389 029d 06       		.byte	0x6
 390 029e 44       		.byte	0x44
 391 029f 9E000000 		.4byte	0x9e
 392 02a3 14       		.uleb128 0x14
 393 02a4 C8010000 		.4byte	.LASF44
 394 02a8 07       		.byte	0x7
 395 02a9 48       		.byte	0x48
 396 02aa BF000000 		.4byte	0xbf
 397 02ae 15       		.uleb128 0x15
 398 02af C5020000 		.4byte	0x2c5
 399 02b3 BE020000 		.4byte	0x2be
 400 02b7 16       		.uleb128 0x16
 401 02b8 BE020000 		.4byte	0x2be
 402 02bc 03       		.byte	0x3
 403 02bd 00       		.byte	0
 404 02be 02       		.uleb128 0x2
 405 02bf 04       		.byte	0x4
 406 02c0 07       		.byte	0x7
 407 02c1 56000000 		.4byte	.LASF45
 408 02c5 17       		.uleb128 0x17
 409 02c6 9E000000 		.4byte	0x9e
 410 02ca 14       		.uleb128 0x14
 411 02cb A3000000 		.4byte	.LASF46
 412 02cf 05       		.byte	0x5
 413 02d0 B2       		.byte	0xb2
 414 02d1 D5020000 		.4byte	0x2d5
 415 02d5 17       		.uleb128 0x17
 416 02d6 AE020000 		.4byte	0x2ae
 417 02da 14       		.uleb128 0x14
 418 02db 0C050000 		.4byte	.LASF47
 419 02df 05       		.byte	0x5
 420 02e0 B3       		.byte	0xb3
 421 02e1 E5020000 		.4byte	0x2e5
 422 02e5 17       		.uleb128 0x17
 423 02e6 AE020000 		.4byte	0x2ae
 424 02ea 15       		.uleb128 0x15
 425 02eb 9E000000 		.4byte	0x9e
ARM GAS  C:\Users\Reza\AppData\Local\Temp\ccQ7oAXu.s 			page 18


 426 02ef FA020000 		.4byte	0x2fa
 427 02f3 16       		.uleb128 0x16
 428 02f4 BE020000 		.4byte	0x2be
 429 02f8 03       		.byte	0x3
 430 02f9 00       		.byte	0
 431 02fa 14       		.uleb128 0x14
 432 02fb FF040000 		.4byte	.LASF48
 433 02ff 05       		.byte	0x5
 434 0300 CA       		.byte	0xca
 435 0301 EA020000 		.4byte	0x2ea
 436 0305 15       		.uleb128 0x15
 437 0306 BF000000 		.4byte	0xbf
 438 030a 15030000 		.4byte	0x315
 439 030e 16       		.uleb128 0x16
 440 030f BE020000 		.4byte	0x2be
 441 0313 03       		.byte	0x3
 442 0314 00       		.byte	0
 443 0315 14       		.uleb128 0x14
 444 0316 20050000 		.4byte	.LASF49
 445 031a 05       		.byte	0x5
 446 031b D2       		.byte	0xd2
 447 031c 05030000 		.4byte	0x305
 448 0320 14       		.uleb128 0x14
 449 0321 BC030000 		.4byte	.LASF50
 450 0325 05       		.byte	0x5
 451 0326 DA       		.byte	0xda
 452 0327 EA020000 		.4byte	0x2ea
 453 032b 14       		.uleb128 0x14
 454 032c D9040000 		.4byte	.LASF51
 455 0330 05       		.byte	0x5
 456 0331 E2       		.byte	0xe2
 457 0332 BF000000 		.4byte	0xbf
 458 0336 14       		.uleb128 0x14
 459 0337 ED020000 		.4byte	.LASF52
 460 033b 05       		.byte	0x5
 461 033c F7       		.byte	0xf7
 462 033d 9E000000 		.4byte	0x9e
 463 0341 18       		.uleb128 0x18
 464 0342 05000000 		.4byte	.LASF53
 465 0346 05       		.byte	0x5
 466 0347 3F01     		.2byte	0x13f
 467 0349 CA000000 		.4byte	0xca
 468 034d 18       		.uleb128 0x18
 469 034e 28000000 		.4byte	.LASF54
 470 0352 05       		.byte	0x5
 471 0353 5C01     		.2byte	0x15c
 472 0355 EA020000 		.4byte	0x2ea
 473 0359 15       		.uleb128 0x15
 474 035a B4000000 		.4byte	0xb4
 475 035e 69030000 		.4byte	0x369
 476 0362 16       		.uleb128 0x16
 477 0363 BE020000 		.4byte	0x2be
 478 0367 03       		.byte	0x3
 479 0368 00       		.byte	0
 480 0369 18       		.uleb128 0x18
 481 036a 3B000000 		.4byte	.LASF55
 482 036e 05       		.byte	0x5
ARM GAS  C:\Users\Reza\AppData\Local\Temp\ccQ7oAXu.s 			page 19


 483 036f 6701     		.2byte	0x167
 484 0371 59030000 		.4byte	0x359
 485 0375 15       		.uleb128 0x15
 486 0376 85030000 		.4byte	0x385
 487 037a 85030000 		.4byte	0x385
 488 037e 16       		.uleb128 0x16
 489 037f BE020000 		.4byte	0x2be
 490 0383 00       		.byte	0
 491 0384 00       		.byte	0
 492 0385 17       		.uleb128 0x17
 493 0386 2B010000 		.4byte	0x12b
 494 038a 18       		.uleb128 0x18
 495 038b 1A030000 		.4byte	.LASF56
 496 038f 05       		.byte	0x5
 497 0390 CA02     		.2byte	0x2ca
 498 0392 96030000 		.4byte	0x396
 499 0396 17       		.uleb128 0x17
 500 0397 75030000 		.4byte	0x375
 501 039b 15       		.uleb128 0x15
 502 039c AB030000 		.4byte	0x3ab
 503 03a0 AB030000 		.4byte	0x3ab
 504 03a4 16       		.uleb128 0x16
 505 03a5 BE020000 		.4byte	0x2be
 506 03a9 01       		.byte	0x1
 507 03aa 00       		.byte	0
 508 03ab 17       		.uleb128 0x17
 509 03ac C8010000 		.4byte	0x1c8
 510 03b0 18       		.uleb128 0x18
 511 03b1 72010000 		.4byte	.LASF57
 512 03b5 05       		.byte	0x5
 513 03b6 DD02     		.2byte	0x2dd
 514 03b8 BC030000 		.4byte	0x3bc
 515 03bc 17       		.uleb128 0x17
 516 03bd 9B030000 		.4byte	0x39b
 517 03c1 15       		.uleb128 0x15
 518 03c2 5B010000 		.4byte	0x15b
 519 03c6 D1030000 		.4byte	0x3d1
 520 03ca 16       		.uleb128 0x16
 521 03cb BE020000 		.4byte	0x2be
 522 03cf 00       		.byte	0
 523 03d0 00       		.byte	0
 524 03d1 18       		.uleb128 0x18
 525 03d2 99040000 		.4byte	.LASF58
 526 03d6 05       		.byte	0x5
 527 03d7 FB02     		.2byte	0x2fb
 528 03d9 C1030000 		.4byte	0x3c1
 529 03dd 15       		.uleb128 0x15
 530 03de 12020000 		.4byte	0x212
 531 03e2 ED030000 		.4byte	0x3ed
 532 03e6 16       		.uleb128 0x16
 533 03e7 BE020000 		.4byte	0x2be
 534 03eb 01       		.byte	0x1
 535 03ec 00       		.byte	0
 536 03ed 18       		.uleb128 0x18
 537 03ee 4F030000 		.4byte	.LASF59
 538 03f2 05       		.byte	0x5
 539 03f3 0403     		.2byte	0x304
ARM GAS  C:\Users\Reza\AppData\Local\Temp\ccQ7oAXu.s 			page 20


 540 03f5 DD030000 		.4byte	0x3dd
 541 03f9 14       		.uleb128 0x14
 542 03fa 34050000 		.4byte	.LASF60
 543 03fe 08       		.byte	0x8
 544 03ff 40       		.byte	0x40
 545 0400 9E000000 		.4byte	0x9e
 546 0404 14       		.uleb128 0x14
 547 0405 46020000 		.4byte	.LASF61
 548 0409 08       		.byte	0x8
 549 040a 47       		.byte	0x47
 550 040b A9000000 		.4byte	0xa9
 551 040f 14       		.uleb128 0x14
 552 0410 A8040000 		.4byte	.LASF62
 553 0414 08       		.byte	0x8
 554 0415 4A       		.byte	0x4a
 555 0416 9E000000 		.4byte	0x9e
 556 041a 15       		.uleb128 0x15
 557 041b 2A040000 		.4byte	0x42a
 558 041f 2A040000 		.4byte	0x42a
 559 0423 16       		.uleb128 0x16
 560 0424 BE020000 		.4byte	0x2be
 561 0428 FF       		.byte	0xff
 562 0429 00       		.byte	0
 563 042a 17       		.uleb128 0x17
 564 042b 72000000 		.4byte	0x72
 565 042f 18       		.uleb128 0x18
 566 0430 51050000 		.4byte	.LASF63
 567 0434 03       		.byte	0x3
 568 0435 AB01     		.2byte	0x1ab
 569 0437 3B040000 		.4byte	0x43b
 570 043b 17       		.uleb128 0x17
 571 043c 1A040000 		.4byte	0x41a
 572 0440 19       		.uleb128 0x19
 573 0441 CE020000 		.4byte	.LASF70
 574 0445 CE020000 		.4byte	.LASF70
 575 0449 09       		.byte	0x9
 576 044a C0       		.byte	0xc0
 577 044b 00       		.byte	0
 578              		.section	.debug_abbrev,"",%progbits
 579              	.Ldebug_abbrev0:
 580 0000 01       		.uleb128 0x1
 581 0001 11       		.uleb128 0x11
 582 0002 01       		.byte	0x1
 583 0003 25       		.uleb128 0x25
 584 0004 0E       		.uleb128 0xe
 585 0005 13       		.uleb128 0x13
 586 0006 0B       		.uleb128 0xb
 587 0007 03       		.uleb128 0x3
 588 0008 0E       		.uleb128 0xe
 589 0009 1B       		.uleb128 0x1b
 590 000a 0E       		.uleb128 0xe
 591 000b 55       		.uleb128 0x55
 592 000c 17       		.uleb128 0x17
 593 000d 11       		.uleb128 0x11
 594 000e 01       		.uleb128 0x1
 595 000f 10       		.uleb128 0x10
 596 0010 17       		.uleb128 0x17
ARM GAS  C:\Users\Reza\AppData\Local\Temp\ccQ7oAXu.s 			page 21


 597 0011 00       		.byte	0
 598 0012 00       		.byte	0
 599 0013 02       		.uleb128 0x2
 600 0014 24       		.uleb128 0x24
 601 0015 00       		.byte	0
 602 0016 0B       		.uleb128 0xb
 603 0017 0B       		.uleb128 0xb
 604 0018 3E       		.uleb128 0x3e
 605 0019 0B       		.uleb128 0xb
 606 001a 03       		.uleb128 0x3
 607 001b 0E       		.uleb128 0xe
 608 001c 00       		.byte	0
 609 001d 00       		.byte	0
 610 001e 03       		.uleb128 0x3
 611 001f 24       		.uleb128 0x24
 612 0020 00       		.byte	0
 613 0021 0B       		.uleb128 0xb
 614 0022 0B       		.uleb128 0xb
 615 0023 3E       		.uleb128 0x3e
 616 0024 0B       		.uleb128 0xb
 617 0025 03       		.uleb128 0x3
 618 0026 08       		.uleb128 0x8
 619 0027 00       		.byte	0
 620 0028 00       		.byte	0
 621 0029 04       		.uleb128 0x4
 622 002a 16       		.uleb128 0x16
 623 002b 00       		.byte	0
 624 002c 03       		.uleb128 0x3
 625 002d 0E       		.uleb128 0xe
 626 002e 3A       		.uleb128 0x3a
 627 002f 0B       		.uleb128 0xb
 628 0030 3B       		.uleb128 0x3b
 629 0031 0B       		.uleb128 0xb
 630 0032 49       		.uleb128 0x49
 631 0033 13       		.uleb128 0x13
 632 0034 00       		.byte	0
 633 0035 00       		.byte	0
 634 0036 05       		.uleb128 0x5
 635 0037 16       		.uleb128 0x16
 636 0038 00       		.byte	0
 637 0039 03       		.uleb128 0x3
 638 003a 0E       		.uleb128 0xe
 639 003b 3A       		.uleb128 0x3a
 640 003c 0B       		.uleb128 0xb
 641 003d 3B       		.uleb128 0x3b
 642 003e 05       		.uleb128 0x5
 643 003f 49       		.uleb128 0x49
 644 0040 13       		.uleb128 0x13
 645 0041 00       		.byte	0
 646 0042 00       		.byte	0
 647 0043 06       		.uleb128 0x6
 648 0044 13       		.uleb128 0x13
 649 0045 01       		.byte	0x1
 650 0046 0B       		.uleb128 0xb
 651 0047 0B       		.uleb128 0xb
 652 0048 3A       		.uleb128 0x3a
 653 0049 0B       		.uleb128 0xb
ARM GAS  C:\Users\Reza\AppData\Local\Temp\ccQ7oAXu.s 			page 22


 654 004a 3B       		.uleb128 0x3b
 655 004b 05       		.uleb128 0x5
 656 004c 01       		.uleb128 0x1
 657 004d 13       		.uleb128 0x13
 658 004e 00       		.byte	0
 659 004f 00       		.byte	0
 660 0050 07       		.uleb128 0x7
 661 0051 0D       		.uleb128 0xd
 662 0052 00       		.byte	0
 663 0053 03       		.uleb128 0x3
 664 0054 0E       		.uleb128 0xe
 665 0055 3A       		.uleb128 0x3a
 666 0056 0B       		.uleb128 0xb
 667 0057 3B       		.uleb128 0x3b
 668 0058 05       		.uleb128 0x5
 669 0059 49       		.uleb128 0x49
 670 005a 13       		.uleb128 0x13
 671 005b 38       		.uleb128 0x38
 672 005c 0B       		.uleb128 0xb
 673 005d 00       		.byte	0
 674 005e 00       		.byte	0
 675 005f 08       		.uleb128 0x8
 676 0060 04       		.uleb128 0x4
 677 0061 01       		.byte	0x1
 678 0062 0B       		.uleb128 0xb
 679 0063 0B       		.uleb128 0xb
 680 0064 49       		.uleb128 0x49
 681 0065 13       		.uleb128 0x13
 682 0066 3A       		.uleb128 0x3a
 683 0067 0B       		.uleb128 0xb
 684 0068 3B       		.uleb128 0x3b
 685 0069 05       		.uleb128 0x5
 686 006a 01       		.uleb128 0x1
 687 006b 13       		.uleb128 0x13
 688 006c 00       		.byte	0
 689 006d 00       		.byte	0
 690 006e 09       		.uleb128 0x9
 691 006f 28       		.uleb128 0x28
 692 0070 00       		.byte	0
 693 0071 03       		.uleb128 0x3
 694 0072 0E       		.uleb128 0xe
 695 0073 1C       		.uleb128 0x1c
 696 0074 0B       		.uleb128 0xb
 697 0075 00       		.byte	0
 698 0076 00       		.byte	0
 699 0077 0A       		.uleb128 0xa
 700 0078 0D       		.uleb128 0xd
 701 0079 00       		.byte	0
 702 007a 03       		.uleb128 0x3
 703 007b 08       		.uleb128 0x8
 704 007c 3A       		.uleb128 0x3a
 705 007d 0B       		.uleb128 0xb
 706 007e 3B       		.uleb128 0x3b
 707 007f 05       		.uleb128 0x5
 708 0080 49       		.uleb128 0x49
 709 0081 13       		.uleb128 0x13
 710 0082 38       		.uleb128 0x38
ARM GAS  C:\Users\Reza\AppData\Local\Temp\ccQ7oAXu.s 			page 23


 711 0083 0B       		.uleb128 0xb
 712 0084 00       		.byte	0
 713 0085 00       		.byte	0
 714 0086 0B       		.uleb128 0xb
 715 0087 2E       		.uleb128 0x2e
 716 0088 00       		.byte	0
 717 0089 03       		.uleb128 0x3
 718 008a 0E       		.uleb128 0xe
 719 008b 3A       		.uleb128 0x3a
 720 008c 0B       		.uleb128 0xb
 721 008d 3B       		.uleb128 0x3b
 722 008e 0B       		.uleb128 0xb
 723 008f 27       		.uleb128 0x27
 724 0090 19       		.uleb128 0x19
 725 0091 20       		.uleb128 0x20
 726 0092 0B       		.uleb128 0xb
 727 0093 00       		.byte	0
 728 0094 00       		.byte	0
 729 0095 0C       		.uleb128 0xc
 730 0096 2E       		.uleb128 0x2e
 731 0097 00       		.byte	0
 732 0098 03       		.uleb128 0x3
 733 0099 0E       		.uleb128 0xe
 734 009a 3A       		.uleb128 0x3a
 735 009b 0B       		.uleb128 0xb
 736 009c 3B       		.uleb128 0x3b
 737 009d 0B       		.uleb128 0xb
 738 009e 27       		.uleb128 0x27
 739 009f 19       		.uleb128 0x19
 740 00a0 49       		.uleb128 0x49
 741 00a1 13       		.uleb128 0x13
 742 00a2 20       		.uleb128 0x20
 743 00a3 0B       		.uleb128 0xb
 744 00a4 00       		.byte	0
 745 00a5 00       		.byte	0
 746 00a6 0D       		.uleb128 0xd
 747 00a7 2E       		.uleb128 0x2e
 748 00a8 00       		.byte	0
 749 00a9 03       		.uleb128 0x3
 750 00aa 0E       		.uleb128 0xe
 751 00ab 3A       		.uleb128 0x3a
 752 00ac 0B       		.uleb128 0xb
 753 00ad 3B       		.uleb128 0x3b
 754 00ae 05       		.uleb128 0x5
 755 00af 27       		.uleb128 0x27
 756 00b0 19       		.uleb128 0x19
 757 00b1 20       		.uleb128 0x20
 758 00b2 0B       		.uleb128 0xb
 759 00b3 00       		.byte	0
 760 00b4 00       		.byte	0
 761 00b5 0E       		.uleb128 0xe
 762 00b6 2E       		.uleb128 0x2e
 763 00b7 01       		.byte	0x1
 764 00b8 3F       		.uleb128 0x3f
 765 00b9 19       		.uleb128 0x19
 766 00ba 03       		.uleb128 0x3
 767 00bb 0E       		.uleb128 0xe
ARM GAS  C:\Users\Reza\AppData\Local\Temp\ccQ7oAXu.s 			page 24


 768 00bc 3A       		.uleb128 0x3a
 769 00bd 0B       		.uleb128 0xb
 770 00be 3B       		.uleb128 0x3b
 771 00bf 0B       		.uleb128 0xb
 772 00c0 27       		.uleb128 0x27
 773 00c1 19       		.uleb128 0x19
 774 00c2 8701     		.uleb128 0x87
 775 00c4 19       		.uleb128 0x19
 776 00c5 11       		.uleb128 0x11
 777 00c6 01       		.uleb128 0x1
 778 00c7 12       		.uleb128 0x12
 779 00c8 06       		.uleb128 0x6
 780 00c9 40       		.uleb128 0x40
 781 00ca 18       		.uleb128 0x18
 782 00cb 9742     		.uleb128 0x2117
 783 00cd 19       		.uleb128 0x19
 784 00ce 01       		.uleb128 0x1
 785 00cf 13       		.uleb128 0x13
 786 00d0 00       		.byte	0
 787 00d1 00       		.byte	0
 788 00d2 0F       		.uleb128 0xf
 789 00d3 34       		.uleb128 0x34
 790 00d4 00       		.byte	0
 791 00d5 03       		.uleb128 0x3
 792 00d6 0E       		.uleb128 0xe
 793 00d7 3A       		.uleb128 0x3a
 794 00d8 0B       		.uleb128 0xb
 795 00d9 3B       		.uleb128 0x3b
 796 00da 0B       		.uleb128 0xb
 797 00db 49       		.uleb128 0x49
 798 00dc 13       		.uleb128 0x13
 799 00dd 00       		.byte	0
 800 00de 00       		.byte	0
 801 00df 10       		.uleb128 0x10
 802 00e0 1D       		.uleb128 0x1d
 803 00e1 01       		.byte	0x1
 804 00e2 31       		.uleb128 0x31
 805 00e3 13       		.uleb128 0x13
 806 00e4 11       		.uleb128 0x11
 807 00e5 01       		.uleb128 0x1
 808 00e6 12       		.uleb128 0x12
 809 00e7 06       		.uleb128 0x6
 810 00e8 58       		.uleb128 0x58
 811 00e9 0B       		.uleb128 0xb
 812 00ea 59       		.uleb128 0x59
 813 00eb 0B       		.uleb128 0xb
 814 00ec 01       		.uleb128 0x1
 815 00ed 13       		.uleb128 0x13
 816 00ee 00       		.byte	0
 817 00ef 00       		.byte	0
 818 00f0 11       		.uleb128 0x11
 819 00f1 1D       		.uleb128 0x1d
 820 00f2 00       		.byte	0
 821 00f3 31       		.uleb128 0x31
 822 00f4 13       		.uleb128 0x13
 823 00f5 11       		.uleb128 0x11
 824 00f6 01       		.uleb128 0x1
ARM GAS  C:\Users\Reza\AppData\Local\Temp\ccQ7oAXu.s 			page 25


 825 00f7 12       		.uleb128 0x12
 826 00f8 06       		.uleb128 0x6
 827 00f9 58       		.uleb128 0x58
 828 00fa 0B       		.uleb128 0xb
 829 00fb 59       		.uleb128 0x59
 830 00fc 05       		.uleb128 0x5
 831 00fd 00       		.byte	0
 832 00fe 00       		.byte	0
 833 00ff 12       		.uleb128 0x12
 834 0100 1D       		.uleb128 0x1d
 835 0101 00       		.byte	0
 836 0102 31       		.uleb128 0x31
 837 0103 13       		.uleb128 0x13
 838 0104 11       		.uleb128 0x11
 839 0105 01       		.uleb128 0x1
 840 0106 12       		.uleb128 0x12
 841 0107 06       		.uleb128 0x6
 842 0108 58       		.uleb128 0x58
 843 0109 0B       		.uleb128 0xb
 844 010a 59       		.uleb128 0x59
 845 010b 0B       		.uleb128 0xb
 846 010c 00       		.byte	0
 847 010d 00       		.byte	0
 848 010e 13       		.uleb128 0x13
 849 010f 898201   		.uleb128 0x4109
 850 0112 00       		.byte	0
 851 0113 11       		.uleb128 0x11
 852 0114 01       		.uleb128 0x1
 853 0115 31       		.uleb128 0x31
 854 0116 13       		.uleb128 0x13
 855 0117 00       		.byte	0
 856 0118 00       		.byte	0
 857 0119 14       		.uleb128 0x14
 858 011a 34       		.uleb128 0x34
 859 011b 00       		.byte	0
 860 011c 03       		.uleb128 0x3
 861 011d 0E       		.uleb128 0xe
 862 011e 3A       		.uleb128 0x3a
 863 011f 0B       		.uleb128 0xb
 864 0120 3B       		.uleb128 0x3b
 865 0121 0B       		.uleb128 0xb
 866 0122 49       		.uleb128 0x49
 867 0123 13       		.uleb128 0x13
 868 0124 3F       		.uleb128 0x3f
 869 0125 19       		.uleb128 0x19
 870 0126 3C       		.uleb128 0x3c
 871 0127 19       		.uleb128 0x19
 872 0128 00       		.byte	0
 873 0129 00       		.byte	0
 874 012a 15       		.uleb128 0x15
 875 012b 01       		.uleb128 0x1
 876 012c 01       		.byte	0x1
 877 012d 49       		.uleb128 0x49
 878 012e 13       		.uleb128 0x13
 879 012f 01       		.uleb128 0x1
 880 0130 13       		.uleb128 0x13
 881 0131 00       		.byte	0
ARM GAS  C:\Users\Reza\AppData\Local\Temp\ccQ7oAXu.s 			page 26


 882 0132 00       		.byte	0
 883 0133 16       		.uleb128 0x16
 884 0134 21       		.uleb128 0x21
 885 0135 00       		.byte	0
 886 0136 49       		.uleb128 0x49
 887 0137 13       		.uleb128 0x13
 888 0138 2F       		.uleb128 0x2f
 889 0139 0B       		.uleb128 0xb
 890 013a 00       		.byte	0
 891 013b 00       		.byte	0
 892 013c 17       		.uleb128 0x17
 893 013d 26       		.uleb128 0x26
 894 013e 00       		.byte	0
 895 013f 49       		.uleb128 0x49
 896 0140 13       		.uleb128 0x13
 897 0141 00       		.byte	0
 898 0142 00       		.byte	0
 899 0143 18       		.uleb128 0x18
 900 0144 34       		.uleb128 0x34
 901 0145 00       		.byte	0
 902 0146 03       		.uleb128 0x3
 903 0147 0E       		.uleb128 0xe
 904 0148 3A       		.uleb128 0x3a
 905 0149 0B       		.uleb128 0xb
 906 014a 3B       		.uleb128 0x3b
 907 014b 05       		.uleb128 0x5
 908 014c 49       		.uleb128 0x49
 909 014d 13       		.uleb128 0x13
 910 014e 3F       		.uleb128 0x3f
 911 014f 19       		.uleb128 0x19
 912 0150 3C       		.uleb128 0x3c
 913 0151 19       		.uleb128 0x19
 914 0152 00       		.byte	0
 915 0153 00       		.byte	0
 916 0154 19       		.uleb128 0x19
 917 0155 2E       		.uleb128 0x2e
 918 0156 00       		.byte	0
 919 0157 3F       		.uleb128 0x3f
 920 0158 19       		.uleb128 0x19
 921 0159 3C       		.uleb128 0x3c
 922 015a 19       		.uleb128 0x19
 923 015b 6E       		.uleb128 0x6e
 924 015c 0E       		.uleb128 0xe
 925 015d 03       		.uleb128 0x3
 926 015e 0E       		.uleb128 0xe
 927 015f 3A       		.uleb128 0x3a
 928 0160 0B       		.uleb128 0xb
 929 0161 3B       		.uleb128 0x3b
 930 0162 0B       		.uleb128 0xb
 931 0163 00       		.byte	0
 932 0164 00       		.byte	0
 933 0165 00       		.byte	0
 934              		.section	.debug_aranges,"",%progbits
 935 0000 1C000000 		.4byte	0x1c
 936 0004 0200     		.2byte	0x2
 937 0006 00000000 		.4byte	.Ldebug_info0
 938 000a 04       		.byte	0x4
ARM GAS  C:\Users\Reza\AppData\Local\Temp\ccQ7oAXu.s 			page 27


 939 000b 00       		.byte	0
 940 000c 0000     		.2byte	0
 941 000e 0000     		.2byte	0
 942 0010 00000000 		.4byte	.LFB70
 943 0014 10000000 		.4byte	.LFE70-.LFB70
 944 0018 00000000 		.4byte	0
 945 001c 00000000 		.4byte	0
 946              		.section	.debug_ranges,"",%progbits
 947              	.Ldebug_ranges0:
 948 0000 00000000 		.4byte	.LFB70
 949 0004 10000000 		.4byte	.LFE70
 950 0008 00000000 		.4byte	0
 951 000c 00000000 		.4byte	0
 952              		.section	.debug_line,"",%progbits
 953              	.Ldebug_line0:
 954 0000 7C010000 		.section	.debug_str,"MS",%progbits,1
 954      02005601 
 954      00000201 
 954      FB0E0D00 
 954      01010101 
 955              	.LASF34:
 956 0000 6B696E64 		.ascii	"kind\000"
 956      00
 957              	.LASF53:
 958 0005 45455F72 		.ascii	"EE_rq_bitmask\000"
 958      715F6269 
 958      746D6173 
 958      6B00
 959              	.LASF14:
 960 0013 45455F55 		.ascii	"EE_UREG\000"
 960      52454700 
 961              	.LASF23:
 962 001b 7469636B 		.ascii	"ticksperbase\000"
 962      73706572 
 962      62617365 
 962      00
 963              	.LASF54:
 964 0028 45455F74 		.ascii	"EE_th_event_active\000"
 964      685F6576 
 964      656E745F 
 964      61637469 
 964      766500
 965              	.LASF55:
 966 003b 45455F74 		.ascii	"EE_th_waswaiting\000"
 966      685F7761 
 966      73776169 
 966      74696E67 
 966      00
 967              	.LASF2:
 968 004c 73686F72 		.ascii	"short int\000"
 968      7420696E 
 968      7400
 969              	.LASF45:
 970 0056 73697A65 		.ascii	"sizetype\000"
 970      74797065 
 970      00
 971              	.LASF38:
ARM GAS  C:\Users\Reza\AppData\Local\Temp\ccQ7oAXu.s 			page 28


 972 005f 64656C74 		.ascii	"delta\000"
 972      6100
 973              	.LASF33:
 974 0065 73706563 		.ascii	"spec_id\000"
 974      5F696400 
 975              	.LASF15:
 976 006d 45455F46 		.ascii	"EE_FREG\000"
 976      52454700 
 977              	.LASF6:
 978 0075 6C6F6E67 		.ascii	"long long int\000"
 978      206C6F6E 
 978      6720696E 
 978      7400
 979              	.LASF32:
 980 0083 436F756E 		.ascii	"CounterObjectKindType\000"
 980      7465724F 
 980      626A6563 
 980      744B696E 
 980      64547970 
 981              	.LASF13:
 982 0099 45455F55 		.ascii	"EE_UINT32\000"
 982      494E5433 
 982      3200
 983              	.LASF46:
 984 00a3 45455F74 		.ascii	"EE_th_ready_prio\000"
 984      685F7265 
 984      6164795F 
 984      7072696F 
 984      00
 985              	.LASF17:
 986 00b4 45455F54 		.ascii	"EE_TID\000"
 986      494400
 987              	.LASF24:
 988 00bb 6D696E63 		.ascii	"mincycle\000"
 988      79636C65 
 988      00
 989              	.LASF26:
 990 00c4 76616C75 		.ascii	"value\000"
 990      6500
 991              	.LASF66:
 992 00ca 443A5C48 		.ascii	"D:\\H_da\\Winter Semester\\MM03 Advanced Microcontr"
 992      5F64615C 
 992      57696E74 
 992      65722053 
 992      656D6573 
 993 00fa 6F6C6C65 		.ascii	"oller Systems and Embedded Operating Systems\\Lectu"
 993      72205379 
 993      7374656D 
 993      7320616E 
 993      6420456D 
 994 012c 72652050 		.ascii	"re Prof. Fromm\\workspace\\workspace_psoc\\Reaction"
 994      726F662E 
 994      2046726F 
 994      6D6D5C77 
 994      6F726B73 
 995 015c 47616D65 		.ascii	"Game_with erika.cydsn\000"
 995      5F776974 
ARM GAS  C:\Users\Reza\AppData\Local\Temp\ccQ7oAXu.s 			page 29


 995      68206572 
 995      696B612E 
 995      63796473 
 996              	.LASF57:
 997 0172 45455F6F 		.ascii	"EE_oo_counter_object_ROM\000"
 997      6F5F636F 
 997      756E7465 
 997      725F6F62 
 997      6A656374 
 998              	.LASF31:
 999 018b 45455F6F 		.ascii	"EE_oo_counter_object_kind_type\000"
 999      6F5F636F 
 999      756E7465 
 999      725F6F62 
 999      6A656374 
 1000              	.LASF43:
 1001 01aa 45455F49 		.ascii	"EE_IRQ_nesting_level\000"
 1001      52515F6E 
 1001      65737469 
 1001      6E675F6C 
 1001      6576656C 
 1002              	.LASF12:
 1003 01bf 45455F49 		.ascii	"EE_INT32\000"
 1003      4E543332 
 1003      00
 1004              	.LASF44:
 1005 01c8 45455F73 		.ascii	"EE_std_endcycle_next_tid\000"
 1005      74645F65 
 1005      6E646379 
 1005      636C655F 
 1005      6E657874 
 1006              	.LASF68:
 1007 01e1 45455F74 		.ascii	"EE_thread_not_terminated\000"
 1007      68726561 
 1007      645F6E6F 
 1007      745F7465 
 1007      726D696E 
 1008              	.LASF28:
 1009 01fa 45455F6F 		.ascii	"EE_oo_counter_RAM_type\000"
 1009      6F5F636F 
 1009      756E7465 
 1009      725F5241 
 1009      4D5F7479 
 1010              	.LASF65:
 1011 0211 47656E65 		.ascii	"Generated_Source\\PSoC5\\ErikaOS_1_ee_tnterm.c\000"
 1011      72617465 
 1011      645F536F 
 1011      75726365 
 1011      5C50536F 
 1012              	.LASF10:
 1013 023e 45455F49 		.ascii	"EE_INT8\000"
 1013      4E543800 
 1014              	.LASF61:
 1015 0246 45455F6F 		.ascii	"EE_oo_IRQ_suspend_status\000"
 1015      6F5F4952 
 1015      515F7375 
 1015      7370656E 
ARM GAS  C:\Users\Reza\AppData\Local\Temp\ccQ7oAXu.s 			page 30


 1015      645F7374 
 1016              	.LASF18:
 1017 025f 45455F54 		.ascii	"EE_TYPE_RQ_MASK\000"
 1017      5950455F 
 1017      52515F4D 
 1017      41534B00 
 1018              	.LASF30:
 1019 026f 45455F53 		.ascii	"EE_SCHEDULETABLE\000"
 1019      43484544 
 1019      554C4554 
 1019      41424C45 
 1019      00
 1020              	.LASF4:
 1021 0280 6C6F6E67 		.ascii	"long int\000"
 1021      20696E74 
 1021      00
 1022              	.LASF22:
 1023 0289 6D617861 		.ascii	"maxallowedvalue\000"
 1023      6C6C6F77 
 1023      65647661 
 1023      6C756500 
 1024              	.LASF40:
 1025 0299 45455F6F 		.ascii	"EE_oo_counter_object_RAM_type\000"
 1025      6F5F636F 
 1025      756E7465 
 1025      725F6F62 
 1025      6A656374 
 1026              	.LASF25:
 1027 02b7 45455F6F 		.ascii	"EE_oo_counter_ROM_type\000"
 1027      6F5F636F 
 1027      756E7465 
 1027      725F524F 
 1027      4D5F7479 
 1028              	.LASF70:
 1029 02ce 45455F68 		.ascii	"EE_hal_terminate_task\000"
 1029      616C5F74 
 1029      65726D69 
 1029      6E617465 
 1029      5F746173 
 1030              	.LASF19:
 1031 02e4 5469636B 		.ascii	"TickType\000"
 1031      54797065 
 1031      00
 1032              	.LASF52:
 1033 02ed 45455F73 		.ascii	"EE_sys_ceiling\000"
 1033      79735F63 
 1033      65696C69 
 1033      6E6700
 1034              	.LASF20:
 1035 02fc 436F756E 		.ascii	"CounterObjectType\000"
 1035      7465724F 
 1035      626A6563 
 1035      74547970 
 1035      6500
 1036              	.LASF9:
 1037 030e 6C6F6E67 		.ascii	"long double\000"
 1037      20646F75 
ARM GAS  C:\Users\Reza\AppData\Local\Temp\ccQ7oAXu.s 			page 31


 1037      626C6500 
 1038              	.LASF56:
 1039 031a 45455F63 		.ascii	"EE_counter_ROM\000"
 1039      6F756E74 
 1039      65725F52 
 1039      4F4D00
 1040              	.LASF1:
 1041 0329 756E7369 		.ascii	"unsigned char\000"
 1041      676E6564 
 1041      20636861 
 1041      7200
 1042              	.LASF41:
 1043 0337 45455F63 		.ascii	"EE_cortex_mx_disableIRQ\000"
 1043      6F727465 
 1043      785F6D78 
 1043      5F646973 
 1043      61626C65 
 1044              	.LASF59:
 1045 034f 45455F6F 		.ascii	"EE_oo_counter_object_RAM\000"
 1045      6F5F636F 
 1045      756E7465 
 1045      725F6F62 
 1045      6A656374 
 1046              	.LASF0:
 1047 0368 7369676E 		.ascii	"signed char\000"
 1047      65642063 
 1047      68617200 
 1048              	.LASF7:
 1049 0374 6C6F6E67 		.ascii	"long long unsigned int\000"
 1049      206C6F6E 
 1049      6720756E 
 1049      7369676E 
 1049      65642069 
 1050              	.LASF67:
 1051 038b 45455F73 		.ascii	"EE_stk_queryfirst\000"
 1051      746B5F71 
 1051      75657279 
 1051      66697273 
 1051      7400
 1052              	.LASF8:
 1053 039d 756E7369 		.ascii	"unsigned int\000"
 1053      676E6564 
 1053      20696E74 
 1053      00
 1054              	.LASF42:
 1055 03aa 45455F68 		.ascii	"EE_hal_disableIRQ\000"
 1055      616C5F64 
 1055      69736162 
 1055      6C654952 
 1055      5100
 1056              	.LASF50:
 1057 03bc 45455F74 		.ascii	"EE_th_rnact\000"
 1057      685F726E 
 1057      61637400 
 1058              	.LASF69:
 1059 03c8 63757272 		.ascii	"current\000"
 1059      656E7400 
ARM GAS  C:\Users\Reza\AppData\Local\Temp\ccQ7oAXu.s 			page 32


 1060              	.LASF64:
 1061 03d0 474E5520 		.ascii	"GNU C11 5.4.1 20160609 (release) [ARM/embedded-5-br"
 1061      43313120 
 1061      352E342E 
 1061      31203230 
 1061      31363036 
 1062 0403 616E6368 		.ascii	"anch revision 237715] -mcpu=cortex-m3 -mthumb -g -O"
 1062      20726576 
 1062      6973696F 
 1062      6E203233 
 1062      37373135 
 1063 0436 73202D66 		.ascii	"s -ffunction-sections -ffat-lto-objects\000"
 1063      66756E63 
 1063      74696F6E 
 1063      2D736563 
 1063      74696F6E 
 1064              	.LASF3:
 1065 045e 73686F72 		.ascii	"short unsigned int\000"
 1065      7420756E 
 1065      7369676E 
 1065      65642069 
 1065      6E7400
 1066              	.LASF35:
 1067 0471 45455F6F 		.ascii	"EE_oo_counter_object_ROM_type\000"
 1067      6F5F636F 
 1067      756E7465 
 1067      725F6F62 
 1067      6A656374 
 1068              	.LASF11:
 1069 048f 45455F55 		.ascii	"EE_UINT16\000"
 1069      494E5431 
 1069      3600
 1070              	.LASF58:
 1071 0499 45455F63 		.ascii	"EE_counter_RAM\000"
 1071      6F756E74 
 1071      65725F52 
 1071      414D00
 1072              	.LASF62:
 1073 04a8 45455F41 		.ascii	"EE_ApplicationMode\000"
 1073      70706C69 
 1073      63617469 
 1073      6F6E4D6F 
 1073      646500
 1074              	.LASF5:
 1075 04bb 6C6F6E67 		.ascii	"long unsigned int\000"
 1075      20756E73 
 1075      69676E65 
 1075      6420696E 
 1075      7400
 1076              	.LASF16:
 1077 04cd 45455F54 		.ascii	"EE_TYPEBOOL\000"
 1077      59504542 
 1077      4F4F4C00 
 1078              	.LASF51:
 1079 04d9 45455F73 		.ascii	"EE_stkfirst\000"
 1079      746B6669 
 1079      72737400 
ARM GAS  C:\Users\Reza\AppData\Local\Temp\ccQ7oAXu.s 			page 33


 1080              	.LASF29:
 1081 04e5 45455F41 		.ascii	"EE_ALARM\000"
 1081      4C41524D 
 1081      00
 1082              	.LASF36:
 1083 04ee 75736564 		.ascii	"used\000"
 1083      00
 1084              	.LASF21:
 1085 04f3 436F756E 		.ascii	"CounterType\000"
 1085      74657254 
 1085      79706500 
 1086              	.LASF48:
 1087 04ff 45455F74 		.ascii	"EE_th_status\000"
 1087      685F7374 
 1087      61747573 
 1087      00
 1088              	.LASF47:
 1089 050c 45455F74 		.ascii	"EE_th_dispatch_prio\000"
 1089      685F6469 
 1089      73706174 
 1089      63685F70 
 1089      72696F00 
 1090              	.LASF49:
 1091 0520 45455F74 		.ascii	"EE_th_next\000"
 1091      685F6E65 
 1091      787400
 1092              	.LASF37:
 1093 052b 636E7463 		.ascii	"cntcycle\000"
 1093      79636C65 
 1093      00
 1094              	.LASF60:
 1095 0534 45455F6F 		.ascii	"EE_oo_IRQ_disable_count\000"
 1095      6F5F4952 
 1095      515F6469 
 1095      7361626C 
 1095      655F636F 
 1096              	.LASF39:
 1097 054c 6E657874 		.ascii	"next\000"
 1097      00
 1098              	.LASF63:
 1099 0551 45455F72 		.ascii	"EE_rq_lookup\000"
 1099      715F6C6F 
 1099      6F6B7570 
 1099      00
 1100              	.LASF27:
 1101 055e 66697273 		.ascii	"first\000"
 1101      7400
 1102              		.ident	"GCC: (GNU Tools for ARM Embedded Processors) 5.4.1 20160609 (release) [ARM/embedded-5-bran
