ARM GAS  C:\Users\Reza\AppData\Local\Temp\cc6oIO2p.s 			page 1


   1              		.syntax unified
   2              		.cpu cortex-m3
   3              		.fpu softvfp
   4              		.eabi_attribute 20, 1
   5              		.eabi_attribute 21, 1
   6              		.eabi_attribute 23, 3
   7              		.eabi_attribute 24, 1
   8              		.eabi_attribute 25, 1
   9              		.eabi_attribute 26, 1
  10              		.eabi_attribute 30, 4
  11              		.eabi_attribute 34, 1
  12              		.eabi_attribute 18, 4
  13              		.thumb
  14              		.syntax unified
  15              		.file	"ErikaOS_1_ee_rq_first.c"
  16              		.text
  17              	.Ltext0:
  18              		.cfi_sections	.debug_frame
  19              		.section	.text.EE_rq_queryfirst,"ax",%progbits
  20              		.align	1
  21              		.global	EE_rq_queryfirst
  22              		.thumb
  23              		.thumb_func
  24              		.type	EE_rq_queryfirst, %function
  25              	EE_rq_queryfirst:
  26              	.LFB70:
  27              		.file 1 "Generated_Source\\PSoC5\\ErikaOS_1_ee_rq_first.c"
   1:Generated_Source\PSoC5/ErikaOS_1_ee_rq_first.c **** /* ###*B*###
   2:Generated_Source\PSoC5/ErikaOS_1_ee_rq_first.c ****  * ERIKA Enterprise - a tiny RTOS for small microcontrollers
   3:Generated_Source\PSoC5/ErikaOS_1_ee_rq_first.c ****  *
   4:Generated_Source\PSoC5/ErikaOS_1_ee_rq_first.c ****  * Copyright (C) 2002-2008  Evidence Srl
   5:Generated_Source\PSoC5/ErikaOS_1_ee_rq_first.c ****  *
   6:Generated_Source\PSoC5/ErikaOS_1_ee_rq_first.c ****  * This file is part of ERIKA Enterprise.
   7:Generated_Source\PSoC5/ErikaOS_1_ee_rq_first.c ****  *
   8:Generated_Source\PSoC5/ErikaOS_1_ee_rq_first.c ****  * ERIKA Enterprise is free software; you can redistribute it
   9:Generated_Source\PSoC5/ErikaOS_1_ee_rq_first.c ****  * and/or modify it under the terms of the GNU General Public License
  10:Generated_Source\PSoC5/ErikaOS_1_ee_rq_first.c ****  * version 2 as published by the Free Software Foundation, 
  11:Generated_Source\PSoC5/ErikaOS_1_ee_rq_first.c ****  * (with a special exception described below).
  12:Generated_Source\PSoC5/ErikaOS_1_ee_rq_first.c ****  *
  13:Generated_Source\PSoC5/ErikaOS_1_ee_rq_first.c ****  * Linking this code statically or dynamically with other modules is
  14:Generated_Source\PSoC5/ErikaOS_1_ee_rq_first.c ****  * making a combined work based on this code.  Thus, the terms and
  15:Generated_Source\PSoC5/ErikaOS_1_ee_rq_first.c ****  * conditions of the GNU General Public License cover the whole
  16:Generated_Source\PSoC5/ErikaOS_1_ee_rq_first.c ****  * combination.
  17:Generated_Source\PSoC5/ErikaOS_1_ee_rq_first.c ****  *
  18:Generated_Source\PSoC5/ErikaOS_1_ee_rq_first.c ****  * As a special exception, the copyright holders of this library give you
  19:Generated_Source\PSoC5/ErikaOS_1_ee_rq_first.c ****  * permission to link this code with independent modules to produce an
  20:Generated_Source\PSoC5/ErikaOS_1_ee_rq_first.c ****  * executable, regardless of the license terms of these independent
  21:Generated_Source\PSoC5/ErikaOS_1_ee_rq_first.c ****  * modules, and to copy and distribute the resulting executable under
  22:Generated_Source\PSoC5/ErikaOS_1_ee_rq_first.c ****  * terms of your choice, provided that you also meet, for each linked
  23:Generated_Source\PSoC5/ErikaOS_1_ee_rq_first.c ****  * independent module, the terms and conditions of the license of that
  24:Generated_Source\PSoC5/ErikaOS_1_ee_rq_first.c ****  * module.  An independent module is a module which is not derived from
  25:Generated_Source\PSoC5/ErikaOS_1_ee_rq_first.c ****  * or based on this library.  If you modify this code, you may extend
  26:Generated_Source\PSoC5/ErikaOS_1_ee_rq_first.c ****  * this exception to your version of the code, but you are not
  27:Generated_Source\PSoC5/ErikaOS_1_ee_rq_first.c ****  * obligated to do so.  If you do not wish to do so, delete this
  28:Generated_Source\PSoC5/ErikaOS_1_ee_rq_first.c ****  * exception statement from your version.
  29:Generated_Source\PSoC5/ErikaOS_1_ee_rq_first.c ****  *
  30:Generated_Source\PSoC5/ErikaOS_1_ee_rq_first.c ****  * ERIKA Enterprise is distributed in the hope that it will be
ARM GAS  C:\Users\Reza\AppData\Local\Temp\cc6oIO2p.s 			page 2


  31:Generated_Source\PSoC5/ErikaOS_1_ee_rq_first.c ****  * useful, but WITHOUT ANY WARRANTY; without even the implied warranty
  32:Generated_Source\PSoC5/ErikaOS_1_ee_rq_first.c ****  * of MERCHANTABILITY or FITNESS FOR A PARTICULAR PURPOSE.  See the
  33:Generated_Source\PSoC5/ErikaOS_1_ee_rq_first.c ****  * GNU General Public License version 2 for more details.
  34:Generated_Source\PSoC5/ErikaOS_1_ee_rq_first.c ****  *
  35:Generated_Source\PSoC5/ErikaOS_1_ee_rq_first.c ****  * You should have received a copy of the GNU General Public License
  36:Generated_Source\PSoC5/ErikaOS_1_ee_rq_first.c ****  * version 2 along with ERIKA Enterprise; if not, write to the
  37:Generated_Source\PSoC5/ErikaOS_1_ee_rq_first.c ****  * Free Software Foundation, Inc., 51 Franklin Street, Fifth Floor,
  38:Generated_Source\PSoC5/ErikaOS_1_ee_rq_first.c ****  * Boston, MA 02110-1301 USA.
  39:Generated_Source\PSoC5/ErikaOS_1_ee_rq_first.c ****  * ###*E*### */
  40:Generated_Source\PSoC5/ErikaOS_1_ee_rq_first.c **** 
  41:Generated_Source\PSoC5/ErikaOS_1_ee_rq_first.c **** /*
  42:Generated_Source\PSoC5/ErikaOS_1_ee_rq_first.c ****  * Author: 2002-2004 Paolo Gai
  43:Generated_Source\PSoC5/ErikaOS_1_ee_rq_first.c ****  * CVS: $Id: ee_rq_first.c,v 1.1 2005/07/16 12:23:42 pj Exp $
  44:Generated_Source\PSoC5/ErikaOS_1_ee_rq_first.c ****  */
  45:Generated_Source\PSoC5/ErikaOS_1_ee_rq_first.c **** 
  46:Generated_Source\PSoC5/ErikaOS_1_ee_rq_first.c **** /*
  47:Generated_Source\PSoC5/ErikaOS_1_ee_rq_first.c ****  * PSoC Port and API Generation
  48:Generated_Source\PSoC5/ErikaOS_1_ee_rq_first.c ****  * Carlos Fernando Meier Martinez
  49:Generated_Source\PSoC5/ErikaOS_1_ee_rq_first.c ****  * Hochschule Darmstadt, Germany. 2017.
  50:Generated_Source\PSoC5/ErikaOS_1_ee_rq_first.c ****  */
  51:Generated_Source\PSoC5/ErikaOS_1_ee_rq_first.c **** 
  52:Generated_Source\PSoC5/ErikaOS_1_ee_rq_first.c **** #include "ErikaOS_1_ee_internal.inc"
  53:Generated_Source\PSoC5/ErikaOS_1_ee_rq_first.c **** 
  54:Generated_Source\PSoC5/ErikaOS_1_ee_rq_first.c **** #ifndef __PRIVATE_RQ2STK_EXCHANGE__
  55:Generated_Source\PSoC5/ErikaOS_1_ee_rq_first.c **** 
  56:Generated_Source\PSoC5/ErikaOS_1_ee_rq_first.c **** #if defined(__OO_BCC2__) || defined(__OO_ECC2__)
  57:Generated_Source\PSoC5/ErikaOS_1_ee_rq_first.c **** EE_TID EE_rq_queryfirst(void)
  58:Generated_Source\PSoC5/ErikaOS_1_ee_rq_first.c **** {
  28              		.loc 1 58 0
  29              		.cfi_startproc
  30              		@ args = 0, pretend = 0, frame = 0
  31              		@ frame_needed = 0, uses_anonymous_args = 0
  32              		@ link register save eliminated.
  59:Generated_Source\PSoC5/ErikaOS_1_ee_rq_first.c ****   EE_INT8 x;
  60:Generated_Source\PSoC5/ErikaOS_1_ee_rq_first.c **** 
  61:Generated_Source\PSoC5/ErikaOS_1_ee_rq_first.c **** #if defined(__OO_ECC2__)
  62:Generated_Source\PSoC5/ErikaOS_1_ee_rq_first.c ****   /* lookup at bits 15-9 */
  63:Generated_Source\PSoC5/ErikaOS_1_ee_rq_first.c ****   x = EE_rq_lookup[(EE_rq_bitmask & 0xFF00U) >> 8];
  33              		.loc 1 63 0
  34 0000 094B     		ldr	r3, .L6
  35 0002 0A4A     		ldr	r2, .L6+4
  36 0004 1B88     		ldrh	r3, [r3]
  37 0006 190A     		lsrs	r1, r3, #8
  38 0008 5056     		ldrsb	r0, [r2, r1]
  39              	.LVL0:
  64:Generated_Source\PSoC5/ErikaOS_1_ee_rq_first.c ****   if (x == (EE_INT8)-1) {
  40              		.loc 1 64 0
  41 000a 411C     		adds	r1, r0, #1
  65:Generated_Source\PSoC5/ErikaOS_1_ee_rq_first.c ****     x = EE_rq_lookup[EE_rq_bitmask];
  66:Generated_Source\PSoC5/ErikaOS_1_ee_rq_first.c ****   } else {
  67:Generated_Source\PSoC5/ErikaOS_1_ee_rq_first.c ****     x += (EE_INT8)8;
  42              		.loc 1 67 0
  43 000c 16BF     		itet	ne
  44 000e 0830     		addne	r0, r0, #8
  45              	.LVL1:
  65:Generated_Source\PSoC5/ErikaOS_1_ee_rq_first.c ****     x = EE_rq_lookup[EE_rq_bitmask];
  46              		.loc 1 65 0
ARM GAS  C:\Users\Reza\AppData\Local\Temp\cc6oIO2p.s 			page 3


  47 0010 D056     		ldrsbeq	r0, [r2, r3]
  48              	.LVL2:
  49              		.loc 1 67 0
  50 0012 40B2     		sxtbne	r0, r0
  51              	.LVL3:
  68:Generated_Source\PSoC5/ErikaOS_1_ee_rq_first.c ****   }
  69:Generated_Source\PSoC5/ErikaOS_1_ee_rq_first.c **** #else
  70:Generated_Source\PSoC5/ErikaOS_1_ee_rq_first.c ****   x = EE_rq_lookup[EE_rq_bitmask];
  71:Generated_Source\PSoC5/ErikaOS_1_ee_rq_first.c **** #endif
  72:Generated_Source\PSoC5/ErikaOS_1_ee_rq_first.c **** 
  73:Generated_Source\PSoC5/ErikaOS_1_ee_rq_first.c ****   /* now x contains the highest priority non-empty queue number */
  74:Generated_Source\PSoC5/ErikaOS_1_ee_rq_first.c ****   if (x == (EE_INT8)-1) {
  52              		.loc 1 74 0
  53 0014 431C     		adds	r3, r0, #1
  75:Generated_Source\PSoC5/ErikaOS_1_ee_rq_first.c ****     return EE_NIL;
  76:Generated_Source\PSoC5/ErikaOS_1_ee_rq_first.c ****   } else {
  77:Generated_Source\PSoC5/ErikaOS_1_ee_rq_first.c ****     return EE_rq_pairs_tid[EE_rq_queues_head[x]];
  54              		.loc 1 77 0
  55 0016 1FBF     		itttt	ne
  56 0018 054B     		ldrne	r3, .L6+8
  57 001a 53F82020 		ldrne	r2, [r3, r0, lsl #2]
  58 001e 054B     		ldrne	r3, .L6+12
  59 0020 53F82200 		ldrne	r0, [r3, r2, lsl #2]
  60              	.LVL4:
  78:Generated_Source\PSoC5/ErikaOS_1_ee_rq_first.c ****   }
  79:Generated_Source\PSoC5/ErikaOS_1_ee_rq_first.c **** }
  61              		.loc 1 79 0
  62 0024 7047     		bx	lr
  63              	.L7:
  64 0026 00BF     		.align	2
  65              	.L6:
  66 0028 00000000 		.word	EE_rq_bitmask
  67 002c 00000000 		.word	EE_rq_lookup
  68 0030 00000000 		.word	EE_rq_queues_head
  69 0034 00000000 		.word	EE_rq_pairs_tid
  70              		.cfi_endproc
  71              	.LFE70:
  72              		.size	EE_rq_queryfirst, .-EE_rq_queryfirst
  73              		.text
  74              	.Letext0:
  75              		.file 2 "Generated_Source\\PSoC5\\ErikaOS_1_common_ee_types.inc"
  76              		.file 3 "Generated_Source\\PSoC5\\ErikaOS_1_cortex_mx_ee_cpu.inc"
  77              		.file 4 "Generated_Source\\PSoC5\\ErikaOS_1_ee_oo_common.inc"
  78              		.file 5 "Generated_Source\\PSoC5\\ErikaOS_1_common_ee_primitives.inc"
  79              		.file 6 "Generated_Source\\PSoC5\\ErikaOS_1_cortex_mx_ee_context.inc"
  80              		.file 7 "Generated_Source\\PSoC5\\ErikaOS_1_ee_oo_intfunc.inc"
  81              		.file 8 "Generated_Source\\PSoC5\\ErikaOS_1_ee_oo_internal.inc"
  82              		.section	.debug_info,"",%progbits
  83              	.Ldebug_info0:
  84 0000 1D040000 		.4byte	0x41d
  85 0004 0400     		.2byte	0x4
  86 0006 00000000 		.4byte	.Ldebug_abbrev0
  87 000a 04       		.byte	0x4
  88 000b 01       		.uleb128 0x1
  89 000c 3C030000 		.4byte	.LASF65
  90 0010 0C       		.byte	0xc
  91 0011 39040000 		.4byte	.LASF66
ARM GAS  C:\Users\Reza\AppData\Local\Temp\cc6oIO2p.s 			page 4


  92 0015 C0000000 		.4byte	.LASF67
  93 0019 00000000 		.4byte	.Ldebug_ranges0+0
  94 001d 00000000 		.4byte	0
  95 0021 00000000 		.4byte	.Ldebug_line0
  96 0025 02       		.uleb128 0x2
  97 0026 01       		.byte	0x1
  98 0027 06       		.byte	0x6
  99 0028 E7020000 		.4byte	.LASF0
 100 002c 02       		.uleb128 0x2
 101 002d 01       		.byte	0x1
 102 002e 08       		.byte	0x8
 103 002f B8020000 		.4byte	.LASF1
 104 0033 02       		.uleb128 0x2
 105 0034 02       		.byte	0x2
 106 0035 05       		.byte	0x5
 107 0036 3E000000 		.4byte	.LASF2
 108 003a 02       		.uleb128 0x2
 109 003b 02       		.byte	0x2
 110 003c 07       		.byte	0x7
 111 003d CA030000 		.4byte	.LASF3
 112 0041 02       		.uleb128 0x2
 113 0042 04       		.byte	0x4
 114 0043 05       		.byte	0x5
 115 0044 25020000 		.4byte	.LASF4
 116 0048 02       		.uleb128 0x2
 117 0049 04       		.byte	0x4
 118 004a 07       		.byte	0x7
 119 004b 27040000 		.4byte	.LASF5
 120 004f 02       		.uleb128 0x2
 121 0050 08       		.byte	0x8
 122 0051 05       		.byte	0x5
 123 0052 D5010000 		.4byte	.LASF6
 124 0056 02       		.uleb128 0x2
 125 0057 08       		.byte	0x8
 126 0058 07       		.byte	0x7
 127 0059 F3020000 		.4byte	.LASF7
 128 005d 03       		.uleb128 0x3
 129 005e 04       		.byte	0x4
 130 005f 05       		.byte	0x5
 131 0060 696E7400 		.ascii	"int\000"
 132 0064 02       		.uleb128 0x2
 133 0065 04       		.byte	0x4
 134 0066 07       		.byte	0x7
 135 0067 0A030000 		.4byte	.LASF8
 136 006b 02       		.uleb128 0x2
 137 006c 08       		.byte	0x8
 138 006d 04       		.byte	0x4
 139 006e 9D020000 		.4byte	.LASF9
 140 0072 04       		.uleb128 0x4
 141 0073 E3010000 		.4byte	.LASF10
 142 0077 02       		.byte	0x2
 143 0078 3F       		.byte	0x3f
 144 0079 25000000 		.4byte	0x25
 145 007d 04       		.uleb128 0x4
 146 007e FB030000 		.4byte	.LASF11
 147 0082 02       		.byte	0x2
 148 0083 52       		.byte	0x52
ARM GAS  C:\Users\Reza\AppData\Local\Temp\cc6oIO2p.s 			page 5


 149 0084 3A000000 		.4byte	0x3a
 150 0088 04       		.uleb128 0x4
 151 0089 B5010000 		.4byte	.LASF12
 152 008d 02       		.byte	0x2
 153 008e 53       		.byte	0x53
 154 008f 5D000000 		.4byte	0x5d
 155 0093 04       		.uleb128 0x4
 156 0094 7D000000 		.4byte	.LASF13
 157 0098 02       		.byte	0x2
 158 0099 54       		.byte	0x54
 159 009a 64000000 		.4byte	0x64
 160 009e 04       		.uleb128 0x4
 161 009f 05000000 		.4byte	.LASF14
 162 00a3 03       		.byte	0x3
 163 00a4 4D       		.byte	0x4d
 164 00a5 93000000 		.4byte	0x93
 165 00a9 04       		.uleb128 0x4
 166 00aa DF020000 		.4byte	.LASF15
 167 00ae 03       		.byte	0x3
 168 00af 4E       		.byte	0x4e
 169 00b0 88000000 		.4byte	0x88
 170 00b4 04       		.uleb128 0x4
 171 00b5 5F000000 		.4byte	.LASF16
 172 00b9 03       		.byte	0x3
 173 00ba 4F       		.byte	0x4f
 174 00bb 93000000 		.4byte	0x93
 175 00bf 04       		.uleb128 0x4
 176 00c0 68040000 		.4byte	.LASF17
 177 00c4 03       		.byte	0x3
 178 00c5 54       		.byte	0x54
 179 00c6 9E000000 		.4byte	0x9e
 180 00ca 04       		.uleb128 0x4
 181 00cb AA000000 		.4byte	.LASF18
 182 00cf 03       		.byte	0x3
 183 00d0 78       		.byte	0x78
 184 00d1 88000000 		.4byte	0x88
 185 00d5 05       		.uleb128 0x5
 186 00d6 04020000 		.4byte	.LASF19
 187 00da 04       		.byte	0x4
 188 00db 1101     		.2byte	0x111
 189 00dd 7D000000 		.4byte	0x7d
 190 00e1 05       		.uleb128 0x5
 191 00e2 73020000 		.4byte	.LASF20
 192 00e6 04       		.byte	0x4
 193 00e7 3502     		.2byte	0x235
 194 00e9 9E000000 		.4byte	0x9e
 195 00ed 05       		.uleb128 0x5
 196 00ee 8B020000 		.4byte	.LASF21
 197 00f2 04       		.byte	0x4
 198 00f3 5D02     		.2byte	0x25d
 199 00f5 9E000000 		.4byte	0x9e
 200 00f9 05       		.uleb128 0x5
 201 00fa AC040000 		.4byte	.LASF22
 202 00fe 04       		.byte	0x4
 203 00ff 6C02     		.2byte	0x26c
 204 0101 9E000000 		.4byte	0x9e
 205 0105 06       		.uleb128 0x6
ARM GAS  C:\Users\Reza\AppData\Local\Temp\cc6oIO2p.s 			page 6


 206 0106 0C       		.byte	0xc
 207 0107 04       		.byte	0x4
 208 0108 7202     		.2byte	0x272
 209 010a 36010000 		.4byte	0x136
 210 010e 07       		.uleb128 0x7
 211 010f 2E020000 		.4byte	.LASF23
 212 0113 04       		.byte	0x4
 213 0114 7302     		.2byte	0x273
 214 0116 E1000000 		.4byte	0xe1
 215 011a 00       		.byte	0
 216 011b 07       		.uleb128 0x7
 217 011c 0D000000 		.4byte	.LASF24
 218 0120 04       		.byte	0x4
 219 0121 7402     		.2byte	0x274
 220 0123 E1000000 		.4byte	0xe1
 221 0127 04       		.byte	0x4
 222 0128 07       		.uleb128 0x7
 223 0129 B1000000 		.4byte	.LASF25
 224 012d 04       		.byte	0x4
 225 012e 7502     		.2byte	0x275
 226 0130 E1000000 		.4byte	0xe1
 227 0134 08       		.byte	0x8
 228 0135 00       		.byte	0
 229 0136 05       		.uleb128 0x5
 230 0137 5C020000 		.4byte	.LASF26
 231 013b 04       		.byte	0x4
 232 013c 7A02     		.2byte	0x27a
 233 013e 05010000 		.4byte	0x105
 234 0142 06       		.uleb128 0x6
 235 0143 08       		.byte	0x8
 236 0144 04       		.byte	0x4
 237 0145 7D02     		.2byte	0x27d
 238 0147 66010000 		.4byte	0x166
 239 014b 07       		.uleb128 0x7
 240 014c BA000000 		.4byte	.LASF27
 241 0150 04       		.byte	0x4
 242 0151 7E02     		.2byte	0x27e
 243 0153 E1000000 		.4byte	0xe1
 244 0157 00       		.byte	0
 245 0158 07       		.uleb128 0x7
 246 0159 28050000 		.4byte	.LASF28
 247 015d 04       		.byte	0x4
 248 015e 7F02     		.2byte	0x27f
 249 0160 ED000000 		.4byte	0xed
 250 0164 04       		.byte	0x4
 251 0165 00       		.byte	0
 252 0166 05       		.uleb128 0x5
 253 0167 BE010000 		.4byte	.LASF29
 254 016b 04       		.byte	0x4
 255 016c 8002     		.2byte	0x280
 256 016e 42010000 		.4byte	0x142
 257 0172 08       		.uleb128 0x8
 258 0173 01       		.byte	0x1
 259 0174 2C000000 		.4byte	0x2c
 260 0178 04       		.byte	0x4
 261 0179 8A02     		.2byte	0x28a
 262 017b 8C010000 		.4byte	0x18c
ARM GAS  C:\Users\Reza\AppData\Local\Temp\cc6oIO2p.s 			page 7


 263 017f 09       		.uleb128 0x9
 264 0180 9E040000 		.4byte	.LASF30
 265 0184 00       		.byte	0
 266 0185 09       		.uleb128 0x9
 267 0186 14020000 		.4byte	.LASF31
 268 018a 01       		.byte	0x1
 269 018b 00       		.byte	0
 270 018c 05       		.uleb128 0x5
 271 018d 81010000 		.4byte	.LASF32
 272 0191 04       		.byte	0x4
 273 0192 8D02     		.2byte	0x28d
 274 0194 72010000 		.4byte	0x172
 275 0198 05       		.uleb128 0x5
 276 0199 67000000 		.4byte	.LASF33
 277 019d 04       		.byte	0x4
 278 019e 9002     		.2byte	0x290
 279 01a0 8C010000 		.4byte	0x18c
 280 01a4 06       		.uleb128 0x6
 281 01a5 0C       		.byte	0xc
 282 01a6 04       		.byte	0x4
 283 01a7 9402     		.2byte	0x294
 284 01a9 D3010000 		.4byte	0x1d3
 285 01ad 0A       		.uleb128 0xa
 286 01ae 6300     		.ascii	"c\000"
 287 01b0 04       		.byte	0x4
 288 01b1 9602     		.2byte	0x296
 289 01b3 F9000000 		.4byte	0xf9
 290 01b7 00       		.byte	0
 291 01b8 07       		.uleb128 0x7
 292 01b9 57000000 		.4byte	.LASF34
 293 01bd 04       		.byte	0x4
 294 01be 9802     		.2byte	0x298
 295 01c0 ED000000 		.4byte	0xed
 296 01c4 04       		.byte	0x4
 297 01c5 07       		.uleb128 0x7
 298 01c6 00000000 		.4byte	.LASF35
 299 01ca 04       		.byte	0x4
 300 01cb 9A02     		.2byte	0x29a
 301 01cd 98010000 		.4byte	0x198
 302 01d1 08       		.byte	0x8
 303 01d2 00       		.byte	0
 304 01d3 05       		.uleb128 0x5
 305 01d4 DD030000 		.4byte	.LASF36
 306 01d8 04       		.byte	0x4
 307 01d9 9B02     		.2byte	0x29b
 308 01db A4010000 		.4byte	0x1a4
 309 01df 06       		.uleb128 0x6
 310 01e0 10       		.byte	0x10
 311 01e1 04       		.byte	0x4
 312 01e2 9F02     		.2byte	0x29f
 313 01e4 1D020000 		.4byte	0x21d
 314 01e8 07       		.uleb128 0x7
 315 01e9 A7040000 		.4byte	.LASF37
 316 01ed 04       		.byte	0x4
 317 01ee A002     		.2byte	0x2a0
 318 01f0 BF000000 		.4byte	0xbf
 319 01f4 00       		.byte	0
ARM GAS  C:\Users\Reza\AppData\Local\Temp\cc6oIO2p.s 			page 8


 320 01f5 07       		.uleb128 0x7
 321 01f6 F5040000 		.4byte	.LASF38
 322 01fa 04       		.byte	0x4
 323 01fb A102     		.2byte	0x2a1
 324 01fd E1000000 		.4byte	0xe1
 325 0201 04       		.byte	0x4
 326 0202 07       		.uleb128 0x7
 327 0203 51000000 		.4byte	.LASF39
 328 0207 04       		.byte	0x4
 329 0208 A202     		.2byte	0x2a2
 330 020a E1000000 		.4byte	0xe1
 331 020e 08       		.byte	0x8
 332 020f 07       		.uleb128 0x7
 333 0210 16050000 		.4byte	.LASF40
 334 0214 04       		.byte	0x4
 335 0215 A302     		.2byte	0x2a3
 336 0217 ED000000 		.4byte	0xed
 337 021b 0C       		.byte	0xc
 338 021c 00       		.byte	0
 339 021d 05       		.uleb128 0x5
 340 021e 3E020000 		.4byte	.LASF41
 341 0222 04       		.byte	0x4
 342 0223 A402     		.2byte	0x2a4
 343 0225 DF010000 		.4byte	0x1df
 344 0229 0B       		.uleb128 0xb
 345 022a E4040000 		.4byte	.LASF68
 346 022e 01       		.byte	0x1
 347 022f 39       		.byte	0x39
 348 0230 CA000000 		.4byte	0xca
 349 0234 00000000 		.4byte	.LFB70
 350 0238 38000000 		.4byte	.LFE70-.LFB70
 351 023c 01       		.uleb128 0x1
 352 023d 9C       		.byte	0x9c
 353 023e 50020000 		.4byte	0x250
 354 0242 0C       		.uleb128 0xc
 355 0243 7800     		.ascii	"x\000"
 356 0245 01       		.byte	0x1
 357 0246 3B       		.byte	0x3b
 358 0247 72000000 		.4byte	0x72
 359 024b 00000000 		.4byte	.LLST0
 360 024f 00       		.byte	0
 361 0250 0D       		.uleb128 0xd
 362 0251 A0010000 		.4byte	.LASF42
 363 0255 05       		.byte	0x5
 364 0256 44       		.byte	0x44
 365 0257 9E000000 		.4byte	0x9e
 366 025b 0D       		.uleb128 0xd
 367 025c 23030000 		.4byte	.LASF43
 368 0260 06       		.byte	0x6
 369 0261 48       		.byte	0x48
 370 0262 CA000000 		.4byte	0xca
 371 0266 0E       		.uleb128 0xe
 372 0267 7D020000 		.4byte	0x27d
 373 026b 76020000 		.4byte	0x276
 374 026f 0F       		.uleb128 0xf
 375 0270 76020000 		.4byte	0x276
 376 0274 03       		.byte	0x3
ARM GAS  C:\Users\Reza\AppData\Local\Temp\cc6oIO2p.s 			page 9


 377 0275 00       		.byte	0
 378 0276 02       		.uleb128 0x2
 379 0277 04       		.byte	0x4
 380 0278 07       		.byte	0x7
 381 0279 48000000 		.4byte	.LASF44
 382 027d 10       		.uleb128 0x10
 383 027e 9E000000 		.4byte	0x9e
 384 0282 0D       		.uleb128 0xd
 385 0283 87000000 		.4byte	.LASF45
 386 0287 04       		.byte	0x4
 387 0288 B2       		.byte	0xb2
 388 0289 8D020000 		.4byte	0x28d
 389 028d 10       		.uleb128 0x10
 390 028e 66020000 		.4byte	0x266
 391 0292 0D       		.uleb128 0xd
 392 0293 C5040000 		.4byte	.LASF46
 393 0297 04       		.byte	0x4
 394 0298 B3       		.byte	0xb3
 395 0299 9D020000 		.4byte	0x29d
 396 029d 10       		.uleb128 0x10
 397 029e 66020000 		.4byte	0x266
 398 02a2 0E       		.uleb128 0xe
 399 02a3 9E000000 		.4byte	0x9e
 400 02a7 B2020000 		.4byte	0x2b2
 401 02ab 0F       		.uleb128 0xf
 402 02ac 76020000 		.4byte	0x276
 403 02b0 03       		.byte	0x3
 404 02b1 00       		.byte	0
 405 02b2 0D       		.uleb128 0xd
 406 02b3 B8040000 		.4byte	.LASF47
 407 02b7 04       		.byte	0x4
 408 02b8 CA       		.byte	0xca
 409 02b9 A2020000 		.4byte	0x2a2
 410 02bd 0E       		.uleb128 0xe
 411 02be CA000000 		.4byte	0xca
 412 02c2 CD020000 		.4byte	0x2cd
 413 02c6 0F       		.uleb128 0xf
 414 02c7 76020000 		.4byte	0x276
 415 02cb 03       		.byte	0x3
 416 02cc 00       		.byte	0
 417 02cd 0D       		.uleb128 0xd
 418 02ce D9040000 		.4byte	.LASF48
 419 02d2 04       		.byte	0x4
 420 02d3 D2       		.byte	0xd2
 421 02d4 BD020000 		.4byte	0x2bd
 422 02d8 0D       		.uleb128 0xd
 423 02d9 17030000 		.4byte	.LASF49
 424 02dd 04       		.byte	0x4
 425 02de DA       		.byte	0xda
 426 02df A2020000 		.4byte	0x2a2
 427 02e3 0D       		.uleb128 0xd
 428 02e4 74040000 		.4byte	.LASF50
 429 02e8 04       		.byte	0x4
 430 02e9 E2       		.byte	0xe2
 431 02ea CA000000 		.4byte	0xca
 432 02ee 0D       		.uleb128 0xd
 433 02ef 7C020000 		.4byte	.LASF51
ARM GAS  C:\Users\Reza\AppData\Local\Temp\cc6oIO2p.s 			page 10


 434 02f3 04       		.byte	0x4
 435 02f4 F7       		.byte	0xf7
 436 02f5 9E000000 		.4byte	0x9e
 437 02f9 0E       		.uleb128 0xe
 438 02fa A9000000 		.4byte	0xa9
 439 02fe 09030000 		.4byte	0x309
 440 0302 0F       		.uleb128 0xf
 441 0303 76020000 		.4byte	0x276
 442 0307 0F       		.byte	0xf
 443 0308 00       		.byte	0
 444 0309 11       		.uleb128 0x11
 445 030a 98000000 		.4byte	.LASF52
 446 030e 04       		.byte	0x4
 447 030f 2501     		.2byte	0x125
 448 0311 F9020000 		.4byte	0x2f9
 449 0315 11       		.uleb128 0x11
 450 0316 80040000 		.4byte	.LASF53
 451 031a 04       		.byte	0x4
 452 031b 3C01     		.2byte	0x13c
 453 031d BD020000 		.4byte	0x2bd
 454 0321 11       		.uleb128 0x11
 455 0322 90040000 		.4byte	.LASF54
 456 0326 04       		.byte	0x4
 457 0327 3F01     		.2byte	0x13f
 458 0329 D5000000 		.4byte	0xd5
 459 032d 11       		.uleb128 0x11
 460 032e 1A000000 		.4byte	.LASF55
 461 0332 04       		.byte	0x4
 462 0333 5C01     		.2byte	0x15c
 463 0335 A2020000 		.4byte	0x2a2
 464 0339 0E       		.uleb128 0xe
 465 033a BF000000 		.4byte	0xbf
 466 033e 49030000 		.4byte	0x349
 467 0342 0F       		.uleb128 0xf
 468 0343 76020000 		.4byte	0x276
 469 0347 03       		.byte	0x3
 470 0348 00       		.byte	0
 471 0349 11       		.uleb128 0x11
 472 034a 2D000000 		.4byte	.LASF56
 473 034e 04       		.byte	0x4
 474 034f 6701     		.2byte	0x167
 475 0351 39030000 		.4byte	0x339
 476 0355 0E       		.uleb128 0xe
 477 0356 65030000 		.4byte	0x365
 478 035a 65030000 		.4byte	0x365
 479 035e 0F       		.uleb128 0xf
 480 035f 76020000 		.4byte	0x276
 481 0363 00       		.byte	0
 482 0364 00       		.byte	0
 483 0365 10       		.uleb128 0x10
 484 0366 36010000 		.4byte	0x136
 485 036a 11       		.uleb128 0x11
 486 036b A9020000 		.4byte	.LASF57
 487 036f 04       		.byte	0x4
 488 0370 CA02     		.2byte	0x2ca
 489 0372 76030000 		.4byte	0x376
 490 0376 10       		.uleb128 0x10
ARM GAS  C:\Users\Reza\AppData\Local\Temp\cc6oIO2p.s 			page 11


 491 0377 55030000 		.4byte	0x355
 492 037b 0E       		.uleb128 0xe
 493 037c 8B030000 		.4byte	0x38b
 494 0380 8B030000 		.4byte	0x38b
 495 0384 0F       		.uleb128 0xf
 496 0385 76020000 		.4byte	0x276
 497 0389 01       		.byte	0x1
 498 038a 00       		.byte	0
 499 038b 10       		.uleb128 0x10
 500 038c D3010000 		.4byte	0x1d3
 501 0390 11       		.uleb128 0x11
 502 0391 68010000 		.4byte	.LASF58
 503 0395 04       		.byte	0x4
 504 0396 DD02     		.2byte	0x2dd
 505 0398 9C030000 		.4byte	0x39c
 506 039c 10       		.uleb128 0x10
 507 039d 7B030000 		.4byte	0x37b
 508 03a1 0E       		.uleb128 0xe
 509 03a2 66010000 		.4byte	0x166
 510 03a6 B1030000 		.4byte	0x3b1
 511 03aa 0F       		.uleb128 0xf
 512 03ab 76020000 		.4byte	0x276
 513 03af 00       		.byte	0
 514 03b0 00       		.byte	0
 515 03b1 11       		.uleb128 0x11
 516 03b2 05040000 		.4byte	.LASF59
 517 03b6 04       		.byte	0x4
 518 03b7 FB02     		.2byte	0x2fb
 519 03b9 A1030000 		.4byte	0x3a1
 520 03bd 0E       		.uleb128 0xe
 521 03be 1D020000 		.4byte	0x21d
 522 03c2 CD030000 		.4byte	0x3cd
 523 03c6 0F       		.uleb128 0xf
 524 03c7 76020000 		.4byte	0x276
 525 03cb 01       		.byte	0x1
 526 03cc 00       		.byte	0
 527 03cd 11       		.uleb128 0x11
 528 03ce C6020000 		.4byte	.LASF60
 529 03d2 04       		.byte	0x4
 530 03d3 0403     		.2byte	0x304
 531 03d5 BD030000 		.4byte	0x3bd
 532 03d9 0D       		.uleb128 0xd
 533 03da FE040000 		.4byte	.LASF61
 534 03de 07       		.byte	0x7
 535 03df 40       		.byte	0x40
 536 03e0 9E000000 		.4byte	0x9e
 537 03e4 0D       		.uleb128 0xd
 538 03e5 EB010000 		.4byte	.LASF62
 539 03e9 07       		.byte	0x7
 540 03ea 47       		.byte	0x47
 541 03eb B4000000 		.4byte	0xb4
 542 03ef 0D       		.uleb128 0xd
 543 03f0 14040000 		.4byte	.LASF63
 544 03f4 07       		.byte	0x7
 545 03f5 4A       		.byte	0x4a
 546 03f6 9E000000 		.4byte	0x9e
 547 03fa 0E       		.uleb128 0xe
ARM GAS  C:\Users\Reza\AppData\Local\Temp\cc6oIO2p.s 			page 12


 548 03fb 0A040000 		.4byte	0x40a
 549 03ff 0A040000 		.4byte	0x40a
 550 0403 0F       		.uleb128 0xf
 551 0404 76020000 		.4byte	0x276
 552 0408 FF       		.byte	0xff
 553 0409 00       		.byte	0
 554 040a 10       		.uleb128 0x10
 555 040b 72000000 		.4byte	0x72
 556 040f 11       		.uleb128 0x11
 557 0410 1B050000 		.4byte	.LASF64
 558 0414 08       		.byte	0x8
 559 0415 AB01     		.2byte	0x1ab
 560 0417 1B040000 		.4byte	0x41b
 561 041b 10       		.uleb128 0x10
 562 041c FA030000 		.4byte	0x3fa
 563 0420 00       		.byte	0
 564              		.section	.debug_abbrev,"",%progbits
 565              	.Ldebug_abbrev0:
 566 0000 01       		.uleb128 0x1
 567 0001 11       		.uleb128 0x11
 568 0002 01       		.byte	0x1
 569 0003 25       		.uleb128 0x25
 570 0004 0E       		.uleb128 0xe
 571 0005 13       		.uleb128 0x13
 572 0006 0B       		.uleb128 0xb
 573 0007 03       		.uleb128 0x3
 574 0008 0E       		.uleb128 0xe
 575 0009 1B       		.uleb128 0x1b
 576 000a 0E       		.uleb128 0xe
 577 000b 55       		.uleb128 0x55
 578 000c 17       		.uleb128 0x17
 579 000d 11       		.uleb128 0x11
 580 000e 01       		.uleb128 0x1
 581 000f 10       		.uleb128 0x10
 582 0010 17       		.uleb128 0x17
 583 0011 00       		.byte	0
 584 0012 00       		.byte	0
 585 0013 02       		.uleb128 0x2
 586 0014 24       		.uleb128 0x24
 587 0015 00       		.byte	0
 588 0016 0B       		.uleb128 0xb
 589 0017 0B       		.uleb128 0xb
 590 0018 3E       		.uleb128 0x3e
 591 0019 0B       		.uleb128 0xb
 592 001a 03       		.uleb128 0x3
 593 001b 0E       		.uleb128 0xe
 594 001c 00       		.byte	0
 595 001d 00       		.byte	0
 596 001e 03       		.uleb128 0x3
 597 001f 24       		.uleb128 0x24
 598 0020 00       		.byte	0
 599 0021 0B       		.uleb128 0xb
 600 0022 0B       		.uleb128 0xb
 601 0023 3E       		.uleb128 0x3e
 602 0024 0B       		.uleb128 0xb
 603 0025 03       		.uleb128 0x3
 604 0026 08       		.uleb128 0x8
ARM GAS  C:\Users\Reza\AppData\Local\Temp\cc6oIO2p.s 			page 13


 605 0027 00       		.byte	0
 606 0028 00       		.byte	0
 607 0029 04       		.uleb128 0x4
 608 002a 16       		.uleb128 0x16
 609 002b 00       		.byte	0
 610 002c 03       		.uleb128 0x3
 611 002d 0E       		.uleb128 0xe
 612 002e 3A       		.uleb128 0x3a
 613 002f 0B       		.uleb128 0xb
 614 0030 3B       		.uleb128 0x3b
 615 0031 0B       		.uleb128 0xb
 616 0032 49       		.uleb128 0x49
 617 0033 13       		.uleb128 0x13
 618 0034 00       		.byte	0
 619 0035 00       		.byte	0
 620 0036 05       		.uleb128 0x5
 621 0037 16       		.uleb128 0x16
 622 0038 00       		.byte	0
 623 0039 03       		.uleb128 0x3
 624 003a 0E       		.uleb128 0xe
 625 003b 3A       		.uleb128 0x3a
 626 003c 0B       		.uleb128 0xb
 627 003d 3B       		.uleb128 0x3b
 628 003e 05       		.uleb128 0x5
 629 003f 49       		.uleb128 0x49
 630 0040 13       		.uleb128 0x13
 631 0041 00       		.byte	0
 632 0042 00       		.byte	0
 633 0043 06       		.uleb128 0x6
 634 0044 13       		.uleb128 0x13
 635 0045 01       		.byte	0x1
 636 0046 0B       		.uleb128 0xb
 637 0047 0B       		.uleb128 0xb
 638 0048 3A       		.uleb128 0x3a
 639 0049 0B       		.uleb128 0xb
 640 004a 3B       		.uleb128 0x3b
 641 004b 05       		.uleb128 0x5
 642 004c 01       		.uleb128 0x1
 643 004d 13       		.uleb128 0x13
 644 004e 00       		.byte	0
 645 004f 00       		.byte	0
 646 0050 07       		.uleb128 0x7
 647 0051 0D       		.uleb128 0xd
 648 0052 00       		.byte	0
 649 0053 03       		.uleb128 0x3
 650 0054 0E       		.uleb128 0xe
 651 0055 3A       		.uleb128 0x3a
 652 0056 0B       		.uleb128 0xb
 653 0057 3B       		.uleb128 0x3b
 654 0058 05       		.uleb128 0x5
 655 0059 49       		.uleb128 0x49
 656 005a 13       		.uleb128 0x13
 657 005b 38       		.uleb128 0x38
 658 005c 0B       		.uleb128 0xb
 659 005d 00       		.byte	0
 660 005e 00       		.byte	0
 661 005f 08       		.uleb128 0x8
ARM GAS  C:\Users\Reza\AppData\Local\Temp\cc6oIO2p.s 			page 14


 662 0060 04       		.uleb128 0x4
 663 0061 01       		.byte	0x1
 664 0062 0B       		.uleb128 0xb
 665 0063 0B       		.uleb128 0xb
 666 0064 49       		.uleb128 0x49
 667 0065 13       		.uleb128 0x13
 668 0066 3A       		.uleb128 0x3a
 669 0067 0B       		.uleb128 0xb
 670 0068 3B       		.uleb128 0x3b
 671 0069 05       		.uleb128 0x5
 672 006a 01       		.uleb128 0x1
 673 006b 13       		.uleb128 0x13
 674 006c 00       		.byte	0
 675 006d 00       		.byte	0
 676 006e 09       		.uleb128 0x9
 677 006f 28       		.uleb128 0x28
 678 0070 00       		.byte	0
 679 0071 03       		.uleb128 0x3
 680 0072 0E       		.uleb128 0xe
 681 0073 1C       		.uleb128 0x1c
 682 0074 0B       		.uleb128 0xb
 683 0075 00       		.byte	0
 684 0076 00       		.byte	0
 685 0077 0A       		.uleb128 0xa
 686 0078 0D       		.uleb128 0xd
 687 0079 00       		.byte	0
 688 007a 03       		.uleb128 0x3
 689 007b 08       		.uleb128 0x8
 690 007c 3A       		.uleb128 0x3a
 691 007d 0B       		.uleb128 0xb
 692 007e 3B       		.uleb128 0x3b
 693 007f 05       		.uleb128 0x5
 694 0080 49       		.uleb128 0x49
 695 0081 13       		.uleb128 0x13
 696 0082 38       		.uleb128 0x38
 697 0083 0B       		.uleb128 0xb
 698 0084 00       		.byte	0
 699 0085 00       		.byte	0
 700 0086 0B       		.uleb128 0xb
 701 0087 2E       		.uleb128 0x2e
 702 0088 01       		.byte	0x1
 703 0089 3F       		.uleb128 0x3f
 704 008a 19       		.uleb128 0x19
 705 008b 03       		.uleb128 0x3
 706 008c 0E       		.uleb128 0xe
 707 008d 3A       		.uleb128 0x3a
 708 008e 0B       		.uleb128 0xb
 709 008f 3B       		.uleb128 0x3b
 710 0090 0B       		.uleb128 0xb
 711 0091 27       		.uleb128 0x27
 712 0092 19       		.uleb128 0x19
 713 0093 49       		.uleb128 0x49
 714 0094 13       		.uleb128 0x13
 715 0095 11       		.uleb128 0x11
 716 0096 01       		.uleb128 0x1
 717 0097 12       		.uleb128 0x12
 718 0098 06       		.uleb128 0x6
ARM GAS  C:\Users\Reza\AppData\Local\Temp\cc6oIO2p.s 			page 15


 719 0099 40       		.uleb128 0x40
 720 009a 18       		.uleb128 0x18
 721 009b 9742     		.uleb128 0x2117
 722 009d 19       		.uleb128 0x19
 723 009e 01       		.uleb128 0x1
 724 009f 13       		.uleb128 0x13
 725 00a0 00       		.byte	0
 726 00a1 00       		.byte	0
 727 00a2 0C       		.uleb128 0xc
 728 00a3 34       		.uleb128 0x34
 729 00a4 00       		.byte	0
 730 00a5 03       		.uleb128 0x3
 731 00a6 08       		.uleb128 0x8
 732 00a7 3A       		.uleb128 0x3a
 733 00a8 0B       		.uleb128 0xb
 734 00a9 3B       		.uleb128 0x3b
 735 00aa 0B       		.uleb128 0xb
 736 00ab 49       		.uleb128 0x49
 737 00ac 13       		.uleb128 0x13
 738 00ad 02       		.uleb128 0x2
 739 00ae 17       		.uleb128 0x17
 740 00af 00       		.byte	0
 741 00b0 00       		.byte	0
 742 00b1 0D       		.uleb128 0xd
 743 00b2 34       		.uleb128 0x34
 744 00b3 00       		.byte	0
 745 00b4 03       		.uleb128 0x3
 746 00b5 0E       		.uleb128 0xe
 747 00b6 3A       		.uleb128 0x3a
 748 00b7 0B       		.uleb128 0xb
 749 00b8 3B       		.uleb128 0x3b
 750 00b9 0B       		.uleb128 0xb
 751 00ba 49       		.uleb128 0x49
 752 00bb 13       		.uleb128 0x13
 753 00bc 3F       		.uleb128 0x3f
 754 00bd 19       		.uleb128 0x19
 755 00be 3C       		.uleb128 0x3c
 756 00bf 19       		.uleb128 0x19
 757 00c0 00       		.byte	0
 758 00c1 00       		.byte	0
 759 00c2 0E       		.uleb128 0xe
 760 00c3 01       		.uleb128 0x1
 761 00c4 01       		.byte	0x1
 762 00c5 49       		.uleb128 0x49
 763 00c6 13       		.uleb128 0x13
 764 00c7 01       		.uleb128 0x1
 765 00c8 13       		.uleb128 0x13
 766 00c9 00       		.byte	0
 767 00ca 00       		.byte	0
 768 00cb 0F       		.uleb128 0xf
 769 00cc 21       		.uleb128 0x21
 770 00cd 00       		.byte	0
 771 00ce 49       		.uleb128 0x49
 772 00cf 13       		.uleb128 0x13
 773 00d0 2F       		.uleb128 0x2f
 774 00d1 0B       		.uleb128 0xb
 775 00d2 00       		.byte	0
ARM GAS  C:\Users\Reza\AppData\Local\Temp\cc6oIO2p.s 			page 16


 776 00d3 00       		.byte	0
 777 00d4 10       		.uleb128 0x10
 778 00d5 26       		.uleb128 0x26
 779 00d6 00       		.byte	0
 780 00d7 49       		.uleb128 0x49
 781 00d8 13       		.uleb128 0x13
 782 00d9 00       		.byte	0
 783 00da 00       		.byte	0
 784 00db 11       		.uleb128 0x11
 785 00dc 34       		.uleb128 0x34
 786 00dd 00       		.byte	0
 787 00de 03       		.uleb128 0x3
 788 00df 0E       		.uleb128 0xe
 789 00e0 3A       		.uleb128 0x3a
 790 00e1 0B       		.uleb128 0xb
 791 00e2 3B       		.uleb128 0x3b
 792 00e3 05       		.uleb128 0x5
 793 00e4 49       		.uleb128 0x49
 794 00e5 13       		.uleb128 0x13
 795 00e6 3F       		.uleb128 0x3f
 796 00e7 19       		.uleb128 0x19
 797 00e8 3C       		.uleb128 0x3c
 798 00e9 19       		.uleb128 0x19
 799 00ea 00       		.byte	0
 800 00eb 00       		.byte	0
 801 00ec 00       		.byte	0
 802              		.section	.debug_loc,"",%progbits
 803              	.Ldebug_loc0:
 804              	.LLST0:
 805 0000 0A000000 		.4byte	.LVL0
 806 0004 10000000 		.4byte	.LVL1
 807 0008 0100     		.2byte	0x1
 808 000a 50       		.byte	0x50
 809 000b 10000000 		.4byte	.LVL1
 810 000f 12000000 		.4byte	.LVL2
 811 0013 0300     		.2byte	0x3
 812 0015 71       		.byte	0x71
 813 0016 7F       		.sleb128 -1
 814 0017 9F       		.byte	0x9f
 815 0018 14000000 		.4byte	.LVL3
 816 001c 24000000 		.4byte	.LVL4
 817 0020 0100     		.2byte	0x1
 818 0022 50       		.byte	0x50
 819 0023 00000000 		.4byte	0
 820 0027 00000000 		.4byte	0
 821              		.section	.debug_aranges,"",%progbits
 822 0000 1C000000 		.4byte	0x1c
 823 0004 0200     		.2byte	0x2
 824 0006 00000000 		.4byte	.Ldebug_info0
 825 000a 04       		.byte	0x4
 826 000b 00       		.byte	0
 827 000c 0000     		.2byte	0
 828 000e 0000     		.2byte	0
 829 0010 00000000 		.4byte	.LFB70
 830 0014 38000000 		.4byte	.LFE70-.LFB70
 831 0018 00000000 		.4byte	0
 832 001c 00000000 		.4byte	0
ARM GAS  C:\Users\Reza\AppData\Local\Temp\cc6oIO2p.s 			page 17


 833              		.section	.debug_ranges,"",%progbits
 834              	.Ldebug_ranges0:
 835 0000 00000000 		.4byte	.LFB70
 836 0004 38000000 		.4byte	.LFE70
 837 0008 00000000 		.4byte	0
 838 000c 00000000 		.4byte	0
 839              		.section	.debug_line,"",%progbits
 840              	.Ldebug_line0:
 841 0000 4E010000 		.section	.debug_str,"MS",%progbits,1
 841      02003101 
 841      00000201 
 841      FB0E0D00 
 841      01010101 
 842              	.LASF35:
 843 0000 6B696E64 		.ascii	"kind\000"
 843      00
 844              	.LASF14:
 845 0005 45455F55 		.ascii	"EE_UREG\000"
 845      52454700 
 846              	.LASF24:
 847 000d 7469636B 		.ascii	"ticksperbase\000"
 847      73706572 
 847      62617365 
 847      00
 848              	.LASF55:
 849 001a 45455F74 		.ascii	"EE_th_event_active\000"
 849      685F6576 
 849      656E745F 
 849      61637469 
 849      766500
 850              	.LASF56:
 851 002d 45455F74 		.ascii	"EE_th_waswaiting\000"
 851      685F7761 
 851      73776169 
 851      74696E67 
 851      00
 852              	.LASF2:
 853 003e 73686F72 		.ascii	"short int\000"
 853      7420696E 
 853      7400
 854              	.LASF44:
 855 0048 73697A65 		.ascii	"sizetype\000"
 855      74797065 
 855      00
 856              	.LASF39:
 857 0051 64656C74 		.ascii	"delta\000"
 857      6100
 858              	.LASF34:
 859 0057 73706563 		.ascii	"spec_id\000"
 859      5F696400 
 860              	.LASF16:
 861 005f 45455F46 		.ascii	"EE_FREG\000"
 861      52454700 
 862              	.LASF33:
 863 0067 436F756E 		.ascii	"CounterObjectKindType\000"
 863      7465724F 
 863      626A6563 
ARM GAS  C:\Users\Reza\AppData\Local\Temp\cc6oIO2p.s 			page 18


 863      744B696E 
 863      64547970 
 864              	.LASF13:
 865 007d 45455F55 		.ascii	"EE_UINT32\000"
 865      494E5433 
 865      3200
 866              	.LASF45:
 867 0087 45455F74 		.ascii	"EE_th_ready_prio\000"
 867      685F7265 
 867      6164795F 
 867      7072696F 
 867      00
 868              	.LASF52:
 869 0098 45455F72 		.ascii	"EE_rq_queues_head\000"
 869      715F7175 
 869      65756573 
 869      5F686561 
 869      6400
 870              	.LASF18:
 871 00aa 45455F54 		.ascii	"EE_TID\000"
 871      494400
 872              	.LASF25:
 873 00b1 6D696E63 		.ascii	"mincycle\000"
 873      79636C65 
 873      00
 874              	.LASF27:
 875 00ba 76616C75 		.ascii	"value\000"
 875      6500
 876              	.LASF67:
 877 00c0 443A5C48 		.ascii	"D:\\H_da\\Winter Semester\\MM03 Advanced Microcontr"
 877      5F64615C 
 877      57696E74 
 877      65722053 
 877      656D6573 
 878 00f0 6F6C6C65 		.ascii	"oller Systems and Embedded Operating Systems\\Lectu"
 878      72205379 
 878      7374656D 
 878      7320616E 
 878      6420456D 
 879 0122 72652050 		.ascii	"re Prof. Fromm\\workspace\\workspace_psoc\\Reaction"
 879      726F662E 
 879      2046726F 
 879      6D6D5C77 
 879      6F726B73 
 880 0152 47616D65 		.ascii	"Game_with erika.cydsn\000"
 880      5F776974 
 880      68206572 
 880      696B612E 
 880      63796473 
 881              	.LASF58:
 882 0168 45455F6F 		.ascii	"EE_oo_counter_object_ROM\000"
 882      6F5F636F 
 882      756E7465 
 882      725F6F62 
 882      6A656374 
 883              	.LASF32:
 884 0181 45455F6F 		.ascii	"EE_oo_counter_object_kind_type\000"
ARM GAS  C:\Users\Reza\AppData\Local\Temp\cc6oIO2p.s 			page 19


 884      6F5F636F 
 884      756E7465 
 884      725F6F62 
 884      6A656374 
 885              	.LASF42:
 886 01a0 45455F49 		.ascii	"EE_IRQ_nesting_level\000"
 886      52515F6E 
 886      65737469 
 886      6E675F6C 
 886      6576656C 
 887              	.LASF12:
 888 01b5 45455F49 		.ascii	"EE_INT32\000"
 888      4E543332 
 888      00
 889              	.LASF29:
 890 01be 45455F6F 		.ascii	"EE_oo_counter_RAM_type\000"
 890      6F5F636F 
 890      756E7465 
 890      725F5241 
 890      4D5F7479 
 891              	.LASF6:
 892 01d5 6C6F6E67 		.ascii	"long long int\000"
 892      206C6F6E 
 892      6720696E 
 892      7400
 893              	.LASF10:
 894 01e3 45455F49 		.ascii	"EE_INT8\000"
 894      4E543800 
 895              	.LASF62:
 896 01eb 45455F6F 		.ascii	"EE_oo_IRQ_suspend_status\000"
 896      6F5F4952 
 896      515F7375 
 896      7370656E 
 896      645F7374 
 897              	.LASF19:
 898 0204 45455F54 		.ascii	"EE_TYPE_RQ_MASK\000"
 898      5950455F 
 898      52515F4D 
 898      41534B00 
 899              	.LASF31:
 900 0214 45455F53 		.ascii	"EE_SCHEDULETABLE\000"
 900      43484544 
 900      554C4554 
 900      41424C45 
 900      00
 901              	.LASF4:
 902 0225 6C6F6E67 		.ascii	"long int\000"
 902      20696E74 
 902      00
 903              	.LASF23:
 904 022e 6D617861 		.ascii	"maxallowedvalue\000"
 904      6C6C6F77 
 904      65647661 
 904      6C756500 
 905              	.LASF41:
 906 023e 45455F6F 		.ascii	"EE_oo_counter_object_RAM_type\000"
 906      6F5F636F 
ARM GAS  C:\Users\Reza\AppData\Local\Temp\cc6oIO2p.s 			page 20


 906      756E7465 
 906      725F6F62 
 906      6A656374 
 907              	.LASF26:
 908 025c 45455F6F 		.ascii	"EE_oo_counter_ROM_type\000"
 908      6F5F636F 
 908      756E7465 
 908      725F524F 
 908      4D5F7479 
 909              	.LASF20:
 910 0273 5469636B 		.ascii	"TickType\000"
 910      54797065 
 910      00
 911              	.LASF51:
 912 027c 45455F73 		.ascii	"EE_sys_ceiling\000"
 912      79735F63 
 912      65696C69 
 912      6E6700
 913              	.LASF21:
 914 028b 436F756E 		.ascii	"CounterObjectType\000"
 914      7465724F 
 914      626A6563 
 914      74547970 
 914      6500
 915              	.LASF9:
 916 029d 6C6F6E67 		.ascii	"long double\000"
 916      20646F75 
 916      626C6500 
 917              	.LASF57:
 918 02a9 45455F63 		.ascii	"EE_counter_ROM\000"
 918      6F756E74 
 918      65725F52 
 918      4F4D00
 919              	.LASF1:
 920 02b8 756E7369 		.ascii	"unsigned char\000"
 920      676E6564 
 920      20636861 
 920      7200
 921              	.LASF60:
 922 02c6 45455F6F 		.ascii	"EE_oo_counter_object_RAM\000"
 922      6F5F636F 
 922      756E7465 
 922      725F6F62 
 922      6A656374 
 923              	.LASF15:
 924 02df 45455F53 		.ascii	"EE_SREG\000"
 924      52454700 
 925              	.LASF0:
 926 02e7 7369676E 		.ascii	"signed char\000"
 926      65642063 
 926      68617200 
 927              	.LASF7:
 928 02f3 6C6F6E67 		.ascii	"long long unsigned int\000"
 928      206C6F6E 
 928      6720756E 
 928      7369676E 
 928      65642069 
ARM GAS  C:\Users\Reza\AppData\Local\Temp\cc6oIO2p.s 			page 21


 929              	.LASF8:
 930 030a 756E7369 		.ascii	"unsigned int\000"
 930      676E6564 
 930      20696E74 
 930      00
 931              	.LASF49:
 932 0317 45455F74 		.ascii	"EE_th_rnact\000"
 932      685F726E 
 932      61637400 
 933              	.LASF43:
 934 0323 45455F73 		.ascii	"EE_std_endcycle_next_tid\000"
 934      74645F65 
 934      6E646379 
 934      636C655F 
 934      6E657874 
 935              	.LASF65:
 936 033c 474E5520 		.ascii	"GNU C11 5.4.1 20160609 (release) [ARM/embedded-5-br"
 936      43313120 
 936      352E342E 
 936      31203230 
 936      31363036 
 937 036f 616E6368 		.ascii	"anch revision 237715] -mcpu=cortex-m3 -mthumb -g -O"
 937      20726576 
 937      6973696F 
 937      6E203233 
 937      37373135 
 938 03a2 73202D66 		.ascii	"s -ffunction-sections -ffat-lto-objects\000"
 938      66756E63 
 938      74696F6E 
 938      2D736563 
 938      74696F6E 
 939              	.LASF3:
 940 03ca 73686F72 		.ascii	"short unsigned int\000"
 940      7420756E 
 940      7369676E 
 940      65642069 
 940      6E7400
 941              	.LASF36:
 942 03dd 45455F6F 		.ascii	"EE_oo_counter_object_ROM_type\000"
 942      6F5F636F 
 942      756E7465 
 942      725F6F62 
 942      6A656374 
 943              	.LASF11:
 944 03fb 45455F55 		.ascii	"EE_UINT16\000"
 944      494E5431 
 944      3600
 945              	.LASF59:
 946 0405 45455F63 		.ascii	"EE_counter_RAM\000"
 946      6F756E74 
 946      65725F52 
 946      414D00
 947              	.LASF63:
 948 0414 45455F41 		.ascii	"EE_ApplicationMode\000"
 948      70706C69 
 948      63617469 
 948      6F6E4D6F 
ARM GAS  C:\Users\Reza\AppData\Local\Temp\cc6oIO2p.s 			page 22


 948      646500
 949              	.LASF5:
 950 0427 6C6F6E67 		.ascii	"long unsigned int\000"
 950      20756E73 
 950      69676E65 
 950      6420696E 
 950      7400
 951              	.LASF66:
 952 0439 47656E65 		.ascii	"Generated_Source\\PSoC5\\ErikaOS_1_ee_rq_first.c\000"
 952      72617465 
 952      645F536F 
 952      75726365 
 952      5C50536F 
 953              	.LASF17:
 954 0468 45455F54 		.ascii	"EE_TYPEBOOL\000"
 954      59504542 
 954      4F4F4C00 
 955              	.LASF50:
 956 0474 45455F73 		.ascii	"EE_stkfirst\000"
 956      746B6669 
 956      72737400 
 957              	.LASF53:
 958 0480 45455F72 		.ascii	"EE_rq_pairs_tid\000"
 958      715F7061 
 958      6972735F 
 958      74696400 
 959              	.LASF54:
 960 0490 45455F72 		.ascii	"EE_rq_bitmask\000"
 960      715F6269 
 960      746D6173 
 960      6B00
 961              	.LASF30:
 962 049e 45455F41 		.ascii	"EE_ALARM\000"
 962      4C41524D 
 962      00
 963              	.LASF37:
 964 04a7 75736564 		.ascii	"used\000"
 964      00
 965              	.LASF22:
 966 04ac 436F756E 		.ascii	"CounterType\000"
 966      74657254 
 966      79706500 
 967              	.LASF47:
 968 04b8 45455F74 		.ascii	"EE_th_status\000"
 968      685F7374 
 968      61747573 
 968      00
 969              	.LASF46:
 970 04c5 45455F74 		.ascii	"EE_th_dispatch_prio\000"
 970      685F6469 
 970      73706174 
 970      63685F70 
 970      72696F00 
 971              	.LASF48:
 972 04d9 45455F74 		.ascii	"EE_th_next\000"
 972      685F6E65 
 972      787400
ARM GAS  C:\Users\Reza\AppData\Local\Temp\cc6oIO2p.s 			page 23


 973              	.LASF68:
 974 04e4 45455F72 		.ascii	"EE_rq_queryfirst\000"
 974      715F7175 
 974      65727966 
 974      69727374 
 974      00
 975              	.LASF38:
 976 04f5 636E7463 		.ascii	"cntcycle\000"
 976      79636C65 
 976      00
 977              	.LASF61:
 978 04fe 45455F6F 		.ascii	"EE_oo_IRQ_disable_count\000"
 978      6F5F4952 
 978      515F6469 
 978      7361626C 
 978      655F636F 
 979              	.LASF40:
 980 0516 6E657874 		.ascii	"next\000"
 980      00
 981              	.LASF64:
 982 051b 45455F72 		.ascii	"EE_rq_lookup\000"
 982      715F6C6F 
 982      6F6B7570 
 982      00
 983              	.LASF28:
 984 0528 66697273 		.ascii	"first\000"
 984      7400
 985              		.ident	"GCC: (GNU Tools for ARM Embedded Processors) 5.4.1 20160609 (release) [ARM/embedded-5-bran
