ARM GAS  C:\Users\Reza\AppData\Local\Temp\ccr80zed.s 			page 1


   1              		.syntax unified
   2              		.cpu cortex-m3
   3              		.fpu softvfp
   4              		.eabi_attribute 20, 1
   5              		.eabi_attribute 21, 1
   6              		.eabi_attribute 23, 3
   7              		.eabi_attribute 24, 1
   8              		.eabi_attribute 25, 1
   9              		.eabi_attribute 26, 1
  10              		.eabi_attribute 30, 4
  11              		.eabi_attribute 34, 1
  12              		.eabi_attribute 18, 4
  13              		.thumb
  14              		.syntax unified
  15              		.file	"ErikaOS_1_ee_lookup.c"
  16              		.text
  17              	.Ltext0:
  18              		.cfi_sections	.debug_frame
  19              		.global	EE_rq_lookup
  20              		.comm	EE_oo_IRQ_suspend_status,4,4
  21              		.comm	EE_oo_IRQ_disable_count,4,4
  22              		.section	.rodata
  23              		.type	EE_rq_lookup, %object
  24              		.size	EE_rq_lookup, 256
  25              	EE_rq_lookup:
  26 0000 FF       		.byte	-1
  27 0001 00       		.byte	0
  28 0002 01       		.byte	1
  29 0003 01       		.byte	1
  30 0004 02       		.byte	2
  31 0005 02       		.byte	2
  32 0006 02       		.byte	2
  33 0007 02       		.byte	2
  34 0008 03       		.byte	3
  35 0009 03       		.byte	3
  36 000a 03       		.byte	3
  37 000b 03       		.byte	3
  38 000c 03       		.byte	3
  39 000d 03       		.byte	3
  40 000e 03       		.byte	3
  41 000f 03       		.byte	3
  42 0010 04       		.byte	4
  43 0011 04       		.byte	4
  44 0012 04       		.byte	4
  45 0013 04       		.byte	4
  46 0014 04       		.byte	4
  47 0015 04       		.byte	4
  48 0016 04       		.byte	4
  49 0017 04       		.byte	4
  50 0018 04       		.byte	4
  51 0019 04       		.byte	4
  52 001a 04       		.byte	4
  53 001b 04       		.byte	4
  54 001c 04       		.byte	4
  55 001d 04       		.byte	4
  56 001e 04       		.byte	4
  57 001f 04       		.byte	4
ARM GAS  C:\Users\Reza\AppData\Local\Temp\ccr80zed.s 			page 2


  58 0020 05       		.byte	5
  59 0021 05       		.byte	5
  60 0022 05       		.byte	5
  61 0023 05       		.byte	5
  62 0024 05       		.byte	5
  63 0025 05       		.byte	5
  64 0026 05       		.byte	5
  65 0027 05       		.byte	5
  66 0028 05       		.byte	5
  67 0029 05       		.byte	5
  68 002a 05       		.byte	5
  69 002b 05       		.byte	5
  70 002c 05       		.byte	5
  71 002d 05       		.byte	5
  72 002e 05       		.byte	5
  73 002f 05       		.byte	5
  74 0030 05       		.byte	5
  75 0031 05       		.byte	5
  76 0032 05       		.byte	5
  77 0033 05       		.byte	5
  78 0034 05       		.byte	5
  79 0035 05       		.byte	5
  80 0036 05       		.byte	5
  81 0037 05       		.byte	5
  82 0038 05       		.byte	5
  83 0039 05       		.byte	5
  84 003a 05       		.byte	5
  85 003b 05       		.byte	5
  86 003c 05       		.byte	5
  87 003d 05       		.byte	5
  88 003e 05       		.byte	5
  89 003f 05       		.byte	5
  90 0040 06       		.byte	6
  91 0041 06       		.byte	6
  92 0042 06       		.byte	6
  93 0043 06       		.byte	6
  94 0044 06       		.byte	6
  95 0045 06       		.byte	6
  96 0046 06       		.byte	6
  97 0047 06       		.byte	6
  98 0048 06       		.byte	6
  99 0049 06       		.byte	6
 100 004a 06       		.byte	6
 101 004b 06       		.byte	6
 102 004c 06       		.byte	6
 103 004d 06       		.byte	6
 104 004e 06       		.byte	6
 105 004f 06       		.byte	6
 106 0050 06       		.byte	6
 107 0051 06       		.byte	6
 108 0052 06       		.byte	6
 109 0053 06       		.byte	6
 110 0054 06       		.byte	6
 111 0055 06       		.byte	6
 112 0056 06       		.byte	6
 113 0057 06       		.byte	6
 114 0058 06       		.byte	6
ARM GAS  C:\Users\Reza\AppData\Local\Temp\ccr80zed.s 			page 3


 115 0059 06       		.byte	6
 116 005a 06       		.byte	6
 117 005b 06       		.byte	6
 118 005c 06       		.byte	6
 119 005d 06       		.byte	6
 120 005e 06       		.byte	6
 121 005f 06       		.byte	6
 122 0060 06       		.byte	6
 123 0061 06       		.byte	6
 124 0062 06       		.byte	6
 125 0063 06       		.byte	6
 126 0064 06       		.byte	6
 127 0065 06       		.byte	6
 128 0066 06       		.byte	6
 129 0067 06       		.byte	6
 130 0068 06       		.byte	6
 131 0069 06       		.byte	6
 132 006a 06       		.byte	6
 133 006b 06       		.byte	6
 134 006c 06       		.byte	6
 135 006d 06       		.byte	6
 136 006e 06       		.byte	6
 137 006f 06       		.byte	6
 138 0070 06       		.byte	6
 139 0071 06       		.byte	6
 140 0072 06       		.byte	6
 141 0073 06       		.byte	6
 142 0074 06       		.byte	6
 143 0075 06       		.byte	6
 144 0076 06       		.byte	6
 145 0077 06       		.byte	6
 146 0078 06       		.byte	6
 147 0079 06       		.byte	6
 148 007a 06       		.byte	6
 149 007b 06       		.byte	6
 150 007c 06       		.byte	6
 151 007d 06       		.byte	6
 152 007e 06       		.byte	6
 153 007f 06       		.byte	6
 154 0080 07       		.byte	7
 155 0081 07       		.byte	7
 156 0082 07       		.byte	7
 157 0083 07       		.byte	7
 158 0084 07       		.byte	7
 159 0085 07       		.byte	7
 160 0086 07       		.byte	7
 161 0087 07       		.byte	7
 162 0088 07       		.byte	7
 163 0089 07       		.byte	7
 164 008a 07       		.byte	7
 165 008b 07       		.byte	7
 166 008c 07       		.byte	7
 167 008d 07       		.byte	7
 168 008e 07       		.byte	7
 169 008f 07       		.byte	7
 170 0090 07       		.byte	7
 171 0091 07       		.byte	7
ARM GAS  C:\Users\Reza\AppData\Local\Temp\ccr80zed.s 			page 4


 172 0092 07       		.byte	7
 173 0093 07       		.byte	7
 174 0094 07       		.byte	7
 175 0095 07       		.byte	7
 176 0096 07       		.byte	7
 177 0097 07       		.byte	7
 178 0098 07       		.byte	7
 179 0099 07       		.byte	7
 180 009a 07       		.byte	7
 181 009b 07       		.byte	7
 182 009c 07       		.byte	7
 183 009d 07       		.byte	7
 184 009e 07       		.byte	7
 185 009f 07       		.byte	7
 186 00a0 07       		.byte	7
 187 00a1 07       		.byte	7
 188 00a2 07       		.byte	7
 189 00a3 07       		.byte	7
 190 00a4 07       		.byte	7
 191 00a5 07       		.byte	7
 192 00a6 07       		.byte	7
 193 00a7 07       		.byte	7
 194 00a8 07       		.byte	7
 195 00a9 07       		.byte	7
 196 00aa 07       		.byte	7
 197 00ab 07       		.byte	7
 198 00ac 07       		.byte	7
 199 00ad 07       		.byte	7
 200 00ae 07       		.byte	7
 201 00af 07       		.byte	7
 202 00b0 07       		.byte	7
 203 00b1 07       		.byte	7
 204 00b2 07       		.byte	7
 205 00b3 07       		.byte	7
 206 00b4 07       		.byte	7
 207 00b5 07       		.byte	7
 208 00b6 07       		.byte	7
 209 00b7 07       		.byte	7
 210 00b8 07       		.byte	7
 211 00b9 07       		.byte	7
 212 00ba 07       		.byte	7
 213 00bb 07       		.byte	7
 214 00bc 07       		.byte	7
 215 00bd 07       		.byte	7
 216 00be 07       		.byte	7
 217 00bf 07       		.byte	7
 218 00c0 07       		.byte	7
 219 00c1 07       		.byte	7
 220 00c2 07       		.byte	7
 221 00c3 07       		.byte	7
 222 00c4 07       		.byte	7
 223 00c5 07       		.byte	7
 224 00c6 07       		.byte	7
 225 00c7 07       		.byte	7
 226 00c8 07       		.byte	7
 227 00c9 07       		.byte	7
 228 00ca 07       		.byte	7
ARM GAS  C:\Users\Reza\AppData\Local\Temp\ccr80zed.s 			page 5


 229 00cb 07       		.byte	7
 230 00cc 07       		.byte	7
 231 00cd 07       		.byte	7
 232 00ce 07       		.byte	7
 233 00cf 07       		.byte	7
 234 00d0 07       		.byte	7
 235 00d1 07       		.byte	7
 236 00d2 07       		.byte	7
 237 00d3 07       		.byte	7
 238 00d4 07       		.byte	7
 239 00d5 07       		.byte	7
 240 00d6 07       		.byte	7
 241 00d7 07       		.byte	7
 242 00d8 07       		.byte	7
 243 00d9 07       		.byte	7
 244 00da 07       		.byte	7
 245 00db 07       		.byte	7
 246 00dc 07       		.byte	7
 247 00dd 07       		.byte	7
 248 00de 07       		.byte	7
 249 00df 07       		.byte	7
 250 00e0 07       		.byte	7
 251 00e1 07       		.byte	7
 252 00e2 07       		.byte	7
 253 00e3 07       		.byte	7
 254 00e4 07       		.byte	7
 255 00e5 07       		.byte	7
 256 00e6 07       		.byte	7
 257 00e7 07       		.byte	7
 258 00e8 07       		.byte	7
 259 00e9 07       		.byte	7
 260 00ea 07       		.byte	7
 261 00eb 07       		.byte	7
 262 00ec 07       		.byte	7
 263 00ed 07       		.byte	7
 264 00ee 07       		.byte	7
 265 00ef 07       		.byte	7
 266 00f0 07       		.byte	7
 267 00f1 07       		.byte	7
 268 00f2 07       		.byte	7
 269 00f3 07       		.byte	7
 270 00f4 07       		.byte	7
 271 00f5 07       		.byte	7
 272 00f6 07       		.byte	7
 273 00f7 07       		.byte	7
 274 00f8 07       		.byte	7
 275 00f9 07       		.byte	7
 276 00fa 07       		.byte	7
 277 00fb 07       		.byte	7
 278 00fc 07       		.byte	7
 279 00fd 07       		.byte	7
 280 00fe 07       		.byte	7
 281 00ff 07       		.byte	7
 282              		.text
 283              	.Letext0:
 284              		.file 1 "Generated_Source\\PSoC5\\ErikaOS_1_common_ee_types.inc"
 285              		.file 2 "Generated_Source\\PSoC5\\ErikaOS_1_cortex_mx_ee_cpu.inc"
ARM GAS  C:\Users\Reza\AppData\Local\Temp\ccr80zed.s 			page 6


 286              		.file 3 "Generated_Source\\PSoC5\\ErikaOS_1_ee_oo_common.inc"
 287              		.file 4 "Generated_Source\\PSoC5\\ErikaOS_1_common_ee_primitives.inc"
 288              		.file 5 "Generated_Source\\PSoC5\\ErikaOS_1_cortex_mx_ee_context.inc"
 289              		.file 6 "Generated_Source\\PSoC5\\ErikaOS_1_ee_lookup.c"
 290              		.file 7 "Generated_Source\\PSoC5\\ErikaOS_1_ee_oo_intfunc.inc"
 291              		.section	.debug_info,"",%progbits
 292              	.Ldebug_info0:
 293 0000 CC030000 		.4byte	0x3cc
 294 0004 0400     		.2byte	0x4
 295 0006 00000000 		.4byte	.Ldebug_abbrev0
 296 000a 04       		.byte	0x4
 297 000b 01       		.uleb128 0x1
 298 000c 5D030000 		.4byte	.LASF62
 299 0010 0C       		.byte	0xc
 300 0011 A6000000 		.4byte	.LASF63
 301 0015 E2000000 		.4byte	.LASF64
 302 0019 00000000 		.4byte	.Ldebug_line0
 303 001d 02       		.uleb128 0x2
 304 001e 01       		.byte	0x1
 305 001f 06       		.byte	0x6
 306 0020 08030000 		.4byte	.LASF0
 307 0024 02       		.uleb128 0x2
 308 0025 01       		.byte	0x1
 309 0026 08       		.byte	0x8
 310 0027 E1020000 		.4byte	.LASF1
 311 002b 02       		.uleb128 0x2
 312 002c 02       		.byte	0x2
 313 002d 05       		.byte	0x5
 314 002e 4C000000 		.4byte	.LASF2
 315 0032 02       		.uleb128 0x2
 316 0033 02       		.byte	0x2
 317 0034 07       		.byte	0x7
 318 0035 EB030000 		.4byte	.LASF3
 319 0039 02       		.uleb128 0x2
 320 003a 04       		.byte	0x4
 321 003b 05       		.byte	0x5
 322 003c 47020000 		.4byte	.LASF4
 323 0040 02       		.uleb128 0x2
 324 0041 04       		.byte	0x4
 325 0042 07       		.byte	0x7
 326 0043 48040000 		.4byte	.LASF5
 327 0047 02       		.uleb128 0x2
 328 0048 08       		.byte	0x8
 329 0049 05       		.byte	0x5
 330 004a F7010000 		.4byte	.LASF6
 331 004e 02       		.uleb128 0x2
 332 004f 08       		.byte	0x8
 333 0050 07       		.byte	0x7
 334 0051 14030000 		.4byte	.LASF7
 335 0055 03       		.uleb128 0x3
 336 0056 04       		.byte	0x4
 337 0057 05       		.byte	0x5
 338 0058 696E7400 		.ascii	"int\000"
 339 005c 02       		.uleb128 0x2
 340 005d 04       		.byte	0x4
 341 005e 07       		.byte	0x7
 342 005f 2B030000 		.4byte	.LASF8
ARM GAS  C:\Users\Reza\AppData\Local\Temp\ccr80zed.s 			page 7


 343 0063 02       		.uleb128 0x2
 344 0064 08       		.byte	0x8
 345 0065 04       		.byte	0x4
 346 0066 C6020000 		.4byte	.LASF9
 347 006a 04       		.uleb128 0x4
 348 006b 05020000 		.4byte	.LASF10
 349 006f 01       		.byte	0x1
 350 0070 3F       		.byte	0x3f
 351 0071 1D000000 		.4byte	0x1d
 352 0075 04       		.uleb128 0x4
 353 0076 1C040000 		.4byte	.LASF11
 354 007a 01       		.byte	0x1
 355 007b 52       		.byte	0x52
 356 007c 32000000 		.4byte	0x32
 357 0080 04       		.uleb128 0x4
 358 0081 D7010000 		.4byte	.LASF12
 359 0085 01       		.byte	0x1
 360 0086 53       		.byte	0x53
 361 0087 55000000 		.4byte	0x55
 362 008b 04       		.uleb128 0x4
 363 008c 8B000000 		.4byte	.LASF13
 364 0090 01       		.byte	0x1
 365 0091 54       		.byte	0x54
 366 0092 5C000000 		.4byte	0x5c
 367 0096 04       		.uleb128 0x4
 368 0097 13000000 		.4byte	.LASF14
 369 009b 02       		.byte	0x2
 370 009c 4D       		.byte	0x4d
 371 009d 8B000000 		.4byte	0x8b
 372 00a1 04       		.uleb128 0x4
 373 00a2 6D000000 		.4byte	.LASF15
 374 00a6 02       		.byte	0x2
 375 00a7 4F       		.byte	0x4f
 376 00a8 8B000000 		.4byte	0x8b
 377 00ac 04       		.uleb128 0x4
 378 00ad 5A040000 		.4byte	.LASF16
 379 00b1 02       		.byte	0x2
 380 00b2 54       		.byte	0x54
 381 00b3 96000000 		.4byte	0x96
 382 00b7 04       		.uleb128 0x4
 383 00b8 60020000 		.4byte	.LASF17
 384 00bc 02       		.byte	0x2
 385 00bd 78       		.byte	0x78
 386 00be 80000000 		.4byte	0x80
 387 00c2 05       		.uleb128 0x5
 388 00c3 26020000 		.4byte	.LASF18
 389 00c7 03       		.byte	0x3
 390 00c8 1101     		.2byte	0x111
 391 00ca 75000000 		.4byte	0x75
 392 00ce 05       		.uleb128 0x5
 393 00cf 9C020000 		.4byte	.LASF19
 394 00d3 03       		.byte	0x3
 395 00d4 3502     		.2byte	0x235
 396 00d6 96000000 		.4byte	0x96
 397 00da 05       		.uleb128 0x5
 398 00db B4020000 		.4byte	.LASF20
 399 00df 03       		.byte	0x3
ARM GAS  C:\Users\Reza\AppData\Local\Temp\ccr80zed.s 			page 8


 400 00e0 5D02     		.2byte	0x25d
 401 00e2 96000000 		.4byte	0x96
 402 00e6 05       		.uleb128 0x5
 403 00e7 80040000 		.4byte	.LASF21
 404 00eb 03       		.byte	0x3
 405 00ec 6C02     		.2byte	0x26c
 406 00ee 96000000 		.4byte	0x96
 407 00f2 06       		.uleb128 0x6
 408 00f3 0C       		.byte	0xc
 409 00f4 03       		.byte	0x3
 410 00f5 7202     		.2byte	0x272
 411 00f7 23010000 		.4byte	0x123
 412 00fb 07       		.uleb128 0x7
 413 00fc 50020000 		.4byte	.LASF22
 414 0100 03       		.byte	0x3
 415 0101 7302     		.2byte	0x273
 416 0103 CE000000 		.4byte	0xce
 417 0107 00       		.byte	0
 418 0108 07       		.uleb128 0x7
 419 0109 1B000000 		.4byte	.LASF23
 420 010d 03       		.byte	0x3
 421 010e 7402     		.2byte	0x274
 422 0110 CE000000 		.4byte	0xce
 423 0114 04       		.byte	0x4
 424 0115 07       		.uleb128 0x7
 425 0116 D3000000 		.4byte	.LASF24
 426 011a 03       		.byte	0x3
 427 011b 7502     		.2byte	0x275
 428 011d CE000000 		.4byte	0xce
 429 0121 08       		.byte	0x8
 430 0122 00       		.byte	0
 431 0123 05       		.uleb128 0x5
 432 0124 85020000 		.4byte	.LASF25
 433 0128 03       		.byte	0x3
 434 0129 7A02     		.2byte	0x27a
 435 012b F2000000 		.4byte	0xf2
 436 012f 06       		.uleb128 0x6
 437 0130 08       		.byte	0x8
 438 0131 03       		.byte	0x3
 439 0132 7D02     		.2byte	0x27d
 440 0134 53010000 		.4byte	0x153
 441 0138 07       		.uleb128 0x7
 442 0139 DC000000 		.4byte	.LASF26
 443 013d 03       		.byte	0x3
 444 013e 7E02     		.2byte	0x27e
 445 0140 CE000000 		.4byte	0xce
 446 0144 00       		.byte	0
 447 0145 07       		.uleb128 0x7
 448 0146 EB040000 		.4byte	.LASF27
 449 014a 03       		.byte	0x3
 450 014b 7F02     		.2byte	0x27f
 451 014d DA000000 		.4byte	0xda
 452 0151 04       		.byte	0x4
 453 0152 00       		.byte	0
 454 0153 05       		.uleb128 0x5
 455 0154 E0010000 		.4byte	.LASF28
 456 0158 03       		.byte	0x3
ARM GAS  C:\Users\Reza\AppData\Local\Temp\ccr80zed.s 			page 9


 457 0159 8002     		.2byte	0x280
 458 015b 2F010000 		.4byte	0x12f
 459 015f 08       		.uleb128 0x8
 460 0160 01       		.byte	0x1
 461 0161 24000000 		.4byte	0x24
 462 0165 03       		.byte	0x3
 463 0166 8A02     		.2byte	0x28a
 464 0168 79010000 		.4byte	0x179
 465 016c 09       		.uleb128 0x9
 466 016d 72040000 		.4byte	.LASF29
 467 0171 00       		.byte	0
 468 0172 09       		.uleb128 0x9
 469 0173 36020000 		.4byte	.LASF30
 470 0177 01       		.byte	0x1
 471 0178 00       		.byte	0
 472 0179 05       		.uleb128 0x5
 473 017a A3010000 		.4byte	.LASF31
 474 017e 03       		.byte	0x3
 475 017f 8D02     		.2byte	0x28d
 476 0181 5F010000 		.4byte	0x15f
 477 0185 05       		.uleb128 0x5
 478 0186 75000000 		.4byte	.LASF32
 479 018a 03       		.byte	0x3
 480 018b 9002     		.2byte	0x290
 481 018d 79010000 		.4byte	0x179
 482 0191 06       		.uleb128 0x6
 483 0192 0C       		.byte	0xc
 484 0193 03       		.byte	0x3
 485 0194 9402     		.2byte	0x294
 486 0196 C0010000 		.4byte	0x1c0
 487 019a 0A       		.uleb128 0xa
 488 019b 6300     		.ascii	"c\000"
 489 019d 03       		.byte	0x3
 490 019e 9602     		.2byte	0x296
 491 01a0 E6000000 		.4byte	0xe6
 492 01a4 00       		.byte	0
 493 01a5 07       		.uleb128 0x7
 494 01a6 65000000 		.4byte	.LASF33
 495 01aa 03       		.byte	0x3
 496 01ab 9802     		.2byte	0x298
 497 01ad DA000000 		.4byte	0xda
 498 01b1 04       		.byte	0x4
 499 01b2 07       		.uleb128 0x7
 500 01b3 00000000 		.4byte	.LASF34
 501 01b7 03       		.byte	0x3
 502 01b8 9A02     		.2byte	0x29a
 503 01ba 85010000 		.4byte	0x185
 504 01be 08       		.byte	0x8
 505 01bf 00       		.byte	0
 506 01c0 05       		.uleb128 0x5
 507 01c1 FE030000 		.4byte	.LASF35
 508 01c5 03       		.byte	0x3
 509 01c6 9B02     		.2byte	0x29b
 510 01c8 91010000 		.4byte	0x191
 511 01cc 06       		.uleb128 0x6
 512 01cd 10       		.byte	0x10
 513 01ce 03       		.byte	0x3
ARM GAS  C:\Users\Reza\AppData\Local\Temp\ccr80zed.s 			page 10


 514 01cf 9F02     		.2byte	0x29f
 515 01d1 0A020000 		.4byte	0x20a
 516 01d5 07       		.uleb128 0x7
 517 01d6 7B040000 		.4byte	.LASF36
 518 01da 03       		.byte	0x3
 519 01db A002     		.2byte	0x2a0
 520 01dd AC000000 		.4byte	0xac
 521 01e1 00       		.byte	0
 522 01e2 07       		.uleb128 0x7
 523 01e3 B8040000 		.4byte	.LASF37
 524 01e7 03       		.byte	0x3
 525 01e8 A102     		.2byte	0x2a1
 526 01ea CE000000 		.4byte	0xce
 527 01ee 04       		.byte	0x4
 528 01ef 07       		.uleb128 0x7
 529 01f0 5F000000 		.4byte	.LASF38
 530 01f4 03       		.byte	0x3
 531 01f5 A202     		.2byte	0x2a2
 532 01f7 CE000000 		.4byte	0xce
 533 01fb 08       		.byte	0x8
 534 01fc 07       		.uleb128 0x7
 535 01fd D9040000 		.4byte	.LASF39
 536 0201 03       		.byte	0x3
 537 0202 A302     		.2byte	0x2a3
 538 0204 DA000000 		.4byte	0xda
 539 0208 0C       		.byte	0xc
 540 0209 00       		.byte	0
 541 020a 05       		.uleb128 0x5
 542 020b 67020000 		.4byte	.LASF40
 543 020f 03       		.byte	0x3
 544 0210 A402     		.2byte	0x2a4
 545 0212 CC010000 		.4byte	0x1cc
 546 0216 0B       		.uleb128 0xb
 547 0217 C2010000 		.4byte	.LASF41
 548 021b 04       		.byte	0x4
 549 021c 44       		.byte	0x44
 550 021d 96000000 		.4byte	0x96
 551 0221 0B       		.uleb128 0xb
 552 0222 44030000 		.4byte	.LASF42
 553 0226 05       		.byte	0x5
 554 0227 48       		.byte	0x48
 555 0228 B7000000 		.4byte	0xb7
 556 022c 0C       		.uleb128 0xc
 557 022d 43020000 		.4byte	0x243
 558 0231 3C020000 		.4byte	0x23c
 559 0235 0D       		.uleb128 0xd
 560 0236 3C020000 		.4byte	0x23c
 561 023a 03       		.byte	0x3
 562 023b 00       		.byte	0
 563 023c 02       		.uleb128 0x2
 564 023d 04       		.byte	0x4
 565 023e 07       		.byte	0x7
 566 023f 56000000 		.4byte	.LASF43
 567 0243 0E       		.uleb128 0xe
 568 0244 96000000 		.4byte	0x96
 569 0248 0B       		.uleb128 0xb
 570 0249 95000000 		.4byte	.LASF44
ARM GAS  C:\Users\Reza\AppData\Local\Temp\ccr80zed.s 			page 11


 571 024d 03       		.byte	0x3
 572 024e B2       		.byte	0xb2
 573 024f 53020000 		.4byte	0x253
 574 0253 0E       		.uleb128 0xe
 575 0254 2C020000 		.4byte	0x22c
 576 0258 0B       		.uleb128 0xb
 577 0259 99040000 		.4byte	.LASF45
 578 025d 03       		.byte	0x3
 579 025e B3       		.byte	0xb3
 580 025f 63020000 		.4byte	0x263
 581 0263 0E       		.uleb128 0xe
 582 0264 2C020000 		.4byte	0x22c
 583 0268 0C       		.uleb128 0xc
 584 0269 96000000 		.4byte	0x96
 585 026d 78020000 		.4byte	0x278
 586 0271 0D       		.uleb128 0xd
 587 0272 3C020000 		.4byte	0x23c
 588 0276 03       		.byte	0x3
 589 0277 00       		.byte	0
 590 0278 0B       		.uleb128 0xb
 591 0279 8C040000 		.4byte	.LASF46
 592 027d 03       		.byte	0x3
 593 027e CA       		.byte	0xca
 594 027f 68020000 		.4byte	0x268
 595 0283 0C       		.uleb128 0xc
 596 0284 B7000000 		.4byte	0xb7
 597 0288 93020000 		.4byte	0x293
 598 028c 0D       		.uleb128 0xd
 599 028d 3C020000 		.4byte	0x23c
 600 0291 03       		.byte	0x3
 601 0292 00       		.byte	0
 602 0293 0B       		.uleb128 0xb
 603 0294 AD040000 		.4byte	.LASF47
 604 0298 03       		.byte	0x3
 605 0299 D2       		.byte	0xd2
 606 029a 83020000 		.4byte	0x283
 607 029e 0B       		.uleb128 0xb
 608 029f 38030000 		.4byte	.LASF48
 609 02a3 03       		.byte	0x3
 610 02a4 DA       		.byte	0xda
 611 02a5 68020000 		.4byte	0x268
 612 02a9 0B       		.uleb128 0xb
 613 02aa 66040000 		.4byte	.LASF49
 614 02ae 03       		.byte	0x3
 615 02af E2       		.byte	0xe2
 616 02b0 B7000000 		.4byte	0xb7
 617 02b4 0B       		.uleb128 0xb
 618 02b5 A5020000 		.4byte	.LASF50
 619 02b9 03       		.byte	0x3
 620 02ba F7       		.byte	0xf7
 621 02bb 96000000 		.4byte	0x96
 622 02bf 0F       		.uleb128 0xf
 623 02c0 05000000 		.4byte	.LASF51
 624 02c4 03       		.byte	0x3
 625 02c5 3F01     		.2byte	0x13f
 626 02c7 C2000000 		.4byte	0xc2
 627 02cb 0F       		.uleb128 0xf
ARM GAS  C:\Users\Reza\AppData\Local\Temp\ccr80zed.s 			page 12


 628 02cc 28000000 		.4byte	.LASF52
 629 02d0 03       		.byte	0x3
 630 02d1 5C01     		.2byte	0x15c
 631 02d3 68020000 		.4byte	0x268
 632 02d7 0C       		.uleb128 0xc
 633 02d8 AC000000 		.4byte	0xac
 634 02dc E7020000 		.4byte	0x2e7
 635 02e0 0D       		.uleb128 0xd
 636 02e1 3C020000 		.4byte	0x23c
 637 02e5 03       		.byte	0x3
 638 02e6 00       		.byte	0
 639 02e7 0F       		.uleb128 0xf
 640 02e8 3B000000 		.4byte	.LASF53
 641 02ec 03       		.byte	0x3
 642 02ed 6701     		.2byte	0x167
 643 02ef D7020000 		.4byte	0x2d7
 644 02f3 0C       		.uleb128 0xc
 645 02f4 03030000 		.4byte	0x303
 646 02f8 03030000 		.4byte	0x303
 647 02fc 0D       		.uleb128 0xd
 648 02fd 3C020000 		.4byte	0x23c
 649 0301 00       		.byte	0
 650 0302 00       		.byte	0
 651 0303 0E       		.uleb128 0xe
 652 0304 23010000 		.4byte	0x123
 653 0308 0F       		.uleb128 0xf
 654 0309 D2020000 		.4byte	.LASF54
 655 030d 03       		.byte	0x3
 656 030e CA02     		.2byte	0x2ca
 657 0310 14030000 		.4byte	0x314
 658 0314 0E       		.uleb128 0xe
 659 0315 F3020000 		.4byte	0x2f3
 660 0319 0C       		.uleb128 0xc
 661 031a 29030000 		.4byte	0x329
 662 031e 29030000 		.4byte	0x329
 663 0322 0D       		.uleb128 0xd
 664 0323 3C020000 		.4byte	0x23c
 665 0327 01       		.byte	0x1
 666 0328 00       		.byte	0
 667 0329 0E       		.uleb128 0xe
 668 032a C0010000 		.4byte	0x1c0
 669 032e 0F       		.uleb128 0xf
 670 032f 8A010000 		.4byte	.LASF55
 671 0333 03       		.byte	0x3
 672 0334 DD02     		.2byte	0x2dd
 673 0336 3A030000 		.4byte	0x33a
 674 033a 0E       		.uleb128 0xe
 675 033b 19030000 		.4byte	0x319
 676 033f 0C       		.uleb128 0xc
 677 0340 53010000 		.4byte	0x153
 678 0344 4F030000 		.4byte	0x34f
 679 0348 0D       		.uleb128 0xd
 680 0349 3C020000 		.4byte	0x23c
 681 034d 00       		.byte	0
 682 034e 00       		.byte	0
 683 034f 0F       		.uleb128 0xf
 684 0350 26040000 		.4byte	.LASF56
ARM GAS  C:\Users\Reza\AppData\Local\Temp\ccr80zed.s 			page 13


 685 0354 03       		.byte	0x3
 686 0355 FB02     		.2byte	0x2fb
 687 0357 3F030000 		.4byte	0x33f
 688 035b 0C       		.uleb128 0xc
 689 035c 0A020000 		.4byte	0x20a
 690 0360 6B030000 		.4byte	0x36b
 691 0364 0D       		.uleb128 0xd
 692 0365 3C020000 		.4byte	0x23c
 693 0369 01       		.byte	0x1
 694 036a 00       		.byte	0
 695 036b 0F       		.uleb128 0xf
 696 036c EF020000 		.4byte	.LASF57
 697 0370 03       		.byte	0x3
 698 0371 0403     		.2byte	0x304
 699 0373 5B030000 		.4byte	0x35b
 700 0377 10       		.uleb128 0x10
 701 0378 C1040000 		.4byte	.LASF58
 702 037c 06       		.byte	0x6
 703 037d 41       		.byte	0x41
 704 037e 96000000 		.4byte	0x96
 705 0382 05       		.uleb128 0x5
 706 0383 03       		.byte	0x3
 707 0384 00000000 		.4byte	EE_oo_IRQ_disable_count
 708 0388 10       		.uleb128 0x10
 709 0389 0D020000 		.4byte	.LASF59
 710 038d 06       		.byte	0x6
 711 038e 48       		.byte	0x48
 712 038f A1000000 		.4byte	0xa1
 713 0393 05       		.uleb128 0x5
 714 0394 03       		.byte	0x3
 715 0395 00000000 		.4byte	EE_oo_IRQ_suspend_status
 716 0399 0B       		.uleb128 0xb
 717 039a 35040000 		.4byte	.LASF60
 718 039e 07       		.byte	0x7
 719 039f 4A       		.byte	0x4a
 720 03a0 96000000 		.4byte	0x96
 721 03a4 0C       		.uleb128 0xc
 722 03a5 B4030000 		.4byte	0x3b4
 723 03a9 B4030000 		.4byte	0x3b4
 724 03ad 0D       		.uleb128 0xd
 725 03ae 3C020000 		.4byte	0x23c
 726 03b2 FF       		.byte	0xff
 727 03b3 00       		.byte	0
 728 03b4 0E       		.uleb128 0xe
 729 03b5 6A000000 		.4byte	0x6a
 730 03b9 10       		.uleb128 0x10
 731 03ba DE040000 		.4byte	.LASF61
 732 03be 06       		.byte	0x6
 733 03bf 51       		.byte	0x51
 734 03c0 CA030000 		.4byte	0x3ca
 735 03c4 05       		.uleb128 0x5
 736 03c5 03       		.byte	0x3
 737 03c6 00000000 		.4byte	EE_rq_lookup
 738 03ca 0E       		.uleb128 0xe
 739 03cb A4030000 		.4byte	0x3a4
 740 03cf 00       		.byte	0
 741              		.section	.debug_abbrev,"",%progbits
ARM GAS  C:\Users\Reza\AppData\Local\Temp\ccr80zed.s 			page 14


 742              	.Ldebug_abbrev0:
 743 0000 01       		.uleb128 0x1
 744 0001 11       		.uleb128 0x11
 745 0002 01       		.byte	0x1
 746 0003 25       		.uleb128 0x25
 747 0004 0E       		.uleb128 0xe
 748 0005 13       		.uleb128 0x13
 749 0006 0B       		.uleb128 0xb
 750 0007 03       		.uleb128 0x3
 751 0008 0E       		.uleb128 0xe
 752 0009 1B       		.uleb128 0x1b
 753 000a 0E       		.uleb128 0xe
 754 000b 10       		.uleb128 0x10
 755 000c 17       		.uleb128 0x17
 756 000d 00       		.byte	0
 757 000e 00       		.byte	0
 758 000f 02       		.uleb128 0x2
 759 0010 24       		.uleb128 0x24
 760 0011 00       		.byte	0
 761 0012 0B       		.uleb128 0xb
 762 0013 0B       		.uleb128 0xb
 763 0014 3E       		.uleb128 0x3e
 764 0015 0B       		.uleb128 0xb
 765 0016 03       		.uleb128 0x3
 766 0017 0E       		.uleb128 0xe
 767 0018 00       		.byte	0
 768 0019 00       		.byte	0
 769 001a 03       		.uleb128 0x3
 770 001b 24       		.uleb128 0x24
 771 001c 00       		.byte	0
 772 001d 0B       		.uleb128 0xb
 773 001e 0B       		.uleb128 0xb
 774 001f 3E       		.uleb128 0x3e
 775 0020 0B       		.uleb128 0xb
 776 0021 03       		.uleb128 0x3
 777 0022 08       		.uleb128 0x8
 778 0023 00       		.byte	0
 779 0024 00       		.byte	0
 780 0025 04       		.uleb128 0x4
 781 0026 16       		.uleb128 0x16
 782 0027 00       		.byte	0
 783 0028 03       		.uleb128 0x3
 784 0029 0E       		.uleb128 0xe
 785 002a 3A       		.uleb128 0x3a
 786 002b 0B       		.uleb128 0xb
 787 002c 3B       		.uleb128 0x3b
 788 002d 0B       		.uleb128 0xb
 789 002e 49       		.uleb128 0x49
 790 002f 13       		.uleb128 0x13
 791 0030 00       		.byte	0
 792 0031 00       		.byte	0
 793 0032 05       		.uleb128 0x5
 794 0033 16       		.uleb128 0x16
 795 0034 00       		.byte	0
 796 0035 03       		.uleb128 0x3
 797 0036 0E       		.uleb128 0xe
 798 0037 3A       		.uleb128 0x3a
ARM GAS  C:\Users\Reza\AppData\Local\Temp\ccr80zed.s 			page 15


 799 0038 0B       		.uleb128 0xb
 800 0039 3B       		.uleb128 0x3b
 801 003a 05       		.uleb128 0x5
 802 003b 49       		.uleb128 0x49
 803 003c 13       		.uleb128 0x13
 804 003d 00       		.byte	0
 805 003e 00       		.byte	0
 806 003f 06       		.uleb128 0x6
 807 0040 13       		.uleb128 0x13
 808 0041 01       		.byte	0x1
 809 0042 0B       		.uleb128 0xb
 810 0043 0B       		.uleb128 0xb
 811 0044 3A       		.uleb128 0x3a
 812 0045 0B       		.uleb128 0xb
 813 0046 3B       		.uleb128 0x3b
 814 0047 05       		.uleb128 0x5
 815 0048 01       		.uleb128 0x1
 816 0049 13       		.uleb128 0x13
 817 004a 00       		.byte	0
 818 004b 00       		.byte	0
 819 004c 07       		.uleb128 0x7
 820 004d 0D       		.uleb128 0xd
 821 004e 00       		.byte	0
 822 004f 03       		.uleb128 0x3
 823 0050 0E       		.uleb128 0xe
 824 0051 3A       		.uleb128 0x3a
 825 0052 0B       		.uleb128 0xb
 826 0053 3B       		.uleb128 0x3b
 827 0054 05       		.uleb128 0x5
 828 0055 49       		.uleb128 0x49
 829 0056 13       		.uleb128 0x13
 830 0057 38       		.uleb128 0x38
 831 0058 0B       		.uleb128 0xb
 832 0059 00       		.byte	0
 833 005a 00       		.byte	0
 834 005b 08       		.uleb128 0x8
 835 005c 04       		.uleb128 0x4
 836 005d 01       		.byte	0x1
 837 005e 0B       		.uleb128 0xb
 838 005f 0B       		.uleb128 0xb
 839 0060 49       		.uleb128 0x49
 840 0061 13       		.uleb128 0x13
 841 0062 3A       		.uleb128 0x3a
 842 0063 0B       		.uleb128 0xb
 843 0064 3B       		.uleb128 0x3b
 844 0065 05       		.uleb128 0x5
 845 0066 01       		.uleb128 0x1
 846 0067 13       		.uleb128 0x13
 847 0068 00       		.byte	0
 848 0069 00       		.byte	0
 849 006a 09       		.uleb128 0x9
 850 006b 28       		.uleb128 0x28
 851 006c 00       		.byte	0
 852 006d 03       		.uleb128 0x3
 853 006e 0E       		.uleb128 0xe
 854 006f 1C       		.uleb128 0x1c
 855 0070 0B       		.uleb128 0xb
ARM GAS  C:\Users\Reza\AppData\Local\Temp\ccr80zed.s 			page 16


 856 0071 00       		.byte	0
 857 0072 00       		.byte	0
 858 0073 0A       		.uleb128 0xa
 859 0074 0D       		.uleb128 0xd
 860 0075 00       		.byte	0
 861 0076 03       		.uleb128 0x3
 862 0077 08       		.uleb128 0x8
 863 0078 3A       		.uleb128 0x3a
 864 0079 0B       		.uleb128 0xb
 865 007a 3B       		.uleb128 0x3b
 866 007b 05       		.uleb128 0x5
 867 007c 49       		.uleb128 0x49
 868 007d 13       		.uleb128 0x13
 869 007e 38       		.uleb128 0x38
 870 007f 0B       		.uleb128 0xb
 871 0080 00       		.byte	0
 872 0081 00       		.byte	0
 873 0082 0B       		.uleb128 0xb
 874 0083 34       		.uleb128 0x34
 875 0084 00       		.byte	0
 876 0085 03       		.uleb128 0x3
 877 0086 0E       		.uleb128 0xe
 878 0087 3A       		.uleb128 0x3a
 879 0088 0B       		.uleb128 0xb
 880 0089 3B       		.uleb128 0x3b
 881 008a 0B       		.uleb128 0xb
 882 008b 49       		.uleb128 0x49
 883 008c 13       		.uleb128 0x13
 884 008d 3F       		.uleb128 0x3f
 885 008e 19       		.uleb128 0x19
 886 008f 3C       		.uleb128 0x3c
 887 0090 19       		.uleb128 0x19
 888 0091 00       		.byte	0
 889 0092 00       		.byte	0
 890 0093 0C       		.uleb128 0xc
 891 0094 01       		.uleb128 0x1
 892 0095 01       		.byte	0x1
 893 0096 49       		.uleb128 0x49
 894 0097 13       		.uleb128 0x13
 895 0098 01       		.uleb128 0x1
 896 0099 13       		.uleb128 0x13
 897 009a 00       		.byte	0
 898 009b 00       		.byte	0
 899 009c 0D       		.uleb128 0xd
 900 009d 21       		.uleb128 0x21
 901 009e 00       		.byte	0
 902 009f 49       		.uleb128 0x49
 903 00a0 13       		.uleb128 0x13
 904 00a1 2F       		.uleb128 0x2f
 905 00a2 0B       		.uleb128 0xb
 906 00a3 00       		.byte	0
 907 00a4 00       		.byte	0
 908 00a5 0E       		.uleb128 0xe
 909 00a6 26       		.uleb128 0x26
 910 00a7 00       		.byte	0
 911 00a8 49       		.uleb128 0x49
 912 00a9 13       		.uleb128 0x13
ARM GAS  C:\Users\Reza\AppData\Local\Temp\ccr80zed.s 			page 17


 913 00aa 00       		.byte	0
 914 00ab 00       		.byte	0
 915 00ac 0F       		.uleb128 0xf
 916 00ad 34       		.uleb128 0x34
 917 00ae 00       		.byte	0
 918 00af 03       		.uleb128 0x3
 919 00b0 0E       		.uleb128 0xe
 920 00b1 3A       		.uleb128 0x3a
 921 00b2 0B       		.uleb128 0xb
 922 00b3 3B       		.uleb128 0x3b
 923 00b4 05       		.uleb128 0x5
 924 00b5 49       		.uleb128 0x49
 925 00b6 13       		.uleb128 0x13
 926 00b7 3F       		.uleb128 0x3f
 927 00b8 19       		.uleb128 0x19
 928 00b9 3C       		.uleb128 0x3c
 929 00ba 19       		.uleb128 0x19
 930 00bb 00       		.byte	0
 931 00bc 00       		.byte	0
 932 00bd 10       		.uleb128 0x10
 933 00be 34       		.uleb128 0x34
 934 00bf 00       		.byte	0
 935 00c0 03       		.uleb128 0x3
 936 00c1 0E       		.uleb128 0xe
 937 00c2 3A       		.uleb128 0x3a
 938 00c3 0B       		.uleb128 0xb
 939 00c4 3B       		.uleb128 0x3b
 940 00c5 0B       		.uleb128 0xb
 941 00c6 49       		.uleb128 0x49
 942 00c7 13       		.uleb128 0x13
 943 00c8 3F       		.uleb128 0x3f
 944 00c9 19       		.uleb128 0x19
 945 00ca 02       		.uleb128 0x2
 946 00cb 18       		.uleb128 0x18
 947 00cc 00       		.byte	0
 948 00cd 00       		.byte	0
 949 00ce 00       		.byte	0
 950              		.section	.debug_aranges,"",%progbits
 951 0000 14000000 		.4byte	0x14
 952 0004 0200     		.2byte	0x2
 953 0006 00000000 		.4byte	.Ldebug_info0
 954 000a 04       		.byte	0x4
 955 000b 00       		.byte	0
 956 000c 0000     		.2byte	0
 957 000e 0000     		.2byte	0
 958 0010 00000000 		.4byte	0
 959 0014 00000000 		.4byte	0
 960              		.section	.debug_line,"",%progbits
 961              	.Ldebug_line0:
 962 0000 15010000 		.section	.debug_str,"MS",%progbits,1
 962      02000F01 
 962      00000201 
 962      FB0E0D00 
 962      01010101 
 963              	.LASF34:
 964 0000 6B696E64 		.ascii	"kind\000"
 964      00
ARM GAS  C:\Users\Reza\AppData\Local\Temp\ccr80zed.s 			page 18


 965              	.LASF51:
 966 0005 45455F72 		.ascii	"EE_rq_bitmask\000"
 966      715F6269 
 966      746D6173 
 966      6B00
 967              	.LASF14:
 968 0013 45455F55 		.ascii	"EE_UREG\000"
 968      52454700 
 969              	.LASF23:
 970 001b 7469636B 		.ascii	"ticksperbase\000"
 970      73706572 
 970      62617365 
 970      00
 971              	.LASF52:
 972 0028 45455F74 		.ascii	"EE_th_event_active\000"
 972      685F6576 
 972      656E745F 
 972      61637469 
 972      766500
 973              	.LASF53:
 974 003b 45455F74 		.ascii	"EE_th_waswaiting\000"
 974      685F7761 
 974      73776169 
 974      74696E67 
 974      00
 975              	.LASF2:
 976 004c 73686F72 		.ascii	"short int\000"
 976      7420696E 
 976      7400
 977              	.LASF43:
 978 0056 73697A65 		.ascii	"sizetype\000"
 978      74797065 
 978      00
 979              	.LASF38:
 980 005f 64656C74 		.ascii	"delta\000"
 980      6100
 981              	.LASF33:
 982 0065 73706563 		.ascii	"spec_id\000"
 982      5F696400 
 983              	.LASF15:
 984 006d 45455F46 		.ascii	"EE_FREG\000"
 984      52454700 
 985              	.LASF32:
 986 0075 436F756E 		.ascii	"CounterObjectKindType\000"
 986      7465724F 
 986      626A6563 
 986      744B696E 
 986      64547970 
 987              	.LASF13:
 988 008b 45455F55 		.ascii	"EE_UINT32\000"
 988      494E5433 
 988      3200
 989              	.LASF44:
 990 0095 45455F74 		.ascii	"EE_th_ready_prio\000"
 990      685F7265 
 990      6164795F 
 990      7072696F 
ARM GAS  C:\Users\Reza\AppData\Local\Temp\ccr80zed.s 			page 19


 990      00
 991              	.LASF63:
 992 00a6 47656E65 		.ascii	"Generated_Source\\PSoC5\\ErikaOS_1_ee_lookup.c\000"
 992      72617465 
 992      645F536F 
 992      75726365 
 992      5C50536F 
 993              	.LASF24:
 994 00d3 6D696E63 		.ascii	"mincycle\000"
 994      79636C65 
 994      00
 995              	.LASF26:
 996 00dc 76616C75 		.ascii	"value\000"
 996      6500
 997              	.LASF64:
 998 00e2 443A5C48 		.ascii	"D:\\H_da\\Winter Semester\\MM03 Advanced Microcontr"
 998      5F64615C 
 998      57696E74 
 998      65722053 
 998      656D6573 
 999 0112 6F6C6C65 		.ascii	"oller Systems and Embedded Operating Systems\\Lectu"
 999      72205379 
 999      7374656D 
 999      7320616E 
 999      6420456D 
 1000 0144 72652050 		.ascii	"re Prof. Fromm\\workspace\\workspace_psoc\\Reaction"
 1000      726F662E 
 1000      2046726F 
 1000      6D6D5C77 
 1000      6F726B73 
 1001 0174 47616D65 		.ascii	"Game_with erika.cydsn\000"
 1001      5F776974 
 1001      68206572 
 1001      696B612E 
 1001      63796473 
 1002              	.LASF55:
 1003 018a 45455F6F 		.ascii	"EE_oo_counter_object_ROM\000"
 1003      6F5F636F 
 1003      756E7465 
 1003      725F6F62 
 1003      6A656374 
 1004              	.LASF31:
 1005 01a3 45455F6F 		.ascii	"EE_oo_counter_object_kind_type\000"
 1005      6F5F636F 
 1005      756E7465 
 1005      725F6F62 
 1005      6A656374 
 1006              	.LASF41:
 1007 01c2 45455F49 		.ascii	"EE_IRQ_nesting_level\000"
 1007      52515F6E 
 1007      65737469 
 1007      6E675F6C 
 1007      6576656C 
 1008              	.LASF12:
 1009 01d7 45455F49 		.ascii	"EE_INT32\000"
 1009      4E543332 
 1009      00
ARM GAS  C:\Users\Reza\AppData\Local\Temp\ccr80zed.s 			page 20


 1010              	.LASF28:
 1011 01e0 45455F6F 		.ascii	"EE_oo_counter_RAM_type\000"
 1011      6F5F636F 
 1011      756E7465 
 1011      725F5241 
 1011      4D5F7479 
 1012              	.LASF6:
 1013 01f7 6C6F6E67 		.ascii	"long long int\000"
 1013      206C6F6E 
 1013      6720696E 
 1013      7400
 1014              	.LASF10:
 1015 0205 45455F49 		.ascii	"EE_INT8\000"
 1015      4E543800 
 1016              	.LASF59:
 1017 020d 45455F6F 		.ascii	"EE_oo_IRQ_suspend_status\000"
 1017      6F5F4952 
 1017      515F7375 
 1017      7370656E 
 1017      645F7374 
 1018              	.LASF18:
 1019 0226 45455F54 		.ascii	"EE_TYPE_RQ_MASK\000"
 1019      5950455F 
 1019      52515F4D 
 1019      41534B00 
 1020              	.LASF30:
 1021 0236 45455F53 		.ascii	"EE_SCHEDULETABLE\000"
 1021      43484544 
 1021      554C4554 
 1021      41424C45 
 1021      00
 1022              	.LASF4:
 1023 0247 6C6F6E67 		.ascii	"long int\000"
 1023      20696E74 
 1023      00
 1024              	.LASF22:
 1025 0250 6D617861 		.ascii	"maxallowedvalue\000"
 1025      6C6C6F77 
 1025      65647661 
 1025      6C756500 
 1026              	.LASF17:
 1027 0260 45455F54 		.ascii	"EE_TID\000"
 1027      494400
 1028              	.LASF40:
 1029 0267 45455F6F 		.ascii	"EE_oo_counter_object_RAM_type\000"
 1029      6F5F636F 
 1029      756E7465 
 1029      725F6F62 
 1029      6A656374 
 1030              	.LASF25:
 1031 0285 45455F6F 		.ascii	"EE_oo_counter_ROM_type\000"
 1031      6F5F636F 
 1031      756E7465 
 1031      725F524F 
 1031      4D5F7479 
 1032              	.LASF19:
 1033 029c 5469636B 		.ascii	"TickType\000"
ARM GAS  C:\Users\Reza\AppData\Local\Temp\ccr80zed.s 			page 21


 1033      54797065 
 1033      00
 1034              	.LASF50:
 1035 02a5 45455F73 		.ascii	"EE_sys_ceiling\000"
 1035      79735F63 
 1035      65696C69 
 1035      6E6700
 1036              	.LASF20:
 1037 02b4 436F756E 		.ascii	"CounterObjectType\000"
 1037      7465724F 
 1037      626A6563 
 1037      74547970 
 1037      6500
 1038              	.LASF9:
 1039 02c6 6C6F6E67 		.ascii	"long double\000"
 1039      20646F75 
 1039      626C6500 
 1040              	.LASF54:
 1041 02d2 45455F63 		.ascii	"EE_counter_ROM\000"
 1041      6F756E74 
 1041      65725F52 
 1041      4F4D00
 1042              	.LASF1:
 1043 02e1 756E7369 		.ascii	"unsigned char\000"
 1043      676E6564 
 1043      20636861 
 1043      7200
 1044              	.LASF57:
 1045 02ef 45455F6F 		.ascii	"EE_oo_counter_object_RAM\000"
 1045      6F5F636F 
 1045      756E7465 
 1045      725F6F62 
 1045      6A656374 
 1046              	.LASF0:
 1047 0308 7369676E 		.ascii	"signed char\000"
 1047      65642063 
 1047      68617200 
 1048              	.LASF7:
 1049 0314 6C6F6E67 		.ascii	"long long unsigned int\000"
 1049      206C6F6E 
 1049      6720756E 
 1049      7369676E 
 1049      65642069 
 1050              	.LASF8:
 1051 032b 756E7369 		.ascii	"unsigned int\000"
 1051      676E6564 
 1051      20696E74 
 1051      00
 1052              	.LASF48:
 1053 0338 45455F74 		.ascii	"EE_th_rnact\000"
 1053      685F726E 
 1053      61637400 
 1054              	.LASF42:
 1055 0344 45455F73 		.ascii	"EE_std_endcycle_next_tid\000"
 1055      74645F65 
 1055      6E646379 
 1055      636C655F 
ARM GAS  C:\Users\Reza\AppData\Local\Temp\ccr80zed.s 			page 22


 1055      6E657874 
 1056              	.LASF62:
 1057 035d 474E5520 		.ascii	"GNU C11 5.4.1 20160609 (release) [ARM/embedded-5-br"
 1057      43313120 
 1057      352E342E 
 1057      31203230 
 1057      31363036 
 1058 0390 616E6368 		.ascii	"anch revision 237715] -mcpu=cortex-m3 -mthumb -g -O"
 1058      20726576 
 1058      6973696F 
 1058      6E203233 
 1058      37373135 
 1059 03c3 73202D66 		.ascii	"s -ffunction-sections -ffat-lto-objects\000"
 1059      66756E63 
 1059      74696F6E 
 1059      2D736563 
 1059      74696F6E 
 1060              	.LASF3:
 1061 03eb 73686F72 		.ascii	"short unsigned int\000"
 1061      7420756E 
 1061      7369676E 
 1061      65642069 
 1061      6E7400
 1062              	.LASF35:
 1063 03fe 45455F6F 		.ascii	"EE_oo_counter_object_ROM_type\000"
 1063      6F5F636F 
 1063      756E7465 
 1063      725F6F62 
 1063      6A656374 
 1064              	.LASF11:
 1065 041c 45455F55 		.ascii	"EE_UINT16\000"
 1065      494E5431 
 1065      3600
 1066              	.LASF56:
 1067 0426 45455F63 		.ascii	"EE_counter_RAM\000"
 1067      6F756E74 
 1067      65725F52 
 1067      414D00
 1068              	.LASF60:
 1069 0435 45455F41 		.ascii	"EE_ApplicationMode\000"
 1069      70706C69 
 1069      63617469 
 1069      6F6E4D6F 
 1069      646500
 1070              	.LASF5:
 1071 0448 6C6F6E67 		.ascii	"long unsigned int\000"
 1071      20756E73 
 1071      69676E65 
 1071      6420696E 
 1071      7400
 1072              	.LASF16:
 1073 045a 45455F54 		.ascii	"EE_TYPEBOOL\000"
 1073      59504542 
 1073      4F4F4C00 
 1074              	.LASF49:
 1075 0466 45455F73 		.ascii	"EE_stkfirst\000"
 1075      746B6669 
ARM GAS  C:\Users\Reza\AppData\Local\Temp\ccr80zed.s 			page 23


 1075      72737400 
 1076              	.LASF29:
 1077 0472 45455F41 		.ascii	"EE_ALARM\000"
 1077      4C41524D 
 1077      00
 1078              	.LASF36:
 1079 047b 75736564 		.ascii	"used\000"
 1079      00
 1080              	.LASF21:
 1081 0480 436F756E 		.ascii	"CounterType\000"
 1081      74657254 
 1081      79706500 
 1082              	.LASF46:
 1083 048c 45455F74 		.ascii	"EE_th_status\000"
 1083      685F7374 
 1083      61747573 
 1083      00
 1084              	.LASF45:
 1085 0499 45455F74 		.ascii	"EE_th_dispatch_prio\000"
 1085      685F6469 
 1085      73706174 
 1085      63685F70 
 1085      72696F00 
 1086              	.LASF47:
 1087 04ad 45455F74 		.ascii	"EE_th_next\000"
 1087      685F6E65 
 1087      787400
 1088              	.LASF37:
 1089 04b8 636E7463 		.ascii	"cntcycle\000"
 1089      79636C65 
 1089      00
 1090              	.LASF58:
 1091 04c1 45455F6F 		.ascii	"EE_oo_IRQ_disable_count\000"
 1091      6F5F4952 
 1091      515F6469 
 1091      7361626C 
 1091      655F636F 
 1092              	.LASF39:
 1093 04d9 6E657874 		.ascii	"next\000"
 1093      00
 1094              	.LASF61:
 1095 04de 45455F72 		.ascii	"EE_rq_lookup\000"
 1095      715F6C6F 
 1095      6F6B7570 
 1095      00
 1096              	.LASF27:
 1097 04eb 66697273 		.ascii	"first\000"
 1097      7400
 1098              		.ident	"GCC: (GNU Tools for ARM Embedded Processors) 5.4.1 20160609 (release) [ARM/embedded-5-bran
