ARM GAS  C:\Users\Reza\AppData\Local\Temp\ccEiVEeC.s 			page 1


   1              		.syntax unified
   2              		.cpu cortex-m3
   3              		.fpu softvfp
   4              		.eabi_attribute 20, 1
   5              		.eabi_attribute 21, 1
   6              		.eabi_attribute 23, 3
   7              		.eabi_attribute 24, 1
   8              		.eabi_attribute 25, 1
   9              		.eabi_attribute 26, 1
  10              		.eabi_attribute 30, 4
  11              		.eabi_attribute 34, 1
  12              		.eabi_attribute 18, 4
  13              		.thumb
  14              		.syntax unified
  15              		.file	"ErikaOS_1_ee_rq_inser.c"
  16              		.text
  17              	.Ltext0:
  18              		.cfi_sections	.debug_frame
  19              		.section	.text.EE_rq_insert,"ax",%progbits
  20              		.align	1
  21              		.global	EE_rq_insert
  22              		.thumb
  23              		.thumb_func
  24              		.type	EE_rq_insert, %function
  25              	EE_rq_insert:
  26              	.LFB70:
  27              		.file 1 "Generated_Source\\PSoC5\\ErikaOS_1_ee_rq_inser.c"
   1:Generated_Source\PSoC5/ErikaOS_1_ee_rq_inser.c **** /* ###*B*###
   2:Generated_Source\PSoC5/ErikaOS_1_ee_rq_inser.c ****  * ERIKA Enterprise - a tiny RTOS for small microcontrollers
   3:Generated_Source\PSoC5/ErikaOS_1_ee_rq_inser.c ****  *
   4:Generated_Source\PSoC5/ErikaOS_1_ee_rq_inser.c ****  * Copyright (C) 2002-2008  Evidence Srl
   5:Generated_Source\PSoC5/ErikaOS_1_ee_rq_inser.c ****  *
   6:Generated_Source\PSoC5/ErikaOS_1_ee_rq_inser.c ****  * This file is part of ERIKA Enterprise.
   7:Generated_Source\PSoC5/ErikaOS_1_ee_rq_inser.c ****  *
   8:Generated_Source\PSoC5/ErikaOS_1_ee_rq_inser.c ****  * ERIKA Enterprise is free software; you can redistribute it
   9:Generated_Source\PSoC5/ErikaOS_1_ee_rq_inser.c ****  * and/or modify it under the terms of the GNU General Public License
  10:Generated_Source\PSoC5/ErikaOS_1_ee_rq_inser.c ****  * version 2 as published by the Free Software Foundation, 
  11:Generated_Source\PSoC5/ErikaOS_1_ee_rq_inser.c ****  * (with a special exception described below).
  12:Generated_Source\PSoC5/ErikaOS_1_ee_rq_inser.c ****  *
  13:Generated_Source\PSoC5/ErikaOS_1_ee_rq_inser.c ****  * Linking this code statically or dynamically with other modules is
  14:Generated_Source\PSoC5/ErikaOS_1_ee_rq_inser.c ****  * making a combined work based on this code.  Thus, the terms and
  15:Generated_Source\PSoC5/ErikaOS_1_ee_rq_inser.c ****  * conditions of the GNU General Public License cover the whole
  16:Generated_Source\PSoC5/ErikaOS_1_ee_rq_inser.c ****  * combination.
  17:Generated_Source\PSoC5/ErikaOS_1_ee_rq_inser.c ****  *
  18:Generated_Source\PSoC5/ErikaOS_1_ee_rq_inser.c ****  * As a special exception, the copyright holders of this library give you
  19:Generated_Source\PSoC5/ErikaOS_1_ee_rq_inser.c ****  * permission to link this code with independent modules to produce an
  20:Generated_Source\PSoC5/ErikaOS_1_ee_rq_inser.c ****  * executable, regardless of the license terms of these independent
  21:Generated_Source\PSoC5/ErikaOS_1_ee_rq_inser.c ****  * modules, and to copy and distribute the resulting executable under
  22:Generated_Source\PSoC5/ErikaOS_1_ee_rq_inser.c ****  * terms of your choice, provided that you also meet, for each linked
  23:Generated_Source\PSoC5/ErikaOS_1_ee_rq_inser.c ****  * independent module, the terms and conditions of the license of that
  24:Generated_Source\PSoC5/ErikaOS_1_ee_rq_inser.c ****  * module.  An independent module is a module which is not derived from
  25:Generated_Source\PSoC5/ErikaOS_1_ee_rq_inser.c ****  * or based on this library.  If you modify this code, you may extend
  26:Generated_Source\PSoC5/ErikaOS_1_ee_rq_inser.c ****  * this exception to your version of the code, but you are not
  27:Generated_Source\PSoC5/ErikaOS_1_ee_rq_inser.c ****  * obligated to do so.  If you do not wish to do so, delete this
  28:Generated_Source\PSoC5/ErikaOS_1_ee_rq_inser.c ****  * exception statement from your version.
  29:Generated_Source\PSoC5/ErikaOS_1_ee_rq_inser.c ****  *
  30:Generated_Source\PSoC5/ErikaOS_1_ee_rq_inser.c ****  * ERIKA Enterprise is distributed in the hope that it will be
ARM GAS  C:\Users\Reza\AppData\Local\Temp\ccEiVEeC.s 			page 2


  31:Generated_Source\PSoC5/ErikaOS_1_ee_rq_inser.c ****  * useful, but WITHOUT ANY WARRANTY; without even the implied warranty
  32:Generated_Source\PSoC5/ErikaOS_1_ee_rq_inser.c ****  * of MERCHANTABILITY or FITNESS FOR A PARTICULAR PURPOSE.  See the
  33:Generated_Source\PSoC5/ErikaOS_1_ee_rq_inser.c ****  * GNU General Public License version 2 for more details.
  34:Generated_Source\PSoC5/ErikaOS_1_ee_rq_inser.c ****  *
  35:Generated_Source\PSoC5/ErikaOS_1_ee_rq_inser.c ****  * You should have received a copy of the GNU General Public License
  36:Generated_Source\PSoC5/ErikaOS_1_ee_rq_inser.c ****  * version 2 along with ERIKA Enterprise; if not, write to the
  37:Generated_Source\PSoC5/ErikaOS_1_ee_rq_inser.c ****  * Free Software Foundation, Inc., 51 Franklin Street, Fifth Floor,
  38:Generated_Source\PSoC5/ErikaOS_1_ee_rq_inser.c ****  * Boston, MA 02110-1301 USA.
  39:Generated_Source\PSoC5/ErikaOS_1_ee_rq_inser.c ****  * ###*E*### */
  40:Generated_Source\PSoC5/ErikaOS_1_ee_rq_inser.c **** 
  41:Generated_Source\PSoC5/ErikaOS_1_ee_rq_inser.c **** /*
  42:Generated_Source\PSoC5/ErikaOS_1_ee_rq_inser.c ****  * Author: 2002-2004 Paolo Gai
  43:Generated_Source\PSoC5/ErikaOS_1_ee_rq_inser.c ****  * CVS: $Id: ee_rq_inser.c,v 1.1 2005/07/16 12:23:42 pj Exp $
  44:Generated_Source\PSoC5/ErikaOS_1_ee_rq_inser.c ****  */
  45:Generated_Source\PSoC5/ErikaOS_1_ee_rq_inser.c **** 
  46:Generated_Source\PSoC5/ErikaOS_1_ee_rq_inser.c **** /*
  47:Generated_Source\PSoC5/ErikaOS_1_ee_rq_inser.c ****  * PSoC Port and API Generation
  48:Generated_Source\PSoC5/ErikaOS_1_ee_rq_inser.c ****  * Carlos Fernando Meier Martinez
  49:Generated_Source\PSoC5/ErikaOS_1_ee_rq_inser.c ****  * Hochschule Darmstadt, Germany. 2017.
  50:Generated_Source\PSoC5/ErikaOS_1_ee_rq_inser.c ****  */
  51:Generated_Source\PSoC5/ErikaOS_1_ee_rq_inser.c **** 
  52:Generated_Source\PSoC5/ErikaOS_1_ee_rq_inser.c **** #include "ErikaOS_1_ee_internal.inc"
  53:Generated_Source\PSoC5/ErikaOS_1_ee_rq_inser.c **** 
  54:Generated_Source\PSoC5/ErikaOS_1_ee_rq_inser.c **** #ifndef __PRIVATE_RQ_INSERT__
  55:Generated_Source\PSoC5/ErikaOS_1_ee_rq_inser.c **** 
  56:Generated_Source\PSoC5/ErikaOS_1_ee_rq_inser.c **** #if (defined(__OO_BCC1__)) || (defined(__OO_ECC1__))
  57:Generated_Source\PSoC5/ErikaOS_1_ee_rq_inser.c **** /* this function inserts a task into the ready queue */
  58:Generated_Source\PSoC5/ErikaOS_1_ee_rq_inser.c **** void EE_rq_insert(EE_TID t)
  59:Generated_Source\PSoC5/ErikaOS_1_ee_rq_inser.c **** {
  60:Generated_Source\PSoC5/ErikaOS_1_ee_rq_inser.c ****   EE_TYPEPRIO prio;
  61:Generated_Source\PSoC5/ErikaOS_1_ee_rq_inser.c ****   EE_TID p,q;
  62:Generated_Source\PSoC5/ErikaOS_1_ee_rq_inser.c **** 
  63:Generated_Source\PSoC5/ErikaOS_1_ee_rq_inser.c ****   p = EE_NIL;
  64:Generated_Source\PSoC5/ErikaOS_1_ee_rq_inser.c ****   q = EE_rq_first;
  65:Generated_Source\PSoC5/ErikaOS_1_ee_rq_inser.c ****   prio = EE_th_ready_prio[t];
  66:Generated_Source\PSoC5/ErikaOS_1_ee_rq_inser.c **** 
  67:Generated_Source\PSoC5/ErikaOS_1_ee_rq_inser.c ****   while ((q != EE_NIL) && (prio <= EE_th_ready_prio[q])) {
  68:Generated_Source\PSoC5/ErikaOS_1_ee_rq_inser.c ****     p = q;
  69:Generated_Source\PSoC5/ErikaOS_1_ee_rq_inser.c ****     q = EE_th_next[q];
  70:Generated_Source\PSoC5/ErikaOS_1_ee_rq_inser.c ****   }
  71:Generated_Source\PSoC5/ErikaOS_1_ee_rq_inser.c **** 
  72:Generated_Source\PSoC5/ErikaOS_1_ee_rq_inser.c ****   if (p != EE_NIL) {
  73:Generated_Source\PSoC5/ErikaOS_1_ee_rq_inser.c ****     EE_th_next[p] = t;
  74:Generated_Source\PSoC5/ErikaOS_1_ee_rq_inser.c ****   } else {
  75:Generated_Source\PSoC5/ErikaOS_1_ee_rq_inser.c ****     EE_rq_first = t;
  76:Generated_Source\PSoC5/ErikaOS_1_ee_rq_inser.c ****   }
  77:Generated_Source\PSoC5/ErikaOS_1_ee_rq_inser.c **** 
  78:Generated_Source\PSoC5/ErikaOS_1_ee_rq_inser.c ****   EE_th_next[t] = q;
  79:Generated_Source\PSoC5/ErikaOS_1_ee_rq_inser.c **** }
  80:Generated_Source\PSoC5/ErikaOS_1_ee_rq_inser.c **** #endif
  81:Generated_Source\PSoC5/ErikaOS_1_ee_rq_inser.c **** 
  82:Generated_Source\PSoC5/ErikaOS_1_ee_rq_inser.c **** #if (defined(__OO_BCC2__)) || (defined(__OO_ECC2__))
  83:Generated_Source\PSoC5/ErikaOS_1_ee_rq_inser.c **** void EE_rq_insert(EE_TID t)
  84:Generated_Source\PSoC5/ErikaOS_1_ee_rq_inser.c **** {
  28              		.loc 1 84 0
  29              		.cfi_startproc
  30              		@ args = 0, pretend = 0, frame = 0
ARM GAS  C:\Users\Reza\AppData\Local\Temp\ccEiVEeC.s 			page 3


  31              		@ frame_needed = 0, uses_anonymous_args = 0
  32              	.LVL0:
  85:Generated_Source\PSoC5/ErikaOS_1_ee_rq_inser.c ****   EE_TYPEPAIR temp;
  86:Generated_Source\PSoC5/ErikaOS_1_ee_rq_inser.c ****   EE_TYPEPRIO p;
  87:Generated_Source\PSoC5/ErikaOS_1_ee_rq_inser.c ****   
  88:Generated_Source\PSoC5/ErikaOS_1_ee_rq_inser.c ****   p = EE_rq_link[t];
  89:Generated_Source\PSoC5/ErikaOS_1_ee_rq_inser.c **** 
  90:Generated_Source\PSoC5/ErikaOS_1_ee_rq_inser.c ****   /* take a free pair */
  91:Generated_Source\PSoC5/ErikaOS_1_ee_rq_inser.c ****   temp = EE_rq_free;
  33              		.loc 1 91 0
  34 0000 134A     		ldr	r2, .L5
  88:Generated_Source\PSoC5/ErikaOS_1_ee_rq_inser.c **** 
  35              		.loc 1 88 0
  36 0002 144B     		ldr	r3, .L5+4
  84:Generated_Source\PSoC5/ErikaOS_1_ee_rq_inser.c ****   EE_TYPEPAIR temp;
  37              		.loc 1 84 0
  38 0004 30B5     		push	{r4, r5, lr}
  39              		.cfi_def_cfa_offset 12
  40              		.cfi_offset 4, -12
  41              		.cfi_offset 5, -8
  42              		.cfi_offset 14, -4
  88:Generated_Source\PSoC5/ErikaOS_1_ee_rq_inser.c **** 
  43              		.loc 1 88 0
  44 0006 53F82010 		ldr	r1, [r3, r0, lsl #2]
  45              	.LVL1:
  92:Generated_Source\PSoC5/ErikaOS_1_ee_rq_inser.c ****   EE_rq_free = EE_rq_pairs_next[EE_rq_free];
  46              		.loc 1 92 0
  47 000a 134C     		ldr	r4, .L5+8
  91:Generated_Source\PSoC5/ErikaOS_1_ee_rq_inser.c ****   EE_rq_free = EE_rq_pairs_next[EE_rq_free];
  48              		.loc 1 91 0
  49 000c 1368     		ldr	r3, [r2]
  50              	.LVL2:
  51              		.loc 1 92 0
  52 000e 54F82350 		ldr	r5, [r4, r3, lsl #2]
  53 0012 1560     		str	r5, [r2]
  93:Generated_Source\PSoC5/ErikaOS_1_ee_rq_inser.c **** 
  94:Generated_Source\PSoC5/ErikaOS_1_ee_rq_inser.c ****   /* fill it with the TID */
  95:Generated_Source\PSoC5/ErikaOS_1_ee_rq_inser.c ****   EE_rq_pairs_tid[temp] = t;
  54              		.loc 1 95 0
  55 0014 114A     		ldr	r2, .L5+12
  56 0016 42F82300 		str	r0, [r2, r3, lsl #2]
  96:Generated_Source\PSoC5/ErikaOS_1_ee_rq_inser.c ****   EE_rq_pairs_next[temp] = -1;
  57              		.loc 1 96 0
  58 001a 4FF0FF32 		mov	r2, #-1
  59 001e 44F82320 		str	r2, [r4, r3, lsl #2]
  97:Generated_Source\PSoC5/ErikaOS_1_ee_rq_inser.c **** 
  98:Generated_Source\PSoC5/ErikaOS_1_ee_rq_inser.c ****   /* put it at the tail of its priority queue */
  99:Generated_Source\PSoC5/ErikaOS_1_ee_rq_inser.c ****   if (EE_rq_queues_tail[p] == (EE_SREG)-1) {
  60              		.loc 1 99 0
  61 0022 0F4A     		ldr	r2, .L5+16
  62 0024 52F82150 		ldr	r5, [r2, r1, lsl #2]
  63 0028 B5F1FF3F 		cmp	r5, #-1
  64 002c 0AD1     		bne	.L2
 100:Generated_Source\PSoC5/ErikaOS_1_ee_rq_inser.c ****     /* no tasks in this priority queue */
 101:Generated_Source\PSoC5/ErikaOS_1_ee_rq_inser.c ****     /* set the bit field to say that a task is in the right queue */
 102:Generated_Source\PSoC5/ErikaOS_1_ee_rq_inser.c ****     EE_rq_bitmask |= (EE_TYPE_RQ_MASK)EE_th_ready_prio[t];
  65              		.loc 1 102 0
ARM GAS  C:\Users\Reza\AppData\Local\Temp\ccEiVEeC.s 			page 4


  66 002e 0D4C     		ldr	r4, .L5+20
  67 0030 0D4D     		ldr	r5, .L5+24
  68 0032 55F82050 		ldr	r5, [r5, r0, lsl #2]
  69 0036 2088     		ldrh	r0, [r4]
  70              	.LVL3:
  71 0038 2843     		orrs	r0, r0, r5
  72 003a 2080     		strh	r0, [r4]	@ movhi
 103:Generated_Source\PSoC5/ErikaOS_1_ee_rq_inser.c ****     EE_rq_queues_head[p] = temp;
  73              		.loc 1 103 0
  74 003c 0B48     		ldr	r0, .L5+28
  75 003e 40F82130 		str	r3, [r0, r1, lsl #2]
  76 0042 01E0     		b	.L3
  77              	.LVL4:
  78              	.L2:
 104:Generated_Source\PSoC5/ErikaOS_1_ee_rq_inser.c ****   } else {
 105:Generated_Source\PSoC5/ErikaOS_1_ee_rq_inser.c ****     EE_rq_pairs_next[EE_rq_queues_tail[p]] = temp;
  79              		.loc 1 105 0
  80 0044 44F82530 		str	r3, [r4, r5, lsl #2]
  81              	.LVL5:
  82              	.L3:
 106:Generated_Source\PSoC5/ErikaOS_1_ee_rq_inser.c ****   }
 107:Generated_Source\PSoC5/ErikaOS_1_ee_rq_inser.c ****   EE_rq_queues_tail[p] = temp;
  83              		.loc 1 107 0
  84 0048 42F82130 		str	r3, [r2, r1, lsl #2]
  85 004c 30BD     		pop	{r4, r5, pc}
  86              	.L6:
  87 004e 00BF     		.align	2
  88              	.L5:
  89 0050 00000000 		.word	EE_rq_free
  90 0054 00000000 		.word	EE_rq_link
  91 0058 00000000 		.word	EE_rq_pairs_next
  92 005c 00000000 		.word	EE_rq_pairs_tid
  93 0060 00000000 		.word	EE_rq_queues_tail
  94 0064 00000000 		.word	EE_rq_bitmask
  95 0068 00000000 		.word	EE_th_ready_prio
  96 006c 00000000 		.word	EE_rq_queues_head
  97              		.cfi_endproc
  98              	.LFE70:
  99              		.size	EE_rq_insert, .-EE_rq_insert
 100              		.text
 101              	.Letext0:
 102              		.file 2 "Generated_Source\\PSoC5\\ErikaOS_1_common_ee_types.inc"
 103              		.file 3 "Generated_Source\\PSoC5\\ErikaOS_1_cortex_mx_ee_cpu.inc"
 104              		.file 4 "Generated_Source\\PSoC5\\ErikaOS_1_ee_oo_common.inc"
 105              		.file 5 "Generated_Source\\PSoC5\\ErikaOS_1_common_ee_primitives.inc"
 106              		.file 6 "Generated_Source\\PSoC5\\ErikaOS_1_cortex_mx_ee_context.inc"
 107              		.file 7 "Generated_Source\\PSoC5\\ErikaOS_1_ee_oo_intfunc.inc"
 108              		.file 8 "Generated_Source\\PSoC5\\ErikaOS_1_ee_oo_internal.inc"
 109              		.section	.debug_info,"",%progbits
 110              	.Ldebug_info0:
 111 0000 71040000 		.4byte	0x471
 112 0004 0400     		.2byte	0x4
 113 0006 00000000 		.4byte	.Ldebug_abbrev0
 114 000a 04       		.byte	0x4
 115 000b 01       		.uleb128 0x1
 116 000c 9A030000 		.4byte	.LASF70
 117 0010 0C       		.byte	0xc
ARM GAS  C:\Users\Reza\AppData\Local\Temp\ccEiVEeC.s 			page 5


 118 0011 DC010000 		.4byte	.LASF71
 119 0015 DE000000 		.4byte	.LASF72
 120 0019 00000000 		.4byte	.Ldebug_ranges0+0
 121 001d 00000000 		.4byte	0
 122 0021 00000000 		.4byte	.Ldebug_line0
 123 0025 02       		.uleb128 0x2
 124 0026 01       		.byte	0x1
 125 0027 06       		.byte	0x6
 126 0028 45030000 		.4byte	.LASF0
 127 002c 02       		.uleb128 0x2
 128 002d 01       		.byte	0x1
 129 002e 08       		.byte	0x8
 130 002f 16030000 		.4byte	.LASF1
 131 0033 02       		.uleb128 0x2
 132 0034 02       		.byte	0x2
 133 0035 05       		.byte	0x5
 134 0036 4B000000 		.4byte	.LASF2
 135 003a 02       		.uleb128 0x2
 136 003b 02       		.byte	0x2
 137 003c 07       		.byte	0x7
 138 003d 28040000 		.4byte	.LASF3
 139 0041 02       		.uleb128 0x2
 140 0042 04       		.byte	0x4
 141 0043 05       		.byte	0x5
 142 0044 72020000 		.4byte	.LASF4
 143 0048 02       		.uleb128 0x2
 144 0049 04       		.byte	0x4
 145 004a 07       		.byte	0x7
 146 004b 9D040000 		.4byte	.LASF5
 147 004f 02       		.uleb128 0x2
 148 0050 08       		.byte	0x8
 149 0051 05       		.byte	0x5
 150 0052 22020000 		.4byte	.LASF6
 151 0056 02       		.uleb128 0x2
 152 0057 08       		.byte	0x8
 153 0058 07       		.byte	0x7
 154 0059 51030000 		.4byte	.LASF7
 155 005d 03       		.uleb128 0x3
 156 005e 04       		.byte	0x4
 157 005f 05       		.byte	0x5
 158 0060 696E7400 		.ascii	"int\000"
 159 0064 02       		.uleb128 0x2
 160 0065 04       		.byte	0x4
 161 0066 07       		.byte	0x7
 162 0067 68030000 		.4byte	.LASF8
 163 006b 02       		.uleb128 0x2
 164 006c 08       		.byte	0x8
 165 006d 04       		.byte	0x4
 166 006e FB020000 		.4byte	.LASF9
 167 0072 04       		.uleb128 0x4
 168 0073 30020000 		.4byte	.LASF10
 169 0077 02       		.byte	0x2
 170 0078 3F       		.byte	0x3f
 171 0079 25000000 		.4byte	0x25
 172 007d 04       		.uleb128 0x4
 173 007e 66040000 		.4byte	.LASF11
 174 0082 02       		.byte	0x2
ARM GAS  C:\Users\Reza\AppData\Local\Temp\ccEiVEeC.s 			page 6


 175 0083 52       		.byte	0x52
 176 0084 3A000000 		.4byte	0x3a
 177 0088 04       		.uleb128 0x4
 178 0089 D3010000 		.4byte	.LASF12
 179 008d 02       		.byte	0x2
 180 008e 53       		.byte	0x53
 181 008f 5D000000 		.4byte	0x5d
 182 0093 04       		.uleb128 0x4
 183 0094 8A000000 		.4byte	.LASF13
 184 0098 02       		.byte	0x2
 185 0099 54       		.byte	0x54
 186 009a 64000000 		.4byte	0x64
 187 009e 04       		.uleb128 0x4
 188 009f 13000000 		.4byte	.LASF14
 189 00a3 03       		.byte	0x3
 190 00a4 4D       		.byte	0x4d
 191 00a5 93000000 		.4byte	0x93
 192 00a9 04       		.uleb128 0x4
 193 00aa 3D030000 		.4byte	.LASF15
 194 00ae 03       		.byte	0x3
 195 00af 4E       		.byte	0x4e
 196 00b0 88000000 		.4byte	0x88
 197 00b4 04       		.uleb128 0x4
 198 00b5 6C000000 		.4byte	.LASF16
 199 00b9 03       		.byte	0x3
 200 00ba 4F       		.byte	0x4f
 201 00bb 93000000 		.4byte	0x93
 202 00bf 04       		.uleb128 0x4
 203 00c0 AF040000 		.4byte	.LASF17
 204 00c4 03       		.byte	0x3
 205 00c5 54       		.byte	0x54
 206 00c6 9E000000 		.4byte	0x9e
 207 00ca 04       		.uleb128 0x4
 208 00cb B7000000 		.4byte	.LASF18
 209 00cf 03       		.byte	0x3
 210 00d0 78       		.byte	0x78
 211 00d1 88000000 		.4byte	0x88
 212 00d5 05       		.uleb128 0x5
 213 00d6 51020000 		.4byte	.LASF19
 214 00da 04       		.byte	0x4
 215 00db 1101     		.2byte	0x111
 216 00dd 7D000000 		.4byte	0x7d
 217 00e1 05       		.uleb128 0x5
 218 00e2 D1020000 		.4byte	.LASF20
 219 00e6 04       		.byte	0x4
 220 00e7 3502     		.2byte	0x235
 221 00e9 9E000000 		.4byte	0x9e
 222 00ed 05       		.uleb128 0x5
 223 00ee E9020000 		.4byte	.LASF21
 224 00f2 04       		.byte	0x4
 225 00f3 5D02     		.2byte	0x25d
 226 00f5 9E000000 		.4byte	0x9e
 227 00f9 05       		.uleb128 0x5
 228 00fa E5040000 		.4byte	.LASF22
 229 00fe 04       		.byte	0x4
 230 00ff 6C02     		.2byte	0x26c
 231 0101 9E000000 		.4byte	0x9e
ARM GAS  C:\Users\Reza\AppData\Local\Temp\ccEiVEeC.s 			page 7


 232 0105 06       		.uleb128 0x6
 233 0106 0C       		.byte	0xc
 234 0107 04       		.byte	0x4
 235 0108 7202     		.2byte	0x272
 236 010a 36010000 		.4byte	0x136
 237 010e 07       		.uleb128 0x7
 238 010f 7B020000 		.4byte	.LASF23
 239 0113 04       		.byte	0x4
 240 0114 7302     		.2byte	0x273
 241 0116 E1000000 		.4byte	0xe1
 242 011a 00       		.byte	0
 243 011b 07       		.uleb128 0x7
 244 011c 1B000000 		.4byte	.LASF24
 245 0120 04       		.byte	0x4
 246 0121 7402     		.2byte	0x274
 247 0123 E1000000 		.4byte	0xe1
 248 0127 04       		.byte	0x4
 249 0128 07       		.uleb128 0x7
 250 0129 BE000000 		.4byte	.LASF25
 251 012d 04       		.byte	0x4
 252 012e 7502     		.2byte	0x275
 253 0130 E1000000 		.4byte	0xe1
 254 0134 08       		.byte	0x8
 255 0135 00       		.byte	0
 256 0136 05       		.uleb128 0x5
 257 0137 A9020000 		.4byte	.LASF26
 258 013b 04       		.byte	0x4
 259 013c 7A02     		.2byte	0x27a
 260 013e 05010000 		.4byte	0x105
 261 0142 06       		.uleb128 0x6
 262 0143 08       		.byte	0x8
 263 0144 04       		.byte	0x4
 264 0145 7D02     		.2byte	0x27d
 265 0147 66010000 		.4byte	0x166
 266 014b 07       		.uleb128 0x7
 267 014c C7000000 		.4byte	.LASF27
 268 0150 04       		.byte	0x4
 269 0151 7E02     		.2byte	0x27e
 270 0153 E1000000 		.4byte	0xe1
 271 0157 00       		.byte	0
 272 0158 07       		.uleb128 0x7
 273 0159 62050000 		.4byte	.LASF28
 274 015d 04       		.byte	0x4
 275 015e 7F02     		.2byte	0x27f
 276 0160 ED000000 		.4byte	0xed
 277 0164 04       		.byte	0x4
 278 0165 00       		.byte	0
 279 0166 05       		.uleb128 0x5
 280 0167 0B020000 		.4byte	.LASF29
 281 016b 04       		.byte	0x4
 282 016c 8002     		.2byte	0x280
 283 016e 42010000 		.4byte	0x142
 284 0172 08       		.uleb128 0x8
 285 0173 01       		.byte	0x1
 286 0174 2C000000 		.4byte	0x2c
 287 0178 04       		.byte	0x4
 288 0179 8A02     		.2byte	0x28a
ARM GAS  C:\Users\Reza\AppData\Local\Temp\ccEiVEeC.s 			page 8


 289 017b 8C010000 		.4byte	0x18c
 290 017f 09       		.uleb128 0x9
 291 0180 D7040000 		.4byte	.LASF30
 292 0184 00       		.byte	0
 293 0185 09       		.uleb128 0x9
 294 0186 61020000 		.4byte	.LASF31
 295 018a 01       		.byte	0x1
 296 018b 00       		.byte	0
 297 018c 05       		.uleb128 0x5
 298 018d 9F010000 		.4byte	.LASF32
 299 0191 04       		.byte	0x4
 300 0192 8D02     		.2byte	0x28d
 301 0194 72010000 		.4byte	0x172
 302 0198 05       		.uleb128 0x5
 303 0199 74000000 		.4byte	.LASF33
 304 019d 04       		.byte	0x4
 305 019e 9002     		.2byte	0x290
 306 01a0 8C010000 		.4byte	0x18c
 307 01a4 06       		.uleb128 0x6
 308 01a5 0C       		.byte	0xc
 309 01a6 04       		.byte	0x4
 310 01a7 9402     		.2byte	0x294
 311 01a9 D3010000 		.4byte	0x1d3
 312 01ad 0A       		.uleb128 0xa
 313 01ae 6300     		.ascii	"c\000"
 314 01b0 04       		.byte	0x4
 315 01b1 9602     		.2byte	0x296
 316 01b3 F9000000 		.4byte	0xf9
 317 01b7 00       		.byte	0
 318 01b8 07       		.uleb128 0x7
 319 01b9 64000000 		.4byte	.LASF34
 320 01bd 04       		.byte	0x4
 321 01be 9802     		.2byte	0x298
 322 01c0 ED000000 		.4byte	0xed
 323 01c4 04       		.byte	0x4
 324 01c5 07       		.uleb128 0x7
 325 01c6 00000000 		.4byte	.LASF35
 326 01ca 04       		.byte	0x4
 327 01cb 9A02     		.2byte	0x29a
 328 01cd 98010000 		.4byte	0x198
 329 01d1 08       		.byte	0x8
 330 01d2 00       		.byte	0
 331 01d3 05       		.uleb128 0x5
 332 01d4 3B040000 		.4byte	.LASF36
 333 01d8 04       		.byte	0x4
 334 01d9 9B02     		.2byte	0x29b
 335 01db A4010000 		.4byte	0x1a4
 336 01df 06       		.uleb128 0x6
 337 01e0 10       		.byte	0x10
 338 01e1 04       		.byte	0x4
 339 01e2 9F02     		.2byte	0x29f
 340 01e4 1D020000 		.4byte	0x21d
 341 01e8 07       		.uleb128 0x7
 342 01e9 E0040000 		.4byte	.LASF37
 343 01ed 04       		.byte	0x4
 344 01ee A002     		.2byte	0x2a0
 345 01f0 BF000000 		.4byte	0xbf
ARM GAS  C:\Users\Reza\AppData\Local\Temp\ccEiVEeC.s 			page 9


 346 01f4 00       		.byte	0
 347 01f5 07       		.uleb128 0x7
 348 01f6 2F050000 		.4byte	.LASF38
 349 01fa 04       		.byte	0x4
 350 01fb A102     		.2byte	0x2a1
 351 01fd E1000000 		.4byte	0xe1
 352 0201 04       		.byte	0x4
 353 0202 07       		.uleb128 0x7
 354 0203 5E000000 		.4byte	.LASF39
 355 0207 04       		.byte	0x4
 356 0208 A202     		.2byte	0x2a2
 357 020a E1000000 		.4byte	0xe1
 358 020e 08       		.byte	0x8
 359 020f 07       		.uleb128 0x7
 360 0210 50050000 		.4byte	.LASF40
 361 0214 04       		.byte	0x4
 362 0215 A302     		.2byte	0x2a3
 363 0217 ED000000 		.4byte	0xed
 364 021b 0C       		.byte	0xc
 365 021c 00       		.byte	0
 366 021d 05       		.uleb128 0x5
 367 021e 8B020000 		.4byte	.LASF41
 368 0222 04       		.byte	0x4
 369 0223 A402     		.2byte	0x2a4
 370 0225 DF010000 		.4byte	0x1df
 371 0229 0B       		.uleb128 0xb
 372 022a 59040000 		.4byte	.LASF73
 373 022e 01       		.byte	0x1
 374 022f 53       		.byte	0x53
 375 0230 00000000 		.4byte	.LFB70
 376 0234 70000000 		.4byte	.LFE70-.LFB70
 377 0238 01       		.uleb128 0x1
 378 0239 9C       		.byte	0x9c
 379 023a 64020000 		.4byte	0x264
 380 023e 0C       		.uleb128 0xc
 381 023f 7400     		.ascii	"t\000"
 382 0241 01       		.byte	0x1
 383 0242 53       		.byte	0x53
 384 0243 CA000000 		.4byte	0xca
 385 0247 00000000 		.4byte	.LLST0
 386 024b 0D       		.uleb128 0xd
 387 024c 46000000 		.4byte	.LASF42
 388 0250 01       		.byte	0x1
 389 0251 55       		.byte	0x55
 390 0252 A9000000 		.4byte	0xa9
 391 0256 01       		.uleb128 0x1
 392 0257 53       		.byte	0x53
 393 0258 0E       		.uleb128 0xe
 394 0259 7000     		.ascii	"p\000"
 395 025b 01       		.byte	0x1
 396 025c 56       		.byte	0x56
 397 025d 9E000000 		.4byte	0x9e
 398 0261 01       		.uleb128 0x1
 399 0262 51       		.byte	0x51
 400 0263 00       		.byte	0
 401 0264 0F       		.uleb128 0xf
 402 0265 BE010000 		.4byte	.LASF43
ARM GAS  C:\Users\Reza\AppData\Local\Temp\ccEiVEeC.s 			page 10


 403 0269 05       		.byte	0x5
 404 026a 44       		.byte	0x44
 405 026b 9E000000 		.4byte	0x9e
 406 026f 0F       		.uleb128 0xf
 407 0270 81030000 		.4byte	.LASF44
 408 0274 06       		.byte	0x6
 409 0275 48       		.byte	0x48
 410 0276 CA000000 		.4byte	0xca
 411 027a 10       		.uleb128 0x10
 412 027b 91020000 		.4byte	0x291
 413 027f 8A020000 		.4byte	0x28a
 414 0283 11       		.uleb128 0x11
 415 0284 8A020000 		.4byte	0x28a
 416 0288 03       		.byte	0x3
 417 0289 00       		.byte	0
 418 028a 02       		.uleb128 0x2
 419 028b 04       		.byte	0x4
 420 028c 07       		.byte	0x7
 421 028d 55000000 		.4byte	.LASF45
 422 0291 12       		.uleb128 0x12
 423 0292 9E000000 		.4byte	0x9e
 424 0296 0F       		.uleb128 0xf
 425 0297 94000000 		.4byte	.LASF46
 426 029b 04       		.byte	0x4
 427 029c B2       		.byte	0xb2
 428 029d A1020000 		.4byte	0x2a1
 429 02a1 12       		.uleb128 0x12
 430 02a2 7A020000 		.4byte	0x27a
 431 02a6 0F       		.uleb128 0xf
 432 02a7 FE040000 		.4byte	.LASF47
 433 02ab 04       		.byte	0x4
 434 02ac B3       		.byte	0xb3
 435 02ad B1020000 		.4byte	0x2b1
 436 02b1 12       		.uleb128 0x12
 437 02b2 7A020000 		.4byte	0x27a
 438 02b6 10       		.uleb128 0x10
 439 02b7 9E000000 		.4byte	0x9e
 440 02bb C6020000 		.4byte	0x2c6
 441 02bf 11       		.uleb128 0x11
 442 02c0 8A020000 		.4byte	0x28a
 443 02c4 03       		.byte	0x3
 444 02c5 00       		.byte	0
 445 02c6 0F       		.uleb128 0xf
 446 02c7 F1040000 		.4byte	.LASF48
 447 02cb 04       		.byte	0x4
 448 02cc CA       		.byte	0xca
 449 02cd B6020000 		.4byte	0x2b6
 450 02d1 10       		.uleb128 0x10
 451 02d2 CA000000 		.4byte	0xca
 452 02d6 E1020000 		.4byte	0x2e1
 453 02da 11       		.uleb128 0x11
 454 02db 8A020000 		.4byte	0x28a
 455 02df 03       		.byte	0x3
 456 02e0 00       		.byte	0
 457 02e1 0F       		.uleb128 0xf
 458 02e2 12050000 		.4byte	.LASF49
 459 02e6 04       		.byte	0x4
ARM GAS  C:\Users\Reza\AppData\Local\Temp\ccEiVEeC.s 			page 11


 460 02e7 D2       		.byte	0xd2
 461 02e8 D1020000 		.4byte	0x2d1
 462 02ec 0F       		.uleb128 0xf
 463 02ed 75030000 		.4byte	.LASF50
 464 02f1 04       		.byte	0x4
 465 02f2 DA       		.byte	0xda
 466 02f3 B6020000 		.4byte	0x2b6
 467 02f7 0F       		.uleb128 0xf
 468 02f8 BB040000 		.4byte	.LASF51
 469 02fc 04       		.byte	0x4
 470 02fd E2       		.byte	0xe2
 471 02fe CA000000 		.4byte	0xca
 472 0302 0F       		.uleb128 0xf
 473 0303 DA020000 		.4byte	.LASF52
 474 0307 04       		.byte	0x4
 475 0308 F7       		.byte	0xf7
 476 0309 9E000000 		.4byte	0x9e
 477 030d 13       		.uleb128 0x13
 478 030e 70040000 		.4byte	.LASF53
 479 0312 04       		.byte	0x4
 480 0313 2101     		.2byte	0x121
 481 0315 B6020000 		.4byte	0x2b6
 482 0319 10       		.uleb128 0x10
 483 031a A9000000 		.4byte	0xa9
 484 031e 29030000 		.4byte	0x329
 485 0322 11       		.uleb128 0x11
 486 0323 8A020000 		.4byte	0x28a
 487 0327 0F       		.byte	0xf
 488 0328 00       		.byte	0
 489 0329 13       		.uleb128 0x13
 490 032a A5000000 		.4byte	.LASF54
 491 032e 04       		.byte	0x4
 492 032f 2501     		.2byte	0x125
 493 0331 19030000 		.4byte	0x319
 494 0335 13       		.uleb128 0x13
 495 0336 1D050000 		.4byte	.LASF55
 496 033a 04       		.byte	0x4
 497 033b 2601     		.2byte	0x126
 498 033d 19030000 		.4byte	0x319
 499 0341 10       		.uleb128 0x10
 500 0342 A9000000 		.4byte	0xa9
 501 0346 51030000 		.4byte	0x351
 502 034a 11       		.uleb128 0x11
 503 034b 8A020000 		.4byte	0x28a
 504 034f 03       		.byte	0x3
 505 0350 00       		.byte	0
 506 0351 13       		.uleb128 0x13
 507 0352 C0020000 		.4byte	.LASF56
 508 0356 04       		.byte	0x4
 509 0357 2C01     		.2byte	0x12c
 510 0359 41030000 		.4byte	0x341
 511 035d 13       		.uleb128 0x13
 512 035e C7040000 		.4byte	.LASF57
 513 0362 04       		.byte	0x4
 514 0363 3C01     		.2byte	0x13c
 515 0365 D1020000 		.4byte	0x2d1
 516 0369 13       		.uleb128 0x13
ARM GAS  C:\Users\Reza\AppData\Local\Temp\ccEiVEeC.s 			page 12


 517 036a 05000000 		.4byte	.LASF58
 518 036e 04       		.byte	0x4
 519 036f 3F01     		.2byte	0x13f
 520 0371 D5000000 		.4byte	0xd5
 521 0375 13       		.uleb128 0x13
 522 0376 28000000 		.4byte	.LASF59
 523 037a 04       		.byte	0x4
 524 037b 4101     		.2byte	0x141
 525 037d A9000000 		.4byte	0xa9
 526 0381 13       		.uleb128 0x13
 527 0382 33000000 		.4byte	.LASF60
 528 0386 04       		.byte	0x4
 529 0387 5C01     		.2byte	0x15c
 530 0389 B6020000 		.4byte	0x2b6
 531 038d 10       		.uleb128 0x10
 532 038e BF000000 		.4byte	0xbf
 533 0392 9D030000 		.4byte	0x39d
 534 0396 11       		.uleb128 0x11
 535 0397 8A020000 		.4byte	0x28a
 536 039b 03       		.byte	0x3
 537 039c 00       		.byte	0
 538 039d 13       		.uleb128 0x13
 539 039e CD000000 		.4byte	.LASF61
 540 03a2 04       		.byte	0x4
 541 03a3 6701     		.2byte	0x167
 542 03a5 8D030000 		.4byte	0x38d
 543 03a9 10       		.uleb128 0x10
 544 03aa B9030000 		.4byte	0x3b9
 545 03ae B9030000 		.4byte	0x3b9
 546 03b2 11       		.uleb128 0x11
 547 03b3 8A020000 		.4byte	0x28a
 548 03b7 00       		.byte	0
 549 03b8 00       		.byte	0
 550 03b9 12       		.uleb128 0x12
 551 03ba 36010000 		.4byte	0x136
 552 03be 13       		.uleb128 0x13
 553 03bf 07030000 		.4byte	.LASF62
 554 03c3 04       		.byte	0x4
 555 03c4 CA02     		.2byte	0x2ca
 556 03c6 CA030000 		.4byte	0x3ca
 557 03ca 12       		.uleb128 0x12
 558 03cb A9030000 		.4byte	0x3a9
 559 03cf 10       		.uleb128 0x10
 560 03d0 DF030000 		.4byte	0x3df
 561 03d4 DF030000 		.4byte	0x3df
 562 03d8 11       		.uleb128 0x11
 563 03d9 8A020000 		.4byte	0x28a
 564 03dd 01       		.byte	0x1
 565 03de 00       		.byte	0
 566 03df 12       		.uleb128 0x12
 567 03e0 D3010000 		.4byte	0x1d3
 568 03e4 13       		.uleb128 0x13
 569 03e5 86010000 		.4byte	.LASF63
 570 03e9 04       		.byte	0x4
 571 03ea DD02     		.2byte	0x2dd
 572 03ec F0030000 		.4byte	0x3f0
 573 03f0 12       		.uleb128 0x12
ARM GAS  C:\Users\Reza\AppData\Local\Temp\ccEiVEeC.s 			page 13


 574 03f1 CF030000 		.4byte	0x3cf
 575 03f5 10       		.uleb128 0x10
 576 03f6 66010000 		.4byte	0x166
 577 03fa 05040000 		.4byte	0x405
 578 03fe 11       		.uleb128 0x11
 579 03ff 8A020000 		.4byte	0x28a
 580 0403 00       		.byte	0
 581 0404 00       		.byte	0
 582 0405 13       		.uleb128 0x13
 583 0406 7B040000 		.4byte	.LASF64
 584 040a 04       		.byte	0x4
 585 040b FB02     		.2byte	0x2fb
 586 040d F5030000 		.4byte	0x3f5
 587 0411 10       		.uleb128 0x10
 588 0412 1D020000 		.4byte	0x21d
 589 0416 21040000 		.4byte	0x421
 590 041a 11       		.uleb128 0x11
 591 041b 8A020000 		.4byte	0x28a
 592 041f 01       		.byte	0x1
 593 0420 00       		.byte	0
 594 0421 13       		.uleb128 0x13
 595 0422 24030000 		.4byte	.LASF65
 596 0426 04       		.byte	0x4
 597 0427 0403     		.2byte	0x304
 598 0429 11040000 		.4byte	0x411
 599 042d 0F       		.uleb128 0xf
 600 042e 38050000 		.4byte	.LASF66
 601 0432 07       		.byte	0x7
 602 0433 40       		.byte	0x40
 603 0434 9E000000 		.4byte	0x9e
 604 0438 0F       		.uleb128 0xf
 605 0439 38020000 		.4byte	.LASF67
 606 043d 07       		.byte	0x7
 607 043e 47       		.byte	0x47
 608 043f B4000000 		.4byte	0xb4
 609 0443 0F       		.uleb128 0xf
 610 0444 8A040000 		.4byte	.LASF68
 611 0448 07       		.byte	0x7
 612 0449 4A       		.byte	0x4a
 613 044a 9E000000 		.4byte	0x9e
 614 044e 10       		.uleb128 0x10
 615 044f 5E040000 		.4byte	0x45e
 616 0453 5E040000 		.4byte	0x45e
 617 0457 11       		.uleb128 0x11
 618 0458 8A020000 		.4byte	0x28a
 619 045c FF       		.byte	0xff
 620 045d 00       		.byte	0
 621 045e 12       		.uleb128 0x12
 622 045f 72000000 		.4byte	0x72
 623 0463 13       		.uleb128 0x13
 624 0464 55050000 		.4byte	.LASF69
 625 0468 08       		.byte	0x8
 626 0469 AB01     		.2byte	0x1ab
 627 046b 6F040000 		.4byte	0x46f
 628 046f 12       		.uleb128 0x12
 629 0470 4E040000 		.4byte	0x44e
 630 0474 00       		.byte	0
ARM GAS  C:\Users\Reza\AppData\Local\Temp\ccEiVEeC.s 			page 14


 631              		.section	.debug_abbrev,"",%progbits
 632              	.Ldebug_abbrev0:
 633 0000 01       		.uleb128 0x1
 634 0001 11       		.uleb128 0x11
 635 0002 01       		.byte	0x1
 636 0003 25       		.uleb128 0x25
 637 0004 0E       		.uleb128 0xe
 638 0005 13       		.uleb128 0x13
 639 0006 0B       		.uleb128 0xb
 640 0007 03       		.uleb128 0x3
 641 0008 0E       		.uleb128 0xe
 642 0009 1B       		.uleb128 0x1b
 643 000a 0E       		.uleb128 0xe
 644 000b 55       		.uleb128 0x55
 645 000c 17       		.uleb128 0x17
 646 000d 11       		.uleb128 0x11
 647 000e 01       		.uleb128 0x1
 648 000f 10       		.uleb128 0x10
 649 0010 17       		.uleb128 0x17
 650 0011 00       		.byte	0
 651 0012 00       		.byte	0
 652 0013 02       		.uleb128 0x2
 653 0014 24       		.uleb128 0x24
 654 0015 00       		.byte	0
 655 0016 0B       		.uleb128 0xb
 656 0017 0B       		.uleb128 0xb
 657 0018 3E       		.uleb128 0x3e
 658 0019 0B       		.uleb128 0xb
 659 001a 03       		.uleb128 0x3
 660 001b 0E       		.uleb128 0xe
 661 001c 00       		.byte	0
 662 001d 00       		.byte	0
 663 001e 03       		.uleb128 0x3
 664 001f 24       		.uleb128 0x24
 665 0020 00       		.byte	0
 666 0021 0B       		.uleb128 0xb
 667 0022 0B       		.uleb128 0xb
 668 0023 3E       		.uleb128 0x3e
 669 0024 0B       		.uleb128 0xb
 670 0025 03       		.uleb128 0x3
 671 0026 08       		.uleb128 0x8
 672 0027 00       		.byte	0
 673 0028 00       		.byte	0
 674 0029 04       		.uleb128 0x4
 675 002a 16       		.uleb128 0x16
 676 002b 00       		.byte	0
 677 002c 03       		.uleb128 0x3
 678 002d 0E       		.uleb128 0xe
 679 002e 3A       		.uleb128 0x3a
 680 002f 0B       		.uleb128 0xb
 681 0030 3B       		.uleb128 0x3b
 682 0031 0B       		.uleb128 0xb
 683 0032 49       		.uleb128 0x49
 684 0033 13       		.uleb128 0x13
 685 0034 00       		.byte	0
 686 0035 00       		.byte	0
 687 0036 05       		.uleb128 0x5
ARM GAS  C:\Users\Reza\AppData\Local\Temp\ccEiVEeC.s 			page 15


 688 0037 16       		.uleb128 0x16
 689 0038 00       		.byte	0
 690 0039 03       		.uleb128 0x3
 691 003a 0E       		.uleb128 0xe
 692 003b 3A       		.uleb128 0x3a
 693 003c 0B       		.uleb128 0xb
 694 003d 3B       		.uleb128 0x3b
 695 003e 05       		.uleb128 0x5
 696 003f 49       		.uleb128 0x49
 697 0040 13       		.uleb128 0x13
 698 0041 00       		.byte	0
 699 0042 00       		.byte	0
 700 0043 06       		.uleb128 0x6
 701 0044 13       		.uleb128 0x13
 702 0045 01       		.byte	0x1
 703 0046 0B       		.uleb128 0xb
 704 0047 0B       		.uleb128 0xb
 705 0048 3A       		.uleb128 0x3a
 706 0049 0B       		.uleb128 0xb
 707 004a 3B       		.uleb128 0x3b
 708 004b 05       		.uleb128 0x5
 709 004c 01       		.uleb128 0x1
 710 004d 13       		.uleb128 0x13
 711 004e 00       		.byte	0
 712 004f 00       		.byte	0
 713 0050 07       		.uleb128 0x7
 714 0051 0D       		.uleb128 0xd
 715 0052 00       		.byte	0
 716 0053 03       		.uleb128 0x3
 717 0054 0E       		.uleb128 0xe
 718 0055 3A       		.uleb128 0x3a
 719 0056 0B       		.uleb128 0xb
 720 0057 3B       		.uleb128 0x3b
 721 0058 05       		.uleb128 0x5
 722 0059 49       		.uleb128 0x49
 723 005a 13       		.uleb128 0x13
 724 005b 38       		.uleb128 0x38
 725 005c 0B       		.uleb128 0xb
 726 005d 00       		.byte	0
 727 005e 00       		.byte	0
 728 005f 08       		.uleb128 0x8
 729 0060 04       		.uleb128 0x4
 730 0061 01       		.byte	0x1
 731 0062 0B       		.uleb128 0xb
 732 0063 0B       		.uleb128 0xb
 733 0064 49       		.uleb128 0x49
 734 0065 13       		.uleb128 0x13
 735 0066 3A       		.uleb128 0x3a
 736 0067 0B       		.uleb128 0xb
 737 0068 3B       		.uleb128 0x3b
 738 0069 05       		.uleb128 0x5
 739 006a 01       		.uleb128 0x1
 740 006b 13       		.uleb128 0x13
 741 006c 00       		.byte	0
 742 006d 00       		.byte	0
 743 006e 09       		.uleb128 0x9
 744 006f 28       		.uleb128 0x28
ARM GAS  C:\Users\Reza\AppData\Local\Temp\ccEiVEeC.s 			page 16


 745 0070 00       		.byte	0
 746 0071 03       		.uleb128 0x3
 747 0072 0E       		.uleb128 0xe
 748 0073 1C       		.uleb128 0x1c
 749 0074 0B       		.uleb128 0xb
 750 0075 00       		.byte	0
 751 0076 00       		.byte	0
 752 0077 0A       		.uleb128 0xa
 753 0078 0D       		.uleb128 0xd
 754 0079 00       		.byte	0
 755 007a 03       		.uleb128 0x3
 756 007b 08       		.uleb128 0x8
 757 007c 3A       		.uleb128 0x3a
 758 007d 0B       		.uleb128 0xb
 759 007e 3B       		.uleb128 0x3b
 760 007f 05       		.uleb128 0x5
 761 0080 49       		.uleb128 0x49
 762 0081 13       		.uleb128 0x13
 763 0082 38       		.uleb128 0x38
 764 0083 0B       		.uleb128 0xb
 765 0084 00       		.byte	0
 766 0085 00       		.byte	0
 767 0086 0B       		.uleb128 0xb
 768 0087 2E       		.uleb128 0x2e
 769 0088 01       		.byte	0x1
 770 0089 3F       		.uleb128 0x3f
 771 008a 19       		.uleb128 0x19
 772 008b 03       		.uleb128 0x3
 773 008c 0E       		.uleb128 0xe
 774 008d 3A       		.uleb128 0x3a
 775 008e 0B       		.uleb128 0xb
 776 008f 3B       		.uleb128 0x3b
 777 0090 0B       		.uleb128 0xb
 778 0091 27       		.uleb128 0x27
 779 0092 19       		.uleb128 0x19
 780 0093 11       		.uleb128 0x11
 781 0094 01       		.uleb128 0x1
 782 0095 12       		.uleb128 0x12
 783 0096 06       		.uleb128 0x6
 784 0097 40       		.uleb128 0x40
 785 0098 18       		.uleb128 0x18
 786 0099 9742     		.uleb128 0x2117
 787 009b 19       		.uleb128 0x19
 788 009c 01       		.uleb128 0x1
 789 009d 13       		.uleb128 0x13
 790 009e 00       		.byte	0
 791 009f 00       		.byte	0
 792 00a0 0C       		.uleb128 0xc
 793 00a1 05       		.uleb128 0x5
 794 00a2 00       		.byte	0
 795 00a3 03       		.uleb128 0x3
 796 00a4 08       		.uleb128 0x8
 797 00a5 3A       		.uleb128 0x3a
 798 00a6 0B       		.uleb128 0xb
 799 00a7 3B       		.uleb128 0x3b
 800 00a8 0B       		.uleb128 0xb
 801 00a9 49       		.uleb128 0x49
ARM GAS  C:\Users\Reza\AppData\Local\Temp\ccEiVEeC.s 			page 17


 802 00aa 13       		.uleb128 0x13
 803 00ab 02       		.uleb128 0x2
 804 00ac 17       		.uleb128 0x17
 805 00ad 00       		.byte	0
 806 00ae 00       		.byte	0
 807 00af 0D       		.uleb128 0xd
 808 00b0 34       		.uleb128 0x34
 809 00b1 00       		.byte	0
 810 00b2 03       		.uleb128 0x3
 811 00b3 0E       		.uleb128 0xe
 812 00b4 3A       		.uleb128 0x3a
 813 00b5 0B       		.uleb128 0xb
 814 00b6 3B       		.uleb128 0x3b
 815 00b7 0B       		.uleb128 0xb
 816 00b8 49       		.uleb128 0x49
 817 00b9 13       		.uleb128 0x13
 818 00ba 02       		.uleb128 0x2
 819 00bb 18       		.uleb128 0x18
 820 00bc 00       		.byte	0
 821 00bd 00       		.byte	0
 822 00be 0E       		.uleb128 0xe
 823 00bf 34       		.uleb128 0x34
 824 00c0 00       		.byte	0
 825 00c1 03       		.uleb128 0x3
 826 00c2 08       		.uleb128 0x8
 827 00c3 3A       		.uleb128 0x3a
 828 00c4 0B       		.uleb128 0xb
 829 00c5 3B       		.uleb128 0x3b
 830 00c6 0B       		.uleb128 0xb
 831 00c7 49       		.uleb128 0x49
 832 00c8 13       		.uleb128 0x13
 833 00c9 02       		.uleb128 0x2
 834 00ca 18       		.uleb128 0x18
 835 00cb 00       		.byte	0
 836 00cc 00       		.byte	0
 837 00cd 0F       		.uleb128 0xf
 838 00ce 34       		.uleb128 0x34
 839 00cf 00       		.byte	0
 840 00d0 03       		.uleb128 0x3
 841 00d1 0E       		.uleb128 0xe
 842 00d2 3A       		.uleb128 0x3a
 843 00d3 0B       		.uleb128 0xb
 844 00d4 3B       		.uleb128 0x3b
 845 00d5 0B       		.uleb128 0xb
 846 00d6 49       		.uleb128 0x49
 847 00d7 13       		.uleb128 0x13
 848 00d8 3F       		.uleb128 0x3f
 849 00d9 19       		.uleb128 0x19
 850 00da 3C       		.uleb128 0x3c
 851 00db 19       		.uleb128 0x19
 852 00dc 00       		.byte	0
 853 00dd 00       		.byte	0
 854 00de 10       		.uleb128 0x10
 855 00df 01       		.uleb128 0x1
 856 00e0 01       		.byte	0x1
 857 00e1 49       		.uleb128 0x49
 858 00e2 13       		.uleb128 0x13
ARM GAS  C:\Users\Reza\AppData\Local\Temp\ccEiVEeC.s 			page 18


 859 00e3 01       		.uleb128 0x1
 860 00e4 13       		.uleb128 0x13
 861 00e5 00       		.byte	0
 862 00e6 00       		.byte	0
 863 00e7 11       		.uleb128 0x11
 864 00e8 21       		.uleb128 0x21
 865 00e9 00       		.byte	0
 866 00ea 49       		.uleb128 0x49
 867 00eb 13       		.uleb128 0x13
 868 00ec 2F       		.uleb128 0x2f
 869 00ed 0B       		.uleb128 0xb
 870 00ee 00       		.byte	0
 871 00ef 00       		.byte	0
 872 00f0 12       		.uleb128 0x12
 873 00f1 26       		.uleb128 0x26
 874 00f2 00       		.byte	0
 875 00f3 49       		.uleb128 0x49
 876 00f4 13       		.uleb128 0x13
 877 00f5 00       		.byte	0
 878 00f6 00       		.byte	0
 879 00f7 13       		.uleb128 0x13
 880 00f8 34       		.uleb128 0x34
 881 00f9 00       		.byte	0
 882 00fa 03       		.uleb128 0x3
 883 00fb 0E       		.uleb128 0xe
 884 00fc 3A       		.uleb128 0x3a
 885 00fd 0B       		.uleb128 0xb
 886 00fe 3B       		.uleb128 0x3b
 887 00ff 05       		.uleb128 0x5
 888 0100 49       		.uleb128 0x49
 889 0101 13       		.uleb128 0x13
 890 0102 3F       		.uleb128 0x3f
 891 0103 19       		.uleb128 0x19
 892 0104 3C       		.uleb128 0x3c
 893 0105 19       		.uleb128 0x19
 894 0106 00       		.byte	0
 895 0107 00       		.byte	0
 896 0108 00       		.byte	0
 897              		.section	.debug_loc,"",%progbits
 898              	.Ldebug_loc0:
 899              	.LLST0:
 900 0000 00000000 		.4byte	.LVL0
 901 0004 38000000 		.4byte	.LVL3
 902 0008 0100     		.2byte	0x1
 903 000a 50       		.byte	0x50
 904 000b 44000000 		.4byte	.LVL4
 905 000f 48000000 		.4byte	.LVL5
 906 0013 0100     		.2byte	0x1
 907 0015 50       		.byte	0x50
 908 0016 00000000 		.4byte	0
 909 001a 00000000 		.4byte	0
 910              		.section	.debug_aranges,"",%progbits
 911 0000 1C000000 		.4byte	0x1c
 912 0004 0200     		.2byte	0x2
 913 0006 00000000 		.4byte	.Ldebug_info0
 914 000a 04       		.byte	0x4
 915 000b 00       		.byte	0
ARM GAS  C:\Users\Reza\AppData\Local\Temp\ccEiVEeC.s 			page 19


 916 000c 0000     		.2byte	0
 917 000e 0000     		.2byte	0
 918 0010 00000000 		.4byte	.LFB70
 919 0014 70000000 		.4byte	.LFE70-.LFB70
 920 0018 00000000 		.4byte	0
 921 001c 00000000 		.4byte	0
 922              		.section	.debug_ranges,"",%progbits
 923              	.Ldebug_ranges0:
 924 0000 00000000 		.4byte	.LFB70
 925 0004 70000000 		.4byte	.LFE70
 926 0008 00000000 		.4byte	0
 927 000c 00000000 		.4byte	0
 928              		.section	.debug_line,"",%progbits
 929              	.Ldebug_line0:
 930 0000 55010000 		.section	.debug_str,"MS",%progbits,1
 930      02003101 
 930      00000201 
 930      FB0E0D00 
 930      01010101 
 931              	.LASF35:
 932 0000 6B696E64 		.ascii	"kind\000"
 932      00
 933              	.LASF58:
 934 0005 45455F72 		.ascii	"EE_rq_bitmask\000"
 934      715F6269 
 934      746D6173 
 934      6B00
 935              	.LASF14:
 936 0013 45455F55 		.ascii	"EE_UREG\000"
 936      52454700 
 937              	.LASF24:
 938 001b 7469636B 		.ascii	"ticksperbase\000"
 938      73706572 
 938      62617365 
 938      00
 939              	.LASF59:
 940 0028 45455F72 		.ascii	"EE_rq_free\000"
 940      715F6672 
 940      656500
 941              	.LASF60:
 942 0033 45455F74 		.ascii	"EE_th_event_active\000"
 942      685F6576 
 942      656E745F 
 942      61637469 
 942      766500
 943              	.LASF42:
 944 0046 74656D70 		.ascii	"temp\000"
 944      00
 945              	.LASF2:
 946 004b 73686F72 		.ascii	"short int\000"
 946      7420696E 
 946      7400
 947              	.LASF45:
 948 0055 73697A65 		.ascii	"sizetype\000"
 948      74797065 
 948      00
 949              	.LASF39:
ARM GAS  C:\Users\Reza\AppData\Local\Temp\ccEiVEeC.s 			page 20


 950 005e 64656C74 		.ascii	"delta\000"
 950      6100
 951              	.LASF34:
 952 0064 73706563 		.ascii	"spec_id\000"
 952      5F696400 
 953              	.LASF16:
 954 006c 45455F46 		.ascii	"EE_FREG\000"
 954      52454700 
 955              	.LASF33:
 956 0074 436F756E 		.ascii	"CounterObjectKindType\000"
 956      7465724F 
 956      626A6563 
 956      744B696E 
 956      64547970 
 957              	.LASF13:
 958 008a 45455F55 		.ascii	"EE_UINT32\000"
 958      494E5433 
 958      3200
 959              	.LASF46:
 960 0094 45455F74 		.ascii	"EE_th_ready_prio\000"
 960      685F7265 
 960      6164795F 
 960      7072696F 
 960      00
 961              	.LASF54:
 962 00a5 45455F72 		.ascii	"EE_rq_queues_head\000"
 962      715F7175 
 962      65756573 
 962      5F686561 
 962      6400
 963              	.LASF18:
 964 00b7 45455F54 		.ascii	"EE_TID\000"
 964      494400
 965              	.LASF25:
 966 00be 6D696E63 		.ascii	"mincycle\000"
 966      79636C65 
 966      00
 967              	.LASF27:
 968 00c7 76616C75 		.ascii	"value\000"
 968      6500
 969              	.LASF61:
 970 00cd 45455F74 		.ascii	"EE_th_waswaiting\000"
 970      685F7761 
 970      73776169 
 970      74696E67 
 970      00
 971              	.LASF72:
 972 00de 443A5C48 		.ascii	"D:\\H_da\\Winter Semester\\MM03 Advanced Microcontr"
 972      5F64615C 
 972      57696E74 
 972      65722053 
 972      656D6573 
 973 010e 6F6C6C65 		.ascii	"oller Systems and Embedded Operating Systems\\Lectu"
 973      72205379 
 973      7374656D 
 973      7320616E 
 973      6420456D 
ARM GAS  C:\Users\Reza\AppData\Local\Temp\ccEiVEeC.s 			page 21


 974 0140 72652050 		.ascii	"re Prof. Fromm\\workspace\\workspace_psoc\\Reaction"
 974      726F662E 
 974      2046726F 
 974      6D6D5C77 
 974      6F726B73 
 975 0170 47616D65 		.ascii	"Game_with erika.cydsn\000"
 975      5F776974 
 975      68206572 
 975      696B612E 
 975      63796473 
 976              	.LASF63:
 977 0186 45455F6F 		.ascii	"EE_oo_counter_object_ROM\000"
 977      6F5F636F 
 977      756E7465 
 977      725F6F62 
 977      6A656374 
 978              	.LASF32:
 979 019f 45455F6F 		.ascii	"EE_oo_counter_object_kind_type\000"
 979      6F5F636F 
 979      756E7465 
 979      725F6F62 
 979      6A656374 
 980              	.LASF43:
 981 01be 45455F49 		.ascii	"EE_IRQ_nesting_level\000"
 981      52515F6E 
 981      65737469 
 981      6E675F6C 
 981      6576656C 
 982              	.LASF12:
 983 01d3 45455F49 		.ascii	"EE_INT32\000"
 983      4E543332 
 983      00
 984              	.LASF71:
 985 01dc 47656E65 		.ascii	"Generated_Source\\PSoC5\\ErikaOS_1_ee_rq_inser.c\000"
 985      72617465 
 985      645F536F 
 985      75726365 
 985      5C50536F 
 986              	.LASF29:
 987 020b 45455F6F 		.ascii	"EE_oo_counter_RAM_type\000"
 987      6F5F636F 
 987      756E7465 
 987      725F5241 
 987      4D5F7479 
 988              	.LASF6:
 989 0222 6C6F6E67 		.ascii	"long long int\000"
 989      206C6F6E 
 989      6720696E 
 989      7400
 990              	.LASF10:
 991 0230 45455F49 		.ascii	"EE_INT8\000"
 991      4E543800 
 992              	.LASF67:
 993 0238 45455F6F 		.ascii	"EE_oo_IRQ_suspend_status\000"
 993      6F5F4952 
 993      515F7375 
 993      7370656E 
ARM GAS  C:\Users\Reza\AppData\Local\Temp\ccEiVEeC.s 			page 22


 993      645F7374 
 994              	.LASF19:
 995 0251 45455F54 		.ascii	"EE_TYPE_RQ_MASK\000"
 995      5950455F 
 995      52515F4D 
 995      41534B00 
 996              	.LASF31:
 997 0261 45455F53 		.ascii	"EE_SCHEDULETABLE\000"
 997      43484544 
 997      554C4554 
 997      41424C45 
 997      00
 998              	.LASF4:
 999 0272 6C6F6E67 		.ascii	"long int\000"
 999      20696E74 
 999      00
 1000              	.LASF23:
 1001 027b 6D617861 		.ascii	"maxallowedvalue\000"
 1001      6C6C6F77 
 1001      65647661 
 1001      6C756500 
 1002              	.LASF41:
 1003 028b 45455F6F 		.ascii	"EE_oo_counter_object_RAM_type\000"
 1003      6F5F636F 
 1003      756E7465 
 1003      725F6F62 
 1003      6A656374 
 1004              	.LASF26:
 1005 02a9 45455F6F 		.ascii	"EE_oo_counter_ROM_type\000"
 1005      6F5F636F 
 1005      756E7465 
 1005      725F524F 
 1005      4D5F7479 
 1006              	.LASF56:
 1007 02c0 45455F72 		.ascii	"EE_rq_pairs_next\000"
 1007      715F7061 
 1007      6972735F 
 1007      6E657874 
 1007      00
 1008              	.LASF20:
 1009 02d1 5469636B 		.ascii	"TickType\000"
 1009      54797065 
 1009      00
 1010              	.LASF52:
 1011 02da 45455F73 		.ascii	"EE_sys_ceiling\000"
 1011      79735F63 
 1011      65696C69 
 1011      6E6700
 1012              	.LASF21:
 1013 02e9 436F756E 		.ascii	"CounterObjectType\000"
 1013      7465724F 
 1013      626A6563 
 1013      74547970 
 1013      6500
 1014              	.LASF9:
 1015 02fb 6C6F6E67 		.ascii	"long double\000"
 1015      20646F75 
ARM GAS  C:\Users\Reza\AppData\Local\Temp\ccEiVEeC.s 			page 23


 1015      626C6500 
 1016              	.LASF62:
 1017 0307 45455F63 		.ascii	"EE_counter_ROM\000"
 1017      6F756E74 
 1017      65725F52 
 1017      4F4D00
 1018              	.LASF1:
 1019 0316 756E7369 		.ascii	"unsigned char\000"
 1019      676E6564 
 1019      20636861 
 1019      7200
 1020              	.LASF65:
 1021 0324 45455F6F 		.ascii	"EE_oo_counter_object_RAM\000"
 1021      6F5F636F 
 1021      756E7465 
 1021      725F6F62 
 1021      6A656374 
 1022              	.LASF15:
 1023 033d 45455F53 		.ascii	"EE_SREG\000"
 1023      52454700 
 1024              	.LASF0:
 1025 0345 7369676E 		.ascii	"signed char\000"
 1025      65642063 
 1025      68617200 
 1026              	.LASF7:
 1027 0351 6C6F6E67 		.ascii	"long long unsigned int\000"
 1027      206C6F6E 
 1027      6720756E 
 1027      7369676E 
 1027      65642069 
 1028              	.LASF8:
 1029 0368 756E7369 		.ascii	"unsigned int\000"
 1029      676E6564 
 1029      20696E74 
 1029      00
 1030              	.LASF50:
 1031 0375 45455F74 		.ascii	"EE_th_rnact\000"
 1031      685F726E 
 1031      61637400 
 1032              	.LASF44:
 1033 0381 45455F73 		.ascii	"EE_std_endcycle_next_tid\000"
 1033      74645F65 
 1033      6E646379 
 1033      636C655F 
 1033      6E657874 
 1034              	.LASF70:
 1035 039a 474E5520 		.ascii	"GNU C11 5.4.1 20160609 (release) [ARM/embedded-5-br"
 1035      43313120 
 1035      352E342E 
 1035      31203230 
 1035      31363036 
 1036 03cd 616E6368 		.ascii	"anch revision 237715] -mcpu=cortex-m3 -mthumb -g -O"
 1036      20726576 
 1036      6973696F 
 1036      6E203233 
 1036      37373135 
 1037 0400 73202D66 		.ascii	"s -ffunction-sections -ffat-lto-objects\000"
ARM GAS  C:\Users\Reza\AppData\Local\Temp\ccEiVEeC.s 			page 24


 1037      66756E63 
 1037      74696F6E 
 1037      2D736563 
 1037      74696F6E 
 1038              	.LASF3:
 1039 0428 73686F72 		.ascii	"short unsigned int\000"
 1039      7420756E 
 1039      7369676E 
 1039      65642069 
 1039      6E7400
 1040              	.LASF36:
 1041 043b 45455F6F 		.ascii	"EE_oo_counter_object_ROM_type\000"
 1041      6F5F636F 
 1041      756E7465 
 1041      725F6F62 
 1041      6A656374 
 1042              	.LASF73:
 1043 0459 45455F72 		.ascii	"EE_rq_insert\000"
 1043      715F696E 
 1043      73657274 
 1043      00
 1044              	.LASF11:
 1045 0466 45455F55 		.ascii	"EE_UINT16\000"
 1045      494E5431 
 1045      3600
 1046              	.LASF53:
 1047 0470 45455F72 		.ascii	"EE_rq_link\000"
 1047      715F6C69 
 1047      6E6B00
 1048              	.LASF64:
 1049 047b 45455F63 		.ascii	"EE_counter_RAM\000"
 1049      6F756E74 
 1049      65725F52 
 1049      414D00
 1050              	.LASF68:
 1051 048a 45455F41 		.ascii	"EE_ApplicationMode\000"
 1051      70706C69 
 1051      63617469 
 1051      6F6E4D6F 
 1051      646500
 1052              	.LASF5:
 1053 049d 6C6F6E67 		.ascii	"long unsigned int\000"
 1053      20756E73 
 1053      69676E65 
 1053      6420696E 
 1053      7400
 1054              	.LASF17:
 1055 04af 45455F54 		.ascii	"EE_TYPEBOOL\000"
 1055      59504542 
 1055      4F4F4C00 
 1056              	.LASF51:
 1057 04bb 45455F73 		.ascii	"EE_stkfirst\000"
 1057      746B6669 
 1057      72737400 
 1058              	.LASF57:
 1059 04c7 45455F72 		.ascii	"EE_rq_pairs_tid\000"
 1059      715F7061 
ARM GAS  C:\Users\Reza\AppData\Local\Temp\ccEiVEeC.s 			page 25


 1059      6972735F 
 1059      74696400 
 1060              	.LASF30:
 1061 04d7 45455F41 		.ascii	"EE_ALARM\000"
 1061      4C41524D 
 1061      00
 1062              	.LASF37:
 1063 04e0 75736564 		.ascii	"used\000"
 1063      00
 1064              	.LASF22:
 1065 04e5 436F756E 		.ascii	"CounterType\000"
 1065      74657254 
 1065      79706500 
 1066              	.LASF48:
 1067 04f1 45455F74 		.ascii	"EE_th_status\000"
 1067      685F7374 
 1067      61747573 
 1067      00
 1068              	.LASF47:
 1069 04fe 45455F74 		.ascii	"EE_th_dispatch_prio\000"
 1069      685F6469 
 1069      73706174 
 1069      63685F70 
 1069      72696F00 
 1070              	.LASF49:
 1071 0512 45455F74 		.ascii	"EE_th_next\000"
 1071      685F6E65 
 1071      787400
 1072              	.LASF55:
 1073 051d 45455F72 		.ascii	"EE_rq_queues_tail\000"
 1073      715F7175 
 1073      65756573 
 1073      5F746169 
 1073      6C00
 1074              	.LASF38:
 1075 052f 636E7463 		.ascii	"cntcycle\000"
 1075      79636C65 
 1075      00
 1076              	.LASF66:
 1077 0538 45455F6F 		.ascii	"EE_oo_IRQ_disable_count\000"
 1077      6F5F4952 
 1077      515F6469 
 1077      7361626C 
 1077      655F636F 
 1078              	.LASF40:
 1079 0550 6E657874 		.ascii	"next\000"
 1079      00
 1080              	.LASF69:
 1081 0555 45455F72 		.ascii	"EE_rq_lookup\000"
 1081      715F6C6F 
 1081      6F6B7570 
 1081      00
 1082              	.LASF28:
 1083 0562 66697273 		.ascii	"first\000"
 1083      7400
 1084              		.ident	"GCC: (GNU Tools for ARM Embedded Processors) 5.4.1 20160609 (release) [ARM/embedded-5-bran
