ARM GAS  C:\Users\Reza\AppData\Local\Temp\ccxuEUq3.s 			page 1


   1              		.syntax unified
   2              		.cpu cortex-m3
   3              		.fpu softvfp
   4              		.eabi_attribute 20, 1
   5              		.eabi_attribute 21, 1
   6              		.eabi_attribute 23, 3
   7              		.eabi_attribute 24, 1
   8              		.eabi_attribute 25, 1
   9              		.eabi_attribute 26, 1
  10              		.eabi_attribute 30, 4
  11              		.eabi_attribute 34, 1
  12              		.eabi_attribute 18, 4
  13              		.thumb
  14              		.syntax unified
  15              		.file	"ErikaOS_1_ee_evget.c"
  16              		.text
  17              	.Ltext0:
  18              		.cfi_sections	.debug_frame
  19              		.section	.text.EE_oo_GetEvent,"ax",%progbits
  20              		.align	1
  21              		.global	EE_oo_GetEvent
  22              		.thumb
  23              		.thumb_func
  24              		.type	EE_oo_GetEvent, %function
  25              	EE_oo_GetEvent:
  26              	.LFB70:
  27              		.file 1 "Generated_Source\\PSoC5\\ErikaOS_1_ee_evget.c"
   1:Generated_Source\PSoC5/ErikaOS_1_ee_evget.c **** /* ###*B*###
   2:Generated_Source\PSoC5/ErikaOS_1_ee_evget.c ****  * ERIKA Enterprise - a tiny RTOS for small microcontrollers
   3:Generated_Source\PSoC5/ErikaOS_1_ee_evget.c ****  *
   4:Generated_Source\PSoC5/ErikaOS_1_ee_evget.c ****  * Copyright (C) 2002-2008  Evidence Srl
   5:Generated_Source\PSoC5/ErikaOS_1_ee_evget.c ****  *
   6:Generated_Source\PSoC5/ErikaOS_1_ee_evget.c ****  * This file is part of ERIKA Enterprise.
   7:Generated_Source\PSoC5/ErikaOS_1_ee_evget.c ****  *
   8:Generated_Source\PSoC5/ErikaOS_1_ee_evget.c ****  * ERIKA Enterprise is free software; you can redistribute it
   9:Generated_Source\PSoC5/ErikaOS_1_ee_evget.c ****  * and/or modify it under the terms of the GNU General Public License
  10:Generated_Source\PSoC5/ErikaOS_1_ee_evget.c ****  * version 2 as published by the Free Software Foundation, 
  11:Generated_Source\PSoC5/ErikaOS_1_ee_evget.c ****  * (with a special exception described below).
  12:Generated_Source\PSoC5/ErikaOS_1_ee_evget.c ****  *
  13:Generated_Source\PSoC5/ErikaOS_1_ee_evget.c ****  * Linking this code statically or dynamically with other modules is
  14:Generated_Source\PSoC5/ErikaOS_1_ee_evget.c ****  * making a combined work based on this code.  Thus, the terms and
  15:Generated_Source\PSoC5/ErikaOS_1_ee_evget.c ****  * conditions of the GNU General Public License cover the whole
  16:Generated_Source\PSoC5/ErikaOS_1_ee_evget.c ****  * combination.
  17:Generated_Source\PSoC5/ErikaOS_1_ee_evget.c ****  *
  18:Generated_Source\PSoC5/ErikaOS_1_ee_evget.c ****  * As a special exception, the copyright holders of this library give you
  19:Generated_Source\PSoC5/ErikaOS_1_ee_evget.c ****  * permission to link this code with independent modules to produce an
  20:Generated_Source\PSoC5/ErikaOS_1_ee_evget.c ****  * executable, regardless of the license terms of these independent
  21:Generated_Source\PSoC5/ErikaOS_1_ee_evget.c ****  * modules, and to copy and distribute the resulting executable under
  22:Generated_Source\PSoC5/ErikaOS_1_ee_evget.c ****  * terms of your choice, provided that you also meet, for each linked
  23:Generated_Source\PSoC5/ErikaOS_1_ee_evget.c ****  * independent module, the terms and conditions of the license of that
  24:Generated_Source\PSoC5/ErikaOS_1_ee_evget.c ****  * module.  An independent module is a module which is not derived from
  25:Generated_Source\PSoC5/ErikaOS_1_ee_evget.c ****  * or based on this library.  If you modify this code, you may extend
  26:Generated_Source\PSoC5/ErikaOS_1_ee_evget.c ****  * this exception to your version of the code, but you are not
  27:Generated_Source\PSoC5/ErikaOS_1_ee_evget.c ****  * obligated to do so.  If you do not wish to do so, delete this
  28:Generated_Source\PSoC5/ErikaOS_1_ee_evget.c ****  * exception statement from your version.
  29:Generated_Source\PSoC5/ErikaOS_1_ee_evget.c ****  *
  30:Generated_Source\PSoC5/ErikaOS_1_ee_evget.c ****  * ERIKA Enterprise is distributed in the hope that it will be
ARM GAS  C:\Users\Reza\AppData\Local\Temp\ccxuEUq3.s 			page 2


  31:Generated_Source\PSoC5/ErikaOS_1_ee_evget.c ****  * useful, but WITHOUT ANY WARRANTY; without even the implied warranty
  32:Generated_Source\PSoC5/ErikaOS_1_ee_evget.c ****  * of MERCHANTABILITY or FITNESS FOR A PARTICULAR PURPOSE.  See the
  33:Generated_Source\PSoC5/ErikaOS_1_ee_evget.c ****  * GNU General Public License version 2 for more details.
  34:Generated_Source\PSoC5/ErikaOS_1_ee_evget.c ****  *
  35:Generated_Source\PSoC5/ErikaOS_1_ee_evget.c ****  * You should have received a copy of the GNU General Public License
  36:Generated_Source\PSoC5/ErikaOS_1_ee_evget.c ****  * version 2 along with ERIKA Enterprise; if not, write to the
  37:Generated_Source\PSoC5/ErikaOS_1_ee_evget.c ****  * Free Software Foundation, Inc., 51 Franklin Street, Fifth Floor,
  38:Generated_Source\PSoC5/ErikaOS_1_ee_evget.c ****  * Boston, MA 02110-1301 USA.
  39:Generated_Source\PSoC5/ErikaOS_1_ee_evget.c ****  * ###*E*### */
  40:Generated_Source\PSoC5/ErikaOS_1_ee_evget.c **** 
  41:Generated_Source\PSoC5/ErikaOS_1_ee_evget.c **** /*
  42:Generated_Source\PSoC5/ErikaOS_1_ee_evget.c ****  * Author: 2002 Paolo Gai
  43:Generated_Source\PSoC5/ErikaOS_1_ee_evget.c ****  * CVS: $Id: ee_evget.c,v 1.1 2005/07/16 12:23:42 pj Exp $
  44:Generated_Source\PSoC5/ErikaOS_1_ee_evget.c ****  */
  45:Generated_Source\PSoC5/ErikaOS_1_ee_evget.c **** 
  46:Generated_Source\PSoC5/ErikaOS_1_ee_evget.c **** /*
  47:Generated_Source\PSoC5/ErikaOS_1_ee_evget.c ****  * PSoC Port and API Generation
  48:Generated_Source\PSoC5/ErikaOS_1_ee_evget.c ****  * Carlos Fernando Meier Martinez
  49:Generated_Source\PSoC5/ErikaOS_1_ee_evget.c ****  * Hochschule Darmstadt, Germany. 2017.
  50:Generated_Source\PSoC5/ErikaOS_1_ee_evget.c ****  */
  51:Generated_Source\PSoC5/ErikaOS_1_ee_evget.c **** #include "ErikaOS_1_ee_tracing.h"
  52:Generated_Source\PSoC5/ErikaOS_1_ee_evget.c **** 
  53:Generated_Source\PSoC5/ErikaOS_1_ee_evget.c **** #include "ErikaOS_1_ee_internal.inc"
  54:Generated_Source\PSoC5/ErikaOS_1_ee_evget.c **** #if (__OO_configUSE_TRACE_FACILITY == 1)
  55:Generated_Source\PSoC5/ErikaOS_1_ee_evget.c **** #include "trcKernelPort.h"
  56:Generated_Source\PSoC5/ErikaOS_1_ee_evget.c **** #endif
  57:Generated_Source\PSoC5/ErikaOS_1_ee_evget.c **** /* GetEvent:
  58:Generated_Source\PSoC5/ErikaOS_1_ee_evget.c ****    - can be called from a task, from ISR, from error, pre e post taskhook
  59:Generated_Source\PSoC5/ErikaOS_1_ee_evget.c ****    - clear the events for the task
  60:Generated_Source\PSoC5/ErikaOS_1_ee_evget.c ****    - returns (only extended state)
  61:Generated_Source\PSoC5/ErikaOS_1_ee_evget.c ****        E_OS_ID       task id invalid
  62:Generated_Source\PSoC5/ErikaOS_1_ee_evget.c ****        E_OS_ACCESS   if the task is not an extended task
  63:Generated_Source\PSoC5/ErikaOS_1_ee_evget.c ****        E_OS_STATE    the task id is in the suspended state
  64:Generated_Source\PSoC5/ErikaOS_1_ee_evget.c **** */
  65:Generated_Source\PSoC5/ErikaOS_1_ee_evget.c **** 
  66:Generated_Source\PSoC5/ErikaOS_1_ee_evget.c **** 
  67:Generated_Source\PSoC5/ErikaOS_1_ee_evget.c **** #if (defined(__OO_ECC1__)) || (defined(__OO_ECC2__))
  68:Generated_Source\PSoC5/ErikaOS_1_ee_evget.c **** #ifndef __PRIVATE_GETEVENT__
  69:Generated_Source\PSoC5/ErikaOS_1_ee_evget.c **** 
  70:Generated_Source\PSoC5/ErikaOS_1_ee_evget.c **** StatusType EE_oo_GetEvent(TaskType TaskID, EventMaskRefType Event)
  71:Generated_Source\PSoC5/ErikaOS_1_ee_evget.c **** {
  28              		.loc 1 71 0
  29              		.cfi_startproc
  30              		@ args = 0, pretend = 0, frame = 0
  31              		@ frame_needed = 0, uses_anonymous_args = 0
  32              		@ link register save eliminated.
  33              	.LVL0:
  72:Generated_Source\PSoC5/ErikaOS_1_ee_evget.c ****   /* Error Value */
  73:Generated_Source\PSoC5/ErikaOS_1_ee_evget.c ****   register StatusType ev;
  74:Generated_Source\PSoC5/ErikaOS_1_ee_evget.c ****   EE_ORTI_set_service_in(EE_SERVICETRACE_GETEVENT);
  75:Generated_Source\PSoC5/ErikaOS_1_ee_evget.c **** 
  76:Generated_Source\PSoC5/ErikaOS_1_ee_evget.c **** #ifdef EE_SERVICE_PROTECTION__
  77:Generated_Source\PSoC5/ErikaOS_1_ee_evget.c ****   /*  [OS093]: If interrupts are disabled/suspended by a Task/OsIsr and the
  78:Generated_Source\PSoC5/ErikaOS_1_ee_evget.c ****       Task/OsIsr calls any OS service (excluding the interrupt services)
  79:Generated_Source\PSoC5/ErikaOS_1_ee_evget.c ****       then the Operating System shall ignore the service AND shall return
  80:Generated_Source\PSoC5/ErikaOS_1_ee_evget.c ****       E_OS_DISABLEDINT if the service returns a StatusType value. */
  81:Generated_Source\PSoC5/ErikaOS_1_ee_evget.c ****   /*  [OS088]: If an OS-Application makes a service call from the wrong context
ARM GAS  C:\Users\Reza\AppData\Local\Temp\ccxuEUq3.s 			page 3


  82:Generated_Source\PSoC5/ErikaOS_1_ee_evget.c ****       AND is currently not inside a Category 1 ISR the Operating System module
  83:Generated_Source\PSoC5/ErikaOS_1_ee_evget.c ****       shall not perform the requested action (the service call shall have no
  84:Generated_Source\PSoC5/ErikaOS_1_ee_evget.c ****       effect), and return E_OS_CALLEVEL (see [12], section 13.1) or the
  85:Generated_Source\PSoC5/ErikaOS_1_ee_evget.c ****       invalid value of  the service. (BSW11009, BSW11013) */
  86:Generated_Source\PSoC5/ErikaOS_1_ee_evget.c ****   /* GetEvent is callable by Task, ISR2, ErrorHook Pre and Post TaskHook */
  87:Generated_Source\PSoC5/ErikaOS_1_ee_evget.c ****   if ( (EE_as_execution_context > ErrorHook_Context) &&
  88:Generated_Source\PSoC5/ErikaOS_1_ee_evget.c ****        (EE_as_execution_context != PreTaskHook_Context) &&
  89:Generated_Source\PSoC5/ErikaOS_1_ee_evget.c ****        (EE_as_execution_context != PostTaskHook_Context) )
  90:Generated_Source\PSoC5/ErikaOS_1_ee_evget.c ****   {
  91:Generated_Source\PSoC5/ErikaOS_1_ee_evget.c ****     ev = E_OS_CALLEVEL;
  92:Generated_Source\PSoC5/ErikaOS_1_ee_evget.c ****   } else if ( EE_oo_check_disableint_error() ) {
  93:Generated_Source\PSoC5/ErikaOS_1_ee_evget.c ****     ev = E_OS_DISABLEDINT;
  94:Generated_Source\PSoC5/ErikaOS_1_ee_evget.c ****   } else
  95:Generated_Source\PSoC5/ErikaOS_1_ee_evget.c **** #endif /* EE_SERVICE_PROTECTION__ */
  96:Generated_Source\PSoC5/ErikaOS_1_ee_evget.c **** 
  97:Generated_Source\PSoC5/ErikaOS_1_ee_evget.c **** 
  98:Generated_Source\PSoC5/ErikaOS_1_ee_evget.c **** #if (defined(EE_AS_OSAPPLICATIONS__)) && (defined(EE_SERVICE_PROTECTION__))
  99:Generated_Source\PSoC5/ErikaOS_1_ee_evget.c **** #ifdef EE_AS_RPC__
 100:Generated_Source\PSoC5/ErikaOS_1_ee_evget.c ****   /*  [OS589] All functions that are not allowed to operate cross core shall
 101:Generated_Source\PSoC5/ErikaOS_1_ee_evget.c ****         return E_OS_CORE in extended status if called with parameters that
 102:Generated_Source\PSoC5/ErikaOS_1_ee_evget.c ****         require a cross core operation. (BSW4080013) */
 103:Generated_Source\PSoC5/ErikaOS_1_ee_evget.c ****   if ( EE_IS_TID_REMOTE(TaskID) ) {
 104:Generated_Source\PSoC5/ErikaOS_1_ee_evget.c ****     ev = E_OS_CORE;
 105:Generated_Source\PSoC5/ErikaOS_1_ee_evget.c ****   } else
 106:Generated_Source\PSoC5/ErikaOS_1_ee_evget.c **** #endif /* EE_AS_RPC__ */
 107:Generated_Source\PSoC5/ErikaOS_1_ee_evget.c ****   /* check if the task Id is valid */
 108:Generated_Source\PSoC5/ErikaOS_1_ee_evget.c ****   if ( (TaskID < 0) || (TaskID >= EE_MAX_TASK) ) {
 109:Generated_Source\PSoC5/ErikaOS_1_ee_evget.c ****     ev = E_OS_ID;
 110:Generated_Source\PSoC5/ErikaOS_1_ee_evget.c ****   } else if ( EE_TASK_ACCESS_ERR(TaskID, EE_as_active_app) ) {
 111:Generated_Source\PSoC5/ErikaOS_1_ee_evget.c ****     ev = E_OS_ACCESS;
 112:Generated_Source\PSoC5/ErikaOS_1_ee_evget.c ****   } else
 113:Generated_Source\PSoC5/ErikaOS_1_ee_evget.c **** #elif defined(__OO_EXTENDED_STATUS__)
 114:Generated_Source\PSoC5/ErikaOS_1_ee_evget.c **** #ifdef EE_AS_RPC__
 115:Generated_Source\PSoC5/ErikaOS_1_ee_evget.c ****   /* [OS589]: All functions that are not allowed to operate cross core shall
 116:Generated_Source\PSoC5/ErikaOS_1_ee_evget.c ****       return E_OS_CORE in extended status if called with parameters that
 117:Generated_Source\PSoC5/ErikaOS_1_ee_evget.c ****       require a cross core operation. (BSW4080013) */
 118:Generated_Source\PSoC5/ErikaOS_1_ee_evget.c ****   if ( EE_IS_TID_REMOTE(TaskID) ) {
 119:Generated_Source\PSoC5/ErikaOS_1_ee_evget.c ****     ev = E_OS_CORE;
 120:Generated_Source\PSoC5/ErikaOS_1_ee_evget.c ****   } else
 121:Generated_Source\PSoC5/ErikaOS_1_ee_evget.c **** #endif /* EE_AS_RPC__ */
 122:Generated_Source\PSoC5/ErikaOS_1_ee_evget.c ****   /* Check if the TASK ID is valid */
 123:Generated_Source\PSoC5/ErikaOS_1_ee_evget.c ****   if ( (TaskID < 0) || (TaskID >= EE_MAX_TASK) ) {
  34              		.loc 1 123 0
  35 0000 0328     		cmp	r0, #3
  36 0002 0FD8     		bhi	.L3
 124:Generated_Source\PSoC5/ErikaOS_1_ee_evget.c ****     ev = E_OS_ID;
 125:Generated_Source\PSoC5/ErikaOS_1_ee_evget.c ****   } else
 126:Generated_Source\PSoC5/ErikaOS_1_ee_evget.c **** #endif /* EE_AS_OSAPPLICATIONS__ || E_SERVICE_PROTECTION__ ||
 127:Generated_Source\PSoC5/ErikaOS_1_ee_evget.c **** __OO_EXTENDED_STATUS__ */
 128:Generated_Source\PSoC5/ErikaOS_1_ee_evget.c **** #ifdef __OO_EXTENDED_STATUS__
 129:Generated_Source\PSoC5/ErikaOS_1_ee_evget.c ****   if ( EE_th_is_extended[TaskID] == EE_FALSE ) {
  37              		.loc 1 129 0
  38 0004 0B4B     		ldr	r3, .L8
  39 0006 53F82030 		ldr	r3, [r3, r0, lsl #2]
  40 000a 6BB1     		cbz	r3, .L4
 130:Generated_Source\PSoC5/ErikaOS_1_ee_evget.c ****     ev = E_OS_ACCESS;
 131:Generated_Source\PSoC5/ErikaOS_1_ee_evget.c ****   } else if ( EE_th_status[TaskID] == SUSPENDED ) {
ARM GAS  C:\Users\Reza\AppData\Local\Temp\ccxuEUq3.s 			page 4


  41              		.loc 1 131 0
  42 000c 0A4B     		ldr	r3, .L8+4
  43 000e 53F82030 		ldr	r3, [r3, r0, lsl #2]
  44 0012 032B     		cmp	r3, #3
  45 0014 0AD0     		beq	.L5
 132:Generated_Source\PSoC5/ErikaOS_1_ee_evget.c ****     ev = E_OS_STATE;
 133:Generated_Source\PSoC5/ErikaOS_1_ee_evget.c ****   } else
 134:Generated_Source\PSoC5/ErikaOS_1_ee_evget.c **** #endif /* __OO_EXTENDED_STATUS__ */
 135:Generated_Source\PSoC5/ErikaOS_1_ee_evget.c ****   if ( Event == NULL ) {
  46              		.loc 1 135 0
  47 0016 59B1     		cbz	r1, .L6
 136:Generated_Source\PSoC5/ErikaOS_1_ee_evget.c ****     ev = E_OS_PARAM_POINTER;
 137:Generated_Source\PSoC5/ErikaOS_1_ee_evget.c ****   } else
 138:Generated_Source\PSoC5/ErikaOS_1_ee_evget.c **** #if (defined(EE_AS_OSAPPLICATIONS__)) && (defined(EE_SERVICE_PROTECTION__)) \
 139:Generated_Source\PSoC5/ErikaOS_1_ee_evget.c ****   && (defined(__EE_MEMORY_PROTECTION__))
 140:Generated_Source\PSoC5/ErikaOS_1_ee_evget.c ****   /* [SWS_Os_00051] If an invalid address (address is not writable by this
 141:Generated_Source\PSoC5/ErikaOS_1_ee_evget.c ****       OS-Application) is passed as an out-parameter to an Operating System
 142:Generated_Source\PSoC5/ErikaOS_1_ee_evget.c ****       service, the Operating System module shall return the status code
 143:Generated_Source\PSoC5/ErikaOS_1_ee_evget.c ****       E_OS_ILLEGAL_ADDRESS. (SRS_Os_11009, SRS_Os_11013) */
 144:Generated_Source\PSoC5/ErikaOS_1_ee_evget.c ****   if ( !OSMEMORY_IS_WRITEABLE(EE_hal_get_app_mem_access(EE_as_active_app,
 145:Generated_Source\PSoC5/ErikaOS_1_ee_evget.c ****     Event, sizeof(*Event))) )
 146:Generated_Source\PSoC5/ErikaOS_1_ee_evget.c ****   {
 147:Generated_Source\PSoC5/ErikaOS_1_ee_evget.c ****     ev = E_OS_ILLEGAL_ADDRESS;
 148:Generated_Source\PSoC5/ErikaOS_1_ee_evget.c ****   } else
 149:Generated_Source\PSoC5/ErikaOS_1_ee_evget.c **** #endif /* EE_AS_OSAPPLICATIONS__ && __EE_MEMORY_PROTECTION__ &&
 150:Generated_Source\PSoC5/ErikaOS_1_ee_evget.c ****   EE_SERVICE_PROTECTION__ */
 151:Generated_Source\PSoC5/ErikaOS_1_ee_evget.c ****   {
 152:Generated_Source\PSoC5/ErikaOS_1_ee_evget.c ****     /* XXX: This SHALL be atomic. Check this architectures other than TriCore */
 153:Generated_Source\PSoC5/ErikaOS_1_ee_evget.c ****     *Event = EE_th_event_active[TaskID];
  48              		.loc 1 153 0
  49 0018 084B     		ldr	r3, .L8+8
  50 001a 53F82030 		ldr	r3, [r3, r0, lsl #2]
 154:Generated_Source\PSoC5/ErikaOS_1_ee_evget.c ****     ev = E_OK;
  51              		.loc 1 154 0
  52 001e 0020     		movs	r0, #0
  53              	.LVL1:
 153:Generated_Source\PSoC5/ErikaOS_1_ee_evget.c ****     ev = E_OK;
  54              		.loc 1 153 0
  55 0020 0B60     		str	r3, [r1]
  56              	.LVL2:
  57 0022 7047     		bx	lr
  58              	.LVL3:
  59              	.L3:
 124:Generated_Source\PSoC5/ErikaOS_1_ee_evget.c ****   } else
  60              		.loc 1 124 0
  61 0024 0320     		movs	r0, #3
  62              	.LVL4:
  63 0026 7047     		bx	lr
  64              	.LVL5:
  65              	.L4:
 130:Generated_Source\PSoC5/ErikaOS_1_ee_evget.c ****   } else if ( EE_th_status[TaskID] == SUSPENDED ) {
  66              		.loc 1 130 0
  67 0028 0120     		movs	r0, #1
  68              	.LVL6:
  69 002a 7047     		bx	lr
  70              	.LVL7:
  71              	.L5:
ARM GAS  C:\Users\Reza\AppData\Local\Temp\ccxuEUq3.s 			page 5


 132:Generated_Source\PSoC5/ErikaOS_1_ee_evget.c ****   } else
  72              		.loc 1 132 0
  73 002c 0720     		movs	r0, #7
  74              	.LVL8:
  75 002e 7047     		bx	lr
  76              	.LVL9:
  77              	.L6:
 136:Generated_Source\PSoC5/ErikaOS_1_ee_evget.c ****   } else
  78              		.loc 1 136 0
  79 0030 0E20     		movs	r0, #14
  80              	.LVL10:
 155:Generated_Source\PSoC5/ErikaOS_1_ee_evget.c ****   }
 156:Generated_Source\PSoC5/ErikaOS_1_ee_evget.c **** 
 157:Generated_Source\PSoC5/ErikaOS_1_ee_evget.c ****   if ( ev != E_OK ) {
 158:Generated_Source\PSoC5/ErikaOS_1_ee_evget.c ****     EE_OS_ERROR_PARAMETERS();
 159:Generated_Source\PSoC5/ErikaOS_1_ee_evget.c ****     EE_OS_ERROR_PARAMETERS_PARAM1_VALUE((EE_UREG)TaskID);
 160:Generated_Source\PSoC5/ErikaOS_1_ee_evget.c ****     EE_OS_ERROR_PARAMETERS_PARAM2_REF(event_ref,Event);
 161:Generated_Source\PSoC5/ErikaOS_1_ee_evget.c **** 
 162:Generated_Source\PSoC5/ErikaOS_1_ee_evget.c ****     EE_os_notify_error_from_us(OSServiceId_GetEvent, &error_parameters, ev);
 163:Generated_Source\PSoC5/ErikaOS_1_ee_evget.c ****     EE_ORTI_set_service_out(EE_SERVICETRACE_GETEVENT);
 164:Generated_Source\PSoC5/ErikaOS_1_ee_evget.c ****   } else {
 165:Generated_Source\PSoC5/ErikaOS_1_ee_evget.c ****     EE_ORTI_set_service_out(EE_SERVICETRACE_GETEVENT);
 166:Generated_Source\PSoC5/ErikaOS_1_ee_evget.c ****   }
 167:Generated_Source\PSoC5/ErikaOS_1_ee_evget.c **** 
 168:Generated_Source\PSoC5/ErikaOS_1_ee_evget.c **** #if (__OO_configUSE_TRACE_FACILITY == 1)
 169:Generated_Source\PSoC5/ErikaOS_1_ee_evget.c ****     traceTASK_GET_EVENT(TaskID, *Event)
 170:Generated_Source\PSoC5/ErikaOS_1_ee_evget.c **** #endif
 171:Generated_Source\PSoC5/ErikaOS_1_ee_evget.c **** 
 172:Generated_Source\PSoC5/ErikaOS_1_ee_evget.c ****   return ev;
 173:Generated_Source\PSoC5/ErikaOS_1_ee_evget.c **** }
  81              		.loc 1 173 0
  82 0032 7047     		bx	lr
  83              	.L9:
  84              		.align	2
  85              	.L8:
  86 0034 00000000 		.word	EE_th_is_extended
  87 0038 00000000 		.word	EE_th_status
  88 003c 00000000 		.word	EE_th_event_active
  89              		.cfi_endproc
  90              	.LFE70:
  91              		.size	EE_oo_GetEvent, .-EE_oo_GetEvent
  92              		.text
  93              	.Letext0:
  94              		.file 2 "Generated_Source\\PSoC5\\ErikaOS_1_common_ee_types.inc"
  95              		.file 3 "Generated_Source\\PSoC5\\ErikaOS_1_cortex_mx_ee_cpu.inc"
  96              		.file 4 "Generated_Source\\PSoC5\\ErikaOS_1_ee_oo_common.inc"
  97              		.file 5 "Generated_Source\\PSoC5\\ErikaOS_1_ee_oo_internal.inc"
  98              		.file 6 "Generated_Source\\PSoC5\\ErikaOS_1_common_ee_primitives.inc"
  99              		.file 7 "Generated_Source\\PSoC5\\ErikaOS_1_cortex_mx_ee_context.inc"
 100              		.file 8 "Generated_Source\\PSoC5\\ErikaOS_1_ee_oo_intfunc.inc"
 101              		.section	.debug_info,"",%progbits
 102              	.Ldebug_info0:
 103 0000 C6040000 		.4byte	0x4c6
 104 0004 0400     		.2byte	0x4
 105 0006 00000000 		.4byte	.Ldebug_abbrev0
 106 000a 04       		.byte	0x4
 107 000b 01       		.uleb128 0x1
ARM GAS  C:\Users\Reza\AppData\Local\Temp\ccxuEUq3.s 			page 6


 108 000c F8030000 		.4byte	.LASF74
 109 0010 0C       		.byte	0xc
 110 0011 41030000 		.4byte	.LASF75
 111 0015 11010000 		.4byte	.LASF76
 112 0019 00000000 		.4byte	.Ldebug_ranges0+0
 113 001d 00000000 		.4byte	0
 114 0021 00000000 		.4byte	.Ldebug_line0
 115 0025 02       		.uleb128 0x2
 116 0026 01       		.byte	0x1
 117 0027 06       		.byte	0x6
 118 0028 9E030000 		.4byte	.LASF0
 119 002c 02       		.uleb128 0x2
 120 002d 01       		.byte	0x1
 121 002e 08       		.byte	0x8
 122 002f 1B030000 		.4byte	.LASF1
 123 0033 02       		.uleb128 0x2
 124 0034 02       		.byte	0x2
 125 0035 05       		.byte	0x5
 126 0036 8E000000 		.4byte	.LASF2
 127 003a 02       		.uleb128 0x2
 128 003b 02       		.byte	0x2
 129 003c 07       		.byte	0x7
 130 003d 86040000 		.4byte	.LASF3
 131 0041 02       		.uleb128 0x2
 132 0042 04       		.byte	0x4
 133 0043 05       		.byte	0x5
 134 0044 91020000 		.4byte	.LASF4
 135 0048 02       		.uleb128 0x2
 136 0049 04       		.byte	0x4
 137 004a 07       		.byte	0x7
 138 004b E9040000 		.4byte	.LASF5
 139 004f 02       		.uleb128 0x2
 140 0050 08       		.byte	0x8
 141 0051 05       		.byte	0x5
 142 0052 41020000 		.4byte	.LASF6
 143 0056 02       		.uleb128 0x2
 144 0057 08       		.byte	0x8
 145 0058 07       		.byte	0x7
 146 0059 AA030000 		.4byte	.LASF7
 147 005d 03       		.uleb128 0x3
 148 005e 04       		.byte	0x4
 149 005f 05       		.byte	0x5
 150 0060 696E7400 		.ascii	"int\000"
 151 0064 02       		.uleb128 0x2
 152 0065 04       		.byte	0x4
 153 0066 07       		.byte	0x7
 154 0067 D8030000 		.4byte	.LASF8
 155 006b 02       		.uleb128 0x2
 156 006c 08       		.byte	0x8
 157 006d 04       		.byte	0x4
 158 006e 35020000 		.4byte	.LASF9
 159 0072 04       		.uleb128 0x4
 160 0073 1E000000 		.4byte	.LASF10
 161 0077 02       		.byte	0x2
 162 0078 3E       		.byte	0x3e
 163 0079 2C000000 		.4byte	0x2c
 164 007d 04       		.uleb128 0x4
ARM GAS  C:\Users\Reza\AppData\Local\Temp\ccxuEUq3.s 			page 7


 165 007e 4F020000 		.4byte	.LASF11
 166 0082 02       		.byte	0x2
 167 0083 3F       		.byte	0x3f
 168 0084 25000000 		.4byte	0x25
 169 0088 04       		.uleb128 0x4
 170 0089 B7040000 		.4byte	.LASF12
 171 008d 02       		.byte	0x2
 172 008e 52       		.byte	0x52
 173 008f 3A000000 		.4byte	0x3a
 174 0093 04       		.uleb128 0x4
 175 0094 06020000 		.4byte	.LASF13
 176 0098 02       		.byte	0x2
 177 0099 53       		.byte	0x53
 178 009a 5D000000 		.4byte	0x5d
 179 009e 04       		.uleb128 0x4
 180 009f CF000000 		.4byte	.LASF14
 181 00a3 02       		.byte	0x2
 182 00a4 54       		.byte	0x54
 183 00a5 64000000 		.4byte	0x64
 184 00a9 04       		.uleb128 0x4
 185 00aa 35000000 		.4byte	.LASF15
 186 00ae 03       		.byte	0x3
 187 00af 4D       		.byte	0x4d
 188 00b0 9E000000 		.4byte	0x9e
 189 00b4 04       		.uleb128 0x4
 190 00b5 B1000000 		.4byte	.LASF16
 191 00b9 03       		.byte	0x3
 192 00ba 4F       		.byte	0x4f
 193 00bb 9E000000 		.4byte	0x9e
 194 00bf 04       		.uleb128 0x4
 195 00c0 FB040000 		.4byte	.LASF17
 196 00c4 03       		.byte	0x3
 197 00c5 54       		.byte	0x54
 198 00c6 A9000000 		.4byte	0xa9
 199 00ca 04       		.uleb128 0x4
 200 00cb EA000000 		.4byte	.LASF18
 201 00cf 03       		.byte	0x3
 202 00d0 78       		.byte	0x78
 203 00d1 93000000 		.4byte	0x93
 204 00d5 05       		.uleb128 0x5
 205 00d6 70020000 		.4byte	.LASF19
 206 00da 04       		.byte	0x4
 207 00db 1101     		.2byte	0x111
 208 00dd 88000000 		.4byte	0x88
 209 00e1 05       		.uleb128 0x5
 210 00e2 38030000 		.4byte	.LASF20
 211 00e6 04       		.byte	0x4
 212 00e7 F701     		.2byte	0x1f7
 213 00e9 CA000000 		.4byte	0xca
 214 00ed 06       		.uleb128 0x6
 215 00ee 04       		.byte	0x4
 216 00ef A9000000 		.4byte	0xa9
 217 00f3 05       		.uleb128 0x5
 218 00f4 4A000000 		.4byte	.LASF21
 219 00f8 04       		.byte	0x4
 220 00f9 2F02     		.2byte	0x22f
 221 00fb ED000000 		.4byte	0xed
ARM GAS  C:\Users\Reza\AppData\Local\Temp\ccxuEUq3.s 			page 8


 222 00ff 05       		.uleb128 0x5
 223 0100 F1020000 		.4byte	.LASF22
 224 0104 04       		.byte	0x4
 225 0105 3502     		.2byte	0x235
 226 0107 A9000000 		.4byte	0xa9
 227 010b 05       		.uleb128 0x5
 228 010c 09030000 		.4byte	.LASF23
 229 0110 04       		.byte	0x4
 230 0111 5D02     		.2byte	0x25d
 231 0113 A9000000 		.4byte	0xa9
 232 0117 05       		.uleb128 0x5
 233 0118 3E050000 		.4byte	.LASF24
 234 011c 04       		.byte	0x4
 235 011d 6C02     		.2byte	0x26c
 236 011f A9000000 		.4byte	0xa9
 237 0123 07       		.uleb128 0x7
 238 0124 0C       		.byte	0xc
 239 0125 04       		.byte	0x4
 240 0126 7202     		.2byte	0x272
 241 0128 54010000 		.4byte	0x154
 242 012c 08       		.uleb128 0x8
 243 012d 9A020000 		.4byte	.LASF25
 244 0131 04       		.byte	0x4
 245 0132 7302     		.2byte	0x273
 246 0134 FF000000 		.4byte	0xff
 247 0138 00       		.byte	0
 248 0139 08       		.uleb128 0x8
 249 013a 3D000000 		.4byte	.LASF26
 250 013e 04       		.byte	0x4
 251 013f 7402     		.2byte	0x274
 252 0141 FF000000 		.4byte	0xff
 253 0145 04       		.byte	0x4
 254 0146 08       		.uleb128 0x8
 255 0147 F1000000 		.4byte	.LASF27
 256 014b 04       		.byte	0x4
 257 014c 7502     		.2byte	0x275
 258 014e FF000000 		.4byte	0xff
 259 0152 08       		.byte	0x8
 260 0153 00       		.byte	0
 261 0154 05       		.uleb128 0x5
 262 0155 DA020000 		.4byte	.LASF28
 263 0159 04       		.byte	0x4
 264 015a 7A02     		.2byte	0x27a
 265 015c 23010000 		.4byte	0x123
 266 0160 07       		.uleb128 0x7
 267 0161 08       		.byte	0x8
 268 0162 04       		.byte	0x4
 269 0163 7D02     		.2byte	0x27d
 270 0165 84010000 		.4byte	0x184
 271 0169 08       		.uleb128 0x8
 272 016a FA000000 		.4byte	.LASF29
 273 016e 04       		.byte	0x4
 274 016f 7E02     		.2byte	0x27e
 275 0171 FF000000 		.4byte	0xff
 276 0175 00       		.byte	0
 277 0176 08       		.uleb128 0x8
 278 0177 AF050000 		.4byte	.LASF30
ARM GAS  C:\Users\Reza\AppData\Local\Temp\ccxuEUq3.s 			page 9


 279 017b 04       		.byte	0x4
 280 017c 7F02     		.2byte	0x27f
 281 017e 0B010000 		.4byte	0x10b
 282 0182 04       		.byte	0x4
 283 0183 00       		.byte	0
 284 0184 05       		.uleb128 0x5
 285 0185 C1030000 		.4byte	.LASF31
 286 0189 04       		.byte	0x4
 287 018a 8002     		.2byte	0x280
 288 018c 60010000 		.4byte	0x160
 289 0190 09       		.uleb128 0x9
 290 0191 01       		.byte	0x1
 291 0192 2C000000 		.4byte	0x2c
 292 0196 04       		.byte	0x4
 293 0197 8A02     		.2byte	0x28a
 294 0199 AA010000 		.4byte	0x1aa
 295 019d 0A       		.uleb128 0xa
 296 019e 27050000 		.4byte	.LASF32
 297 01a2 00       		.byte	0
 298 01a3 0A       		.uleb128 0xa
 299 01a4 80020000 		.4byte	.LASF33
 300 01a8 01       		.byte	0x1
 301 01a9 00       		.byte	0
 302 01aa 05       		.uleb128 0x5
 303 01ab D2010000 		.4byte	.LASF34
 304 01af 04       		.byte	0x4
 305 01b0 8D02     		.2byte	0x28d
 306 01b2 90010000 		.4byte	0x190
 307 01b6 05       		.uleb128 0x5
 308 01b7 B9000000 		.4byte	.LASF35
 309 01bb 04       		.byte	0x4
 310 01bc 9002     		.2byte	0x290
 311 01be AA010000 		.4byte	0x1aa
 312 01c2 07       		.uleb128 0x7
 313 01c3 0C       		.byte	0xc
 314 01c4 04       		.byte	0x4
 315 01c5 9402     		.2byte	0x294
 316 01c7 F1010000 		.4byte	0x1f1
 317 01cb 0B       		.uleb128 0xb
 318 01cc 6300     		.ascii	"c\000"
 319 01ce 04       		.byte	0x4
 320 01cf 9602     		.2byte	0x296
 321 01d1 17010000 		.4byte	0x117
 322 01d5 00       		.byte	0
 323 01d6 08       		.uleb128 0x8
 324 01d7 A9000000 		.4byte	.LASF36
 325 01db 04       		.byte	0x4
 326 01dc 9802     		.2byte	0x298
 327 01de 0B010000 		.4byte	0x10b
 328 01e2 04       		.byte	0x4
 329 01e3 08       		.uleb128 0x8
 330 01e4 19000000 		.4byte	.LASF37
 331 01e8 04       		.byte	0x4
 332 01e9 9A02     		.2byte	0x29a
 333 01eb B6010000 		.4byte	0x1b6
 334 01ef 08       		.byte	0x8
 335 01f0 00       		.byte	0
ARM GAS  C:\Users\Reza\AppData\Local\Temp\ccxuEUq3.s 			page 10


 336 01f1 05       		.uleb128 0x5
 337 01f2 99040000 		.4byte	.LASF38
 338 01f6 04       		.byte	0x4
 339 01f7 9B02     		.2byte	0x29b
 340 01f9 C2010000 		.4byte	0x1c2
 341 01fd 07       		.uleb128 0x7
 342 01fe 10       		.byte	0x10
 343 01ff 04       		.byte	0x4
 344 0200 9F02     		.2byte	0x29f
 345 0202 3B020000 		.4byte	0x23b
 346 0206 08       		.uleb128 0x8
 347 0207 30050000 		.4byte	.LASF39
 348 020b 04       		.byte	0x4
 349 020c A002     		.2byte	0x2a0
 350 020e BF000000 		.4byte	0xbf
 351 0212 00       		.byte	0
 352 0213 08       		.uleb128 0x8
 353 0214 76050000 		.4byte	.LASF40
 354 0218 04       		.byte	0x4
 355 0219 A102     		.2byte	0x2a1
 356 021b FF000000 		.4byte	0xff
 357 021f 04       		.byte	0x4
 358 0220 08       		.uleb128 0x8
 359 0221 A3000000 		.4byte	.LASF41
 360 0225 04       		.byte	0x4
 361 0226 A202     		.2byte	0x2a2
 362 0228 FF000000 		.4byte	0xff
 363 022c 08       		.byte	0x8
 364 022d 08       		.uleb128 0x8
 365 022e 9D050000 		.4byte	.LASF42
 366 0232 04       		.byte	0x4
 367 0233 A302     		.2byte	0x2a3
 368 0235 0B010000 		.4byte	0x10b
 369 0239 0C       		.byte	0xc
 370 023a 00       		.byte	0
 371 023b 05       		.uleb128 0x5
 372 023c AA020000 		.4byte	.LASF43
 373 0240 04       		.byte	0x4
 374 0241 A402     		.2byte	0x2a4
 375 0243 FD010000 		.4byte	0x1fd
 376 0247 05       		.uleb128 0x5
 377 0248 98000000 		.4byte	.LASF44
 378 024c 04       		.byte	0x4
 379 024d 2103     		.2byte	0x321
 380 024f 2C000000 		.4byte	0x2c
 381 0253 0C       		.uleb128 0xc
 382 0254 6E000000 		.4byte	.LASF45
 383 0258 04       		.byte	0x4
 384 0259 9703     		.2byte	0x397
 385 025b 03       		.byte	0x3
 386 025c 6D020000 		.4byte	0x26d
 387 0260 0D       		.uleb128 0xd
 388 0261 73727600 		.ascii	"srv\000"
 389 0265 04       		.byte	0x4
 390 0266 9703     		.2byte	0x397
 391 0268 72000000 		.4byte	0x72
 392 026c 00       		.byte	0
ARM GAS  C:\Users\Reza\AppData\Local\Temp\ccxuEUq3.s 			page 11


 393 026d 0C       		.uleb128 0xc
 394 026e 0F020000 		.4byte	.LASF46
 395 0272 04       		.byte	0x4
 396 0273 A303     		.2byte	0x3a3
 397 0275 03       		.byte	0x3
 398 0276 86020000 		.4byte	0x286
 399 027a 0D       		.uleb128 0xd
 400 027b 696400   		.ascii	"id\000"
 401 027e 04       		.byte	0x4
 402 027f A303     		.2byte	0x3a3
 403 0281 72000000 		.4byte	0x72
 404 0285 00       		.byte	0
 405 0286 0C       		.uleb128 0xc
 406 0287 6D030000 		.4byte	.LASF47
 407 028b 04       		.byte	0x4
 408 028c A803     		.2byte	0x3a8
 409 028e 03       		.byte	0x3
 410 028f 9F020000 		.4byte	0x29f
 411 0293 0D       		.uleb128 0xd
 412 0294 696400   		.ascii	"id\000"
 413 0297 04       		.byte	0x4
 414 0298 A803     		.2byte	0x3a8
 415 029a 72000000 		.4byte	0x72
 416 029e 00       		.byte	0
 417 029f 0E       		.uleb128 0xe
 418 02a0 07050000 		.4byte	.LASF48
 419 02a4 05       		.byte	0x5
 420 02a5 B7       		.byte	0xb7
 421 02a6 03       		.byte	0x3
 422 02a7 B7020000 		.4byte	0x2b7
 423 02ab 0F       		.uleb128 0xf
 424 02ac C1040000 		.4byte	.LASF49
 425 02b0 05       		.byte	0x5
 426 02b1 B8       		.byte	0xb8
 427 02b2 47020000 		.4byte	0x247
 428 02b6 00       		.byte	0
 429 02b7 10       		.uleb128 0x10
 430 02b8 26020000 		.4byte	.LASF77
 431 02bc 01       		.byte	0x1
 432 02bd 46       		.byte	0x46
 433 02be 47020000 		.4byte	0x247
 434 02c2 00000000 		.4byte	.LFB70
 435 02c6 40000000 		.4byte	.LFE70-.LFB70
 436 02ca 01       		.uleb128 0x1
 437 02cb 9C       		.byte	0x9c
 438 02cc FB020000 		.4byte	0x2fb
 439 02d0 11       		.uleb128 0x11
 440 02d1 F1030000 		.4byte	.LASF50
 441 02d5 01       		.byte	0x1
 442 02d6 46       		.byte	0x46
 443 02d7 E1000000 		.4byte	0xe1
 444 02db 00000000 		.4byte	.LLST0
 445 02df 12       		.uleb128 0x12
 446 02e0 97050000 		.4byte	.LASF51
 447 02e4 01       		.byte	0x1
 448 02e5 46       		.byte	0x46
 449 02e6 F3000000 		.4byte	0xf3
ARM GAS  C:\Users\Reza\AppData\Local\Temp\ccxuEUq3.s 			page 12


 450 02ea 01       		.uleb128 0x1
 451 02eb 51       		.byte	0x51
 452 02ec 13       		.uleb128 0x13
 453 02ed 657600   		.ascii	"ev\000"
 454 02f0 01       		.byte	0x1
 455 02f1 49       		.byte	0x49
 456 02f2 47020000 		.4byte	0x247
 457 02f6 85000000 		.4byte	.LLST1
 458 02fa 00       		.byte	0
 459 02fb 14       		.uleb128 0x14
 460 02fc F1010000 		.4byte	.LASF52
 461 0300 06       		.byte	0x6
 462 0301 44       		.byte	0x44
 463 0302 A9000000 		.4byte	0xa9
 464 0306 14       		.uleb128 0x14
 465 0307 00000000 		.4byte	.LASF53
 466 030b 07       		.byte	0x7
 467 030c 48       		.byte	0x48
 468 030d CA000000 		.4byte	0xca
 469 0311 15       		.uleb128 0x15
 470 0312 28030000 		.4byte	0x328
 471 0316 21030000 		.4byte	0x321
 472 031a 16       		.uleb128 0x16
 473 031b 21030000 		.4byte	0x321
 474 031f 03       		.byte	0x3
 475 0320 00       		.byte	0
 476 0321 02       		.uleb128 0x2
 477 0322 04       		.byte	0x4
 478 0323 07       		.byte	0x7
 479 0324 35050000 		.4byte	.LASF54
 480 0328 17       		.uleb128 0x17
 481 0329 A9000000 		.4byte	0xa9
 482 032d 14       		.uleb128 0x14
 483 032e D9000000 		.4byte	.LASF55
 484 0332 04       		.byte	0x4
 485 0333 B2       		.byte	0xb2
 486 0334 38030000 		.4byte	0x338
 487 0338 17       		.uleb128 0x17
 488 0339 11030000 		.4byte	0x311
 489 033d 14       		.uleb128 0x14
 490 033e 57050000 		.4byte	.LASF56
 491 0342 04       		.byte	0x4
 492 0343 B3       		.byte	0xb3
 493 0344 48030000 		.4byte	0x348
 494 0348 17       		.uleb128 0x17
 495 0349 11030000 		.4byte	0x311
 496 034d 15       		.uleb128 0x15
 497 034e A9000000 		.4byte	0xa9
 498 0352 5D030000 		.4byte	0x35d
 499 0356 16       		.uleb128 0x16
 500 0357 21030000 		.4byte	0x321
 501 035b 03       		.byte	0x3
 502 035c 00       		.byte	0
 503 035d 14       		.uleb128 0x14
 504 035e 4A050000 		.4byte	.LASF57
 505 0362 04       		.byte	0x4
 506 0363 CA       		.byte	0xca
ARM GAS  C:\Users\Reza\AppData\Local\Temp\ccxuEUq3.s 			page 13


 507 0364 4D030000 		.4byte	0x34d
 508 0368 15       		.uleb128 0x15
 509 0369 CA000000 		.4byte	0xca
 510 036d 78030000 		.4byte	0x378
 511 0371 16       		.uleb128 0x16
 512 0372 21030000 		.4byte	0x321
 513 0376 03       		.byte	0x3
 514 0377 00       		.byte	0
 515 0378 14       		.uleb128 0x14
 516 0379 6B050000 		.4byte	.LASF58
 517 037d 04       		.byte	0x4
 518 037e D2       		.byte	0xd2
 519 037f 68030000 		.4byte	0x368
 520 0383 14       		.uleb128 0x14
 521 0384 E5030000 		.4byte	.LASF59
 522 0388 04       		.byte	0x4
 523 0389 DA       		.byte	0xda
 524 038a 4D030000 		.4byte	0x34d
 525 038e 14       		.uleb128 0x14
 526 038f 82000000 		.4byte	.LASF60
 527 0393 04       		.byte	0x4
 528 0394 E2       		.byte	0xe2
 529 0395 CA000000 		.4byte	0xca
 530 0399 14       		.uleb128 0x14
 531 039a FA020000 		.4byte	.LASF61
 532 039e 04       		.byte	0x4
 533 039f F7       		.byte	0xf7
 534 03a0 A9000000 		.4byte	0xa9
 535 03a4 18       		.uleb128 0x18
 536 03a5 27000000 		.4byte	.LASF62
 537 03a9 04       		.byte	0x4
 538 03aa 3F01     		.2byte	0x13f
 539 03ac D5000000 		.4byte	0xd5
 540 03b0 18       		.uleb128 0x18
 541 03b1 5B000000 		.4byte	.LASF63
 542 03b5 04       		.byte	0x4
 543 03b6 5C01     		.2byte	0x15c
 544 03b8 4D030000 		.4byte	0x34d
 545 03bc 15       		.uleb128 0x15
 546 03bd BF000000 		.4byte	0xbf
 547 03c1 CC030000 		.4byte	0x3cc
 548 03c5 16       		.uleb128 0x16
 549 03c6 21030000 		.4byte	0x321
 550 03ca 03       		.byte	0x3
 551 03cb 00       		.byte	0
 552 03cc 18       		.uleb128 0x18
 553 03cd 00010000 		.4byte	.LASF64
 554 03d1 04       		.byte	0x4
 555 03d2 6701     		.2byte	0x167
 556 03d4 BC030000 		.4byte	0x3bc
 557 03d8 15       		.uleb128 0x15
 558 03d9 E8030000 		.4byte	0x3e8
 559 03dd E8030000 		.4byte	0x3e8
 560 03e1 16       		.uleb128 0x16
 561 03e2 21030000 		.4byte	0x321
 562 03e6 03       		.byte	0x3
 563 03e7 00       		.byte	0
ARM GAS  C:\Users\Reza\AppData\Local\Temp\ccxuEUq3.s 			page 14


 564 03e8 17       		.uleb128 0x17
 565 03e9 BF000000 		.4byte	0xbf
 566 03ed 18       		.uleb128 0x18
 567 03ee C8020000 		.4byte	.LASF65
 568 03f2 04       		.byte	0x4
 569 03f3 7401     		.2byte	0x174
 570 03f5 F9030000 		.4byte	0x3f9
 571 03f9 17       		.uleb128 0x17
 572 03fa D8030000 		.4byte	0x3d8
 573 03fe 15       		.uleb128 0x15
 574 03ff 0E040000 		.4byte	0x40e
 575 0403 0E040000 		.4byte	0x40e
 576 0407 16       		.uleb128 0x16
 577 0408 21030000 		.4byte	0x321
 578 040c 00       		.byte	0
 579 040d 00       		.byte	0
 580 040e 17       		.uleb128 0x17
 581 040f 54010000 		.4byte	0x154
 582 0413 18       		.uleb128 0x18
 583 0414 29030000 		.4byte	.LASF66
 584 0418 04       		.byte	0x4
 585 0419 CA02     		.2byte	0x2ca
 586 041b 1F040000 		.4byte	0x41f
 587 041f 17       		.uleb128 0x17
 588 0420 FE030000 		.4byte	0x3fe
 589 0424 15       		.uleb128 0x15
 590 0425 34040000 		.4byte	0x434
 591 0429 34040000 		.4byte	0x434
 592 042d 16       		.uleb128 0x16
 593 042e 21030000 		.4byte	0x321
 594 0432 01       		.byte	0x1
 595 0433 00       		.byte	0
 596 0434 17       		.uleb128 0x17
 597 0435 F1010000 		.4byte	0x1f1
 598 0439 18       		.uleb128 0x18
 599 043a B9010000 		.4byte	.LASF67
 600 043e 04       		.byte	0x4
 601 043f DD02     		.2byte	0x2dd
 602 0441 45040000 		.4byte	0x445
 603 0445 17       		.uleb128 0x17
 604 0446 24040000 		.4byte	0x424
 605 044a 15       		.uleb128 0x15
 606 044b 84010000 		.4byte	0x184
 607 044f 5A040000 		.4byte	0x45a
 608 0453 16       		.uleb128 0x16
 609 0454 21030000 		.4byte	0x321
 610 0458 00       		.byte	0
 611 0459 00       		.byte	0
 612 045a 18       		.uleb128 0x18
 613 045b C7040000 		.4byte	.LASF68
 614 045f 04       		.byte	0x4
 615 0460 FB02     		.2byte	0x2fb
 616 0462 4A040000 		.4byte	0x44a
 617 0466 15       		.uleb128 0x15
 618 0467 3B020000 		.4byte	0x23b
 619 046b 76040000 		.4byte	0x476
 620 046f 16       		.uleb128 0x16
ARM GAS  C:\Users\Reza\AppData\Local\Temp\ccxuEUq3.s 			page 15


 621 0470 21030000 		.4byte	0x321
 622 0474 01       		.byte	0x1
 623 0475 00       		.byte	0
 624 0476 18       		.uleb128 0x18
 625 0477 85030000 		.4byte	.LASF69
 626 047b 04       		.byte	0x4
 627 047c 0403     		.2byte	0x304
 628 047e 66040000 		.4byte	0x466
 629 0482 14       		.uleb128 0x14
 630 0483 7F050000 		.4byte	.LASF70
 631 0487 08       		.byte	0x8
 632 0488 40       		.byte	0x40
 633 0489 A9000000 		.4byte	0xa9
 634 048d 14       		.uleb128 0x14
 635 048e 57020000 		.4byte	.LASF71
 636 0492 08       		.byte	0x8
 637 0493 47       		.byte	0x47
 638 0494 B4000000 		.4byte	0xb4
 639 0498 14       		.uleb128 0x14
 640 0499 D6040000 		.4byte	.LASF72
 641 049d 08       		.byte	0x8
 642 049e 4A       		.byte	0x4a
 643 049f A9000000 		.4byte	0xa9
 644 04a3 15       		.uleb128 0x15
 645 04a4 B3040000 		.4byte	0x4b3
 646 04a8 B3040000 		.4byte	0x4b3
 647 04ac 16       		.uleb128 0x16
 648 04ad 21030000 		.4byte	0x321
 649 04b1 FF       		.byte	0xff
 650 04b2 00       		.byte	0
 651 04b3 17       		.uleb128 0x17
 652 04b4 7D000000 		.4byte	0x7d
 653 04b8 18       		.uleb128 0x18
 654 04b9 A2050000 		.4byte	.LASF73
 655 04bd 05       		.byte	0x5
 656 04be AB01     		.2byte	0x1ab
 657 04c0 C4040000 		.4byte	0x4c4
 658 04c4 17       		.uleb128 0x17
 659 04c5 A3040000 		.4byte	0x4a3
 660 04c9 00       		.byte	0
 661              		.section	.debug_abbrev,"",%progbits
 662              	.Ldebug_abbrev0:
 663 0000 01       		.uleb128 0x1
 664 0001 11       		.uleb128 0x11
 665 0002 01       		.byte	0x1
 666 0003 25       		.uleb128 0x25
 667 0004 0E       		.uleb128 0xe
 668 0005 13       		.uleb128 0x13
 669 0006 0B       		.uleb128 0xb
 670 0007 03       		.uleb128 0x3
 671 0008 0E       		.uleb128 0xe
 672 0009 1B       		.uleb128 0x1b
 673 000a 0E       		.uleb128 0xe
 674 000b 55       		.uleb128 0x55
 675 000c 17       		.uleb128 0x17
 676 000d 11       		.uleb128 0x11
 677 000e 01       		.uleb128 0x1
ARM GAS  C:\Users\Reza\AppData\Local\Temp\ccxuEUq3.s 			page 16


 678 000f 10       		.uleb128 0x10
 679 0010 17       		.uleb128 0x17
 680 0011 00       		.byte	0
 681 0012 00       		.byte	0
 682 0013 02       		.uleb128 0x2
 683 0014 24       		.uleb128 0x24
 684 0015 00       		.byte	0
 685 0016 0B       		.uleb128 0xb
 686 0017 0B       		.uleb128 0xb
 687 0018 3E       		.uleb128 0x3e
 688 0019 0B       		.uleb128 0xb
 689 001a 03       		.uleb128 0x3
 690 001b 0E       		.uleb128 0xe
 691 001c 00       		.byte	0
 692 001d 00       		.byte	0
 693 001e 03       		.uleb128 0x3
 694 001f 24       		.uleb128 0x24
 695 0020 00       		.byte	0
 696 0021 0B       		.uleb128 0xb
 697 0022 0B       		.uleb128 0xb
 698 0023 3E       		.uleb128 0x3e
 699 0024 0B       		.uleb128 0xb
 700 0025 03       		.uleb128 0x3
 701 0026 08       		.uleb128 0x8
 702 0027 00       		.byte	0
 703 0028 00       		.byte	0
 704 0029 04       		.uleb128 0x4
 705 002a 16       		.uleb128 0x16
 706 002b 00       		.byte	0
 707 002c 03       		.uleb128 0x3
 708 002d 0E       		.uleb128 0xe
 709 002e 3A       		.uleb128 0x3a
 710 002f 0B       		.uleb128 0xb
 711 0030 3B       		.uleb128 0x3b
 712 0031 0B       		.uleb128 0xb
 713 0032 49       		.uleb128 0x49
 714 0033 13       		.uleb128 0x13
 715 0034 00       		.byte	0
 716 0035 00       		.byte	0
 717 0036 05       		.uleb128 0x5
 718 0037 16       		.uleb128 0x16
 719 0038 00       		.byte	0
 720 0039 03       		.uleb128 0x3
 721 003a 0E       		.uleb128 0xe
 722 003b 3A       		.uleb128 0x3a
 723 003c 0B       		.uleb128 0xb
 724 003d 3B       		.uleb128 0x3b
 725 003e 05       		.uleb128 0x5
 726 003f 49       		.uleb128 0x49
 727 0040 13       		.uleb128 0x13
 728 0041 00       		.byte	0
 729 0042 00       		.byte	0
 730 0043 06       		.uleb128 0x6
 731 0044 0F       		.uleb128 0xf
 732 0045 00       		.byte	0
 733 0046 0B       		.uleb128 0xb
 734 0047 0B       		.uleb128 0xb
ARM GAS  C:\Users\Reza\AppData\Local\Temp\ccxuEUq3.s 			page 17


 735 0048 49       		.uleb128 0x49
 736 0049 13       		.uleb128 0x13
 737 004a 00       		.byte	0
 738 004b 00       		.byte	0
 739 004c 07       		.uleb128 0x7
 740 004d 13       		.uleb128 0x13
 741 004e 01       		.byte	0x1
 742 004f 0B       		.uleb128 0xb
 743 0050 0B       		.uleb128 0xb
 744 0051 3A       		.uleb128 0x3a
 745 0052 0B       		.uleb128 0xb
 746 0053 3B       		.uleb128 0x3b
 747 0054 05       		.uleb128 0x5
 748 0055 01       		.uleb128 0x1
 749 0056 13       		.uleb128 0x13
 750 0057 00       		.byte	0
 751 0058 00       		.byte	0
 752 0059 08       		.uleb128 0x8
 753 005a 0D       		.uleb128 0xd
 754 005b 00       		.byte	0
 755 005c 03       		.uleb128 0x3
 756 005d 0E       		.uleb128 0xe
 757 005e 3A       		.uleb128 0x3a
 758 005f 0B       		.uleb128 0xb
 759 0060 3B       		.uleb128 0x3b
 760 0061 05       		.uleb128 0x5
 761 0062 49       		.uleb128 0x49
 762 0063 13       		.uleb128 0x13
 763 0064 38       		.uleb128 0x38
 764 0065 0B       		.uleb128 0xb
 765 0066 00       		.byte	0
 766 0067 00       		.byte	0
 767 0068 09       		.uleb128 0x9
 768 0069 04       		.uleb128 0x4
 769 006a 01       		.byte	0x1
 770 006b 0B       		.uleb128 0xb
 771 006c 0B       		.uleb128 0xb
 772 006d 49       		.uleb128 0x49
 773 006e 13       		.uleb128 0x13
 774 006f 3A       		.uleb128 0x3a
 775 0070 0B       		.uleb128 0xb
 776 0071 3B       		.uleb128 0x3b
 777 0072 05       		.uleb128 0x5
 778 0073 01       		.uleb128 0x1
 779 0074 13       		.uleb128 0x13
 780 0075 00       		.byte	0
 781 0076 00       		.byte	0
 782 0077 0A       		.uleb128 0xa
 783 0078 28       		.uleb128 0x28
 784 0079 00       		.byte	0
 785 007a 03       		.uleb128 0x3
 786 007b 0E       		.uleb128 0xe
 787 007c 1C       		.uleb128 0x1c
 788 007d 0B       		.uleb128 0xb
 789 007e 00       		.byte	0
 790 007f 00       		.byte	0
 791 0080 0B       		.uleb128 0xb
ARM GAS  C:\Users\Reza\AppData\Local\Temp\ccxuEUq3.s 			page 18


 792 0081 0D       		.uleb128 0xd
 793 0082 00       		.byte	0
 794 0083 03       		.uleb128 0x3
 795 0084 08       		.uleb128 0x8
 796 0085 3A       		.uleb128 0x3a
 797 0086 0B       		.uleb128 0xb
 798 0087 3B       		.uleb128 0x3b
 799 0088 05       		.uleb128 0x5
 800 0089 49       		.uleb128 0x49
 801 008a 13       		.uleb128 0x13
 802 008b 38       		.uleb128 0x38
 803 008c 0B       		.uleb128 0xb
 804 008d 00       		.byte	0
 805 008e 00       		.byte	0
 806 008f 0C       		.uleb128 0xc
 807 0090 2E       		.uleb128 0x2e
 808 0091 01       		.byte	0x1
 809 0092 03       		.uleb128 0x3
 810 0093 0E       		.uleb128 0xe
 811 0094 3A       		.uleb128 0x3a
 812 0095 0B       		.uleb128 0xb
 813 0096 3B       		.uleb128 0x3b
 814 0097 05       		.uleb128 0x5
 815 0098 27       		.uleb128 0x27
 816 0099 19       		.uleb128 0x19
 817 009a 20       		.uleb128 0x20
 818 009b 0B       		.uleb128 0xb
 819 009c 01       		.uleb128 0x1
 820 009d 13       		.uleb128 0x13
 821 009e 00       		.byte	0
 822 009f 00       		.byte	0
 823 00a0 0D       		.uleb128 0xd
 824 00a1 05       		.uleb128 0x5
 825 00a2 00       		.byte	0
 826 00a3 03       		.uleb128 0x3
 827 00a4 08       		.uleb128 0x8
 828 00a5 3A       		.uleb128 0x3a
 829 00a6 0B       		.uleb128 0xb
 830 00a7 3B       		.uleb128 0x3b
 831 00a8 05       		.uleb128 0x5
 832 00a9 49       		.uleb128 0x49
 833 00aa 13       		.uleb128 0x13
 834 00ab 00       		.byte	0
 835 00ac 00       		.byte	0
 836 00ad 0E       		.uleb128 0xe
 837 00ae 2E       		.uleb128 0x2e
 838 00af 01       		.byte	0x1
 839 00b0 03       		.uleb128 0x3
 840 00b1 0E       		.uleb128 0xe
 841 00b2 3A       		.uleb128 0x3a
 842 00b3 0B       		.uleb128 0xb
 843 00b4 3B       		.uleb128 0x3b
 844 00b5 0B       		.uleb128 0xb
 845 00b6 27       		.uleb128 0x27
 846 00b7 19       		.uleb128 0x19
 847 00b8 20       		.uleb128 0x20
 848 00b9 0B       		.uleb128 0xb
ARM GAS  C:\Users\Reza\AppData\Local\Temp\ccxuEUq3.s 			page 19


 849 00ba 01       		.uleb128 0x1
 850 00bb 13       		.uleb128 0x13
 851 00bc 00       		.byte	0
 852 00bd 00       		.byte	0
 853 00be 0F       		.uleb128 0xf
 854 00bf 05       		.uleb128 0x5
 855 00c0 00       		.byte	0
 856 00c1 03       		.uleb128 0x3
 857 00c2 0E       		.uleb128 0xe
 858 00c3 3A       		.uleb128 0x3a
 859 00c4 0B       		.uleb128 0xb
 860 00c5 3B       		.uleb128 0x3b
 861 00c6 0B       		.uleb128 0xb
 862 00c7 49       		.uleb128 0x49
 863 00c8 13       		.uleb128 0x13
 864 00c9 00       		.byte	0
 865 00ca 00       		.byte	0
 866 00cb 10       		.uleb128 0x10
 867 00cc 2E       		.uleb128 0x2e
 868 00cd 01       		.byte	0x1
 869 00ce 3F       		.uleb128 0x3f
 870 00cf 19       		.uleb128 0x19
 871 00d0 03       		.uleb128 0x3
 872 00d1 0E       		.uleb128 0xe
 873 00d2 3A       		.uleb128 0x3a
 874 00d3 0B       		.uleb128 0xb
 875 00d4 3B       		.uleb128 0x3b
 876 00d5 0B       		.uleb128 0xb
 877 00d6 27       		.uleb128 0x27
 878 00d7 19       		.uleb128 0x19
 879 00d8 49       		.uleb128 0x49
 880 00d9 13       		.uleb128 0x13
 881 00da 11       		.uleb128 0x11
 882 00db 01       		.uleb128 0x1
 883 00dc 12       		.uleb128 0x12
 884 00dd 06       		.uleb128 0x6
 885 00de 40       		.uleb128 0x40
 886 00df 18       		.uleb128 0x18
 887 00e0 9742     		.uleb128 0x2117
 888 00e2 19       		.uleb128 0x19
 889 00e3 01       		.uleb128 0x1
 890 00e4 13       		.uleb128 0x13
 891 00e5 00       		.byte	0
 892 00e6 00       		.byte	0
 893 00e7 11       		.uleb128 0x11
 894 00e8 05       		.uleb128 0x5
 895 00e9 00       		.byte	0
 896 00ea 03       		.uleb128 0x3
 897 00eb 0E       		.uleb128 0xe
 898 00ec 3A       		.uleb128 0x3a
 899 00ed 0B       		.uleb128 0xb
 900 00ee 3B       		.uleb128 0x3b
 901 00ef 0B       		.uleb128 0xb
 902 00f0 49       		.uleb128 0x49
 903 00f1 13       		.uleb128 0x13
 904 00f2 02       		.uleb128 0x2
 905 00f3 17       		.uleb128 0x17
ARM GAS  C:\Users\Reza\AppData\Local\Temp\ccxuEUq3.s 			page 20


 906 00f4 00       		.byte	0
 907 00f5 00       		.byte	0
 908 00f6 12       		.uleb128 0x12
 909 00f7 05       		.uleb128 0x5
 910 00f8 00       		.byte	0
 911 00f9 03       		.uleb128 0x3
 912 00fa 0E       		.uleb128 0xe
 913 00fb 3A       		.uleb128 0x3a
 914 00fc 0B       		.uleb128 0xb
 915 00fd 3B       		.uleb128 0x3b
 916 00fe 0B       		.uleb128 0xb
 917 00ff 49       		.uleb128 0x49
 918 0100 13       		.uleb128 0x13
 919 0101 02       		.uleb128 0x2
 920 0102 18       		.uleb128 0x18
 921 0103 00       		.byte	0
 922 0104 00       		.byte	0
 923 0105 13       		.uleb128 0x13
 924 0106 34       		.uleb128 0x34
 925 0107 00       		.byte	0
 926 0108 03       		.uleb128 0x3
 927 0109 08       		.uleb128 0x8
 928 010a 3A       		.uleb128 0x3a
 929 010b 0B       		.uleb128 0xb
 930 010c 3B       		.uleb128 0x3b
 931 010d 0B       		.uleb128 0xb
 932 010e 49       		.uleb128 0x49
 933 010f 13       		.uleb128 0x13
 934 0110 02       		.uleb128 0x2
 935 0111 17       		.uleb128 0x17
 936 0112 00       		.byte	0
 937 0113 00       		.byte	0
 938 0114 14       		.uleb128 0x14
 939 0115 34       		.uleb128 0x34
 940 0116 00       		.byte	0
 941 0117 03       		.uleb128 0x3
 942 0118 0E       		.uleb128 0xe
 943 0119 3A       		.uleb128 0x3a
 944 011a 0B       		.uleb128 0xb
 945 011b 3B       		.uleb128 0x3b
 946 011c 0B       		.uleb128 0xb
 947 011d 49       		.uleb128 0x49
 948 011e 13       		.uleb128 0x13
 949 011f 3F       		.uleb128 0x3f
 950 0120 19       		.uleb128 0x19
 951 0121 3C       		.uleb128 0x3c
 952 0122 19       		.uleb128 0x19
 953 0123 00       		.byte	0
 954 0124 00       		.byte	0
 955 0125 15       		.uleb128 0x15
 956 0126 01       		.uleb128 0x1
 957 0127 01       		.byte	0x1
 958 0128 49       		.uleb128 0x49
 959 0129 13       		.uleb128 0x13
 960 012a 01       		.uleb128 0x1
 961 012b 13       		.uleb128 0x13
 962 012c 00       		.byte	0
ARM GAS  C:\Users\Reza\AppData\Local\Temp\ccxuEUq3.s 			page 21


 963 012d 00       		.byte	0
 964 012e 16       		.uleb128 0x16
 965 012f 21       		.uleb128 0x21
 966 0130 00       		.byte	0
 967 0131 49       		.uleb128 0x49
 968 0132 13       		.uleb128 0x13
 969 0133 2F       		.uleb128 0x2f
 970 0134 0B       		.uleb128 0xb
 971 0135 00       		.byte	0
 972 0136 00       		.byte	0
 973 0137 17       		.uleb128 0x17
 974 0138 26       		.uleb128 0x26
 975 0139 00       		.byte	0
 976 013a 49       		.uleb128 0x49
 977 013b 13       		.uleb128 0x13
 978 013c 00       		.byte	0
 979 013d 00       		.byte	0
 980 013e 18       		.uleb128 0x18
 981 013f 34       		.uleb128 0x34
 982 0140 00       		.byte	0
 983 0141 03       		.uleb128 0x3
 984 0142 0E       		.uleb128 0xe
 985 0143 3A       		.uleb128 0x3a
 986 0144 0B       		.uleb128 0xb
 987 0145 3B       		.uleb128 0x3b
 988 0146 05       		.uleb128 0x5
 989 0147 49       		.uleb128 0x49
 990 0148 13       		.uleb128 0x13
 991 0149 3F       		.uleb128 0x3f
 992 014a 19       		.uleb128 0x19
 993 014b 3C       		.uleb128 0x3c
 994 014c 19       		.uleb128 0x19
 995 014d 00       		.byte	0
 996 014e 00       		.byte	0
 997 014f 00       		.byte	0
 998              		.section	.debug_loc,"",%progbits
 999              	.Ldebug_loc0:
 1000              	.LLST0:
 1001 0000 00000000 		.4byte	.LVL0
 1002 0004 20000000 		.4byte	.LVL1
 1003 0008 0100     		.2byte	0x1
 1004 000a 50       		.byte	0x50
 1005 000b 20000000 		.4byte	.LVL1
 1006 000f 24000000 		.4byte	.LVL3
 1007 0013 0400     		.2byte	0x4
 1008 0015 F3       		.byte	0xf3
 1009 0016 01       		.uleb128 0x1
 1010 0017 50       		.byte	0x50
 1011 0018 9F       		.byte	0x9f
 1012 0019 24000000 		.4byte	.LVL3
 1013 001d 26000000 		.4byte	.LVL4
 1014 0021 0100     		.2byte	0x1
 1015 0023 50       		.byte	0x50
 1016 0024 26000000 		.4byte	.LVL4
 1017 0028 28000000 		.4byte	.LVL5
 1018 002c 0400     		.2byte	0x4
 1019 002e F3       		.byte	0xf3
ARM GAS  C:\Users\Reza\AppData\Local\Temp\ccxuEUq3.s 			page 22


 1020 002f 01       		.uleb128 0x1
 1021 0030 50       		.byte	0x50
 1022 0031 9F       		.byte	0x9f
 1023 0032 28000000 		.4byte	.LVL5
 1024 0036 2A000000 		.4byte	.LVL6
 1025 003a 0100     		.2byte	0x1
 1026 003c 50       		.byte	0x50
 1027 003d 2A000000 		.4byte	.LVL6
 1028 0041 2C000000 		.4byte	.LVL7
 1029 0045 0400     		.2byte	0x4
 1030 0047 F3       		.byte	0xf3
 1031 0048 01       		.uleb128 0x1
 1032 0049 50       		.byte	0x50
 1033 004a 9F       		.byte	0x9f
 1034 004b 2C000000 		.4byte	.LVL7
 1035 004f 2E000000 		.4byte	.LVL8
 1036 0053 0100     		.2byte	0x1
 1037 0055 50       		.byte	0x50
 1038 0056 2E000000 		.4byte	.LVL8
 1039 005a 30000000 		.4byte	.LVL9
 1040 005e 0400     		.2byte	0x4
 1041 0060 F3       		.byte	0xf3
 1042 0061 01       		.uleb128 0x1
 1043 0062 50       		.byte	0x50
 1044 0063 9F       		.byte	0x9f
 1045 0064 30000000 		.4byte	.LVL9
 1046 0068 32000000 		.4byte	.LVL10
 1047 006c 0100     		.2byte	0x1
 1048 006e 50       		.byte	0x50
 1049 006f 32000000 		.4byte	.LVL10
 1050 0073 40000000 		.4byte	.LFE70
 1051 0077 0400     		.2byte	0x4
 1052 0079 F3       		.byte	0xf3
 1053 007a 01       		.uleb128 0x1
 1054 007b 50       		.byte	0x50
 1055 007c 9F       		.byte	0x9f
 1056 007d 00000000 		.4byte	0
 1057 0081 00000000 		.4byte	0
 1058              	.LLST1:
 1059 0085 22000000 		.4byte	.LVL2
 1060 0089 24000000 		.4byte	.LVL3
 1061 008d 0200     		.2byte	0x2
 1062 008f 30       		.byte	0x30
 1063 0090 9F       		.byte	0x9f
 1064 0091 32000000 		.4byte	.LVL10
 1065 0095 40000000 		.4byte	.LFE70
 1066 0099 0100     		.2byte	0x1
 1067 009b 50       		.byte	0x50
 1068 009c 00000000 		.4byte	0
 1069 00a0 00000000 		.4byte	0
 1070              		.section	.debug_aranges,"",%progbits
 1071 0000 1C000000 		.4byte	0x1c
 1072 0004 0200     		.2byte	0x2
 1073 0006 00000000 		.4byte	.Ldebug_info0
 1074 000a 04       		.byte	0x4
 1075 000b 00       		.byte	0
 1076 000c 0000     		.2byte	0
ARM GAS  C:\Users\Reza\AppData\Local\Temp\ccxuEUq3.s 			page 23


 1077 000e 0000     		.2byte	0
 1078 0010 00000000 		.4byte	.LFB70
 1079 0014 40000000 		.4byte	.LFE70-.LFB70
 1080 0018 00000000 		.4byte	0
 1081 001c 00000000 		.4byte	0
 1082              		.section	.debug_ranges,"",%progbits
 1083              	.Ldebug_ranges0:
 1084 0000 00000000 		.4byte	.LFB70
 1085 0004 40000000 		.4byte	.LFE70
 1086 0008 00000000 		.4byte	0
 1087 000c 00000000 		.4byte	0
 1088              		.section	.debug_line,"",%progbits
 1089              	.Ldebug_line0:
 1090 0000 58010000 		.section	.debug_str,"MS",%progbits,1
 1090      02002E01 
 1090      00000201 
 1090      FB0E0D00 
 1090      01010101 
 1091              	.LASF53:
 1092 0000 45455F73 		.ascii	"EE_std_endcycle_next_tid\000"
 1092      74645F65 
 1092      6E646379 
 1092      636C655F 
 1092      6E657874 
 1093              	.LASF37:
 1094 0019 6B696E64 		.ascii	"kind\000"
 1094      00
 1095              	.LASF10:
 1096 001e 45455F55 		.ascii	"EE_UINT8\000"
 1096      494E5438 
 1096      00
 1097              	.LASF62:
 1098 0027 45455F72 		.ascii	"EE_rq_bitmask\000"
 1098      715F6269 
 1098      746D6173 
 1098      6B00
 1099              	.LASF15:
 1100 0035 45455F55 		.ascii	"EE_UREG\000"
 1100      52454700 
 1101              	.LASF26:
 1102 003d 7469636B 		.ascii	"ticksperbase\000"
 1102      73706572 
 1102      62617365 
 1102      00
 1103              	.LASF21:
 1104 004a 4576656E 		.ascii	"EventMaskRefType\000"
 1104      744D6173 
 1104      6B526566 
 1104      54797065 
 1104      00
 1105              	.LASF63:
 1106 005b 45455F74 		.ascii	"EE_th_event_active\000"
 1106      685F6576 
 1106      656E745F 
 1106      61637469 
 1106      766500
 1107              	.LASF45:
ARM GAS  C:\Users\Reza\AppData\Local\Temp\ccxuEUq3.s 			page 24


 1108 006e 45455F4F 		.ascii	"EE_ORTI_set_service\000"
 1108      5254495F 
 1108      7365745F 
 1108      73657276 
 1108      69636500 
 1109              	.LASF60:
 1110 0082 45455F73 		.ascii	"EE_stkfirst\000"
 1110      746B6669 
 1110      72737400 
 1111              	.LASF2:
 1112 008e 73686F72 		.ascii	"short int\000"
 1112      7420696E 
 1112      7400
 1113              	.LASF44:
 1114 0098 53746174 		.ascii	"StatusType\000"
 1114      75735479 
 1114      706500
 1115              	.LASF41:
 1116 00a3 64656C74 		.ascii	"delta\000"
 1116      6100
 1117              	.LASF36:
 1118 00a9 73706563 		.ascii	"spec_id\000"
 1118      5F696400 
 1119              	.LASF16:
 1120 00b1 45455F46 		.ascii	"EE_FREG\000"
 1120      52454700 
 1121              	.LASF35:
 1122 00b9 436F756E 		.ascii	"CounterObjectKindType\000"
 1122      7465724F 
 1122      626A6563 
 1122      744B696E 
 1122      64547970 
 1123              	.LASF14:
 1124 00cf 45455F55 		.ascii	"EE_UINT32\000"
 1124      494E5433 
 1124      3200
 1125              	.LASF55:
 1126 00d9 45455F74 		.ascii	"EE_th_ready_prio\000"
 1126      685F7265 
 1126      6164795F 
 1126      7072696F 
 1126      00
 1127              	.LASF18:
 1128 00ea 45455F54 		.ascii	"EE_TID\000"
 1128      494400
 1129              	.LASF27:
 1130 00f1 6D696E63 		.ascii	"mincycle\000"
 1130      79636C65 
 1130      00
 1131              	.LASF29:
 1132 00fa 76616C75 		.ascii	"value\000"
 1132      6500
 1133              	.LASF64:
 1134 0100 45455F74 		.ascii	"EE_th_waswaiting\000"
 1134      685F7761 
 1134      73776169 
 1134      74696E67 
ARM GAS  C:\Users\Reza\AppData\Local\Temp\ccxuEUq3.s 			page 25


 1134      00
 1135              	.LASF76:
 1136 0111 443A5C48 		.ascii	"D:\\H_da\\Winter Semester\\MM03 Advanced Microcontr"
 1136      5F64615C 
 1136      57696E74 
 1136      65722053 
 1136      656D6573 
 1137 0141 6F6C6C65 		.ascii	"oller Systems and Embedded Operating Systems\\Lectu"
 1137      72205379 
 1137      7374656D 
 1137      7320616E 
 1137      6420456D 
 1138 0173 72652050 		.ascii	"re Prof. Fromm\\workspace\\workspace_psoc\\Reaction"
 1138      726F662E 
 1138      2046726F 
 1138      6D6D5C77 
 1138      6F726B73 
 1139 01a3 47616D65 		.ascii	"Game_with erika.cydsn\000"
 1139      5F776974 
 1139      68206572 
 1139      696B612E 
 1139      63796473 
 1140              	.LASF67:
 1141 01b9 45455F6F 		.ascii	"EE_oo_counter_object_ROM\000"
 1141      6F5F636F 
 1141      756E7465 
 1141      725F6F62 
 1141      6A656374 
 1142              	.LASF34:
 1143 01d2 45455F6F 		.ascii	"EE_oo_counter_object_kind_type\000"
 1143      6F5F636F 
 1143      756E7465 
 1143      725F6F62 
 1143      6A656374 
 1144              	.LASF52:
 1145 01f1 45455F49 		.ascii	"EE_IRQ_nesting_level\000"
 1145      52515F6E 
 1145      65737469 
 1145      6E675F6C 
 1145      6576656C 
 1146              	.LASF13:
 1147 0206 45455F49 		.ascii	"EE_INT32\000"
 1147      4E543332 
 1147      00
 1148              	.LASF46:
 1149 020f 45455F4F 		.ascii	"EE_ORTI_set_service_in\000"
 1149      5254495F 
 1149      7365745F 
 1149      73657276 
 1149      6963655F 
 1150              	.LASF77:
 1151 0226 45455F6F 		.ascii	"EE_oo_GetEvent\000"
 1151      6F5F4765 
 1151      74457665 
 1151      6E7400
 1152              	.LASF9:
 1153 0235 6C6F6E67 		.ascii	"long double\000"
ARM GAS  C:\Users\Reza\AppData\Local\Temp\ccxuEUq3.s 			page 26


 1153      20646F75 
 1153      626C6500 
 1154              	.LASF6:
 1155 0241 6C6F6E67 		.ascii	"long long int\000"
 1155      206C6F6E 
 1155      6720696E 
 1155      7400
 1156              	.LASF11:
 1157 024f 45455F49 		.ascii	"EE_INT8\000"
 1157      4E543800 
 1158              	.LASF71:
 1159 0257 45455F6F 		.ascii	"EE_oo_IRQ_suspend_status\000"
 1159      6F5F4952 
 1159      515F7375 
 1159      7370656E 
 1159      645F7374 
 1160              	.LASF19:
 1161 0270 45455F54 		.ascii	"EE_TYPE_RQ_MASK\000"
 1161      5950455F 
 1161      52515F4D 
 1161      41534B00 
 1162              	.LASF33:
 1163 0280 45455F53 		.ascii	"EE_SCHEDULETABLE\000"
 1163      43484544 
 1163      554C4554 
 1163      41424C45 
 1163      00
 1164              	.LASF4:
 1165 0291 6C6F6E67 		.ascii	"long int\000"
 1165      20696E74 
 1165      00
 1166              	.LASF25:
 1167 029a 6D617861 		.ascii	"maxallowedvalue\000"
 1167      6C6C6F77 
 1167      65647661 
 1167      6C756500 
 1168              	.LASF43:
 1169 02aa 45455F6F 		.ascii	"EE_oo_counter_object_RAM_type\000"
 1169      6F5F636F 
 1169      756E7465 
 1169      725F6F62 
 1169      6A656374 
 1170              	.LASF65:
 1171 02c8 45455F74 		.ascii	"EE_th_is_extended\000"
 1171      685F6973 
 1171      5F657874 
 1171      656E6465 
 1171      6400
 1172              	.LASF28:
 1173 02da 45455F6F 		.ascii	"EE_oo_counter_ROM_type\000"
 1173      6F5F636F 
 1173      756E7465 
 1173      725F524F 
 1173      4D5F7479 
 1174              	.LASF22:
 1175 02f1 5469636B 		.ascii	"TickType\000"
 1175      54797065 
ARM GAS  C:\Users\Reza\AppData\Local\Temp\ccxuEUq3.s 			page 27


 1175      00
 1176              	.LASF61:
 1177 02fa 45455F73 		.ascii	"EE_sys_ceiling\000"
 1177      79735F63 
 1177      65696C69 
 1177      6E6700
 1178              	.LASF23:
 1179 0309 436F756E 		.ascii	"CounterObjectType\000"
 1179      7465724F 
 1179      626A6563 
 1179      74547970 
 1179      6500
 1180              	.LASF1:
 1181 031b 756E7369 		.ascii	"unsigned char\000"
 1181      676E6564 
 1181      20636861 
 1181      7200
 1182              	.LASF66:
 1183 0329 45455F63 		.ascii	"EE_counter_ROM\000"
 1183      6F756E74 
 1183      65725F52 
 1183      4F4D00
 1184              	.LASF20:
 1185 0338 5461736B 		.ascii	"TaskType\000"
 1185      54797065 
 1185      00
 1186              	.LASF75:
 1187 0341 47656E65 		.ascii	"Generated_Source\\PSoC5\\ErikaOS_1_ee_evget.c\000"
 1187      72617465 
 1187      645F536F 
 1187      75726365 
 1187      5C50536F 
 1188              	.LASF47:
 1189 036d 45455F4F 		.ascii	"EE_ORTI_set_service_out\000"
 1189      5254495F 
 1189      7365745F 
 1189      73657276 
 1189      6963655F 
 1190              	.LASF69:
 1191 0385 45455F6F 		.ascii	"EE_oo_counter_object_RAM\000"
 1191      6F5F636F 
 1191      756E7465 
 1191      725F6F62 
 1191      6A656374 
 1192              	.LASF0:
 1193 039e 7369676E 		.ascii	"signed char\000"
 1193      65642063 
 1193      68617200 
 1194              	.LASF7:
 1195 03aa 6C6F6E67 		.ascii	"long long unsigned int\000"
 1195      206C6F6E 
 1195      6720756E 
 1195      7369676E 
 1195      65642069 
 1196              	.LASF31:
 1197 03c1 45455F6F 		.ascii	"EE_oo_counter_RAM_type\000"
 1197      6F5F636F 
ARM GAS  C:\Users\Reza\AppData\Local\Temp\ccxuEUq3.s 			page 28


 1197      756E7465 
 1197      725F5241 
 1197      4D5F7479 
 1198              	.LASF8:
 1199 03d8 756E7369 		.ascii	"unsigned int\000"
 1199      676E6564 
 1199      20696E74 
 1199      00
 1200              	.LASF59:
 1201 03e5 45455F74 		.ascii	"EE_th_rnact\000"
 1201      685F726E 
 1201      61637400 
 1202              	.LASF50:
 1203 03f1 5461736B 		.ascii	"TaskID\000"
 1203      494400
 1204              	.LASF74:
 1205 03f8 474E5520 		.ascii	"GNU C11 5.4.1 20160609 (release) [ARM/embedded-5-br"
 1205      43313120 
 1205      352E342E 
 1205      31203230 
 1205      31363036 
 1206 042b 616E6368 		.ascii	"anch revision 237715] -mcpu=cortex-m3 -mthumb -g -O"
 1206      20726576 
 1206      6973696F 
 1206      6E203233 
 1206      37373135 
 1207 045e 73202D66 		.ascii	"s -ffunction-sections -ffat-lto-objects\000"
 1207      66756E63 
 1207      74696F6E 
 1207      2D736563 
 1207      74696F6E 
 1208              	.LASF3:
 1209 0486 73686F72 		.ascii	"short unsigned int\000"
 1209      7420756E 
 1209      7369676E 
 1209      65642069 
 1209      6E7400
 1210              	.LASF38:
 1211 0499 45455F6F 		.ascii	"EE_oo_counter_object_ROM_type\000"
 1211      6F5F636F 
 1211      756E7465 
 1211      725F6F62 
 1211      6A656374 
 1212              	.LASF12:
 1213 04b7 45455F55 		.ascii	"EE_UINT16\000"
 1213      494E5431 
 1213      3600
 1214              	.LASF49:
 1215 04c1 4572726F 		.ascii	"Error\000"
 1215      7200
 1216              	.LASF68:
 1217 04c7 45455F63 		.ascii	"EE_counter_RAM\000"
 1217      6F756E74 
 1217      65725F52 
 1217      414D00
 1218              	.LASF72:
 1219 04d6 45455F41 		.ascii	"EE_ApplicationMode\000"
ARM GAS  C:\Users\Reza\AppData\Local\Temp\ccxuEUq3.s 			page 29


 1219      70706C69 
 1219      63617469 
 1219      6F6E4D6F 
 1219      646500
 1220              	.LASF5:
 1221 04e9 6C6F6E67 		.ascii	"long unsigned int\000"
 1221      20756E73 
 1221      69676E65 
 1221      6420696E 
 1221      7400
 1222              	.LASF17:
 1223 04fb 45455F54 		.ascii	"EE_TYPEBOOL\000"
 1223      59504542 
 1223      4F4F4C00 
 1224              	.LASF48:
 1225 0507 45455F6F 		.ascii	"EE_os_notify_error_from_us_impl\000"
 1225      735F6E6F 
 1225      74696679 
 1225      5F657272 
 1225      6F725F66 
 1226              	.LASF32:
 1227 0527 45455F41 		.ascii	"EE_ALARM\000"
 1227      4C41524D 
 1227      00
 1228              	.LASF39:
 1229 0530 75736564 		.ascii	"used\000"
 1229      00
 1230              	.LASF54:
 1231 0535 73697A65 		.ascii	"sizetype\000"
 1231      74797065 
 1231      00
 1232              	.LASF24:
 1233 053e 436F756E 		.ascii	"CounterType\000"
 1233      74657254 
 1233      79706500 
 1234              	.LASF57:
 1235 054a 45455F74 		.ascii	"EE_th_status\000"
 1235      685F7374 
 1235      61747573 
 1235      00
 1236              	.LASF56:
 1237 0557 45455F74 		.ascii	"EE_th_dispatch_prio\000"
 1237      685F6469 
 1237      73706174 
 1237      63685F70 
 1237      72696F00 
 1238              	.LASF58:
 1239 056b 45455F74 		.ascii	"EE_th_next\000"
 1239      685F6E65 
 1239      787400
 1240              	.LASF40:
 1241 0576 636E7463 		.ascii	"cntcycle\000"
 1241      79636C65 
 1241      00
 1242              	.LASF70:
 1243 057f 45455F6F 		.ascii	"EE_oo_IRQ_disable_count\000"
 1243      6F5F4952 
ARM GAS  C:\Users\Reza\AppData\Local\Temp\ccxuEUq3.s 			page 30


 1243      515F6469 
 1243      7361626C 
 1243      655F636F 
 1244              	.LASF51:
 1245 0597 4576656E 		.ascii	"Event\000"
 1245      7400
 1246              	.LASF42:
 1247 059d 6E657874 		.ascii	"next\000"
 1247      00
 1248              	.LASF73:
 1249 05a2 45455F72 		.ascii	"EE_rq_lookup\000"
 1249      715F6C6F 
 1249      6F6B7570 
 1249      00
 1250              	.LASF30:
 1251 05af 66697273 		.ascii	"first\000"
 1251      7400
 1252              		.ident	"GCC: (GNU Tools for ARM Embedded Processors) 5.4.1 20160609 (release) [ARM/embedded-5-bran
