ARM GAS  C:\Users\Reza\AppData\Local\Temp\cc8r7MId.s 			page 1


   1              		.syntax unified
   2              		.cpu cortex-m3
   3              		.fpu softvfp
   4              		.eabi_attribute 20, 1
   5              		.eabi_attribute 21, 1
   6              		.eabi_attribute 23, 3
   7              		.eabi_attribute 24, 1
   8              		.eabi_attribute 25, 1
   9              		.eabi_attribute 26, 1
  10              		.eabi_attribute 30, 4
  11              		.eabi_attribute 34, 1
  12              		.eabi_attribute 18, 4
  13              		.thumb
  14              		.syntax unified
  15              		.file	"ErikaOS_1_ee_rq_exchg.c"
  16              		.text
  17              	.Ltext0:
  18              		.cfi_sections	.debug_frame
  19              		.section	.text.EE_rq2stk_exchange,"ax",%progbits
  20              		.align	1
  21              		.global	EE_rq2stk_exchange
  22              		.thumb
  23              		.thumb_func
  24              		.type	EE_rq2stk_exchange, %function
  25              	EE_rq2stk_exchange:
  26              	.LFB70:
  27              		.file 1 "Generated_Source\\PSoC5\\ErikaOS_1_ee_rq_exchg.c"
   1:Generated_Source\PSoC5/ErikaOS_1_ee_rq_exchg.c **** /* ###*B*###
   2:Generated_Source\PSoC5/ErikaOS_1_ee_rq_exchg.c ****  * ERIKA Enterprise - a tiny RTOS for small microcontrollers
   3:Generated_Source\PSoC5/ErikaOS_1_ee_rq_exchg.c ****  *
   4:Generated_Source\PSoC5/ErikaOS_1_ee_rq_exchg.c ****  * Copyright (C) 2002-2008  Evidence Srl
   5:Generated_Source\PSoC5/ErikaOS_1_ee_rq_exchg.c ****  *
   6:Generated_Source\PSoC5/ErikaOS_1_ee_rq_exchg.c ****  * This file is part of ERIKA Enterprise.
   7:Generated_Source\PSoC5/ErikaOS_1_ee_rq_exchg.c ****  *
   8:Generated_Source\PSoC5/ErikaOS_1_ee_rq_exchg.c ****  * ERIKA Enterprise is free software; you can redistribute it
   9:Generated_Source\PSoC5/ErikaOS_1_ee_rq_exchg.c ****  * and/or modify it under the terms of the GNU General Public License
  10:Generated_Source\PSoC5/ErikaOS_1_ee_rq_exchg.c ****  * version 2 as published by the Free Software Foundation, 
  11:Generated_Source\PSoC5/ErikaOS_1_ee_rq_exchg.c ****  * (with a special exception described below).
  12:Generated_Source\PSoC5/ErikaOS_1_ee_rq_exchg.c ****  *
  13:Generated_Source\PSoC5/ErikaOS_1_ee_rq_exchg.c ****  * Linking this code statically or dynamically with other modules is
  14:Generated_Source\PSoC5/ErikaOS_1_ee_rq_exchg.c ****  * making a combined work based on this code.  Thus, the terms and
  15:Generated_Source\PSoC5/ErikaOS_1_ee_rq_exchg.c ****  * conditions of the GNU General Public License cover the whole
  16:Generated_Source\PSoC5/ErikaOS_1_ee_rq_exchg.c ****  * combination.
  17:Generated_Source\PSoC5/ErikaOS_1_ee_rq_exchg.c ****  *
  18:Generated_Source\PSoC5/ErikaOS_1_ee_rq_exchg.c ****  * As a special exception, the copyright holders of this library give you
  19:Generated_Source\PSoC5/ErikaOS_1_ee_rq_exchg.c ****  * permission to link this code with independent modules to produce an
  20:Generated_Source\PSoC5/ErikaOS_1_ee_rq_exchg.c ****  * executable, regardless of the license terms of these independent
  21:Generated_Source\PSoC5/ErikaOS_1_ee_rq_exchg.c ****  * modules, and to copy and distribute the resulting executable under
  22:Generated_Source\PSoC5/ErikaOS_1_ee_rq_exchg.c ****  * terms of your choice, provided that you also meet, for each linked
  23:Generated_Source\PSoC5/ErikaOS_1_ee_rq_exchg.c ****  * independent module, the terms and conditions of the license of that
  24:Generated_Source\PSoC5/ErikaOS_1_ee_rq_exchg.c ****  * module.  An independent module is a module which is not derived from
  25:Generated_Source\PSoC5/ErikaOS_1_ee_rq_exchg.c ****  * or based on this library.  If you modify this code, you may extend
  26:Generated_Source\PSoC5/ErikaOS_1_ee_rq_exchg.c ****  * this exception to your version of the code, but you are not
  27:Generated_Source\PSoC5/ErikaOS_1_ee_rq_exchg.c ****  * obligated to do so.  If you do not wish to do so, delete this
  28:Generated_Source\PSoC5/ErikaOS_1_ee_rq_exchg.c ****  * exception statement from your version.
  29:Generated_Source\PSoC5/ErikaOS_1_ee_rq_exchg.c ****  *
  30:Generated_Source\PSoC5/ErikaOS_1_ee_rq_exchg.c ****  * ERIKA Enterprise is distributed in the hope that it will be
ARM GAS  C:\Users\Reza\AppData\Local\Temp\cc8r7MId.s 			page 2


  31:Generated_Source\PSoC5/ErikaOS_1_ee_rq_exchg.c ****  * useful, but WITHOUT ANY WARRANTY; without even the implied warranty
  32:Generated_Source\PSoC5/ErikaOS_1_ee_rq_exchg.c ****  * of MERCHANTABILITY or FITNESS FOR A PARTICULAR PURPOSE.  See the
  33:Generated_Source\PSoC5/ErikaOS_1_ee_rq_exchg.c ****  * GNU General Public License version 2 for more details.
  34:Generated_Source\PSoC5/ErikaOS_1_ee_rq_exchg.c ****  *
  35:Generated_Source\PSoC5/ErikaOS_1_ee_rq_exchg.c ****  * You should have received a copy of the GNU General Public License
  36:Generated_Source\PSoC5/ErikaOS_1_ee_rq_exchg.c ****  * version 2 along with ERIKA Enterprise; if not, write to the
  37:Generated_Source\PSoC5/ErikaOS_1_ee_rq_exchg.c ****  * Free Software Foundation, Inc., 51 Franklin Street, Fifth Floor,
  38:Generated_Source\PSoC5/ErikaOS_1_ee_rq_exchg.c ****  * Boston, MA 02110-1301 USA.
  39:Generated_Source\PSoC5/ErikaOS_1_ee_rq_exchg.c ****  * ###*E*### */
  40:Generated_Source\PSoC5/ErikaOS_1_ee_rq_exchg.c **** 
  41:Generated_Source\PSoC5/ErikaOS_1_ee_rq_exchg.c **** /*
  42:Generated_Source\PSoC5/ErikaOS_1_ee_rq_exchg.c ****  * Author: 2002-2004 Paolo Gai
  43:Generated_Source\PSoC5/ErikaOS_1_ee_rq_exchg.c ****  * CVS: $Id: ee_rq_exchg.c,v 1.1 2005/07/16 12:23:42 pj Exp $
  44:Generated_Source\PSoC5/ErikaOS_1_ee_rq_exchg.c ****  */
  45:Generated_Source\PSoC5/ErikaOS_1_ee_rq_exchg.c **** 
  46:Generated_Source\PSoC5/ErikaOS_1_ee_rq_exchg.c **** /*
  47:Generated_Source\PSoC5/ErikaOS_1_ee_rq_exchg.c ****  * PSoC Port and API Generation
  48:Generated_Source\PSoC5/ErikaOS_1_ee_rq_exchg.c ****  * Carlos Fernando Meier Martinez
  49:Generated_Source\PSoC5/ErikaOS_1_ee_rq_exchg.c ****  * Hochschule Darmstadt, Germany. 2017.
  50:Generated_Source\PSoC5/ErikaOS_1_ee_rq_exchg.c ****  */
  51:Generated_Source\PSoC5/ErikaOS_1_ee_rq_exchg.c **** 
  52:Generated_Source\PSoC5/ErikaOS_1_ee_rq_exchg.c **** #include "ErikaOS_1_ee_internal.inc"
  53:Generated_Source\PSoC5/ErikaOS_1_ee_rq_exchg.c **** 
  54:Generated_Source\PSoC5/ErikaOS_1_ee_rq_exchg.c **** #ifndef __PRIVATE_RQ2STK_EXCHANGE__
  55:Generated_Source\PSoC5/ErikaOS_1_ee_rq_exchg.c **** 
  56:Generated_Source\PSoC5/ErikaOS_1_ee_rq_exchg.c **** #if (defined(__OO_BCC1__)) || (defined(__OO_ECC1__))
  57:Generated_Source\PSoC5/ErikaOS_1_ee_rq_exchg.c **** EE_TID EE_rq2stk_exchange(void)
  58:Generated_Source\PSoC5/ErikaOS_1_ee_rq_exchg.c **** {
  59:Generated_Source\PSoC5/ErikaOS_1_ee_rq_exchg.c ****   EE_TID temp;
  60:Generated_Source\PSoC5/ErikaOS_1_ee_rq_exchg.c **** 
  61:Generated_Source\PSoC5/ErikaOS_1_ee_rq_exchg.c ****   temp = EE_rq_first;
  62:Generated_Source\PSoC5/ErikaOS_1_ee_rq_exchg.c ****   
  63:Generated_Source\PSoC5/ErikaOS_1_ee_rq_exchg.c ****   /* extract the first task from the ready queue */
  64:Generated_Source\PSoC5/ErikaOS_1_ee_rq_exchg.c ****   EE_rq_first = EE_th_next[temp]; 
  65:Generated_Source\PSoC5/ErikaOS_1_ee_rq_exchg.c ****   /* insert the extracted task on the topo of the stack */
  66:Generated_Source\PSoC5/ErikaOS_1_ee_rq_exchg.c ****   EE_th_next[temp] = EE_stkfirst;
  67:Generated_Source\PSoC5/ErikaOS_1_ee_rq_exchg.c ****   EE_stkfirst = temp;
  68:Generated_Source\PSoC5/ErikaOS_1_ee_rq_exchg.c **** 
  69:Generated_Source\PSoC5/ErikaOS_1_ee_rq_exchg.c ****   return temp;
  70:Generated_Source\PSoC5/ErikaOS_1_ee_rq_exchg.c **** }
  71:Generated_Source\PSoC5/ErikaOS_1_ee_rq_exchg.c **** #endif
  72:Generated_Source\PSoC5/ErikaOS_1_ee_rq_exchg.c **** 
  73:Generated_Source\PSoC5/ErikaOS_1_ee_rq_exchg.c **** #if (defined(__OO_BCC2__)) || (defined(__OO_ECC2__))
  74:Generated_Source\PSoC5/ErikaOS_1_ee_rq_exchg.c **** EE_TID EE_rq2stk_exchange(void)
  75:Generated_Source\PSoC5/ErikaOS_1_ee_rq_exchg.c **** {
  28              		.loc 1 75 0
  29              		.cfi_startproc
  30              		@ args = 0, pretend = 0, frame = 0
  31              		@ frame_needed = 0, uses_anonymous_args = 0
  76:Generated_Source\PSoC5/ErikaOS_1_ee_rq_exchg.c ****   EE_INT8 x;    /* the first non-empty queue */
  77:Generated_Source\PSoC5/ErikaOS_1_ee_rq_exchg.c ****   EE_TID temp;   /* the TID to be inserted in the top of the stack */
  78:Generated_Source\PSoC5/ErikaOS_1_ee_rq_exchg.c ****   EE_TYPEPAIR y; /* used to free the descriptor */
  79:Generated_Source\PSoC5/ErikaOS_1_ee_rq_exchg.c **** 
  80:Generated_Source\PSoC5/ErikaOS_1_ee_rq_exchg.c **** #if defined(__OO_ECC2__)
  81:Generated_Source\PSoC5/ErikaOS_1_ee_rq_exchg.c ****   /* lookup at bits 15-9 */
  82:Generated_Source\PSoC5/ErikaOS_1_ee_rq_exchg.c ****   x = EE_rq_lookup[(EE_rq_bitmask & 0xFF00U) >> 8];
  32              		.loc 1 82 0
ARM GAS  C:\Users\Reza\AppData\Local\Temp\cc8r7MId.s 			page 3


  33 0000 1749     		ldr	r1, .L6
  34 0002 1848     		ldr	r0, .L6+4
  35 0004 0A88     		ldrh	r2, [r1]
  75:Generated_Source\PSoC5/ErikaOS_1_ee_rq_exchg.c ****   EE_INT8 x;    /* the first non-empty queue */
  36              		.loc 1 75 0
  37 0006 F0B5     		push	{r4, r5, r6, r7, lr}
  38              		.cfi_def_cfa_offset 20
  39              		.cfi_offset 4, -20
  40              		.cfi_offset 5, -16
  41              		.cfi_offset 6, -12
  42              		.cfi_offset 7, -8
  43              		.cfi_offset 14, -4
  44              		.loc 1 82 0
  45 0008 130A     		lsrs	r3, r2, #8
  46 000a C356     		ldrsb	r3, [r0, r3]
  47              	.LVL0:
  83:Generated_Source\PSoC5/ErikaOS_1_ee_rq_exchg.c ****   if (x == (EE_INT8)-1) {
  84:Generated_Source\PSoC5/ErikaOS_1_ee_rq_exchg.c ****     x = EE_rq_lookup[EE_rq_bitmask];
  85:Generated_Source\PSoC5/ErikaOS_1_ee_rq_exchg.c ****   } else {
  86:Generated_Source\PSoC5/ErikaOS_1_ee_rq_exchg.c ****     x += (EE_INT8)8;
  87:Generated_Source\PSoC5/ErikaOS_1_ee_rq_exchg.c ****   }
  88:Generated_Source\PSoC5/ErikaOS_1_ee_rq_exchg.c **** #else
  89:Generated_Source\PSoC5/ErikaOS_1_ee_rq_exchg.c ****   x = EE_rq_lookup[EE_rq_bitmask];
  90:Generated_Source\PSoC5/ErikaOS_1_ee_rq_exchg.c **** #endif
  91:Generated_Source\PSoC5/ErikaOS_1_ee_rq_exchg.c **** 
  92:Generated_Source\PSoC5/ErikaOS_1_ee_rq_exchg.c ****   /* now x contains the highest priority non-empty queue number */
  93:Generated_Source\PSoC5/ErikaOS_1_ee_rq_exchg.c **** 
  94:Generated_Source\PSoC5/ErikaOS_1_ee_rq_exchg.c ****   /* get the TID to insert in the stacked queue */
  95:Generated_Source\PSoC5/ErikaOS_1_ee_rq_exchg.c ****   temp = EE_rq_pairs_tid[EE_rq_queues_head[x]];
  48              		.loc 1 95 0
  49 000c 164E     		ldr	r6, .L6+8
  83:Generated_Source\PSoC5/ErikaOS_1_ee_rq_exchg.c ****   if (x == (EE_INT8)-1) {
  50              		.loc 1 83 0
  51 000e 5C1C     		adds	r4, r3, #1
  84:Generated_Source\PSoC5/ErikaOS_1_ee_rq_exchg.c ****   } else {
  52              		.loc 1 84 0
  53 0010 0EBF     		itee	eq
  54 0012 8356     		ldrsbeq	r3, [r0, r2]
  55              	.LVL1:
  86:Generated_Source\PSoC5/ErikaOS_1_ee_rq_exchg.c ****   }
  56              		.loc 1 86 0
  57 0014 0833     		addne	r3, r3, #8
  58              	.LVL2:
  59 0016 5BB2     		sxtbne	r3, r3
  60              	.LVL3:
  61              		.loc 1 95 0
  62 0018 56F82340 		ldr	r4, [r6, r3, lsl #2]
  96:Generated_Source\PSoC5/ErikaOS_1_ee_rq_exchg.c **** 
  97:Generated_Source\PSoC5/ErikaOS_1_ee_rq_exchg.c ****   /* free the descriptor */
  98:Generated_Source\PSoC5/ErikaOS_1_ee_rq_exchg.c ****   y = EE_rq_queues_head[x];
  99:Generated_Source\PSoC5/ErikaOS_1_ee_rq_exchg.c ****   EE_rq_queues_head[x] = EE_rq_pairs_next[EE_rq_queues_head[x]];
  63              		.loc 1 99 0
  64 001c 134F     		ldr	r7, .L6+12
  65 001e 8E46     		mov	lr, r1
  66 0020 57F82450 		ldr	r5, [r7, r4, lsl #2]
  95:Generated_Source\PSoC5/ErikaOS_1_ee_rq_exchg.c **** 
  67              		.loc 1 95 0
ARM GAS  C:\Users\Reza\AppData\Local\Temp\cc8r7MId.s 			page 4


  68 0024 1248     		ldr	r0, .L6+16
  69              		.loc 1 99 0
  70 0026 46F82350 		str	r5, [r6, r3, lsl #2]
 100:Generated_Source\PSoC5/ErikaOS_1_ee_rq_exchg.c ****   EE_rq_pairs_next[y] = EE_rq_free;
  71              		.loc 1 100 0
  72 002a 124E     		ldr	r6, .L6+20
  95:Generated_Source\PSoC5/ErikaOS_1_ee_rq_exchg.c **** 
  73              		.loc 1 95 0
  74 002c 50F82400 		ldr	r0, [r0, r4, lsl #2]
  75              	.LVL4:
  76              		.loc 1 100 0
  77 0030 3168     		ldr	r1, [r6]
 101:Generated_Source\PSoC5/ErikaOS_1_ee_rq_exchg.c ****   EE_rq_free = y;
  78              		.loc 1 101 0
  79 0032 3460     		str	r4, [r6]
 100:Generated_Source\PSoC5/ErikaOS_1_ee_rq_exchg.c ****   EE_rq_pairs_next[y] = EE_rq_free;
  80              		.loc 1 100 0
  81 0034 47F82410 		str	r1, [r7, r4, lsl #2]
 102:Generated_Source\PSoC5/ErikaOS_1_ee_rq_exchg.c ****   
 103:Generated_Source\PSoC5/ErikaOS_1_ee_rq_exchg.c ****   if (EE_rq_queues_head[x] == (EE_SREG)-1) {
  82              		.loc 1 103 0
  83 0038 691C     		adds	r1, r5, #1
  84 003a 09D1     		bne	.L4
 104:Generated_Source\PSoC5/ErikaOS_1_ee_rq_exchg.c ****     EE_rq_queues_tail[x] = -1;
  85              		.loc 1 104 0
  86 003c 0E4C     		ldr	r4, .L6+24
  87              	.LVL5:
  88 003e 44F82350 		str	r5, [r4, r3, lsl #2]
 105:Generated_Source\PSoC5/ErikaOS_1_ee_rq_exchg.c ****     /* reset the (x)th bit in the bitfield; casts are for MISRA compliance */
 106:Generated_Source\PSoC5/ErikaOS_1_ee_rq_exchg.c ****     EE_rq_bitmask &= (EE_TYPE_RQ_MASK)~((EE_TYPE_RQ_MASK)((EE_TYPE_RQ_MASK)1U << x));
  89              		.loc 1 106 0
  90 0042 0124     		movs	r4, #1
  91 0044 04FA03F3 		lsl	r3, r4, r3
  92              	.LVL6:
  93 0048 22EA0302 		bic	r2, r2, r3
  94              	.LVL7:
  95 004c AEF80020 		strh	r2, [lr]	@ movhi
  96              	.LVL8:
  97              	.L4:
 107:Generated_Source\PSoC5/ErikaOS_1_ee_rq_exchg.c ****   }
 108:Generated_Source\PSoC5/ErikaOS_1_ee_rq_exchg.c **** 
 109:Generated_Source\PSoC5/ErikaOS_1_ee_rq_exchg.c ****   /* insert the extracted task on the top of the stack */
 110:Generated_Source\PSoC5/ErikaOS_1_ee_rq_exchg.c ****   EE_th_next[temp] = EE_stkfirst;
  98              		.loc 1 110 0
  99 0050 0A4B     		ldr	r3, .L6+28
 100 0052 0B4A     		ldr	r2, .L6+32
 101 0054 1968     		ldr	r1, [r3]
 111:Generated_Source\PSoC5/ErikaOS_1_ee_rq_exchg.c ****   EE_stkfirst = temp;
 102              		.loc 1 111 0
 103 0056 1860     		str	r0, [r3]
 110:Generated_Source\PSoC5/ErikaOS_1_ee_rq_exchg.c ****   EE_stkfirst = temp;
 104              		.loc 1 110 0
 105 0058 42F82010 		str	r1, [r2, r0, lsl #2]
 112:Generated_Source\PSoC5/ErikaOS_1_ee_rq_exchg.c **** 
 113:Generated_Source\PSoC5/ErikaOS_1_ee_rq_exchg.c ****   return temp;
 114:Generated_Source\PSoC5/ErikaOS_1_ee_rq_exchg.c **** }
 106              		.loc 1 114 0
ARM GAS  C:\Users\Reza\AppData\Local\Temp\cc8r7MId.s 			page 5


 107 005c F0BD     		pop	{r4, r5, r6, r7, pc}
 108              	.LVL9:
 109              	.L7:
 110 005e 00BF     		.align	2
 111              	.L6:
 112 0060 00000000 		.word	EE_rq_bitmask
 113 0064 00000000 		.word	EE_rq_lookup
 114 0068 00000000 		.word	EE_rq_queues_head
 115 006c 00000000 		.word	EE_rq_pairs_next
 116 0070 00000000 		.word	EE_rq_pairs_tid
 117 0074 00000000 		.word	EE_rq_free
 118 0078 00000000 		.word	EE_rq_queues_tail
 119 007c 00000000 		.word	EE_stkfirst
 120 0080 00000000 		.word	EE_th_next
 121              		.cfi_endproc
 122              	.LFE70:
 123              		.size	EE_rq2stk_exchange, .-EE_rq2stk_exchange
 124              		.text
 125              	.Letext0:
 126              		.file 2 "Generated_Source\\PSoC5\\ErikaOS_1_common_ee_types.inc"
 127              		.file 3 "Generated_Source\\PSoC5\\ErikaOS_1_cortex_mx_ee_cpu.inc"
 128              		.file 4 "Generated_Source\\PSoC5\\ErikaOS_1_ee_oo_common.inc"
 129              		.file 5 "Generated_Source\\PSoC5\\ErikaOS_1_common_ee_primitives.inc"
 130              		.file 6 "Generated_Source\\PSoC5\\ErikaOS_1_cortex_mx_ee_context.inc"
 131              		.file 7 "Generated_Source\\PSoC5\\ErikaOS_1_ee_oo_intfunc.inc"
 132              		.file 8 "Generated_Source\\PSoC5\\ErikaOS_1_ee_oo_internal.inc"
 133              		.section	.debug_info,"",%progbits
 134              	.Ldebug_info0:
 135 0000 6B040000 		.4byte	0x46b
 136 0004 0400     		.2byte	0x4
 137 0006 00000000 		.4byte	.Ldebug_abbrev0
 138 000a 04       		.byte	0x4
 139 000b 01       		.uleb128 0x1
 140 000c 9F030000 		.4byte	.LASF69
 141 0010 0C       		.byte	0xc
 142 0011 00000000 		.4byte	.LASF70
 143 0015 FF000000 		.4byte	.LASF71
 144 0019 00000000 		.4byte	.Ldebug_ranges0+0
 145 001d 00000000 		.4byte	0
 146 0021 00000000 		.4byte	.Ldebug_line0
 147 0025 02       		.uleb128 0x2
 148 0026 01       		.byte	0x1
 149 0027 06       		.byte	0x6
 150 0028 4A030000 		.4byte	.LASF0
 151 002c 02       		.uleb128 0x2
 152 002d 01       		.byte	0x1
 153 002e 08       		.byte	0x8
 154 002f 1B030000 		.4byte	.LASF1
 155 0033 02       		.uleb128 0x2
 156 0034 02       		.byte	0x2
 157 0035 05       		.byte	0x5
 158 0036 6C000000 		.4byte	.LASF2
 159 003a 02       		.uleb128 0x2
 160 003b 02       		.byte	0x2
 161 003c 07       		.byte	0x7
 162 003d 2D040000 		.4byte	.LASF3
 163 0041 02       		.uleb128 0x2
ARM GAS  C:\Users\Reza\AppData\Local\Temp\cc8r7MId.s 			page 6


 164 0042 04       		.byte	0x4
 165 0043 05       		.byte	0x5
 166 0044 64020000 		.4byte	.LASF4
 167 0048 02       		.uleb128 0x2
 168 0049 04       		.byte	0x4
 169 004a 07       		.byte	0x7
 170 004b 8A040000 		.4byte	.LASF5
 171 004f 02       		.uleb128 0x2
 172 0050 08       		.byte	0x8
 173 0051 05       		.byte	0x5
 174 0052 14020000 		.4byte	.LASF6
 175 0056 02       		.uleb128 0x2
 176 0057 08       		.byte	0x8
 177 0058 07       		.byte	0x7
 178 0059 56030000 		.4byte	.LASF7
 179 005d 03       		.uleb128 0x3
 180 005e 04       		.byte	0x4
 181 005f 05       		.byte	0x5
 182 0060 696E7400 		.ascii	"int\000"
 183 0064 02       		.uleb128 0x2
 184 0065 04       		.byte	0x4
 185 0066 07       		.byte	0x7
 186 0067 6D030000 		.4byte	.LASF8
 187 006b 02       		.uleb128 0x2
 188 006c 08       		.byte	0x8
 189 006d 04       		.byte	0x4
 190 006e 00030000 		.4byte	.LASF9
 191 0072 04       		.uleb128 0x4
 192 0073 22020000 		.4byte	.LASF10
 193 0077 02       		.byte	0x2
 194 0078 3F       		.byte	0x3f
 195 0079 25000000 		.4byte	0x25
 196 007d 04       		.uleb128 0x4
 197 007e 5E040000 		.4byte	.LASF11
 198 0082 02       		.byte	0x2
 199 0083 52       		.byte	0x52
 200 0084 3A000000 		.4byte	0x3a
 201 0088 04       		.uleb128 0x4
 202 0089 F4010000 		.4byte	.LASF12
 203 008d 02       		.byte	0x2
 204 008e 53       		.byte	0x53
 205 008f 5D000000 		.4byte	0x5d
 206 0093 04       		.uleb128 0x4
 207 0094 AB000000 		.4byte	.LASF13
 208 0098 02       		.byte	0x2
 209 0099 54       		.byte	0x54
 210 009a 64000000 		.4byte	0x64
 211 009e 04       		.uleb128 0x4
 212 009f 34000000 		.4byte	.LASF14
 213 00a3 03       		.byte	0x3
 214 00a4 4D       		.byte	0x4d
 215 00a5 93000000 		.4byte	0x93
 216 00a9 04       		.uleb128 0x4
 217 00aa 42030000 		.4byte	.LASF15
 218 00ae 03       		.byte	0x3
 219 00af 4E       		.byte	0x4e
 220 00b0 88000000 		.4byte	0x88
ARM GAS  C:\Users\Reza\AppData\Local\Temp\cc8r7MId.s 			page 7


 221 00b4 04       		.uleb128 0x4
 222 00b5 8D000000 		.4byte	.LASF16
 223 00b9 03       		.byte	0x3
 224 00ba 4F       		.byte	0x4f
 225 00bb 93000000 		.4byte	0x93
 226 00bf 04       		.uleb128 0x4
 227 00c0 9C040000 		.4byte	.LASF17
 228 00c4 03       		.byte	0x3
 229 00c5 54       		.byte	0x54
 230 00c6 9E000000 		.4byte	0x9e
 231 00ca 04       		.uleb128 0x4
 232 00cb D8000000 		.4byte	.LASF18
 233 00cf 03       		.byte	0x3
 234 00d0 78       		.byte	0x78
 235 00d1 88000000 		.4byte	0x88
 236 00d5 05       		.uleb128 0x5
 237 00d6 43020000 		.4byte	.LASF19
 238 00da 04       		.byte	0x4
 239 00db 1101     		.2byte	0x111
 240 00dd 7D000000 		.4byte	0x7d
 241 00e1 05       		.uleb128 0x5
 242 00e2 C3020000 		.4byte	.LASF20
 243 00e6 04       		.byte	0x4
 244 00e7 3502     		.2byte	0x235
 245 00e9 9E000000 		.4byte	0x9e
 246 00ed 05       		.uleb128 0x5
 247 00ee DB020000 		.4byte	.LASF21
 248 00f2 04       		.byte	0x4
 249 00f3 5D02     		.2byte	0x25d
 250 00f5 9E000000 		.4byte	0x9e
 251 00f9 05       		.uleb128 0x5
 252 00fa E0040000 		.4byte	.LASF22
 253 00fe 04       		.byte	0x4
 254 00ff 6C02     		.2byte	0x26c
 255 0101 9E000000 		.4byte	0x9e
 256 0105 06       		.uleb128 0x6
 257 0106 0C       		.byte	0xc
 258 0107 04       		.byte	0x4
 259 0108 7202     		.2byte	0x272
 260 010a 36010000 		.4byte	0x136
 261 010e 07       		.uleb128 0x7
 262 010f 6D020000 		.4byte	.LASF23
 263 0113 04       		.byte	0x4
 264 0114 7302     		.2byte	0x273
 265 0116 E1000000 		.4byte	0xe1
 266 011a 00       		.byte	0
 267 011b 07       		.uleb128 0x7
 268 011c 3C000000 		.4byte	.LASF24
 269 0120 04       		.byte	0x4
 270 0121 7402     		.2byte	0x274
 271 0123 E1000000 		.4byte	0xe1
 272 0127 04       		.byte	0x4
 273 0128 07       		.uleb128 0x7
 274 0129 DF000000 		.4byte	.LASF25
 275 012d 04       		.byte	0x4
 276 012e 7502     		.2byte	0x275
 277 0130 E1000000 		.4byte	0xe1
ARM GAS  C:\Users\Reza\AppData\Local\Temp\cc8r7MId.s 			page 8


 278 0134 08       		.byte	0x8
 279 0135 00       		.byte	0
 280 0136 05       		.uleb128 0x5
 281 0137 9B020000 		.4byte	.LASF26
 282 013b 04       		.byte	0x4
 283 013c 7A02     		.2byte	0x27a
 284 013e 05010000 		.4byte	0x105
 285 0142 06       		.uleb128 0x6
 286 0143 08       		.byte	0x8
 287 0144 04       		.byte	0x4
 288 0145 7D02     		.2byte	0x27d
 289 0147 66010000 		.4byte	0x166
 290 014b 07       		.uleb128 0x7
 291 014c E8000000 		.4byte	.LASF27
 292 0150 04       		.byte	0x4
 293 0151 7E02     		.2byte	0x27e
 294 0153 E1000000 		.4byte	0xe1
 295 0157 00       		.byte	0
 296 0158 07       		.uleb128 0x7
 297 0159 5D050000 		.4byte	.LASF28
 298 015d 04       		.byte	0x4
 299 015e 7F02     		.2byte	0x27f
 300 0160 ED000000 		.4byte	0xed
 301 0164 04       		.byte	0x4
 302 0165 00       		.byte	0
 303 0166 05       		.uleb128 0x5
 304 0167 FD010000 		.4byte	.LASF29
 305 016b 04       		.byte	0x4
 306 016c 8002     		.2byte	0x280
 307 016e 42010000 		.4byte	0x142
 308 0172 08       		.uleb128 0x8
 309 0173 01       		.byte	0x1
 310 0174 2C000000 		.4byte	0x2c
 311 0178 04       		.byte	0x4
 312 0179 8A02     		.2byte	0x28a
 313 017b 8C010000 		.4byte	0x18c
 314 017f 09       		.uleb128 0x9
 315 0180 D2040000 		.4byte	.LASF30
 316 0184 00       		.byte	0
 317 0185 09       		.uleb128 0x9
 318 0186 53020000 		.4byte	.LASF31
 319 018a 01       		.byte	0x1
 320 018b 00       		.byte	0
 321 018c 05       		.uleb128 0x5
 322 018d C0010000 		.4byte	.LASF32
 323 0191 04       		.byte	0x4
 324 0192 8D02     		.2byte	0x28d
 325 0194 72010000 		.4byte	0x172
 326 0198 05       		.uleb128 0x5
 327 0199 95000000 		.4byte	.LASF33
 328 019d 04       		.byte	0x4
 329 019e 9002     		.2byte	0x290
 330 01a0 8C010000 		.4byte	0x18c
 331 01a4 06       		.uleb128 0x6
 332 01a5 0C       		.byte	0xc
 333 01a6 04       		.byte	0x4
 334 01a7 9402     		.2byte	0x294
ARM GAS  C:\Users\Reza\AppData\Local\Temp\cc8r7MId.s 			page 9


 335 01a9 D3010000 		.4byte	0x1d3
 336 01ad 0A       		.uleb128 0xa
 337 01ae 6300     		.ascii	"c\000"
 338 01b0 04       		.byte	0x4
 339 01b1 9602     		.2byte	0x296
 340 01b3 F9000000 		.4byte	0xf9
 341 01b7 00       		.byte	0
 342 01b8 07       		.uleb128 0x7
 343 01b9 85000000 		.4byte	.LASF34
 344 01bd 04       		.byte	0x4
 345 01be 9802     		.2byte	0x298
 346 01c0 ED000000 		.4byte	0xed
 347 01c4 04       		.byte	0x4
 348 01c5 07       		.uleb128 0x7
 349 01c6 2F000000 		.4byte	.LASF35
 350 01ca 04       		.byte	0x4
 351 01cb 9A02     		.2byte	0x29a
 352 01cd 98010000 		.4byte	0x198
 353 01d1 08       		.byte	0x8
 354 01d2 00       		.byte	0
 355 01d3 05       		.uleb128 0x5
 356 01d4 40040000 		.4byte	.LASF36
 357 01d8 04       		.byte	0x4
 358 01d9 9B02     		.2byte	0x29b
 359 01db A4010000 		.4byte	0x1a4
 360 01df 06       		.uleb128 0x6
 361 01e0 10       		.byte	0x10
 362 01e1 04       		.byte	0x4
 363 01e2 9F02     		.2byte	0x29f
 364 01e4 1D020000 		.4byte	0x21d
 365 01e8 07       		.uleb128 0x7
 366 01e9 DB040000 		.4byte	.LASF37
 367 01ed 04       		.byte	0x4
 368 01ee A002     		.2byte	0x2a0
 369 01f0 BF000000 		.4byte	0xbf
 370 01f4 00       		.byte	0
 371 01f5 07       		.uleb128 0x7
 372 01f6 2A050000 		.4byte	.LASF38
 373 01fa 04       		.byte	0x4
 374 01fb A102     		.2byte	0x2a1
 375 01fd E1000000 		.4byte	0xe1
 376 0201 04       		.byte	0x4
 377 0202 07       		.uleb128 0x7
 378 0203 7F000000 		.4byte	.LASF39
 379 0207 04       		.byte	0x4
 380 0208 A202     		.2byte	0x2a2
 381 020a E1000000 		.4byte	0xe1
 382 020e 08       		.byte	0x8
 383 020f 07       		.uleb128 0x7
 384 0210 4B050000 		.4byte	.LASF40
 385 0214 04       		.byte	0x4
 386 0215 A302     		.2byte	0x2a3
 387 0217 ED000000 		.4byte	0xed
 388 021b 0C       		.byte	0xc
 389 021c 00       		.byte	0
 390 021d 05       		.uleb128 0x5
 391 021e 7D020000 		.4byte	.LASF41
ARM GAS  C:\Users\Reza\AppData\Local\Temp\cc8r7MId.s 			page 10


 392 0222 04       		.byte	0x4
 393 0223 A402     		.2byte	0x2a4
 394 0225 DF010000 		.4byte	0x1df
 395 0229 0B       		.uleb128 0xb
 396 022a ED020000 		.4byte	.LASF72
 397 022e 01       		.byte	0x1
 398 022f 4A       		.byte	0x4a
 399 0230 CA000000 		.4byte	0xca
 400 0234 00000000 		.4byte	.LFB70
 401 0238 84000000 		.4byte	.LFE70-.LFB70
 402 023c 01       		.uleb128 0x1
 403 023d 9C       		.byte	0x9c
 404 023e 6A020000 		.4byte	0x26a
 405 0242 0C       		.uleb128 0xc
 406 0243 7800     		.ascii	"x\000"
 407 0245 01       		.byte	0x1
 408 0246 4C       		.byte	0x4c
 409 0247 72000000 		.4byte	0x72
 410 024b 00000000 		.4byte	.LLST0
 411 024f 0D       		.uleb128 0xd
 412 0250 67000000 		.4byte	.LASF42
 413 0254 01       		.byte	0x1
 414 0255 4D       		.byte	0x4d
 415 0256 CA000000 		.4byte	0xca
 416 025a 01       		.uleb128 0x1
 417 025b 50       		.byte	0x50
 418 025c 0C       		.uleb128 0xc
 419 025d 7900     		.ascii	"y\000"
 420 025f 01       		.byte	0x1
 421 0260 4E       		.byte	0x4e
 422 0261 A9000000 		.4byte	0xa9
 423 0265 1E000000 		.4byte	.LLST1
 424 0269 00       		.byte	0
 425 026a 0E       		.uleb128 0xe
 426 026b DF010000 		.4byte	.LASF43
 427 026f 05       		.byte	0x5
 428 0270 44       		.byte	0x44
 429 0271 9E000000 		.4byte	0x9e
 430 0275 0E       		.uleb128 0xe
 431 0276 86030000 		.4byte	.LASF44
 432 027a 06       		.byte	0x6
 433 027b 48       		.byte	0x48
 434 027c CA000000 		.4byte	0xca
 435 0280 0F       		.uleb128 0xf
 436 0281 97020000 		.4byte	0x297
 437 0285 90020000 		.4byte	0x290
 438 0289 10       		.uleb128 0x10
 439 028a 90020000 		.4byte	0x290
 440 028e 03       		.byte	0x3
 441 028f 00       		.byte	0
 442 0290 02       		.uleb128 0x2
 443 0291 04       		.byte	0x4
 444 0292 07       		.byte	0x7
 445 0293 76000000 		.4byte	.LASF45
 446 0297 11       		.uleb128 0x11
 447 0298 9E000000 		.4byte	0x9e
 448 029c 0E       		.uleb128 0xe
ARM GAS  C:\Users\Reza\AppData\Local\Temp\cc8r7MId.s 			page 11


 449 029d B5000000 		.4byte	.LASF46
 450 02a1 04       		.byte	0x4
 451 02a2 B2       		.byte	0xb2
 452 02a3 A7020000 		.4byte	0x2a7
 453 02a7 11       		.uleb128 0x11
 454 02a8 80020000 		.4byte	0x280
 455 02ac 0E       		.uleb128 0xe
 456 02ad F9040000 		.4byte	.LASF47
 457 02b1 04       		.byte	0x4
 458 02b2 B3       		.byte	0xb3
 459 02b3 B7020000 		.4byte	0x2b7
 460 02b7 11       		.uleb128 0x11
 461 02b8 80020000 		.4byte	0x280
 462 02bc 0F       		.uleb128 0xf
 463 02bd 9E000000 		.4byte	0x9e
 464 02c1 CC020000 		.4byte	0x2cc
 465 02c5 10       		.uleb128 0x10
 466 02c6 90020000 		.4byte	0x290
 467 02ca 03       		.byte	0x3
 468 02cb 00       		.byte	0
 469 02cc 0E       		.uleb128 0xe
 470 02cd EC040000 		.4byte	.LASF48
 471 02d1 04       		.byte	0x4
 472 02d2 CA       		.byte	0xca
 473 02d3 BC020000 		.4byte	0x2bc
 474 02d7 0F       		.uleb128 0xf
 475 02d8 CA000000 		.4byte	0xca
 476 02dc E7020000 		.4byte	0x2e7
 477 02e0 10       		.uleb128 0x10
 478 02e1 90020000 		.4byte	0x290
 479 02e5 03       		.byte	0x3
 480 02e6 00       		.byte	0
 481 02e7 0E       		.uleb128 0xe
 482 02e8 0D050000 		.4byte	.LASF49
 483 02ec 04       		.byte	0x4
 484 02ed D2       		.byte	0xd2
 485 02ee D7020000 		.4byte	0x2d7
 486 02f2 0E       		.uleb128 0xe
 487 02f3 7A030000 		.4byte	.LASF50
 488 02f7 04       		.byte	0x4
 489 02f8 DA       		.byte	0xda
 490 02f9 BC020000 		.4byte	0x2bc
 491 02fd 0E       		.uleb128 0xe
 492 02fe A8040000 		.4byte	.LASF51
 493 0302 04       		.byte	0x4
 494 0303 E2       		.byte	0xe2
 495 0304 CA000000 		.4byte	0xca
 496 0308 0E       		.uleb128 0xe
 497 0309 CC020000 		.4byte	.LASF52
 498 030d 04       		.byte	0x4
 499 030e F7       		.byte	0xf7
 500 030f 9E000000 		.4byte	0x9e
 501 0313 0F       		.uleb128 0xf
 502 0314 A9000000 		.4byte	0xa9
 503 0318 23030000 		.4byte	0x323
 504 031c 10       		.uleb128 0x10
 505 031d 90020000 		.4byte	0x290
ARM GAS  C:\Users\Reza\AppData\Local\Temp\cc8r7MId.s 			page 12


 506 0321 0F       		.byte	0xf
 507 0322 00       		.byte	0
 508 0323 12       		.uleb128 0x12
 509 0324 C6000000 		.4byte	.LASF53
 510 0328 04       		.byte	0x4
 511 0329 2501     		.2byte	0x125
 512 032b 13030000 		.4byte	0x313
 513 032f 12       		.uleb128 0x12
 514 0330 18050000 		.4byte	.LASF54
 515 0334 04       		.byte	0x4
 516 0335 2601     		.2byte	0x126
 517 0337 13030000 		.4byte	0x313
 518 033b 0F       		.uleb128 0xf
 519 033c A9000000 		.4byte	0xa9
 520 0340 4B030000 		.4byte	0x34b
 521 0344 10       		.uleb128 0x10
 522 0345 90020000 		.4byte	0x290
 523 0349 03       		.byte	0x3
 524 034a 00       		.byte	0
 525 034b 12       		.uleb128 0x12
 526 034c B2020000 		.4byte	.LASF55
 527 0350 04       		.byte	0x4
 528 0351 2C01     		.2byte	0x12c
 529 0353 3B030000 		.4byte	0x33b
 530 0357 12       		.uleb128 0x12
 531 0358 B4040000 		.4byte	.LASF56
 532 035c 04       		.byte	0x4
 533 035d 3C01     		.2byte	0x13c
 534 035f D7020000 		.4byte	0x2d7
 535 0363 12       		.uleb128 0x12
 536 0364 C4040000 		.4byte	.LASF57
 537 0368 04       		.byte	0x4
 538 0369 3F01     		.2byte	0x13f
 539 036b D5000000 		.4byte	0xd5
 540 036f 12       		.uleb128 0x12
 541 0370 49000000 		.4byte	.LASF58
 542 0374 04       		.byte	0x4
 543 0375 4101     		.2byte	0x141
 544 0377 A9000000 		.4byte	0xa9
 545 037b 12       		.uleb128 0x12
 546 037c 54000000 		.4byte	.LASF59
 547 0380 04       		.byte	0x4
 548 0381 5C01     		.2byte	0x15c
 549 0383 BC020000 		.4byte	0x2bc
 550 0387 0F       		.uleb128 0xf
 551 0388 BF000000 		.4byte	0xbf
 552 038c 97030000 		.4byte	0x397
 553 0390 10       		.uleb128 0x10
 554 0391 90020000 		.4byte	0x290
 555 0395 03       		.byte	0x3
 556 0396 00       		.byte	0
 557 0397 12       		.uleb128 0x12
 558 0398 EE000000 		.4byte	.LASF60
 559 039c 04       		.byte	0x4
 560 039d 6701     		.2byte	0x167
 561 039f 87030000 		.4byte	0x387
 562 03a3 0F       		.uleb128 0xf
ARM GAS  C:\Users\Reza\AppData\Local\Temp\cc8r7MId.s 			page 13


 563 03a4 B3030000 		.4byte	0x3b3
 564 03a8 B3030000 		.4byte	0x3b3
 565 03ac 10       		.uleb128 0x10
 566 03ad 90020000 		.4byte	0x290
 567 03b1 00       		.byte	0
 568 03b2 00       		.byte	0
 569 03b3 11       		.uleb128 0x11
 570 03b4 36010000 		.4byte	0x136
 571 03b8 12       		.uleb128 0x12
 572 03b9 0C030000 		.4byte	.LASF61
 573 03bd 04       		.byte	0x4
 574 03be CA02     		.2byte	0x2ca
 575 03c0 C4030000 		.4byte	0x3c4
 576 03c4 11       		.uleb128 0x11
 577 03c5 A3030000 		.4byte	0x3a3
 578 03c9 0F       		.uleb128 0xf
 579 03ca D9030000 		.4byte	0x3d9
 580 03ce D9030000 		.4byte	0x3d9
 581 03d2 10       		.uleb128 0x10
 582 03d3 90020000 		.4byte	0x290
 583 03d7 01       		.byte	0x1
 584 03d8 00       		.byte	0
 585 03d9 11       		.uleb128 0x11
 586 03da D3010000 		.4byte	0x1d3
 587 03de 12       		.uleb128 0x12
 588 03df A7010000 		.4byte	.LASF62
 589 03e3 04       		.byte	0x4
 590 03e4 DD02     		.2byte	0x2dd
 591 03e6 EA030000 		.4byte	0x3ea
 592 03ea 11       		.uleb128 0x11
 593 03eb C9030000 		.4byte	0x3c9
 594 03ef 0F       		.uleb128 0xf
 595 03f0 66010000 		.4byte	0x166
 596 03f4 FF030000 		.4byte	0x3ff
 597 03f8 10       		.uleb128 0x10
 598 03f9 90020000 		.4byte	0x290
 599 03fd 00       		.byte	0
 600 03fe 00       		.byte	0
 601 03ff 12       		.uleb128 0x12
 602 0400 68040000 		.4byte	.LASF63
 603 0404 04       		.byte	0x4
 604 0405 FB02     		.2byte	0x2fb
 605 0407 EF030000 		.4byte	0x3ef
 606 040b 0F       		.uleb128 0xf
 607 040c 1D020000 		.4byte	0x21d
 608 0410 1B040000 		.4byte	0x41b
 609 0414 10       		.uleb128 0x10
 610 0415 90020000 		.4byte	0x290
 611 0419 01       		.byte	0x1
 612 041a 00       		.byte	0
 613 041b 12       		.uleb128 0x12
 614 041c 29030000 		.4byte	.LASF64
 615 0420 04       		.byte	0x4
 616 0421 0403     		.2byte	0x304
 617 0423 0B040000 		.4byte	0x40b
 618 0427 0E       		.uleb128 0xe
 619 0428 33050000 		.4byte	.LASF65
ARM GAS  C:\Users\Reza\AppData\Local\Temp\cc8r7MId.s 			page 14


 620 042c 07       		.byte	0x7
 621 042d 40       		.byte	0x40
 622 042e 9E000000 		.4byte	0x9e
 623 0432 0E       		.uleb128 0xe
 624 0433 2A020000 		.4byte	.LASF66
 625 0437 07       		.byte	0x7
 626 0438 47       		.byte	0x47
 627 0439 B4000000 		.4byte	0xb4
 628 043d 0E       		.uleb128 0xe
 629 043e 77040000 		.4byte	.LASF67
 630 0442 07       		.byte	0x7
 631 0443 4A       		.byte	0x4a
 632 0444 9E000000 		.4byte	0x9e
 633 0448 0F       		.uleb128 0xf
 634 0449 58040000 		.4byte	0x458
 635 044d 58040000 		.4byte	0x458
 636 0451 10       		.uleb128 0x10
 637 0452 90020000 		.4byte	0x290
 638 0456 FF       		.byte	0xff
 639 0457 00       		.byte	0
 640 0458 11       		.uleb128 0x11
 641 0459 72000000 		.4byte	0x72
 642 045d 12       		.uleb128 0x12
 643 045e 50050000 		.4byte	.LASF68
 644 0462 08       		.byte	0x8
 645 0463 AB01     		.2byte	0x1ab
 646 0465 69040000 		.4byte	0x469
 647 0469 11       		.uleb128 0x11
 648 046a 48040000 		.4byte	0x448
 649 046e 00       		.byte	0
 650              		.section	.debug_abbrev,"",%progbits
 651              	.Ldebug_abbrev0:
 652 0000 01       		.uleb128 0x1
 653 0001 11       		.uleb128 0x11
 654 0002 01       		.byte	0x1
 655 0003 25       		.uleb128 0x25
 656 0004 0E       		.uleb128 0xe
 657 0005 13       		.uleb128 0x13
 658 0006 0B       		.uleb128 0xb
 659 0007 03       		.uleb128 0x3
 660 0008 0E       		.uleb128 0xe
 661 0009 1B       		.uleb128 0x1b
 662 000a 0E       		.uleb128 0xe
 663 000b 55       		.uleb128 0x55
 664 000c 17       		.uleb128 0x17
 665 000d 11       		.uleb128 0x11
 666 000e 01       		.uleb128 0x1
 667 000f 10       		.uleb128 0x10
 668 0010 17       		.uleb128 0x17
 669 0011 00       		.byte	0
 670 0012 00       		.byte	0
 671 0013 02       		.uleb128 0x2
 672 0014 24       		.uleb128 0x24
 673 0015 00       		.byte	0
 674 0016 0B       		.uleb128 0xb
 675 0017 0B       		.uleb128 0xb
 676 0018 3E       		.uleb128 0x3e
ARM GAS  C:\Users\Reza\AppData\Local\Temp\cc8r7MId.s 			page 15


 677 0019 0B       		.uleb128 0xb
 678 001a 03       		.uleb128 0x3
 679 001b 0E       		.uleb128 0xe
 680 001c 00       		.byte	0
 681 001d 00       		.byte	0
 682 001e 03       		.uleb128 0x3
 683 001f 24       		.uleb128 0x24
 684 0020 00       		.byte	0
 685 0021 0B       		.uleb128 0xb
 686 0022 0B       		.uleb128 0xb
 687 0023 3E       		.uleb128 0x3e
 688 0024 0B       		.uleb128 0xb
 689 0025 03       		.uleb128 0x3
 690 0026 08       		.uleb128 0x8
 691 0027 00       		.byte	0
 692 0028 00       		.byte	0
 693 0029 04       		.uleb128 0x4
 694 002a 16       		.uleb128 0x16
 695 002b 00       		.byte	0
 696 002c 03       		.uleb128 0x3
 697 002d 0E       		.uleb128 0xe
 698 002e 3A       		.uleb128 0x3a
 699 002f 0B       		.uleb128 0xb
 700 0030 3B       		.uleb128 0x3b
 701 0031 0B       		.uleb128 0xb
 702 0032 49       		.uleb128 0x49
 703 0033 13       		.uleb128 0x13
 704 0034 00       		.byte	0
 705 0035 00       		.byte	0
 706 0036 05       		.uleb128 0x5
 707 0037 16       		.uleb128 0x16
 708 0038 00       		.byte	0
 709 0039 03       		.uleb128 0x3
 710 003a 0E       		.uleb128 0xe
 711 003b 3A       		.uleb128 0x3a
 712 003c 0B       		.uleb128 0xb
 713 003d 3B       		.uleb128 0x3b
 714 003e 05       		.uleb128 0x5
 715 003f 49       		.uleb128 0x49
 716 0040 13       		.uleb128 0x13
 717 0041 00       		.byte	0
 718 0042 00       		.byte	0
 719 0043 06       		.uleb128 0x6
 720 0044 13       		.uleb128 0x13
 721 0045 01       		.byte	0x1
 722 0046 0B       		.uleb128 0xb
 723 0047 0B       		.uleb128 0xb
 724 0048 3A       		.uleb128 0x3a
 725 0049 0B       		.uleb128 0xb
 726 004a 3B       		.uleb128 0x3b
 727 004b 05       		.uleb128 0x5
 728 004c 01       		.uleb128 0x1
 729 004d 13       		.uleb128 0x13
 730 004e 00       		.byte	0
 731 004f 00       		.byte	0
 732 0050 07       		.uleb128 0x7
 733 0051 0D       		.uleb128 0xd
ARM GAS  C:\Users\Reza\AppData\Local\Temp\cc8r7MId.s 			page 16


 734 0052 00       		.byte	0
 735 0053 03       		.uleb128 0x3
 736 0054 0E       		.uleb128 0xe
 737 0055 3A       		.uleb128 0x3a
 738 0056 0B       		.uleb128 0xb
 739 0057 3B       		.uleb128 0x3b
 740 0058 05       		.uleb128 0x5
 741 0059 49       		.uleb128 0x49
 742 005a 13       		.uleb128 0x13
 743 005b 38       		.uleb128 0x38
 744 005c 0B       		.uleb128 0xb
 745 005d 00       		.byte	0
 746 005e 00       		.byte	0
 747 005f 08       		.uleb128 0x8
 748 0060 04       		.uleb128 0x4
 749 0061 01       		.byte	0x1
 750 0062 0B       		.uleb128 0xb
 751 0063 0B       		.uleb128 0xb
 752 0064 49       		.uleb128 0x49
 753 0065 13       		.uleb128 0x13
 754 0066 3A       		.uleb128 0x3a
 755 0067 0B       		.uleb128 0xb
 756 0068 3B       		.uleb128 0x3b
 757 0069 05       		.uleb128 0x5
 758 006a 01       		.uleb128 0x1
 759 006b 13       		.uleb128 0x13
 760 006c 00       		.byte	0
 761 006d 00       		.byte	0
 762 006e 09       		.uleb128 0x9
 763 006f 28       		.uleb128 0x28
 764 0070 00       		.byte	0
 765 0071 03       		.uleb128 0x3
 766 0072 0E       		.uleb128 0xe
 767 0073 1C       		.uleb128 0x1c
 768 0074 0B       		.uleb128 0xb
 769 0075 00       		.byte	0
 770 0076 00       		.byte	0
 771 0077 0A       		.uleb128 0xa
 772 0078 0D       		.uleb128 0xd
 773 0079 00       		.byte	0
 774 007a 03       		.uleb128 0x3
 775 007b 08       		.uleb128 0x8
 776 007c 3A       		.uleb128 0x3a
 777 007d 0B       		.uleb128 0xb
 778 007e 3B       		.uleb128 0x3b
 779 007f 05       		.uleb128 0x5
 780 0080 49       		.uleb128 0x49
 781 0081 13       		.uleb128 0x13
 782 0082 38       		.uleb128 0x38
 783 0083 0B       		.uleb128 0xb
 784 0084 00       		.byte	0
 785 0085 00       		.byte	0
 786 0086 0B       		.uleb128 0xb
 787 0087 2E       		.uleb128 0x2e
 788 0088 01       		.byte	0x1
 789 0089 3F       		.uleb128 0x3f
 790 008a 19       		.uleb128 0x19
ARM GAS  C:\Users\Reza\AppData\Local\Temp\cc8r7MId.s 			page 17


 791 008b 03       		.uleb128 0x3
 792 008c 0E       		.uleb128 0xe
 793 008d 3A       		.uleb128 0x3a
 794 008e 0B       		.uleb128 0xb
 795 008f 3B       		.uleb128 0x3b
 796 0090 0B       		.uleb128 0xb
 797 0091 27       		.uleb128 0x27
 798 0092 19       		.uleb128 0x19
 799 0093 49       		.uleb128 0x49
 800 0094 13       		.uleb128 0x13
 801 0095 11       		.uleb128 0x11
 802 0096 01       		.uleb128 0x1
 803 0097 12       		.uleb128 0x12
 804 0098 06       		.uleb128 0x6
 805 0099 40       		.uleb128 0x40
 806 009a 18       		.uleb128 0x18
 807 009b 9742     		.uleb128 0x2117
 808 009d 19       		.uleb128 0x19
 809 009e 01       		.uleb128 0x1
 810 009f 13       		.uleb128 0x13
 811 00a0 00       		.byte	0
 812 00a1 00       		.byte	0
 813 00a2 0C       		.uleb128 0xc
 814 00a3 34       		.uleb128 0x34
 815 00a4 00       		.byte	0
 816 00a5 03       		.uleb128 0x3
 817 00a6 08       		.uleb128 0x8
 818 00a7 3A       		.uleb128 0x3a
 819 00a8 0B       		.uleb128 0xb
 820 00a9 3B       		.uleb128 0x3b
 821 00aa 0B       		.uleb128 0xb
 822 00ab 49       		.uleb128 0x49
 823 00ac 13       		.uleb128 0x13
 824 00ad 02       		.uleb128 0x2
 825 00ae 17       		.uleb128 0x17
 826 00af 00       		.byte	0
 827 00b0 00       		.byte	0
 828 00b1 0D       		.uleb128 0xd
 829 00b2 34       		.uleb128 0x34
 830 00b3 00       		.byte	0
 831 00b4 03       		.uleb128 0x3
 832 00b5 0E       		.uleb128 0xe
 833 00b6 3A       		.uleb128 0x3a
 834 00b7 0B       		.uleb128 0xb
 835 00b8 3B       		.uleb128 0x3b
 836 00b9 0B       		.uleb128 0xb
 837 00ba 49       		.uleb128 0x49
 838 00bb 13       		.uleb128 0x13
 839 00bc 02       		.uleb128 0x2
 840 00bd 18       		.uleb128 0x18
 841 00be 00       		.byte	0
 842 00bf 00       		.byte	0
 843 00c0 0E       		.uleb128 0xe
 844 00c1 34       		.uleb128 0x34
 845 00c2 00       		.byte	0
 846 00c3 03       		.uleb128 0x3
 847 00c4 0E       		.uleb128 0xe
ARM GAS  C:\Users\Reza\AppData\Local\Temp\cc8r7MId.s 			page 18


 848 00c5 3A       		.uleb128 0x3a
 849 00c6 0B       		.uleb128 0xb
 850 00c7 3B       		.uleb128 0x3b
 851 00c8 0B       		.uleb128 0xb
 852 00c9 49       		.uleb128 0x49
 853 00ca 13       		.uleb128 0x13
 854 00cb 3F       		.uleb128 0x3f
 855 00cc 19       		.uleb128 0x19
 856 00cd 3C       		.uleb128 0x3c
 857 00ce 19       		.uleb128 0x19
 858 00cf 00       		.byte	0
 859 00d0 00       		.byte	0
 860 00d1 0F       		.uleb128 0xf
 861 00d2 01       		.uleb128 0x1
 862 00d3 01       		.byte	0x1
 863 00d4 49       		.uleb128 0x49
 864 00d5 13       		.uleb128 0x13
 865 00d6 01       		.uleb128 0x1
 866 00d7 13       		.uleb128 0x13
 867 00d8 00       		.byte	0
 868 00d9 00       		.byte	0
 869 00da 10       		.uleb128 0x10
 870 00db 21       		.uleb128 0x21
 871 00dc 00       		.byte	0
 872 00dd 49       		.uleb128 0x49
 873 00de 13       		.uleb128 0x13
 874 00df 2F       		.uleb128 0x2f
 875 00e0 0B       		.uleb128 0xb
 876 00e1 00       		.byte	0
 877 00e2 00       		.byte	0
 878 00e3 11       		.uleb128 0x11
 879 00e4 26       		.uleb128 0x26
 880 00e5 00       		.byte	0
 881 00e6 49       		.uleb128 0x49
 882 00e7 13       		.uleb128 0x13
 883 00e8 00       		.byte	0
 884 00e9 00       		.byte	0
 885 00ea 12       		.uleb128 0x12
 886 00eb 34       		.uleb128 0x34
 887 00ec 00       		.byte	0
 888 00ed 03       		.uleb128 0x3
 889 00ee 0E       		.uleb128 0xe
 890 00ef 3A       		.uleb128 0x3a
 891 00f0 0B       		.uleb128 0xb
 892 00f1 3B       		.uleb128 0x3b
 893 00f2 05       		.uleb128 0x5
 894 00f3 49       		.uleb128 0x49
 895 00f4 13       		.uleb128 0x13
 896 00f5 3F       		.uleb128 0x3f
 897 00f6 19       		.uleb128 0x19
 898 00f7 3C       		.uleb128 0x3c
 899 00f8 19       		.uleb128 0x19
 900 00f9 00       		.byte	0
 901 00fa 00       		.byte	0
 902 00fb 00       		.byte	0
 903              		.section	.debug_loc,"",%progbits
 904              	.Ldebug_loc0:
ARM GAS  C:\Users\Reza\AppData\Local\Temp\cc8r7MId.s 			page 19


 905              	.LLST0:
 906 0000 0C000000 		.4byte	.LVL0
 907 0004 16000000 		.4byte	.LVL2
 908 0008 0100     		.2byte	0x1
 909 000a 53       		.byte	0x53
 910 000b 18000000 		.4byte	.LVL3
 911 000f 48000000 		.4byte	.LVL6
 912 0013 0100     		.2byte	0x1
 913 0015 53       		.byte	0x53
 914 0016 00000000 		.4byte	0
 915 001a 00000000 		.4byte	0
 916              	.LLST1:
 917 001e 30000000 		.4byte	.LVL4
 918 0022 3E000000 		.4byte	.LVL5
 919 0026 0100     		.2byte	0x1
 920 0028 54       		.byte	0x54
 921 0029 3E000000 		.4byte	.LVL5
 922 002d 5E000000 		.4byte	.LVL9
 923 0031 0200     		.2byte	0x2
 924 0033 76       		.byte	0x76
 925 0034 00       		.sleb128 0
 926 0035 00000000 		.4byte	0
 927 0039 00000000 		.4byte	0
 928              		.section	.debug_aranges,"",%progbits
 929 0000 1C000000 		.4byte	0x1c
 930 0004 0200     		.2byte	0x2
 931 0006 00000000 		.4byte	.Ldebug_info0
 932 000a 04       		.byte	0x4
 933 000b 00       		.byte	0
 934 000c 0000     		.2byte	0
 935 000e 0000     		.2byte	0
 936 0010 00000000 		.4byte	.LFB70
 937 0014 84000000 		.4byte	.LFE70-.LFB70
 938 0018 00000000 		.4byte	0
 939 001c 00000000 		.4byte	0
 940              		.section	.debug_ranges,"",%progbits
 941              	.Ldebug_ranges0:
 942 0000 00000000 		.4byte	.LFB70
 943 0004 84000000 		.4byte	.LFE70
 944 0008 00000000 		.4byte	0
 945 000c 00000000 		.4byte	0
 946              		.section	.debug_line,"",%progbits
 947              	.Ldebug_line0:
 948 0000 66010000 		.section	.debug_str,"MS",%progbits,1
 948      02003101 
 948      00000201 
 948      FB0E0D00 
 948      01010101 
 949              	.LASF70:
 950 0000 47656E65 		.ascii	"Generated_Source\\PSoC5\\ErikaOS_1_ee_rq_exchg.c\000"
 950      72617465 
 950      645F536F 
 950      75726365 
 950      5C50536F 
 951              	.LASF35:
 952 002f 6B696E64 		.ascii	"kind\000"
 952      00
ARM GAS  C:\Users\Reza\AppData\Local\Temp\cc8r7MId.s 			page 20


 953              	.LASF14:
 954 0034 45455F55 		.ascii	"EE_UREG\000"
 954      52454700 
 955              	.LASF24:
 956 003c 7469636B 		.ascii	"ticksperbase\000"
 956      73706572 
 956      62617365 
 956      00
 957              	.LASF58:
 958 0049 45455F72 		.ascii	"EE_rq_free\000"
 958      715F6672 
 958      656500
 959              	.LASF59:
 960 0054 45455F74 		.ascii	"EE_th_event_active\000"
 960      685F6576 
 960      656E745F 
 960      61637469 
 960      766500
 961              	.LASF42:
 962 0067 74656D70 		.ascii	"temp\000"
 962      00
 963              	.LASF2:
 964 006c 73686F72 		.ascii	"short int\000"
 964      7420696E 
 964      7400
 965              	.LASF45:
 966 0076 73697A65 		.ascii	"sizetype\000"
 966      74797065 
 966      00
 967              	.LASF39:
 968 007f 64656C74 		.ascii	"delta\000"
 968      6100
 969              	.LASF34:
 970 0085 73706563 		.ascii	"spec_id\000"
 970      5F696400 
 971              	.LASF16:
 972 008d 45455F46 		.ascii	"EE_FREG\000"
 972      52454700 
 973              	.LASF33:
 974 0095 436F756E 		.ascii	"CounterObjectKindType\000"
 974      7465724F 
 974      626A6563 
 974      744B696E 
 974      64547970 
 975              	.LASF13:
 976 00ab 45455F55 		.ascii	"EE_UINT32\000"
 976      494E5433 
 976      3200
 977              	.LASF46:
 978 00b5 45455F74 		.ascii	"EE_th_ready_prio\000"
 978      685F7265 
 978      6164795F 
 978      7072696F 
 978      00
 979              	.LASF53:
 980 00c6 45455F72 		.ascii	"EE_rq_queues_head\000"
 980      715F7175 
ARM GAS  C:\Users\Reza\AppData\Local\Temp\cc8r7MId.s 			page 21


 980      65756573 
 980      5F686561 
 980      6400
 981              	.LASF18:
 982 00d8 45455F54 		.ascii	"EE_TID\000"
 982      494400
 983              	.LASF25:
 984 00df 6D696E63 		.ascii	"mincycle\000"
 984      79636C65 
 984      00
 985              	.LASF27:
 986 00e8 76616C75 		.ascii	"value\000"
 986      6500
 987              	.LASF60:
 988 00ee 45455F74 		.ascii	"EE_th_waswaiting\000"
 988      685F7761 
 988      73776169 
 988      74696E67 
 988      00
 989              	.LASF71:
 990 00ff 443A5C48 		.ascii	"D:\\H_da\\Winter Semester\\MM03 Advanced Microcontr"
 990      5F64615C 
 990      57696E74 
 990      65722053 
 990      656D6573 
 991 012f 6F6C6C65 		.ascii	"oller Systems and Embedded Operating Systems\\Lectu"
 991      72205379 
 991      7374656D 
 991      7320616E 
 991      6420456D 
 992 0161 72652050 		.ascii	"re Prof. Fromm\\workspace\\workspace_psoc\\Reaction"
 992      726F662E 
 992      2046726F 
 992      6D6D5C77 
 992      6F726B73 
 993 0191 47616D65 		.ascii	"Game_with erika.cydsn\000"
 993      5F776974 
 993      68206572 
 993      696B612E 
 993      63796473 
 994              	.LASF62:
 995 01a7 45455F6F 		.ascii	"EE_oo_counter_object_ROM\000"
 995      6F5F636F 
 995      756E7465 
 995      725F6F62 
 995      6A656374 
 996              	.LASF32:
 997 01c0 45455F6F 		.ascii	"EE_oo_counter_object_kind_type\000"
 997      6F5F636F 
 997      756E7465 
 997      725F6F62 
 997      6A656374 
 998              	.LASF43:
 999 01df 45455F49 		.ascii	"EE_IRQ_nesting_level\000"
 999      52515F6E 
 999      65737469 
 999      6E675F6C 
ARM GAS  C:\Users\Reza\AppData\Local\Temp\cc8r7MId.s 			page 22


 999      6576656C 
 1000              	.LASF12:
 1001 01f4 45455F49 		.ascii	"EE_INT32\000"
 1001      4E543332 
 1001      00
 1002              	.LASF29:
 1003 01fd 45455F6F 		.ascii	"EE_oo_counter_RAM_type\000"
 1003      6F5F636F 
 1003      756E7465 
 1003      725F5241 
 1003      4D5F7479 
 1004              	.LASF6:
 1005 0214 6C6F6E67 		.ascii	"long long int\000"
 1005      206C6F6E 
 1005      6720696E 
 1005      7400
 1006              	.LASF10:
 1007 0222 45455F49 		.ascii	"EE_INT8\000"
 1007      4E543800 
 1008              	.LASF66:
 1009 022a 45455F6F 		.ascii	"EE_oo_IRQ_suspend_status\000"
 1009      6F5F4952 
 1009      515F7375 
 1009      7370656E 
 1009      645F7374 
 1010              	.LASF19:
 1011 0243 45455F54 		.ascii	"EE_TYPE_RQ_MASK\000"
 1011      5950455F 
 1011      52515F4D 
 1011      41534B00 
 1012              	.LASF31:
 1013 0253 45455F53 		.ascii	"EE_SCHEDULETABLE\000"
 1013      43484544 
 1013      554C4554 
 1013      41424C45 
 1013      00
 1014              	.LASF4:
 1015 0264 6C6F6E67 		.ascii	"long int\000"
 1015      20696E74 
 1015      00
 1016              	.LASF23:
 1017 026d 6D617861 		.ascii	"maxallowedvalue\000"
 1017      6C6C6F77 
 1017      65647661 
 1017      6C756500 
 1018              	.LASF41:
 1019 027d 45455F6F 		.ascii	"EE_oo_counter_object_RAM_type\000"
 1019      6F5F636F 
 1019      756E7465 
 1019      725F6F62 
 1019      6A656374 
 1020              	.LASF26:
 1021 029b 45455F6F 		.ascii	"EE_oo_counter_ROM_type\000"
 1021      6F5F636F 
 1021      756E7465 
 1021      725F524F 
 1021      4D5F7479 
ARM GAS  C:\Users\Reza\AppData\Local\Temp\cc8r7MId.s 			page 23


 1022              	.LASF55:
 1023 02b2 45455F72 		.ascii	"EE_rq_pairs_next\000"
 1023      715F7061 
 1023      6972735F 
 1023      6E657874 
 1023      00
 1024              	.LASF20:
 1025 02c3 5469636B 		.ascii	"TickType\000"
 1025      54797065 
 1025      00
 1026              	.LASF52:
 1027 02cc 45455F73 		.ascii	"EE_sys_ceiling\000"
 1027      79735F63 
 1027      65696C69 
 1027      6E6700
 1028              	.LASF21:
 1029 02db 436F756E 		.ascii	"CounterObjectType\000"
 1029      7465724F 
 1029      626A6563 
 1029      74547970 
 1029      6500
 1030              	.LASF72:
 1031 02ed 45455F72 		.ascii	"EE_rq2stk_exchange\000"
 1031      71327374 
 1031      6B5F6578 
 1031      6368616E 
 1031      676500
 1032              	.LASF9:
 1033 0300 6C6F6E67 		.ascii	"long double\000"
 1033      20646F75 
 1033      626C6500 
 1034              	.LASF61:
 1035 030c 45455F63 		.ascii	"EE_counter_ROM\000"
 1035      6F756E74 
 1035      65725F52 
 1035      4F4D00
 1036              	.LASF1:
 1037 031b 756E7369 		.ascii	"unsigned char\000"
 1037      676E6564 
 1037      20636861 
 1037      7200
 1038              	.LASF64:
 1039 0329 45455F6F 		.ascii	"EE_oo_counter_object_RAM\000"
 1039      6F5F636F 
 1039      756E7465 
 1039      725F6F62 
 1039      6A656374 
 1040              	.LASF15:
 1041 0342 45455F53 		.ascii	"EE_SREG\000"
 1041      52454700 
 1042              	.LASF0:
 1043 034a 7369676E 		.ascii	"signed char\000"
 1043      65642063 
 1043      68617200 
 1044              	.LASF7:
 1045 0356 6C6F6E67 		.ascii	"long long unsigned int\000"
 1045      206C6F6E 
ARM GAS  C:\Users\Reza\AppData\Local\Temp\cc8r7MId.s 			page 24


 1045      6720756E 
 1045      7369676E 
 1045      65642069 
 1046              	.LASF8:
 1047 036d 756E7369 		.ascii	"unsigned int\000"
 1047      676E6564 
 1047      20696E74 
 1047      00
 1048              	.LASF50:
 1049 037a 45455F74 		.ascii	"EE_th_rnact\000"
 1049      685F726E 
 1049      61637400 
 1050              	.LASF44:
 1051 0386 45455F73 		.ascii	"EE_std_endcycle_next_tid\000"
 1051      74645F65 
 1051      6E646379 
 1051      636C655F 
 1051      6E657874 
 1052              	.LASF69:
 1053 039f 474E5520 		.ascii	"GNU C11 5.4.1 20160609 (release) [ARM/embedded-5-br"
 1053      43313120 
 1053      352E342E 
 1053      31203230 
 1053      31363036 
 1054 03d2 616E6368 		.ascii	"anch revision 237715] -mcpu=cortex-m3 -mthumb -g -O"
 1054      20726576 
 1054      6973696F 
 1054      6E203233 
 1054      37373135 
 1055 0405 73202D66 		.ascii	"s -ffunction-sections -ffat-lto-objects\000"
 1055      66756E63 
 1055      74696F6E 
 1055      2D736563 
 1055      74696F6E 
 1056              	.LASF3:
 1057 042d 73686F72 		.ascii	"short unsigned int\000"
 1057      7420756E 
 1057      7369676E 
 1057      65642069 
 1057      6E7400
 1058              	.LASF36:
 1059 0440 45455F6F 		.ascii	"EE_oo_counter_object_ROM_type\000"
 1059      6F5F636F 
 1059      756E7465 
 1059      725F6F62 
 1059      6A656374 
 1060              	.LASF11:
 1061 045e 45455F55 		.ascii	"EE_UINT16\000"
 1061      494E5431 
 1061      3600
 1062              	.LASF63:
 1063 0468 45455F63 		.ascii	"EE_counter_RAM\000"
 1063      6F756E74 
 1063      65725F52 
 1063      414D00
 1064              	.LASF67:
 1065 0477 45455F41 		.ascii	"EE_ApplicationMode\000"
ARM GAS  C:\Users\Reza\AppData\Local\Temp\cc8r7MId.s 			page 25


 1065      70706C69 
 1065      63617469 
 1065      6F6E4D6F 
 1065      646500
 1066              	.LASF5:
 1067 048a 6C6F6E67 		.ascii	"long unsigned int\000"
 1067      20756E73 
 1067      69676E65 
 1067      6420696E 
 1067      7400
 1068              	.LASF17:
 1069 049c 45455F54 		.ascii	"EE_TYPEBOOL\000"
 1069      59504542 
 1069      4F4F4C00 
 1070              	.LASF51:
 1071 04a8 45455F73 		.ascii	"EE_stkfirst\000"
 1071      746B6669 
 1071      72737400 
 1072              	.LASF56:
 1073 04b4 45455F72 		.ascii	"EE_rq_pairs_tid\000"
 1073      715F7061 
 1073      6972735F 
 1073      74696400 
 1074              	.LASF57:
 1075 04c4 45455F72 		.ascii	"EE_rq_bitmask\000"
 1075      715F6269 
 1075      746D6173 
 1075      6B00
 1076              	.LASF30:
 1077 04d2 45455F41 		.ascii	"EE_ALARM\000"
 1077      4C41524D 
 1077      00
 1078              	.LASF37:
 1079 04db 75736564 		.ascii	"used\000"
 1079      00
 1080              	.LASF22:
 1081 04e0 436F756E 		.ascii	"CounterType\000"
 1081      74657254 
 1081      79706500 
 1082              	.LASF48:
 1083 04ec 45455F74 		.ascii	"EE_th_status\000"
 1083      685F7374 
 1083      61747573 
 1083      00
 1084              	.LASF47:
 1085 04f9 45455F74 		.ascii	"EE_th_dispatch_prio\000"
 1085      685F6469 
 1085      73706174 
 1085      63685F70 
 1085      72696F00 
 1086              	.LASF49:
 1087 050d 45455F74 		.ascii	"EE_th_next\000"
 1087      685F6E65 
 1087      787400
 1088              	.LASF54:
 1089 0518 45455F72 		.ascii	"EE_rq_queues_tail\000"
 1089      715F7175 
ARM GAS  C:\Users\Reza\AppData\Local\Temp\cc8r7MId.s 			page 26


 1089      65756573 
 1089      5F746169 
 1089      6C00
 1090              	.LASF38:
 1091 052a 636E7463 		.ascii	"cntcycle\000"
 1091      79636C65 
 1091      00
 1092              	.LASF65:
 1093 0533 45455F6F 		.ascii	"EE_oo_IRQ_disable_count\000"
 1093      6F5F4952 
 1093      515F6469 
 1093      7361626C 
 1093      655F636F 
 1094              	.LASF40:
 1095 054b 6E657874 		.ascii	"next\000"
 1095      00
 1096              	.LASF68:
 1097 0550 45455F72 		.ascii	"EE_rq_lookup\000"
 1097      715F6C6F 
 1097      6F6B7570 
 1097      00
 1098              	.LASF28:
 1099 055d 66697273 		.ascii	"first\000"
 1099      7400
 1100              		.ident	"GCC: (GNU Tools for ARM Embedded Processors) 5.4.1 20160609 (release) [ARM/embedded-5-bran
