ARM GAS  C:\Users\Reza\AppData\Local\Temp\ccfs1qgN.s 			page 1


   1              		.syntax unified
   2              		.cpu cortex-m3
   3              		.fpu softvfp
   4              		.eabi_attribute 20, 1
   5              		.eabi_attribute 21, 1
   6              		.eabi_attribute 23, 3
   7              		.eabi_attribute 24, 1
   8              		.eabi_attribute 25, 1
   9              		.eabi_attribute 26, 1
  10              		.eabi_attribute 30, 4
  11              		.eabi_attribute 34, 1
  12              		.eabi_attribute 18, 4
  13              		.thumb
  14              		.syntax unified
  15              		.file	"seven.c"
  16              		.text
  17              	.Ltext0:
  18              		.cfi_sections	.debug_frame
  19              		.section	.text.SEVEN_Set,"ax",%progbits
  20              		.align	1
  21              		.global	SEVEN_Set
  22              		.thumb
  23              		.thumb_func
  24              		.type	SEVEN_Set, %function
  25              	SEVEN_Set:
  26              	.LFB111:
  27              		.file 1 "source\\bsw\\seven.c"
   1:source\bsw/seven.c **** /**
   2:source\bsw/seven.c **** * \file seven.c
   3:source\bsw/seven.c **** * \author P. Fromm
   4:source\bsw/seven.c **** * \date 28.8.17
   5:source\bsw/seven.c **** *
   6:source\bsw/seven.c **** * \brief Driver for 7 segment displays
   7:source\bsw/seven.c **** *
   8:source\bsw/seven.c **** * \copyright Copyright ©2016
   9:source\bsw/seven.c **** * Department of electrical engineering and information technology, Hochschule Darmstadt - Universit
  10:source\bsw/seven.c **** * Permission to use, copy, modify, and distribute this software and its documentation for education
  11:source\bsw/seven.c **** * (unless permitted by h_da) and official h_da projects, is hereby granted for enrolled students of
  12:source\bsw/seven.c **** * this paragraph and the following paragraph appear in all copies, modifications, and distributions
  13:source\bsw/seven.c **** * Contact Prof.Dr.-Ing. Peter Fromm, peter.fromm@h-da.de, Birkenweg 8 64295 Darmstadt - GERMANY for
  14:source\bsw/seven.c **** *
  15:source\bsw/seven.c **** * \warning This software is a PROTOTYPE version and is not designed or intended for use in producti
  16:source\bsw/seven.c **** * The user represents and warrants that it will NOT use or redistribute the Software for such purpo
  17:source\bsw/seven.c **** * This prototype is for research purposes only. This software is provided "AS IS," without a warran
  18:source\bsw/seven.c **** */
  19:source\bsw/seven.c **** 
  20:source\bsw/seven.c **** /*****************************************************************************/
  21:source\bsw/seven.c **** /* Include files                                                             */
  22:source\bsw/seven.c **** /*****************************************************************************/
  23:source\bsw/seven.c **** #include "project.h"
  24:source\bsw/seven.c **** #include "seven.h"
  25:source\bsw/seven.c **** 
  26:source\bsw/seven.c **** 
  27:source\bsw/seven.c **** 
  28:source\bsw/seven.c **** 
  29:source\bsw/seven.c **** /*****************************************************************************/
  30:source\bsw/seven.c **** /* Local pre-processor symbols/macros ('#define')                            */
ARM GAS  C:\Users\Reza\AppData\Local\Temp\ccfs1qgN.s 			page 2


  31:source\bsw/seven.c **** /*****************************************************************************/
  32:source\bsw/seven.c **** 
  33:source\bsw/seven.c **** #define SEVEN__A  0b10000000
  34:source\bsw/seven.c **** #define SEVEN__B  0b01000000
  35:source\bsw/seven.c **** #define SEVEN__C  0b00100000
  36:source\bsw/seven.c **** #define SEVEN__D  0b00010000
  37:source\bsw/seven.c **** #define SEVEN__E  0b00001000
  38:source\bsw/seven.c **** #define SEVEN__F  0b00000100
  39:source\bsw/seven.c **** #define SEVEN__G  0b00000010
  40:source\bsw/seven.c **** #define SEVEN__DP 0b00000001
  41:source\bsw/seven.c **** 
  42:source\bsw/seven.c **** 
  43:source\bsw/seven.c **** /*****************************************************************************/
  44:source\bsw/seven.c **** /* Global variable definitions (declared in header file with 'extern')       */
  45:source\bsw/seven.c **** /*****************************************************************************/
  46:source\bsw/seven.c **** 
  47:source\bsw/seven.c **** /*****************************************************************************/
  48:source\bsw/seven.c **** /* Local type definitions ('typedef')                                        */
  49:source\bsw/seven.c **** /*****************************************************************************/
  50:source\bsw/seven.c **** 
  51:source\bsw/seven.c **** /*****************************************************************************/
  52:source\bsw/seven.c **** /* Local variable definitions ('static')                                     */
  53:source\bsw/seven.c **** /*****************************************************************************/
  54:source\bsw/seven.c **** 
  55:source\bsw/seven.c **** //    ABCDEFG
  56:source\bsw/seven.c **** const static uint8_t SEVEN__BitPattern[] = 
  57:source\bsw/seven.c **** {
  58:source\bsw/seven.c ****     0b11111100,     //0
  59:source\bsw/seven.c ****     0b01100000,     //1
  60:source\bsw/seven.c ****     0b11011010,     //2
  61:source\bsw/seven.c ****     0b11110010,     //3
  62:source\bsw/seven.c ****     0b01100110,     //4
  63:source\bsw/seven.c ****     0b10110110,     //5
  64:source\bsw/seven.c ****     0b10111110,     //6
  65:source\bsw/seven.c ****     0b11100000,     //7
  66:source\bsw/seven.c ****     0b11111110,     //8
  67:source\bsw/seven.c ****     0b11110110,     //9
  68:source\bsw/seven.c ****     0b11101110,     //a
  69:source\bsw/seven.c ****     0b00111110,     //b
  70:source\bsw/seven.c ****     0b10011100,     //c
  71:source\bsw/seven.c ****     0b01111010,     //d
  72:source\bsw/seven.c ****     0b10011110,     //e
  73:source\bsw/seven.c ****     0b10001110,     //f
  74:source\bsw/seven.c ****     0b00000001      //decimal point
  75:source\bsw/seven.c **** };
  76:source\bsw/seven.c ****     
  77:source\bsw/seven.c **** //We need to store the last latch value per display
  78:source\bsw/seven.c **** //-1 means empty
  79:source\bsw/seven.c **** static sint8_t SEVEN__latch_value[2] = {-1,-1};
  80:source\bsw/seven.c **** static uint8_t SEVEN__latch_pattern[2] = {0,0};
  81:source\bsw/seven.c **** 
  82:source\bsw/seven.c **** /*****************************************************************************/
  83:source\bsw/seven.c **** /* Local function prototypes ('static')                                      */
  84:source\bsw/seven.c **** /*****************************************************************************/
  85:source\bsw/seven.c **** 
  86:source\bsw/seven.c **** 
  87:source\bsw/seven.c **** /*****************************************************************************/
ARM GAS  C:\Users\Reza\AppData\Local\Temp\ccfs1qgN.s 			page 3


  88:source\bsw/seven.c **** /* Function implementation - global ('extern') and local ('static')          */
  89:source\bsw/seven.c **** /*****************************************************************************/
  90:source\bsw/seven.c **** 
  91:source\bsw/seven.c **** 
  92:source\bsw/seven.c **** 
  93:source\bsw/seven.c **** /**
  94:source\bsw/seven.c ****  * Initilasation of the seven segment display
  95:source\bsw/seven.c ****  * @return RC_SUCCESS if function was executed correctly, other value in case of error
  96:source\bsw/seven.c ****  */
  97:source\bsw/seven.c **** RC_t SEVEN_Init()
  98:source\bsw/seven.c **** {
  99:source\bsw/seven.c ****     
 100:source\bsw/seven.c ****     SEVEN_Clear(SEVEN_0);
 101:source\bsw/seven.c ****     SEVEN_Clear(SEVEN_1);
 102:source\bsw/seven.c ****     
 103:source\bsw/seven.c ****     return RC_SUCCESS;
 104:source\bsw/seven.c **** }
 105:source\bsw/seven.c **** 
 106:source\bsw/seven.c **** 
 107:source\bsw/seven.c **** /**
 108:source\bsw/seven.c ****  * Sets value for one display
 109:source\bsw/seven.c ****  * @param SEVEN_id_t sevenId - identifier for the segment to be set
 110:source\bsw/seven.c ****  * @param uint8_t value - value to be set, valid range 0...15
 111:source\bsw/seven.c ****  * @return RC_SUCCESS if function was executed correctly, other value in case of error
 112:source\bsw/seven.c ****  */
 113:source\bsw/seven.c **** RC_t SEVEN_Set(SEVEN_id_t sevenId, uint8_t value)
 114:source\bsw/seven.c **** {
  28              		.loc 1 114 0
  29              		.cfi_startproc
  30              		@ args = 0, pretend = 0, frame = 0
  31              		@ frame_needed = 0, uses_anonymous_args = 0
  32              	.LVL0:
 115:source\bsw/seven.c ****     if (value > 0x0F)
  33              		.loc 1 115 0
  34 0000 0F29     		cmp	r1, #15
 114:source\bsw/seven.c ****     if (value > 0x0F)
  35              		.loc 1 114 0
  36 0002 38B5     		push	{r3, r4, r5, lr}
  37              		.cfi_def_cfa_offset 16
  38              		.cfi_offset 3, -16
  39              		.cfi_offset 4, -12
  40              		.cfi_offset 5, -8
  41              		.cfi_offset 14, -4
 114:source\bsw/seven.c ****     if (value > 0x0F)
  42              		.loc 1 114 0
  43 0004 0546     		mov	r5, r0
  44 0006 0C46     		mov	r4, r1
  45              		.loc 1 115 0
  46 0008 0BD8     		bhi	.L3
 116:source\bsw/seven.c ****     {
 117:source\bsw/seven.c ****         return RC_ERROR_BAD_PARAM;
 118:source\bsw/seven.c ****     }
 119:source\bsw/seven.c ****     
 120:source\bsw/seven.c ****     //Set the selection bit for the display
 121:source\bsw/seven.c ****     SEVEN_SELECT_Write((uint8_t)sevenId);
  47              		.loc 1 121 0
  48 000a FFF7FEFF 		bl	SEVEN_SELECT_Write
ARM GAS  C:\Users\Reza\AppData\Local\Temp\ccfs1qgN.s 			page 4


  49              	.LVL1:
 122:source\bsw/seven.c ****     
 123:source\bsw/seven.c ****     //Set the bitpattern
 124:source\bsw/seven.c ****     //As we do not have a single port, we have to do it bit by bit
 125:source\bsw/seven.c ****     
 126:source\bsw/seven.c ****     uint8_t pattern = SEVEN__BitPattern[value];
  50              		.loc 1 126 0
  51 000e 064B     		ldr	r3, .L5
  52 0010 185D     		ldrb	r0, [r3, r4]	@ zero_extendqisi2
  53              	.LVL2:
 127:source\bsw/seven.c ****     
 128:source\bsw/seven.c ****     //Store the current pattern in the software latch (needed for the DP function)
 129:source\bsw/seven.c ****     SEVEN__latch_value[(uint8_t)sevenId] = value;
  54              		.loc 1 129 0
  55 0012 064B     		ldr	r3, .L5+4
  56 0014 5C55     		strb	r4, [r3, r5]
 130:source\bsw/seven.c ****     SEVEN__latch_pattern[(uint8_t)sevenId] = pattern;
  57              		.loc 1 130 0
  58 0016 064B     		ldr	r3, .L5+8
  59 0018 5855     		strb	r0, [r3, r5]
 131:source\bsw/seven.c ****     
 132:source\bsw/seven.c ****     SEVEN_reg_Write(pattern);
  60              		.loc 1 132 0
  61 001a FFF7FEFF 		bl	SEVEN_reg_Write
  62              	.LVL3:
 133:source\bsw/seven.c ****     return RC_SUCCESS;
  63              		.loc 1 133 0
  64 001e 0020     		movs	r0, #0
  65 0020 38BD     		pop	{r3, r4, r5, pc}
  66              	.LVL4:
  67              	.L3:
 117:source\bsw/seven.c ****     }
  68              		.loc 1 117 0
  69 0022 6FF01300 		mvn	r0, #19
  70              	.LVL5:
 134:source\bsw/seven.c ****     
 135:source\bsw/seven.c **** }
  71              		.loc 1 135 0
  72 0026 38BD     		pop	{r3, r4, r5, pc}
  73              	.L6:
  74              		.align	2
  75              	.L5:
  76 0028 00000000 		.word	.LANCHOR0
  77 002c 00000000 		.word	.LANCHOR1
  78 0030 00000000 		.word	.LANCHOR2
  79              		.cfi_endproc
  80              	.LFE111:
  81              		.size	SEVEN_Set, .-SEVEN_Set
  82              		.section	.text.SEVEN_Get,"ax",%progbits
  83              		.align	1
  84              		.global	SEVEN_Get
  85              		.thumb
  86              		.thumb_func
  87              		.type	SEVEN_Get, %function
  88              	SEVEN_Get:
  89              	.LFB112:
 136:source\bsw/seven.c **** 
ARM GAS  C:\Users\Reza\AppData\Local\Temp\ccfs1qgN.s 			page 5


 137:source\bsw/seven.c **** /**
 138:source\bsw/seven.c ****  * Get value for one display
 139:source\bsw/seven.c ****  * @param SEVEN_id_t sevenId - identifier for the segment to be set
 140:source\bsw/seven.c ****  * @param uint8_t value - current value, valid range 0...15
 141:source\bsw/seven.c ****  * @return RC_SUCCESS if function was executed correctly, other value in case of error
 142:source\bsw/seven.c ****  */
 143:source\bsw/seven.c **** RC_t SEVEN_Get(SEVEN_id_t sevenId, sint8_t* value)
 144:source\bsw/seven.c **** {
  90              		.loc 1 144 0
  91              		.cfi_startproc
  92              		@ args = 0, pretend = 0, frame = 0
  93              		@ frame_needed = 0, uses_anonymous_args = 0
  94              		@ link register save eliminated.
  95              	.LVL6:
 145:source\bsw/seven.c ****     *value = SEVEN__latch_value[(uint8_t)sevenId];
  96              		.loc 1 145 0
  97 0000 024B     		ldr	r3, .L8
  98 0002 1B5C     		ldrb	r3, [r3, r0]	@ zero_extendqisi2
 146:source\bsw/seven.c ****     return RC_SUCCESS;
 147:source\bsw/seven.c **** }
  99              		.loc 1 147 0
 100 0004 0020     		movs	r0, #0
 101              	.LVL7:
 145:source\bsw/seven.c ****     *value = SEVEN__latch_value[(uint8_t)sevenId];
 102              		.loc 1 145 0
 103 0006 0B70     		strb	r3, [r1]
 104              		.loc 1 147 0
 105 0008 7047     		bx	lr
 106              	.L9:
 107 000a 00BF     		.align	2
 108              	.L8:
 109 000c 00000000 		.word	.LANCHOR1
 110              		.cfi_endproc
 111              	.LFE112:
 112              		.size	SEVEN_Get, .-SEVEN_Get
 113              		.section	.text.SEVEN_SetHex,"ax",%progbits
 114              		.align	1
 115              		.global	SEVEN_SetHex
 116              		.thumb
 117              		.thumb_func
 118              		.type	SEVEN_SetHex, %function
 119              	SEVEN_SetHex:
 120              	.LFB113:
 148:source\bsw/seven.c **** 
 149:source\bsw/seven.c **** 
 150:source\bsw/seven.c **** /**
 151:source\bsw/seven.c ****  * Sets both displays
 152:source\bsw/seven.c ****  * @param uint8_t value - value to be set, valid range 0...255
 153:source\bsw/seven.c ****  * @return RC_SUCCESS if function was executed correctly, other value in case of error
 154:source\bsw/seven.c ****  */
 155:source\bsw/seven.c **** RC_t SEVEN_SetHex(uint8_t value)
 156:source\bsw/seven.c **** {
 121              		.loc 1 156 0
 122              		.cfi_startproc
 123              		@ args = 0, pretend = 0, frame = 0
 124              		@ frame_needed = 0, uses_anonymous_args = 0
 125              	.LVL8:
ARM GAS  C:\Users\Reza\AppData\Local\Temp\ccfs1qgN.s 			page 6


 126 0000 10B5     		push	{r4, lr}
 127              		.cfi_def_cfa_offset 8
 128              		.cfi_offset 4, -8
 129              		.cfi_offset 14, -4
 130              		.loc 1 156 0
 131 0002 0446     		mov	r4, r0
 157:source\bsw/seven.c ****     SEVEN_Set(SEVEN_1, value / 16);
 132              		.loc 1 157 0
 133 0004 0109     		lsrs	r1, r0, #4
 134 0006 0120     		movs	r0, #1
 135              	.LVL9:
 136 0008 FFF7FEFF 		bl	SEVEN_Set
 137              	.LVL10:
 158:source\bsw/seven.c ****     SEVEN_Set(SEVEN_0, value % 16);
 138              		.loc 1 158 0
 139 000c 04F00F01 		and	r1, r4, #15
 140 0010 0020     		movs	r0, #0
 141 0012 FFF7FEFF 		bl	SEVEN_Set
 142              	.LVL11:
 159:source\bsw/seven.c ****     
 160:source\bsw/seven.c ****     return RC_SUCCESS;
 161:source\bsw/seven.c **** }
 143              		.loc 1 161 0
 144 0016 0020     		movs	r0, #0
 145 0018 10BD     		pop	{r4, pc}
 146              		.cfi_endproc
 147              	.LFE113:
 148              		.size	SEVEN_SetHex, .-SEVEN_SetHex
 149              		.section	.text.SEVEN_SetDP,"ax",%progbits
 150              		.align	1
 151              		.global	SEVEN_SetDP
 152              		.thumb
 153              		.thumb_func
 154              		.type	SEVEN_SetDP, %function
 155              	SEVEN_SetDP:
 156              	.LFB114:
 162:source\bsw/seven.c **** 
 163:source\bsw/seven.c **** /**
 164:source\bsw/seven.c ****  * Sets decimal point for one display
 165:source\bsw/seven.c ****  * @param SEVEN_id_t sevenId - identifier for the segment to be set
 166:source\bsw/seven.c ****  * @param uint8_t value - value to be set, valid range 0 (OFF)...1(ON)
 167:source\bsw/seven.c ****  * @return RC_SUCCESS if function was executed correctly, other value in case of error
 168:source\bsw/seven.c ****  */
 169:source\bsw/seven.c **** RC_t SEVEN_SetDP(SEVEN_id_t sevenId, uint8_t value)
 170:source\bsw/seven.c **** {
 157              		.loc 1 170 0
 158              		.cfi_startproc
 159              		@ args = 0, pretend = 0, frame = 0
 160              		@ frame_needed = 0, uses_anonymous_args = 0
 161              	.LVL12:
 171:source\bsw/seven.c ****     
 172:source\bsw/seven.c ****     if (value > 1)
 162              		.loc 1 172 0
 163 0000 0129     		cmp	r1, #1
 170:source\bsw/seven.c ****     
 164              		.loc 1 170 0
 165 0002 38B5     		push	{r3, r4, r5, lr}
ARM GAS  C:\Users\Reza\AppData\Local\Temp\ccfs1qgN.s 			page 7


 166              		.cfi_def_cfa_offset 16
 167              		.cfi_offset 3, -16
 168              		.cfi_offset 4, -12
 169              		.cfi_offset 5, -8
 170              		.cfi_offset 14, -4
 170:source\bsw/seven.c ****     
 171              		.loc 1 170 0
 172 0004 0C46     		mov	r4, r1
 173              		.loc 1 172 0
 174 0006 10D8     		bhi	.L14
 175              	.LVL13:
 173:source\bsw/seven.c ****     {
 174:source\bsw/seven.c ****         return RC_ERROR_BAD_PARAM;
 175:source\bsw/seven.c ****     }
 176:source\bsw/seven.c ****     
 177:source\bsw/seven.c ****     //Restore the last display pattern
 178:source\bsw/seven.c ****     uint8_t pattern = 0;
 179:source\bsw/seven.c ****     if (SEVEN__latch_value[(uint8_t)sevenId] != -1)
 176              		.loc 1 179 0
 177 0008 094B     		ldr	r3, .L16
 178 000a 1B56     		ldrsb	r3, [r3, r0]
 179 000c 0133     		adds	r3, r3, #1
 180:source\bsw/seven.c ****     {
 181:source\bsw/seven.c ****         pattern = SEVEN__latch_pattern[(uint8_t)sevenId];
 180              		.loc 1 181 0
 181 000e 16BF     		itet	ne
 182 0010 084B     		ldrne	r3, .L16+4
 178:source\bsw/seven.c ****     if (SEVEN__latch_value[(uint8_t)sevenId] != -1)
 183              		.loc 1 178 0
 184 0012 0025     		moveq	r5, #0
 185              		.loc 1 181 0
 186 0014 1D5C     		ldrbne	r5, [r3, r0]	@ zero_extendqisi2
 187              	.LVL14:
 182:source\bsw/seven.c ****     }
 183:source\bsw/seven.c ****     
 184:source\bsw/seven.c ****     //Set the selection bit for the display
 185:source\bsw/seven.c ****     SEVEN_SELECT_Write((uint8_t)sevenId);
 188              		.loc 1 185 0
 189 0016 FFF7FEFF 		bl	SEVEN_SELECT_Write
 190              	.LVL15:
 186:source\bsw/seven.c ****     
 187:source\bsw/seven.c ****     //Set the port to the pattern currently active
 188:source\bsw/seven.c ****     SEVEN_reg_Write(pattern);
 191              		.loc 1 188 0
 192 001a 2846     		mov	r0, r5
 193 001c FFF7FEFF 		bl	SEVEN_reg_Write
 194              	.LVL16:
 189:source\bsw/seven.c ****     
 190:source\bsw/seven.c ****     //Set the decimal point
 191:source\bsw/seven.c ****     SEVEN_DP_Write(value);
 195              		.loc 1 191 0
 196 0020 2046     		mov	r0, r4
 197 0022 FFF7FEFF 		bl	SEVEN_DP_Write
 198              	.LVL17:
 192:source\bsw/seven.c **** 
 193:source\bsw/seven.c ****     return RC_SUCCESS;
 199              		.loc 1 193 0
ARM GAS  C:\Users\Reza\AppData\Local\Temp\ccfs1qgN.s 			page 8


 200 0026 0020     		movs	r0, #0
 201 0028 38BD     		pop	{r3, r4, r5, pc}
 202              	.LVL18:
 203              	.L14:
 174:source\bsw/seven.c ****     }
 204              		.loc 1 174 0
 205 002a 6FF01300 		mvn	r0, #19
 206              	.LVL19:
 194:source\bsw/seven.c **** }
 207              		.loc 1 194 0
 208 002e 38BD     		pop	{r3, r4, r5, pc}
 209              	.L17:
 210              		.align	2
 211              	.L16:
 212 0030 00000000 		.word	.LANCHOR1
 213 0034 00000000 		.word	.LANCHOR2
 214              		.cfi_endproc
 215              	.LFE114:
 216              		.size	SEVEN_SetDP, .-SEVEN_SetDP
 217              		.section	.text.SEVEN_Clear,"ax",%progbits
 218              		.align	1
 219              		.global	SEVEN_Clear
 220              		.thumb
 221              		.thumb_func
 222              		.type	SEVEN_Clear, %function
 223              	SEVEN_Clear:
 224              	.LFB115:
 195:source\bsw/seven.c **** 
 196:source\bsw/seven.c **** /**
 197:source\bsw/seven.c ****  * Clears one display
 198:source\bsw/seven.c ****  * @param SEVEN_id_t sevenId - identifier for the segment to be set
 199:source\bsw/seven.c ****  * @return RC_SUCCESS if function was executed correctly, other value in case of error
 200:source\bsw/seven.c ****  */
 201:source\bsw/seven.c **** RC_t SEVEN_Clear(SEVEN_id_t sevenId)
 202:source\bsw/seven.c **** {
 225              		.loc 1 202 0
 226              		.cfi_startproc
 227              		@ args = 0, pretend = 0, frame = 0
 228              		@ frame_needed = 0, uses_anonymous_args = 0
 229              	.LVL20:
 230 0000 08B5     		push	{r3, lr}
 231              		.cfi_def_cfa_offset 8
 232              		.cfi_offset 3, -8
 233              		.cfi_offset 14, -4
 203:source\bsw/seven.c ****     //Set software latch to cleared
 204:source\bsw/seven.c ****     SEVEN__latch_value[(uint8_t)sevenId] = -1;
 234              		.loc 1 204 0
 235 0002 054B     		ldr	r3, .L19
 236 0004 FF22     		movs	r2, #255
 237 0006 1A54     		strb	r2, [r3, r0]
 205:source\bsw/seven.c ****     
 206:source\bsw/seven.c ****     //Set the selection bit for the display
 207:source\bsw/seven.c ****     SEVEN_SELECT_Write((uint8_t)sevenId);
 238              		.loc 1 207 0
 239 0008 FFF7FEFF 		bl	SEVEN_SELECT_Write
 240              	.LVL21:
 208:source\bsw/seven.c ****     
ARM GAS  C:\Users\Reza\AppData\Local\Temp\ccfs1qgN.s 			page 9


 209:source\bsw/seven.c ****     //Clear every bit
 210:source\bsw/seven.c ****     SEVEN_reg_Write(0);
 241              		.loc 1 210 0
 242 000c 0020     		movs	r0, #0
 243 000e FFF7FEFF 		bl	SEVEN_reg_Write
 244              	.LVL22:
 211:source\bsw/seven.c ****     
 212:source\bsw/seven.c ****     return RC_SUCCESS;
 213:source\bsw/seven.c **** }...
 245              		.loc 1 213 0
 246 0012 0020     		movs	r0, #0
 247 0014 08BD     		pop	{r3, pc}
 248              	.L20:
 249 0016 00BF     		.align	2
 250              	.L19:
 251 0018 00000000 		.word	.LANCHOR1
 252              		.cfi_endproc
 253              	.LFE115:
 254              		.size	SEVEN_Clear, .-SEVEN_Clear
 255              		.section	.text.SEVEN_Init,"ax",%progbits
 256              		.align	1
 257              		.global	SEVEN_Init
 258              		.thumb
 259              		.thumb_func
 260              		.type	SEVEN_Init, %function
 261              	SEVEN_Init:
 262              	.LFB110:
  98:source\bsw/seven.c **** {
 263              		.loc 1 98 0
 264              		.cfi_startproc
 265              		@ args = 0, pretend = 0, frame = 0
 266              		@ frame_needed = 0, uses_anonymous_args = 0
 267 0000 08B5     		push	{r3, lr}
 268              		.cfi_def_cfa_offset 8
 269              		.cfi_offset 3, -8
 270              		.cfi_offset 14, -4
 100:source\bsw/seven.c ****     SEVEN_Clear(SEVEN_0);
 271              		.loc 1 100 0
 272 0002 0020     		movs	r0, #0
 273 0004 FFF7FEFF 		bl	SEVEN_Clear
 274              	.LVL23:
 101:source\bsw/seven.c ****     SEVEN_Clear(SEVEN_1);
 275              		.loc 1 101 0
 276 0008 0120     		movs	r0, #1
 277 000a FFF7FEFF 		bl	SEVEN_Clear
 278              	.LVL24:
 104:source\bsw/seven.c **** }
 279              		.loc 1 104 0
 280 000e 0020     		movs	r0, #0
 281 0010 08BD     		pop	{r3, pc}
 282              		.cfi_endproc
 283              	.LFE110:
 284              		.size	SEVEN_Init, .-SEVEN_Init
 285              		.section	.rodata
 286              		.set	.LANCHOR0,. + 0
 287              		.type	SEVEN__BitPattern, %object
 288              		.size	SEVEN__BitPattern, 17
ARM GAS  C:\Users\Reza\AppData\Local\Temp\ccfs1qgN.s 			page 10


 289              	SEVEN__BitPattern:
 290 0000 FC       		.byte	-4
 291 0001 60       		.byte	96
 292 0002 DA       		.byte	-38
 293 0003 F2       		.byte	-14
 294 0004 66       		.byte	102
 295 0005 B6       		.byte	-74
 296 0006 BE       		.byte	-66
 297 0007 E0       		.byte	-32
 298 0008 FE       		.byte	-2
 299 0009 F6       		.byte	-10
 300 000a EE       		.byte	-18
 301 000b 3E       		.byte	62
 302 000c 9C       		.byte	-100
 303 000d 7A       		.byte	122
 304 000e 9E       		.byte	-98
 305 000f 8E       		.byte	-114
 306 0010 01       		.byte	1
 307              		.data
 308              		.set	.LANCHOR1,. + 0
 309              		.type	SEVEN__latch_value, %object
 310              		.size	SEVEN__latch_value, 2
 311              	SEVEN__latch_value:
 312 0000 FF       		.byte	-1
 313 0001 FF       		.byte	-1
 314              		.bss
 315              		.set	.LANCHOR2,. + 0
 316              		.type	SEVEN__latch_pattern, %object
 317              		.size	SEVEN__latch_pattern, 2
 318              	SEVEN__latch_pattern:
 319 0000 0000     		.space	2
 320              		.text
 321              	.Letext0:
 322              		.file 2 "c:\\program files (x86)\\cypress\\psoc creator\\4.2\\psoc creator\\import\\gnu\\arm\\5.4.
 323              		.file 3 "c:\\program files (x86)\\cypress\\psoc creator\\4.2\\psoc creator\\import\\gnu\\arm\\5.4.
 324              		.file 4 "Generated_Source\\PSoC5/ErikaOS_1_common_ee_types.inc"
 325              		.file 5 "Generated_Source\\PSoC5/ErikaOS_1_cortex_mx_ee_cpu.inc"
 326              		.file 6 "source\\bsw\\global.h"
 327              		.file 7 "source\\bsw\\seven.h"
 328              		.file 8 "Generated_Source\\PSoC5/ErikaOS_1_ee_oo_intfunc.inc"
 329              		.file 9 "Generated_Source\\PSoC5/ErikaOS_1_cortex_mx_ee_context.inc"
 330              		.file 10 "Generated_Source\\PSoC5/ErikaOS_1_common_ee_primitives.inc"
 331              		.file 11 "Generated_Source\\PSoC5/core_cm3.h"
 332              		.file 12 "Generated_Source\\PSoC5/SEVEN_SELECT.h"
 333              		.file 13 "Generated_Source\\PSoC5/SEVEN_reg.h"
 334              		.file 14 "Generated_Source\\PSoC5/SEVEN_DP.h"
 335              		.section	.debug_info,"",%progbits
 336              	.Ldebug_info0:
 337 0000 A0040000 		.4byte	0x4a0
 338 0004 0400     		.2byte	0x4
 339 0006 00000000 		.4byte	.Ldebug_abbrev0
 340 000a 04       		.byte	0x4
 341 000b 01       		.uleb128 0x1
 342 000c 9C040000 		.4byte	.LASF73
 343 0010 0C       		.byte	0xc
 344 0011 B3020000 		.4byte	.LASF74
 345 0015 E3000000 		.4byte	.LASF75
ARM GAS  C:\Users\Reza\AppData\Local\Temp\ccfs1qgN.s 			page 11


 346 0019 00000000 		.4byte	.Ldebug_ranges0+0
 347 001d 00000000 		.4byte	0
 348 0021 00000000 		.4byte	.Ldebug_line0
 349 0025 02       		.uleb128 0x2
 350 0026 01       		.byte	0x1
 351 0027 06       		.byte	0x6
 352 0028 B9010000 		.4byte	.LASF0
 353 002c 03       		.uleb128 0x3
 354 002d 56020000 		.4byte	.LASF4
 355 0031 02       		.byte	0x2
 356 0032 1D       		.byte	0x1d
 357 0033 37000000 		.4byte	0x37
 358 0037 02       		.uleb128 0x2
 359 0038 01       		.byte	0x1
 360 0039 08       		.byte	0x8
 361 003a A5020000 		.4byte	.LASF1
 362 003e 02       		.uleb128 0x2
 363 003f 02       		.byte	0x2
 364 0040 05       		.byte	0x5
 365 0041 45000000 		.4byte	.LASF2
 366 0045 02       		.uleb128 0x2
 367 0046 02       		.byte	0x2
 368 0047 07       		.byte	0x7
 369 0048 3E030000 		.4byte	.LASF3
 370 004c 03       		.uleb128 0x3
 371 004d 20040000 		.4byte	.LASF5
 372 0051 02       		.byte	0x2
 373 0052 3F       		.byte	0x3f
 374 0053 57000000 		.4byte	0x57
 375 0057 02       		.uleb128 0x2
 376 0058 04       		.byte	0x4
 377 0059 05       		.byte	0x5
 378 005a 2D020000 		.4byte	.LASF6
 379 005e 02       		.uleb128 0x2
 380 005f 04       		.byte	0x4
 381 0060 07       		.byte	0x7
 382 0061 D3030000 		.4byte	.LASF7
 383 0065 02       		.uleb128 0x2
 384 0066 08       		.byte	0x8
 385 0067 05       		.byte	0x5
 386 0068 D5010000 		.4byte	.LASF8
 387 006c 02       		.uleb128 0x2
 388 006d 08       		.byte	0x8
 389 006e 07       		.byte	0x7
 390 006f CE020000 		.4byte	.LASF9
 391 0073 04       		.uleb128 0x4
 392 0074 04       		.byte	0x4
 393 0075 05       		.byte	0x5
 394 0076 696E7400 		.ascii	"int\000"
 395 007a 02       		.uleb128 0x2
 396 007b 04       		.byte	0x4
 397 007c 07       		.byte	0x7
 398 007d E5020000 		.4byte	.LASF10
 399 0081 03       		.uleb128 0x3
 400 0082 C4000000 		.4byte	.LASF11
 401 0086 03       		.byte	0x3
 402 0087 18       		.byte	0x18
ARM GAS  C:\Users\Reza\AppData\Local\Temp\ccfs1qgN.s 			page 12


 403 0088 2C000000 		.4byte	0x2c
 404 008c 03       		.uleb128 0x3
 405 008d 87030000 		.4byte	.LASF12
 406 0091 03       		.byte	0x3
 407 0092 2C       		.byte	0x2c
 408 0093 4C000000 		.4byte	0x4c
 409 0097 02       		.uleb128 0x2
 410 0098 04       		.byte	0x4
 411 0099 04       		.byte	0x4
 412 009a C5010000 		.4byte	.LASF13
 413 009e 02       		.uleb128 0x2
 414 009f 08       		.byte	0x8
 415 00a0 04       		.byte	0x4
 416 00a1 E5030000 		.4byte	.LASF14
 417 00a5 02       		.uleb128 0x2
 418 00a6 01       		.byte	0x1
 419 00a7 08       		.byte	0x8
 420 00a8 61030000 		.4byte	.LASF15
 421 00ac 02       		.uleb128 0x2
 422 00ad 08       		.byte	0x8
 423 00ae 04       		.byte	0x4
 424 00af 99020000 		.4byte	.LASF16
 425 00b3 02       		.uleb128 0x2
 426 00b4 04       		.byte	0x4
 427 00b5 07       		.byte	0x7
 428 00b6 75000000 		.4byte	.LASF17
 429 00ba 03       		.uleb128 0x3
 430 00bb 35030000 		.4byte	.LASF18
 431 00bf 04       		.byte	0x4
 432 00c0 53       		.byte	0x53
 433 00c1 73000000 		.4byte	0x73
 434 00c5 03       		.uleb128 0x3
 435 00c6 AD000000 		.4byte	.LASF19
 436 00ca 04       		.byte	0x4
 437 00cb 54       		.byte	0x54
 438 00cc 7A000000 		.4byte	0x7a
 439 00d0 03       		.uleb128 0x3
 440 00d1 09040000 		.4byte	.LASF20
 441 00d5 05       		.byte	0x5
 442 00d6 4D       		.byte	0x4d
 443 00d7 C5000000 		.4byte	0xc5
 444 00db 03       		.uleb128 0x3
 445 00dc 94000000 		.4byte	.LASF21
 446 00e0 05       		.byte	0x5
 447 00e1 4F       		.byte	0x4f
 448 00e2 C5000000 		.4byte	0xc5
 449 00e6 03       		.uleb128 0x3
 450 00e7 B7000000 		.4byte	.LASF22
 451 00eb 05       		.byte	0x5
 452 00ec 78       		.byte	0x78
 453 00ed BA000000 		.4byte	0xba
 454 00f1 03       		.uleb128 0x3
 455 00f2 45050000 		.4byte	.LASF23
 456 00f6 06       		.byte	0x6
 457 00f7 76       		.byte	0x76
 458 00f8 25000000 		.4byte	0x25
 459 00fc 05       		.uleb128 0x5
ARM GAS  C:\Users\Reza\AppData\Local\Temp\ccfs1qgN.s 			page 13


 460 00fd 65524300 		.ascii	"eRC\000"
 461 0101 01       		.byte	0x1
 462 0102 25000000 		.4byte	0x25
 463 0106 06       		.byte	0x6
 464 0107 AC       		.byte	0xac
 465 0108 A3010000 		.4byte	0x1a3
 466 010c 06       		.uleb128 0x6
 467 010d 26000000 		.4byte	.LASF24
 468 0111 00       		.byte	0
 469 0112 07       		.uleb128 0x7
 470 0113 6B040000 		.4byte	.LASF25
 471 0117 7F       		.sleb128 -1
 472 0118 07       		.uleb128 0x7
 473 0119 12030000 		.4byte	.LASF26
 474 011d 7E       		.sleb128 -2
 475 011e 07       		.uleb128 0x7
 476 011f 86000000 		.4byte	.LASF27
 477 0123 7D       		.sleb128 -3
 478 0124 07       		.uleb128 0x7
 479 0125 74040000 		.4byte	.LASF28
 480 0129 7C       		.sleb128 -4
 481 012a 07       		.uleb128 0x7
 482 012b 11040000 		.4byte	.LASF29
 483 012f 7B       		.sleb128 -5
 484 0130 07       		.uleb128 0x7
 485 0131 4F000000 		.4byte	.LASF30
 486 0135 7A       		.sleb128 -6
 487 0136 07       		.uleb128 0x7
 488 0137 36020000 		.4byte	.LASF31
 489 013b 79       		.sleb128 -7
 490 013c 07       		.uleb128 0x7
 491 013d 72030000 		.4byte	.LASF32
 492 0141 78       		.sleb128 -8
 493 0142 07       		.uleb128 0x7
 494 0143 2A050000 		.4byte	.LASF33
 495 0147 77       		.sleb128 -9
 496 0148 07       		.uleb128 0x7
 497 0149 48020000 		.4byte	.LASF34
 498 014d 76       		.sleb128 -10
 499 014e 07       		.uleb128 0x7
 500 014f 4D050000 		.4byte	.LASF35
 501 0153 75       		.sleb128 -11
 502 0154 07       		.uleb128 0x7
 503 0155 F2020000 		.4byte	.LASF36
 504 0159 74       		.sleb128 -12
 505 015a 07       		.uleb128 0x7
 506 015b F7030000 		.4byte	.LASF37
 507 015f 73       		.sleb128 -13
 508 0160 07       		.uleb128 0x7
 509 0161 13000000 		.4byte	.LASF38
 510 0165 72       		.sleb128 -14
 511 0166 07       		.uleb128 0x7
 512 0167 31000000 		.4byte	.LASF39
 513 016b 71       		.sleb128 -15
 514 016c 07       		.uleb128 0x7
 515 016d 9C000000 		.4byte	.LASF40
 516 0171 70       		.sleb128 -16
ARM GAS  C:\Users\Reza\AppData\Local\Temp\ccfs1qgN.s 			page 14


 517 0172 07       		.uleb128 0x7
 518 0173 99030000 		.4byte	.LASF41
 519 0177 6F       		.sleb128 -17
 520 0178 07       		.uleb128 0x7
 521 0179 60000000 		.4byte	.LASF42
 522 017d 6E       		.sleb128 -18
 523 017e 07       		.uleb128 0x7
 524 017f 09020000 		.4byte	.LASF43
 525 0183 6D       		.sleb128 -19
 526 0184 07       		.uleb128 0x7
 527 0185 AD030000 		.4byte	.LASF44
 528 0189 6C       		.sleb128 -20
 529 018a 07       		.uleb128 0x7
 530 018b 73020000 		.4byte	.LASF45
 531 018f 6B       		.sleb128 -21
 532 0190 07       		.uleb128 0x7
 533 0191 39040000 		.4byte	.LASF46
 534 0195 6A       		.sleb128 -22
 535 0196 07       		.uleb128 0x7
 536 0197 CC000000 		.4byte	.LASF47
 537 019b 69       		.sleb128 -23
 538 019c 07       		.uleb128 0x7
 539 019d 1C020000 		.4byte	.LASF48
 540 01a1 68       		.sleb128 -24
 541 01a2 00       		.byte	0
 542 01a3 03       		.uleb128 0x3
 543 01a4 40050000 		.4byte	.LASF49
 544 01a8 06       		.byte	0x6
 545 01a9 C8       		.byte	0xc8
 546 01aa FC000000 		.4byte	0xfc
 547 01ae 08       		.uleb128 0x8
 548 01af 01       		.byte	0x1
 549 01b0 37000000 		.4byte	0x37
 550 01b4 07       		.byte	0x7
 551 01b5 5F       		.byte	0x5f
 552 01b6 C7010000 		.4byte	0x1c7
 553 01ba 06       		.uleb128 0x6
 554 01bb 7E000000 		.4byte	.LASF50
 555 01bf 00       		.byte	0
 556 01c0 06       		.uleb128 0x6
 557 01c1 C6020000 		.4byte	.LASF51
 558 01c5 01       		.byte	0x1
 559 01c6 00       		.byte	0
 560 01c7 03       		.uleb128 0x3
 561 01c8 EC030000 		.4byte	.LASF52
 562 01cc 07       		.byte	0x7
 563 01cd 62       		.byte	0x62
 564 01ce AE010000 		.4byte	0x1ae
 565 01d2 09       		.uleb128 0x9
 566 01d3 CB010000 		.4byte	.LASF55
 567 01d7 01       		.byte	0x1
 568 01d8 71       		.byte	0x71
 569 01d9 A3010000 		.4byte	0x1a3
 570 01dd 00000000 		.4byte	.LFB111
 571 01e1 34000000 		.4byte	.LFE111-.LFB111
 572 01e5 01       		.uleb128 0x1
 573 01e6 9C       		.byte	0x9c
ARM GAS  C:\Users\Reza\AppData\Local\Temp\ccfs1qgN.s 			page 15


 574 01e7 45020000 		.4byte	0x245
 575 01eb 0A       		.uleb128 0xa
 576 01ec 85020000 		.4byte	.LASF53
 577 01f0 01       		.byte	0x1
 578 01f1 71       		.byte	0x71
 579 01f2 C7010000 		.4byte	0x1c7
 580 01f6 00000000 		.4byte	.LLST0
 581 01fa 0A       		.uleb128 0xa
 582 01fb BE000000 		.4byte	.LASF54
 583 01ff 01       		.byte	0x1
 584 0200 71       		.byte	0x71
 585 0201 81000000 		.4byte	0x81
 586 0205 3A000000 		.4byte	.LLST1
 587 0209 0B       		.uleb128 0xb
 588 020a 0B000000 		.4byte	.LASF59
 589 020e 01       		.byte	0x1
 590 020f 7E       		.byte	0x7e
 591 0210 81000000 		.4byte	0x81
 592 0214 66000000 		.4byte	.LLST2
 593 0218 0C       		.uleb128 0xc
 594 0219 0E000000 		.4byte	.LVL1
 595 021d 82040000 		.4byte	0x482
 596 0221 2C020000 		.4byte	0x22c
 597 0225 0D       		.uleb128 0xd
 598 0226 01       		.uleb128 0x1
 599 0227 50       		.byte	0x50
 600 0228 02       		.uleb128 0x2
 601 0229 75       		.byte	0x75
 602 022a 00       		.sleb128 0
 603 022b 00       		.byte	0
 604 022c 0E       		.uleb128 0xe
 605 022d 1E000000 		.4byte	.LVL3
 606 0231 8D040000 		.4byte	0x48d
 607 0235 0D       		.uleb128 0xd
 608 0236 01       		.uleb128 0x1
 609 0237 50       		.byte	0x50
 610 0238 0A       		.uleb128 0xa
 611 0239 74       		.byte	0x74
 612 023a 00       		.sleb128 0
 613 023b 03       		.byte	0x3
 614 023c 00000000 		.4byte	.LANCHOR0
 615 0240 22       		.byte	0x22
 616 0241 94       		.byte	0x94
 617 0242 01       		.byte	0x1
 618 0243 00       		.byte	0
 619 0244 00       		.byte	0
 620 0245 09       		.uleb128 0x9
 621 0246 8F030000 		.4byte	.LASF56
 622 024a 01       		.byte	0x1
 623 024b 8F       		.byte	0x8f
 624 024c A3010000 		.4byte	0x1a3
 625 0250 00000000 		.4byte	.LFB112
 626 0254 10000000 		.4byte	.LFE112-.LFB112
 627 0258 01       		.uleb128 0x1
 628 0259 9C       		.byte	0x9c
 629 025a 7B020000 		.4byte	0x27b
 630 025e 0A       		.uleb128 0xa
ARM GAS  C:\Users\Reza\AppData\Local\Temp\ccfs1qgN.s 			page 16


 631 025f 85020000 		.4byte	.LASF53
 632 0263 01       		.byte	0x1
 633 0264 8F       		.byte	0x8f
 634 0265 C7010000 		.4byte	0x1c7
 635 0269 8B000000 		.4byte	.LLST3
 636 026d 0F       		.uleb128 0xf
 637 026e BE000000 		.4byte	.LASF54
 638 0272 01       		.byte	0x1
 639 0273 8F       		.byte	0x8f
 640 0274 7B020000 		.4byte	0x27b
 641 0278 01       		.uleb128 0x1
 642 0279 51       		.byte	0x51
 643 027a 00       		.byte	0
 644 027b 10       		.uleb128 0x10
 645 027c 04       		.byte	0x4
 646 027d F1000000 		.4byte	0xf1
 647 0281 09       		.uleb128 0x9
 648 0282 FC010000 		.4byte	.LASF57
 649 0286 01       		.byte	0x1
 650 0287 9B       		.byte	0x9b
 651 0288 A3010000 		.4byte	0x1a3
 652 028c 00000000 		.4byte	.LFB113
 653 0290 1A000000 		.4byte	.LFE113-.LFB113
 654 0294 01       		.uleb128 0x1
 655 0295 9C       		.byte	0x9c
 656 0296 DC020000 		.4byte	0x2dc
 657 029a 0A       		.uleb128 0xa
 658 029b BE000000 		.4byte	.LASF54
 659 029f 01       		.byte	0x1
 660 02a0 9B       		.byte	0x9b
 661 02a1 81000000 		.4byte	0x81
 662 02a5 AC000000 		.4byte	.LLST4
 663 02a9 0C       		.uleb128 0xc
 664 02aa 0C000000 		.4byte	.LVL10
 665 02ae D2010000 		.4byte	0x1d2
 666 02b2 C4020000 		.4byte	0x2c4
 667 02b6 0D       		.uleb128 0xd
 668 02b7 01       		.uleb128 0x1
 669 02b8 50       		.byte	0x50
 670 02b9 01       		.uleb128 0x1
 671 02ba 31       		.byte	0x31
 672 02bb 0D       		.uleb128 0xd
 673 02bc 01       		.uleb128 0x1
 674 02bd 51       		.byte	0x51
 675 02be 04       		.uleb128 0x4
 676 02bf 74       		.byte	0x74
 677 02c0 00       		.sleb128 0
 678 02c1 34       		.byte	0x34
 679 02c2 25       		.byte	0x25
 680 02c3 00       		.byte	0
 681 02c4 0E       		.uleb128 0xe
 682 02c5 16000000 		.4byte	.LVL11
 683 02c9 D2010000 		.4byte	0x1d2
 684 02cd 0D       		.uleb128 0xd
 685 02ce 01       		.uleb128 0x1
 686 02cf 50       		.byte	0x50
 687 02d0 01       		.uleb128 0x1
ARM GAS  C:\Users\Reza\AppData\Local\Temp\ccfs1qgN.s 			page 17


 688 02d1 30       		.byte	0x30
 689 02d2 0D       		.uleb128 0xd
 690 02d3 01       		.uleb128 0x1
 691 02d4 51       		.byte	0x51
 692 02d5 04       		.uleb128 0x4
 693 02d6 74       		.byte	0x74
 694 02d7 00       		.sleb128 0
 695 02d8 3F       		.byte	0x3f
 696 02d9 1A       		.byte	0x1a
 697 02da 00       		.byte	0
 698 02db 00       		.byte	0
 699 02dc 09       		.uleb128 0x9
 700 02dd 66030000 		.4byte	.LASF58
 701 02e1 01       		.byte	0x1
 702 02e2 A9       		.byte	0xa9
 703 02e3 A3010000 		.4byte	0x1a3
 704 02e7 00000000 		.4byte	.LFB114
 705 02eb 38000000 		.4byte	.LFE114-.LFB114
 706 02ef 01       		.uleb128 0x1
 707 02f0 9C       		.byte	0x9c
 708 02f1 50030000 		.4byte	0x350
 709 02f5 0A       		.uleb128 0xa
 710 02f6 85020000 		.4byte	.LASF53
 711 02fa 01       		.byte	0x1
 712 02fb A9       		.byte	0xa9
 713 02fc C7010000 		.4byte	0x1c7
 714 0300 CD000000 		.4byte	.LLST5
 715 0304 0A       		.uleb128 0xa
 716 0305 BE000000 		.4byte	.LASF54
 717 0309 01       		.byte	0x1
 718 030a A9       		.byte	0xa9
 719 030b 81000000 		.4byte	0x81
 720 030f 07010000 		.4byte	.LLST6
 721 0313 0B       		.uleb128 0xb
 722 0314 0B000000 		.4byte	.LASF59
 723 0318 01       		.byte	0x1
 724 0319 B2       		.byte	0xb2
 725 031a 81000000 		.4byte	0x81
 726 031e 33010000 		.4byte	.LLST7
 727 0322 11       		.uleb128 0x11
 728 0323 1A000000 		.4byte	.LVL15
 729 0327 82040000 		.4byte	0x482
 730 032b 0C       		.uleb128 0xc
 731 032c 20000000 		.4byte	.LVL16
 732 0330 8D040000 		.4byte	0x48d
 733 0334 3F030000 		.4byte	0x33f
 734 0338 0D       		.uleb128 0xd
 735 0339 01       		.uleb128 0x1
 736 033a 50       		.byte	0x50
 737 033b 02       		.uleb128 0x2
 738 033c 75       		.byte	0x75
 739 033d 00       		.sleb128 0
 740 033e 00       		.byte	0
 741 033f 0E       		.uleb128 0xe
 742 0340 26000000 		.4byte	.LVL17
 743 0344 98040000 		.4byte	0x498
 744 0348 0D       		.uleb128 0xd
ARM GAS  C:\Users\Reza\AppData\Local\Temp\ccfs1qgN.s 			page 18


 745 0349 01       		.uleb128 0x1
 746 034a 50       		.byte	0x50
 747 034b 02       		.uleb128 0x2
 748 034c 74       		.byte	0x74
 749 034d 00       		.sleb128 0
 750 034e 00       		.byte	0
 751 034f 00       		.byte	0
 752 0350 09       		.uleb128 0x9
 753 0351 8D020000 		.4byte	.LASF60
 754 0355 01       		.byte	0x1
 755 0356 C9       		.byte	0xc9
 756 0357 A3010000 		.4byte	0x1a3
 757 035b 00000000 		.4byte	.LFB115
 758 035f 1C000000 		.4byte	.LFE115-.LFB115
 759 0363 01       		.uleb128 0x1
 760 0364 9C       		.byte	0x9c
 761 0365 91030000 		.4byte	0x391
 762 0369 0A       		.uleb128 0xa
 763 036a 85020000 		.4byte	.LASF53
 764 036e 01       		.byte	0x1
 765 036f C9       		.byte	0xc9
 766 0370 C7010000 		.4byte	0x1c7
 767 0374 52010000 		.4byte	.LLST8
 768 0378 11       		.uleb128 0x11
 769 0379 0C000000 		.4byte	.LVL21
 770 037d 82040000 		.4byte	0x482
 771 0381 0E       		.uleb128 0xe
 772 0382 12000000 		.4byte	.LVL22
 773 0386 8D040000 		.4byte	0x48d
 774 038a 0D       		.uleb128 0xd
 775 038b 01       		.uleb128 0x1
 776 038c 50       		.byte	0x50
 777 038d 01       		.uleb128 0x1
 778 038e 30       		.byte	0x30
 779 038f 00       		.byte	0
 780 0390 00       		.byte	0
 781 0391 12       		.uleb128 0x12
 782 0392 00000000 		.4byte	.LASF76
 783 0396 01       		.byte	0x1
 784 0397 61       		.byte	0x61
 785 0398 A3010000 		.4byte	0x1a3
 786 039c 00000000 		.4byte	.LFB110
 787 03a0 12000000 		.4byte	.LFE110-.LFB110
 788 03a4 01       		.uleb128 0x1
 789 03a5 9C       		.byte	0x9c
 790 03a6 CD030000 		.4byte	0x3cd
 791 03aa 0C       		.uleb128 0xc
 792 03ab 08000000 		.4byte	.LVL23
 793 03af 50030000 		.4byte	0x350
 794 03b3 BD030000 		.4byte	0x3bd
 795 03b7 0D       		.uleb128 0xd
 796 03b8 01       		.uleb128 0x1
 797 03b9 50       		.byte	0x50
 798 03ba 01       		.uleb128 0x1
 799 03bb 30       		.byte	0x30
 800 03bc 00       		.byte	0
 801 03bd 0E       		.uleb128 0xe
ARM GAS  C:\Users\Reza\AppData\Local\Temp\ccfs1qgN.s 			page 19


 802 03be 0E000000 		.4byte	.LVL24
 803 03c2 50030000 		.4byte	0x350
 804 03c6 0D       		.uleb128 0xd
 805 03c7 01       		.uleb128 0x1
 806 03c8 50       		.byte	0x50
 807 03c9 01       		.uleb128 0x1
 808 03ca 31       		.byte	0x31
 809 03cb 00       		.byte	0
 810 03cc 00       		.byte	0
 811 03cd 13       		.uleb128 0x13
 812 03ce DD030000 		.4byte	0x3dd
 813 03d2 DD030000 		.4byte	0x3dd
 814 03d6 14       		.uleb128 0x14
 815 03d7 B3000000 		.4byte	0xb3
 816 03db 10       		.byte	0x10
 817 03dc 00       		.byte	0
 818 03dd 15       		.uleb128 0x15
 819 03de 81000000 		.4byte	0x81
 820 03e2 16       		.uleb128 0x16
 821 03e3 00030000 		.4byte	.LASF61
 822 03e7 01       		.byte	0x1
 823 03e8 38       		.byte	0x38
 824 03e9 F3030000 		.4byte	0x3f3
 825 03ed 05       		.uleb128 0x5
 826 03ee 03       		.byte	0x3
 827 03ef 00000000 		.4byte	SEVEN__BitPattern
 828 03f3 15       		.uleb128 0x15
 829 03f4 CD030000 		.4byte	0x3cd
 830 03f8 13       		.uleb128 0x13
 831 03f9 F1000000 		.4byte	0xf1
 832 03fd 08040000 		.4byte	0x408
 833 0401 14       		.uleb128 0x14
 834 0402 B3000000 		.4byte	0xb3
 835 0406 01       		.byte	0x1
 836 0407 00       		.byte	0
 837 0408 16       		.uleb128 0x16
 838 0409 60020000 		.4byte	.LASF62
 839 040d 01       		.byte	0x1
 840 040e 4F       		.byte	0x4f
 841 040f F8030000 		.4byte	0x3f8
 842 0413 05       		.uleb128 0x5
 843 0414 03       		.byte	0x3
 844 0415 00000000 		.4byte	SEVEN__latch_value
 845 0419 13       		.uleb128 0x13
 846 041a 81000000 		.4byte	0x81
 847 041e 29040000 		.4byte	0x429
 848 0422 14       		.uleb128 0x14
 849 0423 B3000000 		.4byte	0xb3
 850 0427 01       		.byte	0x1
 851 0428 00       		.byte	0
 852 0429 16       		.uleb128 0x16
 853 042a 20030000 		.4byte	.LASF63
 854 042e 01       		.byte	0x1
 855 042f 50       		.byte	0x50
 856 0430 19040000 		.4byte	0x419
 857 0434 05       		.uleb128 0x5
 858 0435 03       		.byte	0x3
ARM GAS  C:\Users\Reza\AppData\Local\Temp\ccfs1qgN.s 			page 20


 859 0436 00000000 		.4byte	SEVEN__latch_pattern
 860 043a 17       		.uleb128 0x17
 861 043b 84040000 		.4byte	.LASF64
 862 043f 08       		.byte	0x8
 863 0440 40       		.byte	0x40
 864 0441 D0000000 		.4byte	0xd0
 865 0445 17       		.uleb128 0x17
 866 0446 E3010000 		.4byte	.LASF65
 867 044a 08       		.byte	0x8
 868 044b 47       		.byte	0x47
 869 044c DB000000 		.4byte	0xdb
 870 0450 17       		.uleb128 0x17
 871 0451 C0030000 		.4byte	.LASF66
 872 0455 08       		.byte	0x8
 873 0456 4A       		.byte	0x4a
 874 0457 D0000000 		.4byte	0xd0
 875 045b 17       		.uleb128 0x17
 876 045c A0010000 		.4byte	.LASF67
 877 0460 09       		.byte	0x9
 878 0461 48       		.byte	0x48
 879 0462 E6000000 		.4byte	0xe6
 880 0466 17       		.uleb128 0x17
 881 0467 8B010000 		.4byte	.LASF68
 882 046b 0A       		.byte	0xa
 883 046c 44       		.byte	0x44
 884 046d D0000000 		.4byte	0xd0
 885 0471 18       		.uleb128 0x18
 886 0472 5E040000 		.4byte	.LASF69
 887 0476 0B       		.byte	0xb
 888 0477 1207     		.2byte	0x712
 889 0479 7D040000 		.4byte	0x47d
 890 047d 19       		.uleb128 0x19
 891 047e 8C000000 		.4byte	0x8c
 892 0482 1A       		.uleb128 0x1a
 893 0483 4B040000 		.4byte	.LASF70
 894 0487 4B040000 		.4byte	.LASF70
 895 048b 0C       		.byte	0xc
 896 048c 26       		.byte	0x26
 897 048d 1A       		.uleb128 0x1a
 898 048e 51030000 		.4byte	.LASF71
 899 0492 51030000 		.4byte	.LASF71
 900 0496 0D       		.byte	0xd
 901 0497 2F       		.byte	0x2f
 902 0498 1A       		.uleb128 0x1a
 903 0499 2A040000 		.4byte	.LASF72
 904 049d 2A040000 		.4byte	.LASF72
 905 04a1 0E       		.byte	0xe
 906 04a2 26       		.byte	0x26
 907 04a3 00       		.byte	0
 908              		.section	.debug_abbrev,"",%progbits
 909              	.Ldebug_abbrev0:
 910 0000 01       		.uleb128 0x1
 911 0001 11       		.uleb128 0x11
 912 0002 01       		.byte	0x1
 913 0003 25       		.uleb128 0x25
 914 0004 0E       		.uleb128 0xe
 915 0005 13       		.uleb128 0x13
ARM GAS  C:\Users\Reza\AppData\Local\Temp\ccfs1qgN.s 			page 21


 916 0006 0B       		.uleb128 0xb
 917 0007 03       		.uleb128 0x3
 918 0008 0E       		.uleb128 0xe
 919 0009 1B       		.uleb128 0x1b
 920 000a 0E       		.uleb128 0xe
 921 000b 55       		.uleb128 0x55
 922 000c 17       		.uleb128 0x17
 923 000d 11       		.uleb128 0x11
 924 000e 01       		.uleb128 0x1
 925 000f 10       		.uleb128 0x10
 926 0010 17       		.uleb128 0x17
 927 0011 00       		.byte	0
 928 0012 00       		.byte	0
 929 0013 02       		.uleb128 0x2
 930 0014 24       		.uleb128 0x24
 931 0015 00       		.byte	0
 932 0016 0B       		.uleb128 0xb
 933 0017 0B       		.uleb128 0xb
 934 0018 3E       		.uleb128 0x3e
 935 0019 0B       		.uleb128 0xb
 936 001a 03       		.uleb128 0x3
 937 001b 0E       		.uleb128 0xe
 938 001c 00       		.byte	0
 939 001d 00       		.byte	0
 940 001e 03       		.uleb128 0x3
 941 001f 16       		.uleb128 0x16
 942 0020 00       		.byte	0
 943 0021 03       		.uleb128 0x3
 944 0022 0E       		.uleb128 0xe
 945 0023 3A       		.uleb128 0x3a
 946 0024 0B       		.uleb128 0xb
 947 0025 3B       		.uleb128 0x3b
 948 0026 0B       		.uleb128 0xb
 949 0027 49       		.uleb128 0x49
 950 0028 13       		.uleb128 0x13
 951 0029 00       		.byte	0
 952 002a 00       		.byte	0
 953 002b 04       		.uleb128 0x4
 954 002c 24       		.uleb128 0x24
 955 002d 00       		.byte	0
 956 002e 0B       		.uleb128 0xb
 957 002f 0B       		.uleb128 0xb
 958 0030 3E       		.uleb128 0x3e
 959 0031 0B       		.uleb128 0xb
 960 0032 03       		.uleb128 0x3
 961 0033 08       		.uleb128 0x8
 962 0034 00       		.byte	0
 963 0035 00       		.byte	0
 964 0036 05       		.uleb128 0x5
 965 0037 04       		.uleb128 0x4
 966 0038 01       		.byte	0x1
 967 0039 03       		.uleb128 0x3
 968 003a 08       		.uleb128 0x8
 969 003b 0B       		.uleb128 0xb
 970 003c 0B       		.uleb128 0xb
 971 003d 49       		.uleb128 0x49
 972 003e 13       		.uleb128 0x13
ARM GAS  C:\Users\Reza\AppData\Local\Temp\ccfs1qgN.s 			page 22


 973 003f 3A       		.uleb128 0x3a
 974 0040 0B       		.uleb128 0xb
 975 0041 3B       		.uleb128 0x3b
 976 0042 0B       		.uleb128 0xb
 977 0043 01       		.uleb128 0x1
 978 0044 13       		.uleb128 0x13
 979 0045 00       		.byte	0
 980 0046 00       		.byte	0
 981 0047 06       		.uleb128 0x6
 982 0048 28       		.uleb128 0x28
 983 0049 00       		.byte	0
 984 004a 03       		.uleb128 0x3
 985 004b 0E       		.uleb128 0xe
 986 004c 1C       		.uleb128 0x1c
 987 004d 0B       		.uleb128 0xb
 988 004e 00       		.byte	0
 989 004f 00       		.byte	0
 990 0050 07       		.uleb128 0x7
 991 0051 28       		.uleb128 0x28
 992 0052 00       		.byte	0
 993 0053 03       		.uleb128 0x3
 994 0054 0E       		.uleb128 0xe
 995 0055 1C       		.uleb128 0x1c
 996 0056 0D       		.uleb128 0xd
 997 0057 00       		.byte	0
 998 0058 00       		.byte	0
 999 0059 08       		.uleb128 0x8
 1000 005a 04       		.uleb128 0x4
 1001 005b 01       		.byte	0x1
 1002 005c 0B       		.uleb128 0xb
 1003 005d 0B       		.uleb128 0xb
 1004 005e 49       		.uleb128 0x49
 1005 005f 13       		.uleb128 0x13
 1006 0060 3A       		.uleb128 0x3a
 1007 0061 0B       		.uleb128 0xb
 1008 0062 3B       		.uleb128 0x3b
 1009 0063 0B       		.uleb128 0xb
 1010 0064 01       		.uleb128 0x1
 1011 0065 13       		.uleb128 0x13
 1012 0066 00       		.byte	0
 1013 0067 00       		.byte	0
 1014 0068 09       		.uleb128 0x9
 1015 0069 2E       		.uleb128 0x2e
 1016 006a 01       		.byte	0x1
 1017 006b 3F       		.uleb128 0x3f
 1018 006c 19       		.uleb128 0x19
 1019 006d 03       		.uleb128 0x3
 1020 006e 0E       		.uleb128 0xe
 1021 006f 3A       		.uleb128 0x3a
 1022 0070 0B       		.uleb128 0xb
 1023 0071 3B       		.uleb128 0x3b
 1024 0072 0B       		.uleb128 0xb
 1025 0073 27       		.uleb128 0x27
 1026 0074 19       		.uleb128 0x19
 1027 0075 49       		.uleb128 0x49
 1028 0076 13       		.uleb128 0x13
 1029 0077 11       		.uleb128 0x11
ARM GAS  C:\Users\Reza\AppData\Local\Temp\ccfs1qgN.s 			page 23


 1030 0078 01       		.uleb128 0x1
 1031 0079 12       		.uleb128 0x12
 1032 007a 06       		.uleb128 0x6
 1033 007b 40       		.uleb128 0x40
 1034 007c 18       		.uleb128 0x18
 1035 007d 9742     		.uleb128 0x2117
 1036 007f 19       		.uleb128 0x19
 1037 0080 01       		.uleb128 0x1
 1038 0081 13       		.uleb128 0x13
 1039 0082 00       		.byte	0
 1040 0083 00       		.byte	0
 1041 0084 0A       		.uleb128 0xa
 1042 0085 05       		.uleb128 0x5
 1043 0086 00       		.byte	0
 1044 0087 03       		.uleb128 0x3
 1045 0088 0E       		.uleb128 0xe
 1046 0089 3A       		.uleb128 0x3a
 1047 008a 0B       		.uleb128 0xb
 1048 008b 3B       		.uleb128 0x3b
 1049 008c 0B       		.uleb128 0xb
 1050 008d 49       		.uleb128 0x49
 1051 008e 13       		.uleb128 0x13
 1052 008f 02       		.uleb128 0x2
 1053 0090 17       		.uleb128 0x17
 1054 0091 00       		.byte	0
 1055 0092 00       		.byte	0
 1056 0093 0B       		.uleb128 0xb
 1057 0094 34       		.uleb128 0x34
 1058 0095 00       		.byte	0
 1059 0096 03       		.uleb128 0x3
 1060 0097 0E       		.uleb128 0xe
 1061 0098 3A       		.uleb128 0x3a
 1062 0099 0B       		.uleb128 0xb
 1063 009a 3B       		.uleb128 0x3b
 1064 009b 0B       		.uleb128 0xb
 1065 009c 49       		.uleb128 0x49
 1066 009d 13       		.uleb128 0x13
 1067 009e 02       		.uleb128 0x2
 1068 009f 17       		.uleb128 0x17
 1069 00a0 00       		.byte	0
 1070 00a1 00       		.byte	0
 1071 00a2 0C       		.uleb128 0xc
 1072 00a3 898201   		.uleb128 0x4109
 1073 00a6 01       		.byte	0x1
 1074 00a7 11       		.uleb128 0x11
 1075 00a8 01       		.uleb128 0x1
 1076 00a9 31       		.uleb128 0x31
 1077 00aa 13       		.uleb128 0x13
 1078 00ab 01       		.uleb128 0x1
 1079 00ac 13       		.uleb128 0x13
 1080 00ad 00       		.byte	0
 1081 00ae 00       		.byte	0
 1082 00af 0D       		.uleb128 0xd
 1083 00b0 8A8201   		.uleb128 0x410a
 1084 00b3 00       		.byte	0
 1085 00b4 02       		.uleb128 0x2
 1086 00b5 18       		.uleb128 0x18
ARM GAS  C:\Users\Reza\AppData\Local\Temp\ccfs1qgN.s 			page 24


 1087 00b6 9142     		.uleb128 0x2111
 1088 00b8 18       		.uleb128 0x18
 1089 00b9 00       		.byte	0
 1090 00ba 00       		.byte	0
 1091 00bb 0E       		.uleb128 0xe
 1092 00bc 898201   		.uleb128 0x4109
 1093 00bf 01       		.byte	0x1
 1094 00c0 11       		.uleb128 0x11
 1095 00c1 01       		.uleb128 0x1
 1096 00c2 31       		.uleb128 0x31
 1097 00c3 13       		.uleb128 0x13
 1098 00c4 00       		.byte	0
 1099 00c5 00       		.byte	0
 1100 00c6 0F       		.uleb128 0xf
 1101 00c7 05       		.uleb128 0x5
 1102 00c8 00       		.byte	0
 1103 00c9 03       		.uleb128 0x3
 1104 00ca 0E       		.uleb128 0xe
 1105 00cb 3A       		.uleb128 0x3a
 1106 00cc 0B       		.uleb128 0xb
 1107 00cd 3B       		.uleb128 0x3b
 1108 00ce 0B       		.uleb128 0xb
 1109 00cf 49       		.uleb128 0x49
 1110 00d0 13       		.uleb128 0x13
 1111 00d1 02       		.uleb128 0x2
 1112 00d2 18       		.uleb128 0x18
 1113 00d3 00       		.byte	0
 1114 00d4 00       		.byte	0
 1115 00d5 10       		.uleb128 0x10
 1116 00d6 0F       		.uleb128 0xf
 1117 00d7 00       		.byte	0
 1118 00d8 0B       		.uleb128 0xb
 1119 00d9 0B       		.uleb128 0xb
 1120 00da 49       		.uleb128 0x49
 1121 00db 13       		.uleb128 0x13
 1122 00dc 00       		.byte	0
 1123 00dd 00       		.byte	0
 1124 00de 11       		.uleb128 0x11
 1125 00df 898201   		.uleb128 0x4109
 1126 00e2 00       		.byte	0
 1127 00e3 11       		.uleb128 0x11
 1128 00e4 01       		.uleb128 0x1
 1129 00e5 31       		.uleb128 0x31
 1130 00e6 13       		.uleb128 0x13
 1131 00e7 00       		.byte	0
 1132 00e8 00       		.byte	0
 1133 00e9 12       		.uleb128 0x12
 1134 00ea 2E       		.uleb128 0x2e
 1135 00eb 01       		.byte	0x1
 1136 00ec 3F       		.uleb128 0x3f
 1137 00ed 19       		.uleb128 0x19
 1138 00ee 03       		.uleb128 0x3
 1139 00ef 0E       		.uleb128 0xe
 1140 00f0 3A       		.uleb128 0x3a
 1141 00f1 0B       		.uleb128 0xb
 1142 00f2 3B       		.uleb128 0x3b
 1143 00f3 0B       		.uleb128 0xb
ARM GAS  C:\Users\Reza\AppData\Local\Temp\ccfs1qgN.s 			page 25


 1144 00f4 49       		.uleb128 0x49
 1145 00f5 13       		.uleb128 0x13
 1146 00f6 11       		.uleb128 0x11
 1147 00f7 01       		.uleb128 0x1
 1148 00f8 12       		.uleb128 0x12
 1149 00f9 06       		.uleb128 0x6
 1150 00fa 40       		.uleb128 0x40
 1151 00fb 18       		.uleb128 0x18
 1152 00fc 9742     		.uleb128 0x2117
 1153 00fe 19       		.uleb128 0x19
 1154 00ff 01       		.uleb128 0x1
 1155 0100 13       		.uleb128 0x13
 1156 0101 00       		.byte	0
 1157 0102 00       		.byte	0
 1158 0103 13       		.uleb128 0x13
 1159 0104 01       		.uleb128 0x1
 1160 0105 01       		.byte	0x1
 1161 0106 49       		.uleb128 0x49
 1162 0107 13       		.uleb128 0x13
 1163 0108 01       		.uleb128 0x1
 1164 0109 13       		.uleb128 0x13
 1165 010a 00       		.byte	0
 1166 010b 00       		.byte	0
 1167 010c 14       		.uleb128 0x14
 1168 010d 21       		.uleb128 0x21
 1169 010e 00       		.byte	0
 1170 010f 49       		.uleb128 0x49
 1171 0110 13       		.uleb128 0x13
 1172 0111 2F       		.uleb128 0x2f
 1173 0112 0B       		.uleb128 0xb
 1174 0113 00       		.byte	0
 1175 0114 00       		.byte	0
 1176 0115 15       		.uleb128 0x15
 1177 0116 26       		.uleb128 0x26
 1178 0117 00       		.byte	0
 1179 0118 49       		.uleb128 0x49
 1180 0119 13       		.uleb128 0x13
 1181 011a 00       		.byte	0
 1182 011b 00       		.byte	0
 1183 011c 16       		.uleb128 0x16
 1184 011d 34       		.uleb128 0x34
 1185 011e 00       		.byte	0
 1186 011f 03       		.uleb128 0x3
 1187 0120 0E       		.uleb128 0xe
 1188 0121 3A       		.uleb128 0x3a
 1189 0122 0B       		.uleb128 0xb
 1190 0123 3B       		.uleb128 0x3b
 1191 0124 0B       		.uleb128 0xb
 1192 0125 49       		.uleb128 0x49
 1193 0126 13       		.uleb128 0x13
 1194 0127 02       		.uleb128 0x2
 1195 0128 18       		.uleb128 0x18
 1196 0129 00       		.byte	0
 1197 012a 00       		.byte	0
 1198 012b 17       		.uleb128 0x17
 1199 012c 34       		.uleb128 0x34
 1200 012d 00       		.byte	0
ARM GAS  C:\Users\Reza\AppData\Local\Temp\ccfs1qgN.s 			page 26


 1201 012e 03       		.uleb128 0x3
 1202 012f 0E       		.uleb128 0xe
 1203 0130 3A       		.uleb128 0x3a
 1204 0131 0B       		.uleb128 0xb
 1205 0132 3B       		.uleb128 0x3b
 1206 0133 0B       		.uleb128 0xb
 1207 0134 49       		.uleb128 0x49
 1208 0135 13       		.uleb128 0x13
 1209 0136 3F       		.uleb128 0x3f
 1210 0137 19       		.uleb128 0x19
 1211 0138 3C       		.uleb128 0x3c
 1212 0139 19       		.uleb128 0x19
 1213 013a 00       		.byte	0
 1214 013b 00       		.byte	0
 1215 013c 18       		.uleb128 0x18
 1216 013d 34       		.uleb128 0x34
 1217 013e 00       		.byte	0
 1218 013f 03       		.uleb128 0x3
 1219 0140 0E       		.uleb128 0xe
 1220 0141 3A       		.uleb128 0x3a
 1221 0142 0B       		.uleb128 0xb
 1222 0143 3B       		.uleb128 0x3b
 1223 0144 05       		.uleb128 0x5
 1224 0145 49       		.uleb128 0x49
 1225 0146 13       		.uleb128 0x13
 1226 0147 3F       		.uleb128 0x3f
 1227 0148 19       		.uleb128 0x19
 1228 0149 3C       		.uleb128 0x3c
 1229 014a 19       		.uleb128 0x19
 1230 014b 00       		.byte	0
 1231 014c 00       		.byte	0
 1232 014d 19       		.uleb128 0x19
 1233 014e 35       		.uleb128 0x35
 1234 014f 00       		.byte	0
 1235 0150 49       		.uleb128 0x49
 1236 0151 13       		.uleb128 0x13
 1237 0152 00       		.byte	0
 1238 0153 00       		.byte	0
 1239 0154 1A       		.uleb128 0x1a
 1240 0155 2E       		.uleb128 0x2e
 1241 0156 00       		.byte	0
 1242 0157 3F       		.uleb128 0x3f
 1243 0158 19       		.uleb128 0x19
 1244 0159 3C       		.uleb128 0x3c
 1245 015a 19       		.uleb128 0x19
 1246 015b 6E       		.uleb128 0x6e
 1247 015c 0E       		.uleb128 0xe
 1248 015d 03       		.uleb128 0x3
 1249 015e 0E       		.uleb128 0xe
 1250 015f 3A       		.uleb128 0x3a
 1251 0160 0B       		.uleb128 0xb
 1252 0161 3B       		.uleb128 0x3b
 1253 0162 0B       		.uleb128 0xb
 1254 0163 00       		.byte	0
 1255 0164 00       		.byte	0
 1256 0165 00       		.byte	0
 1257              		.section	.debug_loc,"",%progbits
ARM GAS  C:\Users\Reza\AppData\Local\Temp\ccfs1qgN.s 			page 27


 1258              	.Ldebug_loc0:
 1259              	.LLST0:
 1260 0000 00000000 		.4byte	.LVL0
 1261 0004 0D000000 		.4byte	.LVL1-1
 1262 0008 0100     		.2byte	0x1
 1263 000a 50       		.byte	0x50
 1264 000b 0D000000 		.4byte	.LVL1-1
 1265 000f 22000000 		.4byte	.LVL4
 1266 0013 0400     		.2byte	0x4
 1267 0015 F3       		.byte	0xf3
 1268 0016 01       		.uleb128 0x1
 1269 0017 50       		.byte	0x50
 1270 0018 9F       		.byte	0x9f
 1271 0019 22000000 		.4byte	.LVL4
 1272 001d 26000000 		.4byte	.LVL5
 1273 0021 0100     		.2byte	0x1
 1274 0023 50       		.byte	0x50
 1275 0024 26000000 		.4byte	.LVL5
 1276 0028 34000000 		.4byte	.LFE111
 1277 002c 0400     		.2byte	0x4
 1278 002e F3       		.byte	0xf3
 1279 002f 01       		.uleb128 0x1
 1280 0030 50       		.byte	0x50
 1281 0031 9F       		.byte	0x9f
 1282 0032 00000000 		.4byte	0
 1283 0036 00000000 		.4byte	0
 1284              	.LLST1:
 1285 003a 00000000 		.4byte	.LVL0
 1286 003e 0D000000 		.4byte	.LVL1-1
 1287 0042 0100     		.2byte	0x1
 1288 0044 51       		.byte	0x51
 1289 0045 0D000000 		.4byte	.LVL1-1
 1290 0049 22000000 		.4byte	.LVL4
 1291 004d 0400     		.2byte	0x4
 1292 004f F3       		.byte	0xf3
 1293 0050 01       		.uleb128 0x1
 1294 0051 51       		.byte	0x51
 1295 0052 9F       		.byte	0x9f
 1296 0053 22000000 		.4byte	.LVL4
 1297 0057 34000000 		.4byte	.LFE111
 1298 005b 0100     		.2byte	0x1
 1299 005d 51       		.byte	0x51
 1300 005e 00000000 		.4byte	0
 1301 0062 00000000 		.4byte	0
 1302              	.LLST2:
 1303 0066 12000000 		.4byte	.LVL2
 1304 006a 1D000000 		.4byte	.LVL3-1
 1305 006e 0100     		.2byte	0x1
 1306 0070 50       		.byte	0x50
 1307 0071 1D000000 		.4byte	.LVL3-1
 1308 0075 22000000 		.4byte	.LVL4
 1309 0079 0800     		.2byte	0x8
 1310 007b 74       		.byte	0x74
 1311 007c 00       		.sleb128 0
 1312 007d 03       		.byte	0x3
 1313 007e 00000000 		.4byte	.LANCHOR0
 1314 0082 22       		.byte	0x22
ARM GAS  C:\Users\Reza\AppData\Local\Temp\ccfs1qgN.s 			page 28


 1315 0083 00000000 		.4byte	0
 1316 0087 00000000 		.4byte	0
 1317              	.LLST3:
 1318 008b 00000000 		.4byte	.LVL6
 1319 008f 06000000 		.4byte	.LVL7
 1320 0093 0100     		.2byte	0x1
 1321 0095 50       		.byte	0x50
 1322 0096 06000000 		.4byte	.LVL7
 1323 009a 10000000 		.4byte	.LFE112
 1324 009e 0400     		.2byte	0x4
 1325 00a0 F3       		.byte	0xf3
 1326 00a1 01       		.uleb128 0x1
 1327 00a2 50       		.byte	0x50
 1328 00a3 9F       		.byte	0x9f
 1329 00a4 00000000 		.4byte	0
 1330 00a8 00000000 		.4byte	0
 1331              	.LLST4:
 1332 00ac 00000000 		.4byte	.LVL8
 1333 00b0 08000000 		.4byte	.LVL9
 1334 00b4 0100     		.2byte	0x1
 1335 00b6 50       		.byte	0x50
 1336 00b7 08000000 		.4byte	.LVL9
 1337 00bb 1A000000 		.4byte	.LFE113
 1338 00bf 0400     		.2byte	0x4
 1339 00c1 F3       		.byte	0xf3
 1340 00c2 01       		.uleb128 0x1
 1341 00c3 50       		.byte	0x50
 1342 00c4 9F       		.byte	0x9f
 1343 00c5 00000000 		.4byte	0
 1344 00c9 00000000 		.4byte	0
 1345              	.LLST5:
 1346 00cd 00000000 		.4byte	.LVL12
 1347 00d1 19000000 		.4byte	.LVL15-1
 1348 00d5 0100     		.2byte	0x1
 1349 00d7 50       		.byte	0x50
 1350 00d8 19000000 		.4byte	.LVL15-1
 1351 00dc 2A000000 		.4byte	.LVL18
 1352 00e0 0400     		.2byte	0x4
 1353 00e2 F3       		.byte	0xf3
 1354 00e3 01       		.uleb128 0x1
 1355 00e4 50       		.byte	0x50
 1356 00e5 9F       		.byte	0x9f
 1357 00e6 2A000000 		.4byte	.LVL18
 1358 00ea 2E000000 		.4byte	.LVL19
 1359 00ee 0100     		.2byte	0x1
 1360 00f0 50       		.byte	0x50
 1361 00f1 2E000000 		.4byte	.LVL19
 1362 00f5 38000000 		.4byte	.LFE114
 1363 00f9 0400     		.2byte	0x4
 1364 00fb F3       		.byte	0xf3
 1365 00fc 01       		.uleb128 0x1
 1366 00fd 50       		.byte	0x50
 1367 00fe 9F       		.byte	0x9f
 1368 00ff 00000000 		.4byte	0
 1369 0103 00000000 		.4byte	0
 1370              	.LLST6:
 1371 0107 00000000 		.4byte	.LVL12
ARM GAS  C:\Users\Reza\AppData\Local\Temp\ccfs1qgN.s 			page 29


 1372 010b 19000000 		.4byte	.LVL15-1
 1373 010f 0100     		.2byte	0x1
 1374 0111 51       		.byte	0x51
 1375 0112 19000000 		.4byte	.LVL15-1
 1376 0116 2A000000 		.4byte	.LVL18
 1377 011a 0400     		.2byte	0x4
 1378 011c F3       		.byte	0xf3
 1379 011d 01       		.uleb128 0x1
 1380 011e 51       		.byte	0x51
 1381 011f 9F       		.byte	0x9f
 1382 0120 2A000000 		.4byte	.LVL18
 1383 0124 38000000 		.4byte	.LFE114
 1384 0128 0100     		.2byte	0x1
 1385 012a 51       		.byte	0x51
 1386 012b 00000000 		.4byte	0
 1387 012f 00000000 		.4byte	0
 1388              	.LLST7:
 1389 0133 08000000 		.4byte	.LVL13
 1390 0137 16000000 		.4byte	.LVL14
 1391 013b 0200     		.2byte	0x2
 1392 013d 30       		.byte	0x30
 1393 013e 9F       		.byte	0x9f
 1394 013f 16000000 		.4byte	.LVL14
 1395 0143 2A000000 		.4byte	.LVL18
 1396 0147 0100     		.2byte	0x1
 1397 0149 55       		.byte	0x55
 1398 014a 00000000 		.4byte	0
 1399 014e 00000000 		.4byte	0
 1400              	.LLST8:
 1401 0152 00000000 		.4byte	.LVL20
 1402 0156 0B000000 		.4byte	.LVL21-1
 1403 015a 0100     		.2byte	0x1
 1404 015c 50       		.byte	0x50
 1405 015d 0B000000 		.4byte	.LVL21-1
 1406 0161 1C000000 		.4byte	.LFE115
 1407 0165 0400     		.2byte	0x4
 1408 0167 F3       		.byte	0xf3
 1409 0168 01       		.uleb128 0x1
 1410 0169 50       		.byte	0x50
 1411 016a 9F       		.byte	0x9f
 1412 016b 00000000 		.4byte	0
 1413 016f 00000000 		.4byte	0
 1414              		.section	.debug_aranges,"",%progbits
 1415 0000 44000000 		.4byte	0x44
 1416 0004 0200     		.2byte	0x2
 1417 0006 00000000 		.4byte	.Ldebug_info0
 1418 000a 04       		.byte	0x4
 1419 000b 00       		.byte	0
 1420 000c 0000     		.2byte	0
 1421 000e 0000     		.2byte	0
 1422 0010 00000000 		.4byte	.LFB111
 1423 0014 34000000 		.4byte	.LFE111-.LFB111
 1424 0018 00000000 		.4byte	.LFB112
 1425 001c 10000000 		.4byte	.LFE112-.LFB112
 1426 0020 00000000 		.4byte	.LFB113
 1427 0024 1A000000 		.4byte	.LFE113-.LFB113
 1428 0028 00000000 		.4byte	.LFB114
ARM GAS  C:\Users\Reza\AppData\Local\Temp\ccfs1qgN.s 			page 30


 1429 002c 38000000 		.4byte	.LFE114-.LFB114
 1430 0030 00000000 		.4byte	.LFB115
 1431 0034 1C000000 		.4byte	.LFE115-.LFB115
 1432 0038 00000000 		.4byte	.LFB110
 1433 003c 12000000 		.4byte	.LFE110-.LFB110
 1434 0040 00000000 		.4byte	0
 1435 0044 00000000 		.4byte	0
 1436              		.section	.debug_ranges,"",%progbits
 1437              	.Ldebug_ranges0:
 1438 0000 00000000 		.4byte	.LFB111
 1439 0004 34000000 		.4byte	.LFE111
 1440 0008 00000000 		.4byte	.LFB112
 1441 000c 10000000 		.4byte	.LFE112
 1442 0010 00000000 		.4byte	.LFB113
 1443 0014 1A000000 		.4byte	.LFE113
 1444 0018 00000000 		.4byte	.LFB114
 1445 001c 38000000 		.4byte	.LFE114
 1446 0020 00000000 		.4byte	.LFB115
 1447 0024 1C000000 		.4byte	.LFE115
 1448 0028 00000000 		.4byte	.LFB110
 1449 002c 12000000 		.4byte	.LFE110
 1450 0030 00000000 		.4byte	0
 1451 0034 00000000 		.4byte	0
 1452              		.section	.debug_line,"",%progbits
 1453              	.Ldebug_line0:
 1454 0000 D6020000 		.section	.debug_str,"MS",%progbits,1
 1454      02003F02 
 1454      00000201 
 1454      FB0E0D00 
 1454      01010101 
 1455              	.LASF76:
 1456 0000 53455645 		.ascii	"SEVEN_Init\000"
 1456      4E5F496E 
 1456      697400
 1457              	.LASF59:
 1458 000b 70617474 		.ascii	"pattern\000"
 1458      65726E00 
 1459              	.LASF38:
 1460 0013 52435F45 		.ascii	"RC_ERROR_READ_ONLY\000"
 1460      52524F52 
 1460      5F524541 
 1460      445F4F4E 
 1460      4C5900
 1461              	.LASF24:
 1462 0026 52435F53 		.ascii	"RC_SUCCESS\000"
 1462      55434345 
 1462      535300
 1463              	.LASF39:
 1464 0031 52435F45 		.ascii	"RC_ERROR_WRITE_ONLY\000"
 1464      52524F52 
 1464      5F575249 
 1464      54455F4F 
 1464      4E4C5900 
 1465              	.LASF2:
 1466 0045 73686F72 		.ascii	"short int\000"
 1466      7420696E 
 1466      7400
ARM GAS  C:\Users\Reza\AppData\Local\Temp\ccfs1qgN.s 			page 31


 1467              	.LASF30:
 1468 004f 52435F45 		.ascii	"RC_ERROR_OVERRUN\000"
 1468      52524F52 
 1468      5F4F5645 
 1468      5252554E 
 1468      00
 1469              	.LASF42:
 1470 0060 52435F45 		.ascii	"RC_ERROR_WRITE_FAILS\000"
 1470      52524F52 
 1470      5F575249 
 1470      54455F46 
 1470      41494C53 
 1471              	.LASF17:
 1472 0075 73697A65 		.ascii	"sizetype\000"
 1472      74797065 
 1472      00
 1473              	.LASF50:
 1474 007e 53455645 		.ascii	"SEVEN_0\000"
 1474      4E5F3000 
 1475              	.LASF27:
 1476 0086 52435F45 		.ascii	"RC_ERROR_ZERO\000"
 1476      52524F52 
 1476      5F5A4552 
 1476      4F00
 1477              	.LASF21:
 1478 0094 45455F46 		.ascii	"EE_FREG\000"
 1478      52454700 
 1479              	.LASF40:
 1480 009c 52435F45 		.ascii	"RC_ERROR_INVALID\000"
 1480      52524F52 
 1480      5F494E56 
 1480      414C4944 
 1480      00
 1481              	.LASF19:
 1482 00ad 45455F55 		.ascii	"EE_UINT32\000"
 1482      494E5433 
 1482      3200
 1483              	.LASF22:
 1484 00b7 45455F54 		.ascii	"EE_TID\000"
 1484      494400
 1485              	.LASF54:
 1486 00be 76616C75 		.ascii	"value\000"
 1486      6500
 1487              	.LASF11:
 1488 00c4 75696E74 		.ascii	"uint8_t\000"
 1488      385F7400 
 1489              	.LASF47:
 1490 00cc 52435F45 		.ascii	"RC_ERROR_INVALID_STATE\000"
 1490      52524F52 
 1490      5F494E56 
 1490      414C4944 
 1490      5F535441 
 1491              	.LASF75:
 1492 00e3 443A5C48 		.ascii	"D:\\H_da\\Winter Semester\\MM03 Advanced Microcontr"
 1492      5F64615C 
 1492      57696E74 
 1492      65722053 
ARM GAS  C:\Users\Reza\AppData\Local\Temp\ccfs1qgN.s 			page 32


 1492      656D6573 
 1493 0113 6F6C6C65 		.ascii	"oller Systems and Embedded Operating Systems\\Lectu"
 1493      72205379 
 1493      7374656D 
 1493      7320616E 
 1493      6420456D 
 1494 0145 72652050 		.ascii	"re Prof. Fromm\\workspace\\workspace_psoc\\Reaction"
 1494      726F662E 
 1494      2046726F 
 1494      6D6D5C77 
 1494      6F726B73 
 1495 0175 47616D65 		.ascii	"Game_with erika.cydsn\000"
 1495      5F776974 
 1495      68206572 
 1495      696B612E 
 1495      63796473 
 1496              	.LASF68:
 1497 018b 45455F49 		.ascii	"EE_IRQ_nesting_level\000"
 1497      52515F6E 
 1497      65737469 
 1497      6E675F6C 
 1497      6576656C 
 1498              	.LASF67:
 1499 01a0 45455F73 		.ascii	"EE_std_endcycle_next_tid\000"
 1499      74645F65 
 1499      6E646379 
 1499      636C655F 
 1499      6E657874 
 1500              	.LASF0:
 1501 01b9 7369676E 		.ascii	"signed char\000"
 1501      65642063 
 1501      68617200 
 1502              	.LASF13:
 1503 01c5 666C6F61 		.ascii	"float\000"
 1503      7400
 1504              	.LASF55:
 1505 01cb 53455645 		.ascii	"SEVEN_Set\000"
 1505      4E5F5365 
 1505      7400
 1506              	.LASF8:
 1507 01d5 6C6F6E67 		.ascii	"long long int\000"
 1507      206C6F6E 
 1507      6720696E 
 1507      7400
 1508              	.LASF65:
 1509 01e3 45455F6F 		.ascii	"EE_oo_IRQ_suspend_status\000"
 1509      6F5F4952 
 1509      515F7375 
 1509      7370656E 
 1509      645F7374 
 1510              	.LASF57:
 1511 01fc 53455645 		.ascii	"SEVEN_SetHex\000"
 1511      4E5F5365 
 1511      74486578 
 1511      00
 1512              	.LASF43:
 1513 0209 52435F45 		.ascii	"RC_ERROR_NOT_MATCH\000"
ARM GAS  C:\Users\Reza\AppData\Local\Temp\ccfs1qgN.s 			page 33


 1513      52524F52 
 1513      5F4E4F54 
 1513      5F4D4154 
 1513      434800
 1514              	.LASF48:
 1515 021c 52435F45 		.ascii	"RC_ERROR_UNKNOWN\000"
 1515      52524F52 
 1515      5F554E4B 
 1515      4E4F574E 
 1515      00
 1516              	.LASF6:
 1517 022d 6C6F6E67 		.ascii	"long int\000"
 1517      20696E74 
 1517      00
 1518              	.LASF31:
 1519 0236 52435F45 		.ascii	"RC_ERROR_UNDERRUN\000"
 1519      52524F52 
 1519      5F554E44 
 1519      45525255 
 1519      4E00
 1520              	.LASF34:
 1521 0248 52435F45 		.ascii	"RC_ERROR_BUSY\000"
 1521      52524F52 
 1521      5F425553 
 1521      5900
 1522              	.LASF4:
 1523 0256 5F5F7569 		.ascii	"__uint8_t\000"
 1523      6E74385F 
 1523      7400
 1524              	.LASF62:
 1525 0260 53455645 		.ascii	"SEVEN__latch_value\000"
 1525      4E5F5F6C 
 1525      61746368 
 1525      5F76616C 
 1525      756500
 1526              	.LASF45:
 1527 0273 52435F45 		.ascii	"RC_ERROR_BAD_DATA\000"
 1527      52524F52 
 1527      5F424144 
 1527      5F444154 
 1527      4100
 1528              	.LASF53:
 1529 0285 73657665 		.ascii	"sevenId\000"
 1529      6E496400 
 1530              	.LASF60:
 1531 028d 53455645 		.ascii	"SEVEN_Clear\000"
 1531      4E5F436C 
 1531      65617200 
 1532              	.LASF16:
 1533 0299 6C6F6E67 		.ascii	"long double\000"
 1533      20646F75 
 1533      626C6500 
 1534              	.LASF1:
 1535 02a5 756E7369 		.ascii	"unsigned char\000"
 1535      676E6564 
 1535      20636861 
 1535      7200
ARM GAS  C:\Users\Reza\AppData\Local\Temp\ccfs1qgN.s 			page 34


 1536              	.LASF74:
 1537 02b3 736F7572 		.ascii	"source\\bsw\\seven.c\000"
 1537      63655C62 
 1537      73775C73 
 1537      6576656E 
 1537      2E6300
 1538              	.LASF51:
 1539 02c6 53455645 		.ascii	"SEVEN_1\000"
 1539      4E5F3100 
 1540              	.LASF9:
 1541 02ce 6C6F6E67 		.ascii	"long long unsigned int\000"
 1541      206C6F6E 
 1541      6720756E 
 1541      7369676E 
 1541      65642069 
 1542              	.LASF10:
 1543 02e5 756E7369 		.ascii	"unsigned int\000"
 1543      676E6564 
 1543      20696E74 
 1543      00
 1544              	.LASF36:
 1545 02f2 52435F45 		.ascii	"RC_ERROR_OPEN\000"
 1545      52524F52 
 1545      5F4F5045 
 1545      4E00
 1546              	.LASF61:
 1547 0300 53455645 		.ascii	"SEVEN__BitPattern\000"
 1547      4E5F5F42 
 1547      69745061 
 1547      74746572 
 1547      6E00
 1548              	.LASF26:
 1549 0312 52435F45 		.ascii	"RC_ERROR_NULL\000"
 1549      52524F52 
 1549      5F4E554C 
 1549      4C00
 1550              	.LASF63:
 1551 0320 53455645 		.ascii	"SEVEN__latch_pattern\000"
 1551      4E5F5F6C 
 1551      61746368 
 1551      5F706174 
 1551      7465726E 
 1552              	.LASF18:
 1553 0335 45455F49 		.ascii	"EE_INT32\000"
 1553      4E543332 
 1553      00
 1554              	.LASF3:
 1555 033e 73686F72 		.ascii	"short unsigned int\000"
 1555      7420756E 
 1555      7369676E 
 1555      65642069 
 1555      6E7400
 1556              	.LASF71:
 1557 0351 53455645 		.ascii	"SEVEN_reg_Write\000"
 1557      4E5F7265 
 1557      675F5772 
 1557      69746500 
ARM GAS  C:\Users\Reza\AppData\Local\Temp\ccfs1qgN.s 			page 35


 1558              	.LASF15:
 1559 0361 63686172 		.ascii	"char\000"
 1559      00
 1560              	.LASF58:
 1561 0366 53455645 		.ascii	"SEVEN_SetDP\000"
 1561      4E5F5365 
 1561      74445000 
 1562              	.LASF32:
 1563 0372 52435F45 		.ascii	"RC_ERROR_BUFFER_FULL\000"
 1563      52524F52 
 1563      5F425546 
 1563      4645525F 
 1563      46554C4C 
 1564              	.LASF12:
 1565 0387 696E7433 		.ascii	"int32_t\000"
 1565      325F7400 
 1566              	.LASF56:
 1567 038f 53455645 		.ascii	"SEVEN_Get\000"
 1567      4E5F4765 
 1567      7400
 1568              	.LASF41:
 1569 0399 52435F45 		.ascii	"RC_ERROR_READ_FAILS\000"
 1569      52524F52 
 1569      5F524541 
 1569      445F4641 
 1569      494C5300 
 1570              	.LASF44:
 1571 03ad 52435F45 		.ascii	"RC_ERROR_BAD_PARAM\000"
 1571      52524F52 
 1571      5F424144 
 1571      5F504152 
 1571      414D00
 1572              	.LASF66:
 1573 03c0 45455F41 		.ascii	"EE_ApplicationMode\000"
 1573      70706C69 
 1573      63617469 
 1573      6F6E4D6F 
 1573      646500
 1574              	.LASF7:
 1575 03d3 6C6F6E67 		.ascii	"long unsigned int\000"
 1575      20756E73 
 1575      69676E65 
 1575      6420696E 
 1575      7400
 1576              	.LASF14:
 1577 03e5 646F7562 		.ascii	"double\000"
 1577      6C6500
 1578              	.LASF52:
 1579 03ec 53455645 		.ascii	"SEVEN_id_t\000"
 1579      4E5F6964 
 1579      5F7400
 1580              	.LASF37:
 1581 03f7 52435F45 		.ascii	"RC_ERROR_CHECKSUM\000"
 1581      52524F52 
 1581      5F434845 
 1581      434B5355 
 1581      4D00
ARM GAS  C:\Users\Reza\AppData\Local\Temp\ccfs1qgN.s 			page 36


 1582              	.LASF20:
 1583 0409 45455F55 		.ascii	"EE_UREG\000"
 1583      52454700 
 1584              	.LASF29:
 1585 0411 52435F45 		.ascii	"RC_ERROR_RANGE\000"
 1585      52524F52 
 1585      5F52414E 
 1585      474500
 1586              	.LASF5:
 1587 0420 5F5F696E 		.ascii	"__int32_t\000"
 1587      7433325F 
 1587      7400
 1588              	.LASF72:
 1589 042a 53455645 		.ascii	"SEVEN_DP_Write\000"
 1589      4E5F4450 
 1589      5F577269 
 1589      746500
 1590              	.LASF46:
 1591 0439 52435F45 		.ascii	"RC_ERROR_CANCELED\000"
 1591      52524F52 
 1591      5F43414E 
 1591      43454C45 
 1591      4400
 1592              	.LASF70:
 1593 044b 53455645 		.ascii	"SEVEN_SELECT_Write\000"
 1593      4E5F5345 
 1593      4C454354 
 1593      5F577269 
 1593      746500
 1594              	.LASF69:
 1595 045e 49544D5F 		.ascii	"ITM_RxBuffer\000"
 1595      52784275 
 1595      66666572 
 1595      00
 1596              	.LASF25:
 1597 046b 52435F45 		.ascii	"RC_ERROR\000"
 1597      52524F52 
 1597      00
 1598              	.LASF28:
 1599 0474 52435F45 		.ascii	"RC_ERROR_MEMORY\000"
 1599      52524F52 
 1599      5F4D454D 
 1599      4F525900 
 1600              	.LASF64:
 1601 0484 45455F6F 		.ascii	"EE_oo_IRQ_disable_count\000"
 1601      6F5F4952 
 1601      515F6469 
 1601      7361626C 
 1601      655F636F 
 1602              	.LASF73:
 1603 049c 474E5520 		.ascii	"GNU C11 5.4.1 20160609 (release) [ARM/embedded-5-br"
 1603      43313120 
 1603      352E342E 
 1603      31203230 
 1603      31363036 
 1604 04cf 616E6368 		.ascii	"anch revision 237715] -mcpu=cortex-m3 -mthumb -g -O"
 1604      20726576 
ARM GAS  C:\Users\Reza\AppData\Local\Temp\ccfs1qgN.s 			page 37


 1604      6973696F 
 1604      6E203233 
 1604      37373135 
 1605 0502 73202D66 		.ascii	"s -ffunction-sections -ffat-lto-objects\000"
 1605      66756E63 
 1605      74696F6E 
 1605      2D736563 
 1605      74696F6E 
 1606              	.LASF33:
 1607 052a 52435F45 		.ascii	"RC_ERROR_BUFFER_EMTPY\000"
 1607      52524F52 
 1607      5F425546 
 1607      4645525F 
 1607      454D5450 
 1608              	.LASF49:
 1609 0540 52435F74 		.ascii	"RC_t\000"
 1609      00
 1610              	.LASF23:
 1611 0545 73696E74 		.ascii	"sint8_t\000"
 1611      385F7400 
 1612              	.LASF35:
 1613 054d 52435F45 		.ascii	"RC_ERROR_TIME_OUT\000"
 1613      52524F52 
 1613      5F54494D 
 1613      455F4F55 
 1613      5400
 1614              		.ident	"GCC: (GNU Tools for ARM Embedded Processors) 5.4.1 20160609 (release) [ARM/embedded-5-bran
