ARM GAS  C:\Users\Reza\AppData\Local\Temp\ccfUtRc7.s 			page 1


   1              		.syntax unified
   2              		.cpu cortex-m3
   3              		.fpu softvfp
   4              		.eabi_attribute 20, 1
   5              		.eabi_attribute 21, 1
   6              		.eabi_attribute 23, 3
   7              		.eabi_attribute 24, 1
   8              		.eabi_attribute 25, 1
   9              		.eabi_attribute 26, 1
  10              		.eabi_attribute 30, 4
  11              		.eabi_attribute 34, 1
  12              		.eabi_attribute 18, 4
  13              		.thumb
  14              		.syntax unified
  15              		.file	"uart.c"
  16              		.text
  17              	.Ltext0:
  18              		.cfi_sections	.debug_frame
  19              		.section	.text.UART_ShowRandButton,"ax",%progbits
  20              		.align	1
  21              		.global	UART_ShowRandButton
  22              		.thumb
  23              		.thumb_func
  24              		.type	UART_ShowRandButton, %function
  25              	UART_ShowRandButton:
  26              	.LFB110:
  27              		.file 1 "source\\bsw\\uart.c"
   1:source\bsw/uart.c **** /**
   2:source\bsw/uart.c **** * \file <filename>
   3:source\bsw/uart.c **** * \author <author-name>
   4:source\bsw/uart.c **** * \date <date>
   5:source\bsw/uart.c **** *
   6:source\bsw/uart.c **** * \brief <Symbolic File name>
   7:source\bsw/uart.c **** *
   8:source\bsw/uart.c **** * \copyright Copyright ©2016
   9:source\bsw/uart.c **** * Department of electrical engineering and information technology, Hochschule Darmstadt - Universit
  10:source\bsw/uart.c **** * Permission to use, copy, modify, and distribute this software and its documentation for education
  11:source\bsw/uart.c **** * (unless permitted by h_da) and official h_da projects, is hereby granted for enrolled students of
  12:source\bsw/uart.c **** * this paragraph and the following paragraph appear in all copies, modifications, and distributions
  13:source\bsw/uart.c **** * Contact Prof.Dr.-Ing. Peter Fromm, peter.fromm@h-da.de, Birkenweg 8 64295 Darmstadt - GERMANY for
  14:source\bsw/uart.c **** *
  15:source\bsw/uart.c **** * \warning This software is a PROTOTYPE version and is not designed or intended for use in producti
  16:source\bsw/uart.c **** * The user represents and warrants that it will NOT use or redistribute the Software for such purpo
  17:source\bsw/uart.c **** * This prototype is for research purposes only. This software is provided "AS IS," without a warran
  18:source\bsw/uart.c **** */
  19:source\bsw/uart.c **** 
  20:source\bsw/uart.c **** /*****************************************************************************/
  21:source\bsw/uart.c **** /* Include files                                                             */
  22:source\bsw/uart.c **** /*****************************************************************************/
  23:source\bsw/uart.c **** 
  24:source\bsw/uart.c **** #include "project.h"
  25:source\bsw/uart.c **** #include "uart.h"
  26:source\bsw/uart.c **** #include <stdlib.h> 
  27:source\bsw/uart.c **** 
  28:source\bsw/uart.c **** 
  29:source\bsw/uart.c **** /*****************************************************************************/
  30:source\bsw/uart.c **** /* Local pre-processor symbols/macros ('#define')                            */
ARM GAS  C:\Users\Reza\AppData\Local\Temp\ccfUtRc7.s 			page 2


  31:source\bsw/uart.c **** /*****************************************************************************/
  32:source\bsw/uart.c **** 
  33:source\bsw/uart.c **** /*****************************************************************************/
  34:source\bsw/uart.c **** /* Global variable definitions (declared in header file with 'extern')       */
  35:source\bsw/uart.c **** /*****************************************************************************/
  36:source\bsw/uart.c **** 
  37:source\bsw/uart.c **** /*****************************************************************************/
  38:source\bsw/uart.c **** /* Local type definitions ('typedef')                                        */
  39:source\bsw/uart.c **** /*****************************************************************************/
  40:source\bsw/uart.c **** 
  41:source\bsw/uart.c **** 
  42:source\bsw/uart.c **** 
  43:source\bsw/uart.c **** /*****************************************************************************/
  44:source\bsw/uart.c **** /* Local variable definitions ('static')                                     */
  45:source\bsw/uart.c **** /*****************************************************************************/
  46:source\bsw/uart.c **** 
  47:source\bsw/uart.c **** 
  48:source\bsw/uart.c **** /*****************************************************************************/
  49:source\bsw/uart.c **** /* Local function prototypes ('static')                                      */
  50:source\bsw/uart.c **** /*****************************************************************************/
  51:source\bsw/uart.c **** 
  52:source\bsw/uart.c **** /**
  53:source\bsw/uart.c ****  * Inverts the parameter
  54:source\bsw/uart.c ****  * @param LED_ONOFF_t ledOnOff - Value to be inverted
  55:source\bsw/uart.c ****  * @return inverted parameter
  56:source\bsw/uart.c ****  */
  57:source\bsw/uart.c **** 
  58:source\bsw/uart.c **** 
  59:source\bsw/uart.c **** /*****************************************************************************/
  60:source\bsw/uart.c **** /* Function implementation - global ('extern') and local ('static')          */
  61:source\bsw/uart.c **** /*****************************************************************************/
  62:source\bsw/uart.c **** 
  63:source\bsw/uart.c **** /**
  64:source\bsw/uart.c ****  * Initialises the LED's and turns them off
  65:source\bsw/uart.c ****  * @return RC_SUCCESS if function was executed as exepected, other error code in case of error
  66:source\bsw/uart.c ****  */
  67:source\bsw/uart.c **** 
  68:source\bsw/uart.c **** RC_t UART_ShowRandButton(BUTTON_id_t buttonid)
  69:source\bsw/uart.c **** {
  28              		.loc 1 69 0
  29              		.cfi_startproc
  30              		@ args = 0, pretend = 0, frame = 8
  31              		@ frame_needed = 0, uses_anonymous_args = 0
  32              	.LVL0:
  33 0000 13B5     		push	{r0, r1, r4, lr}
  34              		.cfi_def_cfa_offset 16
  35              		.cfi_offset 4, -8
  36              		.cfi_offset 14, -4
  70:source\bsw/uart.c ****         uint8 button=buttonid;
  71:source\bsw/uart.c ****         char arr[2] ="" ;
  37              		.loc 1 71 0
  38 0002 0023     		movs	r3, #0
  39 0004 02AC     		add	r4, sp, #8
  40 0006 24F8043D 		strh	r3, [r4, #-4]!	@ movhi
  72:source\bsw/uart.c ****         itoa(button,arr,10);
  41              		.loc 1 72 0
  42 000a 0A22     		movs	r2, #10
ARM GAS  C:\Users\Reza\AppData\Local\Temp\ccfUtRc7.s 			page 3


  43 000c 2146     		mov	r1, r4
  44 000e FFF7FEFF 		bl	itoa
  45              	.LVL1:
  73:source\bsw/uart.c ****         UART_LOG_Start();
  46              		.loc 1 73 0
  47 0012 FFF7FEFF 		bl	UART_LOG_Start
  48              	.LVL2:
  74:source\bsw/uart.c ****         UART_LOG_PutStringConst(" Please press button ");
  49              		.loc 1 74 0
  50 0016 0548     		ldr	r0, .L2
  51 0018 FFF7FEFF 		bl	UART_LOG_PutString
  52              	.LVL3:
  75:source\bsw/uart.c ****         UART_LOG_PutString(arr);
  53              		.loc 1 75 0
  54 001c 2046     		mov	r0, r4
  55 001e FFF7FEFF 		bl	UART_LOG_PutString
  56              	.LVL4:
  76:source\bsw/uart.c ****         UART_LOG_PutStringConst("\n");
  57              		.loc 1 76 0
  58 0022 0348     		ldr	r0, .L2+4
  59 0024 FFF7FEFF 		bl	UART_LOG_PutString
  60              	.LVL5:
  77:source\bsw/uart.c **** }
  61              		.loc 1 77 0
  62 0028 02B0     		add	sp, sp, #8
  63              		.cfi_def_cfa_offset 8
  64              		@ sp needed
  65 002a 10BD     		pop	{r4, pc}
  66              	.L3:
  67              		.align	2
  68              	.L2:
  69 002c 00000000 		.word	.LC0
  70 0030 16000000 		.word	.LC1
  71              		.cfi_endproc
  72              	.LFE110:
  73              		.size	UART_ShowRandButton, .-UART_ShowRandButton
  74              		.section	.text.UART_ShowPrompMsg,"ax",%progbits
  75              		.align	1
  76              		.global	UART_ShowPrompMsg
  77              		.thumb
  78              		.thumb_func
  79              		.type	UART_ShowPrompMsg, %function
  80              	UART_ShowPrompMsg:
  81              	.LFB111:
  78:source\bsw/uart.c **** 
  79:source\bsw/uart.c **** RC_t UART_ShowPrompMsg()
  80:source\bsw/uart.c **** {
  82              		.loc 1 80 0
  83              		.cfi_startproc
  84              		@ args = 0, pretend = 0, frame = 0
  85              		@ frame_needed = 0, uses_anonymous_args = 0
  86 0000 08B5     		push	{r3, lr}
  87              		.cfi_def_cfa_offset 8
  88              		.cfi_offset 3, -8
  89              		.cfi_offset 14, -4
  81:source\bsw/uart.c ****    UART_LOG_PutStringConst(" Wellcome to Reaction Game. \n"); 
  90              		.loc 1 81 0
ARM GAS  C:\Users\Reza\AppData\Local\Temp\ccfUtRc7.s 			page 4


  91 0002 0248     		ldr	r0, .L5
  92 0004 FFF7FEFF 		bl	UART_LOG_PutString
  93              	.LVL6:
  82:source\bsw/uart.c **** }
  94              		.loc 1 82 0
  95 0008 08BD     		pop	{r3, pc}
  96              	.L6:
  97 000a 00BF     		.align	2
  98              	.L5:
  99 000c 18000000 		.word	.LC2
 100              		.cfi_endproc
 101              	.LFE111:
 102              		.size	UART_ShowPrompMsg, .-UART_ShowPrompMsg
 103              		.section	.text.UART_ShowInitiMsg,"ax",%progbits
 104              		.align	1
 105              		.global	UART_ShowInitiMsg
 106              		.thumb
 107              		.thumb_func
 108              		.type	UART_ShowInitiMsg, %function
 109              	UART_ShowInitiMsg:
 110              	.LFB112:
  83:source\bsw/uart.c **** 
  84:source\bsw/uart.c **** RC_t UART_ShowInitiMsg()
  85:source\bsw/uart.c **** {
 111              		.loc 1 85 0
 112              		.cfi_startproc
 113              		@ args = 0, pretend = 0, frame = 0
 114              		@ frame_needed = 0, uses_anonymous_args = 0
 115 0000 08B5     		push	{r3, lr}
 116              		.cfi_def_cfa_offset 8
 117              		.cfi_offset 3, -8
 118              		.cfi_offset 14, -4
  86:source\bsw/uart.c ****     UART_LOG_PutStringConst(" Please start button 1 or 2 to start the game. \n");
 119              		.loc 1 86 0
 120 0002 0248     		ldr	r0, .L8
 121 0004 FFF7FEFF 		bl	UART_LOG_PutString
 122              	.LVL7:
  87:source\bsw/uart.c **** }
 123              		.loc 1 87 0
 124 0008 08BD     		pop	{r3, pc}
 125              	.L9:
 126 000a 00BF     		.align	2
 127              	.L8:
 128 000c 36000000 		.word	.LC3
 129              		.cfi_endproc
 130              	.LFE112:
 131              		.size	UART_ShowInitiMsg, .-UART_ShowInitiMsg
 132              		.section	.text.UART_ShowScore,"ax",%progbits
 133              		.align	1
 134              		.global	UART_ShowScore
 135              		.thumb
 136              		.thumb_func
 137              		.type	UART_ShowScore, %function
 138              	UART_ShowScore:
 139              	.LFB113:
  88:source\bsw/uart.c **** 
  89:source\bsw/uart.c **** RC_t UART_ShowScore(uint8 score)
ARM GAS  C:\Users\Reza\AppData\Local\Temp\ccfUtRc7.s 			page 5


  90:source\bsw/uart.c **** {
 140              		.loc 1 90 0
 141              		.cfi_startproc
 142              		@ args = 0, pretend = 0, frame = 8
 143              		@ frame_needed = 0, uses_anonymous_args = 0
 144              	.LVL8:
 145 0000 07B5     		push	{r0, r1, r2, lr}
 146              		.cfi_def_cfa_offset 16
 147              		.cfi_offset 14, -4
  91:source\bsw/uart.c ****         uint8 realscore=score;
  92:source\bsw/uart.c ****         char arr[3] ="" ;
 148              		.loc 1 92 0
 149 0002 0C4B     		ldr	r3, .L11
  93:source\bsw/uart.c ****         itoa(realscore,arr,10);
 150              		.loc 1 93 0
 151 0004 0A22     		movs	r2, #10
  92:source\bsw/uart.c ****         itoa(realscore,arr,10);
 152              		.loc 1 92 0
 153 0006 1B78     		ldrb	r3, [r3]	@ zero_extendqisi2
 154              		.loc 1 93 0
 155 0008 01A9     		add	r1, sp, #4
  92:source\bsw/uart.c ****         itoa(realscore,arr,10);
 156              		.loc 1 92 0
 157 000a 8DF80430 		strb	r3, [sp, #4]
 158 000e 0023     		movs	r3, #0
 159 0010 ADF80530 		strh	r3, [sp, #5]	@ unaligned
 160              		.loc 1 93 0
 161 0014 FFF7FEFF 		bl	itoa
 162              	.LVL9:
  94:source\bsw/uart.c ****         UART_LOG_Start();
 163              		.loc 1 94 0
 164 0018 FFF7FEFF 		bl	UART_LOG_Start
 165              	.LVL10:
  95:source\bsw/uart.c ****         UART_LOG_PutStringConst(" Your score is: ");
 166              		.loc 1 95 0
 167 001c 0648     		ldr	r0, .L11+4
 168 001e FFF7FEFF 		bl	UART_LOG_PutString
 169              	.LVL11:
  96:source\bsw/uart.c ****         UART_LOG_PutString(arr);
 170              		.loc 1 96 0
 171 0022 01A8     		add	r0, sp, #4
 172 0024 FFF7FEFF 		bl	UART_LOG_PutString
 173              	.LVL12:
  97:source\bsw/uart.c ****         UART_LOG_PutStringConst("\n");
 174              		.loc 1 97 0
 175 0028 0448     		ldr	r0, .L11+8
 176 002a FFF7FEFF 		bl	UART_LOG_PutString
 177              	.LVL13:
  98:source\bsw/uart.c **** }
 178              		.loc 1 98 0
 179 002e 03B0     		add	sp, sp, #12
 180              		.cfi_def_cfa_offset 4
 181              		@ sp needed
 182 0030 5DF804FB 		ldr	pc, [sp], #4
 183              	.L12:
 184              		.align	2
 185              	.L11:
ARM GAS  C:\Users\Reza\AppData\Local\Temp\ccfUtRc7.s 			page 6


 186 0034 00000000 		.word	.LANCHOR0
 187 0038 67000000 		.word	.LC5
 188 003c 16000000 		.word	.LC1
 189              		.cfi_endproc
 190              	.LFE113:
 191              		.size	UART_ShowScore, .-UART_ShowScore
 192              		.section	.text.UART_ShowAvgTime,"ax",%progbits
 193              		.align	1
 194              		.global	UART_ShowAvgTime
 195              		.thumb
 196              		.thumb_func
 197              		.type	UART_ShowAvgTime, %function
 198              	UART_ShowAvgTime:
 199              	.LFB114:
  99:source\bsw/uart.c **** 
 100:source\bsw/uart.c **** RC_t UART_ShowAvgTime(uint8 avgtime)
 101:source\bsw/uart.c **** {
 200              		.loc 1 101 0
 201              		.cfi_startproc
 202              		@ args = 0, pretend = 0, frame = 24
 203              		@ frame_needed = 0, uses_anonymous_args = 0
 204              	.LVL14:
 205 0000 10B5     		push	{r4, lr}
 206              		.cfi_def_cfa_offset 8
 207              		.cfi_offset 4, -8
 208              		.cfi_offset 14, -4
 209 0002 0446     		mov	r4, r0
 210              	.LVL15:
 211 0004 86B0     		sub	sp, sp, #24
 212              		.cfi_def_cfa_offset 32
 102:source\bsw/uart.c ****         uint8 time=avgtime;
 103:source\bsw/uart.c ****         char arr[20] ="" ;
 213              		.loc 1 103 0
 214 0006 0021     		movs	r1, #0
 215 0008 1022     		movs	r2, #16
 216 000a 02A8     		add	r0, sp, #8
 217              	.LVL16:
 218 000c 0191     		str	r1, [sp, #4]
 219 000e FFF7FEFF 		bl	memset
 220              	.LVL17:
 104:source\bsw/uart.c ****         itoa(time,arr,10);
 221              		.loc 1 104 0
 222 0012 0A22     		movs	r2, #10
 223 0014 01A9     		add	r1, sp, #4
 224 0016 2046     		mov	r0, r4
 225 0018 FFF7FEFF 		bl	itoa
 226              	.LVL18:
 105:source\bsw/uart.c ****         UART_LOG_Start();
 227              		.loc 1 105 0
 228 001c FFF7FEFF 		bl	UART_LOG_Start
 229              	.LVL19:
 106:source\bsw/uart.c ****         UART_LOG_PutStringConst(" Your average time is: ");
 230              		.loc 1 106 0
 231 0020 0648     		ldr	r0, .L14
 232 0022 FFF7FEFF 		bl	UART_LOG_PutString
 233              	.LVL20:
 107:source\bsw/uart.c ****         UART_LOG_PutString(arr);
ARM GAS  C:\Users\Reza\AppData\Local\Temp\ccfUtRc7.s 			page 7


 234              		.loc 1 107 0
 235 0026 01A8     		add	r0, sp, #4
 236 0028 FFF7FEFF 		bl	UART_LOG_PutString
 237              	.LVL21:
 108:source\bsw/uart.c ****         UART_LOG_PutStringConst(" ms");
 238              		.loc 1 108 0
 239 002c 0448     		ldr	r0, .L14+4
 240 002e FFF7FEFF 		bl	UART_LOG_PutString
 241              	.LVL22:
 109:source\bsw/uart.c ****         UART_LOG_PutStringConst("\n"); 
 242              		.loc 1 109 0
 243 0032 0448     		ldr	r0, .L14+8
 244 0034 FFF7FEFF 		bl	UART_LOG_PutString
 245              	.LVL23:
 110:source\bsw/uart.c **** }
 246              		.loc 1 110 0
 247 0038 06B0     		add	sp, sp, #24
 248              		.cfi_def_cfa_offset 8
 249              		@ sp needed
 250 003a 10BD     		pop	{r4, pc}
 251              	.LVL24:
 252              	.L15:
 253              		.align	2
 254              	.L14:
 255 003c 78000000 		.word	.LC6
 256 0040 90000000 		.word	.LC7
 257 0044 16000000 		.word	.LC1
 258              		.cfi_endproc
 259              	.LFE114:
 260              		.size	UART_ShowAvgTime, .-UART_ShowAvgTime
 261              		.section	.rodata
 262              		.set	.LANCHOR0,. + 0
 263              	.LC4:
 264 0000 00       		.ascii	"\000"
 265 0001 0000     		.space	2
 266              		.section	.rodata.str1.1,"aMS",%progbits,1
 267              	.LC0:
 268 0000 20506C65 		.ascii	" Please press button \000"
 268      61736520 
 268      70726573 
 268      73206275 
 268      74746F6E 
 269              	.LC1:
 270 0016 0A00     		.ascii	"\012\000"
 271              	.LC2:
 272 0018 2057656C 		.ascii	" Wellcome to Reaction Game. \012\000"
 272      6C636F6D 
 272      6520746F 
 272      20526561 
 272      6374696F 
 273              	.LC3:
 274 0036 20506C65 		.ascii	" Please start button 1 or 2 to start the game. \012"
 274      61736520 
 274      73746172 
 274      74206275 
 274      74746F6E 
 275 0066 00       		.ascii	"\000"
ARM GAS  C:\Users\Reza\AppData\Local\Temp\ccfUtRc7.s 			page 8


 276              	.LC5:
 277 0067 20596F75 		.ascii	" Your score is: \000"
 277      72207363 
 277      6F726520 
 277      69733A20 
 277      00
 278              	.LC6:
 279 0078 20596F75 		.ascii	" Your average time is: \000"
 279      72206176 
 279      65726167 
 279      65207469 
 279      6D652069 
 280              	.LC7:
 281 0090 206D7300 		.ascii	" ms\000"
 282              		.text
 283              	.Letext0:
 284              		.file 2 "c:\\program files (x86)\\cypress\\psoc creator\\4.2\\psoc creator\\import\\gnu\\arm\\5.4.
 285              		.file 3 "c:\\program files (x86)\\cypress\\psoc creator\\4.2\\psoc creator\\import\\gnu\\arm\\5.4.
 286              		.file 4 "Generated_Source\\PSoC5/cytypes.h"
 287              		.file 5 "Generated_Source\\PSoC5/ErikaOS_1_common_ee_types.inc"
 288              		.file 6 "Generated_Source\\PSoC5/ErikaOS_1_cortex_mx_ee_cpu.inc"
 289              		.file 7 "source\\bsw\\global.h"
 290              		.file 8 "source\\bsw\\button.h"
 291              		.file 9 "Generated_Source\\PSoC5/ErikaOS_1_ee_oo_intfunc.inc"
 292              		.file 10 "Generated_Source\\PSoC5/ErikaOS_1_cortex_mx_ee_context.inc"
 293              		.file 11 "Generated_Source\\PSoC5/ErikaOS_1_common_ee_primitives.inc"
 294              		.file 12 "Generated_Source\\PSoC5/core_cm3.h"
 295              		.file 13 "c:\\program files (x86)\\cypress\\psoc creator\\4.2\\psoc creator\\import\\gnu\\arm\\5.4
 296              		.file 14 "Generated_Source\\PSoC5/UART_LOG.h"
 297              		.section	.debug_info,"",%progbits
 298              	.Ldebug_info0:
 299 0000 F3040000 		.4byte	0x4f3
 300 0004 0400     		.2byte	0x4
 301 0006 00000000 		.4byte	.Ldebug_abbrev0
 302 000a 04       		.byte	0x4
 303 000b 01       		.uleb128 0x1
 304 000c AF040000 		.4byte	.LASF74
 305 0010 0C       		.byte	0xc
 306 0011 BC030000 		.4byte	.LASF75
 307 0015 FF000000 		.4byte	.LASF76
 308 0019 00000000 		.4byte	.Ldebug_ranges0+0
 309 001d 00000000 		.4byte	0
 310 0021 00000000 		.4byte	.Ldebug_line0
 311 0025 02       		.uleb128 0x2
 312 0026 01       		.byte	0x1
 313 0027 06       		.byte	0x6
 314 0028 E2020000 		.4byte	.LASF0
 315 002c 02       		.uleb128 0x2
 316 002d 01       		.byte	0x1
 317 002e 08       		.byte	0x8
 318 002f D4020000 		.4byte	.LASF1
 319 0033 02       		.uleb128 0x2
 320 0034 02       		.byte	0x2
 321 0035 05       		.byte	0x5
 322 0036 6C000000 		.4byte	.LASF2
 323 003a 02       		.uleb128 0x2
 324 003b 02       		.byte	0x2
ARM GAS  C:\Users\Reza\AppData\Local\Temp\ccfUtRc7.s 			page 9


 325 003c 07       		.byte	0x7
 326 003d 8D030000 		.4byte	.LASF3
 327 0041 03       		.uleb128 0x3
 328 0042 2A040000 		.4byte	.LASF9
 329 0046 02       		.byte	0x2
 330 0047 3F       		.byte	0x3f
 331 0048 4C000000 		.4byte	0x4c
 332 004c 02       		.uleb128 0x2
 333 004d 04       		.byte	0x4
 334 004e 05       		.byte	0x5
 335 004f 35020000 		.4byte	.LASF4
 336 0053 02       		.uleb128 0x2
 337 0054 04       		.byte	0x4
 338 0055 07       		.byte	0x7
 339 0056 E1030000 		.4byte	.LASF5
 340 005a 02       		.uleb128 0x2
 341 005b 08       		.byte	0x8
 342 005c 05       		.byte	0x5
 343 005d EA010000 		.4byte	.LASF6
 344 0061 02       		.uleb128 0x2
 345 0062 08       		.byte	0x8
 346 0063 07       		.byte	0x7
 347 0064 F4020000 		.4byte	.LASF7
 348 0068 04       		.uleb128 0x4
 349 0069 04       		.byte	0x4
 350 006a 05       		.byte	0x5
 351 006b 696E7400 		.ascii	"int\000"
 352 006f 02       		.uleb128 0x2
 353 0070 04       		.byte	0x4
 354 0071 07       		.byte	0x7
 355 0072 0B030000 		.4byte	.LASF8
 356 0076 03       		.uleb128 0x3
 357 0077 85030000 		.4byte	.LASF10
 358 007b 03       		.byte	0x3
 359 007c 2C       		.byte	0x2c
 360 007d 41000000 		.4byte	0x41
 361 0081 05       		.uleb128 0x5
 362 0082 A7010000 		.4byte	.LASF11
 363 0086 04       		.byte	0x4
 364 0087 E401     		.2byte	0x1e4
 365 0089 2C000000 		.4byte	0x2c
 366 008d 02       		.uleb128 0x2
 367 008e 04       		.byte	0x4
 368 008f 04       		.byte	0x4
 369 0090 E4010000 		.4byte	.LASF12
 370 0094 02       		.uleb128 0x2
 371 0095 08       		.byte	0x8
 372 0096 04       		.byte	0x4
 373 0097 F3030000 		.4byte	.LASF13
 374 009b 02       		.uleb128 0x2
 375 009c 01       		.byte	0x1
 376 009d 08       		.byte	0x8
 377 009e 6B030000 		.4byte	.LASF14
 378 00a2 02       		.uleb128 0x2
 379 00a3 08       		.byte	0x8
 380 00a4 04       		.byte	0x4
 381 00a5 C3020000 		.4byte	.LASF15
ARM GAS  C:\Users\Reza\AppData\Local\Temp\ccfUtRc7.s 			page 10


 382 00a9 02       		.uleb128 0x2
 383 00aa 04       		.byte	0x4
 384 00ab 07       		.byte	0x7
 385 00ac A4000000 		.4byte	.LASF16
 386 00b0 03       		.uleb128 0x3
 387 00b1 C2010000 		.4byte	.LASF17
 388 00b5 05       		.byte	0x5
 389 00b6 53       		.byte	0x53
 390 00b7 68000000 		.4byte	0x68
 391 00bb 03       		.uleb128 0x3
 392 00bc D7000000 		.4byte	.LASF18
 393 00c0 05       		.byte	0x5
 394 00c1 54       		.byte	0x54
 395 00c2 6F000000 		.4byte	0x6f
 396 00c6 03       		.uleb128 0x3
 397 00c7 0C040000 		.4byte	.LASF19
 398 00cb 06       		.byte	0x6
 399 00cc 4D       		.byte	0x4d
 400 00cd BB000000 		.4byte	0xbb
 401 00d1 03       		.uleb128 0x3
 402 00d2 BB000000 		.4byte	.LASF20
 403 00d6 06       		.byte	0x6
 404 00d7 4F       		.byte	0x4f
 405 00d8 BB000000 		.4byte	0xbb
 406 00dc 03       		.uleb128 0x3
 407 00dd E1000000 		.4byte	.LASF21
 408 00e1 06       		.byte	0x6
 409 00e2 78       		.byte	0x78
 410 00e3 B0000000 		.4byte	0xb0
 411 00e7 06       		.uleb128 0x6
 412 00e8 65524300 		.ascii	"eRC\000"
 413 00ec 01       		.byte	0x1
 414 00ed 25000000 		.4byte	0x25
 415 00f1 07       		.byte	0x7
 416 00f2 AC       		.byte	0xac
 417 00f3 8E010000 		.4byte	0x18e
 418 00f7 07       		.uleb128 0x7
 419 00f8 4D000000 		.4byte	.LASF22
 420 00fc 00       		.byte	0
 421 00fd 08       		.uleb128 0x8
 422 00fe 7E040000 		.4byte	.LASF23
 423 0102 7F       		.sleb128 -1
 424 0103 08       		.uleb128 0x8
 425 0104 3A030000 		.4byte	.LASF24
 426 0108 7E       		.sleb128 -2
 427 0109 08       		.uleb128 0x8
 428 010a AD000000 		.4byte	.LASF25
 429 010e 7D       		.sleb128 -3
 430 010f 08       		.uleb128 0x8
 431 0110 87040000 		.4byte	.LASF26
 432 0114 7C       		.sleb128 -4
 433 0115 08       		.uleb128 0x8
 434 0116 D5010000 		.4byte	.LASF27
 435 011a 7B       		.sleb128 -5
 436 011b 08       		.uleb128 0x8
 437 011c 76000000 		.4byte	.LASF28
 438 0120 7A       		.sleb128 -6
ARM GAS  C:\Users\Reza\AppData\Local\Temp\ccfUtRc7.s 			page 11


 439 0121 08       		.uleb128 0x8
 440 0122 3E020000 		.4byte	.LASF29
 441 0126 79       		.sleb128 -7
 442 0127 08       		.uleb128 0x8
 443 0128 70030000 		.4byte	.LASF30
 444 012c 78       		.sleb128 -8
 445 012d 08       		.uleb128 0x8
 446 012e 48030000 		.4byte	.LASF31
 447 0132 77       		.sleb128 -9
 448 0133 08       		.uleb128 0x8
 449 0134 61020000 		.4byte	.LASF32
 450 0138 76       		.sleb128 -10
 451 0139 08       		.uleb128 0x8
 452 013a 42050000 		.4byte	.LASF33
 453 013e 75       		.sleb128 -11
 454 013f 08       		.uleb128 0x8
 455 0140 18030000 		.4byte	.LASF34
 456 0144 74       		.sleb128 -12
 457 0145 08       		.uleb128 0x8
 458 0146 FA030000 		.4byte	.LASF35
 459 014a 73       		.sleb128 -13
 460 014b 08       		.uleb128 0x8
 461 014c 3A000000 		.4byte	.LASF36
 462 0150 72       		.sleb128 -14
 463 0151 08       		.uleb128 0x8
 464 0152 58000000 		.4byte	.LASF37
 465 0156 71       		.sleb128 -15
 466 0157 08       		.uleb128 0x8
 467 0158 7B020000 		.4byte	.LASF38
 468 015c 70       		.sleb128 -16
 469 015d 08       		.uleb128 0x8
 470 015e C3000000 		.4byte	.LASF39
 471 0162 6F       		.sleb128 -17
 472 0163 08       		.uleb128 0x8
 473 0164 87000000 		.4byte	.LASF40
 474 0168 6E       		.sleb128 -18
 475 0169 08       		.uleb128 0x8
 476 016a 11020000 		.4byte	.LASF41
 477 016e 6D       		.sleb128 -19
 478 016f 08       		.uleb128 0x8
 479 0170 A9030000 		.4byte	.LASF42
 480 0174 6C       		.sleb128 -20
 481 0175 08       		.uleb128 0x8
 482 0176 9E020000 		.4byte	.LASF43
 483 017a 6B       		.sleb128 -21
 484 017b 08       		.uleb128 0x8
 485 017c 5F040000 		.4byte	.LASF44
 486 0180 6A       		.sleb128 -22
 487 0181 08       		.uleb128 0x8
 488 0182 E8000000 		.4byte	.LASF45
 489 0186 69       		.sleb128 -23
 490 0187 08       		.uleb128 0x8
 491 0188 24020000 		.4byte	.LASF46
 492 018c 68       		.sleb128 -24
 493 018d 00       		.byte	0
 494 018e 03       		.uleb128 0x3
 495 018f 3D050000 		.4byte	.LASF47
ARM GAS  C:\Users\Reza\AppData\Local\Temp\ccfUtRc7.s 			page 12


 496 0193 07       		.byte	0x7
 497 0194 C8       		.byte	0xc8
 498 0195 E7000000 		.4byte	0xe7
 499 0199 09       		.uleb128 0x9
 500 019a 63030000 		.4byte	.LASF48
 501 019e 01       		.byte	0x1
 502 019f 2C000000 		.4byte	0x2c
 503 01a3 08       		.byte	0x8
 504 01a4 59       		.byte	0x59
 505 01a5 C2010000 		.4byte	0x1c2
 506 01a9 07       		.uleb128 0x7
 507 01aa 3B040000 		.4byte	.LASF49
 508 01ae 00       		.byte	0
 509 01af 07       		.uleb128 0x7
 510 01b0 44040000 		.4byte	.LASF50
 511 01b4 01       		.byte	0x1
 512 01b5 07       		.uleb128 0x7
 513 01b6 4D040000 		.4byte	.LASF51
 514 01ba 02       		.byte	0x2
 515 01bb 07       		.uleb128 0x7
 516 01bc 56040000 		.4byte	.LASF52
 517 01c0 03       		.byte	0x3
 518 01c1 00       		.byte	0
 519 01c2 03       		.uleb128 0x3
 520 01c3 6F020000 		.4byte	.LASF53
 521 01c7 08       		.byte	0x8
 522 01c8 5F       		.byte	0x5f
 523 01c9 99010000 		.4byte	0x199
 524 01cd 0A       		.uleb128 0xa
 525 01ce 26030000 		.4byte	.LASF57
 526 01d2 01       		.byte	0x1
 527 01d3 44       		.byte	0x44
 528 01d4 8E010000 		.4byte	0x18e
 529 01d8 00000000 		.4byte	.LFB110
 530 01dc 34000000 		.4byte	.LFE110-.LFB110
 531 01e0 01       		.uleb128 0x1
 532 01e1 9C       		.byte	0x9c
 533 01e2 73020000 		.4byte	0x273
 534 01e6 0B       		.uleb128 0xb
 535 01e7 A0030000 		.4byte	.LASF59
 536 01eb 01       		.byte	0x1
 537 01ec 44       		.byte	0x44
 538 01ed C2010000 		.4byte	0x1c2
 539 01f1 00000000 		.4byte	.LLST0
 540 01f5 0C       		.uleb128 0xc
 541 01f6 14040000 		.4byte	.LASF54
 542 01fa 01       		.byte	0x1
 543 01fb 46       		.byte	0x46
 544 01fc 81000000 		.4byte	0x81
 545 0200 21000000 		.4byte	.LLST1
 546 0204 0D       		.uleb128 0xd
 547 0205 61727200 		.ascii	"arr\000"
 548 0209 01       		.byte	0x1
 549 020a 47       		.byte	0x47
 550 020b 73020000 		.4byte	0x273
 551 020f 02       		.uleb128 0x2
 552 0210 91       		.byte	0x91
ARM GAS  C:\Users\Reza\AppData\Local\Temp\ccfUtRc7.s 			page 13


 553 0211 74       		.sleb128 -12
 554 0212 0E       		.uleb128 0xe
 555 0213 12000000 		.4byte	.LVL1
 556 0217 CC040000 		.4byte	0x4cc
 557 021b 2B020000 		.4byte	0x22b
 558 021f 0F       		.uleb128 0xf
 559 0220 01       		.uleb128 0x1
 560 0221 51       		.byte	0x51
 561 0222 02       		.uleb128 0x2
 562 0223 74       		.byte	0x74
 563 0224 00       		.sleb128 0
 564 0225 0F       		.uleb128 0xf
 565 0226 01       		.uleb128 0x1
 566 0227 52       		.byte	0x52
 567 0228 01       		.uleb128 0x1
 568 0229 3A       		.byte	0x3a
 569 022a 00       		.byte	0
 570 022b 10       		.uleb128 0x10
 571 022c 16000000 		.4byte	.LVL2
 572 0230 D7040000 		.4byte	0x4d7
 573 0234 0E       		.uleb128 0xe
 574 0235 1C000000 		.4byte	.LVL3
 575 0239 E2040000 		.4byte	0x4e2
 576 023d 4B020000 		.4byte	0x24b
 577 0241 0F       		.uleb128 0xf
 578 0242 01       		.uleb128 0x1
 579 0243 50       		.byte	0x50
 580 0244 05       		.uleb128 0x5
 581 0245 03       		.byte	0x3
 582 0246 00000000 		.4byte	.LC0
 583 024a 00       		.byte	0
 584 024b 0E       		.uleb128 0xe
 585 024c 22000000 		.4byte	.LVL4
 586 0250 E2040000 		.4byte	0x4e2
 587 0254 5F020000 		.4byte	0x25f
 588 0258 0F       		.uleb128 0xf
 589 0259 01       		.uleb128 0x1
 590 025a 50       		.byte	0x50
 591 025b 02       		.uleb128 0x2
 592 025c 74       		.byte	0x74
 593 025d 00       		.sleb128 0
 594 025e 00       		.byte	0
 595 025f 11       		.uleb128 0x11
 596 0260 28000000 		.4byte	.LVL5
 597 0264 E2040000 		.4byte	0x4e2
 598 0268 0F       		.uleb128 0xf
 599 0269 01       		.uleb128 0x1
 600 026a 50       		.byte	0x50
 601 026b 05       		.uleb128 0x5
 602 026c 03       		.byte	0x3
 603 026d 16000000 		.4byte	.LC1
 604 0271 00       		.byte	0
 605 0272 00       		.byte	0
 606 0273 12       		.uleb128 0x12
 607 0274 9B000000 		.4byte	0x9b
 608 0278 83020000 		.4byte	0x283
 609 027c 13       		.uleb128 0x13
ARM GAS  C:\Users\Reza\AppData\Local\Temp\ccfUtRc7.s 			page 14


 610 027d A9000000 		.4byte	0xa9
 611 0281 01       		.byte	0x1
 612 0282 00       		.byte	0
 613 0283 14       		.uleb128 0x14
 614 0284 8C020000 		.4byte	.LASF55
 615 0288 01       		.byte	0x1
 616 0289 4F       		.byte	0x4f
 617 028a 8E010000 		.4byte	0x18e
 618 028e 00000000 		.4byte	.LFB111
 619 0292 10000000 		.4byte	.LFE111-.LFB111
 620 0296 01       		.uleb128 0x1
 621 0297 9C       		.byte	0x9c
 622 0298 B0020000 		.4byte	0x2b0
 623 029c 11       		.uleb128 0x11
 624 029d 08000000 		.4byte	.LVL6
 625 02a1 E2040000 		.4byte	0x4e2
 626 02a5 0F       		.uleb128 0xf
 627 02a6 01       		.uleb128 0x1
 628 02a7 50       		.byte	0x50
 629 02a8 05       		.uleb128 0x5
 630 02a9 03       		.byte	0x3
 631 02aa 18000000 		.4byte	.LC2
 632 02ae 00       		.byte	0
 633 02af 00       		.byte	0
 634 02b0 14       		.uleb128 0x14
 635 02b1 28000000 		.4byte	.LASF56
 636 02b5 01       		.byte	0x1
 637 02b6 54       		.byte	0x54
 638 02b7 8E010000 		.4byte	0x18e
 639 02bb 00000000 		.4byte	.LFB112
 640 02bf 10000000 		.4byte	.LFE112-.LFB112
 641 02c3 01       		.uleb128 0x1
 642 02c4 9C       		.byte	0x9c
 643 02c5 DD020000 		.4byte	0x2dd
 644 02c9 11       		.uleb128 0x11
 645 02ca 08000000 		.4byte	.LVL7
 646 02ce E2040000 		.4byte	0x4e2
 647 02d2 0F       		.uleb128 0xf
 648 02d3 01       		.uleb128 0x1
 649 02d4 50       		.byte	0x50
 650 02d5 05       		.uleb128 0x5
 651 02d6 03       		.byte	0x3
 652 02d7 36000000 		.4byte	.LC3
 653 02db 00       		.byte	0
 654 02dc 00       		.byte	0
 655 02dd 0A       		.uleb128 0xa
 656 02de 1B040000 		.4byte	.LASF58
 657 02e2 01       		.byte	0x1
 658 02e3 59       		.byte	0x59
 659 02e4 8E010000 		.4byte	0x18e
 660 02e8 00000000 		.4byte	.LFB113
 661 02ec 40000000 		.4byte	.LFE113-.LFB113
 662 02f0 01       		.uleb128 0x1
 663 02f1 9C       		.byte	0x9c
 664 02f2 83030000 		.4byte	0x383
 665 02f6 0B       		.uleb128 0xb
 666 02f7 EE020000 		.4byte	.LASF60
ARM GAS  C:\Users\Reza\AppData\Local\Temp\ccfUtRc7.s 			page 15


 667 02fb 01       		.byte	0x1
 668 02fc 59       		.byte	0x59
 669 02fd 81000000 		.4byte	0x81
 670 0301 34000000 		.4byte	.LLST2
 671 0305 0C       		.uleb128 0xc
 672 0306 CB010000 		.4byte	.LASF61
 673 030a 01       		.byte	0x1
 674 030b 5B       		.byte	0x5b
 675 030c 81000000 		.4byte	0x81
 676 0310 55000000 		.4byte	.LLST3
 677 0314 0D       		.uleb128 0xd
 678 0315 61727200 		.ascii	"arr\000"
 679 0319 01       		.byte	0x1
 680 031a 5C       		.byte	0x5c
 681 031b 83030000 		.4byte	0x383
 682 031f 02       		.uleb128 0x2
 683 0320 91       		.byte	0x91
 684 0321 74       		.sleb128 -12
 685 0322 0E       		.uleb128 0xe
 686 0323 18000000 		.4byte	.LVL9
 687 0327 CC040000 		.4byte	0x4cc
 688 032b 3B030000 		.4byte	0x33b
 689 032f 0F       		.uleb128 0xf
 690 0330 01       		.uleb128 0x1
 691 0331 51       		.byte	0x51
 692 0332 02       		.uleb128 0x2
 693 0333 91       		.byte	0x91
 694 0334 74       		.sleb128 -12
 695 0335 0F       		.uleb128 0xf
 696 0336 01       		.uleb128 0x1
 697 0337 52       		.byte	0x52
 698 0338 01       		.uleb128 0x1
 699 0339 3A       		.byte	0x3a
 700 033a 00       		.byte	0
 701 033b 10       		.uleb128 0x10
 702 033c 1C000000 		.4byte	.LVL10
 703 0340 D7040000 		.4byte	0x4d7
 704 0344 0E       		.uleb128 0xe
 705 0345 22000000 		.4byte	.LVL11
 706 0349 E2040000 		.4byte	0x4e2
 707 034d 5B030000 		.4byte	0x35b
 708 0351 0F       		.uleb128 0xf
 709 0352 01       		.uleb128 0x1
 710 0353 50       		.byte	0x50
 711 0354 05       		.uleb128 0x5
 712 0355 03       		.byte	0x3
 713 0356 67000000 		.4byte	.LC5
 714 035a 00       		.byte	0
 715 035b 0E       		.uleb128 0xe
 716 035c 28000000 		.4byte	.LVL12
 717 0360 E2040000 		.4byte	0x4e2
 718 0364 6F030000 		.4byte	0x36f
 719 0368 0F       		.uleb128 0xf
 720 0369 01       		.uleb128 0x1
 721 036a 50       		.byte	0x50
 722 036b 02       		.uleb128 0x2
 723 036c 91       		.byte	0x91
ARM GAS  C:\Users\Reza\AppData\Local\Temp\ccfUtRc7.s 			page 16


 724 036d 74       		.sleb128 -12
 725 036e 00       		.byte	0
 726 036f 11       		.uleb128 0x11
 727 0370 2E000000 		.4byte	.LVL13
 728 0374 E2040000 		.4byte	0x4e2
 729 0378 0F       		.uleb128 0xf
 730 0379 01       		.uleb128 0x1
 731 037a 50       		.byte	0x50
 732 037b 05       		.uleb128 0x5
 733 037c 03       		.byte	0x3
 734 037d 16000000 		.4byte	.LC1
 735 0381 00       		.byte	0
 736 0382 00       		.byte	0
 737 0383 12       		.uleb128 0x12
 738 0384 9B000000 		.4byte	0x9b
 739 0388 93030000 		.4byte	0x393
 740 038c 13       		.uleb128 0x13
 741 038d A9000000 		.4byte	0xa9
 742 0391 02       		.byte	0x2
 743 0392 00       		.byte	0
 744 0393 0A       		.uleb128 0xa
 745 0394 50020000 		.4byte	.LASF62
 746 0398 01       		.byte	0x1
 747 0399 64       		.byte	0x64
 748 039a 8E010000 		.4byte	0x18e
 749 039e 00000000 		.4byte	.LFB114
 750 03a2 48000000 		.4byte	.LFE114-.LFB114
 751 03a6 01       		.uleb128 0x1
 752 03a7 9C       		.byte	0x9c
 753 03a8 74040000 		.4byte	0x474
 754 03ac 0B       		.uleb128 0xb
 755 03ad 9C000000 		.4byte	.LASF63
 756 03b1 01       		.byte	0x1
 757 03b2 64       		.byte	0x64
 758 03b3 81000000 		.4byte	0x81
 759 03b7 68000000 		.4byte	.LLST4
 760 03bb 0C       		.uleb128 0xc
 761 03bc 5E030000 		.4byte	.LASF64
 762 03c0 01       		.byte	0x1
 763 03c1 66       		.byte	0x66
 764 03c2 81000000 		.4byte	0x81
 765 03c6 89000000 		.4byte	.LLST5
 766 03ca 0D       		.uleb128 0xd
 767 03cb 61727200 		.ascii	"arr\000"
 768 03cf 01       		.byte	0x1
 769 03d0 67       		.byte	0x67
 770 03d1 74040000 		.4byte	0x474
 771 03d5 02       		.uleb128 0x2
 772 03d6 91       		.byte	0x91
 773 03d7 64       		.sleb128 -28
 774 03d8 0E       		.uleb128 0xe
 775 03d9 12000000 		.4byte	.LVL17
 776 03dd ED040000 		.4byte	0x4ed
 777 03e1 F6030000 		.4byte	0x3f6
 778 03e5 0F       		.uleb128 0xf
 779 03e6 01       		.uleb128 0x1
 780 03e7 50       		.byte	0x50
ARM GAS  C:\Users\Reza\AppData\Local\Temp\ccfUtRc7.s 			page 17


 781 03e8 02       		.uleb128 0x2
 782 03e9 91       		.byte	0x91
 783 03ea 68       		.sleb128 -24
 784 03eb 0F       		.uleb128 0xf
 785 03ec 01       		.uleb128 0x1
 786 03ed 51       		.byte	0x51
 787 03ee 01       		.uleb128 0x1
 788 03ef 30       		.byte	0x30
 789 03f0 0F       		.uleb128 0xf
 790 03f1 01       		.uleb128 0x1
 791 03f2 52       		.byte	0x52
 792 03f3 01       		.uleb128 0x1
 793 03f4 40       		.byte	0x40
 794 03f5 00       		.byte	0
 795 03f6 0E       		.uleb128 0xe
 796 03f7 1C000000 		.4byte	.LVL18
 797 03fb CC040000 		.4byte	0x4cc
 798 03ff 15040000 		.4byte	0x415
 799 0403 0F       		.uleb128 0xf
 800 0404 01       		.uleb128 0x1
 801 0405 50       		.byte	0x50
 802 0406 02       		.uleb128 0x2
 803 0407 74       		.byte	0x74
 804 0408 00       		.sleb128 0
 805 0409 0F       		.uleb128 0xf
 806 040a 01       		.uleb128 0x1
 807 040b 51       		.byte	0x51
 808 040c 02       		.uleb128 0x2
 809 040d 91       		.byte	0x91
 810 040e 64       		.sleb128 -28
 811 040f 0F       		.uleb128 0xf
 812 0410 01       		.uleb128 0x1
 813 0411 52       		.byte	0x52
 814 0412 01       		.uleb128 0x1
 815 0413 3A       		.byte	0x3a
 816 0414 00       		.byte	0
 817 0415 10       		.uleb128 0x10
 818 0416 20000000 		.4byte	.LVL19
 819 041a D7040000 		.4byte	0x4d7
 820 041e 0E       		.uleb128 0xe
 821 041f 26000000 		.4byte	.LVL20
 822 0423 E2040000 		.4byte	0x4e2
 823 0427 35040000 		.4byte	0x435
 824 042b 0F       		.uleb128 0xf
 825 042c 01       		.uleb128 0x1
 826 042d 50       		.byte	0x50
 827 042e 05       		.uleb128 0x5
 828 042f 03       		.byte	0x3
 829 0430 78000000 		.4byte	.LC6
 830 0434 00       		.byte	0
 831 0435 0E       		.uleb128 0xe
 832 0436 2C000000 		.4byte	.LVL21
 833 043a E2040000 		.4byte	0x4e2
 834 043e 49040000 		.4byte	0x449
 835 0442 0F       		.uleb128 0xf
 836 0443 01       		.uleb128 0x1
 837 0444 50       		.byte	0x50
ARM GAS  C:\Users\Reza\AppData\Local\Temp\ccfUtRc7.s 			page 18


 838 0445 02       		.uleb128 0x2
 839 0446 91       		.byte	0x91
 840 0447 64       		.sleb128 -28
 841 0448 00       		.byte	0
 842 0449 0E       		.uleb128 0xe
 843 044a 32000000 		.4byte	.LVL22
 844 044e E2040000 		.4byte	0x4e2
 845 0452 60040000 		.4byte	0x460
 846 0456 0F       		.uleb128 0xf
 847 0457 01       		.uleb128 0x1
 848 0458 50       		.byte	0x50
 849 0459 05       		.uleb128 0x5
 850 045a 03       		.byte	0x3
 851 045b 90000000 		.4byte	.LC7
 852 045f 00       		.byte	0
 853 0460 11       		.uleb128 0x11
 854 0461 38000000 		.4byte	.LVL23
 855 0465 E2040000 		.4byte	0x4e2
 856 0469 0F       		.uleb128 0xf
 857 046a 01       		.uleb128 0x1
 858 046b 50       		.byte	0x50
 859 046c 05       		.uleb128 0x5
 860 046d 03       		.byte	0x3
 861 046e 16000000 		.4byte	.LC1
 862 0472 00       		.byte	0
 863 0473 00       		.byte	0
 864 0474 12       		.uleb128 0x12
 865 0475 9B000000 		.4byte	0x9b
 866 0479 84040000 		.4byte	0x484
 867 047d 13       		.uleb128 0x13
 868 047e A9000000 		.4byte	0xa9
 869 0482 13       		.byte	0x13
 870 0483 00       		.byte	0
 871 0484 15       		.uleb128 0x15
 872 0485 97040000 		.4byte	.LASF65
 873 0489 09       		.byte	0x9
 874 048a 40       		.byte	0x40
 875 048b C6000000 		.4byte	0xc6
 876 048f 15       		.uleb128 0x15
 877 0490 F8010000 		.4byte	.LASF66
 878 0494 09       		.byte	0x9
 879 0495 47       		.byte	0x47
 880 0496 D1000000 		.4byte	0xd1
 881 049a 15       		.uleb128 0x15
 882 049b CE030000 		.4byte	.LASF67
 883 049f 09       		.byte	0x9
 884 04a0 4A       		.byte	0x4a
 885 04a1 C6000000 		.4byte	0xc6
 886 04a5 15       		.uleb128 0x15
 887 04a6 00000000 		.4byte	.LASF68
 888 04aa 0A       		.byte	0xa
 889 04ab 48       		.byte	0x48
 890 04ac DC000000 		.4byte	0xdc
 891 04b0 15       		.uleb128 0x15
 892 04b1 AD010000 		.4byte	.LASF69
 893 04b5 0B       		.byte	0xb
 894 04b6 44       		.byte	0x44
ARM GAS  C:\Users\Reza\AppData\Local\Temp\ccfUtRc7.s 			page 19


 895 04b7 C6000000 		.4byte	0xc6
 896 04bb 16       		.uleb128 0x16
 897 04bc 71040000 		.4byte	.LASF70
 898 04c0 0C       		.byte	0xc
 899 04c1 1207     		.2byte	0x712
 900 04c3 C7040000 		.4byte	0x4c7
 901 04c7 17       		.uleb128 0x17
 902 04c8 76000000 		.4byte	0x76
 903 04cc 18       		.uleb128 0x18
 904 04cd CF020000 		.4byte	.LASF71
 905 04d1 CF020000 		.4byte	.LASF71
 906 04d5 0D       		.byte	0xd
 907 04d6 CB       		.byte	0xcb
 908 04d7 18       		.uleb128 0x18
 909 04d8 19000000 		.4byte	.LASF72
 910 04dc 19000000 		.4byte	.LASF72
 911 04e0 0E       		.byte	0xe
 912 04e1 54       		.byte	0x54
 913 04e2 18       		.uleb128 0x18
 914 04e3 B0020000 		.4byte	.LASF73
 915 04e7 B0020000 		.4byte	.LASF73
 916 04eb 0E       		.byte	0xe
 917 04ec 8B       		.byte	0x8b
 918 04ed 19       		.uleb128 0x19
 919 04ee 34040000 		.4byte	.LASF77
 920 04f2 34040000 		.4byte	.LASF77
 921 04f6 00       		.byte	0
 922              		.section	.debug_abbrev,"",%progbits
 923              	.Ldebug_abbrev0:
 924 0000 01       		.uleb128 0x1
 925 0001 11       		.uleb128 0x11
 926 0002 01       		.byte	0x1
 927 0003 25       		.uleb128 0x25
 928 0004 0E       		.uleb128 0xe
 929 0005 13       		.uleb128 0x13
 930 0006 0B       		.uleb128 0xb
 931 0007 03       		.uleb128 0x3
 932 0008 0E       		.uleb128 0xe
 933 0009 1B       		.uleb128 0x1b
 934 000a 0E       		.uleb128 0xe
 935 000b 55       		.uleb128 0x55
 936 000c 17       		.uleb128 0x17
 937 000d 11       		.uleb128 0x11
 938 000e 01       		.uleb128 0x1
 939 000f 10       		.uleb128 0x10
 940 0010 17       		.uleb128 0x17
 941 0011 00       		.byte	0
 942 0012 00       		.byte	0
 943 0013 02       		.uleb128 0x2
 944 0014 24       		.uleb128 0x24
 945 0015 00       		.byte	0
 946 0016 0B       		.uleb128 0xb
 947 0017 0B       		.uleb128 0xb
 948 0018 3E       		.uleb128 0x3e
 949 0019 0B       		.uleb128 0xb
 950 001a 03       		.uleb128 0x3
 951 001b 0E       		.uleb128 0xe
ARM GAS  C:\Users\Reza\AppData\Local\Temp\ccfUtRc7.s 			page 20


 952 001c 00       		.byte	0
 953 001d 00       		.byte	0
 954 001e 03       		.uleb128 0x3
 955 001f 16       		.uleb128 0x16
 956 0020 00       		.byte	0
 957 0021 03       		.uleb128 0x3
 958 0022 0E       		.uleb128 0xe
 959 0023 3A       		.uleb128 0x3a
 960 0024 0B       		.uleb128 0xb
 961 0025 3B       		.uleb128 0x3b
 962 0026 0B       		.uleb128 0xb
 963 0027 49       		.uleb128 0x49
 964 0028 13       		.uleb128 0x13
 965 0029 00       		.byte	0
 966 002a 00       		.byte	0
 967 002b 04       		.uleb128 0x4
 968 002c 24       		.uleb128 0x24
 969 002d 00       		.byte	0
 970 002e 0B       		.uleb128 0xb
 971 002f 0B       		.uleb128 0xb
 972 0030 3E       		.uleb128 0x3e
 973 0031 0B       		.uleb128 0xb
 974 0032 03       		.uleb128 0x3
 975 0033 08       		.uleb128 0x8
 976 0034 00       		.byte	0
 977 0035 00       		.byte	0
 978 0036 05       		.uleb128 0x5
 979 0037 16       		.uleb128 0x16
 980 0038 00       		.byte	0
 981 0039 03       		.uleb128 0x3
 982 003a 0E       		.uleb128 0xe
 983 003b 3A       		.uleb128 0x3a
 984 003c 0B       		.uleb128 0xb
 985 003d 3B       		.uleb128 0x3b
 986 003e 05       		.uleb128 0x5
 987 003f 49       		.uleb128 0x49
 988 0040 13       		.uleb128 0x13
 989 0041 00       		.byte	0
 990 0042 00       		.byte	0
 991 0043 06       		.uleb128 0x6
 992 0044 04       		.uleb128 0x4
 993 0045 01       		.byte	0x1
 994 0046 03       		.uleb128 0x3
 995 0047 08       		.uleb128 0x8
 996 0048 0B       		.uleb128 0xb
 997 0049 0B       		.uleb128 0xb
 998 004a 49       		.uleb128 0x49
 999 004b 13       		.uleb128 0x13
 1000 004c 3A       		.uleb128 0x3a
 1001 004d 0B       		.uleb128 0xb
 1002 004e 3B       		.uleb128 0x3b
 1003 004f 0B       		.uleb128 0xb
 1004 0050 01       		.uleb128 0x1
 1005 0051 13       		.uleb128 0x13
 1006 0052 00       		.byte	0
 1007 0053 00       		.byte	0
 1008 0054 07       		.uleb128 0x7
ARM GAS  C:\Users\Reza\AppData\Local\Temp\ccfUtRc7.s 			page 21


 1009 0055 28       		.uleb128 0x28
 1010 0056 00       		.byte	0
 1011 0057 03       		.uleb128 0x3
 1012 0058 0E       		.uleb128 0xe
 1013 0059 1C       		.uleb128 0x1c
 1014 005a 0B       		.uleb128 0xb
 1015 005b 00       		.byte	0
 1016 005c 00       		.byte	0
 1017 005d 08       		.uleb128 0x8
 1018 005e 28       		.uleb128 0x28
 1019 005f 00       		.byte	0
 1020 0060 03       		.uleb128 0x3
 1021 0061 0E       		.uleb128 0xe
 1022 0062 1C       		.uleb128 0x1c
 1023 0063 0D       		.uleb128 0xd
 1024 0064 00       		.byte	0
 1025 0065 00       		.byte	0
 1026 0066 09       		.uleb128 0x9
 1027 0067 04       		.uleb128 0x4
 1028 0068 01       		.byte	0x1
 1029 0069 03       		.uleb128 0x3
 1030 006a 0E       		.uleb128 0xe
 1031 006b 0B       		.uleb128 0xb
 1032 006c 0B       		.uleb128 0xb
 1033 006d 49       		.uleb128 0x49
 1034 006e 13       		.uleb128 0x13
 1035 006f 3A       		.uleb128 0x3a
 1036 0070 0B       		.uleb128 0xb
 1037 0071 3B       		.uleb128 0x3b
 1038 0072 0B       		.uleb128 0xb
 1039 0073 01       		.uleb128 0x1
 1040 0074 13       		.uleb128 0x13
 1041 0075 00       		.byte	0
 1042 0076 00       		.byte	0
 1043 0077 0A       		.uleb128 0xa
 1044 0078 2E       		.uleb128 0x2e
 1045 0079 01       		.byte	0x1
 1046 007a 3F       		.uleb128 0x3f
 1047 007b 19       		.uleb128 0x19
 1048 007c 03       		.uleb128 0x3
 1049 007d 0E       		.uleb128 0xe
 1050 007e 3A       		.uleb128 0x3a
 1051 007f 0B       		.uleb128 0xb
 1052 0080 3B       		.uleb128 0x3b
 1053 0081 0B       		.uleb128 0xb
 1054 0082 27       		.uleb128 0x27
 1055 0083 19       		.uleb128 0x19
 1056 0084 49       		.uleb128 0x49
 1057 0085 13       		.uleb128 0x13
 1058 0086 11       		.uleb128 0x11
 1059 0087 01       		.uleb128 0x1
 1060 0088 12       		.uleb128 0x12
 1061 0089 06       		.uleb128 0x6
 1062 008a 40       		.uleb128 0x40
 1063 008b 18       		.uleb128 0x18
 1064 008c 9742     		.uleb128 0x2117
 1065 008e 19       		.uleb128 0x19
ARM GAS  C:\Users\Reza\AppData\Local\Temp\ccfUtRc7.s 			page 22


 1066 008f 01       		.uleb128 0x1
 1067 0090 13       		.uleb128 0x13
 1068 0091 00       		.byte	0
 1069 0092 00       		.byte	0
 1070 0093 0B       		.uleb128 0xb
 1071 0094 05       		.uleb128 0x5
 1072 0095 00       		.byte	0
 1073 0096 03       		.uleb128 0x3
 1074 0097 0E       		.uleb128 0xe
 1075 0098 3A       		.uleb128 0x3a
 1076 0099 0B       		.uleb128 0xb
 1077 009a 3B       		.uleb128 0x3b
 1078 009b 0B       		.uleb128 0xb
 1079 009c 49       		.uleb128 0x49
 1080 009d 13       		.uleb128 0x13
 1081 009e 02       		.uleb128 0x2
 1082 009f 17       		.uleb128 0x17
 1083 00a0 00       		.byte	0
 1084 00a1 00       		.byte	0
 1085 00a2 0C       		.uleb128 0xc
 1086 00a3 34       		.uleb128 0x34
 1087 00a4 00       		.byte	0
 1088 00a5 03       		.uleb128 0x3
 1089 00a6 0E       		.uleb128 0xe
 1090 00a7 3A       		.uleb128 0x3a
 1091 00a8 0B       		.uleb128 0xb
 1092 00a9 3B       		.uleb128 0x3b
 1093 00aa 0B       		.uleb128 0xb
 1094 00ab 49       		.uleb128 0x49
 1095 00ac 13       		.uleb128 0x13
 1096 00ad 02       		.uleb128 0x2
 1097 00ae 17       		.uleb128 0x17
 1098 00af 00       		.byte	0
 1099 00b0 00       		.byte	0
 1100 00b1 0D       		.uleb128 0xd
 1101 00b2 34       		.uleb128 0x34
 1102 00b3 00       		.byte	0
 1103 00b4 03       		.uleb128 0x3
 1104 00b5 08       		.uleb128 0x8
 1105 00b6 3A       		.uleb128 0x3a
 1106 00b7 0B       		.uleb128 0xb
 1107 00b8 3B       		.uleb128 0x3b
 1108 00b9 0B       		.uleb128 0xb
 1109 00ba 49       		.uleb128 0x49
 1110 00bb 13       		.uleb128 0x13
 1111 00bc 02       		.uleb128 0x2
 1112 00bd 18       		.uleb128 0x18
 1113 00be 00       		.byte	0
 1114 00bf 00       		.byte	0
 1115 00c0 0E       		.uleb128 0xe
 1116 00c1 898201   		.uleb128 0x4109
 1117 00c4 01       		.byte	0x1
 1118 00c5 11       		.uleb128 0x11
 1119 00c6 01       		.uleb128 0x1
 1120 00c7 31       		.uleb128 0x31
 1121 00c8 13       		.uleb128 0x13
 1122 00c9 01       		.uleb128 0x1
ARM GAS  C:\Users\Reza\AppData\Local\Temp\ccfUtRc7.s 			page 23


 1123 00ca 13       		.uleb128 0x13
 1124 00cb 00       		.byte	0
 1125 00cc 00       		.byte	0
 1126 00cd 0F       		.uleb128 0xf
 1127 00ce 8A8201   		.uleb128 0x410a
 1128 00d1 00       		.byte	0
 1129 00d2 02       		.uleb128 0x2
 1130 00d3 18       		.uleb128 0x18
 1131 00d4 9142     		.uleb128 0x2111
 1132 00d6 18       		.uleb128 0x18
 1133 00d7 00       		.byte	0
 1134 00d8 00       		.byte	0
 1135 00d9 10       		.uleb128 0x10
 1136 00da 898201   		.uleb128 0x4109
 1137 00dd 00       		.byte	0
 1138 00de 11       		.uleb128 0x11
 1139 00df 01       		.uleb128 0x1
 1140 00e0 31       		.uleb128 0x31
 1141 00e1 13       		.uleb128 0x13
 1142 00e2 00       		.byte	0
 1143 00e3 00       		.byte	0
 1144 00e4 11       		.uleb128 0x11
 1145 00e5 898201   		.uleb128 0x4109
 1146 00e8 01       		.byte	0x1
 1147 00e9 11       		.uleb128 0x11
 1148 00ea 01       		.uleb128 0x1
 1149 00eb 31       		.uleb128 0x31
 1150 00ec 13       		.uleb128 0x13
 1151 00ed 00       		.byte	0
 1152 00ee 00       		.byte	0
 1153 00ef 12       		.uleb128 0x12
 1154 00f0 01       		.uleb128 0x1
 1155 00f1 01       		.byte	0x1
 1156 00f2 49       		.uleb128 0x49
 1157 00f3 13       		.uleb128 0x13
 1158 00f4 01       		.uleb128 0x1
 1159 00f5 13       		.uleb128 0x13
 1160 00f6 00       		.byte	0
 1161 00f7 00       		.byte	0
 1162 00f8 13       		.uleb128 0x13
 1163 00f9 21       		.uleb128 0x21
 1164 00fa 00       		.byte	0
 1165 00fb 49       		.uleb128 0x49
 1166 00fc 13       		.uleb128 0x13
 1167 00fd 2F       		.uleb128 0x2f
 1168 00fe 0B       		.uleb128 0xb
 1169 00ff 00       		.byte	0
 1170 0100 00       		.byte	0
 1171 0101 14       		.uleb128 0x14
 1172 0102 2E       		.uleb128 0x2e
 1173 0103 01       		.byte	0x1
 1174 0104 3F       		.uleb128 0x3f
 1175 0105 19       		.uleb128 0x19
 1176 0106 03       		.uleb128 0x3
 1177 0107 0E       		.uleb128 0xe
 1178 0108 3A       		.uleb128 0x3a
 1179 0109 0B       		.uleb128 0xb
ARM GAS  C:\Users\Reza\AppData\Local\Temp\ccfUtRc7.s 			page 24


 1180 010a 3B       		.uleb128 0x3b
 1181 010b 0B       		.uleb128 0xb
 1182 010c 49       		.uleb128 0x49
 1183 010d 13       		.uleb128 0x13
 1184 010e 11       		.uleb128 0x11
 1185 010f 01       		.uleb128 0x1
 1186 0110 12       		.uleb128 0x12
 1187 0111 06       		.uleb128 0x6
 1188 0112 40       		.uleb128 0x40
 1189 0113 18       		.uleb128 0x18
 1190 0114 9742     		.uleb128 0x2117
 1191 0116 19       		.uleb128 0x19
 1192 0117 01       		.uleb128 0x1
 1193 0118 13       		.uleb128 0x13
 1194 0119 00       		.byte	0
 1195 011a 00       		.byte	0
 1196 011b 15       		.uleb128 0x15
 1197 011c 34       		.uleb128 0x34
 1198 011d 00       		.byte	0
 1199 011e 03       		.uleb128 0x3
 1200 011f 0E       		.uleb128 0xe
 1201 0120 3A       		.uleb128 0x3a
 1202 0121 0B       		.uleb128 0xb
 1203 0122 3B       		.uleb128 0x3b
 1204 0123 0B       		.uleb128 0xb
 1205 0124 49       		.uleb128 0x49
 1206 0125 13       		.uleb128 0x13
 1207 0126 3F       		.uleb128 0x3f
 1208 0127 19       		.uleb128 0x19
 1209 0128 3C       		.uleb128 0x3c
 1210 0129 19       		.uleb128 0x19
 1211 012a 00       		.byte	0
 1212 012b 00       		.byte	0
 1213 012c 16       		.uleb128 0x16
 1214 012d 34       		.uleb128 0x34
 1215 012e 00       		.byte	0
 1216 012f 03       		.uleb128 0x3
 1217 0130 0E       		.uleb128 0xe
 1218 0131 3A       		.uleb128 0x3a
 1219 0132 0B       		.uleb128 0xb
 1220 0133 3B       		.uleb128 0x3b
 1221 0134 05       		.uleb128 0x5
 1222 0135 49       		.uleb128 0x49
 1223 0136 13       		.uleb128 0x13
 1224 0137 3F       		.uleb128 0x3f
 1225 0138 19       		.uleb128 0x19
 1226 0139 3C       		.uleb128 0x3c
 1227 013a 19       		.uleb128 0x19
 1228 013b 00       		.byte	0
 1229 013c 00       		.byte	0
 1230 013d 17       		.uleb128 0x17
 1231 013e 35       		.uleb128 0x35
 1232 013f 00       		.byte	0
 1233 0140 49       		.uleb128 0x49
 1234 0141 13       		.uleb128 0x13
 1235 0142 00       		.byte	0
 1236 0143 00       		.byte	0
ARM GAS  C:\Users\Reza\AppData\Local\Temp\ccfUtRc7.s 			page 25


 1237 0144 18       		.uleb128 0x18
 1238 0145 2E       		.uleb128 0x2e
 1239 0146 00       		.byte	0
 1240 0147 3F       		.uleb128 0x3f
 1241 0148 19       		.uleb128 0x19
 1242 0149 3C       		.uleb128 0x3c
 1243 014a 19       		.uleb128 0x19
 1244 014b 6E       		.uleb128 0x6e
 1245 014c 0E       		.uleb128 0xe
 1246 014d 03       		.uleb128 0x3
 1247 014e 0E       		.uleb128 0xe
 1248 014f 3A       		.uleb128 0x3a
 1249 0150 0B       		.uleb128 0xb
 1250 0151 3B       		.uleb128 0x3b
 1251 0152 0B       		.uleb128 0xb
 1252 0153 00       		.byte	0
 1253 0154 00       		.byte	0
 1254 0155 19       		.uleb128 0x19
 1255 0156 2E       		.uleb128 0x2e
 1256 0157 00       		.byte	0
 1257 0158 3F       		.uleb128 0x3f
 1258 0159 19       		.uleb128 0x19
 1259 015a 3C       		.uleb128 0x3c
 1260 015b 19       		.uleb128 0x19
 1261 015c 6E       		.uleb128 0x6e
 1262 015d 0E       		.uleb128 0xe
 1263 015e 03       		.uleb128 0x3
 1264 015f 0E       		.uleb128 0xe
 1265 0160 00       		.byte	0
 1266 0161 00       		.byte	0
 1267 0162 00       		.byte	0
 1268              		.section	.debug_loc,"",%progbits
 1269              	.Ldebug_loc0:
 1270              	.LLST0:
 1271 0000 00000000 		.4byte	.LVL0
 1272 0004 11000000 		.4byte	.LVL1-1
 1273 0008 0100     		.2byte	0x1
 1274 000a 50       		.byte	0x50
 1275 000b 11000000 		.4byte	.LVL1-1
 1276 000f 34000000 		.4byte	.LFE110
 1277 0013 0400     		.2byte	0x4
 1278 0015 F3       		.byte	0xf3
 1279 0016 01       		.uleb128 0x1
 1280 0017 50       		.byte	0x50
 1281 0018 9F       		.byte	0x9f
 1282 0019 00000000 		.4byte	0
 1283 001d 00000000 		.4byte	0
 1284              	.LLST1:
 1285 0021 00000000 		.4byte	.LVL0
 1286 0025 11000000 		.4byte	.LVL1-1
 1287 0029 0100     		.2byte	0x1
 1288 002b 50       		.byte	0x50
 1289 002c 00000000 		.4byte	0
 1290 0030 00000000 		.4byte	0
 1291              	.LLST2:
 1292 0034 00000000 		.4byte	.LVL8
 1293 0038 17000000 		.4byte	.LVL9-1
ARM GAS  C:\Users\Reza\AppData\Local\Temp\ccfUtRc7.s 			page 26


 1294 003c 0100     		.2byte	0x1
 1295 003e 50       		.byte	0x50
 1296 003f 17000000 		.4byte	.LVL9-1
 1297 0043 40000000 		.4byte	.LFE113
 1298 0047 0400     		.2byte	0x4
 1299 0049 F3       		.byte	0xf3
 1300 004a 01       		.uleb128 0x1
 1301 004b 50       		.byte	0x50
 1302 004c 9F       		.byte	0x9f
 1303 004d 00000000 		.4byte	0
 1304 0051 00000000 		.4byte	0
 1305              	.LLST3:
 1306 0055 00000000 		.4byte	.LVL8
 1307 0059 17000000 		.4byte	.LVL9-1
 1308 005d 0100     		.2byte	0x1
 1309 005f 50       		.byte	0x50
 1310 0060 00000000 		.4byte	0
 1311 0064 00000000 		.4byte	0
 1312              	.LLST4:
 1313 0068 00000000 		.4byte	.LVL14
 1314 006c 0C000000 		.4byte	.LVL16
 1315 0070 0100     		.2byte	0x1
 1316 0072 50       		.byte	0x50
 1317 0073 0C000000 		.4byte	.LVL16
 1318 0077 48000000 		.4byte	.LFE114
 1319 007b 0400     		.2byte	0x4
 1320 007d F3       		.byte	0xf3
 1321 007e 01       		.uleb128 0x1
 1322 007f 50       		.byte	0x50
 1323 0080 9F       		.byte	0x9f
 1324 0081 00000000 		.4byte	0
 1325 0085 00000000 		.4byte	0
 1326              	.LLST5:
 1327 0089 04000000 		.4byte	.LVL15
 1328 008d 3C000000 		.4byte	.LVL24
 1329 0091 0100     		.2byte	0x1
 1330 0093 54       		.byte	0x54
 1331 0094 00000000 		.4byte	0
 1332 0098 00000000 		.4byte	0
 1333              		.section	.debug_aranges,"",%progbits
 1334 0000 3C000000 		.4byte	0x3c
 1335 0004 0200     		.2byte	0x2
 1336 0006 00000000 		.4byte	.Ldebug_info0
 1337 000a 04       		.byte	0x4
 1338 000b 00       		.byte	0
 1339 000c 0000     		.2byte	0
 1340 000e 0000     		.2byte	0
 1341 0010 00000000 		.4byte	.LFB110
 1342 0014 34000000 		.4byte	.LFE110-.LFB110
 1343 0018 00000000 		.4byte	.LFB111
 1344 001c 10000000 		.4byte	.LFE111-.LFB111
 1345 0020 00000000 		.4byte	.LFB112
 1346 0024 10000000 		.4byte	.LFE112-.LFB112
 1347 0028 00000000 		.4byte	.LFB113
 1348 002c 40000000 		.4byte	.LFE113-.LFB113
 1349 0030 00000000 		.4byte	.LFB114
 1350 0034 48000000 		.4byte	.LFE114-.LFB114
ARM GAS  C:\Users\Reza\AppData\Local\Temp\ccfUtRc7.s 			page 27


 1351 0038 00000000 		.4byte	0
 1352 003c 00000000 		.4byte	0
 1353              		.section	.debug_ranges,"",%progbits
 1354              	.Ldebug_ranges0:
 1355 0000 00000000 		.4byte	.LFB110
 1356 0004 34000000 		.4byte	.LFE110
 1357 0008 00000000 		.4byte	.LFB111
 1358 000c 10000000 		.4byte	.LFE111
 1359 0010 00000000 		.4byte	.LFB112
 1360 0014 10000000 		.4byte	.LFE112
 1361 0018 00000000 		.4byte	.LFB113
 1362 001c 40000000 		.4byte	.LFE113
 1363 0020 00000000 		.4byte	.LFB114
 1364 0024 48000000 		.4byte	.LFE114
 1365 0028 00000000 		.4byte	0
 1366 002c 00000000 		.4byte	0
 1367              		.section	.debug_line,"",%progbits
 1368              	.Ldebug_line0:
 1369 0000 13030000 		.section	.debug_str,"MS",%progbits,1
 1369      02009F02 
 1369      00000201 
 1369      FB0E0D00 
 1369      01010101 
 1370              	.LASF68:
 1371 0000 45455F73 		.ascii	"EE_std_endcycle_next_tid\000"
 1371      74645F65 
 1371      6E646379 
 1371      636C655F 
 1371      6E657874 
 1372              	.LASF72:
 1373 0019 55415254 		.ascii	"UART_LOG_Start\000"
 1373      5F4C4F47 
 1373      5F537461 
 1373      727400
 1374              	.LASF56:
 1375 0028 55415254 		.ascii	"UART_ShowInitiMsg\000"
 1375      5F53686F 
 1375      77496E69 
 1375      74694D73 
 1375      6700
 1376              	.LASF36:
 1377 003a 52435F45 		.ascii	"RC_ERROR_READ_ONLY\000"
 1377      52524F52 
 1377      5F524541 
 1377      445F4F4E 
 1377      4C5900
 1378              	.LASF22:
 1379 004d 52435F53 		.ascii	"RC_SUCCESS\000"
 1379      55434345 
 1379      535300
 1380              	.LASF37:
 1381 0058 52435F45 		.ascii	"RC_ERROR_WRITE_ONLY\000"
 1381      52524F52 
 1381      5F575249 
 1381      54455F4F 
 1381      4E4C5900 
 1382              	.LASF2:
ARM GAS  C:\Users\Reza\AppData\Local\Temp\ccfUtRc7.s 			page 28


 1383 006c 73686F72 		.ascii	"short int\000"
 1383      7420696E 
 1383      7400
 1384              	.LASF28:
 1385 0076 52435F45 		.ascii	"RC_ERROR_OVERRUN\000"
 1385      52524F52 
 1385      5F4F5645 
 1385      5252554E 
 1385      00
 1386              	.LASF40:
 1387 0087 52435F45 		.ascii	"RC_ERROR_WRITE_FAILS\000"
 1387      52524F52 
 1387      5F575249 
 1387      54455F46 
 1387      41494C53 
 1388              	.LASF63:
 1389 009c 61766774 		.ascii	"avgtime\000"
 1389      696D6500 
 1390              	.LASF16:
 1391 00a4 73697A65 		.ascii	"sizetype\000"
 1391      74797065 
 1391      00
 1392              	.LASF25:
 1393 00ad 52435F45 		.ascii	"RC_ERROR_ZERO\000"
 1393      52524F52 
 1393      5F5A4552 
 1393      4F00
 1394              	.LASF20:
 1395 00bb 45455F46 		.ascii	"EE_FREG\000"
 1395      52454700 
 1396              	.LASF39:
 1397 00c3 52435F45 		.ascii	"RC_ERROR_READ_FAILS\000"
 1397      52524F52 
 1397      5F524541 
 1397      445F4641 
 1397      494C5300 
 1398              	.LASF18:
 1399 00d7 45455F55 		.ascii	"EE_UINT32\000"
 1399      494E5433 
 1399      3200
 1400              	.LASF21:
 1401 00e1 45455F54 		.ascii	"EE_TID\000"
 1401      494400
 1402              	.LASF45:
 1403 00e8 52435F45 		.ascii	"RC_ERROR_INVALID_STATE\000"
 1403      52524F52 
 1403      5F494E56 
 1403      414C4944 
 1403      5F535441 
 1404              	.LASF76:
 1405 00ff 443A5C48 		.ascii	"D:\\H_da\\Winter Semester\\MM03 Advanced Microcontr"
 1405      5F64615C 
 1405      57696E74 
 1405      65722053 
 1405      656D6573 
 1406 012f 6F6C6C65 		.ascii	"oller Systems and Embedded Operating Systems\\Lectu"
 1406      72205379 
ARM GAS  C:\Users\Reza\AppData\Local\Temp\ccfUtRc7.s 			page 29


 1406      7374656D 
 1406      7320616E 
 1406      6420456D 
 1407 0161 72652050 		.ascii	"re Prof. Fromm\\workspace\\workspace_psoc\\Reaction"
 1407      726F662E 
 1407      2046726F 
 1407      6D6D5C77 
 1407      6F726B73 
 1408 0191 47616D65 		.ascii	"Game_with erika.cydsn\000"
 1408      5F776974 
 1408      68206572 
 1408      696B612E 
 1408      63796473 
 1409              	.LASF11:
 1410 01a7 75696E74 		.ascii	"uint8\000"
 1410      3800
 1411              	.LASF69:
 1412 01ad 45455F49 		.ascii	"EE_IRQ_nesting_level\000"
 1412      52515F6E 
 1412      65737469 
 1412      6E675F6C 
 1412      6576656C 
 1413              	.LASF17:
 1414 01c2 45455F49 		.ascii	"EE_INT32\000"
 1414      4E543332 
 1414      00
 1415              	.LASF61:
 1416 01cb 7265616C 		.ascii	"realscore\000"
 1416      73636F72 
 1416      6500
 1417              	.LASF27:
 1418 01d5 52435F45 		.ascii	"RC_ERROR_RANGE\000"
 1418      52524F52 
 1418      5F52414E 
 1418      474500
 1419              	.LASF12:
 1420 01e4 666C6F61 		.ascii	"float\000"
 1420      7400
 1421              	.LASF6:
 1422 01ea 6C6F6E67 		.ascii	"long long int\000"
 1422      206C6F6E 
 1422      6720696E 
 1422      7400
 1423              	.LASF66:
 1424 01f8 45455F6F 		.ascii	"EE_oo_IRQ_suspend_status\000"
 1424      6F5F4952 
 1424      515F7375 
 1424      7370656E 
 1424      645F7374 
 1425              	.LASF41:
 1426 0211 52435F45 		.ascii	"RC_ERROR_NOT_MATCH\000"
 1426      52524F52 
 1426      5F4E4F54 
 1426      5F4D4154 
 1426      434800
 1427              	.LASF46:
 1428 0224 52435F45 		.ascii	"RC_ERROR_UNKNOWN\000"
ARM GAS  C:\Users\Reza\AppData\Local\Temp\ccfUtRc7.s 			page 30


 1428      52524F52 
 1428      5F554E4B 
 1428      4E4F574E 
 1428      00
 1429              	.LASF4:
 1430 0235 6C6F6E67 		.ascii	"long int\000"
 1430      20696E74 
 1430      00
 1431              	.LASF29:
 1432 023e 52435F45 		.ascii	"RC_ERROR_UNDERRUN\000"
 1432      52524F52 
 1432      5F554E44 
 1432      45525255 
 1432      4E00
 1433              	.LASF62:
 1434 0250 55415254 		.ascii	"UART_ShowAvgTime\000"
 1434      5F53686F 
 1434      77417667 
 1434      54696D65 
 1434      00
 1435              	.LASF32:
 1436 0261 52435F45 		.ascii	"RC_ERROR_BUSY\000"
 1436      52524F52 
 1436      5F425553 
 1436      5900
 1437              	.LASF53:
 1438 026f 42555454 		.ascii	"BUTTON_id_t\000"
 1438      4F4E5F69 
 1438      645F7400 
 1439              	.LASF38:
 1440 027b 52435F45 		.ascii	"RC_ERROR_INVALID\000"
 1440      52524F52 
 1440      5F494E56 
 1440      414C4944 
 1440      00
 1441              	.LASF55:
 1442 028c 55415254 		.ascii	"UART_ShowPrompMsg\000"
 1442      5F53686F 
 1442      7750726F 
 1442      6D704D73 
 1442      6700
 1443              	.LASF43:
 1444 029e 52435F45 		.ascii	"RC_ERROR_BAD_DATA\000"
 1444      52524F52 
 1444      5F424144 
 1444      5F444154 
 1444      4100
 1445              	.LASF73:
 1446 02b0 55415254 		.ascii	"UART_LOG_PutString\000"
 1446      5F4C4F47 
 1446      5F507574 
 1446      53747269 
 1446      6E6700
 1447              	.LASF15:
 1448 02c3 6C6F6E67 		.ascii	"long double\000"
 1448      20646F75 
 1448      626C6500 
ARM GAS  C:\Users\Reza\AppData\Local\Temp\ccfUtRc7.s 			page 31


 1449              	.LASF71:
 1450 02cf 69746F61 		.ascii	"itoa\000"
 1450      00
 1451              	.LASF1:
 1452 02d4 756E7369 		.ascii	"unsigned char\000"
 1452      676E6564 
 1452      20636861 
 1452      7200
 1453              	.LASF0:
 1454 02e2 7369676E 		.ascii	"signed char\000"
 1454      65642063 
 1454      68617200 
 1455              	.LASF60:
 1456 02ee 73636F72 		.ascii	"score\000"
 1456      6500
 1457              	.LASF7:
 1458 02f4 6C6F6E67 		.ascii	"long long unsigned int\000"
 1458      206C6F6E 
 1458      6720756E 
 1458      7369676E 
 1458      65642069 
 1459              	.LASF8:
 1460 030b 756E7369 		.ascii	"unsigned int\000"
 1460      676E6564 
 1460      20696E74 
 1460      00
 1461              	.LASF34:
 1462 0318 52435F45 		.ascii	"RC_ERROR_OPEN\000"
 1462      52524F52 
 1462      5F4F5045 
 1462      4E00
 1463              	.LASF57:
 1464 0326 55415254 		.ascii	"UART_ShowRandButton\000"
 1464      5F53686F 
 1464      7752616E 
 1464      64427574 
 1464      746F6E00 
 1465              	.LASF24:
 1466 033a 52435F45 		.ascii	"RC_ERROR_NULL\000"
 1466      52524F52 
 1466      5F4E554C 
 1466      4C00
 1467              	.LASF31:
 1468 0348 52435F45 		.ascii	"RC_ERROR_BUFFER_EMTPY\000"
 1468      52524F52 
 1468      5F425546 
 1468      4645525F 
 1468      454D5450 
 1469              	.LASF64:
 1470 035e 74696D65 		.ascii	"time\000"
 1470      00
 1471              	.LASF48:
 1472 0363 65427574 		.ascii	"eButton\000"
 1472      746F6E00 
 1473              	.LASF14:
 1474 036b 63686172 		.ascii	"char\000"
 1474      00
ARM GAS  C:\Users\Reza\AppData\Local\Temp\ccfUtRc7.s 			page 32


 1475              	.LASF30:
 1476 0370 52435F45 		.ascii	"RC_ERROR_BUFFER_FULL\000"
 1476      52524F52 
 1476      5F425546 
 1476      4645525F 
 1476      46554C4C 
 1477              	.LASF10:
 1478 0385 696E7433 		.ascii	"int32_t\000"
 1478      325F7400 
 1479              	.LASF3:
 1480 038d 73686F72 		.ascii	"short unsigned int\000"
 1480      7420756E 
 1480      7369676E 
 1480      65642069 
 1480      6E7400
 1481              	.LASF59:
 1482 03a0 62757474 		.ascii	"buttonid\000"
 1482      6F6E6964 
 1482      00
 1483              	.LASF42:
 1484 03a9 52435F45 		.ascii	"RC_ERROR_BAD_PARAM\000"
 1484      52524F52 
 1484      5F424144 
 1484      5F504152 
 1484      414D00
 1485              	.LASF75:
 1486 03bc 736F7572 		.ascii	"source\\bsw\\uart.c\000"
 1486      63655C62 
 1486      73775C75 
 1486      6172742E 
 1486      6300
 1487              	.LASF67:
 1488 03ce 45455F41 		.ascii	"EE_ApplicationMode\000"
 1488      70706C69 
 1488      63617469 
 1488      6F6E4D6F 
 1488      646500
 1489              	.LASF5:
 1490 03e1 6C6F6E67 		.ascii	"long unsigned int\000"
 1490      20756E73 
 1490      69676E65 
 1490      6420696E 
 1490      7400
 1491              	.LASF13:
 1492 03f3 646F7562 		.ascii	"double\000"
 1492      6C6500
 1493              	.LASF35:
 1494 03fa 52435F45 		.ascii	"RC_ERROR_CHECKSUM\000"
 1494      52524F52 
 1494      5F434845 
 1494      434B5355 
 1494      4D00
 1495              	.LASF19:
 1496 040c 45455F55 		.ascii	"EE_UREG\000"
 1496      52454700 
 1497              	.LASF54:
 1498 0414 62757474 		.ascii	"button\000"
ARM GAS  C:\Users\Reza\AppData\Local\Temp\ccfUtRc7.s 			page 33


 1498      6F6E00
 1499              	.LASF58:
 1500 041b 55415254 		.ascii	"UART_ShowScore\000"
 1500      5F53686F 
 1500      7753636F 
 1500      726500
 1501              	.LASF9:
 1502 042a 5F5F696E 		.ascii	"__int32_t\000"
 1502      7433325F 
 1502      7400
 1503              	.LASF77:
 1504 0434 6D656D73 		.ascii	"memset\000"
 1504      657400
 1505              	.LASF49:
 1506 043b 42555454 		.ascii	"BUTTON_1\000"
 1506      4F4E5F31 
 1506      00
 1507              	.LASF50:
 1508 0444 42555454 		.ascii	"BUTTON_2\000"
 1508      4F4E5F32 
 1508      00
 1509              	.LASF51:
 1510 044d 42555454 		.ascii	"BUTTON_3\000"
 1510      4F4E5F33 
 1510      00
 1511              	.LASF52:
 1512 0456 42555454 		.ascii	"BUTTON_4\000"
 1512      4F4E5F34 
 1512      00
 1513              	.LASF44:
 1514 045f 52435F45 		.ascii	"RC_ERROR_CANCELED\000"
 1514      52524F52 
 1514      5F43414E 
 1514      43454C45 
 1514      4400
 1515              	.LASF70:
 1516 0471 49544D5F 		.ascii	"ITM_RxBuffer\000"
 1516      52784275 
 1516      66666572 
 1516      00
 1517              	.LASF23:
 1518 047e 52435F45 		.ascii	"RC_ERROR\000"
 1518      52524F52 
 1518      00
 1519              	.LASF26:
 1520 0487 52435F45 		.ascii	"RC_ERROR_MEMORY\000"
 1520      52524F52 
 1520      5F4D454D 
 1520      4F525900 
 1521              	.LASF65:
 1522 0497 45455F6F 		.ascii	"EE_oo_IRQ_disable_count\000"
 1522      6F5F4952 
 1522      515F6469 
 1522      7361626C 
 1522      655F636F 
 1523              	.LASF74:
 1524 04af 474E5520 		.ascii	"GNU C11 5.4.1 20160609 (release) [ARM/embedded-5-br"
ARM GAS  C:\Users\Reza\AppData\Local\Temp\ccfUtRc7.s 			page 34


 1524      43313120 
 1524      352E342E 
 1524      31203230 
 1524      31363036 
 1525 04e2 616E6368 		.ascii	"anch revision 237715] -mcpu=cortex-m3 -mthumb -g -O"
 1525      20726576 
 1525      6973696F 
 1525      6E203233 
 1525      37373135 
 1526 0515 73202D66 		.ascii	"s -ffunction-sections -ffat-lto-objects\000"
 1526      66756E63 
 1526      74696F6E 
 1526      2D736563 
 1526      74696F6E 
 1527              	.LASF47:
 1528 053d 52435F74 		.ascii	"RC_t\000"
 1528      00
 1529              	.LASF33:
 1530 0542 52435F45 		.ascii	"RC_ERROR_TIME_OUT\000"
 1530      52524F52 
 1530      5F54494D 
 1530      455F4F55 
 1530      5400
 1531              		.ident	"GCC: (GNU Tools for ARM Embedded Processors) 5.4.1 20160609 (release) [ARM/embedded-5-bran
